[2024-05-09T16:24:45.000+0000] {local_task_job_runner.py:120} INFO - ::group::Pre task execution logs
[2024-05-09T16:24:45.009+0000] {taskinstance.py:2076} INFO - Dependencies all met for dep_context=non-requeueable deps ti=<TaskInstance: tutorial.print_date scheduled__2024-05-08T00:00:00+00:00 [queued]>
[2024-05-09T16:24:45.012+0000] {taskinstance.py:2076} INFO - Dependencies all met for dep_context=requeueable deps ti=<TaskInstance: tutorial.print_date scheduled__2024-05-08T00:00:00+00:00 [queued]>
[2024-05-09T16:24:45.012+0000] {taskinstance.py:2306} INFO - Starting attempt 1 of 2
[2024-05-09T16:24:45.017+0000] {taskinstance.py:2330} INFO - Executing <Task(BashOperator): print_date> on 2024-05-08 00:00:00+00:00
[2024-05-09T16:24:45.020+0000] {warnings.py:110} WARNING - /home/***/.local/lib/python3.12/site-packages/***/task/task_runner/standard_task_runner.py:61: DeprecationWarning: This process (pid=126) is multi-threaded, use of fork() may lead to deadlocks in the child.
  pid = os.fork()

[2024-05-09T16:24:45.021+0000] {standard_task_runner.py:63} INFO - Started process 128 to run task
[2024-05-09T16:24:45.022+0000] {standard_task_runner.py:90} INFO - Running: ['***', 'tasks', 'run', 'tutorial', 'print_date', 'scheduled__2024-05-08T00:00:00+00:00', '--job-id', '3', '--raw', '--subdir', '/home/***/.local/lib/python3.12/site-packages/***/example_dags/tutorial.py', '--cfg-path', '/tmp/tmpf9h1bjd4']
[2024-05-09T16:24:45.023+0000] {standard_task_runner.py:91} INFO - Job 3: Subtask print_date
[2024-05-09T16:24:45.044+0000] {task_command.py:426} INFO - Running <TaskInstance: tutorial.print_date scheduled__2024-05-08T00:00:00+00:00 [running]> on host c2cd97bf2cbf
[2024-05-09T16:24:45.077+0000] {taskinstance.py:2648} INFO - Exporting env vars: AIRFLOW_CTX_DAG_EMAIL='***@example.com' AIRFLOW_CTX_DAG_OWNER='***' AIRFLOW_CTX_DAG_ID='tutorial' AIRFLOW_CTX_TASK_ID='print_date' AIRFLOW_CTX_EXECUTION_DATE='2024-05-08T00:00:00+00:00' AIRFLOW_CTX_TRY_NUMBER='1' AIRFLOW_CTX_DAG_RUN_ID='scheduled__2024-05-08T00:00:00+00:00'
[2024-05-09T16:24:45.078+0000] {taskinstance.py:430} INFO - ::endgroup::
[2024-05-09T16:24:45.078+0000] {subprocess.py:63} INFO - Tmp dir root location: /tmp
[2024-05-09T16:24:45.079+0000] {subprocess.py:75} INFO - Running command: ['/usr/bin/bash', '-c', 'date']
[2024-05-09T16:24:45.083+0000] {subprocess.py:86} INFO - Output:
[2024-05-09T16:24:45.085+0000] {subprocess.py:93} INFO - Thu May  9 16:24:45 UTC 2024
[2024-05-09T16:24:45.085+0000] {subprocess.py:97} INFO - Command exited with return code 0
[2024-05-09T16:24:45.085+0000] {taskinstance.py:441} INFO - ::group::Post task execution logs
[2024-05-09T16:24:45.095+0000] {taskinstance.py:1206} INFO - Marking task as SUCCESS. dag_id=tutorial, task_id=print_date, run_id=scheduled__2024-05-08T00:00:00+00:00, execution_date=20240508T000000, start_date=20240509T162445, end_date=20240509T162445
[2024-05-09T16:24:45.114+0000] {local_task_job_runner.py:240} INFO - Task exited with return code 0
[2024-05-09T16:24:45.123+0000] {taskinstance.py:3498} INFO - 2 downstream tasks scheduled from follow-on schedule check
[2024-05-09T16:24:45.123+0000] {local_task_job_runner.py:222} INFO - ::endgroup::
