[2024-05-09T16:18:55.943+0000] {processor.py:161} INFO - Started process (PID=43) to work on /home/airflow/.local/lib/python3.12/site-packages/airflow/example_dags/example_sensors.py
[2024-05-09T16:18:55.944+0000] {processor.py:830} INFO - Processing file /home/airflow/.local/lib/python3.12/site-packages/airflow/example_dags/example_sensors.py for tasks to queue
[2024-05-09T16:18:55.945+0000] {logging_mixin.py:188} INFO - [2024-05-09T16:18:55.945+0000] {dagbag.py:545} INFO - Filling up the DagBag from /home/airflow/.local/lib/python3.12/site-packages/airflow/example_dags/example_sensors.py
[2024-05-09T16:18:55.951+0000] {processor.py:840} INFO - DAG(s) 'example_sensors' retrieved from /home/airflow/.local/lib/python3.12/site-packages/airflow/example_dags/example_sensors.py
[2024-05-09T16:18:56.019+0000] {logging_mixin.py:188} INFO - [2024-05-09T16:18:56.018+0000] {override.py:1829} INFO - Created Permission View: can edit on DAG:example_sensors
[2024-05-09T16:18:56.024+0000] {logging_mixin.py:188} INFO - [2024-05-09T16:18:56.023+0000] {override.py:1829} INFO - Created Permission View: can delete on DAG:example_sensors
[2024-05-09T16:18:56.027+0000] {logging_mixin.py:188} INFO - [2024-05-09T16:18:56.026+0000] {override.py:1829} INFO - Created Permission View: can read on DAG:example_sensors
[2024-05-09T16:18:56.027+0000] {logging_mixin.py:188} INFO - [2024-05-09T16:18:56.027+0000] {dag.py:3096} INFO - Sync 1 DAGs
[2024-05-09T16:18:56.034+0000] {logging_mixin.py:188} INFO - [2024-05-09T16:18:56.034+0000] {dag.py:3118} INFO - Creating ORM DAG for example_sensors
[2024-05-09T16:18:56.034+0000] {logging_mixin.py:188} INFO - [2024-05-09T16:18:56.034+0000] {dag.py:3954} INFO - Setting next_dagrun for example_sensors to None, run_after=None
[2024-05-09T16:18:56.044+0000] {processor.py:183} INFO - Processing /home/airflow/.local/lib/python3.12/site-packages/airflow/example_dags/example_sensors.py took 0.104 seconds
[2024-05-09T16:19:26.579+0000] {processor.py:161} INFO - Started process (PID=100) to work on /home/airflow/.local/lib/python3.12/site-packages/airflow/example_dags/example_sensors.py
[2024-05-09T16:19:26.579+0000] {processor.py:830} INFO - Processing file /home/airflow/.local/lib/python3.12/site-packages/airflow/example_dags/example_sensors.py for tasks to queue
[2024-05-09T16:19:26.580+0000] {logging_mixin.py:188} INFO - [2024-05-09T16:19:26.580+0000] {dagbag.py:545} INFO - Filling up the DagBag from /home/airflow/.local/lib/python3.12/site-packages/airflow/example_dags/example_sensors.py
[2024-05-09T16:19:26.584+0000] {processor.py:840} INFO - DAG(s) 'example_sensors' retrieved from /home/airflow/.local/lib/python3.12/site-packages/airflow/example_dags/example_sensors.py
[2024-05-09T16:19:26.595+0000] {logging_mixin.py:188} INFO - [2024-05-09T16:19:26.594+0000] {dag.py:3096} INFO - Sync 1 DAGs
[2024-05-09T16:19:26.599+0000] {logging_mixin.py:188} INFO - [2024-05-09T16:19:26.599+0000] {dag.py:3954} INFO - Setting next_dagrun for example_sensors to None, run_after=None
[2024-05-09T16:19:26.606+0000] {processor.py:183} INFO - Processing /home/airflow/.local/lib/python3.12/site-packages/airflow/example_dags/example_sensors.py took 0.030 seconds
[2024-05-09T16:19:57.078+0000] {processor.py:161} INFO - Started process (PID=158) to work on /home/airflow/.local/lib/python3.12/site-packages/airflow/example_dags/example_sensors.py
[2024-05-09T16:19:57.079+0000] {processor.py:830} INFO - Processing file /home/airflow/.local/lib/python3.12/site-packages/airflow/example_dags/example_sensors.py for tasks to queue
[2024-05-09T16:19:57.080+0000] {logging_mixin.py:188} INFO - [2024-05-09T16:19:57.080+0000] {dagbag.py:545} INFO - Filling up the DagBag from /home/airflow/.local/lib/python3.12/site-packages/airflow/example_dags/example_sensors.py
[2024-05-09T16:19:57.084+0000] {processor.py:840} INFO - DAG(s) 'example_sensors' retrieved from /home/airflow/.local/lib/python3.12/site-packages/airflow/example_dags/example_sensors.py
[2024-05-09T16:19:57.095+0000] {logging_mixin.py:188} INFO - [2024-05-09T16:19:57.095+0000] {dag.py:3096} INFO - Sync 1 DAGs
[2024-05-09T16:19:57.100+0000] {logging_mixin.py:188} INFO - [2024-05-09T16:19:57.100+0000] {dag.py:3954} INFO - Setting next_dagrun for example_sensors to None, run_after=None
[2024-05-09T16:19:57.107+0000] {processor.py:183} INFO - Processing /home/airflow/.local/lib/python3.12/site-packages/airflow/example_dags/example_sensors.py took 0.031 seconds
[2024-05-09T16:20:27.544+0000] {processor.py:161} INFO - Started process (PID=216) to work on /home/airflow/.local/lib/python3.12/site-packages/airflow/example_dags/example_sensors.py
[2024-05-09T16:20:27.544+0000] {processor.py:830} INFO - Processing file /home/airflow/.local/lib/python3.12/site-packages/airflow/example_dags/example_sensors.py for tasks to queue
[2024-05-09T16:20:27.545+0000] {logging_mixin.py:188} INFO - [2024-05-09T16:20:27.545+0000] {dagbag.py:545} INFO - Filling up the DagBag from /home/airflow/.local/lib/python3.12/site-packages/airflow/example_dags/example_sensors.py
[2024-05-09T16:20:27.550+0000] {processor.py:840} INFO - DAG(s) 'example_sensors' retrieved from /home/airflow/.local/lib/python3.12/site-packages/airflow/example_dags/example_sensors.py
[2024-05-09T16:20:27.560+0000] {logging_mixin.py:188} INFO - [2024-05-09T16:20:27.560+0000] {dag.py:3096} INFO - Sync 1 DAGs
[2024-05-09T16:20:27.565+0000] {logging_mixin.py:188} INFO - [2024-05-09T16:20:27.565+0000] {dag.py:3954} INFO - Setting next_dagrun for example_sensors to None, run_after=None
[2024-05-09T16:20:27.572+0000] {processor.py:183} INFO - Processing /home/airflow/.local/lib/python3.12/site-packages/airflow/example_dags/example_sensors.py took 0.031 seconds
[2024-05-09T16:20:58.035+0000] {processor.py:161} INFO - Started process (PID=274) to work on /home/airflow/.local/lib/python3.12/site-packages/airflow/example_dags/example_sensors.py
[2024-05-09T16:20:58.035+0000] {processor.py:830} INFO - Processing file /home/airflow/.local/lib/python3.12/site-packages/airflow/example_dags/example_sensors.py for tasks to queue
[2024-05-09T16:20:58.036+0000] {logging_mixin.py:188} INFO - [2024-05-09T16:20:58.036+0000] {dagbag.py:545} INFO - Filling up the DagBag from /home/airflow/.local/lib/python3.12/site-packages/airflow/example_dags/example_sensors.py
[2024-05-09T16:20:58.040+0000] {processor.py:840} INFO - DAG(s) 'example_sensors' retrieved from /home/airflow/.local/lib/python3.12/site-packages/airflow/example_dags/example_sensors.py
[2024-05-09T16:20:58.050+0000] {logging_mixin.py:188} INFO - [2024-05-09T16:20:58.050+0000] {dag.py:3096} INFO - Sync 1 DAGs
[2024-05-09T16:20:58.055+0000] {logging_mixin.py:188} INFO - [2024-05-09T16:20:58.055+0000] {dag.py:3954} INFO - Setting next_dagrun for example_sensors to None, run_after=None
[2024-05-09T16:20:58.062+0000] {processor.py:183} INFO - Processing /home/airflow/.local/lib/python3.12/site-packages/airflow/example_dags/example_sensors.py took 0.030 seconds
[2024-05-09T16:21:28.454+0000] {processor.py:161} INFO - Started process (PID=332) to work on /home/airflow/.local/lib/python3.12/site-packages/airflow/example_dags/example_sensors.py
[2024-05-09T16:21:28.454+0000] {processor.py:830} INFO - Processing file /home/airflow/.local/lib/python3.12/site-packages/airflow/example_dags/example_sensors.py for tasks to queue
[2024-05-09T16:21:28.455+0000] {logging_mixin.py:188} INFO - [2024-05-09T16:21:28.455+0000] {dagbag.py:545} INFO - Filling up the DagBag from /home/airflow/.local/lib/python3.12/site-packages/airflow/example_dags/example_sensors.py
[2024-05-09T16:21:28.460+0000] {processor.py:840} INFO - DAG(s) 'example_sensors' retrieved from /home/airflow/.local/lib/python3.12/site-packages/airflow/example_dags/example_sensors.py
[2024-05-09T16:21:28.470+0000] {logging_mixin.py:188} INFO - [2024-05-09T16:21:28.470+0000] {dag.py:3096} INFO - Sync 1 DAGs
[2024-05-09T16:21:28.475+0000] {logging_mixin.py:188} INFO - [2024-05-09T16:21:28.475+0000] {dag.py:3954} INFO - Setting next_dagrun for example_sensors to None, run_after=None
[2024-05-09T16:21:28.482+0000] {processor.py:183} INFO - Processing /home/airflow/.local/lib/python3.12/site-packages/airflow/example_dags/example_sensors.py took 0.031 seconds
[2024-05-09T16:21:58.961+0000] {processor.py:161} INFO - Started process (PID=390) to work on /home/airflow/.local/lib/python3.12/site-packages/airflow/example_dags/example_sensors.py
[2024-05-09T16:21:58.962+0000] {processor.py:830} INFO - Processing file /home/airflow/.local/lib/python3.12/site-packages/airflow/example_dags/example_sensors.py for tasks to queue
[2024-05-09T16:21:58.963+0000] {logging_mixin.py:188} INFO - [2024-05-09T16:21:58.963+0000] {dagbag.py:545} INFO - Filling up the DagBag from /home/airflow/.local/lib/python3.12/site-packages/airflow/example_dags/example_sensors.py
[2024-05-09T16:21:58.967+0000] {processor.py:840} INFO - DAG(s) 'example_sensors' retrieved from /home/airflow/.local/lib/python3.12/site-packages/airflow/example_dags/example_sensors.py
[2024-05-09T16:21:58.978+0000] {logging_mixin.py:188} INFO - [2024-05-09T16:21:58.978+0000] {dag.py:3096} INFO - Sync 1 DAGs
[2024-05-09T16:21:58.983+0000] {logging_mixin.py:188} INFO - [2024-05-09T16:21:58.983+0000] {dag.py:3954} INFO - Setting next_dagrun for example_sensors to None, run_after=None
[2024-05-09T16:21:58.991+0000] {processor.py:183} INFO - Processing /home/airflow/.local/lib/python3.12/site-packages/airflow/example_dags/example_sensors.py took 0.033 seconds
[2024-05-09T16:22:29.500+0000] {processor.py:161} INFO - Started process (PID=448) to work on /home/airflow/.local/lib/python3.12/site-packages/airflow/example_dags/example_sensors.py
[2024-05-09T16:22:29.501+0000] {processor.py:830} INFO - Processing file /home/airflow/.local/lib/python3.12/site-packages/airflow/example_dags/example_sensors.py for tasks to queue
[2024-05-09T16:22:29.502+0000] {logging_mixin.py:188} INFO - [2024-05-09T16:22:29.502+0000] {dagbag.py:545} INFO - Filling up the DagBag from /home/airflow/.local/lib/python3.12/site-packages/airflow/example_dags/example_sensors.py
[2024-05-09T16:22:29.506+0000] {processor.py:840} INFO - DAG(s) 'example_sensors' retrieved from /home/airflow/.local/lib/python3.12/site-packages/airflow/example_dags/example_sensors.py
[2024-05-09T16:22:29.517+0000] {logging_mixin.py:188} INFO - [2024-05-09T16:22:29.517+0000] {dag.py:3096} INFO - Sync 1 DAGs
[2024-05-09T16:22:29.522+0000] {logging_mixin.py:188} INFO - [2024-05-09T16:22:29.522+0000] {dag.py:3954} INFO - Setting next_dagrun for example_sensors to None, run_after=None
[2024-05-09T16:22:29.529+0000] {processor.py:183} INFO - Processing /home/airflow/.local/lib/python3.12/site-packages/airflow/example_dags/example_sensors.py took 0.031 seconds
[2024-05-09T16:22:59.997+0000] {processor.py:161} INFO - Started process (PID=506) to work on /home/airflow/.local/lib/python3.12/site-packages/airflow/example_dags/example_sensors.py
[2024-05-09T16:22:59.998+0000] {processor.py:830} INFO - Processing file /home/airflow/.local/lib/python3.12/site-packages/airflow/example_dags/example_sensors.py for tasks to queue
[2024-05-09T16:22:59.999+0000] {logging_mixin.py:188} INFO - [2024-05-09T16:22:59.998+0000] {dagbag.py:545} INFO - Filling up the DagBag from /home/airflow/.local/lib/python3.12/site-packages/airflow/example_dags/example_sensors.py
[2024-05-09T16:23:00.003+0000] {processor.py:840} INFO - DAG(s) 'example_sensors' retrieved from /home/airflow/.local/lib/python3.12/site-packages/airflow/example_dags/example_sensors.py
[2024-05-09T16:23:00.014+0000] {logging_mixin.py:188} INFO - [2024-05-09T16:23:00.014+0000] {dag.py:3096} INFO - Sync 1 DAGs
[2024-05-09T16:23:00.019+0000] {logging_mixin.py:188} INFO - [2024-05-09T16:23:00.018+0000] {dag.py:3954} INFO - Setting next_dagrun for example_sensors to None, run_after=None
[2024-05-09T16:23:00.025+0000] {processor.py:183} INFO - Processing /home/airflow/.local/lib/python3.12/site-packages/airflow/example_dags/example_sensors.py took 0.031 seconds
[2024-05-09T16:23:30.467+0000] {processor.py:161} INFO - Started process (PID=564) to work on /home/airflow/.local/lib/python3.12/site-packages/airflow/example_dags/example_sensors.py
[2024-05-09T16:23:30.467+0000] {processor.py:830} INFO - Processing file /home/airflow/.local/lib/python3.12/site-packages/airflow/example_dags/example_sensors.py for tasks to queue
[2024-05-09T16:23:30.468+0000] {logging_mixin.py:188} INFO - [2024-05-09T16:23:30.468+0000] {dagbag.py:545} INFO - Filling up the DagBag from /home/airflow/.local/lib/python3.12/site-packages/airflow/example_dags/example_sensors.py
[2024-05-09T16:23:30.473+0000] {processor.py:840} INFO - DAG(s) 'example_sensors' retrieved from /home/airflow/.local/lib/python3.12/site-packages/airflow/example_dags/example_sensors.py
[2024-05-09T16:23:30.484+0000] {logging_mixin.py:188} INFO - [2024-05-09T16:23:30.484+0000] {dag.py:3096} INFO - Sync 1 DAGs
[2024-05-09T16:23:30.489+0000] {logging_mixin.py:188} INFO - [2024-05-09T16:23:30.489+0000] {dag.py:3954} INFO - Setting next_dagrun for example_sensors to None, run_after=None
[2024-05-09T16:23:30.496+0000] {processor.py:183} INFO - Processing /home/airflow/.local/lib/python3.12/site-packages/airflow/example_dags/example_sensors.py took 0.033 seconds
[2024-05-09T16:24:01.010+0000] {processor.py:161} INFO - Started process (PID=622) to work on /home/airflow/.local/lib/python3.12/site-packages/airflow/example_dags/example_sensors.py
[2024-05-09T16:24:01.010+0000] {processor.py:830} INFO - Processing file /home/airflow/.local/lib/python3.12/site-packages/airflow/example_dags/example_sensors.py for tasks to queue
[2024-05-09T16:24:01.011+0000] {logging_mixin.py:188} INFO - [2024-05-09T16:24:01.011+0000] {dagbag.py:545} INFO - Filling up the DagBag from /home/airflow/.local/lib/python3.12/site-packages/airflow/example_dags/example_sensors.py
[2024-05-09T16:24:01.015+0000] {processor.py:840} INFO - DAG(s) 'example_sensors' retrieved from /home/airflow/.local/lib/python3.12/site-packages/airflow/example_dags/example_sensors.py
[2024-05-09T16:24:01.026+0000] {logging_mixin.py:188} INFO - [2024-05-09T16:24:01.025+0000] {dag.py:3096} INFO - Sync 1 DAGs
[2024-05-09T16:24:01.030+0000] {logging_mixin.py:188} INFO - [2024-05-09T16:24:01.030+0000] {dag.py:3954} INFO - Setting next_dagrun for example_sensors to None, run_after=None
[2024-05-09T16:24:01.037+0000] {processor.py:183} INFO - Processing /home/airflow/.local/lib/python3.12/site-packages/airflow/example_dags/example_sensors.py took 0.030 seconds
[2024-05-09T16:24:31.501+0000] {processor.py:161} INFO - Started process (PID=680) to work on /home/airflow/.local/lib/python3.12/site-packages/airflow/example_dags/example_sensors.py
[2024-05-09T16:24:31.502+0000] {processor.py:830} INFO - Processing file /home/airflow/.local/lib/python3.12/site-packages/airflow/example_dags/example_sensors.py for tasks to queue
[2024-05-09T16:24:31.503+0000] {logging_mixin.py:188} INFO - [2024-05-09T16:24:31.503+0000] {dagbag.py:545} INFO - Filling up the DagBag from /home/airflow/.local/lib/python3.12/site-packages/airflow/example_dags/example_sensors.py
[2024-05-09T16:24:31.507+0000] {processor.py:840} INFO - DAG(s) 'example_sensors' retrieved from /home/airflow/.local/lib/python3.12/site-packages/airflow/example_dags/example_sensors.py
[2024-05-09T16:24:31.518+0000] {logging_mixin.py:188} INFO - [2024-05-09T16:24:31.518+0000] {dag.py:3096} INFO - Sync 1 DAGs
[2024-05-09T16:24:31.524+0000] {logging_mixin.py:188} INFO - [2024-05-09T16:24:31.523+0000] {dag.py:3954} INFO - Setting next_dagrun for example_sensors to None, run_after=None
[2024-05-09T16:24:31.530+0000] {processor.py:183} INFO - Processing /home/airflow/.local/lib/python3.12/site-packages/airflow/example_dags/example_sensors.py took 0.032 seconds
[2024-05-09T16:25:01.937+0000] {processor.py:161} INFO - Started process (PID=742) to work on /home/airflow/.local/lib/python3.12/site-packages/airflow/example_dags/example_sensors.py
[2024-05-09T16:25:01.937+0000] {processor.py:830} INFO - Processing file /home/airflow/.local/lib/python3.12/site-packages/airflow/example_dags/example_sensors.py for tasks to queue
[2024-05-09T16:25:01.938+0000] {logging_mixin.py:188} INFO - [2024-05-09T16:25:01.938+0000] {dagbag.py:545} INFO - Filling up the DagBag from /home/airflow/.local/lib/python3.12/site-packages/airflow/example_dags/example_sensors.py
[2024-05-09T16:25:01.942+0000] {processor.py:840} INFO - DAG(s) 'example_sensors' retrieved from /home/airflow/.local/lib/python3.12/site-packages/airflow/example_dags/example_sensors.py
[2024-05-09T16:25:01.954+0000] {logging_mixin.py:188} INFO - [2024-05-09T16:25:01.954+0000] {dag.py:3096} INFO - Sync 1 DAGs
[2024-05-09T16:25:01.959+0000] {logging_mixin.py:188} INFO - [2024-05-09T16:25:01.958+0000] {dag.py:3954} INFO - Setting next_dagrun for example_sensors to None, run_after=None
[2024-05-09T16:25:01.965+0000] {processor.py:183} INFO - Processing /home/airflow/.local/lib/python3.12/site-packages/airflow/example_dags/example_sensors.py took 0.031 seconds
[2024-05-09T16:25:32.394+0000] {processor.py:161} INFO - Started process (PID=800) to work on /home/airflow/.local/lib/python3.12/site-packages/airflow/example_dags/example_sensors.py
[2024-05-09T16:25:32.395+0000] {processor.py:830} INFO - Processing file /home/airflow/.local/lib/python3.12/site-packages/airflow/example_dags/example_sensors.py for tasks to queue
[2024-05-09T16:25:32.396+0000] {logging_mixin.py:188} INFO - [2024-05-09T16:25:32.396+0000] {dagbag.py:545} INFO - Filling up the DagBag from /home/airflow/.local/lib/python3.12/site-packages/airflow/example_dags/example_sensors.py
[2024-05-09T16:25:32.400+0000] {processor.py:840} INFO - DAG(s) 'example_sensors' retrieved from /home/airflow/.local/lib/python3.12/site-packages/airflow/example_dags/example_sensors.py
[2024-05-09T16:25:32.412+0000] {logging_mixin.py:188} INFO - [2024-05-09T16:25:32.412+0000] {dag.py:3096} INFO - Sync 1 DAGs
[2024-05-09T16:25:32.417+0000] {logging_mixin.py:188} INFO - [2024-05-09T16:25:32.417+0000] {dag.py:3954} INFO - Setting next_dagrun for example_sensors to None, run_after=None
[2024-05-09T16:25:32.424+0000] {processor.py:183} INFO - Processing /home/airflow/.local/lib/python3.12/site-packages/airflow/example_dags/example_sensors.py took 0.032 seconds
[2024-05-09T16:26:02.945+0000] {processor.py:161} INFO - Started process (PID=858) to work on /home/airflow/.local/lib/python3.12/site-packages/airflow/example_dags/example_sensors.py
[2024-05-09T16:26:02.946+0000] {processor.py:830} INFO - Processing file /home/airflow/.local/lib/python3.12/site-packages/airflow/example_dags/example_sensors.py for tasks to queue
[2024-05-09T16:26:02.947+0000] {logging_mixin.py:188} INFO - [2024-05-09T16:26:02.947+0000] {dagbag.py:545} INFO - Filling up the DagBag from /home/airflow/.local/lib/python3.12/site-packages/airflow/example_dags/example_sensors.py
[2024-05-09T16:26:02.951+0000] {processor.py:840} INFO - DAG(s) 'example_sensors' retrieved from /home/airflow/.local/lib/python3.12/site-packages/airflow/example_dags/example_sensors.py
[2024-05-09T16:26:02.963+0000] {logging_mixin.py:188} INFO - [2024-05-09T16:26:02.963+0000] {dag.py:3096} INFO - Sync 1 DAGs
[2024-05-09T16:26:02.968+0000] {logging_mixin.py:188} INFO - [2024-05-09T16:26:02.968+0000] {dag.py:3954} INFO - Setting next_dagrun for example_sensors to None, run_after=None
[2024-05-09T16:26:02.975+0000] {processor.py:183} INFO - Processing /home/airflow/.local/lib/python3.12/site-packages/airflow/example_dags/example_sensors.py took 0.032 seconds
[2024-05-09T16:26:33.488+0000] {processor.py:161} INFO - Started process (PID=916) to work on /home/airflow/.local/lib/python3.12/site-packages/airflow/example_dags/example_sensors.py
[2024-05-09T16:26:33.488+0000] {processor.py:830} INFO - Processing file /home/airflow/.local/lib/python3.12/site-packages/airflow/example_dags/example_sensors.py for tasks to queue
[2024-05-09T16:26:33.489+0000] {logging_mixin.py:188} INFO - [2024-05-09T16:26:33.489+0000] {dagbag.py:545} INFO - Filling up the DagBag from /home/airflow/.local/lib/python3.12/site-packages/airflow/example_dags/example_sensors.py
[2024-05-09T16:26:33.493+0000] {processor.py:840} INFO - DAG(s) 'example_sensors' retrieved from /home/airflow/.local/lib/python3.12/site-packages/airflow/example_dags/example_sensors.py
[2024-05-09T16:26:33.504+0000] {logging_mixin.py:188} INFO - [2024-05-09T16:26:33.504+0000] {dag.py:3096} INFO - Sync 1 DAGs
[2024-05-09T16:26:33.510+0000] {logging_mixin.py:188} INFO - [2024-05-09T16:26:33.509+0000] {dag.py:3954} INFO - Setting next_dagrun for example_sensors to None, run_after=None
[2024-05-09T16:26:33.516+0000] {processor.py:183} INFO - Processing /home/airflow/.local/lib/python3.12/site-packages/airflow/example_dags/example_sensors.py took 0.031 seconds
[2024-05-09T16:27:03.939+0000] {processor.py:161} INFO - Started process (PID=974) to work on /home/airflow/.local/lib/python3.12/site-packages/airflow/example_dags/example_sensors.py
[2024-05-09T16:27:03.939+0000] {processor.py:830} INFO - Processing file /home/airflow/.local/lib/python3.12/site-packages/airflow/example_dags/example_sensors.py for tasks to queue
[2024-05-09T16:27:03.940+0000] {logging_mixin.py:188} INFO - [2024-05-09T16:27:03.940+0000] {dagbag.py:545} INFO - Filling up the DagBag from /home/airflow/.local/lib/python3.12/site-packages/airflow/example_dags/example_sensors.py
[2024-05-09T16:27:03.945+0000] {processor.py:840} INFO - DAG(s) 'example_sensors' retrieved from /home/airflow/.local/lib/python3.12/site-packages/airflow/example_dags/example_sensors.py
[2024-05-09T16:27:03.956+0000] {logging_mixin.py:188} INFO - [2024-05-09T16:27:03.956+0000] {dag.py:3096} INFO - Sync 1 DAGs
[2024-05-09T16:27:03.961+0000] {logging_mixin.py:188} INFO - [2024-05-09T16:27:03.961+0000] {dag.py:3954} INFO - Setting next_dagrun for example_sensors to None, run_after=None
[2024-05-09T16:27:03.967+0000] {processor.py:183} INFO - Processing /home/airflow/.local/lib/python3.12/site-packages/airflow/example_dags/example_sensors.py took 0.031 seconds
[2024-05-09T16:27:34.459+0000] {processor.py:161} INFO - Started process (PID=1032) to work on /home/airflow/.local/lib/python3.12/site-packages/airflow/example_dags/example_sensors.py
[2024-05-09T16:27:34.459+0000] {processor.py:830} INFO - Processing file /home/airflow/.local/lib/python3.12/site-packages/airflow/example_dags/example_sensors.py for tasks to queue
[2024-05-09T16:27:34.460+0000] {logging_mixin.py:188} INFO - [2024-05-09T16:27:34.460+0000] {dagbag.py:545} INFO - Filling up the DagBag from /home/airflow/.local/lib/python3.12/site-packages/airflow/example_dags/example_sensors.py
[2024-05-09T16:27:34.464+0000] {processor.py:840} INFO - DAG(s) 'example_sensors' retrieved from /home/airflow/.local/lib/python3.12/site-packages/airflow/example_dags/example_sensors.py
[2024-05-09T16:27:34.475+0000] {logging_mixin.py:188} INFO - [2024-05-09T16:27:34.475+0000] {dag.py:3096} INFO - Sync 1 DAGs
[2024-05-09T16:27:34.480+0000] {logging_mixin.py:188} INFO - [2024-05-09T16:27:34.480+0000] {dag.py:3954} INFO - Setting next_dagrun for example_sensors to None, run_after=None
[2024-05-09T16:27:34.487+0000] {processor.py:183} INFO - Processing /home/airflow/.local/lib/python3.12/site-packages/airflow/example_dags/example_sensors.py took 0.031 seconds
[2024-05-09T16:28:04.954+0000] {processor.py:161} INFO - Started process (PID=1090) to work on /home/airflow/.local/lib/python3.12/site-packages/airflow/example_dags/example_sensors.py
[2024-05-09T16:28:04.955+0000] {processor.py:830} INFO - Processing file /home/airflow/.local/lib/python3.12/site-packages/airflow/example_dags/example_sensors.py for tasks to queue
[2024-05-09T16:28:04.956+0000] {logging_mixin.py:188} INFO - [2024-05-09T16:28:04.956+0000] {dagbag.py:545} INFO - Filling up the DagBag from /home/airflow/.local/lib/python3.12/site-packages/airflow/example_dags/example_sensors.py
[2024-05-09T16:28:04.960+0000] {processor.py:840} INFO - DAG(s) 'example_sensors' retrieved from /home/airflow/.local/lib/python3.12/site-packages/airflow/example_dags/example_sensors.py
[2024-05-09T16:28:04.971+0000] {logging_mixin.py:188} INFO - [2024-05-09T16:28:04.971+0000] {dag.py:3096} INFO - Sync 1 DAGs
[2024-05-09T16:28:04.976+0000] {logging_mixin.py:188} INFO - [2024-05-09T16:28:04.975+0000] {dag.py:3954} INFO - Setting next_dagrun for example_sensors to None, run_after=None
[2024-05-09T16:28:04.982+0000] {processor.py:183} INFO - Processing /home/airflow/.local/lib/python3.12/site-packages/airflow/example_dags/example_sensors.py took 0.030 seconds
[2024-05-09T16:28:35.523+0000] {processor.py:161} INFO - Started process (PID=1148) to work on /home/airflow/.local/lib/python3.12/site-packages/airflow/example_dags/example_sensors.py
[2024-05-09T16:28:35.523+0000] {processor.py:830} INFO - Processing file /home/airflow/.local/lib/python3.12/site-packages/airflow/example_dags/example_sensors.py for tasks to queue
[2024-05-09T16:28:35.524+0000] {logging_mixin.py:188} INFO - [2024-05-09T16:28:35.524+0000] {dagbag.py:545} INFO - Filling up the DagBag from /home/airflow/.local/lib/python3.12/site-packages/airflow/example_dags/example_sensors.py
[2024-05-09T16:28:35.528+0000] {processor.py:840} INFO - DAG(s) 'example_sensors' retrieved from /home/airflow/.local/lib/python3.12/site-packages/airflow/example_dags/example_sensors.py
[2024-05-09T16:28:35.539+0000] {logging_mixin.py:188} INFO - [2024-05-09T16:28:35.538+0000] {dag.py:3096} INFO - Sync 1 DAGs
[2024-05-09T16:28:35.543+0000] {logging_mixin.py:188} INFO - [2024-05-09T16:28:35.543+0000] {dag.py:3954} INFO - Setting next_dagrun for example_sensors to None, run_after=None
[2024-05-09T16:28:35.550+0000] {processor.py:183} INFO - Processing /home/airflow/.local/lib/python3.12/site-packages/airflow/example_dags/example_sensors.py took 0.030 seconds
[2024-05-09T16:29:06.050+0000] {processor.py:161} INFO - Started process (PID=1206) to work on /home/airflow/.local/lib/python3.12/site-packages/airflow/example_dags/example_sensors.py
[2024-05-09T16:29:06.050+0000] {processor.py:830} INFO - Processing file /home/airflow/.local/lib/python3.12/site-packages/airflow/example_dags/example_sensors.py for tasks to queue
[2024-05-09T16:29:06.051+0000] {logging_mixin.py:188} INFO - [2024-05-09T16:29:06.051+0000] {dagbag.py:545} INFO - Filling up the DagBag from /home/airflow/.local/lib/python3.12/site-packages/airflow/example_dags/example_sensors.py
[2024-05-09T16:29:06.055+0000] {processor.py:840} INFO - DAG(s) 'example_sensors' retrieved from /home/airflow/.local/lib/python3.12/site-packages/airflow/example_dags/example_sensors.py
[2024-05-09T16:29:06.066+0000] {logging_mixin.py:188} INFO - [2024-05-09T16:29:06.066+0000] {dag.py:3096} INFO - Sync 1 DAGs
[2024-05-09T16:29:06.071+0000] {logging_mixin.py:188} INFO - [2024-05-09T16:29:06.071+0000] {dag.py:3954} INFO - Setting next_dagrun for example_sensors to None, run_after=None
[2024-05-09T16:29:06.078+0000] {processor.py:183} INFO - Processing /home/airflow/.local/lib/python3.12/site-packages/airflow/example_dags/example_sensors.py took 0.031 seconds
[2024-05-09T16:29:36.530+0000] {processor.py:161} INFO - Started process (PID=1264) to work on /home/airflow/.local/lib/python3.12/site-packages/airflow/example_dags/example_sensors.py
[2024-05-09T16:29:36.530+0000] {processor.py:830} INFO - Processing file /home/airflow/.local/lib/python3.12/site-packages/airflow/example_dags/example_sensors.py for tasks to queue
[2024-05-09T16:29:36.531+0000] {logging_mixin.py:188} INFO - [2024-05-09T16:29:36.531+0000] {dagbag.py:545} INFO - Filling up the DagBag from /home/airflow/.local/lib/python3.12/site-packages/airflow/example_dags/example_sensors.py
[2024-05-09T16:29:36.535+0000] {processor.py:840} INFO - DAG(s) 'example_sensors' retrieved from /home/airflow/.local/lib/python3.12/site-packages/airflow/example_dags/example_sensors.py
[2024-05-09T16:29:36.547+0000] {logging_mixin.py:188} INFO - [2024-05-09T16:29:36.547+0000] {dag.py:3096} INFO - Sync 1 DAGs
[2024-05-09T16:29:36.552+0000] {logging_mixin.py:188} INFO - [2024-05-09T16:29:36.552+0000] {dag.py:3954} INFO - Setting next_dagrun for example_sensors to None, run_after=None
[2024-05-09T16:29:36.558+0000] {processor.py:183} INFO - Processing /home/airflow/.local/lib/python3.12/site-packages/airflow/example_dags/example_sensors.py took 0.032 seconds
[2024-05-09T16:30:07.129+0000] {processor.py:161} INFO - Started process (PID=1322) to work on /home/airflow/.local/lib/python3.12/site-packages/airflow/example_dags/example_sensors.py
[2024-05-09T16:30:07.129+0000] {processor.py:830} INFO - Processing file /home/airflow/.local/lib/python3.12/site-packages/airflow/example_dags/example_sensors.py for tasks to queue
[2024-05-09T16:30:07.130+0000] {logging_mixin.py:188} INFO - [2024-05-09T16:30:07.130+0000] {dagbag.py:545} INFO - Filling up the DagBag from /home/airflow/.local/lib/python3.12/site-packages/airflow/example_dags/example_sensors.py
[2024-05-09T16:30:07.134+0000] {processor.py:840} INFO - DAG(s) 'example_sensors' retrieved from /home/airflow/.local/lib/python3.12/site-packages/airflow/example_dags/example_sensors.py
[2024-05-09T16:30:07.145+0000] {logging_mixin.py:188} INFO - [2024-05-09T16:30:07.145+0000] {dag.py:3096} INFO - Sync 1 DAGs
[2024-05-09T16:30:07.150+0000] {logging_mixin.py:188} INFO - [2024-05-09T16:30:07.150+0000] {dag.py:3954} INFO - Setting next_dagrun for example_sensors to None, run_after=None
[2024-05-09T16:30:07.157+0000] {processor.py:183} INFO - Processing /home/airflow/.local/lib/python3.12/site-packages/airflow/example_dags/example_sensors.py took 0.031 seconds
[2024-05-09T16:30:37.707+0000] {processor.py:161} INFO - Started process (PID=1380) to work on /home/airflow/.local/lib/python3.12/site-packages/airflow/example_dags/example_sensors.py
[2024-05-09T16:30:37.707+0000] {processor.py:830} INFO - Processing file /home/airflow/.local/lib/python3.12/site-packages/airflow/example_dags/example_sensors.py for tasks to queue
[2024-05-09T16:30:37.708+0000] {logging_mixin.py:188} INFO - [2024-05-09T16:30:37.708+0000] {dagbag.py:545} INFO - Filling up the DagBag from /home/airflow/.local/lib/python3.12/site-packages/airflow/example_dags/example_sensors.py
[2024-05-09T16:30:37.712+0000] {processor.py:840} INFO - DAG(s) 'example_sensors' retrieved from /home/airflow/.local/lib/python3.12/site-packages/airflow/example_dags/example_sensors.py
[2024-05-09T16:30:37.723+0000] {logging_mixin.py:188} INFO - [2024-05-09T16:30:37.723+0000] {dag.py:3096} INFO - Sync 1 DAGs
[2024-05-09T16:30:37.727+0000] {logging_mixin.py:188} INFO - [2024-05-09T16:30:37.727+0000] {dag.py:3954} INFO - Setting next_dagrun for example_sensors to None, run_after=None
[2024-05-09T16:30:37.734+0000] {processor.py:183} INFO - Processing /home/airflow/.local/lib/python3.12/site-packages/airflow/example_dags/example_sensors.py took 0.030 seconds
[2024-05-09T16:31:08.265+0000] {processor.py:161} INFO - Started process (PID=1438) to work on /home/airflow/.local/lib/python3.12/site-packages/airflow/example_dags/example_sensors.py
[2024-05-09T16:31:08.265+0000] {processor.py:830} INFO - Processing file /home/airflow/.local/lib/python3.12/site-packages/airflow/example_dags/example_sensors.py for tasks to queue
[2024-05-09T16:31:08.266+0000] {logging_mixin.py:188} INFO - [2024-05-09T16:31:08.266+0000] {dagbag.py:545} INFO - Filling up the DagBag from /home/airflow/.local/lib/python3.12/site-packages/airflow/example_dags/example_sensors.py
[2024-05-09T16:31:08.270+0000] {processor.py:840} INFO - DAG(s) 'example_sensors' retrieved from /home/airflow/.local/lib/python3.12/site-packages/airflow/example_dags/example_sensors.py
[2024-05-09T16:31:08.281+0000] {logging_mixin.py:188} INFO - [2024-05-09T16:31:08.281+0000] {dag.py:3096} INFO - Sync 1 DAGs
[2024-05-09T16:31:08.286+0000] {logging_mixin.py:188} INFO - [2024-05-09T16:31:08.286+0000] {dag.py:3954} INFO - Setting next_dagrun for example_sensors to None, run_after=None
[2024-05-09T16:31:08.293+0000] {processor.py:183} INFO - Processing /home/airflow/.local/lib/python3.12/site-packages/airflow/example_dags/example_sensors.py took 0.031 seconds
[2024-05-09T16:31:38.816+0000] {processor.py:161} INFO - Started process (PID=1496) to work on /home/airflow/.local/lib/python3.12/site-packages/airflow/example_dags/example_sensors.py
[2024-05-09T16:31:38.816+0000] {processor.py:830} INFO - Processing file /home/airflow/.local/lib/python3.12/site-packages/airflow/example_dags/example_sensors.py for tasks to queue
[2024-05-09T16:31:38.817+0000] {logging_mixin.py:188} INFO - [2024-05-09T16:31:38.817+0000] {dagbag.py:545} INFO - Filling up the DagBag from /home/airflow/.local/lib/python3.12/site-packages/airflow/example_dags/example_sensors.py
[2024-05-09T16:31:38.821+0000] {processor.py:840} INFO - DAG(s) 'example_sensors' retrieved from /home/airflow/.local/lib/python3.12/site-packages/airflow/example_dags/example_sensors.py
[2024-05-09T16:31:38.831+0000] {logging_mixin.py:188} INFO - [2024-05-09T16:31:38.831+0000] {dag.py:3096} INFO - Sync 1 DAGs
[2024-05-09T16:31:38.836+0000] {logging_mixin.py:188} INFO - [2024-05-09T16:31:38.836+0000] {dag.py:3954} INFO - Setting next_dagrun for example_sensors to None, run_after=None
[2024-05-09T16:31:38.843+0000] {processor.py:183} INFO - Processing /home/airflow/.local/lib/python3.12/site-packages/airflow/example_dags/example_sensors.py took 0.030 seconds
[2024-05-09T16:32:09.338+0000] {processor.py:161} INFO - Started process (PID=1554) to work on /home/airflow/.local/lib/python3.12/site-packages/airflow/example_dags/example_sensors.py
[2024-05-09T16:32:09.339+0000] {processor.py:830} INFO - Processing file /home/airflow/.local/lib/python3.12/site-packages/airflow/example_dags/example_sensors.py for tasks to queue
[2024-05-09T16:32:09.339+0000] {logging_mixin.py:188} INFO - [2024-05-09T16:32:09.339+0000] {dagbag.py:545} INFO - Filling up the DagBag from /home/airflow/.local/lib/python3.12/site-packages/airflow/example_dags/example_sensors.py
[2024-05-09T16:32:09.343+0000] {processor.py:840} INFO - DAG(s) 'example_sensors' retrieved from /home/airflow/.local/lib/python3.12/site-packages/airflow/example_dags/example_sensors.py
[2024-05-09T16:32:09.354+0000] {logging_mixin.py:188} INFO - [2024-05-09T16:32:09.354+0000] {dag.py:3096} INFO - Sync 1 DAGs
[2024-05-09T16:32:09.358+0000] {logging_mixin.py:188} INFO - [2024-05-09T16:32:09.358+0000] {dag.py:3954} INFO - Setting next_dagrun for example_sensors to None, run_after=None
[2024-05-09T16:32:09.365+0000] {processor.py:183} INFO - Processing /home/airflow/.local/lib/python3.12/site-packages/airflow/example_dags/example_sensors.py took 0.030 seconds
[2024-05-09T16:32:39.891+0000] {processor.py:161} INFO - Started process (PID=1612) to work on /home/airflow/.local/lib/python3.12/site-packages/airflow/example_dags/example_sensors.py
[2024-05-09T16:32:39.891+0000] {processor.py:830} INFO - Processing file /home/airflow/.local/lib/python3.12/site-packages/airflow/example_dags/example_sensors.py for tasks to queue
[2024-05-09T16:32:39.892+0000] {logging_mixin.py:188} INFO - [2024-05-09T16:32:39.892+0000] {dagbag.py:545} INFO - Filling up the DagBag from /home/airflow/.local/lib/python3.12/site-packages/airflow/example_dags/example_sensors.py
[2024-05-09T16:32:39.896+0000] {processor.py:840} INFO - DAG(s) 'example_sensors' retrieved from /home/airflow/.local/lib/python3.12/site-packages/airflow/example_dags/example_sensors.py
[2024-05-09T16:32:39.907+0000] {logging_mixin.py:188} INFO - [2024-05-09T16:32:39.907+0000] {dag.py:3096} INFO - Sync 1 DAGs
[2024-05-09T16:32:39.914+0000] {logging_mixin.py:188} INFO - [2024-05-09T16:32:39.913+0000] {dag.py:3954} INFO - Setting next_dagrun for example_sensors to None, run_after=None
[2024-05-09T16:32:39.921+0000] {processor.py:183} INFO - Processing /home/airflow/.local/lib/python3.12/site-packages/airflow/example_dags/example_sensors.py took 0.033 seconds
[2024-05-09T16:33:10.500+0000] {processor.py:161} INFO - Started process (PID=1670) to work on /home/airflow/.local/lib/python3.12/site-packages/airflow/example_dags/example_sensors.py
[2024-05-09T16:33:10.501+0000] {processor.py:830} INFO - Processing file /home/airflow/.local/lib/python3.12/site-packages/airflow/example_dags/example_sensors.py for tasks to queue
[2024-05-09T16:33:10.501+0000] {logging_mixin.py:188} INFO - [2024-05-09T16:33:10.501+0000] {dagbag.py:545} INFO - Filling up the DagBag from /home/airflow/.local/lib/python3.12/site-packages/airflow/example_dags/example_sensors.py
[2024-05-09T16:33:10.505+0000] {processor.py:840} INFO - DAG(s) 'example_sensors' retrieved from /home/airflow/.local/lib/python3.12/site-packages/airflow/example_dags/example_sensors.py
[2024-05-09T16:33:10.516+0000] {logging_mixin.py:188} INFO - [2024-05-09T16:33:10.516+0000] {dag.py:3096} INFO - Sync 1 DAGs
[2024-05-09T16:33:10.521+0000] {logging_mixin.py:188} INFO - [2024-05-09T16:33:10.521+0000] {dag.py:3954} INFO - Setting next_dagrun for example_sensors to None, run_after=None
[2024-05-09T16:33:10.528+0000] {processor.py:183} INFO - Processing /home/airflow/.local/lib/python3.12/site-packages/airflow/example_dags/example_sensors.py took 0.030 seconds
[2024-05-09T16:33:41.057+0000] {processor.py:161} INFO - Started process (PID=1728) to work on /home/airflow/.local/lib/python3.12/site-packages/airflow/example_dags/example_sensors.py
[2024-05-09T16:33:41.057+0000] {processor.py:830} INFO - Processing file /home/airflow/.local/lib/python3.12/site-packages/airflow/example_dags/example_sensors.py for tasks to queue
[2024-05-09T16:33:41.058+0000] {logging_mixin.py:188} INFO - [2024-05-09T16:33:41.058+0000] {dagbag.py:545} INFO - Filling up the DagBag from /home/airflow/.local/lib/python3.12/site-packages/airflow/example_dags/example_sensors.py
[2024-05-09T16:33:41.062+0000] {processor.py:840} INFO - DAG(s) 'example_sensors' retrieved from /home/airflow/.local/lib/python3.12/site-packages/airflow/example_dags/example_sensors.py
[2024-05-09T16:33:41.073+0000] {logging_mixin.py:188} INFO - [2024-05-09T16:33:41.073+0000] {dag.py:3096} INFO - Sync 1 DAGs
[2024-05-09T16:33:41.077+0000] {logging_mixin.py:188} INFO - [2024-05-09T16:33:41.077+0000] {dag.py:3954} INFO - Setting next_dagrun for example_sensors to None, run_after=None
[2024-05-09T16:33:41.084+0000] {processor.py:183} INFO - Processing /home/airflow/.local/lib/python3.12/site-packages/airflow/example_dags/example_sensors.py took 0.030 seconds
[2024-05-09T16:34:11.647+0000] {processor.py:161} INFO - Started process (PID=1786) to work on /home/airflow/.local/lib/python3.12/site-packages/airflow/example_dags/example_sensors.py
[2024-05-09T16:34:11.648+0000] {processor.py:830} INFO - Processing file /home/airflow/.local/lib/python3.12/site-packages/airflow/example_dags/example_sensors.py for tasks to queue
[2024-05-09T16:34:11.649+0000] {logging_mixin.py:188} INFO - [2024-05-09T16:34:11.649+0000] {dagbag.py:545} INFO - Filling up the DagBag from /home/airflow/.local/lib/python3.12/site-packages/airflow/example_dags/example_sensors.py
[2024-05-09T16:34:11.654+0000] {processor.py:840} INFO - DAG(s) 'example_sensors' retrieved from /home/airflow/.local/lib/python3.12/site-packages/airflow/example_dags/example_sensors.py
[2024-05-09T16:34:11.668+0000] {logging_mixin.py:188} INFO - [2024-05-09T16:34:11.668+0000] {dag.py:3096} INFO - Sync 1 DAGs
[2024-05-09T16:34:11.673+0000] {logging_mixin.py:188} INFO - [2024-05-09T16:34:11.673+0000] {dag.py:3954} INFO - Setting next_dagrun for example_sensors to None, run_after=None
[2024-05-09T16:34:11.685+0000] {processor.py:183} INFO - Processing /home/airflow/.local/lib/python3.12/site-packages/airflow/example_dags/example_sensors.py took 0.041 seconds
[2024-05-09T16:34:42.339+0000] {processor.py:161} INFO - Started process (PID=1844) to work on /home/airflow/.local/lib/python3.12/site-packages/airflow/example_dags/example_sensors.py
[2024-05-09T16:34:42.340+0000] {processor.py:830} INFO - Processing file /home/airflow/.local/lib/python3.12/site-packages/airflow/example_dags/example_sensors.py for tasks to queue
[2024-05-09T16:34:42.340+0000] {logging_mixin.py:188} INFO - [2024-05-09T16:34:42.340+0000] {dagbag.py:545} INFO - Filling up the DagBag from /home/airflow/.local/lib/python3.12/site-packages/airflow/example_dags/example_sensors.py
[2024-05-09T16:34:42.344+0000] {processor.py:840} INFO - DAG(s) 'example_sensors' retrieved from /home/airflow/.local/lib/python3.12/site-packages/airflow/example_dags/example_sensors.py
[2024-05-09T16:34:42.355+0000] {logging_mixin.py:188} INFO - [2024-05-09T16:34:42.355+0000] {dag.py:3096} INFO - Sync 1 DAGs
[2024-05-09T16:34:42.360+0000] {logging_mixin.py:188} INFO - [2024-05-09T16:34:42.360+0000] {dag.py:3954} INFO - Setting next_dagrun for example_sensors to None, run_after=None
[2024-05-09T16:34:42.367+0000] {processor.py:183} INFO - Processing /home/airflow/.local/lib/python3.12/site-packages/airflow/example_dags/example_sensors.py took 0.030 seconds
[2024-05-09T16:35:12.810+0000] {processor.py:161} INFO - Started process (PID=1902) to work on /home/airflow/.local/lib/python3.12/site-packages/airflow/example_dags/example_sensors.py
[2024-05-09T16:35:12.810+0000] {processor.py:830} INFO - Processing file /home/airflow/.local/lib/python3.12/site-packages/airflow/example_dags/example_sensors.py for tasks to queue
[2024-05-09T16:35:12.811+0000] {logging_mixin.py:188} INFO - [2024-05-09T16:35:12.811+0000] {dagbag.py:545} INFO - Filling up the DagBag from /home/airflow/.local/lib/python3.12/site-packages/airflow/example_dags/example_sensors.py
[2024-05-09T16:35:12.815+0000] {processor.py:840} INFO - DAG(s) 'example_sensors' retrieved from /home/airflow/.local/lib/python3.12/site-packages/airflow/example_dags/example_sensors.py
[2024-05-09T16:35:12.826+0000] {logging_mixin.py:188} INFO - [2024-05-09T16:35:12.826+0000] {dag.py:3096} INFO - Sync 1 DAGs
[2024-05-09T16:35:12.831+0000] {logging_mixin.py:188} INFO - [2024-05-09T16:35:12.831+0000] {dag.py:3954} INFO - Setting next_dagrun for example_sensors to None, run_after=None
[2024-05-09T16:35:12.837+0000] {processor.py:183} INFO - Processing /home/airflow/.local/lib/python3.12/site-packages/airflow/example_dags/example_sensors.py took 0.030 seconds
[2024-05-09T16:35:43.477+0000] {processor.py:161} INFO - Started process (PID=1960) to work on /home/airflow/.local/lib/python3.12/site-packages/airflow/example_dags/example_sensors.py
[2024-05-09T16:35:43.478+0000] {processor.py:830} INFO - Processing file /home/airflow/.local/lib/python3.12/site-packages/airflow/example_dags/example_sensors.py for tasks to queue
[2024-05-09T16:35:43.479+0000] {logging_mixin.py:188} INFO - [2024-05-09T16:35:43.478+0000] {dagbag.py:545} INFO - Filling up the DagBag from /home/airflow/.local/lib/python3.12/site-packages/airflow/example_dags/example_sensors.py
[2024-05-09T16:35:43.483+0000] {processor.py:840} INFO - DAG(s) 'example_sensors' retrieved from /home/airflow/.local/lib/python3.12/site-packages/airflow/example_dags/example_sensors.py
[2024-05-09T16:35:43.494+0000] {logging_mixin.py:188} INFO - [2024-05-09T16:35:43.494+0000] {dag.py:3096} INFO - Sync 1 DAGs
[2024-05-09T16:35:43.500+0000] {logging_mixin.py:188} INFO - [2024-05-09T16:35:43.499+0000] {dag.py:3954} INFO - Setting next_dagrun for example_sensors to None, run_after=None
[2024-05-09T16:35:43.507+0000] {processor.py:183} INFO - Processing /home/airflow/.local/lib/python3.12/site-packages/airflow/example_dags/example_sensors.py took 0.032 seconds
[2024-05-09T16:36:14.048+0000] {processor.py:161} INFO - Started process (PID=2018) to work on /home/airflow/.local/lib/python3.12/site-packages/airflow/example_dags/example_sensors.py
[2024-05-09T16:36:14.049+0000] {processor.py:830} INFO - Processing file /home/airflow/.local/lib/python3.12/site-packages/airflow/example_dags/example_sensors.py for tasks to queue
[2024-05-09T16:36:14.050+0000] {logging_mixin.py:188} INFO - [2024-05-09T16:36:14.050+0000] {dagbag.py:545} INFO - Filling up the DagBag from /home/airflow/.local/lib/python3.12/site-packages/airflow/example_dags/example_sensors.py
[2024-05-09T16:36:14.054+0000] {processor.py:840} INFO - DAG(s) 'example_sensors' retrieved from /home/airflow/.local/lib/python3.12/site-packages/airflow/example_dags/example_sensors.py
[2024-05-09T16:36:14.067+0000] {logging_mixin.py:188} INFO - [2024-05-09T16:36:14.067+0000] {dag.py:3096} INFO - Sync 1 DAGs
[2024-05-09T16:36:14.072+0000] {logging_mixin.py:188} INFO - [2024-05-09T16:36:14.072+0000] {dag.py:3954} INFO - Setting next_dagrun for example_sensors to None, run_after=None
[2024-05-09T16:36:14.080+0000] {processor.py:183} INFO - Processing /home/airflow/.local/lib/python3.12/site-packages/airflow/example_dags/example_sensors.py took 0.035 seconds
[2024-05-09T16:36:44.308+0000] {processor.py:161} INFO - Started process (PID=2076) to work on /home/airflow/.local/lib/python3.12/site-packages/airflow/example_dags/example_sensors.py
[2024-05-09T16:36:44.308+0000] {processor.py:830} INFO - Processing file /home/airflow/.local/lib/python3.12/site-packages/airflow/example_dags/example_sensors.py for tasks to queue
[2024-05-09T16:36:44.309+0000] {logging_mixin.py:188} INFO - [2024-05-09T16:36:44.309+0000] {dagbag.py:545} INFO - Filling up the DagBag from /home/airflow/.local/lib/python3.12/site-packages/airflow/example_dags/example_sensors.py
[2024-05-09T16:36:44.313+0000] {processor.py:840} INFO - DAG(s) 'example_sensors' retrieved from /home/airflow/.local/lib/python3.12/site-packages/airflow/example_dags/example_sensors.py
[2024-05-09T16:36:44.324+0000] {logging_mixin.py:188} INFO - [2024-05-09T16:36:44.323+0000] {dag.py:3096} INFO - Sync 1 DAGs
[2024-05-09T16:36:44.328+0000] {logging_mixin.py:188} INFO - [2024-05-09T16:36:44.328+0000] {dag.py:3954} INFO - Setting next_dagrun for example_sensors to None, run_after=None
[2024-05-09T16:36:44.335+0000] {processor.py:183} INFO - Processing /home/airflow/.local/lib/python3.12/site-packages/airflow/example_dags/example_sensors.py took 0.030 seconds
[2024-05-09T16:37:14.654+0000] {processor.py:161} INFO - Started process (PID=2134) to work on /home/airflow/.local/lib/python3.12/site-packages/airflow/example_dags/example_sensors.py
[2024-05-09T16:37:14.655+0000] {processor.py:830} INFO - Processing file /home/airflow/.local/lib/python3.12/site-packages/airflow/example_dags/example_sensors.py for tasks to queue
[2024-05-09T16:37:14.657+0000] {logging_mixin.py:188} INFO - [2024-05-09T16:37:14.657+0000] {dagbag.py:545} INFO - Filling up the DagBag from /home/airflow/.local/lib/python3.12/site-packages/airflow/example_dags/example_sensors.py
[2024-05-09T16:37:14.667+0000] {processor.py:840} INFO - DAG(s) 'example_sensors' retrieved from /home/airflow/.local/lib/python3.12/site-packages/airflow/example_dags/example_sensors.py
[2024-05-09T16:37:14.689+0000] {logging_mixin.py:188} INFO - [2024-05-09T16:37:14.689+0000] {dag.py:3096} INFO - Sync 1 DAGs
[2024-05-09T16:37:14.695+0000] {logging_mixin.py:188} INFO - [2024-05-09T16:37:14.695+0000] {dag.py:3954} INFO - Setting next_dagrun for example_sensors to None, run_after=None
[2024-05-09T16:37:14.703+0000] {processor.py:183} INFO - Processing /home/airflow/.local/lib/python3.12/site-packages/airflow/example_dags/example_sensors.py took 0.053 seconds
[2024-05-09T16:37:44.927+0000] {processor.py:161} INFO - Started process (PID=2192) to work on /home/airflow/.local/lib/python3.12/site-packages/airflow/example_dags/example_sensors.py
[2024-05-09T16:37:44.927+0000] {processor.py:830} INFO - Processing file /home/airflow/.local/lib/python3.12/site-packages/airflow/example_dags/example_sensors.py for tasks to queue
[2024-05-09T16:37:44.928+0000] {logging_mixin.py:188} INFO - [2024-05-09T16:37:44.928+0000] {dagbag.py:545} INFO - Filling up the DagBag from /home/airflow/.local/lib/python3.12/site-packages/airflow/example_dags/example_sensors.py
[2024-05-09T16:37:44.933+0000] {processor.py:840} INFO - DAG(s) 'example_sensors' retrieved from /home/airflow/.local/lib/python3.12/site-packages/airflow/example_dags/example_sensors.py
[2024-05-09T16:37:44.943+0000] {logging_mixin.py:188} INFO - [2024-05-09T16:37:44.943+0000] {dag.py:3096} INFO - Sync 1 DAGs
[2024-05-09T16:37:44.948+0000] {logging_mixin.py:188} INFO - [2024-05-09T16:37:44.948+0000] {dag.py:3954} INFO - Setting next_dagrun for example_sensors to None, run_after=None
[2024-05-09T16:37:44.955+0000] {processor.py:183} INFO - Processing /home/airflow/.local/lib/python3.12/site-packages/airflow/example_dags/example_sensors.py took 0.031 seconds
[2024-05-09T16:38:15.691+0000] {processor.py:161} INFO - Started process (PID=2250) to work on /home/airflow/.local/lib/python3.12/site-packages/airflow/example_dags/example_sensors.py
[2024-05-09T16:38:15.691+0000] {processor.py:830} INFO - Processing file /home/airflow/.local/lib/python3.12/site-packages/airflow/example_dags/example_sensors.py for tasks to queue
[2024-05-09T16:38:15.692+0000] {logging_mixin.py:188} INFO - [2024-05-09T16:38:15.692+0000] {dagbag.py:545} INFO - Filling up the DagBag from /home/airflow/.local/lib/python3.12/site-packages/airflow/example_dags/example_sensors.py
[2024-05-09T16:38:15.696+0000] {processor.py:840} INFO - DAG(s) 'example_sensors' retrieved from /home/airflow/.local/lib/python3.12/site-packages/airflow/example_dags/example_sensors.py
[2024-05-09T16:38:15.787+0000] {logging_mixin.py:188} INFO - [2024-05-09T16:38:15.787+0000] {dag.py:3096} INFO - Sync 1 DAGs
[2024-05-09T16:38:15.791+0000] {logging_mixin.py:188} INFO - [2024-05-09T16:38:15.791+0000] {dag.py:3954} INFO - Setting next_dagrun for example_sensors to None, run_after=None
[2024-05-09T16:38:15.797+0000] {processor.py:183} INFO - Processing /home/airflow/.local/lib/python3.12/site-packages/airflow/example_dags/example_sensors.py took 0.109 seconds
[2024-05-09T16:38:46.177+0000] {processor.py:161} INFO - Started process (PID=2307) to work on /home/airflow/.local/lib/python3.12/site-packages/airflow/example_dags/example_sensors.py
[2024-05-09T16:38:46.178+0000] {processor.py:830} INFO - Processing file /home/airflow/.local/lib/python3.12/site-packages/airflow/example_dags/example_sensors.py for tasks to queue
[2024-05-09T16:38:46.179+0000] {logging_mixin.py:188} INFO - [2024-05-09T16:38:46.179+0000] {dagbag.py:545} INFO - Filling up the DagBag from /home/airflow/.local/lib/python3.12/site-packages/airflow/example_dags/example_sensors.py
[2024-05-09T16:38:46.183+0000] {processor.py:840} INFO - DAG(s) 'example_sensors' retrieved from /home/airflow/.local/lib/python3.12/site-packages/airflow/example_dags/example_sensors.py
[2024-05-09T16:38:46.194+0000] {logging_mixin.py:188} INFO - [2024-05-09T16:38:46.194+0000] {dag.py:3096} INFO - Sync 1 DAGs
[2024-05-09T16:38:46.282+0000] {logging_mixin.py:188} INFO - [2024-05-09T16:38:46.282+0000] {dag.py:3954} INFO - Setting next_dagrun for example_sensors to None, run_after=None
[2024-05-09T16:38:46.288+0000] {processor.py:183} INFO - Processing /home/airflow/.local/lib/python3.12/site-packages/airflow/example_dags/example_sensors.py took 0.114 seconds
[2024-05-09T16:39:17.118+0000] {processor.py:161} INFO - Started process (PID=2364) to work on /home/airflow/.local/lib/python3.12/site-packages/airflow/example_dags/example_sensors.py
[2024-05-09T16:39:17.118+0000] {processor.py:830} INFO - Processing file /home/airflow/.local/lib/python3.12/site-packages/airflow/example_dags/example_sensors.py for tasks to queue
[2024-05-09T16:39:17.119+0000] {logging_mixin.py:188} INFO - [2024-05-09T16:39:17.119+0000] {dagbag.py:545} INFO - Filling up the DagBag from /home/airflow/.local/lib/python3.12/site-packages/airflow/example_dags/example_sensors.py
[2024-05-09T16:39:17.123+0000] {processor.py:840} INFO - DAG(s) 'example_sensors' retrieved from /home/airflow/.local/lib/python3.12/site-packages/airflow/example_dags/example_sensors.py
[2024-05-09T16:39:17.135+0000] {logging_mixin.py:188} INFO - [2024-05-09T16:39:17.135+0000] {dag.py:3096} INFO - Sync 1 DAGs
[2024-05-09T16:39:17.140+0000] {logging_mixin.py:188} INFO - [2024-05-09T16:39:17.140+0000] {dag.py:3954} INFO - Setting next_dagrun for example_sensors to None, run_after=None
[2024-05-09T16:39:17.146+0000] {processor.py:183} INFO - Processing /home/airflow/.local/lib/python3.12/site-packages/airflow/example_dags/example_sensors.py took 0.032 seconds
[2024-05-09T16:39:47.772+0000] {processor.py:161} INFO - Started process (PID=2422) to work on /home/airflow/.local/lib/python3.12/site-packages/airflow/example_dags/example_sensors.py
[2024-05-09T16:39:47.773+0000] {processor.py:830} INFO - Processing file /home/airflow/.local/lib/python3.12/site-packages/airflow/example_dags/example_sensors.py for tasks to queue
[2024-05-09T16:39:47.774+0000] {logging_mixin.py:188} INFO - [2024-05-09T16:39:47.774+0000] {dagbag.py:545} INFO - Filling up the DagBag from /home/airflow/.local/lib/python3.12/site-packages/airflow/example_dags/example_sensors.py
[2024-05-09T16:39:47.778+0000] {processor.py:840} INFO - DAG(s) 'example_sensors' retrieved from /home/airflow/.local/lib/python3.12/site-packages/airflow/example_dags/example_sensors.py
[2024-05-09T16:39:47.789+0000] {logging_mixin.py:188} INFO - [2024-05-09T16:39:47.789+0000] {dag.py:3096} INFO - Sync 1 DAGs
[2024-05-09T16:39:47.794+0000] {logging_mixin.py:188} INFO - [2024-05-09T16:39:47.794+0000] {dag.py:3954} INFO - Setting next_dagrun for example_sensors to None, run_after=None
[2024-05-09T16:39:47.802+0000] {processor.py:183} INFO - Processing /home/airflow/.local/lib/python3.12/site-packages/airflow/example_dags/example_sensors.py took 0.032 seconds
[2024-05-09T16:40:18.463+0000] {processor.py:161} INFO - Started process (PID=2486) to work on /home/airflow/.local/lib/python3.12/site-packages/airflow/example_dags/example_sensors.py
[2024-05-09T16:40:18.463+0000] {processor.py:830} INFO - Processing file /home/airflow/.local/lib/python3.12/site-packages/airflow/example_dags/example_sensors.py for tasks to queue
[2024-05-09T16:40:18.464+0000] {logging_mixin.py:188} INFO - [2024-05-09T16:40:18.464+0000] {dagbag.py:545} INFO - Filling up the DagBag from /home/airflow/.local/lib/python3.12/site-packages/airflow/example_dags/example_sensors.py
[2024-05-09T16:40:18.469+0000] {processor.py:840} INFO - DAG(s) 'example_sensors' retrieved from /home/airflow/.local/lib/python3.12/site-packages/airflow/example_dags/example_sensors.py
[2024-05-09T16:40:18.480+0000] {logging_mixin.py:188} INFO - [2024-05-09T16:40:18.480+0000] {dag.py:3096} INFO - Sync 1 DAGs
[2024-05-09T16:40:18.485+0000] {logging_mixin.py:188} INFO - [2024-05-09T16:40:18.485+0000] {dag.py:3954} INFO - Setting next_dagrun for example_sensors to None, run_after=None
[2024-05-09T16:40:18.492+0000] {processor.py:183} INFO - Processing /home/airflow/.local/lib/python3.12/site-packages/airflow/example_dags/example_sensors.py took 0.032 seconds
[2024-05-09T16:40:49.090+0000] {processor.py:161} INFO - Started process (PID=2544) to work on /home/airflow/.local/lib/python3.12/site-packages/airflow/example_dags/example_sensors.py
[2024-05-09T16:40:49.090+0000] {processor.py:830} INFO - Processing file /home/airflow/.local/lib/python3.12/site-packages/airflow/example_dags/example_sensors.py for tasks to queue
[2024-05-09T16:40:49.091+0000] {logging_mixin.py:188} INFO - [2024-05-09T16:40:49.091+0000] {dagbag.py:545} INFO - Filling up the DagBag from /home/airflow/.local/lib/python3.12/site-packages/airflow/example_dags/example_sensors.py
[2024-05-09T16:40:49.096+0000] {processor.py:840} INFO - DAG(s) 'example_sensors' retrieved from /home/airflow/.local/lib/python3.12/site-packages/airflow/example_dags/example_sensors.py
[2024-05-09T16:40:49.108+0000] {logging_mixin.py:188} INFO - [2024-05-09T16:40:49.108+0000] {dag.py:3096} INFO - Sync 1 DAGs
[2024-05-09T16:40:49.113+0000] {logging_mixin.py:188} INFO - [2024-05-09T16:40:49.113+0000] {dag.py:3954} INFO - Setting next_dagrun for example_sensors to None, run_after=None
[2024-05-09T16:40:49.121+0000] {processor.py:183} INFO - Processing /home/airflow/.local/lib/python3.12/site-packages/airflow/example_dags/example_sensors.py took 0.034 seconds
[2024-05-09T16:41:19.770+0000] {processor.py:161} INFO - Started process (PID=2602) to work on /home/airflow/.local/lib/python3.12/site-packages/airflow/example_dags/example_sensors.py
[2024-05-09T16:41:19.770+0000] {processor.py:830} INFO - Processing file /home/airflow/.local/lib/python3.12/site-packages/airflow/example_dags/example_sensors.py for tasks to queue
[2024-05-09T16:41:19.771+0000] {logging_mixin.py:188} INFO - [2024-05-09T16:41:19.771+0000] {dagbag.py:545} INFO - Filling up the DagBag from /home/airflow/.local/lib/python3.12/site-packages/airflow/example_dags/example_sensors.py
[2024-05-09T16:41:19.775+0000] {processor.py:840} INFO - DAG(s) 'example_sensors' retrieved from /home/airflow/.local/lib/python3.12/site-packages/airflow/example_dags/example_sensors.py
[2024-05-09T16:41:19.786+0000] {logging_mixin.py:188} INFO - [2024-05-09T16:41:19.786+0000] {dag.py:3096} INFO - Sync 1 DAGs
[2024-05-09T16:41:19.791+0000] {logging_mixin.py:188} INFO - [2024-05-09T16:41:19.791+0000] {dag.py:3954} INFO - Setting next_dagrun for example_sensors to None, run_after=None
[2024-05-09T16:41:19.798+0000] {processor.py:183} INFO - Processing /home/airflow/.local/lib/python3.12/site-packages/airflow/example_dags/example_sensors.py took 0.032 seconds
[2024-05-09T16:41:50.482+0000] {processor.py:161} INFO - Started process (PID=2660) to work on /home/airflow/.local/lib/python3.12/site-packages/airflow/example_dags/example_sensors.py
[2024-05-09T16:41:50.483+0000] {processor.py:830} INFO - Processing file /home/airflow/.local/lib/python3.12/site-packages/airflow/example_dags/example_sensors.py for tasks to queue
[2024-05-09T16:41:50.486+0000] {logging_mixin.py:188} INFO - [2024-05-09T16:41:50.485+0000] {dagbag.py:545} INFO - Filling up the DagBag from /home/airflow/.local/lib/python3.12/site-packages/airflow/example_dags/example_sensors.py
[2024-05-09T16:41:50.491+0000] {processor.py:840} INFO - DAG(s) 'example_sensors' retrieved from /home/airflow/.local/lib/python3.12/site-packages/airflow/example_dags/example_sensors.py
[2024-05-09T16:41:50.502+0000] {logging_mixin.py:188} INFO - [2024-05-09T16:41:50.501+0000] {dag.py:3096} INFO - Sync 1 DAGs
[2024-05-09T16:41:50.507+0000] {logging_mixin.py:188} INFO - [2024-05-09T16:41:50.507+0000] {dag.py:3954} INFO - Setting next_dagrun for example_sensors to None, run_after=None
[2024-05-09T16:41:50.515+0000] {processor.py:183} INFO - Processing /home/airflow/.local/lib/python3.12/site-packages/airflow/example_dags/example_sensors.py took 0.038 seconds
[2024-05-09T16:42:21.278+0000] {processor.py:161} INFO - Started process (PID=2718) to work on /home/airflow/.local/lib/python3.12/site-packages/airflow/example_dags/example_sensors.py
[2024-05-09T16:42:21.279+0000] {processor.py:830} INFO - Processing file /home/airflow/.local/lib/python3.12/site-packages/airflow/example_dags/example_sensors.py for tasks to queue
[2024-05-09T16:42:21.280+0000] {logging_mixin.py:188} INFO - [2024-05-09T16:42:21.280+0000] {dagbag.py:545} INFO - Filling up the DagBag from /home/airflow/.local/lib/python3.12/site-packages/airflow/example_dags/example_sensors.py
[2024-05-09T16:42:21.285+0000] {processor.py:840} INFO - DAG(s) 'example_sensors' retrieved from /home/airflow/.local/lib/python3.12/site-packages/airflow/example_dags/example_sensors.py
[2024-05-09T16:42:21.296+0000] {logging_mixin.py:188} INFO - [2024-05-09T16:42:21.296+0000] {dag.py:3096} INFO - Sync 1 DAGs
[2024-05-09T16:42:21.301+0000] {logging_mixin.py:188} INFO - [2024-05-09T16:42:21.301+0000] {dag.py:3954} INFO - Setting next_dagrun for example_sensors to None, run_after=None
[2024-05-09T16:42:21.308+0000] {processor.py:183} INFO - Processing /home/airflow/.local/lib/python3.12/site-packages/airflow/example_dags/example_sensors.py took 0.033 seconds
[2024-05-09T16:42:51.968+0000] {processor.py:161} INFO - Started process (PID=2776) to work on /home/airflow/.local/lib/python3.12/site-packages/airflow/example_dags/example_sensors.py
[2024-05-09T16:42:51.969+0000] {processor.py:830} INFO - Processing file /home/airflow/.local/lib/python3.12/site-packages/airflow/example_dags/example_sensors.py for tasks to queue
[2024-05-09T16:42:51.970+0000] {logging_mixin.py:188} INFO - [2024-05-09T16:42:51.970+0000] {dagbag.py:545} INFO - Filling up the DagBag from /home/airflow/.local/lib/python3.12/site-packages/airflow/example_dags/example_sensors.py
[2024-05-09T16:42:51.974+0000] {processor.py:840} INFO - DAG(s) 'example_sensors' retrieved from /home/airflow/.local/lib/python3.12/site-packages/airflow/example_dags/example_sensors.py
[2024-05-09T16:42:51.987+0000] {logging_mixin.py:188} INFO - [2024-05-09T16:42:51.987+0000] {dag.py:3096} INFO - Sync 1 DAGs
[2024-05-09T16:42:51.992+0000] {logging_mixin.py:188} INFO - [2024-05-09T16:42:51.992+0000] {dag.py:3954} INFO - Setting next_dagrun for example_sensors to None, run_after=None
[2024-05-09T16:42:51.999+0000] {processor.py:183} INFO - Processing /home/airflow/.local/lib/python3.12/site-packages/airflow/example_dags/example_sensors.py took 0.035 seconds
