[2024-05-09T16:18:54.997+0000] {processor.py:161} INFO - Started process (PID=32) to work on /home/airflow/.local/lib/python3.12/site-packages/airflow/example_dags/example_xcomargs.py
[2024-05-09T16:18:54.999+0000] {processor.py:830} INFO - Processing file /home/airflow/.local/lib/python3.12/site-packages/airflow/example_dags/example_xcomargs.py for tasks to queue
[2024-05-09T16:18:55.001+0000] {logging_mixin.py:188} INFO - [2024-05-09T16:18:55.001+0000] {dagbag.py:545} INFO - Filling up the DagBag from /home/airflow/.local/lib/python3.12/site-packages/airflow/example_dags/example_xcomargs.py
[2024-05-09T16:18:55.010+0000] {processor.py:840} INFO - DAG(s) 'example_xcom_args_with_operators', 'example_xcom_args' retrieved from /home/airflow/.local/lib/python3.12/site-packages/airflow/example_dags/example_xcomargs.py
[2024-05-09T16:18:55.129+0000] {logging_mixin.py:188} INFO - [2024-05-09T16:18:55.129+0000] {override.py:1829} INFO - Created Permission View: can edit on DAG:example_xcom_args_with_operators
[2024-05-09T16:18:55.134+0000] {logging_mixin.py:188} INFO - [2024-05-09T16:18:55.134+0000] {override.py:1829} INFO - Created Permission View: can delete on DAG:example_xcom_args_with_operators
[2024-05-09T16:18:55.136+0000] {logging_mixin.py:188} INFO - [2024-05-09T16:18:55.136+0000] {override.py:1829} INFO - Created Permission View: can read on DAG:example_xcom_args_with_operators
[2024-05-09T16:18:55.142+0000] {logging_mixin.py:188} INFO - [2024-05-09T16:18:55.142+0000] {override.py:1829} INFO - Created Permission View: can edit on DAG:example_xcom_args
[2024-05-09T16:18:55.148+0000] {logging_mixin.py:188} INFO - [2024-05-09T16:18:55.148+0000] {override.py:1829} INFO - Created Permission View: can delete on DAG:example_xcom_args
[2024-05-09T16:18:55.153+0000] {logging_mixin.py:188} INFO - [2024-05-09T16:18:55.153+0000] {override.py:1829} INFO - Created Permission View: can read on DAG:example_xcom_args
[2024-05-09T16:18:55.154+0000] {logging_mixin.py:188} INFO - [2024-05-09T16:18:55.154+0000] {dag.py:3096} INFO - Sync 2 DAGs
[2024-05-09T16:18:55.162+0000] {logging_mixin.py:188} INFO - [2024-05-09T16:18:55.162+0000] {dag.py:3118} INFO - Creating ORM DAG for example_xcom_args_with_operators
[2024-05-09T16:18:55.163+0000] {logging_mixin.py:188} INFO - [2024-05-09T16:18:55.163+0000] {dag.py:3118} INFO - Creating ORM DAG for example_xcom_args
[2024-05-09T16:18:55.164+0000] {logging_mixin.py:188} INFO - [2024-05-09T16:18:55.164+0000] {dag.py:3954} INFO - Setting next_dagrun for example_xcom_args to None, run_after=None
[2024-05-09T16:18:55.165+0000] {logging_mixin.py:188} INFO - [2024-05-09T16:18:55.165+0000] {dag.py:3954} INFO - Setting next_dagrun for example_xcom_args_with_operators to None, run_after=None
[2024-05-09T16:18:55.178+0000] {processor.py:183} INFO - Processing /home/airflow/.local/lib/python3.12/site-packages/airflow/example_dags/example_xcomargs.py took 0.188 seconds
[2024-05-09T16:19:25.285+0000] {processor.py:161} INFO - Started process (PID=89) to work on /home/airflow/.local/lib/python3.12/site-packages/airflow/example_dags/example_xcomargs.py
[2024-05-09T16:19:25.286+0000] {processor.py:830} INFO - Processing file /home/airflow/.local/lib/python3.12/site-packages/airflow/example_dags/example_xcomargs.py for tasks to queue
[2024-05-09T16:19:25.287+0000] {logging_mixin.py:188} INFO - [2024-05-09T16:19:25.287+0000] {dagbag.py:545} INFO - Filling up the DagBag from /home/airflow/.local/lib/python3.12/site-packages/airflow/example_dags/example_xcomargs.py
[2024-05-09T16:19:25.290+0000] {processor.py:840} INFO - DAG(s) 'example_xcom_args', 'example_xcom_args_with_operators' retrieved from /home/airflow/.local/lib/python3.12/site-packages/airflow/example_dags/example_xcomargs.py
[2024-05-09T16:19:25.300+0000] {logging_mixin.py:188} INFO - [2024-05-09T16:19:25.300+0000] {dag.py:3096} INFO - Sync 2 DAGs
[2024-05-09T16:19:25.305+0000] {logging_mixin.py:188} INFO - [2024-05-09T16:19:25.305+0000] {dag.py:3954} INFO - Setting next_dagrun for example_xcom_args to None, run_after=None
[2024-05-09T16:19:25.307+0000] {logging_mixin.py:188} INFO - [2024-05-09T16:19:25.307+0000] {dag.py:3954} INFO - Setting next_dagrun for example_xcom_args_with_operators to None, run_after=None
[2024-05-09T16:19:25.313+0000] {processor.py:183} INFO - Processing /home/airflow/.local/lib/python3.12/site-packages/airflow/example_dags/example_xcomargs.py took 0.030 seconds
[2024-05-09T16:19:55.780+0000] {processor.py:161} INFO - Started process (PID=147) to work on /home/airflow/.local/lib/python3.12/site-packages/airflow/example_dags/example_xcomargs.py
[2024-05-09T16:19:55.781+0000] {processor.py:830} INFO - Processing file /home/airflow/.local/lib/python3.12/site-packages/airflow/example_dags/example_xcomargs.py for tasks to queue
[2024-05-09T16:19:55.782+0000] {logging_mixin.py:188} INFO - [2024-05-09T16:19:55.782+0000] {dagbag.py:545} INFO - Filling up the DagBag from /home/airflow/.local/lib/python3.12/site-packages/airflow/example_dags/example_xcomargs.py
[2024-05-09T16:19:55.789+0000] {processor.py:840} INFO - DAG(s) 'example_xcom_args', 'example_xcom_args_with_operators' retrieved from /home/airflow/.local/lib/python3.12/site-packages/airflow/example_dags/example_xcomargs.py
[2024-05-09T16:19:55.804+0000] {logging_mixin.py:188} INFO - [2024-05-09T16:19:55.804+0000] {dag.py:3096} INFO - Sync 2 DAGs
[2024-05-09T16:19:55.811+0000] {logging_mixin.py:188} INFO - [2024-05-09T16:19:55.810+0000] {dag.py:3954} INFO - Setting next_dagrun for example_xcom_args to None, run_after=None
[2024-05-09T16:19:55.813+0000] {logging_mixin.py:188} INFO - [2024-05-09T16:19:55.812+0000] {dag.py:3954} INFO - Setting next_dagrun for example_xcom_args_with_operators to None, run_after=None
[2024-05-09T16:19:55.820+0000] {processor.py:183} INFO - Processing /home/airflow/.local/lib/python3.12/site-packages/airflow/example_dags/example_xcomargs.py took 0.046 seconds
[2024-05-09T16:20:26.246+0000] {processor.py:161} INFO - Started process (PID=205) to work on /home/airflow/.local/lib/python3.12/site-packages/airflow/example_dags/example_xcomargs.py
[2024-05-09T16:20:26.247+0000] {processor.py:830} INFO - Processing file /home/airflow/.local/lib/python3.12/site-packages/airflow/example_dags/example_xcomargs.py for tasks to queue
[2024-05-09T16:20:26.249+0000] {logging_mixin.py:188} INFO - [2024-05-09T16:20:26.249+0000] {dagbag.py:545} INFO - Filling up the DagBag from /home/airflow/.local/lib/python3.12/site-packages/airflow/example_dags/example_xcomargs.py
[2024-05-09T16:20:26.256+0000] {processor.py:840} INFO - DAG(s) 'example_xcom_args', 'example_xcom_args_with_operators' retrieved from /home/airflow/.local/lib/python3.12/site-packages/airflow/example_dags/example_xcomargs.py
[2024-05-09T16:20:26.271+0000] {logging_mixin.py:188} INFO - [2024-05-09T16:20:26.270+0000] {dag.py:3096} INFO - Sync 2 DAGs
[2024-05-09T16:20:26.277+0000] {logging_mixin.py:188} INFO - [2024-05-09T16:20:26.277+0000] {dag.py:3954} INFO - Setting next_dagrun for example_xcom_args to None, run_after=None
[2024-05-09T16:20:26.279+0000] {logging_mixin.py:188} INFO - [2024-05-09T16:20:26.279+0000] {dag.py:3954} INFO - Setting next_dagrun for example_xcom_args_with_operators to None, run_after=None
[2024-05-09T16:20:26.286+0000] {processor.py:183} INFO - Processing /home/airflow/.local/lib/python3.12/site-packages/airflow/example_dags/example_xcomargs.py took 0.048 seconds
[2024-05-09T16:20:56.736+0000] {processor.py:161} INFO - Started process (PID=263) to work on /home/airflow/.local/lib/python3.12/site-packages/airflow/example_dags/example_xcomargs.py
[2024-05-09T16:20:56.737+0000] {processor.py:830} INFO - Processing file /home/airflow/.local/lib/python3.12/site-packages/airflow/example_dags/example_xcomargs.py for tasks to queue
[2024-05-09T16:20:56.739+0000] {logging_mixin.py:188} INFO - [2024-05-09T16:20:56.739+0000] {dagbag.py:545} INFO - Filling up the DagBag from /home/airflow/.local/lib/python3.12/site-packages/airflow/example_dags/example_xcomargs.py
[2024-05-09T16:20:56.746+0000] {processor.py:840} INFO - DAG(s) 'example_xcom_args_with_operators', 'example_xcom_args' retrieved from /home/airflow/.local/lib/python3.12/site-packages/airflow/example_dags/example_xcomargs.py
[2024-05-09T16:20:56.761+0000] {logging_mixin.py:188} INFO - [2024-05-09T16:20:56.761+0000] {dag.py:3096} INFO - Sync 2 DAGs
[2024-05-09T16:20:56.768+0000] {logging_mixin.py:188} INFO - [2024-05-09T16:20:56.768+0000] {dag.py:3954} INFO - Setting next_dagrun for example_xcom_args to None, run_after=None
[2024-05-09T16:20:56.770+0000] {logging_mixin.py:188} INFO - [2024-05-09T16:20:56.770+0000] {dag.py:3954} INFO - Setting next_dagrun for example_xcom_args_with_operators to None, run_after=None
[2024-05-09T16:20:56.778+0000] {processor.py:183} INFO - Processing /home/airflow/.local/lib/python3.12/site-packages/airflow/example_dags/example_xcomargs.py took 0.048 seconds
[2024-05-09T16:21:27.153+0000] {processor.py:161} INFO - Started process (PID=321) to work on /home/airflow/.local/lib/python3.12/site-packages/airflow/example_dags/example_xcomargs.py
[2024-05-09T16:21:27.154+0000] {processor.py:830} INFO - Processing file /home/airflow/.local/lib/python3.12/site-packages/airflow/example_dags/example_xcomargs.py for tasks to queue
[2024-05-09T16:21:27.156+0000] {logging_mixin.py:188} INFO - [2024-05-09T16:21:27.155+0000] {dagbag.py:545} INFO - Filling up the DagBag from /home/airflow/.local/lib/python3.12/site-packages/airflow/example_dags/example_xcomargs.py
[2024-05-09T16:21:27.163+0000] {processor.py:840} INFO - DAG(s) 'example_xcom_args', 'example_xcom_args_with_operators' retrieved from /home/airflow/.local/lib/python3.12/site-packages/airflow/example_dags/example_xcomargs.py
[2024-05-09T16:21:27.177+0000] {logging_mixin.py:188} INFO - [2024-05-09T16:21:27.177+0000] {dag.py:3096} INFO - Sync 2 DAGs
[2024-05-09T16:21:27.184+0000] {logging_mixin.py:188} INFO - [2024-05-09T16:21:27.184+0000] {dag.py:3954} INFO - Setting next_dagrun for example_xcom_args to None, run_after=None
[2024-05-09T16:21:27.186+0000] {logging_mixin.py:188} INFO - [2024-05-09T16:21:27.186+0000] {dag.py:3954} INFO - Setting next_dagrun for example_xcom_args_with_operators to None, run_after=None
[2024-05-09T16:21:27.193+0000] {processor.py:183} INFO - Processing /home/airflow/.local/lib/python3.12/site-packages/airflow/example_dags/example_xcomargs.py took 0.046 seconds
[2024-05-09T16:21:57.661+0000] {processor.py:161} INFO - Started process (PID=379) to work on /home/airflow/.local/lib/python3.12/site-packages/airflow/example_dags/example_xcomargs.py
[2024-05-09T16:21:57.662+0000] {processor.py:830} INFO - Processing file /home/airflow/.local/lib/python3.12/site-packages/airflow/example_dags/example_xcomargs.py for tasks to queue
[2024-05-09T16:21:57.664+0000] {logging_mixin.py:188} INFO - [2024-05-09T16:21:57.663+0000] {dagbag.py:545} INFO - Filling up the DagBag from /home/airflow/.local/lib/python3.12/site-packages/airflow/example_dags/example_xcomargs.py
[2024-05-09T16:21:57.670+0000] {processor.py:840} INFO - DAG(s) 'example_xcom_args_with_operators', 'example_xcom_args' retrieved from /home/airflow/.local/lib/python3.12/site-packages/airflow/example_dags/example_xcomargs.py
[2024-05-09T16:21:57.686+0000] {logging_mixin.py:188} INFO - [2024-05-09T16:21:57.686+0000] {dag.py:3096} INFO - Sync 2 DAGs
[2024-05-09T16:21:57.693+0000] {logging_mixin.py:188} INFO - [2024-05-09T16:21:57.693+0000] {dag.py:3954} INFO - Setting next_dagrun for example_xcom_args to None, run_after=None
[2024-05-09T16:21:57.695+0000] {logging_mixin.py:188} INFO - [2024-05-09T16:21:57.695+0000] {dag.py:3954} INFO - Setting next_dagrun for example_xcom_args_with_operators to None, run_after=None
[2024-05-09T16:21:57.702+0000] {processor.py:183} INFO - Processing /home/airflow/.local/lib/python3.12/site-packages/airflow/example_dags/example_xcomargs.py took 0.047 seconds
[2024-05-09T16:22:28.194+0000] {processor.py:161} INFO - Started process (PID=437) to work on /home/airflow/.local/lib/python3.12/site-packages/airflow/example_dags/example_xcomargs.py
[2024-05-09T16:22:28.194+0000] {processor.py:830} INFO - Processing file /home/airflow/.local/lib/python3.12/site-packages/airflow/example_dags/example_xcomargs.py for tasks to queue
[2024-05-09T16:22:28.196+0000] {logging_mixin.py:188} INFO - [2024-05-09T16:22:28.196+0000] {dagbag.py:545} INFO - Filling up the DagBag from /home/airflow/.local/lib/python3.12/site-packages/airflow/example_dags/example_xcomargs.py
[2024-05-09T16:22:28.202+0000] {processor.py:840} INFO - DAG(s) 'example_xcom_args', 'example_xcom_args_with_operators' retrieved from /home/airflow/.local/lib/python3.12/site-packages/airflow/example_dags/example_xcomargs.py
[2024-05-09T16:22:28.216+0000] {logging_mixin.py:188} INFO - [2024-05-09T16:22:28.216+0000] {dag.py:3096} INFO - Sync 2 DAGs
[2024-05-09T16:22:28.225+0000] {logging_mixin.py:188} INFO - [2024-05-09T16:22:28.225+0000] {dag.py:3954} INFO - Setting next_dagrun for example_xcom_args to None, run_after=None
[2024-05-09T16:22:28.227+0000] {logging_mixin.py:188} INFO - [2024-05-09T16:22:28.227+0000] {dag.py:3954} INFO - Setting next_dagrun for example_xcom_args_with_operators to None, run_after=None
[2024-05-09T16:22:28.235+0000] {processor.py:183} INFO - Processing /home/airflow/.local/lib/python3.12/site-packages/airflow/example_dags/example_xcomargs.py took 0.047 seconds
[2024-05-09T16:22:58.677+0000] {processor.py:161} INFO - Started process (PID=495) to work on /home/airflow/.local/lib/python3.12/site-packages/airflow/example_dags/example_xcomargs.py
[2024-05-09T16:22:58.678+0000] {processor.py:830} INFO - Processing file /home/airflow/.local/lib/python3.12/site-packages/airflow/example_dags/example_xcomargs.py for tasks to queue
[2024-05-09T16:22:58.680+0000] {logging_mixin.py:188} INFO - [2024-05-09T16:22:58.680+0000] {dagbag.py:545} INFO - Filling up the DagBag from /home/airflow/.local/lib/python3.12/site-packages/airflow/example_dags/example_xcomargs.py
[2024-05-09T16:22:58.687+0000] {processor.py:840} INFO - DAG(s) 'example_xcom_args', 'example_xcom_args_with_operators' retrieved from /home/airflow/.local/lib/python3.12/site-packages/airflow/example_dags/example_xcomargs.py
[2024-05-09T16:22:58.702+0000] {logging_mixin.py:188} INFO - [2024-05-09T16:22:58.702+0000] {dag.py:3096} INFO - Sync 2 DAGs
[2024-05-09T16:22:58.709+0000] {logging_mixin.py:188} INFO - [2024-05-09T16:22:58.709+0000] {dag.py:3954} INFO - Setting next_dagrun for example_xcom_args to None, run_after=None
[2024-05-09T16:22:58.711+0000] {logging_mixin.py:188} INFO - [2024-05-09T16:22:58.711+0000] {dag.py:3954} INFO - Setting next_dagrun for example_xcom_args_with_operators to None, run_after=None
[2024-05-09T16:22:58.718+0000] {processor.py:183} INFO - Processing /home/airflow/.local/lib/python3.12/site-packages/airflow/example_dags/example_xcomargs.py took 0.048 seconds
[2024-05-09T16:23:29.156+0000] {processor.py:161} INFO - Started process (PID=553) to work on /home/airflow/.local/lib/python3.12/site-packages/airflow/example_dags/example_xcomargs.py
[2024-05-09T16:23:29.156+0000] {processor.py:830} INFO - Processing file /home/airflow/.local/lib/python3.12/site-packages/airflow/example_dags/example_xcomargs.py for tasks to queue
[2024-05-09T16:23:29.158+0000] {logging_mixin.py:188} INFO - [2024-05-09T16:23:29.158+0000] {dagbag.py:545} INFO - Filling up the DagBag from /home/airflow/.local/lib/python3.12/site-packages/airflow/example_dags/example_xcomargs.py
[2024-05-09T16:23:29.164+0000] {processor.py:840} INFO - DAG(s) 'example_xcom_args', 'example_xcom_args_with_operators' retrieved from /home/airflow/.local/lib/python3.12/site-packages/airflow/example_dags/example_xcomargs.py
[2024-05-09T16:23:29.176+0000] {logging_mixin.py:188} INFO - [2024-05-09T16:23:29.176+0000] {dag.py:3096} INFO - Sync 2 DAGs
[2024-05-09T16:23:29.182+0000] {logging_mixin.py:188} INFO - [2024-05-09T16:23:29.182+0000] {dag.py:3954} INFO - Setting next_dagrun for example_xcom_args to None, run_after=None
[2024-05-09T16:23:29.184+0000] {logging_mixin.py:188} INFO - [2024-05-09T16:23:29.184+0000] {dag.py:3954} INFO - Setting next_dagrun for example_xcom_args_with_operators to None, run_after=None
[2024-05-09T16:23:29.191+0000] {processor.py:183} INFO - Processing /home/airflow/.local/lib/python3.12/site-packages/airflow/example_dags/example_xcomargs.py took 0.040 seconds
[2024-05-09T16:23:59.724+0000] {processor.py:161} INFO - Started process (PID=611) to work on /home/airflow/.local/lib/python3.12/site-packages/airflow/example_dags/example_xcomargs.py
[2024-05-09T16:23:59.725+0000] {processor.py:830} INFO - Processing file /home/airflow/.local/lib/python3.12/site-packages/airflow/example_dags/example_xcomargs.py for tasks to queue
[2024-05-09T16:23:59.728+0000] {logging_mixin.py:188} INFO - [2024-05-09T16:23:59.728+0000] {dagbag.py:545} INFO - Filling up the DagBag from /home/airflow/.local/lib/python3.12/site-packages/airflow/example_dags/example_xcomargs.py
[2024-05-09T16:23:59.735+0000] {processor.py:840} INFO - DAG(s) 'example_xcom_args_with_operators', 'example_xcom_args' retrieved from /home/airflow/.local/lib/python3.12/site-packages/airflow/example_dags/example_xcomargs.py
[2024-05-09T16:23:59.751+0000] {logging_mixin.py:188} INFO - [2024-05-09T16:23:59.751+0000] {dag.py:3096} INFO - Sync 2 DAGs
[2024-05-09T16:23:59.760+0000] {logging_mixin.py:188} INFO - [2024-05-09T16:23:59.759+0000] {dag.py:3954} INFO - Setting next_dagrun for example_xcom_args to None, run_after=None
[2024-05-09T16:23:59.762+0000] {logging_mixin.py:188} INFO - [2024-05-09T16:23:59.762+0000] {dag.py:3954} INFO - Setting next_dagrun for example_xcom_args_with_operators to None, run_after=None
[2024-05-09T16:23:59.769+0000] {processor.py:183} INFO - Processing /home/airflow/.local/lib/python3.12/site-packages/airflow/example_dags/example_xcomargs.py took 0.052 seconds
[2024-05-09T16:24:30.195+0000] {processor.py:161} INFO - Started process (PID=669) to work on /home/airflow/.local/lib/python3.12/site-packages/airflow/example_dags/example_xcomargs.py
[2024-05-09T16:24:30.195+0000] {processor.py:830} INFO - Processing file /home/airflow/.local/lib/python3.12/site-packages/airflow/example_dags/example_xcomargs.py for tasks to queue
[2024-05-09T16:24:30.197+0000] {logging_mixin.py:188} INFO - [2024-05-09T16:24:30.196+0000] {dagbag.py:545} INFO - Filling up the DagBag from /home/airflow/.local/lib/python3.12/site-packages/airflow/example_dags/example_xcomargs.py
[2024-05-09T16:24:30.202+0000] {processor.py:840} INFO - DAG(s) 'example_xcom_args', 'example_xcom_args_with_operators' retrieved from /home/airflow/.local/lib/python3.12/site-packages/airflow/example_dags/example_xcomargs.py
[2024-05-09T16:24:30.216+0000] {logging_mixin.py:188} INFO - [2024-05-09T16:24:30.216+0000] {dag.py:3096} INFO - Sync 2 DAGs
[2024-05-09T16:24:30.222+0000] {logging_mixin.py:188} INFO - [2024-05-09T16:24:30.222+0000] {dag.py:3954} INFO - Setting next_dagrun for example_xcom_args to None, run_after=None
[2024-05-09T16:24:30.224+0000] {logging_mixin.py:188} INFO - [2024-05-09T16:24:30.224+0000] {dag.py:3954} INFO - Setting next_dagrun for example_xcom_args_with_operators to None, run_after=None
[2024-05-09T16:24:30.231+0000] {processor.py:183} INFO - Processing /home/airflow/.local/lib/python3.12/site-packages/airflow/example_dags/example_xcomargs.py took 0.041 seconds
[2024-05-09T16:25:00.629+0000] {processor.py:161} INFO - Started process (PID=731) to work on /home/airflow/.local/lib/python3.12/site-packages/airflow/example_dags/example_xcomargs.py
[2024-05-09T16:25:00.630+0000] {processor.py:830} INFO - Processing file /home/airflow/.local/lib/python3.12/site-packages/airflow/example_dags/example_xcomargs.py for tasks to queue
[2024-05-09T16:25:00.631+0000] {logging_mixin.py:188} INFO - [2024-05-09T16:25:00.631+0000] {dagbag.py:545} INFO - Filling up the DagBag from /home/airflow/.local/lib/python3.12/site-packages/airflow/example_dags/example_xcomargs.py
[2024-05-09T16:25:00.635+0000] {processor.py:840} INFO - DAG(s) 'example_xcom_args', 'example_xcom_args_with_operators' retrieved from /home/airflow/.local/lib/python3.12/site-packages/airflow/example_dags/example_xcomargs.py
[2024-05-09T16:25:00.655+0000] {logging_mixin.py:188} INFO - [2024-05-09T16:25:00.654+0000] {dag.py:3096} INFO - Sync 2 DAGs
[2024-05-09T16:25:00.660+0000] {logging_mixin.py:188} INFO - [2024-05-09T16:25:00.660+0000] {dag.py:3954} INFO - Setting next_dagrun for example_xcom_args to None, run_after=None
[2024-05-09T16:25:00.662+0000] {logging_mixin.py:188} INFO - [2024-05-09T16:25:00.662+0000] {dag.py:3954} INFO - Setting next_dagrun for example_xcom_args_with_operators to None, run_after=None
[2024-05-09T16:25:00.669+0000] {processor.py:183} INFO - Processing /home/airflow/.local/lib/python3.12/site-packages/airflow/example_dags/example_xcomargs.py took 0.043 seconds
[2024-05-09T16:25:31.091+0000] {processor.py:161} INFO - Started process (PID=789) to work on /home/airflow/.local/lib/python3.12/site-packages/airflow/example_dags/example_xcomargs.py
[2024-05-09T16:25:31.092+0000] {processor.py:830} INFO - Processing file /home/airflow/.local/lib/python3.12/site-packages/airflow/example_dags/example_xcomargs.py for tasks to queue
[2024-05-09T16:25:31.093+0000] {logging_mixin.py:188} INFO - [2024-05-09T16:25:31.093+0000] {dagbag.py:545} INFO - Filling up the DagBag from /home/airflow/.local/lib/python3.12/site-packages/airflow/example_dags/example_xcomargs.py
[2024-05-09T16:25:31.097+0000] {processor.py:840} INFO - DAG(s) 'example_xcom_args', 'example_xcom_args_with_operators' retrieved from /home/airflow/.local/lib/python3.12/site-packages/airflow/example_dags/example_xcomargs.py
[2024-05-09T16:25:31.108+0000] {logging_mixin.py:188} INFO - [2024-05-09T16:25:31.108+0000] {dag.py:3096} INFO - Sync 2 DAGs
[2024-05-09T16:25:31.113+0000] {logging_mixin.py:188} INFO - [2024-05-09T16:25:31.113+0000] {dag.py:3954} INFO - Setting next_dagrun for example_xcom_args to None, run_after=None
[2024-05-09T16:25:31.115+0000] {logging_mixin.py:188} INFO - [2024-05-09T16:25:31.115+0000] {dag.py:3954} INFO - Setting next_dagrun for example_xcom_args_with_operators to None, run_after=None
[2024-05-09T16:25:31.122+0000] {processor.py:183} INFO - Processing /home/airflow/.local/lib/python3.12/site-packages/airflow/example_dags/example_xcomargs.py took 0.034 seconds
[2024-05-09T16:26:01.629+0000] {processor.py:161} INFO - Started process (PID=847) to work on /home/airflow/.local/lib/python3.12/site-packages/airflow/example_dags/example_xcomargs.py
[2024-05-09T16:26:01.630+0000] {processor.py:830} INFO - Processing file /home/airflow/.local/lib/python3.12/site-packages/airflow/example_dags/example_xcomargs.py for tasks to queue
[2024-05-09T16:26:01.633+0000] {logging_mixin.py:188} INFO - [2024-05-09T16:26:01.633+0000] {dagbag.py:545} INFO - Filling up the DagBag from /home/airflow/.local/lib/python3.12/site-packages/airflow/example_dags/example_xcomargs.py
[2024-05-09T16:26:01.639+0000] {processor.py:840} INFO - DAG(s) 'example_xcom_args', 'example_xcom_args_with_operators' retrieved from /home/airflow/.local/lib/python3.12/site-packages/airflow/example_dags/example_xcomargs.py
[2024-05-09T16:26:01.654+0000] {logging_mixin.py:188} INFO - [2024-05-09T16:26:01.654+0000] {dag.py:3096} INFO - Sync 2 DAGs
[2024-05-09T16:26:01.662+0000] {logging_mixin.py:188} INFO - [2024-05-09T16:26:01.661+0000] {dag.py:3954} INFO - Setting next_dagrun for example_xcom_args to None, run_after=None
[2024-05-09T16:26:01.665+0000] {logging_mixin.py:188} INFO - [2024-05-09T16:26:01.664+0000] {dag.py:3954} INFO - Setting next_dagrun for example_xcom_args_with_operators to None, run_after=None
[2024-05-09T16:26:01.673+0000] {processor.py:183} INFO - Processing /home/airflow/.local/lib/python3.12/site-packages/airflow/example_dags/example_xcomargs.py took 0.050 seconds
[2024-05-09T16:26:32.218+0000] {processor.py:161} INFO - Started process (PID=905) to work on /home/airflow/.local/lib/python3.12/site-packages/airflow/example_dags/example_xcomargs.py
[2024-05-09T16:26:32.219+0000] {processor.py:830} INFO - Processing file /home/airflow/.local/lib/python3.12/site-packages/airflow/example_dags/example_xcomargs.py for tasks to queue
[2024-05-09T16:26:32.221+0000] {logging_mixin.py:188} INFO - [2024-05-09T16:26:32.220+0000] {dagbag.py:545} INFO - Filling up the DagBag from /home/airflow/.local/lib/python3.12/site-packages/airflow/example_dags/example_xcomargs.py
[2024-05-09T16:26:32.227+0000] {processor.py:840} INFO - DAG(s) 'example_xcom_args_with_operators', 'example_xcom_args' retrieved from /home/airflow/.local/lib/python3.12/site-packages/airflow/example_dags/example_xcomargs.py
[2024-05-09T16:26:32.242+0000] {logging_mixin.py:188} INFO - [2024-05-09T16:26:32.242+0000] {dag.py:3096} INFO - Sync 2 DAGs
[2024-05-09T16:26:32.249+0000] {logging_mixin.py:188} INFO - [2024-05-09T16:26:32.249+0000] {dag.py:3954} INFO - Setting next_dagrun for example_xcom_args to None, run_after=None
[2024-05-09T16:26:32.250+0000] {logging_mixin.py:188} INFO - [2024-05-09T16:26:32.250+0000] {dag.py:3954} INFO - Setting next_dagrun for example_xcom_args_with_operators to None, run_after=None
[2024-05-09T16:26:32.258+0000] {processor.py:183} INFO - Processing /home/airflow/.local/lib/python3.12/site-packages/airflow/example_dags/example_xcomargs.py took 0.046 seconds
[2024-05-09T16:27:02.640+0000] {processor.py:161} INFO - Started process (PID=963) to work on /home/airflow/.local/lib/python3.12/site-packages/airflow/example_dags/example_xcomargs.py
[2024-05-09T16:27:02.641+0000] {processor.py:830} INFO - Processing file /home/airflow/.local/lib/python3.12/site-packages/airflow/example_dags/example_xcomargs.py for tasks to queue
[2024-05-09T16:27:02.643+0000] {logging_mixin.py:188} INFO - [2024-05-09T16:27:02.643+0000] {dagbag.py:545} INFO - Filling up the DagBag from /home/airflow/.local/lib/python3.12/site-packages/airflow/example_dags/example_xcomargs.py
[2024-05-09T16:27:02.650+0000] {processor.py:840} INFO - DAG(s) 'example_xcom_args_with_operators', 'example_xcom_args' retrieved from /home/airflow/.local/lib/python3.12/site-packages/airflow/example_dags/example_xcomargs.py
[2024-05-09T16:27:02.665+0000] {logging_mixin.py:188} INFO - [2024-05-09T16:27:02.665+0000] {dag.py:3096} INFO - Sync 2 DAGs
[2024-05-09T16:27:02.672+0000] {logging_mixin.py:188} INFO - [2024-05-09T16:27:02.672+0000] {dag.py:3954} INFO - Setting next_dagrun for example_xcom_args to None, run_after=None
[2024-05-09T16:27:02.674+0000] {logging_mixin.py:188} INFO - [2024-05-09T16:27:02.674+0000] {dag.py:3954} INFO - Setting next_dagrun for example_xcom_args_with_operators to None, run_after=None
[2024-05-09T16:27:02.682+0000] {processor.py:183} INFO - Processing /home/airflow/.local/lib/python3.12/site-packages/airflow/example_dags/example_xcomargs.py took 0.049 seconds
[2024-05-09T16:27:33.182+0000] {processor.py:161} INFO - Started process (PID=1021) to work on /home/airflow/.local/lib/python3.12/site-packages/airflow/example_dags/example_xcomargs.py
[2024-05-09T16:27:33.183+0000] {processor.py:830} INFO - Processing file /home/airflow/.local/lib/python3.12/site-packages/airflow/example_dags/example_xcomargs.py for tasks to queue
[2024-05-09T16:27:33.185+0000] {logging_mixin.py:188} INFO - [2024-05-09T16:27:33.184+0000] {dagbag.py:545} INFO - Filling up the DagBag from /home/airflow/.local/lib/python3.12/site-packages/airflow/example_dags/example_xcomargs.py
[2024-05-09T16:27:33.191+0000] {processor.py:840} INFO - DAG(s) 'example_xcom_args_with_operators', 'example_xcom_args' retrieved from /home/airflow/.local/lib/python3.12/site-packages/airflow/example_dags/example_xcomargs.py
[2024-05-09T16:27:33.206+0000] {logging_mixin.py:188} INFO - [2024-05-09T16:27:33.206+0000] {dag.py:3096} INFO - Sync 2 DAGs
[2024-05-09T16:27:33.213+0000] {logging_mixin.py:188} INFO - [2024-05-09T16:27:33.213+0000] {dag.py:3954} INFO - Setting next_dagrun for example_xcom_args to None, run_after=None
[2024-05-09T16:27:33.215+0000] {logging_mixin.py:188} INFO - [2024-05-09T16:27:33.215+0000] {dag.py:3954} INFO - Setting next_dagrun for example_xcom_args_with_operators to None, run_after=None
[2024-05-09T16:27:33.223+0000] {processor.py:183} INFO - Processing /home/airflow/.local/lib/python3.12/site-packages/airflow/example_dags/example_xcomargs.py took 0.048 seconds
[2024-05-09T16:28:03.644+0000] {processor.py:161} INFO - Started process (PID=1079) to work on /home/airflow/.local/lib/python3.12/site-packages/airflow/example_dags/example_xcomargs.py
[2024-05-09T16:28:03.645+0000] {processor.py:830} INFO - Processing file /home/airflow/.local/lib/python3.12/site-packages/airflow/example_dags/example_xcomargs.py for tasks to queue
[2024-05-09T16:28:03.647+0000] {logging_mixin.py:188} INFO - [2024-05-09T16:28:03.647+0000] {dagbag.py:545} INFO - Filling up the DagBag from /home/airflow/.local/lib/python3.12/site-packages/airflow/example_dags/example_xcomargs.py
[2024-05-09T16:28:03.654+0000] {processor.py:840} INFO - DAG(s) 'example_xcom_args', 'example_xcom_args_with_operators' retrieved from /home/airflow/.local/lib/python3.12/site-packages/airflow/example_dags/example_xcomargs.py
[2024-05-09T16:28:03.668+0000] {logging_mixin.py:188} INFO - [2024-05-09T16:28:03.668+0000] {dag.py:3096} INFO - Sync 2 DAGs
[2024-05-09T16:28:03.675+0000] {logging_mixin.py:188} INFO - [2024-05-09T16:28:03.675+0000] {dag.py:3954} INFO - Setting next_dagrun for example_xcom_args to None, run_after=None
[2024-05-09T16:28:03.677+0000] {logging_mixin.py:188} INFO - [2024-05-09T16:28:03.677+0000] {dag.py:3954} INFO - Setting next_dagrun for example_xcom_args_with_operators to None, run_after=None
[2024-05-09T16:28:03.684+0000] {processor.py:183} INFO - Processing /home/airflow/.local/lib/python3.12/site-packages/airflow/example_dags/example_xcomargs.py took 0.046 seconds
[2024-05-09T16:28:34.220+0000] {processor.py:161} INFO - Started process (PID=1137) to work on /home/airflow/.local/lib/python3.12/site-packages/airflow/example_dags/example_xcomargs.py
[2024-05-09T16:28:34.221+0000] {processor.py:830} INFO - Processing file /home/airflow/.local/lib/python3.12/site-packages/airflow/example_dags/example_xcomargs.py for tasks to queue
[2024-05-09T16:28:34.223+0000] {logging_mixin.py:188} INFO - [2024-05-09T16:28:34.223+0000] {dagbag.py:545} INFO - Filling up the DagBag from /home/airflow/.local/lib/python3.12/site-packages/airflow/example_dags/example_xcomargs.py
[2024-05-09T16:28:34.230+0000] {processor.py:840} INFO - DAG(s) 'example_xcom_args_with_operators', 'example_xcom_args' retrieved from /home/airflow/.local/lib/python3.12/site-packages/airflow/example_dags/example_xcomargs.py
[2024-05-09T16:28:34.245+0000] {logging_mixin.py:188} INFO - [2024-05-09T16:28:34.244+0000] {dag.py:3096} INFO - Sync 2 DAGs
[2024-05-09T16:28:34.252+0000] {logging_mixin.py:188} INFO - [2024-05-09T16:28:34.251+0000] {dag.py:3954} INFO - Setting next_dagrun for example_xcom_args to None, run_after=None
[2024-05-09T16:28:34.253+0000] {logging_mixin.py:188} INFO - [2024-05-09T16:28:34.253+0000] {dag.py:3954} INFO - Setting next_dagrun for example_xcom_args_with_operators to None, run_after=None
[2024-05-09T16:28:34.261+0000] {processor.py:183} INFO - Processing /home/airflow/.local/lib/python3.12/site-packages/airflow/example_dags/example_xcomargs.py took 0.048 seconds
[2024-05-09T16:29:04.730+0000] {processor.py:161} INFO - Started process (PID=1195) to work on /home/airflow/.local/lib/python3.12/site-packages/airflow/example_dags/example_xcomargs.py
[2024-05-09T16:29:04.731+0000] {processor.py:830} INFO - Processing file /home/airflow/.local/lib/python3.12/site-packages/airflow/example_dags/example_xcomargs.py for tasks to queue
[2024-05-09T16:29:04.733+0000] {logging_mixin.py:188} INFO - [2024-05-09T16:29:04.733+0000] {dagbag.py:545} INFO - Filling up the DagBag from /home/airflow/.local/lib/python3.12/site-packages/airflow/example_dags/example_xcomargs.py
[2024-05-09T16:29:04.743+0000] {processor.py:840} INFO - DAG(s) 'example_xcom_args', 'example_xcom_args_with_operators' retrieved from /home/airflow/.local/lib/python3.12/site-packages/airflow/example_dags/example_xcomargs.py
[2024-05-09T16:29:04.759+0000] {logging_mixin.py:188} INFO - [2024-05-09T16:29:04.759+0000] {dag.py:3096} INFO - Sync 2 DAGs
[2024-05-09T16:29:04.766+0000] {logging_mixin.py:188} INFO - [2024-05-09T16:29:04.766+0000] {dag.py:3954} INFO - Setting next_dagrun for example_xcom_args to None, run_after=None
[2024-05-09T16:29:04.768+0000] {logging_mixin.py:188} INFO - [2024-05-09T16:29:04.768+0000] {dag.py:3954} INFO - Setting next_dagrun for example_xcom_args_with_operators to None, run_after=None
[2024-05-09T16:29:04.777+0000] {processor.py:183} INFO - Processing /home/airflow/.local/lib/python3.12/site-packages/airflow/example_dags/example_xcomargs.py took 0.056 seconds
[2024-05-09T16:29:35.223+0000] {processor.py:161} INFO - Started process (PID=1253) to work on /home/airflow/.local/lib/python3.12/site-packages/airflow/example_dags/example_xcomargs.py
[2024-05-09T16:29:35.224+0000] {processor.py:830} INFO - Processing file /home/airflow/.local/lib/python3.12/site-packages/airflow/example_dags/example_xcomargs.py for tasks to queue
[2024-05-09T16:29:35.226+0000] {logging_mixin.py:188} INFO - [2024-05-09T16:29:35.226+0000] {dagbag.py:545} INFO - Filling up the DagBag from /home/airflow/.local/lib/python3.12/site-packages/airflow/example_dags/example_xcomargs.py
[2024-05-09T16:29:35.234+0000] {processor.py:840} INFO - DAG(s) 'example_xcom_args_with_operators', 'example_xcom_args' retrieved from /home/airflow/.local/lib/python3.12/site-packages/airflow/example_dags/example_xcomargs.py
[2024-05-09T16:29:35.249+0000] {logging_mixin.py:188} INFO - [2024-05-09T16:29:35.249+0000] {dag.py:3096} INFO - Sync 2 DAGs
[2024-05-09T16:29:35.257+0000] {logging_mixin.py:188} INFO - [2024-05-09T16:29:35.257+0000] {dag.py:3954} INFO - Setting next_dagrun for example_xcom_args to None, run_after=None
[2024-05-09T16:29:35.259+0000] {logging_mixin.py:188} INFO - [2024-05-09T16:29:35.259+0000] {dag.py:3954} INFO - Setting next_dagrun for example_xcom_args_with_operators to None, run_after=None
[2024-05-09T16:29:35.266+0000] {processor.py:183} INFO - Processing /home/airflow/.local/lib/python3.12/site-packages/airflow/example_dags/example_xcomargs.py took 0.050 seconds
[2024-05-09T16:30:05.823+0000] {processor.py:161} INFO - Started process (PID=1311) to work on /home/airflow/.local/lib/python3.12/site-packages/airflow/example_dags/example_xcomargs.py
[2024-05-09T16:30:05.823+0000] {processor.py:830} INFO - Processing file /home/airflow/.local/lib/python3.12/site-packages/airflow/example_dags/example_xcomargs.py for tasks to queue
[2024-05-09T16:30:05.825+0000] {logging_mixin.py:188} INFO - [2024-05-09T16:30:05.825+0000] {dagbag.py:545} INFO - Filling up the DagBag from /home/airflow/.local/lib/python3.12/site-packages/airflow/example_dags/example_xcomargs.py
[2024-05-09T16:30:05.831+0000] {processor.py:840} INFO - DAG(s) 'example_xcom_args', 'example_xcom_args_with_operators' retrieved from /home/airflow/.local/lib/python3.12/site-packages/airflow/example_dags/example_xcomargs.py
[2024-05-09T16:30:05.844+0000] {logging_mixin.py:188} INFO - [2024-05-09T16:30:05.844+0000] {dag.py:3096} INFO - Sync 2 DAGs
[2024-05-09T16:30:05.851+0000] {logging_mixin.py:188} INFO - [2024-05-09T16:30:05.851+0000] {dag.py:3954} INFO - Setting next_dagrun for example_xcom_args to None, run_after=None
[2024-05-09T16:30:05.852+0000] {logging_mixin.py:188} INFO - [2024-05-09T16:30:05.852+0000] {dag.py:3954} INFO - Setting next_dagrun for example_xcom_args_with_operators to None, run_after=None
[2024-05-09T16:30:05.861+0000] {processor.py:183} INFO - Processing /home/airflow/.local/lib/python3.12/site-packages/airflow/example_dags/example_xcomargs.py took 0.043 seconds
[2024-05-09T16:30:36.407+0000] {processor.py:161} INFO - Started process (PID=1369) to work on /home/airflow/.local/lib/python3.12/site-packages/airflow/example_dags/example_xcomargs.py
[2024-05-09T16:30:36.407+0000] {processor.py:830} INFO - Processing file /home/airflow/.local/lib/python3.12/site-packages/airflow/example_dags/example_xcomargs.py for tasks to queue
[2024-05-09T16:30:36.410+0000] {logging_mixin.py:188} INFO - [2024-05-09T16:30:36.410+0000] {dagbag.py:545} INFO - Filling up the DagBag from /home/airflow/.local/lib/python3.12/site-packages/airflow/example_dags/example_xcomargs.py
[2024-05-09T16:30:36.418+0000] {processor.py:840} INFO - DAG(s) 'example_xcom_args', 'example_xcom_args_with_operators' retrieved from /home/airflow/.local/lib/python3.12/site-packages/airflow/example_dags/example_xcomargs.py
[2024-05-09T16:30:36.435+0000] {logging_mixin.py:188} INFO - [2024-05-09T16:30:36.435+0000] {dag.py:3096} INFO - Sync 2 DAGs
[2024-05-09T16:30:36.442+0000] {logging_mixin.py:188} INFO - [2024-05-09T16:30:36.442+0000] {dag.py:3954} INFO - Setting next_dagrun for example_xcom_args to None, run_after=None
[2024-05-09T16:30:36.444+0000] {logging_mixin.py:188} INFO - [2024-05-09T16:30:36.444+0000] {dag.py:3954} INFO - Setting next_dagrun for example_xcom_args_with_operators to None, run_after=None
[2024-05-09T16:30:36.452+0000] {processor.py:183} INFO - Processing /home/airflow/.local/lib/python3.12/site-packages/airflow/example_dags/example_xcomargs.py took 0.052 seconds
[2024-05-09T16:31:06.955+0000] {processor.py:161} INFO - Started process (PID=1427) to work on /home/airflow/.local/lib/python3.12/site-packages/airflow/example_dags/example_xcomargs.py
[2024-05-09T16:31:06.956+0000] {processor.py:830} INFO - Processing file /home/airflow/.local/lib/python3.12/site-packages/airflow/example_dags/example_xcomargs.py for tasks to queue
[2024-05-09T16:31:06.958+0000] {logging_mixin.py:188} INFO - [2024-05-09T16:31:06.958+0000] {dagbag.py:545} INFO - Filling up the DagBag from /home/airflow/.local/lib/python3.12/site-packages/airflow/example_dags/example_xcomargs.py
[2024-05-09T16:31:06.965+0000] {processor.py:840} INFO - DAG(s) 'example_xcom_args', 'example_xcom_args_with_operators' retrieved from /home/airflow/.local/lib/python3.12/site-packages/airflow/example_dags/example_xcomargs.py
[2024-05-09T16:31:06.980+0000] {logging_mixin.py:188} INFO - [2024-05-09T16:31:06.980+0000] {dag.py:3096} INFO - Sync 2 DAGs
[2024-05-09T16:31:06.987+0000] {logging_mixin.py:188} INFO - [2024-05-09T16:31:06.987+0000] {dag.py:3954} INFO - Setting next_dagrun for example_xcom_args to None, run_after=None
[2024-05-09T16:31:06.989+0000] {logging_mixin.py:188} INFO - [2024-05-09T16:31:06.989+0000] {dag.py:3954} INFO - Setting next_dagrun for example_xcom_args_with_operators to None, run_after=None
[2024-05-09T16:31:06.996+0000] {processor.py:183} INFO - Processing /home/airflow/.local/lib/python3.12/site-packages/airflow/example_dags/example_xcomargs.py took 0.048 seconds
[2024-05-09T16:31:37.514+0000] {processor.py:161} INFO - Started process (PID=1485) to work on /home/airflow/.local/lib/python3.12/site-packages/airflow/example_dags/example_xcomargs.py
[2024-05-09T16:31:37.515+0000] {processor.py:830} INFO - Processing file /home/airflow/.local/lib/python3.12/site-packages/airflow/example_dags/example_xcomargs.py for tasks to queue
[2024-05-09T16:31:37.518+0000] {logging_mixin.py:188} INFO - [2024-05-09T16:31:37.518+0000] {dagbag.py:545} INFO - Filling up the DagBag from /home/airflow/.local/lib/python3.12/site-packages/airflow/example_dags/example_xcomargs.py
[2024-05-09T16:31:37.525+0000] {processor.py:840} INFO - DAG(s) 'example_xcom_args', 'example_xcom_args_with_operators' retrieved from /home/airflow/.local/lib/python3.12/site-packages/airflow/example_dags/example_xcomargs.py
[2024-05-09T16:31:37.540+0000] {logging_mixin.py:188} INFO - [2024-05-09T16:31:37.540+0000] {dag.py:3096} INFO - Sync 2 DAGs
[2024-05-09T16:31:37.547+0000] {logging_mixin.py:188} INFO - [2024-05-09T16:31:37.547+0000] {dag.py:3954} INFO - Setting next_dagrun for example_xcom_args to None, run_after=None
[2024-05-09T16:31:37.549+0000] {logging_mixin.py:188} INFO - [2024-05-09T16:31:37.549+0000] {dag.py:3954} INFO - Setting next_dagrun for example_xcom_args_with_operators to None, run_after=None
[2024-05-09T16:31:37.557+0000] {processor.py:183} INFO - Processing /home/airflow/.local/lib/python3.12/site-packages/airflow/example_dags/example_xcomargs.py took 0.050 seconds
[2024-05-09T16:32:08.034+0000] {processor.py:161} INFO - Started process (PID=1543) to work on /home/airflow/.local/lib/python3.12/site-packages/airflow/example_dags/example_xcomargs.py
[2024-05-09T16:32:08.035+0000] {processor.py:830} INFO - Processing file /home/airflow/.local/lib/python3.12/site-packages/airflow/example_dags/example_xcomargs.py for tasks to queue
[2024-05-09T16:32:08.037+0000] {logging_mixin.py:188} INFO - [2024-05-09T16:32:08.036+0000] {dagbag.py:545} INFO - Filling up the DagBag from /home/airflow/.local/lib/python3.12/site-packages/airflow/example_dags/example_xcomargs.py
[2024-05-09T16:32:08.043+0000] {processor.py:840} INFO - DAG(s) 'example_xcom_args', 'example_xcom_args_with_operators' retrieved from /home/airflow/.local/lib/python3.12/site-packages/airflow/example_dags/example_xcomargs.py
[2024-05-09T16:32:08.058+0000] {logging_mixin.py:188} INFO - [2024-05-09T16:32:08.058+0000] {dag.py:3096} INFO - Sync 2 DAGs
[2024-05-09T16:32:08.065+0000] {logging_mixin.py:188} INFO - [2024-05-09T16:32:08.065+0000] {dag.py:3954} INFO - Setting next_dagrun for example_xcom_args to None, run_after=None
[2024-05-09T16:32:08.067+0000] {logging_mixin.py:188} INFO - [2024-05-09T16:32:08.067+0000] {dag.py:3954} INFO - Setting next_dagrun for example_xcom_args_with_operators to None, run_after=None
[2024-05-09T16:32:08.074+0000] {processor.py:183} INFO - Processing /home/airflow/.local/lib/python3.12/site-packages/airflow/example_dags/example_xcomargs.py took 0.046 seconds
[2024-05-09T16:32:38.586+0000] {processor.py:161} INFO - Started process (PID=1601) to work on /home/airflow/.local/lib/python3.12/site-packages/airflow/example_dags/example_xcomargs.py
[2024-05-09T16:32:38.587+0000] {processor.py:830} INFO - Processing file /home/airflow/.local/lib/python3.12/site-packages/airflow/example_dags/example_xcomargs.py for tasks to queue
[2024-05-09T16:32:38.589+0000] {logging_mixin.py:188} INFO - [2024-05-09T16:32:38.589+0000] {dagbag.py:545} INFO - Filling up the DagBag from /home/airflow/.local/lib/python3.12/site-packages/airflow/example_dags/example_xcomargs.py
[2024-05-09T16:32:38.597+0000] {processor.py:840} INFO - DAG(s) 'example_xcom_args_with_operators', 'example_xcom_args' retrieved from /home/airflow/.local/lib/python3.12/site-packages/airflow/example_dags/example_xcomargs.py
[2024-05-09T16:32:38.613+0000] {logging_mixin.py:188} INFO - [2024-05-09T16:32:38.613+0000] {dag.py:3096} INFO - Sync 2 DAGs
[2024-05-09T16:32:38.620+0000] {logging_mixin.py:188} INFO - [2024-05-09T16:32:38.620+0000] {dag.py:3954} INFO - Setting next_dagrun for example_xcom_args to None, run_after=None
[2024-05-09T16:32:38.622+0000] {logging_mixin.py:188} INFO - [2024-05-09T16:32:38.622+0000] {dag.py:3954} INFO - Setting next_dagrun for example_xcom_args_with_operators to None, run_after=None
[2024-05-09T16:32:38.629+0000] {processor.py:183} INFO - Processing /home/airflow/.local/lib/python3.12/site-packages/airflow/example_dags/example_xcomargs.py took 0.050 seconds
[2024-05-09T16:33:09.192+0000] {processor.py:161} INFO - Started process (PID=1659) to work on /home/airflow/.local/lib/python3.12/site-packages/airflow/example_dags/example_xcomargs.py
[2024-05-09T16:33:09.193+0000] {processor.py:830} INFO - Processing file /home/airflow/.local/lib/python3.12/site-packages/airflow/example_dags/example_xcomargs.py for tasks to queue
[2024-05-09T16:33:09.196+0000] {logging_mixin.py:188} INFO - [2024-05-09T16:33:09.195+0000] {dagbag.py:545} INFO - Filling up the DagBag from /home/airflow/.local/lib/python3.12/site-packages/airflow/example_dags/example_xcomargs.py
[2024-05-09T16:33:09.202+0000] {processor.py:840} INFO - DAG(s) 'example_xcom_args', 'example_xcom_args_with_operators' retrieved from /home/airflow/.local/lib/python3.12/site-packages/airflow/example_dags/example_xcomargs.py
[2024-05-09T16:33:09.216+0000] {logging_mixin.py:188} INFO - [2024-05-09T16:33:09.216+0000] {dag.py:3096} INFO - Sync 2 DAGs
[2024-05-09T16:33:09.223+0000] {logging_mixin.py:188} INFO - [2024-05-09T16:33:09.223+0000] {dag.py:3954} INFO - Setting next_dagrun for example_xcom_args to None, run_after=None
[2024-05-09T16:33:09.225+0000] {logging_mixin.py:188} INFO - [2024-05-09T16:33:09.225+0000] {dag.py:3954} INFO - Setting next_dagrun for example_xcom_args_with_operators to None, run_after=None
[2024-05-09T16:33:09.232+0000] {processor.py:183} INFO - Processing /home/airflow/.local/lib/python3.12/site-packages/airflow/example_dags/example_xcomargs.py took 0.046 seconds
[2024-05-09T16:33:39.746+0000] {processor.py:161} INFO - Started process (PID=1717) to work on /home/airflow/.local/lib/python3.12/site-packages/airflow/example_dags/example_xcomargs.py
[2024-05-09T16:33:39.747+0000] {processor.py:830} INFO - Processing file /home/airflow/.local/lib/python3.12/site-packages/airflow/example_dags/example_xcomargs.py for tasks to queue
[2024-05-09T16:33:39.749+0000] {logging_mixin.py:188} INFO - [2024-05-09T16:33:39.749+0000] {dagbag.py:545} INFO - Filling up the DagBag from /home/airflow/.local/lib/python3.12/site-packages/airflow/example_dags/example_xcomargs.py
[2024-05-09T16:33:39.757+0000] {processor.py:840} INFO - DAG(s) 'example_xcom_args', 'example_xcom_args_with_operators' retrieved from /home/airflow/.local/lib/python3.12/site-packages/airflow/example_dags/example_xcomargs.py
[2024-05-09T16:33:39.771+0000] {logging_mixin.py:188} INFO - [2024-05-09T16:33:39.771+0000] {dag.py:3096} INFO - Sync 2 DAGs
[2024-05-09T16:33:39.778+0000] {logging_mixin.py:188} INFO - [2024-05-09T16:33:39.778+0000] {dag.py:3954} INFO - Setting next_dagrun for example_xcom_args to None, run_after=None
[2024-05-09T16:33:39.780+0000] {logging_mixin.py:188} INFO - [2024-05-09T16:33:39.780+0000] {dag.py:3954} INFO - Setting next_dagrun for example_xcom_args_with_operators to None, run_after=None
[2024-05-09T16:33:39.787+0000] {processor.py:183} INFO - Processing /home/airflow/.local/lib/python3.12/site-packages/airflow/example_dags/example_xcomargs.py took 0.047 seconds
[2024-05-09T16:34:10.325+0000] {processor.py:161} INFO - Started process (PID=1775) to work on /home/airflow/.local/lib/python3.12/site-packages/airflow/example_dags/example_xcomargs.py
[2024-05-09T16:34:10.326+0000] {processor.py:830} INFO - Processing file /home/airflow/.local/lib/python3.12/site-packages/airflow/example_dags/example_xcomargs.py for tasks to queue
[2024-05-09T16:34:10.329+0000] {logging_mixin.py:188} INFO - [2024-05-09T16:34:10.328+0000] {dagbag.py:545} INFO - Filling up the DagBag from /home/airflow/.local/lib/python3.12/site-packages/airflow/example_dags/example_xcomargs.py
[2024-05-09T16:34:10.336+0000] {processor.py:840} INFO - DAG(s) 'example_xcom_args_with_operators', 'example_xcom_args' retrieved from /home/airflow/.local/lib/python3.12/site-packages/airflow/example_dags/example_xcomargs.py
[2024-05-09T16:34:10.350+0000] {logging_mixin.py:188} INFO - [2024-05-09T16:34:10.350+0000] {dag.py:3096} INFO - Sync 2 DAGs
[2024-05-09T16:34:10.357+0000] {logging_mixin.py:188} INFO - [2024-05-09T16:34:10.357+0000] {dag.py:3954} INFO - Setting next_dagrun for example_xcom_args to None, run_after=None
[2024-05-09T16:34:10.359+0000] {logging_mixin.py:188} INFO - [2024-05-09T16:34:10.359+0000] {dag.py:3954} INFO - Setting next_dagrun for example_xcom_args_with_operators to None, run_after=None
[2024-05-09T16:34:10.366+0000] {processor.py:183} INFO - Processing /home/airflow/.local/lib/python3.12/site-packages/airflow/example_dags/example_xcomargs.py took 0.048 seconds
[2024-05-09T16:34:41.036+0000] {processor.py:161} INFO - Started process (PID=1833) to work on /home/airflow/.local/lib/python3.12/site-packages/airflow/example_dags/example_xcomargs.py
[2024-05-09T16:34:41.037+0000] {processor.py:830} INFO - Processing file /home/airflow/.local/lib/python3.12/site-packages/airflow/example_dags/example_xcomargs.py for tasks to queue
[2024-05-09T16:34:41.039+0000] {logging_mixin.py:188} INFO - [2024-05-09T16:34:41.038+0000] {dagbag.py:545} INFO - Filling up the DagBag from /home/airflow/.local/lib/python3.12/site-packages/airflow/example_dags/example_xcomargs.py
[2024-05-09T16:34:41.044+0000] {processor.py:840} INFO - DAG(s) 'example_xcom_args', 'example_xcom_args_with_operators' retrieved from /home/airflow/.local/lib/python3.12/site-packages/airflow/example_dags/example_xcomargs.py
[2024-05-09T16:34:41.057+0000] {logging_mixin.py:188} INFO - [2024-05-09T16:34:41.057+0000] {dag.py:3096} INFO - Sync 2 DAGs
[2024-05-09T16:34:41.063+0000] {logging_mixin.py:188} INFO - [2024-05-09T16:34:41.063+0000] {dag.py:3954} INFO - Setting next_dagrun for example_xcom_args to None, run_after=None
[2024-05-09T16:34:41.065+0000] {logging_mixin.py:188} INFO - [2024-05-09T16:34:41.065+0000] {dag.py:3954} INFO - Setting next_dagrun for example_xcom_args_with_operators to None, run_after=None
[2024-05-09T16:34:41.072+0000] {processor.py:183} INFO - Processing /home/airflow/.local/lib/python3.12/site-packages/airflow/example_dags/example_xcomargs.py took 0.041 seconds
[2024-05-09T16:35:11.501+0000] {processor.py:161} INFO - Started process (PID=1891) to work on /home/airflow/.local/lib/python3.12/site-packages/airflow/example_dags/example_xcomargs.py
[2024-05-09T16:35:11.501+0000] {processor.py:830} INFO - Processing file /home/airflow/.local/lib/python3.12/site-packages/airflow/example_dags/example_xcomargs.py for tasks to queue
[2024-05-09T16:35:11.502+0000] {logging_mixin.py:188} INFO - [2024-05-09T16:35:11.502+0000] {dagbag.py:545} INFO - Filling up the DagBag from /home/airflow/.local/lib/python3.12/site-packages/airflow/example_dags/example_xcomargs.py
[2024-05-09T16:35:11.507+0000] {processor.py:840} INFO - DAG(s) 'example_xcom_args_with_operators', 'example_xcom_args' retrieved from /home/airflow/.local/lib/python3.12/site-packages/airflow/example_dags/example_xcomargs.py
[2024-05-09T16:35:11.517+0000] {logging_mixin.py:188} INFO - [2024-05-09T16:35:11.517+0000] {dag.py:3096} INFO - Sync 2 DAGs
[2024-05-09T16:35:11.522+0000] {logging_mixin.py:188} INFO - [2024-05-09T16:35:11.522+0000] {dag.py:3954} INFO - Setting next_dagrun for example_xcom_args to None, run_after=None
[2024-05-09T16:35:11.524+0000] {logging_mixin.py:188} INFO - [2024-05-09T16:35:11.524+0000] {dag.py:3954} INFO - Setting next_dagrun for example_xcom_args_with_operators to None, run_after=None
[2024-05-09T16:35:11.530+0000] {processor.py:183} INFO - Processing /home/airflow/.local/lib/python3.12/site-packages/airflow/example_dags/example_xcomargs.py took 0.033 seconds
[2024-05-09T16:35:42.008+0000] {processor.py:161} INFO - Started process (PID=1949) to work on /home/airflow/.local/lib/python3.12/site-packages/airflow/example_dags/example_xcomargs.py
[2024-05-09T16:35:42.009+0000] {processor.py:830} INFO - Processing file /home/airflow/.local/lib/python3.12/site-packages/airflow/example_dags/example_xcomargs.py for tasks to queue
[2024-05-09T16:35:42.011+0000] {logging_mixin.py:188} INFO - [2024-05-09T16:35:42.010+0000] {dagbag.py:545} INFO - Filling up the DagBag from /home/airflow/.local/lib/python3.12/site-packages/airflow/example_dags/example_xcomargs.py
[2024-05-09T16:35:42.018+0000] {processor.py:840} INFO - DAG(s) 'example_xcom_args', 'example_xcom_args_with_operators' retrieved from /home/airflow/.local/lib/python3.12/site-packages/airflow/example_dags/example_xcomargs.py
[2024-05-09T16:35:42.033+0000] {logging_mixin.py:188} INFO - [2024-05-09T16:35:42.033+0000] {dag.py:3096} INFO - Sync 2 DAGs
[2024-05-09T16:35:42.040+0000] {logging_mixin.py:188} INFO - [2024-05-09T16:35:42.040+0000] {dag.py:3954} INFO - Setting next_dagrun for example_xcom_args to None, run_after=None
[2024-05-09T16:35:42.042+0000] {logging_mixin.py:188} INFO - [2024-05-09T16:35:42.042+0000] {dag.py:3954} INFO - Setting next_dagrun for example_xcom_args_with_operators to None, run_after=None
[2024-05-09T16:35:42.050+0000] {processor.py:183} INFO - Processing /home/airflow/.local/lib/python3.12/site-packages/airflow/example_dags/example_xcomargs.py took 0.048 seconds
[2024-05-09T16:36:12.714+0000] {processor.py:161} INFO - Started process (PID=2007) to work on /home/airflow/.local/lib/python3.12/site-packages/airflow/example_dags/example_xcomargs.py
[2024-05-09T16:36:12.715+0000] {processor.py:830} INFO - Processing file /home/airflow/.local/lib/python3.12/site-packages/airflow/example_dags/example_xcomargs.py for tasks to queue
[2024-05-09T16:36:12.716+0000] {logging_mixin.py:188} INFO - [2024-05-09T16:36:12.716+0000] {dagbag.py:545} INFO - Filling up the DagBag from /home/airflow/.local/lib/python3.12/site-packages/airflow/example_dags/example_xcomargs.py
[2024-05-09T16:36:12.724+0000] {processor.py:840} INFO - DAG(s) 'example_xcom_args_with_operators', 'example_xcom_args' retrieved from /home/airflow/.local/lib/python3.12/site-packages/airflow/example_dags/example_xcomargs.py
[2024-05-09T16:36:12.739+0000] {logging_mixin.py:188} INFO - [2024-05-09T16:36:12.739+0000] {dag.py:3096} INFO - Sync 2 DAGs
[2024-05-09T16:36:12.746+0000] {logging_mixin.py:188} INFO - [2024-05-09T16:36:12.746+0000] {dag.py:3954} INFO - Setting next_dagrun for example_xcom_args to None, run_after=None
[2024-05-09T16:36:12.748+0000] {logging_mixin.py:188} INFO - [2024-05-09T16:36:12.748+0000] {dag.py:3954} INFO - Setting next_dagrun for example_xcom_args_with_operators to None, run_after=None
[2024-05-09T16:36:12.757+0000] {processor.py:183} INFO - Processing /home/airflow/.local/lib/python3.12/site-packages/airflow/example_dags/example_xcomargs.py took 0.050 seconds
[2024-05-09T16:36:43.012+0000] {processor.py:161} INFO - Started process (PID=2065) to work on /home/airflow/.local/lib/python3.12/site-packages/airflow/example_dags/example_xcomargs.py
[2024-05-09T16:36:43.013+0000] {processor.py:830} INFO - Processing file /home/airflow/.local/lib/python3.12/site-packages/airflow/example_dags/example_xcomargs.py for tasks to queue
[2024-05-09T16:36:43.015+0000] {logging_mixin.py:188} INFO - [2024-05-09T16:36:43.015+0000] {dagbag.py:545} INFO - Filling up the DagBag from /home/airflow/.local/lib/python3.12/site-packages/airflow/example_dags/example_xcomargs.py
[2024-05-09T16:36:43.022+0000] {processor.py:840} INFO - DAG(s) 'example_xcom_args_with_operators', 'example_xcom_args' retrieved from /home/airflow/.local/lib/python3.12/site-packages/airflow/example_dags/example_xcomargs.py
[2024-05-09T16:36:43.037+0000] {logging_mixin.py:188} INFO - [2024-05-09T16:36:43.036+0000] {dag.py:3096} INFO - Sync 2 DAGs
[2024-05-09T16:36:43.044+0000] {logging_mixin.py:188} INFO - [2024-05-09T16:36:43.043+0000] {dag.py:3954} INFO - Setting next_dagrun for example_xcom_args to None, run_after=None
[2024-05-09T16:36:43.046+0000] {logging_mixin.py:188} INFO - [2024-05-09T16:36:43.045+0000] {dag.py:3954} INFO - Setting next_dagrun for example_xcom_args_with_operators to None, run_after=None
[2024-05-09T16:36:43.052+0000] {processor.py:183} INFO - Processing /home/airflow/.local/lib/python3.12/site-packages/airflow/example_dags/example_xcomargs.py took 0.048 seconds
[2024-05-09T16:37:13.328+0000] {processor.py:161} INFO - Started process (PID=2123) to work on /home/airflow/.local/lib/python3.12/site-packages/airflow/example_dags/example_xcomargs.py
[2024-05-09T16:37:13.329+0000] {processor.py:830} INFO - Processing file /home/airflow/.local/lib/python3.12/site-packages/airflow/example_dags/example_xcomargs.py for tasks to queue
[2024-05-09T16:37:13.330+0000] {logging_mixin.py:188} INFO - [2024-05-09T16:37:13.330+0000] {dagbag.py:545} INFO - Filling up the DagBag from /home/airflow/.local/lib/python3.12/site-packages/airflow/example_dags/example_xcomargs.py
[2024-05-09T16:37:13.338+0000] {processor.py:840} INFO - DAG(s) 'example_xcom_args', 'example_xcom_args_with_operators' retrieved from /home/airflow/.local/lib/python3.12/site-packages/airflow/example_dags/example_xcomargs.py
[2024-05-09T16:37:13.355+0000] {logging_mixin.py:188} INFO - [2024-05-09T16:37:13.355+0000] {dag.py:3096} INFO - Sync 2 DAGs
[2024-05-09T16:37:13.362+0000] {logging_mixin.py:188} INFO - [2024-05-09T16:37:13.362+0000] {dag.py:3954} INFO - Setting next_dagrun for example_xcom_args to None, run_after=None
[2024-05-09T16:37:13.364+0000] {logging_mixin.py:188} INFO - [2024-05-09T16:37:13.364+0000] {dag.py:3954} INFO - Setting next_dagrun for example_xcom_args_with_operators to None, run_after=None
[2024-05-09T16:37:13.371+0000] {processor.py:183} INFO - Processing /home/airflow/.local/lib/python3.12/site-packages/airflow/example_dags/example_xcomargs.py took 0.050 seconds
[2024-05-09T16:37:43.590+0000] {processor.py:161} INFO - Started process (PID=2181) to work on /home/airflow/.local/lib/python3.12/site-packages/airflow/example_dags/example_xcomargs.py
[2024-05-09T16:37:43.591+0000] {processor.py:830} INFO - Processing file /home/airflow/.local/lib/python3.12/site-packages/airflow/example_dags/example_xcomargs.py for tasks to queue
[2024-05-09T16:37:43.592+0000] {logging_mixin.py:188} INFO - [2024-05-09T16:37:43.592+0000] {dagbag.py:545} INFO - Filling up the DagBag from /home/airflow/.local/lib/python3.12/site-packages/airflow/example_dags/example_xcomargs.py
[2024-05-09T16:37:43.600+0000] {processor.py:840} INFO - DAG(s) 'example_xcom_args_with_operators', 'example_xcom_args' retrieved from /home/airflow/.local/lib/python3.12/site-packages/airflow/example_dags/example_xcomargs.py
[2024-05-09T16:37:43.617+0000] {logging_mixin.py:188} INFO - [2024-05-09T16:37:43.617+0000] {dag.py:3096} INFO - Sync 2 DAGs
[2024-05-09T16:37:43.624+0000] {logging_mixin.py:188} INFO - [2024-05-09T16:37:43.624+0000] {dag.py:3954} INFO - Setting next_dagrun for example_xcom_args to None, run_after=None
[2024-05-09T16:37:43.626+0000] {logging_mixin.py:188} INFO - [2024-05-09T16:37:43.626+0000] {dag.py:3954} INFO - Setting next_dagrun for example_xcom_args_with_operators to None, run_after=None
[2024-05-09T16:37:43.633+0000] {processor.py:183} INFO - Processing /home/airflow/.local/lib/python3.12/site-packages/airflow/example_dags/example_xcomargs.py took 0.050 seconds
[2024-05-09T16:38:13.768+0000] {processor.py:161} INFO - Started process (PID=2239) to work on /home/airflow/.local/lib/python3.12/site-packages/airflow/example_dags/example_xcomargs.py
[2024-05-09T16:38:13.769+0000] {processor.py:830} INFO - Processing file /home/airflow/.local/lib/python3.12/site-packages/airflow/example_dags/example_xcomargs.py for tasks to queue
[2024-05-09T16:38:13.771+0000] {logging_mixin.py:188} INFO - [2024-05-09T16:38:13.771+0000] {dagbag.py:545} INFO - Filling up the DagBag from /home/airflow/.local/lib/python3.12/site-packages/airflow/example_dags/example_xcomargs.py
[2024-05-09T16:38:13.778+0000] {processor.py:840} INFO - DAG(s) 'example_xcom_args', 'example_xcom_args_with_operators' retrieved from /home/airflow/.local/lib/python3.12/site-packages/airflow/example_dags/example_xcomargs.py
[2024-05-09T16:38:13.792+0000] {logging_mixin.py:188} INFO - [2024-05-09T16:38:13.792+0000] {dag.py:3096} INFO - Sync 2 DAGs
[2024-05-09T16:38:13.886+0000] {logging_mixin.py:188} INFO - [2024-05-09T16:38:13.886+0000] {dag.py:3954} INFO - Setting next_dagrun for example_xcom_args to None, run_after=None
[2024-05-09T16:38:13.888+0000] {logging_mixin.py:188} INFO - [2024-05-09T16:38:13.888+0000] {dag.py:3954} INFO - Setting next_dagrun for example_xcom_args_with_operators to None, run_after=None
[2024-05-09T16:38:13.894+0000] {processor.py:183} INFO - Processing /home/airflow/.local/lib/python3.12/site-packages/airflow/example_dags/example_xcomargs.py took 0.133 seconds
[2024-05-09T16:38:44.243+0000] {processor.py:161} INFO - Started process (PID=2296) to work on /home/airflow/.local/lib/python3.12/site-packages/airflow/example_dags/example_xcomargs.py
[2024-05-09T16:38:44.243+0000] {processor.py:830} INFO - Processing file /home/airflow/.local/lib/python3.12/site-packages/airflow/example_dags/example_xcomargs.py for tasks to queue
[2024-05-09T16:38:44.246+0000] {logging_mixin.py:188} INFO - [2024-05-09T16:38:44.246+0000] {dagbag.py:545} INFO - Filling up the DagBag from /home/airflow/.local/lib/python3.12/site-packages/airflow/example_dags/example_xcomargs.py
[2024-05-09T16:38:44.253+0000] {processor.py:840} INFO - DAG(s) 'example_xcom_args', 'example_xcom_args_with_operators' retrieved from /home/airflow/.local/lib/python3.12/site-packages/airflow/example_dags/example_xcomargs.py
[2024-05-09T16:38:44.267+0000] {logging_mixin.py:188} INFO - [2024-05-09T16:38:44.267+0000] {dag.py:3096} INFO - Sync 2 DAGs
[2024-05-09T16:38:44.274+0000] {logging_mixin.py:188} INFO - [2024-05-09T16:38:44.274+0000] {dag.py:3954} INFO - Setting next_dagrun for example_xcom_args to None, run_after=None
[2024-05-09T16:38:44.276+0000] {logging_mixin.py:188} INFO - [2024-05-09T16:38:44.276+0000] {dag.py:3954} INFO - Setting next_dagrun for example_xcom_args_with_operators to None, run_after=None
[2024-05-09T16:38:44.370+0000] {processor.py:183} INFO - Processing /home/airflow/.local/lib/python3.12/site-packages/airflow/example_dags/example_xcomargs.py took 0.134 seconds
[2024-05-09T16:39:14.717+0000] {processor.py:161} INFO - Started process (PID=2353) to work on /home/airflow/.local/lib/python3.12/site-packages/airflow/example_dags/example_xcomargs.py
[2024-05-09T16:39:14.718+0000] {processor.py:830} INFO - Processing file /home/airflow/.local/lib/python3.12/site-packages/airflow/example_dags/example_xcomargs.py for tasks to queue
[2024-05-09T16:39:14.721+0000] {logging_mixin.py:188} INFO - [2024-05-09T16:39:14.720+0000] {dagbag.py:545} INFO - Filling up the DagBag from /home/airflow/.local/lib/python3.12/site-packages/airflow/example_dags/example_xcomargs.py
[2024-05-09T16:39:14.728+0000] {processor.py:840} INFO - DAG(s) 'example_xcom_args_with_operators', 'example_xcom_args' retrieved from /home/airflow/.local/lib/python3.12/site-packages/airflow/example_dags/example_xcomargs.py
[2024-05-09T16:39:14.743+0000] {logging_mixin.py:188} INFO - [2024-05-09T16:39:14.743+0000] {dag.py:3096} INFO - Sync 2 DAGs
[2024-05-09T16:39:14.751+0000] {logging_mixin.py:188} INFO - [2024-05-09T16:39:14.751+0000] {dag.py:3954} INFO - Setting next_dagrun for example_xcom_args to None, run_after=None
[2024-05-09T16:39:14.753+0000] {logging_mixin.py:188} INFO - [2024-05-09T16:39:14.753+0000] {dag.py:3954} INFO - Setting next_dagrun for example_xcom_args_with_operators to None, run_after=None
[2024-05-09T16:39:14.761+0000] {processor.py:183} INFO - Processing /home/airflow/.local/lib/python3.12/site-packages/airflow/example_dags/example_xcomargs.py took 0.052 seconds
[2024-05-09T16:39:45.399+0000] {processor.py:161} INFO - Started process (PID=2411) to work on /home/airflow/.local/lib/python3.12/site-packages/airflow/example_dags/example_xcomargs.py
[2024-05-09T16:39:45.400+0000] {processor.py:830} INFO - Processing file /home/airflow/.local/lib/python3.12/site-packages/airflow/example_dags/example_xcomargs.py for tasks to queue
[2024-05-09T16:39:45.401+0000] {logging_mixin.py:188} INFO - [2024-05-09T16:39:45.401+0000] {dagbag.py:545} INFO - Filling up the DagBag from /home/airflow/.local/lib/python3.12/site-packages/airflow/example_dags/example_xcomargs.py
[2024-05-09T16:39:45.407+0000] {processor.py:840} INFO - DAG(s) 'example_xcom_args_with_operators', 'example_xcom_args' retrieved from /home/airflow/.local/lib/python3.12/site-packages/airflow/example_dags/example_xcomargs.py
[2024-05-09T16:39:45.422+0000] {logging_mixin.py:188} INFO - [2024-05-09T16:39:45.421+0000] {dag.py:3096} INFO - Sync 2 DAGs
[2024-05-09T16:39:45.428+0000] {logging_mixin.py:188} INFO - [2024-05-09T16:39:45.428+0000] {dag.py:3954} INFO - Setting next_dagrun for example_xcom_args to None, run_after=None
[2024-05-09T16:39:45.430+0000] {logging_mixin.py:188} INFO - [2024-05-09T16:39:45.430+0000] {dag.py:3954} INFO - Setting next_dagrun for example_xcom_args_with_operators to None, run_after=None
[2024-05-09T16:39:45.438+0000] {processor.py:183} INFO - Processing /home/airflow/.local/lib/python3.12/site-packages/airflow/example_dags/example_xcomargs.py took 0.044 seconds
[2024-05-09T16:40:16.124+0000] {processor.py:161} INFO - Started process (PID=2469) to work on /home/airflow/.local/lib/python3.12/site-packages/airflow/example_dags/example_xcomargs.py
[2024-05-09T16:40:16.125+0000] {processor.py:830} INFO - Processing file /home/airflow/.local/lib/python3.12/site-packages/airflow/example_dags/example_xcomargs.py for tasks to queue
[2024-05-09T16:40:16.127+0000] {logging_mixin.py:188} INFO - [2024-05-09T16:40:16.127+0000] {dagbag.py:545} INFO - Filling up the DagBag from /home/airflow/.local/lib/python3.12/site-packages/airflow/example_dags/example_xcomargs.py
[2024-05-09T16:40:16.134+0000] {processor.py:840} INFO - DAG(s) 'example_xcom_args_with_operators', 'example_xcom_args' retrieved from /home/airflow/.local/lib/python3.12/site-packages/airflow/example_dags/example_xcomargs.py
[2024-05-09T16:40:16.149+0000] {logging_mixin.py:188} INFO - [2024-05-09T16:40:16.149+0000] {dag.py:3096} INFO - Sync 2 DAGs
[2024-05-09T16:40:16.156+0000] {logging_mixin.py:188} INFO - [2024-05-09T16:40:16.156+0000] {dag.py:3954} INFO - Setting next_dagrun for example_xcom_args to None, run_after=None
[2024-05-09T16:40:16.158+0000] {logging_mixin.py:188} INFO - [2024-05-09T16:40:16.158+0000] {dag.py:3954} INFO - Setting next_dagrun for example_xcom_args_with_operators to None, run_after=None
[2024-05-09T16:40:16.165+0000] {processor.py:183} INFO - Processing /home/airflow/.local/lib/python3.12/site-packages/airflow/example_dags/example_xcomargs.py took 0.048 seconds
[2024-05-09T16:40:46.749+0000] {processor.py:161} INFO - Started process (PID=2527) to work on /home/airflow/.local/lib/python3.12/site-packages/airflow/example_dags/example_xcomargs.py
[2024-05-09T16:40:46.750+0000] {processor.py:830} INFO - Processing file /home/airflow/.local/lib/python3.12/site-packages/airflow/example_dags/example_xcomargs.py for tasks to queue
[2024-05-09T16:40:46.751+0000] {logging_mixin.py:188} INFO - [2024-05-09T16:40:46.751+0000] {dagbag.py:545} INFO - Filling up the DagBag from /home/airflow/.local/lib/python3.12/site-packages/airflow/example_dags/example_xcomargs.py
[2024-05-09T16:40:46.757+0000] {processor.py:840} INFO - DAG(s) 'example_xcom_args', 'example_xcom_args_with_operators' retrieved from /home/airflow/.local/lib/python3.12/site-packages/airflow/example_dags/example_xcomargs.py
[2024-05-09T16:40:46.772+0000] {logging_mixin.py:188} INFO - [2024-05-09T16:40:46.772+0000] {dag.py:3096} INFO - Sync 2 DAGs
[2024-05-09T16:40:46.779+0000] {logging_mixin.py:188} INFO - [2024-05-09T16:40:46.779+0000] {dag.py:3954} INFO - Setting next_dagrun for example_xcom_args to None, run_after=None
[2024-05-09T16:40:46.781+0000] {logging_mixin.py:188} INFO - [2024-05-09T16:40:46.781+0000] {dag.py:3954} INFO - Setting next_dagrun for example_xcom_args_with_operators to None, run_after=None
[2024-05-09T16:40:46.787+0000] {processor.py:183} INFO - Processing /home/airflow/.local/lib/python3.12/site-packages/airflow/example_dags/example_xcomargs.py took 0.044 seconds
[2024-05-09T16:41:17.443+0000] {processor.py:161} INFO - Started process (PID=2585) to work on /home/airflow/.local/lib/python3.12/site-packages/airflow/example_dags/example_xcomargs.py
[2024-05-09T16:41:17.444+0000] {processor.py:830} INFO - Processing file /home/airflow/.local/lib/python3.12/site-packages/airflow/example_dags/example_xcomargs.py for tasks to queue
[2024-05-09T16:41:17.446+0000] {logging_mixin.py:188} INFO - [2024-05-09T16:41:17.445+0000] {dagbag.py:545} INFO - Filling up the DagBag from /home/airflow/.local/lib/python3.12/site-packages/airflow/example_dags/example_xcomargs.py
[2024-05-09T16:41:17.453+0000] {processor.py:840} INFO - DAG(s) 'example_xcom_args', 'example_xcom_args_with_operators' retrieved from /home/airflow/.local/lib/python3.12/site-packages/airflow/example_dags/example_xcomargs.py
[2024-05-09T16:41:17.467+0000] {logging_mixin.py:188} INFO - [2024-05-09T16:41:17.467+0000] {dag.py:3096} INFO - Sync 2 DAGs
[2024-05-09T16:41:17.474+0000] {logging_mixin.py:188} INFO - [2024-05-09T16:41:17.474+0000] {dag.py:3954} INFO - Setting next_dagrun for example_xcom_args to None, run_after=None
[2024-05-09T16:41:17.476+0000] {logging_mixin.py:188} INFO - [2024-05-09T16:41:17.476+0000] {dag.py:3954} INFO - Setting next_dagrun for example_xcom_args_with_operators to None, run_after=None
[2024-05-09T16:41:17.484+0000] {processor.py:183} INFO - Processing /home/airflow/.local/lib/python3.12/site-packages/airflow/example_dags/example_xcomargs.py took 0.047 seconds
[2024-05-09T16:41:48.088+0000] {processor.py:161} INFO - Started process (PID=2643) to work on /home/airflow/.local/lib/python3.12/site-packages/airflow/example_dags/example_xcomargs.py
[2024-05-09T16:41:48.089+0000] {processor.py:830} INFO - Processing file /home/airflow/.local/lib/python3.12/site-packages/airflow/example_dags/example_xcomargs.py for tasks to queue
[2024-05-09T16:41:48.090+0000] {logging_mixin.py:188} INFO - [2024-05-09T16:41:48.090+0000] {dagbag.py:545} INFO - Filling up the DagBag from /home/airflow/.local/lib/python3.12/site-packages/airflow/example_dags/example_xcomargs.py
[2024-05-09T16:41:48.097+0000] {processor.py:840} INFO - DAG(s) 'example_xcom_args', 'example_xcom_args_with_operators' retrieved from /home/airflow/.local/lib/python3.12/site-packages/airflow/example_dags/example_xcomargs.py
[2024-05-09T16:41:48.112+0000] {logging_mixin.py:188} INFO - [2024-05-09T16:41:48.111+0000] {dag.py:3096} INFO - Sync 2 DAGs
[2024-05-09T16:41:48.119+0000] {logging_mixin.py:188} INFO - [2024-05-09T16:41:48.119+0000] {dag.py:3954} INFO - Setting next_dagrun for example_xcom_args to None, run_after=None
[2024-05-09T16:41:48.121+0000] {logging_mixin.py:188} INFO - [2024-05-09T16:41:48.120+0000] {dag.py:3954} INFO - Setting next_dagrun for example_xcom_args_with_operators to None, run_after=None
[2024-05-09T16:41:48.130+0000] {processor.py:183} INFO - Processing /home/airflow/.local/lib/python3.12/site-packages/airflow/example_dags/example_xcomargs.py took 0.048 seconds
[2024-05-09T16:42:18.893+0000] {processor.py:161} INFO - Started process (PID=2707) to work on /home/airflow/.local/lib/python3.12/site-packages/airflow/example_dags/example_xcomargs.py
[2024-05-09T16:42:18.894+0000] {processor.py:830} INFO - Processing file /home/airflow/.local/lib/python3.12/site-packages/airflow/example_dags/example_xcomargs.py for tasks to queue
[2024-05-09T16:42:18.896+0000] {logging_mixin.py:188} INFO - [2024-05-09T16:42:18.896+0000] {dagbag.py:545} INFO - Filling up the DagBag from /home/airflow/.local/lib/python3.12/site-packages/airflow/example_dags/example_xcomargs.py
[2024-05-09T16:42:18.905+0000] {processor.py:840} INFO - DAG(s) 'example_xcom_args_with_operators', 'example_xcom_args' retrieved from /home/airflow/.local/lib/python3.12/site-packages/airflow/example_dags/example_xcomargs.py
[2024-05-09T16:42:18.920+0000] {logging_mixin.py:188} INFO - [2024-05-09T16:42:18.920+0000] {dag.py:3096} INFO - Sync 2 DAGs
[2024-05-09T16:42:18.927+0000] {logging_mixin.py:188} INFO - [2024-05-09T16:42:18.927+0000] {dag.py:3954} INFO - Setting next_dagrun for example_xcom_args to None, run_after=None
[2024-05-09T16:42:18.929+0000] {logging_mixin.py:188} INFO - [2024-05-09T16:42:18.929+0000] {dag.py:3954} INFO - Setting next_dagrun for example_xcom_args_with_operators to None, run_after=None
[2024-05-09T16:42:18.936+0000] {processor.py:183} INFO - Processing /home/airflow/.local/lib/python3.12/site-packages/airflow/example_dags/example_xcomargs.py took 0.052 seconds
[2024-05-09T16:42:49.602+0000] {processor.py:161} INFO - Started process (PID=2765) to work on /home/airflow/.local/lib/python3.12/site-packages/airflow/example_dags/example_xcomargs.py
[2024-05-09T16:42:49.603+0000] {processor.py:830} INFO - Processing file /home/airflow/.local/lib/python3.12/site-packages/airflow/example_dags/example_xcomargs.py for tasks to queue
[2024-05-09T16:42:49.605+0000] {logging_mixin.py:188} INFO - [2024-05-09T16:42:49.604+0000] {dagbag.py:545} INFO - Filling up the DagBag from /home/airflow/.local/lib/python3.12/site-packages/airflow/example_dags/example_xcomargs.py
[2024-05-09T16:42:49.612+0000] {processor.py:840} INFO - DAG(s) 'example_xcom_args', 'example_xcom_args_with_operators' retrieved from /home/airflow/.local/lib/python3.12/site-packages/airflow/example_dags/example_xcomargs.py
[2024-05-09T16:42:49.629+0000] {logging_mixin.py:188} INFO - [2024-05-09T16:42:49.629+0000] {dag.py:3096} INFO - Sync 2 DAGs
[2024-05-09T16:42:49.637+0000] {logging_mixin.py:188} INFO - [2024-05-09T16:42:49.636+0000] {dag.py:3954} INFO - Setting next_dagrun for example_xcom_args to None, run_after=None
[2024-05-09T16:42:49.639+0000] {logging_mixin.py:188} INFO - [2024-05-09T16:42:49.639+0000] {dag.py:3954} INFO - Setting next_dagrun for example_xcom_args_with_operators to None, run_after=None
[2024-05-09T16:42:49.646+0000] {processor.py:183} INFO - Processing /home/airflow/.local/lib/python3.12/site-packages/airflow/example_dags/example_xcomargs.py took 0.052 seconds
