[2024-05-09T16:18:57.279+0000] {processor.py:161} INFO - Started process (PID=64) to work on /home/airflow/.local/lib/python3.12/site-packages/airflow/example_dags/example_sla_dag.py
[2024-05-09T16:18:57.280+0000] {processor.py:830} INFO - Processing file /home/airflow/.local/lib/python3.12/site-packages/airflow/example_dags/example_sla_dag.py for tasks to queue
[2024-05-09T16:18:57.281+0000] {logging_mixin.py:188} INFO - [2024-05-09T16:18:57.280+0000] {dagbag.py:545} INFO - Filling up the DagBag from /home/airflow/.local/lib/python3.12/site-packages/airflow/example_dags/example_sla_dag.py
[2024-05-09T16:18:57.285+0000] {processor.py:840} INFO - DAG(s) 'example_sla_dag' retrieved from /home/airflow/.local/lib/python3.12/site-packages/airflow/example_dags/example_sla_dag.py
[2024-05-09T16:18:57.331+0000] {logging_mixin.py:188} INFO - [2024-05-09T16:18:57.330+0000] {override.py:1829} INFO - Created Permission View: can edit on DAG:example_sla_dag
[2024-05-09T16:18:57.334+0000] {logging_mixin.py:188} INFO - [2024-05-09T16:18:57.334+0000] {override.py:1829} INFO - Created Permission View: can delete on DAG:example_sla_dag
[2024-05-09T16:18:57.336+0000] {logging_mixin.py:188} INFO - [2024-05-09T16:18:57.336+0000] {override.py:1829} INFO - Created Permission View: can read on DAG:example_sla_dag
[2024-05-09T16:18:57.336+0000] {logging_mixin.py:188} INFO - [2024-05-09T16:18:57.336+0000] {dag.py:3096} INFO - Sync 1 DAGs
[2024-05-09T16:18:57.341+0000] {logging_mixin.py:188} INFO - [2024-05-09T16:18:57.341+0000] {dag.py:3118} INFO - Creating ORM DAG for example_sla_dag
[2024-05-09T16:18:57.346+0000] {logging_mixin.py:188} INFO - [2024-05-09T16:18:57.346+0000] {dag.py:3954} INFO - Setting next_dagrun for example_sla_dag to 2024-05-09 16:16:00+00:00, run_after=2024-05-09 16:18:00+00:00
[2024-05-09T16:18:57.351+0000] {processor.py:183} INFO - Processing /home/airflow/.local/lib/python3.12/site-packages/airflow/example_dags/example_sla_dag.py took 0.075 seconds
[2024-05-09T16:19:28.122+0000] {processor.py:161} INFO - Started process (PID=121) to work on /home/airflow/.local/lib/python3.12/site-packages/airflow/example_dags/example_sla_dag.py
[2024-05-09T16:19:28.123+0000] {processor.py:830} INFO - Processing file /home/airflow/.local/lib/python3.12/site-packages/airflow/example_dags/example_sla_dag.py for tasks to queue
[2024-05-09T16:19:28.124+0000] {logging_mixin.py:188} INFO - [2024-05-09T16:19:28.124+0000] {dagbag.py:545} INFO - Filling up the DagBag from /home/airflow/.local/lib/python3.12/site-packages/airflow/example_dags/example_sla_dag.py
[2024-05-09T16:19:28.128+0000] {processor.py:840} INFO - DAG(s) 'example_sla_dag' retrieved from /home/airflow/.local/lib/python3.12/site-packages/airflow/example_dags/example_sla_dag.py
[2024-05-09T16:19:28.138+0000] {logging_mixin.py:188} INFO - [2024-05-09T16:19:28.138+0000] {dag.py:3096} INFO - Sync 1 DAGs
[2024-05-09T16:19:28.148+0000] {logging_mixin.py:188} INFO - [2024-05-09T16:19:28.148+0000] {dag.py:3954} INFO - Setting next_dagrun for example_sla_dag to 2024-05-09 16:16:00+00:00, run_after=2024-05-09 16:18:00+00:00
[2024-05-09T16:19:28.154+0000] {processor.py:183} INFO - Processing /home/airflow/.local/lib/python3.12/site-packages/airflow/example_dags/example_sla_dag.py took 0.035 seconds
[2024-05-09T16:19:58.623+0000] {processor.py:161} INFO - Started process (PID=179) to work on /home/airflow/.local/lib/python3.12/site-packages/airflow/example_dags/example_sla_dag.py
[2024-05-09T16:19:58.623+0000] {processor.py:830} INFO - Processing file /home/airflow/.local/lib/python3.12/site-packages/airflow/example_dags/example_sla_dag.py for tasks to queue
[2024-05-09T16:19:58.624+0000] {logging_mixin.py:188} INFO - [2024-05-09T16:19:58.624+0000] {dagbag.py:545} INFO - Filling up the DagBag from /home/airflow/.local/lib/python3.12/site-packages/airflow/example_dags/example_sla_dag.py
[2024-05-09T16:19:58.628+0000] {processor.py:840} INFO - DAG(s) 'example_sla_dag' retrieved from /home/airflow/.local/lib/python3.12/site-packages/airflow/example_dags/example_sla_dag.py
[2024-05-09T16:19:58.637+0000] {logging_mixin.py:188} INFO - [2024-05-09T16:19:58.637+0000] {dag.py:3096} INFO - Sync 1 DAGs
[2024-05-09T16:19:58.646+0000] {logging_mixin.py:188} INFO - [2024-05-09T16:19:58.646+0000] {dag.py:3954} INFO - Setting next_dagrun for example_sla_dag to 2024-05-09 16:16:00+00:00, run_after=2024-05-09 16:18:00+00:00
[2024-05-09T16:19:58.653+0000] {processor.py:183} INFO - Processing /home/airflow/.local/lib/python3.12/site-packages/airflow/example_dags/example_sla_dag.py took 0.033 seconds
[2024-05-09T16:20:29.108+0000] {processor.py:161} INFO - Started process (PID=237) to work on /home/airflow/.local/lib/python3.12/site-packages/airflow/example_dags/example_sla_dag.py
[2024-05-09T16:20:29.108+0000] {processor.py:830} INFO - Processing file /home/airflow/.local/lib/python3.12/site-packages/airflow/example_dags/example_sla_dag.py for tasks to queue
[2024-05-09T16:20:29.109+0000] {logging_mixin.py:188} INFO - [2024-05-09T16:20:29.109+0000] {dagbag.py:545} INFO - Filling up the DagBag from /home/airflow/.local/lib/python3.12/site-packages/airflow/example_dags/example_sla_dag.py
[2024-05-09T16:20:29.113+0000] {processor.py:840} INFO - DAG(s) 'example_sla_dag' retrieved from /home/airflow/.local/lib/python3.12/site-packages/airflow/example_dags/example_sla_dag.py
[2024-05-09T16:20:29.122+0000] {logging_mixin.py:188} INFO - [2024-05-09T16:20:29.121+0000] {dag.py:3096} INFO - Sync 1 DAGs
[2024-05-09T16:20:29.130+0000] {logging_mixin.py:188} INFO - [2024-05-09T16:20:29.130+0000] {dag.py:3954} INFO - Setting next_dagrun for example_sla_dag to 2024-05-09 16:18:00+00:00, run_after=2024-05-09 16:20:00+00:00
[2024-05-09T16:20:29.137+0000] {processor.py:183} INFO - Processing /home/airflow/.local/lib/python3.12/site-packages/airflow/example_dags/example_sla_dag.py took 0.032 seconds
[2024-05-09T16:20:59.571+0000] {processor.py:161} INFO - Started process (PID=295) to work on /home/airflow/.local/lib/python3.12/site-packages/airflow/example_dags/example_sla_dag.py
[2024-05-09T16:20:59.571+0000] {processor.py:830} INFO - Processing file /home/airflow/.local/lib/python3.12/site-packages/airflow/example_dags/example_sla_dag.py for tasks to queue
[2024-05-09T16:20:59.572+0000] {logging_mixin.py:188} INFO - [2024-05-09T16:20:59.572+0000] {dagbag.py:545} INFO - Filling up the DagBag from /home/airflow/.local/lib/python3.12/site-packages/airflow/example_dags/example_sla_dag.py
[2024-05-09T16:20:59.576+0000] {processor.py:840} INFO - DAG(s) 'example_sla_dag' retrieved from /home/airflow/.local/lib/python3.12/site-packages/airflow/example_dags/example_sla_dag.py
[2024-05-09T16:20:59.584+0000] {logging_mixin.py:188} INFO - [2024-05-09T16:20:59.584+0000] {dag.py:3096} INFO - Sync 1 DAGs
[2024-05-09T16:20:59.593+0000] {logging_mixin.py:188} INFO - [2024-05-09T16:20:59.593+0000] {dag.py:3954} INFO - Setting next_dagrun for example_sla_dag to 2024-05-09 16:18:00+00:00, run_after=2024-05-09 16:20:00+00:00
[2024-05-09T16:20:59.599+0000] {processor.py:183} INFO - Processing /home/airflow/.local/lib/python3.12/site-packages/airflow/example_dags/example_sla_dag.py took 0.031 seconds
[2024-05-09T16:21:29.998+0000] {processor.py:161} INFO - Started process (PID=353) to work on /home/airflow/.local/lib/python3.12/site-packages/airflow/example_dags/example_sla_dag.py
[2024-05-09T16:21:29.998+0000] {processor.py:830} INFO - Processing file /home/airflow/.local/lib/python3.12/site-packages/airflow/example_dags/example_sla_dag.py for tasks to queue
[2024-05-09T16:21:29.999+0000] {logging_mixin.py:188} INFO - [2024-05-09T16:21:29.999+0000] {dagbag.py:545} INFO - Filling up the DagBag from /home/airflow/.local/lib/python3.12/site-packages/airflow/example_dags/example_sla_dag.py
[2024-05-09T16:21:30.003+0000] {processor.py:840} INFO - DAG(s) 'example_sla_dag' retrieved from /home/airflow/.local/lib/python3.12/site-packages/airflow/example_dags/example_sla_dag.py
[2024-05-09T16:21:30.013+0000] {logging_mixin.py:188} INFO - [2024-05-09T16:21:30.013+0000] {dag.py:3096} INFO - Sync 1 DAGs
[2024-05-09T16:21:30.022+0000] {logging_mixin.py:188} INFO - [2024-05-09T16:21:30.022+0000] {dag.py:3954} INFO - Setting next_dagrun for example_sla_dag to 2024-05-09 16:18:00+00:00, run_after=2024-05-09 16:20:00+00:00
[2024-05-09T16:21:30.030+0000] {processor.py:183} INFO - Processing /home/airflow/.local/lib/python3.12/site-packages/airflow/example_dags/example_sla_dag.py took 0.035 seconds
[2024-05-09T16:22:00.564+0000] {processor.py:161} INFO - Started process (PID=411) to work on /home/airflow/.local/lib/python3.12/site-packages/airflow/example_dags/example_sla_dag.py
[2024-05-09T16:22:00.565+0000] {processor.py:830} INFO - Processing file /home/airflow/.local/lib/python3.12/site-packages/airflow/example_dags/example_sla_dag.py for tasks to queue
[2024-05-09T16:22:00.566+0000] {logging_mixin.py:188} INFO - [2024-05-09T16:22:00.566+0000] {dagbag.py:545} INFO - Filling up the DagBag from /home/airflow/.local/lib/python3.12/site-packages/airflow/example_dags/example_sla_dag.py
[2024-05-09T16:22:00.575+0000] {processor.py:840} INFO - DAG(s) 'example_sla_dag' retrieved from /home/airflow/.local/lib/python3.12/site-packages/airflow/example_dags/example_sla_dag.py
[2024-05-09T16:22:00.588+0000] {logging_mixin.py:188} INFO - [2024-05-09T16:22:00.588+0000] {dag.py:3096} INFO - Sync 1 DAGs
[2024-05-09T16:22:00.602+0000] {logging_mixin.py:188} INFO - [2024-05-09T16:22:00.602+0000] {dag.py:3954} INFO - Setting next_dagrun for example_sla_dag to 2024-05-09 16:20:00+00:00, run_after=2024-05-09 16:22:00+00:00
[2024-05-09T16:22:00.610+0000] {processor.py:183} INFO - Processing /home/airflow/.local/lib/python3.12/site-packages/airflow/example_dags/example_sla_dag.py took 0.049 seconds
[2024-05-09T16:22:31.054+0000] {processor.py:161} INFO - Started process (PID=469) to work on /home/airflow/.local/lib/python3.12/site-packages/airflow/example_dags/example_sla_dag.py
[2024-05-09T16:22:31.054+0000] {processor.py:830} INFO - Processing file /home/airflow/.local/lib/python3.12/site-packages/airflow/example_dags/example_sla_dag.py for tasks to queue
[2024-05-09T16:22:31.055+0000] {logging_mixin.py:188} INFO - [2024-05-09T16:22:31.055+0000] {dagbag.py:545} INFO - Filling up the DagBag from /home/airflow/.local/lib/python3.12/site-packages/airflow/example_dags/example_sla_dag.py
[2024-05-09T16:22:31.059+0000] {processor.py:840} INFO - DAG(s) 'example_sla_dag' retrieved from /home/airflow/.local/lib/python3.12/site-packages/airflow/example_dags/example_sla_dag.py
[2024-05-09T16:22:31.067+0000] {logging_mixin.py:188} INFO - [2024-05-09T16:22:31.067+0000] {dag.py:3096} INFO - Sync 1 DAGs
[2024-05-09T16:22:31.076+0000] {logging_mixin.py:188} INFO - [2024-05-09T16:22:31.076+0000] {dag.py:3954} INFO - Setting next_dagrun for example_sla_dag to 2024-05-09 16:20:00+00:00, run_after=2024-05-09 16:22:00+00:00
[2024-05-09T16:22:31.083+0000] {processor.py:183} INFO - Processing /home/airflow/.local/lib/python3.12/site-packages/airflow/example_dags/example_sla_dag.py took 0.032 seconds
[2024-05-09T16:23:01.591+0000] {processor.py:161} INFO - Started process (PID=527) to work on /home/airflow/.local/lib/python3.12/site-packages/airflow/example_dags/example_sla_dag.py
[2024-05-09T16:23:01.591+0000] {processor.py:830} INFO - Processing file /home/airflow/.local/lib/python3.12/site-packages/airflow/example_dags/example_sla_dag.py for tasks to queue
[2024-05-09T16:23:01.592+0000] {logging_mixin.py:188} INFO - [2024-05-09T16:23:01.592+0000] {dagbag.py:545} INFO - Filling up the DagBag from /home/airflow/.local/lib/python3.12/site-packages/airflow/example_dags/example_sla_dag.py
[2024-05-09T16:23:01.596+0000] {processor.py:840} INFO - DAG(s) 'example_sla_dag' retrieved from /home/airflow/.local/lib/python3.12/site-packages/airflow/example_dags/example_sla_dag.py
[2024-05-09T16:23:01.604+0000] {logging_mixin.py:188} INFO - [2024-05-09T16:23:01.604+0000] {dag.py:3096} INFO - Sync 1 DAGs
[2024-05-09T16:23:01.613+0000] {logging_mixin.py:188} INFO - [2024-05-09T16:23:01.613+0000] {dag.py:3954} INFO - Setting next_dagrun for example_sla_dag to 2024-05-09 16:20:00+00:00, run_after=2024-05-09 16:22:00+00:00
[2024-05-09T16:23:01.620+0000] {processor.py:183} INFO - Processing /home/airflow/.local/lib/python3.12/site-packages/airflow/example_dags/example_sla_dag.py took 0.032 seconds
[2024-05-09T16:23:32.029+0000] {processor.py:161} INFO - Started process (PID=585) to work on /home/airflow/.local/lib/python3.12/site-packages/airflow/example_dags/example_sla_dag.py
[2024-05-09T16:23:32.030+0000] {processor.py:830} INFO - Processing file /home/airflow/.local/lib/python3.12/site-packages/airflow/example_dags/example_sla_dag.py for tasks to queue
[2024-05-09T16:23:32.031+0000] {logging_mixin.py:188} INFO - [2024-05-09T16:23:32.030+0000] {dagbag.py:545} INFO - Filling up the DagBag from /home/airflow/.local/lib/python3.12/site-packages/airflow/example_dags/example_sla_dag.py
[2024-05-09T16:23:32.035+0000] {processor.py:840} INFO - DAG(s) 'example_sla_dag' retrieved from /home/airflow/.local/lib/python3.12/site-packages/airflow/example_dags/example_sla_dag.py
[2024-05-09T16:23:32.045+0000] {logging_mixin.py:188} INFO - [2024-05-09T16:23:32.045+0000] {dag.py:3096} INFO - Sync 1 DAGs
[2024-05-09T16:23:32.054+0000] {logging_mixin.py:188} INFO - [2024-05-09T16:23:32.054+0000] {dag.py:3954} INFO - Setting next_dagrun for example_sla_dag to 2024-05-09 16:20:00+00:00, run_after=2024-05-09 16:22:00+00:00
[2024-05-09T16:23:32.062+0000] {processor.py:183} INFO - Processing /home/airflow/.local/lib/python3.12/site-packages/airflow/example_dags/example_sla_dag.py took 0.036 seconds
[2024-05-09T16:24:02.584+0000] {processor.py:161} INFO - Started process (PID=643) to work on /home/airflow/.local/lib/python3.12/site-packages/airflow/example_dags/example_sla_dag.py
[2024-05-09T16:24:02.585+0000] {processor.py:830} INFO - Processing file /home/airflow/.local/lib/python3.12/site-packages/airflow/example_dags/example_sla_dag.py for tasks to queue
[2024-05-09T16:24:02.586+0000] {logging_mixin.py:188} INFO - [2024-05-09T16:24:02.586+0000] {dagbag.py:545} INFO - Filling up the DagBag from /home/airflow/.local/lib/python3.12/site-packages/airflow/example_dags/example_sla_dag.py
[2024-05-09T16:24:02.590+0000] {processor.py:840} INFO - DAG(s) 'example_sla_dag' retrieved from /home/airflow/.local/lib/python3.12/site-packages/airflow/example_dags/example_sla_dag.py
[2024-05-09T16:24:02.600+0000] {logging_mixin.py:188} INFO - [2024-05-09T16:24:02.599+0000] {dag.py:3096} INFO - Sync 1 DAGs
[2024-05-09T16:24:02.609+0000] {logging_mixin.py:188} INFO - [2024-05-09T16:24:02.609+0000] {dag.py:3954} INFO - Setting next_dagrun for example_sla_dag to 2024-05-09 16:22:00+00:00, run_after=2024-05-09 16:24:00+00:00
[2024-05-09T16:24:02.617+0000] {processor.py:183} INFO - Processing /home/airflow/.local/lib/python3.12/site-packages/airflow/example_dags/example_sla_dag.py took 0.035 seconds
[2024-05-09T16:24:33.025+0000] {processor.py:161} INFO - Started process (PID=701) to work on /home/airflow/.local/lib/python3.12/site-packages/airflow/example_dags/example_sla_dag.py
[2024-05-09T16:24:33.026+0000] {processor.py:830} INFO - Processing file /home/airflow/.local/lib/python3.12/site-packages/airflow/example_dags/example_sla_dag.py for tasks to queue
[2024-05-09T16:24:33.026+0000] {logging_mixin.py:188} INFO - [2024-05-09T16:24:33.026+0000] {dagbag.py:545} INFO - Filling up the DagBag from /home/airflow/.local/lib/python3.12/site-packages/airflow/example_dags/example_sla_dag.py
[2024-05-09T16:24:33.030+0000] {processor.py:840} INFO - DAG(s) 'example_sla_dag' retrieved from /home/airflow/.local/lib/python3.12/site-packages/airflow/example_dags/example_sla_dag.py
[2024-05-09T16:24:33.039+0000] {logging_mixin.py:188} INFO - [2024-05-09T16:24:33.039+0000] {dag.py:3096} INFO - Sync 1 DAGs
[2024-05-09T16:24:33.047+0000] {logging_mixin.py:188} INFO - [2024-05-09T16:24:33.047+0000] {dag.py:3954} INFO - Setting next_dagrun for example_sla_dag to 2024-05-09 16:22:00+00:00, run_after=2024-05-09 16:24:00+00:00
[2024-05-09T16:24:33.054+0000] {processor.py:183} INFO - Processing /home/airflow/.local/lib/python3.12/site-packages/airflow/example_dags/example_sla_dag.py took 0.031 seconds
[2024-05-09T16:25:03.477+0000] {processor.py:161} INFO - Started process (PID=763) to work on /home/airflow/.local/lib/python3.12/site-packages/airflow/example_dags/example_sla_dag.py
[2024-05-09T16:25:03.477+0000] {processor.py:830} INFO - Processing file /home/airflow/.local/lib/python3.12/site-packages/airflow/example_dags/example_sla_dag.py for tasks to queue
[2024-05-09T16:25:03.478+0000] {logging_mixin.py:188} INFO - [2024-05-09T16:25:03.478+0000] {dagbag.py:545} INFO - Filling up the DagBag from /home/airflow/.local/lib/python3.12/site-packages/airflow/example_dags/example_sla_dag.py
[2024-05-09T16:25:03.482+0000] {processor.py:840} INFO - DAG(s) 'example_sla_dag' retrieved from /home/airflow/.local/lib/python3.12/site-packages/airflow/example_dags/example_sla_dag.py
[2024-05-09T16:25:03.490+0000] {logging_mixin.py:188} INFO - [2024-05-09T16:25:03.490+0000] {dag.py:3096} INFO - Sync 1 DAGs
[2024-05-09T16:25:03.499+0000] {logging_mixin.py:188} INFO - [2024-05-09T16:25:03.499+0000] {dag.py:3954} INFO - Setting next_dagrun for example_sla_dag to 2024-05-09 16:22:00+00:00, run_after=2024-05-09 16:24:00+00:00
[2024-05-09T16:25:03.506+0000] {processor.py:183} INFO - Processing /home/airflow/.local/lib/python3.12/site-packages/airflow/example_dags/example_sla_dag.py took 0.032 seconds
[2024-05-09T16:25:33.962+0000] {processor.py:161} INFO - Started process (PID=821) to work on /home/airflow/.local/lib/python3.12/site-packages/airflow/example_dags/example_sla_dag.py
[2024-05-09T16:25:33.963+0000] {processor.py:830} INFO - Processing file /home/airflow/.local/lib/python3.12/site-packages/airflow/example_dags/example_sla_dag.py for tasks to queue
[2024-05-09T16:25:33.964+0000] {logging_mixin.py:188} INFO - [2024-05-09T16:25:33.964+0000] {dagbag.py:545} INFO - Filling up the DagBag from /home/airflow/.local/lib/python3.12/site-packages/airflow/example_dags/example_sla_dag.py
[2024-05-09T16:25:33.968+0000] {processor.py:840} INFO - DAG(s) 'example_sla_dag' retrieved from /home/airflow/.local/lib/python3.12/site-packages/airflow/example_dags/example_sla_dag.py
[2024-05-09T16:25:33.976+0000] {logging_mixin.py:188} INFO - [2024-05-09T16:25:33.976+0000] {dag.py:3096} INFO - Sync 1 DAGs
[2024-05-09T16:25:33.986+0000] {logging_mixin.py:188} INFO - [2024-05-09T16:25:33.986+0000] {dag.py:3954} INFO - Setting next_dagrun for example_sla_dag to 2024-05-09 16:22:00+00:00, run_after=2024-05-09 16:24:00+00:00
[2024-05-09T16:25:33.992+0000] {processor.py:183} INFO - Processing /home/airflow/.local/lib/python3.12/site-packages/airflow/example_dags/example_sla_dag.py took 0.033 seconds
[2024-05-09T16:26:04.529+0000] {processor.py:161} INFO - Started process (PID=879) to work on /home/airflow/.local/lib/python3.12/site-packages/airflow/example_dags/example_sla_dag.py
[2024-05-09T16:26:04.529+0000] {processor.py:830} INFO - Processing file /home/airflow/.local/lib/python3.12/site-packages/airflow/example_dags/example_sla_dag.py for tasks to queue
[2024-05-09T16:26:04.530+0000] {logging_mixin.py:188} INFO - [2024-05-09T16:26:04.530+0000] {dagbag.py:545} INFO - Filling up the DagBag from /home/airflow/.local/lib/python3.12/site-packages/airflow/example_dags/example_sla_dag.py
[2024-05-09T16:26:04.535+0000] {processor.py:840} INFO - DAG(s) 'example_sla_dag' retrieved from /home/airflow/.local/lib/python3.12/site-packages/airflow/example_dags/example_sla_dag.py
[2024-05-09T16:26:04.543+0000] {logging_mixin.py:188} INFO - [2024-05-09T16:26:04.543+0000] {dag.py:3096} INFO - Sync 1 DAGs
[2024-05-09T16:26:04.553+0000] {logging_mixin.py:188} INFO - [2024-05-09T16:26:04.553+0000] {dag.py:3954} INFO - Setting next_dagrun for example_sla_dag to 2024-05-09 16:24:00+00:00, run_after=2024-05-09 16:26:00+00:00
[2024-05-09T16:26:04.560+0000] {processor.py:183} INFO - Processing /home/airflow/.local/lib/python3.12/site-packages/airflow/example_dags/example_sla_dag.py took 0.034 seconds
[2024-05-09T16:26:35.001+0000] {processor.py:161} INFO - Started process (PID=937) to work on /home/airflow/.local/lib/python3.12/site-packages/airflow/example_dags/example_sla_dag.py
[2024-05-09T16:26:35.002+0000] {processor.py:830} INFO - Processing file /home/airflow/.local/lib/python3.12/site-packages/airflow/example_dags/example_sla_dag.py for tasks to queue
[2024-05-09T16:26:35.002+0000] {logging_mixin.py:188} INFO - [2024-05-09T16:26:35.002+0000] {dagbag.py:545} INFO - Filling up the DagBag from /home/airflow/.local/lib/python3.12/site-packages/airflow/example_dags/example_sla_dag.py
[2024-05-09T16:26:35.007+0000] {processor.py:840} INFO - DAG(s) 'example_sla_dag' retrieved from /home/airflow/.local/lib/python3.12/site-packages/airflow/example_dags/example_sla_dag.py
[2024-05-09T16:26:35.015+0000] {logging_mixin.py:188} INFO - [2024-05-09T16:26:35.015+0000] {dag.py:3096} INFO - Sync 1 DAGs
[2024-05-09T16:26:35.024+0000] {logging_mixin.py:188} INFO - [2024-05-09T16:26:35.024+0000] {dag.py:3954} INFO - Setting next_dagrun for example_sla_dag to 2024-05-09 16:24:00+00:00, run_after=2024-05-09 16:26:00+00:00
[2024-05-09T16:26:35.031+0000] {processor.py:183} INFO - Processing /home/airflow/.local/lib/python3.12/site-packages/airflow/example_dags/example_sla_dag.py took 0.032 seconds
[2024-05-09T16:27:05.469+0000] {processor.py:161} INFO - Started process (PID=995) to work on /home/airflow/.local/lib/python3.12/site-packages/airflow/example_dags/example_sla_dag.py
[2024-05-09T16:27:05.470+0000] {processor.py:830} INFO - Processing file /home/airflow/.local/lib/python3.12/site-packages/airflow/example_dags/example_sla_dag.py for tasks to queue
[2024-05-09T16:27:05.471+0000] {logging_mixin.py:188} INFO - [2024-05-09T16:27:05.471+0000] {dagbag.py:545} INFO - Filling up the DagBag from /home/airflow/.local/lib/python3.12/site-packages/airflow/example_dags/example_sla_dag.py
[2024-05-09T16:27:05.475+0000] {processor.py:840} INFO - DAG(s) 'example_sla_dag' retrieved from /home/airflow/.local/lib/python3.12/site-packages/airflow/example_dags/example_sla_dag.py
[2024-05-09T16:27:05.484+0000] {logging_mixin.py:188} INFO - [2024-05-09T16:27:05.484+0000] {dag.py:3096} INFO - Sync 1 DAGs
[2024-05-09T16:27:05.494+0000] {logging_mixin.py:188} INFO - [2024-05-09T16:27:05.493+0000] {dag.py:3954} INFO - Setting next_dagrun for example_sla_dag to 2024-05-09 16:24:00+00:00, run_after=2024-05-09 16:26:00+00:00
[2024-05-09T16:27:05.501+0000] {processor.py:183} INFO - Processing /home/airflow/.local/lib/python3.12/site-packages/airflow/example_dags/example_sla_dag.py took 0.034 seconds
[2024-05-09T16:27:35.993+0000] {processor.py:161} INFO - Started process (PID=1053) to work on /home/airflow/.local/lib/python3.12/site-packages/airflow/example_dags/example_sla_dag.py
[2024-05-09T16:27:35.994+0000] {processor.py:830} INFO - Processing file /home/airflow/.local/lib/python3.12/site-packages/airflow/example_dags/example_sla_dag.py for tasks to queue
[2024-05-09T16:27:35.995+0000] {logging_mixin.py:188} INFO - [2024-05-09T16:27:35.995+0000] {dagbag.py:545} INFO - Filling up the DagBag from /home/airflow/.local/lib/python3.12/site-packages/airflow/example_dags/example_sla_dag.py
[2024-05-09T16:27:36.000+0000] {processor.py:840} INFO - DAG(s) 'example_sla_dag' retrieved from /home/airflow/.local/lib/python3.12/site-packages/airflow/example_dags/example_sla_dag.py
[2024-05-09T16:27:36.009+0000] {logging_mixin.py:188} INFO - [2024-05-09T16:27:36.009+0000] {dag.py:3096} INFO - Sync 1 DAGs
[2024-05-09T16:27:36.019+0000] {logging_mixin.py:188} INFO - [2024-05-09T16:27:36.019+0000] {dag.py:3954} INFO - Setting next_dagrun for example_sla_dag to 2024-05-09 16:24:00+00:00, run_after=2024-05-09 16:26:00+00:00
[2024-05-09T16:27:36.026+0000] {processor.py:183} INFO - Processing /home/airflow/.local/lib/python3.12/site-packages/airflow/example_dags/example_sla_dag.py took 0.036 seconds
[2024-05-09T16:28:06.570+0000] {processor.py:161} INFO - Started process (PID=1111) to work on /home/airflow/.local/lib/python3.12/site-packages/airflow/example_dags/example_sla_dag.py
[2024-05-09T16:28:06.570+0000] {processor.py:830} INFO - Processing file /home/airflow/.local/lib/python3.12/site-packages/airflow/example_dags/example_sla_dag.py for tasks to queue
[2024-05-09T16:28:06.571+0000] {logging_mixin.py:188} INFO - [2024-05-09T16:28:06.571+0000] {dagbag.py:545} INFO - Filling up the DagBag from /home/airflow/.local/lib/python3.12/site-packages/airflow/example_dags/example_sla_dag.py
[2024-05-09T16:28:06.576+0000] {processor.py:840} INFO - DAG(s) 'example_sla_dag' retrieved from /home/airflow/.local/lib/python3.12/site-packages/airflow/example_dags/example_sla_dag.py
[2024-05-09T16:28:06.585+0000] {logging_mixin.py:188} INFO - [2024-05-09T16:28:06.584+0000] {dag.py:3096} INFO - Sync 1 DAGs
[2024-05-09T16:28:06.594+0000] {logging_mixin.py:188} INFO - [2024-05-09T16:28:06.594+0000] {dag.py:3954} INFO - Setting next_dagrun for example_sla_dag to 2024-05-09 16:26:00+00:00, run_after=2024-05-09 16:28:00+00:00
[2024-05-09T16:28:06.601+0000] {processor.py:183} INFO - Processing /home/airflow/.local/lib/python3.12/site-packages/airflow/example_dags/example_sla_dag.py took 0.034 seconds
[2024-05-09T16:28:37.101+0000] {processor.py:161} INFO - Started process (PID=1169) to work on /home/airflow/.local/lib/python3.12/site-packages/airflow/example_dags/example_sla_dag.py
[2024-05-09T16:28:37.102+0000] {processor.py:830} INFO - Processing file /home/airflow/.local/lib/python3.12/site-packages/airflow/example_dags/example_sla_dag.py for tasks to queue
[2024-05-09T16:28:37.103+0000] {logging_mixin.py:188} INFO - [2024-05-09T16:28:37.102+0000] {dagbag.py:545} INFO - Filling up the DagBag from /home/airflow/.local/lib/python3.12/site-packages/airflow/example_dags/example_sla_dag.py
[2024-05-09T16:28:37.107+0000] {processor.py:840} INFO - DAG(s) 'example_sla_dag' retrieved from /home/airflow/.local/lib/python3.12/site-packages/airflow/example_dags/example_sla_dag.py
[2024-05-09T16:28:37.116+0000] {logging_mixin.py:188} INFO - [2024-05-09T16:28:37.115+0000] {dag.py:3096} INFO - Sync 1 DAGs
[2024-05-09T16:28:37.125+0000] {logging_mixin.py:188} INFO - [2024-05-09T16:28:37.125+0000] {dag.py:3954} INFO - Setting next_dagrun for example_sla_dag to 2024-05-09 16:26:00+00:00, run_after=2024-05-09 16:28:00+00:00
[2024-05-09T16:28:37.132+0000] {processor.py:183} INFO - Processing /home/airflow/.local/lib/python3.12/site-packages/airflow/example_dags/example_sla_dag.py took 0.034 seconds
[2024-05-09T16:29:07.590+0000] {processor.py:161} INFO - Started process (PID=1227) to work on /home/airflow/.local/lib/python3.12/site-packages/airflow/example_dags/example_sla_dag.py
[2024-05-09T16:29:07.590+0000] {processor.py:830} INFO - Processing file /home/airflow/.local/lib/python3.12/site-packages/airflow/example_dags/example_sla_dag.py for tasks to queue
[2024-05-09T16:29:07.591+0000] {logging_mixin.py:188} INFO - [2024-05-09T16:29:07.591+0000] {dagbag.py:545} INFO - Filling up the DagBag from /home/airflow/.local/lib/python3.12/site-packages/airflow/example_dags/example_sla_dag.py
[2024-05-09T16:29:07.595+0000] {processor.py:840} INFO - DAG(s) 'example_sla_dag' retrieved from /home/airflow/.local/lib/python3.12/site-packages/airflow/example_dags/example_sla_dag.py
[2024-05-09T16:29:07.604+0000] {logging_mixin.py:188} INFO - [2024-05-09T16:29:07.604+0000] {dag.py:3096} INFO - Sync 1 DAGs
[2024-05-09T16:29:07.613+0000] {logging_mixin.py:188} INFO - [2024-05-09T16:29:07.613+0000] {dag.py:3954} INFO - Setting next_dagrun for example_sla_dag to 2024-05-09 16:26:00+00:00, run_after=2024-05-09 16:28:00+00:00
[2024-05-09T16:29:07.619+0000] {processor.py:183} INFO - Processing /home/airflow/.local/lib/python3.12/site-packages/airflow/example_dags/example_sla_dag.py took 0.032 seconds
[2024-05-09T16:29:38.158+0000] {processor.py:161} INFO - Started process (PID=1285) to work on /home/airflow/.local/lib/python3.12/site-packages/airflow/example_dags/example_sla_dag.py
[2024-05-09T16:29:38.159+0000] {processor.py:830} INFO - Processing file /home/airflow/.local/lib/python3.12/site-packages/airflow/example_dags/example_sla_dag.py for tasks to queue
[2024-05-09T16:29:38.160+0000] {logging_mixin.py:188} INFO - [2024-05-09T16:29:38.160+0000] {dagbag.py:545} INFO - Filling up the DagBag from /home/airflow/.local/lib/python3.12/site-packages/airflow/example_dags/example_sla_dag.py
[2024-05-09T16:29:38.164+0000] {processor.py:840} INFO - DAG(s) 'example_sla_dag' retrieved from /home/airflow/.local/lib/python3.12/site-packages/airflow/example_dags/example_sla_dag.py
[2024-05-09T16:29:38.178+0000] {logging_mixin.py:188} INFO - [2024-05-09T16:29:38.178+0000] {dag.py:3096} INFO - Sync 1 DAGs
[2024-05-09T16:29:38.194+0000] {logging_mixin.py:188} INFO - [2024-05-09T16:29:38.193+0000] {dag.py:3954} INFO - Setting next_dagrun for example_sla_dag to 2024-05-09 16:26:00+00:00, run_after=2024-05-09 16:28:00+00:00
[2024-05-09T16:29:38.204+0000] {processor.py:183} INFO - Processing /home/airflow/.local/lib/python3.12/site-packages/airflow/example_dags/example_sla_dag.py took 0.050 seconds
[2024-05-09T16:30:08.768+0000] {processor.py:161} INFO - Started process (PID=1343) to work on /home/airflow/.local/lib/python3.12/site-packages/airflow/example_dags/example_sla_dag.py
[2024-05-09T16:30:08.769+0000] {processor.py:830} INFO - Processing file /home/airflow/.local/lib/python3.12/site-packages/airflow/example_dags/example_sla_dag.py for tasks to queue
[2024-05-09T16:30:08.770+0000] {logging_mixin.py:188} INFO - [2024-05-09T16:30:08.769+0000] {dagbag.py:545} INFO - Filling up the DagBag from /home/airflow/.local/lib/python3.12/site-packages/airflow/example_dags/example_sla_dag.py
[2024-05-09T16:30:08.774+0000] {processor.py:840} INFO - DAG(s) 'example_sla_dag' retrieved from /home/airflow/.local/lib/python3.12/site-packages/airflow/example_dags/example_sla_dag.py
[2024-05-09T16:30:08.783+0000] {logging_mixin.py:188} INFO - [2024-05-09T16:30:08.783+0000] {dag.py:3096} INFO - Sync 1 DAGs
[2024-05-09T16:30:08.792+0000] {logging_mixin.py:188} INFO - [2024-05-09T16:30:08.792+0000] {dag.py:3954} INFO - Setting next_dagrun for example_sla_dag to 2024-05-09 16:28:00+00:00, run_after=2024-05-09 16:30:00+00:00
[2024-05-09T16:30:08.800+0000] {processor.py:183} INFO - Processing /home/airflow/.local/lib/python3.12/site-packages/airflow/example_dags/example_sla_dag.py took 0.035 seconds
[2024-05-09T16:30:39.336+0000] {processor.py:161} INFO - Started process (PID=1401) to work on /home/airflow/.local/lib/python3.12/site-packages/airflow/example_dags/example_sla_dag.py
[2024-05-09T16:30:39.337+0000] {processor.py:830} INFO - Processing file /home/airflow/.local/lib/python3.12/site-packages/airflow/example_dags/example_sla_dag.py for tasks to queue
[2024-05-09T16:30:39.337+0000] {logging_mixin.py:188} INFO - [2024-05-09T16:30:39.337+0000] {dagbag.py:545} INFO - Filling up the DagBag from /home/airflow/.local/lib/python3.12/site-packages/airflow/example_dags/example_sla_dag.py
[2024-05-09T16:30:39.342+0000] {processor.py:840} INFO - DAG(s) 'example_sla_dag' retrieved from /home/airflow/.local/lib/python3.12/site-packages/airflow/example_dags/example_sla_dag.py
[2024-05-09T16:30:39.350+0000] {logging_mixin.py:188} INFO - [2024-05-09T16:30:39.350+0000] {dag.py:3096} INFO - Sync 1 DAGs
[2024-05-09T16:30:39.360+0000] {logging_mixin.py:188} INFO - [2024-05-09T16:30:39.360+0000] {dag.py:3954} INFO - Setting next_dagrun for example_sla_dag to 2024-05-09 16:28:00+00:00, run_after=2024-05-09 16:30:00+00:00
[2024-05-09T16:30:39.367+0000] {processor.py:183} INFO - Processing /home/airflow/.local/lib/python3.12/site-packages/airflow/example_dags/example_sla_dag.py took 0.034 seconds
[2024-05-09T16:31:09.867+0000] {processor.py:161} INFO - Started process (PID=1459) to work on /home/airflow/.local/lib/python3.12/site-packages/airflow/example_dags/example_sla_dag.py
[2024-05-09T16:31:09.867+0000] {processor.py:830} INFO - Processing file /home/airflow/.local/lib/python3.12/site-packages/airflow/example_dags/example_sla_dag.py for tasks to queue
[2024-05-09T16:31:09.868+0000] {logging_mixin.py:188} INFO - [2024-05-09T16:31:09.868+0000] {dagbag.py:545} INFO - Filling up the DagBag from /home/airflow/.local/lib/python3.12/site-packages/airflow/example_dags/example_sla_dag.py
[2024-05-09T16:31:09.873+0000] {processor.py:840} INFO - DAG(s) 'example_sla_dag' retrieved from /home/airflow/.local/lib/python3.12/site-packages/airflow/example_dags/example_sla_dag.py
[2024-05-09T16:31:09.882+0000] {logging_mixin.py:188} INFO - [2024-05-09T16:31:09.882+0000] {dag.py:3096} INFO - Sync 1 DAGs
[2024-05-09T16:31:09.891+0000] {logging_mixin.py:188} INFO - [2024-05-09T16:31:09.891+0000] {dag.py:3954} INFO - Setting next_dagrun for example_sla_dag to 2024-05-09 16:28:00+00:00, run_after=2024-05-09 16:30:00+00:00
[2024-05-09T16:31:09.898+0000] {processor.py:183} INFO - Processing /home/airflow/.local/lib/python3.12/site-packages/airflow/example_dags/example_sla_dag.py took 0.033 seconds
[2024-05-09T16:31:40.385+0000] {processor.py:161} INFO - Started process (PID=1517) to work on /home/airflow/.local/lib/python3.12/site-packages/airflow/example_dags/example_sla_dag.py
[2024-05-09T16:31:40.386+0000] {processor.py:830} INFO - Processing file /home/airflow/.local/lib/python3.12/site-packages/airflow/example_dags/example_sla_dag.py for tasks to queue
[2024-05-09T16:31:40.387+0000] {logging_mixin.py:188} INFO - [2024-05-09T16:31:40.387+0000] {dagbag.py:545} INFO - Filling up the DagBag from /home/airflow/.local/lib/python3.12/site-packages/airflow/example_dags/example_sla_dag.py
[2024-05-09T16:31:40.391+0000] {processor.py:840} INFO - DAG(s) 'example_sla_dag' retrieved from /home/airflow/.local/lib/python3.12/site-packages/airflow/example_dags/example_sla_dag.py
[2024-05-09T16:31:40.399+0000] {logging_mixin.py:188} INFO - [2024-05-09T16:31:40.399+0000] {dag.py:3096} INFO - Sync 1 DAGs
[2024-05-09T16:31:40.409+0000] {logging_mixin.py:188} INFO - [2024-05-09T16:31:40.409+0000] {dag.py:3954} INFO - Setting next_dagrun for example_sla_dag to 2024-05-09 16:28:00+00:00, run_after=2024-05-09 16:30:00+00:00
[2024-05-09T16:31:40.415+0000] {processor.py:183} INFO - Processing /home/airflow/.local/lib/python3.12/site-packages/airflow/example_dags/example_sla_dag.py took 0.033 seconds
[2024-05-09T16:32:10.940+0000] {processor.py:161} INFO - Started process (PID=1575) to work on /home/airflow/.local/lib/python3.12/site-packages/airflow/example_dags/example_sla_dag.py
[2024-05-09T16:32:10.940+0000] {processor.py:830} INFO - Processing file /home/airflow/.local/lib/python3.12/site-packages/airflow/example_dags/example_sla_dag.py for tasks to queue
[2024-05-09T16:32:10.941+0000] {logging_mixin.py:188} INFO - [2024-05-09T16:32:10.941+0000] {dagbag.py:545} INFO - Filling up the DagBag from /home/airflow/.local/lib/python3.12/site-packages/airflow/example_dags/example_sla_dag.py
[2024-05-09T16:32:10.945+0000] {processor.py:840} INFO - DAG(s) 'example_sla_dag' retrieved from /home/airflow/.local/lib/python3.12/site-packages/airflow/example_dags/example_sla_dag.py
[2024-05-09T16:32:10.954+0000] {logging_mixin.py:188} INFO - [2024-05-09T16:32:10.954+0000] {dag.py:3096} INFO - Sync 1 DAGs
[2024-05-09T16:32:10.963+0000] {logging_mixin.py:188} INFO - [2024-05-09T16:32:10.963+0000] {dag.py:3954} INFO - Setting next_dagrun for example_sla_dag to 2024-05-09 16:30:00+00:00, run_after=2024-05-09 16:32:00+00:00
[2024-05-09T16:32:10.970+0000] {processor.py:183} INFO - Processing /home/airflow/.local/lib/python3.12/site-packages/airflow/example_dags/example_sla_dag.py took 0.033 seconds
[2024-05-09T16:32:41.534+0000] {processor.py:161} INFO - Started process (PID=1633) to work on /home/airflow/.local/lib/python3.12/site-packages/airflow/example_dags/example_sla_dag.py
[2024-05-09T16:32:41.535+0000] {processor.py:830} INFO - Processing file /home/airflow/.local/lib/python3.12/site-packages/airflow/example_dags/example_sla_dag.py for tasks to queue
[2024-05-09T16:32:41.536+0000] {logging_mixin.py:188} INFO - [2024-05-09T16:32:41.536+0000] {dagbag.py:545} INFO - Filling up the DagBag from /home/airflow/.local/lib/python3.12/site-packages/airflow/example_dags/example_sla_dag.py
[2024-05-09T16:32:41.540+0000] {processor.py:840} INFO - DAG(s) 'example_sla_dag' retrieved from /home/airflow/.local/lib/python3.12/site-packages/airflow/example_dags/example_sla_dag.py
[2024-05-09T16:32:41.549+0000] {logging_mixin.py:188} INFO - [2024-05-09T16:32:41.549+0000] {dag.py:3096} INFO - Sync 1 DAGs
[2024-05-09T16:32:41.559+0000] {logging_mixin.py:188} INFO - [2024-05-09T16:32:41.559+0000] {dag.py:3954} INFO - Setting next_dagrun for example_sla_dag to 2024-05-09 16:30:00+00:00, run_after=2024-05-09 16:32:00+00:00
[2024-05-09T16:32:41.566+0000] {processor.py:183} INFO - Processing /home/airflow/.local/lib/python3.12/site-packages/airflow/example_dags/example_sla_dag.py took 0.035 seconds
[2024-05-09T16:33:12.064+0000] {processor.py:161} INFO - Started process (PID=1691) to work on /home/airflow/.local/lib/python3.12/site-packages/airflow/example_dags/example_sla_dag.py
[2024-05-09T16:33:12.065+0000] {processor.py:830} INFO - Processing file /home/airflow/.local/lib/python3.12/site-packages/airflow/example_dags/example_sla_dag.py for tasks to queue
[2024-05-09T16:33:12.066+0000] {logging_mixin.py:188} INFO - [2024-05-09T16:33:12.065+0000] {dagbag.py:545} INFO - Filling up the DagBag from /home/airflow/.local/lib/python3.12/site-packages/airflow/example_dags/example_sla_dag.py
[2024-05-09T16:33:12.070+0000] {processor.py:840} INFO - DAG(s) 'example_sla_dag' retrieved from /home/airflow/.local/lib/python3.12/site-packages/airflow/example_dags/example_sla_dag.py
[2024-05-09T16:33:12.079+0000] {logging_mixin.py:188} INFO - [2024-05-09T16:33:12.079+0000] {dag.py:3096} INFO - Sync 1 DAGs
[2024-05-09T16:33:12.089+0000] {logging_mixin.py:188} INFO - [2024-05-09T16:33:12.089+0000] {dag.py:3954} INFO - Setting next_dagrun for example_sla_dag to 2024-05-09 16:30:00+00:00, run_after=2024-05-09 16:32:00+00:00
[2024-05-09T16:33:12.097+0000] {processor.py:183} INFO - Processing /home/airflow/.local/lib/python3.12/site-packages/airflow/example_dags/example_sla_dag.py took 0.037 seconds
[2024-05-09T16:33:42.625+0000] {processor.py:161} INFO - Started process (PID=1749) to work on /home/airflow/.local/lib/python3.12/site-packages/airflow/example_dags/example_sla_dag.py
[2024-05-09T16:33:42.626+0000] {processor.py:830} INFO - Processing file /home/airflow/.local/lib/python3.12/site-packages/airflow/example_dags/example_sla_dag.py for tasks to queue
[2024-05-09T16:33:42.631+0000] {logging_mixin.py:188} INFO - [2024-05-09T16:33:42.631+0000] {dagbag.py:545} INFO - Filling up the DagBag from /home/airflow/.local/lib/python3.12/site-packages/airflow/example_dags/example_sla_dag.py
[2024-05-09T16:33:42.636+0000] {processor.py:840} INFO - DAG(s) 'example_sla_dag' retrieved from /home/airflow/.local/lib/python3.12/site-packages/airflow/example_dags/example_sla_dag.py
[2024-05-09T16:33:42.644+0000] {logging_mixin.py:188} INFO - [2024-05-09T16:33:42.644+0000] {dag.py:3096} INFO - Sync 1 DAGs
[2024-05-09T16:33:42.654+0000] {logging_mixin.py:188} INFO - [2024-05-09T16:33:42.654+0000] {dag.py:3954} INFO - Setting next_dagrun for example_sla_dag to 2024-05-09 16:30:00+00:00, run_after=2024-05-09 16:32:00+00:00
[2024-05-09T16:33:42.661+0000] {processor.py:183} INFO - Processing /home/airflow/.local/lib/python3.12/site-packages/airflow/example_dags/example_sla_dag.py took 0.040 seconds
[2024-05-09T16:34:13.419+0000] {processor.py:161} INFO - Started process (PID=1807) to work on /home/airflow/.local/lib/python3.12/site-packages/airflow/example_dags/example_sla_dag.py
[2024-05-09T16:34:13.420+0000] {processor.py:830} INFO - Processing file /home/airflow/.local/lib/python3.12/site-packages/airflow/example_dags/example_sla_dag.py for tasks to queue
[2024-05-09T16:34:13.421+0000] {logging_mixin.py:188} INFO - [2024-05-09T16:34:13.421+0000] {dagbag.py:545} INFO - Filling up the DagBag from /home/airflow/.local/lib/python3.12/site-packages/airflow/example_dags/example_sla_dag.py
[2024-05-09T16:34:13.425+0000] {processor.py:840} INFO - DAG(s) 'example_sla_dag' retrieved from /home/airflow/.local/lib/python3.12/site-packages/airflow/example_dags/example_sla_dag.py
[2024-05-09T16:34:13.434+0000] {logging_mixin.py:188} INFO - [2024-05-09T16:34:13.434+0000] {dag.py:3096} INFO - Sync 1 DAGs
[2024-05-09T16:34:13.445+0000] {logging_mixin.py:188} INFO - [2024-05-09T16:34:13.445+0000] {dag.py:3954} INFO - Setting next_dagrun for example_sla_dag to 2024-05-09 16:32:00+00:00, run_after=2024-05-09 16:34:00+00:00
[2024-05-09T16:34:13.452+0000] {processor.py:183} INFO - Processing /home/airflow/.local/lib/python3.12/site-packages/airflow/example_dags/example_sla_dag.py took 0.035 seconds
[2024-05-09T16:34:43.920+0000] {processor.py:161} INFO - Started process (PID=1865) to work on /home/airflow/.local/lib/python3.12/site-packages/airflow/example_dags/example_sla_dag.py
[2024-05-09T16:34:43.920+0000] {processor.py:830} INFO - Processing file /home/airflow/.local/lib/python3.12/site-packages/airflow/example_dags/example_sla_dag.py for tasks to queue
[2024-05-09T16:34:43.921+0000] {logging_mixin.py:188} INFO - [2024-05-09T16:34:43.921+0000] {dagbag.py:545} INFO - Filling up the DagBag from /home/airflow/.local/lib/python3.12/site-packages/airflow/example_dags/example_sla_dag.py
[2024-05-09T16:34:43.925+0000] {processor.py:840} INFO - DAG(s) 'example_sla_dag' retrieved from /home/airflow/.local/lib/python3.12/site-packages/airflow/example_dags/example_sla_dag.py
[2024-05-09T16:34:43.934+0000] {logging_mixin.py:188} INFO - [2024-05-09T16:34:43.934+0000] {dag.py:3096} INFO - Sync 1 DAGs
[2024-05-09T16:34:43.943+0000] {logging_mixin.py:188} INFO - [2024-05-09T16:34:43.943+0000] {dag.py:3954} INFO - Setting next_dagrun for example_sla_dag to 2024-05-09 16:32:00+00:00, run_after=2024-05-09 16:34:00+00:00
[2024-05-09T16:34:43.950+0000] {processor.py:183} INFO - Processing /home/airflow/.local/lib/python3.12/site-packages/airflow/example_dags/example_sla_dag.py took 0.033 seconds
[2024-05-09T16:35:14.379+0000] {processor.py:161} INFO - Started process (PID=1923) to work on /home/airflow/.local/lib/python3.12/site-packages/airflow/example_dags/example_sla_dag.py
[2024-05-09T16:35:14.379+0000] {processor.py:830} INFO - Processing file /home/airflow/.local/lib/python3.12/site-packages/airflow/example_dags/example_sla_dag.py for tasks to queue
[2024-05-09T16:35:14.380+0000] {logging_mixin.py:188} INFO - [2024-05-09T16:35:14.380+0000] {dagbag.py:545} INFO - Filling up the DagBag from /home/airflow/.local/lib/python3.12/site-packages/airflow/example_dags/example_sla_dag.py
[2024-05-09T16:35:14.384+0000] {processor.py:840} INFO - DAG(s) 'example_sla_dag' retrieved from /home/airflow/.local/lib/python3.12/site-packages/airflow/example_dags/example_sla_dag.py
[2024-05-09T16:35:14.393+0000] {logging_mixin.py:188} INFO - [2024-05-09T16:35:14.393+0000] {dag.py:3096} INFO - Sync 1 DAGs
[2024-05-09T16:35:14.402+0000] {logging_mixin.py:188} INFO - [2024-05-09T16:35:14.402+0000] {dag.py:3954} INFO - Setting next_dagrun for example_sla_dag to 2024-05-09 16:32:00+00:00, run_after=2024-05-09 16:34:00+00:00
[2024-05-09T16:35:14.408+0000] {processor.py:183} INFO - Processing /home/airflow/.local/lib/python3.12/site-packages/airflow/example_dags/example_sla_dag.py took 0.032 seconds
[2024-05-09T16:35:45.076+0000] {processor.py:161} INFO - Started process (PID=1981) to work on /home/airflow/.local/lib/python3.12/site-packages/airflow/example_dags/example_sla_dag.py
[2024-05-09T16:35:45.076+0000] {processor.py:830} INFO - Processing file /home/airflow/.local/lib/python3.12/site-packages/airflow/example_dags/example_sla_dag.py for tasks to queue
[2024-05-09T16:35:45.077+0000] {logging_mixin.py:188} INFO - [2024-05-09T16:35:45.077+0000] {dagbag.py:545} INFO - Filling up the DagBag from /home/airflow/.local/lib/python3.12/site-packages/airflow/example_dags/example_sla_dag.py
[2024-05-09T16:35:45.081+0000] {processor.py:840} INFO - DAG(s) 'example_sla_dag' retrieved from /home/airflow/.local/lib/python3.12/site-packages/airflow/example_dags/example_sla_dag.py
[2024-05-09T16:35:45.090+0000] {logging_mixin.py:188} INFO - [2024-05-09T16:35:45.090+0000] {dag.py:3096} INFO - Sync 1 DAGs
[2024-05-09T16:35:45.100+0000] {logging_mixin.py:188} INFO - [2024-05-09T16:35:45.100+0000] {dag.py:3954} INFO - Setting next_dagrun for example_sla_dag to 2024-05-09 16:32:00+00:00, run_after=2024-05-09 16:34:00+00:00
[2024-05-09T16:35:45.107+0000] {processor.py:183} INFO - Processing /home/airflow/.local/lib/python3.12/site-packages/airflow/example_dags/example_sla_dag.py took 0.034 seconds
[2024-05-09T16:36:15.390+0000] {processor.py:161} INFO - Started process (PID=2039) to work on /home/airflow/.local/lib/python3.12/site-packages/airflow/example_dags/example_sla_dag.py
[2024-05-09T16:36:15.390+0000] {processor.py:830} INFO - Processing file /home/airflow/.local/lib/python3.12/site-packages/airflow/example_dags/example_sla_dag.py for tasks to queue
[2024-05-09T16:36:15.391+0000] {logging_mixin.py:188} INFO - [2024-05-09T16:36:15.391+0000] {dagbag.py:545} INFO - Filling up the DagBag from /home/airflow/.local/lib/python3.12/site-packages/airflow/example_dags/example_sla_dag.py
[2024-05-09T16:36:15.395+0000] {processor.py:840} INFO - DAG(s) 'example_sla_dag' retrieved from /home/airflow/.local/lib/python3.12/site-packages/airflow/example_dags/example_sla_dag.py
[2024-05-09T16:36:15.404+0000] {logging_mixin.py:188} INFO - [2024-05-09T16:36:15.404+0000] {dag.py:3096} INFO - Sync 1 DAGs
[2024-05-09T16:36:15.414+0000] {logging_mixin.py:188} INFO - [2024-05-09T16:36:15.414+0000] {dag.py:3954} INFO - Setting next_dagrun for example_sla_dag to 2024-05-09 16:34:00+00:00, run_after=2024-05-09 16:36:00+00:00
[2024-05-09T16:36:15.421+0000] {processor.py:183} INFO - Processing /home/airflow/.local/lib/python3.12/site-packages/airflow/example_dags/example_sla_dag.py took 0.034 seconds
[2024-05-09T16:36:46.281+0000] {processor.py:161} INFO - Started process (PID=2097) to work on /home/airflow/.local/lib/python3.12/site-packages/airflow/example_dags/example_sla_dag.py
[2024-05-09T16:36:46.282+0000] {processor.py:830} INFO - Processing file /home/airflow/.local/lib/python3.12/site-packages/airflow/example_dags/example_sla_dag.py for tasks to queue
[2024-05-09T16:36:46.283+0000] {logging_mixin.py:188} INFO - [2024-05-09T16:36:46.283+0000] {dagbag.py:545} INFO - Filling up the DagBag from /home/airflow/.local/lib/python3.12/site-packages/airflow/example_dags/example_sla_dag.py
[2024-05-09T16:36:46.287+0000] {processor.py:840} INFO - DAG(s) 'example_sla_dag' retrieved from /home/airflow/.local/lib/python3.12/site-packages/airflow/example_dags/example_sla_dag.py
[2024-05-09T16:36:46.297+0000] {logging_mixin.py:188} INFO - [2024-05-09T16:36:46.297+0000] {dag.py:3096} INFO - Sync 1 DAGs
[2024-05-09T16:36:46.308+0000] {logging_mixin.py:188} INFO - [2024-05-09T16:36:46.308+0000] {dag.py:3954} INFO - Setting next_dagrun for example_sla_dag to 2024-05-09 16:34:00+00:00, run_after=2024-05-09 16:36:00+00:00
[2024-05-09T16:36:46.409+0000] {processor.py:183} INFO - Processing /home/airflow/.local/lib/python3.12/site-packages/airflow/example_dags/example_sla_dag.py took 0.131 seconds
[2024-05-09T16:37:16.423+0000] {processor.py:161} INFO - Started process (PID=2155) to work on /home/airflow/.local/lib/python3.12/site-packages/airflow/example_dags/example_sla_dag.py
[2024-05-09T16:37:16.423+0000] {processor.py:830} INFO - Processing file /home/airflow/.local/lib/python3.12/site-packages/airflow/example_dags/example_sla_dag.py for tasks to queue
[2024-05-09T16:37:16.424+0000] {logging_mixin.py:188} INFO - [2024-05-09T16:37:16.424+0000] {dagbag.py:545} INFO - Filling up the DagBag from /home/airflow/.local/lib/python3.12/site-packages/airflow/example_dags/example_sla_dag.py
[2024-05-09T16:37:16.428+0000] {processor.py:840} INFO - DAG(s) 'example_sla_dag' retrieved from /home/airflow/.local/lib/python3.12/site-packages/airflow/example_dags/example_sla_dag.py
[2024-05-09T16:37:16.436+0000] {logging_mixin.py:188} INFO - [2024-05-09T16:37:16.436+0000] {dag.py:3096} INFO - Sync 1 DAGs
[2024-05-09T16:37:16.445+0000] {logging_mixin.py:188} INFO - [2024-05-09T16:37:16.445+0000] {dag.py:3954} INFO - Setting next_dagrun for example_sla_dag to 2024-05-09 16:34:00+00:00, run_after=2024-05-09 16:36:00+00:00
[2024-05-09T16:37:16.452+0000] {processor.py:183} INFO - Processing /home/airflow/.local/lib/python3.12/site-packages/airflow/example_dags/example_sla_dag.py took 0.032 seconds
[2024-05-09T16:37:46.654+0000] {processor.py:161} INFO - Started process (PID=2213) to work on /home/airflow/.local/lib/python3.12/site-packages/airflow/example_dags/example_sla_dag.py
[2024-05-09T16:37:46.655+0000] {processor.py:830} INFO - Processing file /home/airflow/.local/lib/python3.12/site-packages/airflow/example_dags/example_sla_dag.py for tasks to queue
[2024-05-09T16:37:46.655+0000] {logging_mixin.py:188} INFO - [2024-05-09T16:37:46.655+0000] {dagbag.py:545} INFO - Filling up the DagBag from /home/airflow/.local/lib/python3.12/site-packages/airflow/example_dags/example_sla_dag.py
[2024-05-09T16:37:46.660+0000] {processor.py:840} INFO - DAG(s) 'example_sla_dag' retrieved from /home/airflow/.local/lib/python3.12/site-packages/airflow/example_dags/example_sla_dag.py
[2024-05-09T16:37:46.668+0000] {logging_mixin.py:188} INFO - [2024-05-09T16:37:46.668+0000] {dag.py:3096} INFO - Sync 1 DAGs
[2024-05-09T16:37:46.677+0000] {logging_mixin.py:188} INFO - [2024-05-09T16:37:46.677+0000] {dag.py:3954} INFO - Setting next_dagrun for example_sla_dag to 2024-05-09 16:34:00+00:00, run_after=2024-05-09 16:36:00+00:00
[2024-05-09T16:37:46.684+0000] {processor.py:183} INFO - Processing /home/airflow/.local/lib/python3.12/site-packages/airflow/example_dags/example_sla_dag.py took 0.033 seconds
[2024-05-09T16:38:17.424+0000] {processor.py:161} INFO - Started process (PID=2271) to work on /home/airflow/.local/lib/python3.12/site-packages/airflow/example_dags/example_sla_dag.py
[2024-05-09T16:38:17.424+0000] {processor.py:830} INFO - Processing file /home/airflow/.local/lib/python3.12/site-packages/airflow/example_dags/example_sla_dag.py for tasks to queue
[2024-05-09T16:38:17.425+0000] {logging_mixin.py:188} INFO - [2024-05-09T16:38:17.425+0000] {dagbag.py:545} INFO - Filling up the DagBag from /home/airflow/.local/lib/python3.12/site-packages/airflow/example_dags/example_sla_dag.py
[2024-05-09T16:38:17.429+0000] {processor.py:840} INFO - DAG(s) 'example_sla_dag' retrieved from /home/airflow/.local/lib/python3.12/site-packages/airflow/example_dags/example_sla_dag.py
[2024-05-09T16:38:17.437+0000] {logging_mixin.py:188} INFO - [2024-05-09T16:38:17.437+0000] {dag.py:3096} INFO - Sync 1 DAGs
[2024-05-09T16:38:17.447+0000] {logging_mixin.py:188} INFO - [2024-05-09T16:38:17.447+0000] {dag.py:3954} INFO - Setting next_dagrun for example_sla_dag to 2024-05-09 16:36:00+00:00, run_after=2024-05-09 16:38:00+00:00
[2024-05-09T16:38:17.453+0000] {processor.py:183} INFO - Processing /home/airflow/.local/lib/python3.12/site-packages/airflow/example_dags/example_sla_dag.py took 0.032 seconds
[2024-05-09T16:38:48.745+0000] {processor.py:161} INFO - Started process (PID=2333) to work on /home/airflow/.local/lib/python3.12/site-packages/airflow/example_dags/example_sla_dag.py
[2024-05-09T16:38:48.746+0000] {processor.py:830} INFO - Processing file /home/airflow/.local/lib/python3.12/site-packages/airflow/example_dags/example_sla_dag.py for tasks to queue
[2024-05-09T16:38:48.747+0000] {logging_mixin.py:188} INFO - [2024-05-09T16:38:48.747+0000] {dagbag.py:545} INFO - Filling up the DagBag from /home/airflow/.local/lib/python3.12/site-packages/airflow/example_dags/example_sla_dag.py
[2024-05-09T16:38:48.752+0000] {processor.py:840} INFO - DAG(s) 'example_sla_dag' retrieved from /home/airflow/.local/lib/python3.12/site-packages/airflow/example_dags/example_sla_dag.py
[2024-05-09T16:38:48.849+0000] {logging_mixin.py:188} INFO - [2024-05-09T16:38:48.849+0000] {dag.py:3096} INFO - Sync 1 DAGs
[2024-05-09T16:38:48.858+0000] {logging_mixin.py:188} INFO - [2024-05-09T16:38:48.858+0000] {dag.py:3954} INFO - Setting next_dagrun for example_sla_dag to 2024-05-09 16:36:00+00:00, run_after=2024-05-09 16:38:00+00:00
[2024-05-09T16:38:48.865+0000] {processor.py:183} INFO - Processing /home/airflow/.local/lib/python3.12/site-packages/airflow/example_dags/example_sla_dag.py took 0.126 seconds
[2024-05-09T16:39:19.766+0000] {processor.py:161} INFO - Started process (PID=2391) to work on /home/airflow/.local/lib/python3.12/site-packages/airflow/example_dags/example_sla_dag.py
[2024-05-09T16:39:19.766+0000] {processor.py:830} INFO - Processing file /home/airflow/.local/lib/python3.12/site-packages/airflow/example_dags/example_sla_dag.py for tasks to queue
[2024-05-09T16:39:19.767+0000] {logging_mixin.py:188} INFO - [2024-05-09T16:39:19.767+0000] {dagbag.py:545} INFO - Filling up the DagBag from /home/airflow/.local/lib/python3.12/site-packages/airflow/example_dags/example_sla_dag.py
[2024-05-09T16:39:19.771+0000] {processor.py:840} INFO - DAG(s) 'example_sla_dag' retrieved from /home/airflow/.local/lib/python3.12/site-packages/airflow/example_dags/example_sla_dag.py
[2024-05-09T16:39:19.780+0000] {logging_mixin.py:188} INFO - [2024-05-09T16:39:19.780+0000] {dag.py:3096} INFO - Sync 1 DAGs
[2024-05-09T16:39:19.790+0000] {logging_mixin.py:188} INFO - [2024-05-09T16:39:19.790+0000] {dag.py:3954} INFO - Setting next_dagrun for example_sla_dag to 2024-05-09 16:36:00+00:00, run_after=2024-05-09 16:38:00+00:00
[2024-05-09T16:39:19.797+0000] {processor.py:183} INFO - Processing /home/airflow/.local/lib/python3.12/site-packages/airflow/example_dags/example_sla_dag.py took 0.035 seconds
[2024-05-09T16:39:50.422+0000] {processor.py:161} INFO - Started process (PID=2449) to work on /home/airflow/.local/lib/python3.12/site-packages/airflow/example_dags/example_sla_dag.py
[2024-05-09T16:39:50.423+0000] {processor.py:830} INFO - Processing file /home/airflow/.local/lib/python3.12/site-packages/airflow/example_dags/example_sla_dag.py for tasks to queue
[2024-05-09T16:39:50.424+0000] {logging_mixin.py:188} INFO - [2024-05-09T16:39:50.424+0000] {dagbag.py:545} INFO - Filling up the DagBag from /home/airflow/.local/lib/python3.12/site-packages/airflow/example_dags/example_sla_dag.py
[2024-05-09T16:39:50.430+0000] {processor.py:840} INFO - DAG(s) 'example_sla_dag' retrieved from /home/airflow/.local/lib/python3.12/site-packages/airflow/example_dags/example_sla_dag.py
[2024-05-09T16:39:50.441+0000] {logging_mixin.py:188} INFO - [2024-05-09T16:39:50.440+0000] {dag.py:3096} INFO - Sync 1 DAGs
[2024-05-09T16:39:50.451+0000] {logging_mixin.py:188} INFO - [2024-05-09T16:39:50.451+0000] {dag.py:3954} INFO - Setting next_dagrun for example_sla_dag to 2024-05-09 16:36:00+00:00, run_after=2024-05-09 16:38:00+00:00
[2024-05-09T16:39:50.458+0000] {processor.py:183} INFO - Processing /home/airflow/.local/lib/python3.12/site-packages/airflow/example_dags/example_sla_dag.py took 0.039 seconds
[2024-05-09T16:40:21.080+0000] {processor.py:161} INFO - Started process (PID=2507) to work on /home/airflow/.local/lib/python3.12/site-packages/airflow/example_dags/example_sla_dag.py
[2024-05-09T16:40:21.080+0000] {processor.py:830} INFO - Processing file /home/airflow/.local/lib/python3.12/site-packages/airflow/example_dags/example_sla_dag.py for tasks to queue
[2024-05-09T16:40:21.081+0000] {logging_mixin.py:188} INFO - [2024-05-09T16:40:21.081+0000] {dagbag.py:545} INFO - Filling up the DagBag from /home/airflow/.local/lib/python3.12/site-packages/airflow/example_dags/example_sla_dag.py
[2024-05-09T16:40:21.085+0000] {processor.py:840} INFO - DAG(s) 'example_sla_dag' retrieved from /home/airflow/.local/lib/python3.12/site-packages/airflow/example_dags/example_sla_dag.py
[2024-05-09T16:40:21.095+0000] {logging_mixin.py:188} INFO - [2024-05-09T16:40:21.095+0000] {dag.py:3096} INFO - Sync 1 DAGs
[2024-05-09T16:40:21.105+0000] {logging_mixin.py:188} INFO - [2024-05-09T16:40:21.105+0000] {dag.py:3954} INFO - Setting next_dagrun for example_sla_dag to 2024-05-09 16:38:00+00:00, run_after=2024-05-09 16:40:00+00:00
[2024-05-09T16:40:21.112+0000] {processor.py:183} INFO - Processing /home/airflow/.local/lib/python3.12/site-packages/airflow/example_dags/example_sla_dag.py took 0.035 seconds
[2024-05-09T16:40:51.736+0000] {processor.py:161} INFO - Started process (PID=2565) to work on /home/airflow/.local/lib/python3.12/site-packages/airflow/example_dags/example_sla_dag.py
[2024-05-09T16:40:51.736+0000] {processor.py:830} INFO - Processing file /home/airflow/.local/lib/python3.12/site-packages/airflow/example_dags/example_sla_dag.py for tasks to queue
[2024-05-09T16:40:51.737+0000] {logging_mixin.py:188} INFO - [2024-05-09T16:40:51.737+0000] {dagbag.py:545} INFO - Filling up the DagBag from /home/airflow/.local/lib/python3.12/site-packages/airflow/example_dags/example_sla_dag.py
[2024-05-09T16:40:51.742+0000] {processor.py:840} INFO - DAG(s) 'example_sla_dag' retrieved from /home/airflow/.local/lib/python3.12/site-packages/airflow/example_dags/example_sla_dag.py
[2024-05-09T16:40:51.751+0000] {logging_mixin.py:188} INFO - [2024-05-09T16:40:51.751+0000] {dag.py:3096} INFO - Sync 1 DAGs
[2024-05-09T16:40:51.761+0000] {logging_mixin.py:188} INFO - [2024-05-09T16:40:51.761+0000] {dag.py:3954} INFO - Setting next_dagrun for example_sla_dag to 2024-05-09 16:38:00+00:00, run_after=2024-05-09 16:40:00+00:00
[2024-05-09T16:40:51.769+0000] {processor.py:183} INFO - Processing /home/airflow/.local/lib/python3.12/site-packages/airflow/example_dags/example_sla_dag.py took 0.036 seconds
[2024-05-09T16:41:22.421+0000] {processor.py:161} INFO - Started process (PID=2623) to work on /home/airflow/.local/lib/python3.12/site-packages/airflow/example_dags/example_sla_dag.py
[2024-05-09T16:41:22.422+0000] {processor.py:830} INFO - Processing file /home/airflow/.local/lib/python3.12/site-packages/airflow/example_dags/example_sla_dag.py for tasks to queue
[2024-05-09T16:41:22.423+0000] {logging_mixin.py:188} INFO - [2024-05-09T16:41:22.423+0000] {dagbag.py:545} INFO - Filling up the DagBag from /home/airflow/.local/lib/python3.12/site-packages/airflow/example_dags/example_sla_dag.py
[2024-05-09T16:41:22.428+0000] {processor.py:840} INFO - DAG(s) 'example_sla_dag' retrieved from /home/airflow/.local/lib/python3.12/site-packages/airflow/example_dags/example_sla_dag.py
[2024-05-09T16:41:22.438+0000] {logging_mixin.py:188} INFO - [2024-05-09T16:41:22.438+0000] {dag.py:3096} INFO - Sync 1 DAGs
[2024-05-09T16:41:22.449+0000] {logging_mixin.py:188} INFO - [2024-05-09T16:41:22.449+0000] {dag.py:3954} INFO - Setting next_dagrun for example_sla_dag to 2024-05-09 16:38:00+00:00, run_after=2024-05-09 16:40:00+00:00
[2024-05-09T16:41:22.456+0000] {processor.py:183} INFO - Processing /home/airflow/.local/lib/python3.12/site-packages/airflow/example_dags/example_sla_dag.py took 0.038 seconds
[2024-05-09T16:41:53.164+0000] {processor.py:161} INFO - Started process (PID=2681) to work on /home/airflow/.local/lib/python3.12/site-packages/airflow/example_dags/example_sla_dag.py
[2024-05-09T16:41:53.165+0000] {processor.py:830} INFO - Processing file /home/airflow/.local/lib/python3.12/site-packages/airflow/example_dags/example_sla_dag.py for tasks to queue
[2024-05-09T16:41:53.168+0000] {logging_mixin.py:188} INFO - [2024-05-09T16:41:53.167+0000] {dagbag.py:545} INFO - Filling up the DagBag from /home/airflow/.local/lib/python3.12/site-packages/airflow/example_dags/example_sla_dag.py
[2024-05-09T16:41:53.174+0000] {processor.py:840} INFO - DAG(s) 'example_sla_dag' retrieved from /home/airflow/.local/lib/python3.12/site-packages/airflow/example_dags/example_sla_dag.py
[2024-05-09T16:41:53.188+0000] {logging_mixin.py:188} INFO - [2024-05-09T16:41:53.188+0000] {dag.py:3096} INFO - Sync 1 DAGs
[2024-05-09T16:41:53.203+0000] {logging_mixin.py:188} INFO - [2024-05-09T16:41:53.203+0000] {dag.py:3954} INFO - Setting next_dagrun for example_sla_dag to 2024-05-09 16:38:00+00:00, run_after=2024-05-09 16:40:00+00:00
[2024-05-09T16:41:53.213+0000] {processor.py:183} INFO - Processing /home/airflow/.local/lib/python3.12/site-packages/airflow/example_dags/example_sla_dag.py took 0.054 seconds
[2024-05-09T16:42:23.929+0000] {processor.py:161} INFO - Started process (PID=2739) to work on /home/airflow/.local/lib/python3.12/site-packages/airflow/example_dags/example_sla_dag.py
[2024-05-09T16:42:23.930+0000] {processor.py:830} INFO - Processing file /home/airflow/.local/lib/python3.12/site-packages/airflow/example_dags/example_sla_dag.py for tasks to queue
[2024-05-09T16:42:23.931+0000] {logging_mixin.py:188} INFO - [2024-05-09T16:42:23.930+0000] {dagbag.py:545} INFO - Filling up the DagBag from /home/airflow/.local/lib/python3.12/site-packages/airflow/example_dags/example_sla_dag.py
[2024-05-09T16:42:23.935+0000] {processor.py:840} INFO - DAG(s) 'example_sla_dag' retrieved from /home/airflow/.local/lib/python3.12/site-packages/airflow/example_dags/example_sla_dag.py
[2024-05-09T16:42:23.944+0000] {logging_mixin.py:188} INFO - [2024-05-09T16:42:23.944+0000] {dag.py:3096} INFO - Sync 1 DAGs
[2024-05-09T16:42:23.954+0000] {logging_mixin.py:188} INFO - [2024-05-09T16:42:23.954+0000] {dag.py:3954} INFO - Setting next_dagrun for example_sla_dag to 2024-05-09 16:40:00+00:00, run_after=2024-05-09 16:42:00+00:00
[2024-05-09T16:42:23.960+0000] {processor.py:183} INFO - Processing /home/airflow/.local/lib/python3.12/site-packages/airflow/example_dags/example_sla_dag.py took 0.034 seconds
[2024-05-09T16:42:54.637+0000] {processor.py:161} INFO - Started process (PID=2797) to work on /home/airflow/.local/lib/python3.12/site-packages/airflow/example_dags/example_sla_dag.py
[2024-05-09T16:42:54.637+0000] {processor.py:830} INFO - Processing file /home/airflow/.local/lib/python3.12/site-packages/airflow/example_dags/example_sla_dag.py for tasks to queue
[2024-05-09T16:42:54.638+0000] {logging_mixin.py:188} INFO - [2024-05-09T16:42:54.638+0000] {dagbag.py:545} INFO - Filling up the DagBag from /home/airflow/.local/lib/python3.12/site-packages/airflow/example_dags/example_sla_dag.py
[2024-05-09T16:42:54.643+0000] {processor.py:840} INFO - DAG(s) 'example_sla_dag' retrieved from /home/airflow/.local/lib/python3.12/site-packages/airflow/example_dags/example_sla_dag.py
[2024-05-09T16:42:54.652+0000] {logging_mixin.py:188} INFO - [2024-05-09T16:42:54.652+0000] {dag.py:3096} INFO - Sync 1 DAGs
[2024-05-09T16:42:54.662+0000] {logging_mixin.py:188} INFO - [2024-05-09T16:42:54.662+0000] {dag.py:3954} INFO - Setting next_dagrun for example_sla_dag to 2024-05-09 16:40:00+00:00, run_after=2024-05-09 16:42:00+00:00
[2024-05-09T16:42:54.669+0000] {processor.py:183} INFO - Processing /home/airflow/.local/lib/python3.12/site-packages/airflow/example_dags/example_sla_dag.py took 0.035 seconds
