[2024-05-09T16:18:54.951+0000] {processor.py:161} INFO - Started process (PID=31) to work on /home/airflow/.local/lib/python3.12/site-packages/airflow/example_dags/example_latest_only_with_trigger.py
[2024-05-09T16:18:54.952+0000] {processor.py:830} INFO - Processing file /home/airflow/.local/lib/python3.12/site-packages/airflow/example_dags/example_latest_only_with_trigger.py for tasks to queue
[2024-05-09T16:18:54.953+0000] {logging_mixin.py:188} INFO - [2024-05-09T16:18:54.953+0000] {dagbag.py:545} INFO - Filling up the DagBag from /home/airflow/.local/lib/python3.12/site-packages/airflow/example_dags/example_latest_only_with_trigger.py
[2024-05-09T16:18:54.976+0000] {processor.py:840} INFO - DAG(s) 'latest_only_with_trigger' retrieved from /home/airflow/.local/lib/python3.12/site-packages/airflow/example_dags/example_latest_only_with_trigger.py
[2024-05-09T16:18:55.129+0000] {logging_mixin.py:188} INFO - [2024-05-09T16:18:55.129+0000] {override.py:1829} INFO - Created Permission View: can edit on DAG:latest_only_with_trigger
[2024-05-09T16:18:55.134+0000] {logging_mixin.py:188} INFO - [2024-05-09T16:18:55.134+0000] {override.py:1829} INFO - Created Permission View: can delete on DAG:latest_only_with_trigger
[2024-05-09T16:18:55.136+0000] {logging_mixin.py:188} INFO - [2024-05-09T16:18:55.136+0000] {override.py:1829} INFO - Created Permission View: can read on DAG:latest_only_with_trigger
[2024-05-09T16:18:55.137+0000] {logging_mixin.py:188} INFO - [2024-05-09T16:18:55.136+0000] {dag.py:3096} INFO - Sync 1 DAGs
[2024-05-09T16:18:55.141+0000] {logging_mixin.py:188} INFO - [2024-05-09T16:18:55.141+0000] {dag.py:3118} INFO - Creating ORM DAG for latest_only_with_trigger
[2024-05-09T16:18:55.148+0000] {logging_mixin.py:188} INFO - [2024-05-09T16:18:55.148+0000] {dag.py:3954} INFO - Setting next_dagrun for latest_only_with_trigger to 2024-05-09 12:00:00+00:00, run_after=2024-05-09 16:00:00+00:00
[2024-05-09T16:18:55.162+0000] {processor.py:183} INFO - Processing /home/airflow/.local/lib/python3.12/site-packages/airflow/example_dags/example_latest_only_with_trigger.py took 0.218 seconds
[2024-05-09T16:19:25.224+0000] {processor.py:161} INFO - Started process (PID=88) to work on /home/airflow/.local/lib/python3.12/site-packages/airflow/example_dags/example_latest_only_with_trigger.py
[2024-05-09T16:19:25.225+0000] {processor.py:830} INFO - Processing file /home/airflow/.local/lib/python3.12/site-packages/airflow/example_dags/example_latest_only_with_trigger.py for tasks to queue
[2024-05-09T16:19:25.228+0000] {logging_mixin.py:188} INFO - [2024-05-09T16:19:25.227+0000] {dagbag.py:545} INFO - Filling up the DagBag from /home/airflow/.local/lib/python3.12/site-packages/airflow/example_dags/example_latest_only_with_trigger.py
[2024-05-09T16:19:25.235+0000] {processor.py:840} INFO - DAG(s) 'latest_only_with_trigger' retrieved from /home/airflow/.local/lib/python3.12/site-packages/airflow/example_dags/example_latest_only_with_trigger.py
[2024-05-09T16:19:25.254+0000] {logging_mixin.py:188} INFO - [2024-05-09T16:19:25.254+0000] {dag.py:3096} INFO - Sync 1 DAGs
[2024-05-09T16:19:25.267+0000] {logging_mixin.py:188} INFO - [2024-05-09T16:19:25.267+0000] {dag.py:3954} INFO - Setting next_dagrun for latest_only_with_trigger to 2024-05-09 12:00:00+00:00, run_after=2024-05-09 16:00:00+00:00
[2024-05-09T16:19:25.275+0000] {processor.py:183} INFO - Processing /home/airflow/.local/lib/python3.12/site-packages/airflow/example_dags/example_latest_only_with_trigger.py took 0.059 seconds
[2024-05-09T16:19:55.776+0000] {processor.py:161} INFO - Started process (PID=146) to work on /home/airflow/.local/lib/python3.12/site-packages/airflow/example_dags/example_latest_only_with_trigger.py
[2024-05-09T16:19:55.777+0000] {processor.py:830} INFO - Processing file /home/airflow/.local/lib/python3.12/site-packages/airflow/example_dags/example_latest_only_with_trigger.py for tasks to queue
[2024-05-09T16:19:55.779+0000] {logging_mixin.py:188} INFO - [2024-05-09T16:19:55.779+0000] {dagbag.py:545} INFO - Filling up the DagBag from /home/airflow/.local/lib/python3.12/site-packages/airflow/example_dags/example_latest_only_with_trigger.py
[2024-05-09T16:19:55.784+0000] {processor.py:840} INFO - DAG(s) 'latest_only_with_trigger' retrieved from /home/airflow/.local/lib/python3.12/site-packages/airflow/example_dags/example_latest_only_with_trigger.py
[2024-05-09T16:19:55.800+0000] {logging_mixin.py:188} INFO - [2024-05-09T16:19:55.800+0000] {dag.py:3096} INFO - Sync 1 DAGs
[2024-05-09T16:19:55.811+0000] {logging_mixin.py:188} INFO - [2024-05-09T16:19:55.811+0000] {dag.py:3954} INFO - Setting next_dagrun for latest_only_with_trigger to 2024-05-09 12:00:00+00:00, run_after=2024-05-09 16:00:00+00:00
[2024-05-09T16:19:55.820+0000] {processor.py:183} INFO - Processing /home/airflow/.local/lib/python3.12/site-packages/airflow/example_dags/example_latest_only_with_trigger.py took 0.052 seconds
[2024-05-09T16:20:26.240+0000] {processor.py:161} INFO - Started process (PID=204) to work on /home/airflow/.local/lib/python3.12/site-packages/airflow/example_dags/example_latest_only_with_trigger.py
[2024-05-09T16:20:26.241+0000] {processor.py:830} INFO - Processing file /home/airflow/.local/lib/python3.12/site-packages/airflow/example_dags/example_latest_only_with_trigger.py for tasks to queue
[2024-05-09T16:20:26.245+0000] {logging_mixin.py:188} INFO - [2024-05-09T16:20:26.244+0000] {dagbag.py:545} INFO - Filling up the DagBag from /home/airflow/.local/lib/python3.12/site-packages/airflow/example_dags/example_latest_only_with_trigger.py
[2024-05-09T16:20:26.250+0000] {processor.py:840} INFO - DAG(s) 'latest_only_with_trigger' retrieved from /home/airflow/.local/lib/python3.12/site-packages/airflow/example_dags/example_latest_only_with_trigger.py
[2024-05-09T16:20:26.266+0000] {logging_mixin.py:188} INFO - [2024-05-09T16:20:26.265+0000] {dag.py:3096} INFO - Sync 1 DAGs
[2024-05-09T16:20:26.278+0000] {logging_mixin.py:188} INFO - [2024-05-09T16:20:26.278+0000] {dag.py:3954} INFO - Setting next_dagrun for latest_only_with_trigger to 2024-05-09 12:00:00+00:00, run_after=2024-05-09 16:00:00+00:00
[2024-05-09T16:20:26.286+0000] {processor.py:183} INFO - Processing /home/airflow/.local/lib/python3.12/site-packages/airflow/example_dags/example_latest_only_with_trigger.py took 0.055 seconds
[2024-05-09T16:20:56.731+0000] {processor.py:161} INFO - Started process (PID=262) to work on /home/airflow/.local/lib/python3.12/site-packages/airflow/example_dags/example_latest_only_with_trigger.py
[2024-05-09T16:20:56.732+0000] {processor.py:830} INFO - Processing file /home/airflow/.local/lib/python3.12/site-packages/airflow/example_dags/example_latest_only_with_trigger.py for tasks to queue
[2024-05-09T16:20:56.735+0000] {logging_mixin.py:188} INFO - [2024-05-09T16:20:56.734+0000] {dagbag.py:545} INFO - Filling up the DagBag from /home/airflow/.local/lib/python3.12/site-packages/airflow/example_dags/example_latest_only_with_trigger.py
[2024-05-09T16:20:56.740+0000] {processor.py:840} INFO - DAG(s) 'latest_only_with_trigger' retrieved from /home/airflow/.local/lib/python3.12/site-packages/airflow/example_dags/example_latest_only_with_trigger.py
[2024-05-09T16:20:56.756+0000] {logging_mixin.py:188} INFO - [2024-05-09T16:20:56.756+0000] {dag.py:3096} INFO - Sync 1 DAGs
[2024-05-09T16:20:56.768+0000] {logging_mixin.py:188} INFO - [2024-05-09T16:20:56.768+0000] {dag.py:3954} INFO - Setting next_dagrun for latest_only_with_trigger to 2024-05-09 12:00:00+00:00, run_after=2024-05-09 16:00:00+00:00
[2024-05-09T16:20:56.778+0000] {processor.py:183} INFO - Processing /home/airflow/.local/lib/python3.12/site-packages/airflow/example_dags/example_latest_only_with_trigger.py took 0.056 seconds
[2024-05-09T16:21:27.149+0000] {processor.py:161} INFO - Started process (PID=320) to work on /home/airflow/.local/lib/python3.12/site-packages/airflow/example_dags/example_latest_only_with_trigger.py
[2024-05-09T16:21:27.150+0000] {processor.py:830} INFO - Processing file /home/airflow/.local/lib/python3.12/site-packages/airflow/example_dags/example_latest_only_with_trigger.py for tasks to queue
[2024-05-09T16:21:27.152+0000] {logging_mixin.py:188} INFO - [2024-05-09T16:21:27.152+0000] {dagbag.py:545} INFO - Filling up the DagBag from /home/airflow/.local/lib/python3.12/site-packages/airflow/example_dags/example_latest_only_with_trigger.py
[2024-05-09T16:21:27.157+0000] {processor.py:840} INFO - DAG(s) 'latest_only_with_trigger' retrieved from /home/airflow/.local/lib/python3.12/site-packages/airflow/example_dags/example_latest_only_with_trigger.py
[2024-05-09T16:21:27.173+0000] {logging_mixin.py:188} INFO - [2024-05-09T16:21:27.173+0000] {dag.py:3096} INFO - Sync 1 DAGs
[2024-05-09T16:21:27.185+0000] {logging_mixin.py:188} INFO - [2024-05-09T16:21:27.185+0000] {dag.py:3954} INFO - Setting next_dagrun for latest_only_with_trigger to 2024-05-09 12:00:00+00:00, run_after=2024-05-09 16:00:00+00:00
[2024-05-09T16:21:27.193+0000] {processor.py:183} INFO - Processing /home/airflow/.local/lib/python3.12/site-packages/airflow/example_dags/example_latest_only_with_trigger.py took 0.052 seconds
[2024-05-09T16:21:57.655+0000] {processor.py:161} INFO - Started process (PID=378) to work on /home/airflow/.local/lib/python3.12/site-packages/airflow/example_dags/example_latest_only_with_trigger.py
[2024-05-09T16:21:57.656+0000] {processor.py:830} INFO - Processing file /home/airflow/.local/lib/python3.12/site-packages/airflow/example_dags/example_latest_only_with_trigger.py for tasks to queue
[2024-05-09T16:21:57.658+0000] {logging_mixin.py:188} INFO - [2024-05-09T16:21:57.658+0000] {dagbag.py:545} INFO - Filling up the DagBag from /home/airflow/.local/lib/python3.12/site-packages/airflow/example_dags/example_latest_only_with_trigger.py
[2024-05-09T16:21:57.664+0000] {processor.py:840} INFO - DAG(s) 'latest_only_with_trigger' retrieved from /home/airflow/.local/lib/python3.12/site-packages/airflow/example_dags/example_latest_only_with_trigger.py
[2024-05-09T16:21:57.680+0000] {logging_mixin.py:188} INFO - [2024-05-09T16:21:57.680+0000] {dag.py:3096} INFO - Sync 1 DAGs
[2024-05-09T16:21:57.692+0000] {logging_mixin.py:188} INFO - [2024-05-09T16:21:57.692+0000] {dag.py:3954} INFO - Setting next_dagrun for latest_only_with_trigger to 2024-05-09 12:00:00+00:00, run_after=2024-05-09 16:00:00+00:00
[2024-05-09T16:21:57.702+0000] {processor.py:183} INFO - Processing /home/airflow/.local/lib/python3.12/site-packages/airflow/example_dags/example_latest_only_with_trigger.py took 0.056 seconds
[2024-05-09T16:22:28.190+0000] {processor.py:161} INFO - Started process (PID=436) to work on /home/airflow/.local/lib/python3.12/site-packages/airflow/example_dags/example_latest_only_with_trigger.py
[2024-05-09T16:22:28.191+0000] {processor.py:830} INFO - Processing file /home/airflow/.local/lib/python3.12/site-packages/airflow/example_dags/example_latest_only_with_trigger.py for tasks to queue
[2024-05-09T16:22:28.194+0000] {logging_mixin.py:188} INFO - [2024-05-09T16:22:28.194+0000] {dagbag.py:545} INFO - Filling up the DagBag from /home/airflow/.local/lib/python3.12/site-packages/airflow/example_dags/example_latest_only_with_trigger.py
[2024-05-09T16:22:28.198+0000] {processor.py:840} INFO - DAG(s) 'latest_only_with_trigger' retrieved from /home/airflow/.local/lib/python3.12/site-packages/airflow/example_dags/example_latest_only_with_trigger.py
[2024-05-09T16:22:28.213+0000] {logging_mixin.py:188} INFO - [2024-05-09T16:22:28.212+0000] {dag.py:3096} INFO - Sync 1 DAGs
[2024-05-09T16:22:28.226+0000] {logging_mixin.py:188} INFO - [2024-05-09T16:22:28.226+0000] {dag.py:3954} INFO - Setting next_dagrun for latest_only_with_trigger to 2024-05-09 12:00:00+00:00, run_after=2024-05-09 16:00:00+00:00
[2024-05-09T16:22:28.235+0000] {processor.py:183} INFO - Processing /home/airflow/.local/lib/python3.12/site-packages/airflow/example_dags/example_latest_only_with_trigger.py took 0.051 seconds
[2024-05-09T16:22:58.671+0000] {processor.py:161} INFO - Started process (PID=494) to work on /home/airflow/.local/lib/python3.12/site-packages/airflow/example_dags/example_latest_only_with_trigger.py
[2024-05-09T16:22:58.673+0000] {processor.py:830} INFO - Processing file /home/airflow/.local/lib/python3.12/site-packages/airflow/example_dags/example_latest_only_with_trigger.py for tasks to queue
[2024-05-09T16:22:58.675+0000] {logging_mixin.py:188} INFO - [2024-05-09T16:22:58.675+0000] {dagbag.py:545} INFO - Filling up the DagBag from /home/airflow/.local/lib/python3.12/site-packages/airflow/example_dags/example_latest_only_with_trigger.py
[2024-05-09T16:22:58.681+0000] {processor.py:840} INFO - DAG(s) 'latest_only_with_trigger' retrieved from /home/airflow/.local/lib/python3.12/site-packages/airflow/example_dags/example_latest_only_with_trigger.py
[2024-05-09T16:22:58.697+0000] {logging_mixin.py:188} INFO - [2024-05-09T16:22:58.697+0000] {dag.py:3096} INFO - Sync 1 DAGs
[2024-05-09T16:22:58.709+0000] {logging_mixin.py:188} INFO - [2024-05-09T16:22:58.709+0000] {dag.py:3954} INFO - Setting next_dagrun for latest_only_with_trigger to 2024-05-09 12:00:00+00:00, run_after=2024-05-09 16:00:00+00:00
[2024-05-09T16:22:58.718+0000] {processor.py:183} INFO - Processing /home/airflow/.local/lib/python3.12/site-packages/airflow/example_dags/example_latest_only_with_trigger.py took 0.057 seconds
[2024-05-09T16:23:29.153+0000] {processor.py:161} INFO - Started process (PID=552) to work on /home/airflow/.local/lib/python3.12/site-packages/airflow/example_dags/example_latest_only_with_trigger.py
[2024-05-09T16:23:29.154+0000] {processor.py:830} INFO - Processing file /home/airflow/.local/lib/python3.12/site-packages/airflow/example_dags/example_latest_only_with_trigger.py for tasks to queue
[2024-05-09T16:23:29.156+0000] {logging_mixin.py:188} INFO - [2024-05-09T16:23:29.156+0000] {dagbag.py:545} INFO - Filling up the DagBag from /home/airflow/.local/lib/python3.12/site-packages/airflow/example_dags/example_latest_only_with_trigger.py
[2024-05-09T16:23:29.160+0000] {processor.py:840} INFO - DAG(s) 'latest_only_with_trigger' retrieved from /home/airflow/.local/lib/python3.12/site-packages/airflow/example_dags/example_latest_only_with_trigger.py
[2024-05-09T16:23:29.174+0000] {logging_mixin.py:188} INFO - [2024-05-09T16:23:29.174+0000] {dag.py:3096} INFO - Sync 1 DAGs
[2024-05-09T16:23:29.184+0000] {logging_mixin.py:188} INFO - [2024-05-09T16:23:29.184+0000] {dag.py:3954} INFO - Setting next_dagrun for latest_only_with_trigger to 2024-05-09 12:00:00+00:00, run_after=2024-05-09 16:00:00+00:00
[2024-05-09T16:23:29.191+0000] {processor.py:183} INFO - Processing /home/airflow/.local/lib/python3.12/site-packages/airflow/example_dags/example_latest_only_with_trigger.py took 0.043 seconds
[2024-05-09T16:23:59.720+0000] {processor.py:161} INFO - Started process (PID=610) to work on /home/airflow/.local/lib/python3.12/site-packages/airflow/example_dags/example_latest_only_with_trigger.py
[2024-05-09T16:23:59.722+0000] {processor.py:830} INFO - Processing file /home/airflow/.local/lib/python3.12/site-packages/airflow/example_dags/example_latest_only_with_trigger.py for tasks to queue
[2024-05-09T16:23:59.725+0000] {logging_mixin.py:188} INFO - [2024-05-09T16:23:59.724+0000] {dagbag.py:545} INFO - Filling up the DagBag from /home/airflow/.local/lib/python3.12/site-packages/airflow/example_dags/example_latest_only_with_trigger.py
[2024-05-09T16:23:59.731+0000] {processor.py:840} INFO - DAG(s) 'latest_only_with_trigger' retrieved from /home/airflow/.local/lib/python3.12/site-packages/airflow/example_dags/example_latest_only_with_trigger.py
[2024-05-09T16:23:59.748+0000] {logging_mixin.py:188} INFO - [2024-05-09T16:23:59.747+0000] {dag.py:3096} INFO - Sync 1 DAGs
[2024-05-09T16:23:59.761+0000] {logging_mixin.py:188} INFO - [2024-05-09T16:23:59.761+0000] {dag.py:3954} INFO - Setting next_dagrun for latest_only_with_trigger to 2024-05-09 12:00:00+00:00, run_after=2024-05-09 16:00:00+00:00
[2024-05-09T16:23:59.769+0000] {processor.py:183} INFO - Processing /home/airflow/.local/lib/python3.12/site-packages/airflow/example_dags/example_latest_only_with_trigger.py took 0.057 seconds
[2024-05-09T16:24:30.192+0000] {processor.py:161} INFO - Started process (PID=668) to work on /home/airflow/.local/lib/python3.12/site-packages/airflow/example_dags/example_latest_only_with_trigger.py
[2024-05-09T16:24:30.193+0000] {processor.py:830} INFO - Processing file /home/airflow/.local/lib/python3.12/site-packages/airflow/example_dags/example_latest_only_with_trigger.py for tasks to queue
[2024-05-09T16:24:30.195+0000] {logging_mixin.py:188} INFO - [2024-05-09T16:24:30.195+0000] {dagbag.py:545} INFO - Filling up the DagBag from /home/airflow/.local/lib/python3.12/site-packages/airflow/example_dags/example_latest_only_with_trigger.py
[2024-05-09T16:24:30.199+0000] {processor.py:840} INFO - DAG(s) 'latest_only_with_trigger' retrieved from /home/airflow/.local/lib/python3.12/site-packages/airflow/example_dags/example_latest_only_with_trigger.py
[2024-05-09T16:24:30.214+0000] {logging_mixin.py:188} INFO - [2024-05-09T16:24:30.214+0000] {dag.py:3096} INFO - Sync 1 DAGs
[2024-05-09T16:24:30.224+0000] {logging_mixin.py:188} INFO - [2024-05-09T16:24:30.224+0000] {dag.py:3954} INFO - Setting next_dagrun for latest_only_with_trigger to 2024-05-09 12:00:00+00:00, run_after=2024-05-09 16:00:00+00:00
[2024-05-09T16:24:30.231+0000] {processor.py:183} INFO - Processing /home/airflow/.local/lib/python3.12/site-packages/airflow/example_dags/example_latest_only_with_trigger.py took 0.044 seconds
[2024-05-09T16:25:00.627+0000] {processor.py:161} INFO - Started process (PID=730) to work on /home/airflow/.local/lib/python3.12/site-packages/airflow/example_dags/example_latest_only_with_trigger.py
[2024-05-09T16:25:00.628+0000] {processor.py:830} INFO - Processing file /home/airflow/.local/lib/python3.12/site-packages/airflow/example_dags/example_latest_only_with_trigger.py for tasks to queue
[2024-05-09T16:25:00.629+0000] {logging_mixin.py:188} INFO - [2024-05-09T16:25:00.629+0000] {dagbag.py:545} INFO - Filling up the DagBag from /home/airflow/.local/lib/python3.12/site-packages/airflow/example_dags/example_latest_only_with_trigger.py
[2024-05-09T16:25:00.633+0000] {processor.py:840} INFO - DAG(s) 'latest_only_with_trigger' retrieved from /home/airflow/.local/lib/python3.12/site-packages/airflow/example_dags/example_latest_only_with_trigger.py
[2024-05-09T16:25:00.653+0000] {logging_mixin.py:188} INFO - [2024-05-09T16:25:00.653+0000] {dag.py:3096} INFO - Sync 1 DAGs
[2024-05-09T16:25:00.663+0000] {logging_mixin.py:188} INFO - [2024-05-09T16:25:00.663+0000] {dag.py:3954} INFO - Setting next_dagrun for latest_only_with_trigger to 2024-05-09 12:00:00+00:00, run_after=2024-05-09 16:00:00+00:00
[2024-05-09T16:25:00.670+0000] {processor.py:183} INFO - Processing /home/airflow/.local/lib/python3.12/site-packages/airflow/example_dags/example_latest_only_with_trigger.py took 0.046 seconds
[2024-05-09T16:25:31.089+0000] {processor.py:161} INFO - Started process (PID=788) to work on /home/airflow/.local/lib/python3.12/site-packages/airflow/example_dags/example_latest_only_with_trigger.py
[2024-05-09T16:25:31.090+0000] {processor.py:830} INFO - Processing file /home/airflow/.local/lib/python3.12/site-packages/airflow/example_dags/example_latest_only_with_trigger.py for tasks to queue
[2024-05-09T16:25:31.091+0000] {logging_mixin.py:188} INFO - [2024-05-09T16:25:31.091+0000] {dagbag.py:545} INFO - Filling up the DagBag from /home/airflow/.local/lib/python3.12/site-packages/airflow/example_dags/example_latest_only_with_trigger.py
[2024-05-09T16:25:31.094+0000] {processor.py:840} INFO - DAG(s) 'latest_only_with_trigger' retrieved from /home/airflow/.local/lib/python3.12/site-packages/airflow/example_dags/example_latest_only_with_trigger.py
[2024-05-09T16:25:31.106+0000] {logging_mixin.py:188} INFO - [2024-05-09T16:25:31.105+0000] {dag.py:3096} INFO - Sync 1 DAGs
[2024-05-09T16:25:31.115+0000] {logging_mixin.py:188} INFO - [2024-05-09T16:25:31.115+0000] {dag.py:3954} INFO - Setting next_dagrun for latest_only_with_trigger to 2024-05-09 12:00:00+00:00, run_after=2024-05-09 16:00:00+00:00
[2024-05-09T16:25:31.124+0000] {processor.py:183} INFO - Processing /home/airflow/.local/lib/python3.12/site-packages/airflow/example_dags/example_latest_only_with_trigger.py took 0.038 seconds
[2024-05-09T16:26:01.623+0000] {processor.py:161} INFO - Started process (PID=846) to work on /home/airflow/.local/lib/python3.12/site-packages/airflow/example_dags/example_latest_only_with_trigger.py
[2024-05-09T16:26:01.625+0000] {processor.py:830} INFO - Processing file /home/airflow/.local/lib/python3.12/site-packages/airflow/example_dags/example_latest_only_with_trigger.py for tasks to queue
[2024-05-09T16:26:01.628+0000] {logging_mixin.py:188} INFO - [2024-05-09T16:26:01.628+0000] {dagbag.py:545} INFO - Filling up the DagBag from /home/airflow/.local/lib/python3.12/site-packages/airflow/example_dags/example_latest_only_with_trigger.py
[2024-05-09T16:26:01.634+0000] {processor.py:840} INFO - DAG(s) 'latest_only_with_trigger' retrieved from /home/airflow/.local/lib/python3.12/site-packages/airflow/example_dags/example_latest_only_with_trigger.py
[2024-05-09T16:26:01.649+0000] {logging_mixin.py:188} INFO - [2024-05-09T16:26:01.649+0000] {dag.py:3096} INFO - Sync 1 DAGs
[2024-05-09T16:26:01.662+0000] {logging_mixin.py:188} INFO - [2024-05-09T16:26:01.662+0000] {dag.py:3954} INFO - Setting next_dagrun for latest_only_with_trigger to 2024-05-09 12:00:00+00:00, run_after=2024-05-09 16:00:00+00:00
[2024-05-09T16:26:01.672+0000] {processor.py:183} INFO - Processing /home/airflow/.local/lib/python3.12/site-packages/airflow/example_dags/example_latest_only_with_trigger.py took 0.057 seconds
[2024-05-09T16:26:32.211+0000] {processor.py:161} INFO - Started process (PID=904) to work on /home/airflow/.local/lib/python3.12/site-packages/airflow/example_dags/example_latest_only_with_trigger.py
[2024-05-09T16:26:32.213+0000] {processor.py:830} INFO - Processing file /home/airflow/.local/lib/python3.12/site-packages/airflow/example_dags/example_latest_only_with_trigger.py for tasks to queue
[2024-05-09T16:26:32.216+0000] {logging_mixin.py:188} INFO - [2024-05-09T16:26:32.215+0000] {dagbag.py:545} INFO - Filling up the DagBag from /home/airflow/.local/lib/python3.12/site-packages/airflow/example_dags/example_latest_only_with_trigger.py
[2024-05-09T16:26:32.221+0000] {processor.py:840} INFO - DAG(s) 'latest_only_with_trigger' retrieved from /home/airflow/.local/lib/python3.12/site-packages/airflow/example_dags/example_latest_only_with_trigger.py
[2024-05-09T16:26:32.237+0000] {logging_mixin.py:188} INFO - [2024-05-09T16:26:32.236+0000] {dag.py:3096} INFO - Sync 1 DAGs
[2024-05-09T16:26:32.248+0000] {logging_mixin.py:188} INFO - [2024-05-09T16:26:32.248+0000] {dag.py:3954} INFO - Setting next_dagrun for latest_only_with_trigger to 2024-05-09 12:00:00+00:00, run_after=2024-05-09 16:00:00+00:00
[2024-05-09T16:26:32.258+0000] {processor.py:183} INFO - Processing /home/airflow/.local/lib/python3.12/site-packages/airflow/example_dags/example_latest_only_with_trigger.py took 0.056 seconds
[2024-05-09T16:27:02.633+0000] {processor.py:161} INFO - Started process (PID=962) to work on /home/airflow/.local/lib/python3.12/site-packages/airflow/example_dags/example_latest_only_with_trigger.py
[2024-05-09T16:27:02.634+0000] {processor.py:830} INFO - Processing file /home/airflow/.local/lib/python3.12/site-packages/airflow/example_dags/example_latest_only_with_trigger.py for tasks to queue
[2024-05-09T16:27:02.637+0000] {logging_mixin.py:188} INFO - [2024-05-09T16:27:02.636+0000] {dagbag.py:545} INFO - Filling up the DagBag from /home/airflow/.local/lib/python3.12/site-packages/airflow/example_dags/example_latest_only_with_trigger.py
[2024-05-09T16:27:02.643+0000] {processor.py:840} INFO - DAG(s) 'latest_only_with_trigger' retrieved from /home/airflow/.local/lib/python3.12/site-packages/airflow/example_dags/example_latest_only_with_trigger.py
[2024-05-09T16:27:02.660+0000] {logging_mixin.py:188} INFO - [2024-05-09T16:27:02.660+0000] {dag.py:3096} INFO - Sync 1 DAGs
[2024-05-09T16:27:02.672+0000] {logging_mixin.py:188} INFO - [2024-05-09T16:27:02.672+0000] {dag.py:3954} INFO - Setting next_dagrun for latest_only_with_trigger to 2024-05-09 12:00:00+00:00, run_after=2024-05-09 16:00:00+00:00
[2024-05-09T16:27:02.681+0000] {processor.py:183} INFO - Processing /home/airflow/.local/lib/python3.12/site-packages/airflow/example_dags/example_latest_only_with_trigger.py took 0.057 seconds
[2024-05-09T16:27:33.178+0000] {processor.py:161} INFO - Started process (PID=1020) to work on /home/airflow/.local/lib/python3.12/site-packages/airflow/example_dags/example_latest_only_with_trigger.py
[2024-05-09T16:27:33.179+0000] {processor.py:830} INFO - Processing file /home/airflow/.local/lib/python3.12/site-packages/airflow/example_dags/example_latest_only_with_trigger.py for tasks to queue
[2024-05-09T16:27:33.181+0000] {logging_mixin.py:188} INFO - [2024-05-09T16:27:33.181+0000] {dagbag.py:545} INFO - Filling up the DagBag from /home/airflow/.local/lib/python3.12/site-packages/airflow/example_dags/example_latest_only_with_trigger.py
[2024-05-09T16:27:33.187+0000] {processor.py:840} INFO - DAG(s) 'latest_only_with_trigger' retrieved from /home/airflow/.local/lib/python3.12/site-packages/airflow/example_dags/example_latest_only_with_trigger.py
[2024-05-09T16:27:33.202+0000] {logging_mixin.py:188} INFO - [2024-05-09T16:27:33.202+0000] {dag.py:3096} INFO - Sync 1 DAGs
[2024-05-09T16:27:33.215+0000] {logging_mixin.py:188} INFO - [2024-05-09T16:27:33.215+0000] {dag.py:3954} INFO - Setting next_dagrun for latest_only_with_trigger to 2024-05-09 12:00:00+00:00, run_after=2024-05-09 16:00:00+00:00
[2024-05-09T16:27:33.223+0000] {processor.py:183} INFO - Processing /home/airflow/.local/lib/python3.12/site-packages/airflow/example_dags/example_latest_only_with_trigger.py took 0.054 seconds
[2024-05-09T16:28:03.641+0000] {processor.py:161} INFO - Started process (PID=1078) to work on /home/airflow/.local/lib/python3.12/site-packages/airflow/example_dags/example_latest_only_with_trigger.py
[2024-05-09T16:28:03.642+0000] {processor.py:830} INFO - Processing file /home/airflow/.local/lib/python3.12/site-packages/airflow/example_dags/example_latest_only_with_trigger.py for tasks to queue
[2024-05-09T16:28:03.644+0000] {logging_mixin.py:188} INFO - [2024-05-09T16:28:03.644+0000] {dagbag.py:545} INFO - Filling up the DagBag from /home/airflow/.local/lib/python3.12/site-packages/airflow/example_dags/example_latest_only_with_trigger.py
[2024-05-09T16:28:03.649+0000] {processor.py:840} INFO - DAG(s) 'latest_only_with_trigger' retrieved from /home/airflow/.local/lib/python3.12/site-packages/airflow/example_dags/example_latest_only_with_trigger.py
[2024-05-09T16:28:03.664+0000] {logging_mixin.py:188} INFO - [2024-05-09T16:28:03.664+0000] {dag.py:3096} INFO - Sync 1 DAGs
[2024-05-09T16:28:03.677+0000] {logging_mixin.py:188} INFO - [2024-05-09T16:28:03.677+0000] {dag.py:3954} INFO - Setting next_dagrun for latest_only_with_trigger to 2024-05-09 12:00:00+00:00, run_after=2024-05-09 16:00:00+00:00
[2024-05-09T16:28:03.684+0000] {processor.py:183} INFO - Processing /home/airflow/.local/lib/python3.12/site-packages/airflow/example_dags/example_latest_only_with_trigger.py took 0.050 seconds
[2024-05-09T16:28:34.214+0000] {processor.py:161} INFO - Started process (PID=1136) to work on /home/airflow/.local/lib/python3.12/site-packages/airflow/example_dags/example_latest_only_with_trigger.py
[2024-05-09T16:28:34.216+0000] {processor.py:830} INFO - Processing file /home/airflow/.local/lib/python3.12/site-packages/airflow/example_dags/example_latest_only_with_trigger.py for tasks to queue
[2024-05-09T16:28:34.219+0000] {logging_mixin.py:188} INFO - [2024-05-09T16:28:34.219+0000] {dagbag.py:545} INFO - Filling up the DagBag from /home/airflow/.local/lib/python3.12/site-packages/airflow/example_dags/example_latest_only_with_trigger.py
[2024-05-09T16:28:34.224+0000] {processor.py:840} INFO - DAG(s) 'latest_only_with_trigger' retrieved from /home/airflow/.local/lib/python3.12/site-packages/airflow/example_dags/example_latest_only_with_trigger.py
[2024-05-09T16:28:34.240+0000] {logging_mixin.py:188} INFO - [2024-05-09T16:28:34.240+0000] {dag.py:3096} INFO - Sync 1 DAGs
[2024-05-09T16:28:34.252+0000] {logging_mixin.py:188} INFO - [2024-05-09T16:28:34.252+0000] {dag.py:3954} INFO - Setting next_dagrun for latest_only_with_trigger to 2024-05-09 12:00:00+00:00, run_after=2024-05-09 16:00:00+00:00
[2024-05-09T16:28:34.261+0000] {processor.py:183} INFO - Processing /home/airflow/.local/lib/python3.12/site-packages/airflow/example_dags/example_latest_only_with_trigger.py took 0.056 seconds
[2024-05-09T16:29:04.727+0000] {processor.py:161} INFO - Started process (PID=1194) to work on /home/airflow/.local/lib/python3.12/site-packages/airflow/example_dags/example_latest_only_with_trigger.py
[2024-05-09T16:29:04.728+0000] {processor.py:830} INFO - Processing file /home/airflow/.local/lib/python3.12/site-packages/airflow/example_dags/example_latest_only_with_trigger.py for tasks to queue
[2024-05-09T16:29:04.732+0000] {logging_mixin.py:188} INFO - [2024-05-09T16:29:04.731+0000] {dagbag.py:545} INFO - Filling up the DagBag from /home/airflow/.local/lib/python3.12/site-packages/airflow/example_dags/example_latest_only_with_trigger.py
[2024-05-09T16:29:04.741+0000] {processor.py:840} INFO - DAG(s) 'latest_only_with_trigger' retrieved from /home/airflow/.local/lib/python3.12/site-packages/airflow/example_dags/example_latest_only_with_trigger.py
[2024-05-09T16:29:04.757+0000] {logging_mixin.py:188} INFO - [2024-05-09T16:29:04.757+0000] {dag.py:3096} INFO - Sync 1 DAGs
[2024-05-09T16:29:04.770+0000] {logging_mixin.py:188} INFO - [2024-05-09T16:29:04.770+0000] {dag.py:3954} INFO - Setting next_dagrun for latest_only_with_trigger to 2024-05-09 12:00:00+00:00, run_after=2024-05-09 16:00:00+00:00
[2024-05-09T16:29:04.777+0000] {processor.py:183} INFO - Processing /home/airflow/.local/lib/python3.12/site-packages/airflow/example_dags/example_latest_only_with_trigger.py took 0.063 seconds
[2024-05-09T16:29:35.218+0000] {processor.py:161} INFO - Started process (PID=1252) to work on /home/airflow/.local/lib/python3.12/site-packages/airflow/example_dags/example_latest_only_with_trigger.py
[2024-05-09T16:29:35.220+0000] {processor.py:830} INFO - Processing file /home/airflow/.local/lib/python3.12/site-packages/airflow/example_dags/example_latest_only_with_trigger.py for tasks to queue
[2024-05-09T16:29:35.222+0000] {logging_mixin.py:188} INFO - [2024-05-09T16:29:35.222+0000] {dagbag.py:545} INFO - Filling up the DagBag from /home/airflow/.local/lib/python3.12/site-packages/airflow/example_dags/example_latest_only_with_trigger.py
[2024-05-09T16:29:35.228+0000] {processor.py:840} INFO - DAG(s) 'latest_only_with_trigger' retrieved from /home/airflow/.local/lib/python3.12/site-packages/airflow/example_dags/example_latest_only_with_trigger.py
[2024-05-09T16:29:35.245+0000] {logging_mixin.py:188} INFO - [2024-05-09T16:29:35.245+0000] {dag.py:3096} INFO - Sync 1 DAGs
[2024-05-09T16:29:35.257+0000] {logging_mixin.py:188} INFO - [2024-05-09T16:29:35.257+0000] {dag.py:3954} INFO - Setting next_dagrun for latest_only_with_trigger to 2024-05-09 12:00:00+00:00, run_after=2024-05-09 16:00:00+00:00
[2024-05-09T16:29:35.266+0000] {processor.py:183} INFO - Processing /home/airflow/.local/lib/python3.12/site-packages/airflow/example_dags/example_latest_only_with_trigger.py took 0.057 seconds
[2024-05-09T16:30:05.819+0000] {processor.py:161} INFO - Started process (PID=1310) to work on /home/airflow/.local/lib/python3.12/site-packages/airflow/example_dags/example_latest_only_with_trigger.py
[2024-05-09T16:30:05.820+0000] {processor.py:830} INFO - Processing file /home/airflow/.local/lib/python3.12/site-packages/airflow/example_dags/example_latest_only_with_trigger.py for tasks to queue
[2024-05-09T16:30:05.822+0000] {logging_mixin.py:188} INFO - [2024-05-09T16:30:05.822+0000] {dagbag.py:545} INFO - Filling up the DagBag from /home/airflow/.local/lib/python3.12/site-packages/airflow/example_dags/example_latest_only_with_trigger.py
[2024-05-09T16:30:05.827+0000] {processor.py:840} INFO - DAG(s) 'latest_only_with_trigger' retrieved from /home/airflow/.local/lib/python3.12/site-packages/airflow/example_dags/example_latest_only_with_trigger.py
[2024-05-09T16:30:05.840+0000] {logging_mixin.py:188} INFO - [2024-05-09T16:30:05.840+0000] {dag.py:3096} INFO - Sync 1 DAGs
[2024-05-09T16:30:05.852+0000] {logging_mixin.py:188} INFO - [2024-05-09T16:30:05.852+0000] {dag.py:3954} INFO - Setting next_dagrun for latest_only_with_trigger to 2024-05-09 12:00:00+00:00, run_after=2024-05-09 16:00:00+00:00
[2024-05-09T16:30:05.861+0000] {processor.py:183} INFO - Processing /home/airflow/.local/lib/python3.12/site-packages/airflow/example_dags/example_latest_only_with_trigger.py took 0.048 seconds
[2024-05-09T16:30:36.400+0000] {processor.py:161} INFO - Started process (PID=1368) to work on /home/airflow/.local/lib/python3.12/site-packages/airflow/example_dags/example_latest_only_with_trigger.py
[2024-05-09T16:30:36.402+0000] {processor.py:830} INFO - Processing file /home/airflow/.local/lib/python3.12/site-packages/airflow/example_dags/example_latest_only_with_trigger.py for tasks to queue
[2024-05-09T16:30:36.405+0000] {logging_mixin.py:188} INFO - [2024-05-09T16:30:36.404+0000] {dagbag.py:545} INFO - Filling up the DagBag from /home/airflow/.local/lib/python3.12/site-packages/airflow/example_dags/example_latest_only_with_trigger.py
[2024-05-09T16:30:36.411+0000] {processor.py:840} INFO - DAG(s) 'latest_only_with_trigger' retrieved from /home/airflow/.local/lib/python3.12/site-packages/airflow/example_dags/example_latest_only_with_trigger.py
[2024-05-09T16:30:36.429+0000] {logging_mixin.py:188} INFO - [2024-05-09T16:30:36.429+0000] {dag.py:3096} INFO - Sync 1 DAGs
[2024-05-09T16:30:36.442+0000] {logging_mixin.py:188} INFO - [2024-05-09T16:30:36.442+0000] {dag.py:3954} INFO - Setting next_dagrun for latest_only_with_trigger to 2024-05-09 12:00:00+00:00, run_after=2024-05-09 16:00:00+00:00
[2024-05-09T16:30:36.451+0000] {processor.py:183} INFO - Processing /home/airflow/.local/lib/python3.12/site-packages/airflow/example_dags/example_latest_only_with_trigger.py took 0.060 seconds
[2024-05-09T16:31:06.950+0000] {processor.py:161} INFO - Started process (PID=1426) to work on /home/airflow/.local/lib/python3.12/site-packages/airflow/example_dags/example_latest_only_with_trigger.py
[2024-05-09T16:31:06.951+0000] {processor.py:830} INFO - Processing file /home/airflow/.local/lib/python3.12/site-packages/airflow/example_dags/example_latest_only_with_trigger.py for tasks to queue
[2024-05-09T16:31:06.954+0000] {logging_mixin.py:188} INFO - [2024-05-09T16:31:06.954+0000] {dagbag.py:545} INFO - Filling up the DagBag from /home/airflow/.local/lib/python3.12/site-packages/airflow/example_dags/example_latest_only_with_trigger.py
[2024-05-09T16:31:06.960+0000] {processor.py:840} INFO - DAG(s) 'latest_only_with_trigger' retrieved from /home/airflow/.local/lib/python3.12/site-packages/airflow/example_dags/example_latest_only_with_trigger.py
[2024-05-09T16:31:06.976+0000] {logging_mixin.py:188} INFO - [2024-05-09T16:31:06.975+0000] {dag.py:3096} INFO - Sync 1 DAGs
[2024-05-09T16:31:06.988+0000] {logging_mixin.py:188} INFO - [2024-05-09T16:31:06.988+0000] {dag.py:3954} INFO - Setting next_dagrun for latest_only_with_trigger to 2024-05-09 12:00:00+00:00, run_after=2024-05-09 16:00:00+00:00
[2024-05-09T16:31:06.996+0000] {processor.py:183} INFO - Processing /home/airflow/.local/lib/python3.12/site-packages/airflow/example_dags/example_latest_only_with_trigger.py took 0.055 seconds
[2024-05-09T16:31:37.508+0000] {processor.py:161} INFO - Started process (PID=1484) to work on /home/airflow/.local/lib/python3.12/site-packages/airflow/example_dags/example_latest_only_with_trigger.py
[2024-05-09T16:31:37.510+0000] {processor.py:830} INFO - Processing file /home/airflow/.local/lib/python3.12/site-packages/airflow/example_dags/example_latest_only_with_trigger.py for tasks to queue
[2024-05-09T16:31:37.513+0000] {logging_mixin.py:188} INFO - [2024-05-09T16:31:37.513+0000] {dagbag.py:545} INFO - Filling up the DagBag from /home/airflow/.local/lib/python3.12/site-packages/airflow/example_dags/example_latest_only_with_trigger.py
[2024-05-09T16:31:37.519+0000] {processor.py:840} INFO - DAG(s) 'latest_only_with_trigger' retrieved from /home/airflow/.local/lib/python3.12/site-packages/airflow/example_dags/example_latest_only_with_trigger.py
[2024-05-09T16:31:37.536+0000] {logging_mixin.py:188} INFO - [2024-05-09T16:31:37.536+0000] {dag.py:3096} INFO - Sync 1 DAGs
[2024-05-09T16:31:37.548+0000] {logging_mixin.py:188} INFO - [2024-05-09T16:31:37.548+0000] {dag.py:3954} INFO - Setting next_dagrun for latest_only_with_trigger to 2024-05-09 12:00:00+00:00, run_after=2024-05-09 16:00:00+00:00
[2024-05-09T16:31:37.556+0000] {processor.py:183} INFO - Processing /home/airflow/.local/lib/python3.12/site-packages/airflow/example_dags/example_latest_only_with_trigger.py took 0.057 seconds
[2024-05-09T16:32:08.028+0000] {processor.py:161} INFO - Started process (PID=1542) to work on /home/airflow/.local/lib/python3.12/site-packages/airflow/example_dags/example_latest_only_with_trigger.py
[2024-05-09T16:32:08.029+0000] {processor.py:830} INFO - Processing file /home/airflow/.local/lib/python3.12/site-packages/airflow/example_dags/example_latest_only_with_trigger.py for tasks to queue
[2024-05-09T16:32:08.031+0000] {logging_mixin.py:188} INFO - [2024-05-09T16:32:08.031+0000] {dagbag.py:545} INFO - Filling up the DagBag from /home/airflow/.local/lib/python3.12/site-packages/airflow/example_dags/example_latest_only_with_trigger.py
[2024-05-09T16:32:08.037+0000] {processor.py:840} INFO - DAG(s) 'latest_only_with_trigger' retrieved from /home/airflow/.local/lib/python3.12/site-packages/airflow/example_dags/example_latest_only_with_trigger.py
[2024-05-09T16:32:08.053+0000] {logging_mixin.py:188} INFO - [2024-05-09T16:32:08.053+0000] {dag.py:3096} INFO - Sync 1 DAGs
[2024-05-09T16:32:08.065+0000] {logging_mixin.py:188} INFO - [2024-05-09T16:32:08.065+0000] {dag.py:3954} INFO - Setting next_dagrun for latest_only_with_trigger to 2024-05-09 12:00:00+00:00, run_after=2024-05-09 16:00:00+00:00
[2024-05-09T16:32:08.074+0000] {processor.py:183} INFO - Processing /home/airflow/.local/lib/python3.12/site-packages/airflow/example_dags/example_latest_only_with_trigger.py took 0.055 seconds
[2024-05-09T16:32:38.579+0000] {processor.py:161} INFO - Started process (PID=1600) to work on /home/airflow/.local/lib/python3.12/site-packages/airflow/example_dags/example_latest_only_with_trigger.py
[2024-05-09T16:32:38.580+0000] {processor.py:830} INFO - Processing file /home/airflow/.local/lib/python3.12/site-packages/airflow/example_dags/example_latest_only_with_trigger.py for tasks to queue
[2024-05-09T16:32:38.583+0000] {logging_mixin.py:188} INFO - [2024-05-09T16:32:38.583+0000] {dagbag.py:545} INFO - Filling up the DagBag from /home/airflow/.local/lib/python3.12/site-packages/airflow/example_dags/example_latest_only_with_trigger.py
[2024-05-09T16:32:38.589+0000] {processor.py:840} INFO - DAG(s) 'latest_only_with_trigger' retrieved from /home/airflow/.local/lib/python3.12/site-packages/airflow/example_dags/example_latest_only_with_trigger.py
[2024-05-09T16:32:38.607+0000] {logging_mixin.py:188} INFO - [2024-05-09T16:32:38.607+0000] {dag.py:3096} INFO - Sync 1 DAGs
[2024-05-09T16:32:38.620+0000] {logging_mixin.py:188} INFO - [2024-05-09T16:32:38.620+0000] {dag.py:3954} INFO - Setting next_dagrun for latest_only_with_trigger to 2024-05-09 12:00:00+00:00, run_after=2024-05-09 16:00:00+00:00
[2024-05-09T16:32:38.629+0000] {processor.py:183} INFO - Processing /home/airflow/.local/lib/python3.12/site-packages/airflow/example_dags/example_latest_only_with_trigger.py took 0.059 seconds
[2024-05-09T16:33:09.190+0000] {processor.py:161} INFO - Started process (PID=1658) to work on /home/airflow/.local/lib/python3.12/site-packages/airflow/example_dags/example_latest_only_with_trigger.py
[2024-05-09T16:33:09.191+0000] {processor.py:830} INFO - Processing file /home/airflow/.local/lib/python3.12/site-packages/airflow/example_dags/example_latest_only_with_trigger.py for tasks to queue
[2024-05-09T16:33:09.193+0000] {logging_mixin.py:188} INFO - [2024-05-09T16:33:09.193+0000] {dagbag.py:545} INFO - Filling up the DagBag from /home/airflow/.local/lib/python3.12/site-packages/airflow/example_dags/example_latest_only_with_trigger.py
[2024-05-09T16:33:09.198+0000] {processor.py:840} INFO - DAG(s) 'latest_only_with_trigger' retrieved from /home/airflow/.local/lib/python3.12/site-packages/airflow/example_dags/example_latest_only_with_trigger.py
[2024-05-09T16:33:09.213+0000] {logging_mixin.py:188} INFO - [2024-05-09T16:33:09.213+0000] {dag.py:3096} INFO - Sync 1 DAGs
[2024-05-09T16:33:09.225+0000] {logging_mixin.py:188} INFO - [2024-05-09T16:33:09.224+0000] {dag.py:3954} INFO - Setting next_dagrun for latest_only_with_trigger to 2024-05-09 12:00:00+00:00, run_after=2024-05-09 16:00:00+00:00
[2024-05-09T16:33:09.232+0000] {processor.py:183} INFO - Processing /home/airflow/.local/lib/python3.12/site-packages/airflow/example_dags/example_latest_only_with_trigger.py took 0.050 seconds
[2024-05-09T16:33:39.740+0000] {processor.py:161} INFO - Started process (PID=1716) to work on /home/airflow/.local/lib/python3.12/site-packages/airflow/example_dags/example_latest_only_with_trigger.py
[2024-05-09T16:33:39.742+0000] {processor.py:830} INFO - Processing file /home/airflow/.local/lib/python3.12/site-packages/airflow/example_dags/example_latest_only_with_trigger.py for tasks to queue
[2024-05-09T16:33:39.745+0000] {logging_mixin.py:188} INFO - [2024-05-09T16:33:39.744+0000] {dagbag.py:545} INFO - Filling up the DagBag from /home/airflow/.local/lib/python3.12/site-packages/airflow/example_dags/example_latest_only_with_trigger.py
[2024-05-09T16:33:39.750+0000] {processor.py:840} INFO - DAG(s) 'latest_only_with_trigger' retrieved from /home/airflow/.local/lib/python3.12/site-packages/airflow/example_dags/example_latest_only_with_trigger.py
[2024-05-09T16:33:39.767+0000] {logging_mixin.py:188} INFO - [2024-05-09T16:33:39.767+0000] {dag.py:3096} INFO - Sync 1 DAGs
[2024-05-09T16:33:39.778+0000] {logging_mixin.py:188} INFO - [2024-05-09T16:33:39.778+0000] {dag.py:3954} INFO - Setting next_dagrun for latest_only_with_trigger to 2024-05-09 12:00:00+00:00, run_after=2024-05-09 16:00:00+00:00
[2024-05-09T16:33:39.787+0000] {processor.py:183} INFO - Processing /home/airflow/.local/lib/python3.12/site-packages/airflow/example_dags/example_latest_only_with_trigger.py took 0.056 seconds
[2024-05-09T16:34:10.320+0000] {processor.py:161} INFO - Started process (PID=1774) to work on /home/airflow/.local/lib/python3.12/site-packages/airflow/example_dags/example_latest_only_with_trigger.py
[2024-05-09T16:34:10.322+0000] {processor.py:830} INFO - Processing file /home/airflow/.local/lib/python3.12/site-packages/airflow/example_dags/example_latest_only_with_trigger.py for tasks to queue
[2024-05-09T16:34:10.325+0000] {logging_mixin.py:188} INFO - [2024-05-09T16:34:10.324+0000] {dagbag.py:545} INFO - Filling up the DagBag from /home/airflow/.local/lib/python3.12/site-packages/airflow/example_dags/example_latest_only_with_trigger.py
[2024-05-09T16:34:10.330+0000] {processor.py:840} INFO - DAG(s) 'latest_only_with_trigger' retrieved from /home/airflow/.local/lib/python3.12/site-packages/airflow/example_dags/example_latest_only_with_trigger.py
[2024-05-09T16:34:10.346+0000] {logging_mixin.py:188} INFO - [2024-05-09T16:34:10.346+0000] {dag.py:3096} INFO - Sync 1 DAGs
[2024-05-09T16:34:10.358+0000] {logging_mixin.py:188} INFO - [2024-05-09T16:34:10.358+0000] {dag.py:3954} INFO - Setting next_dagrun for latest_only_with_trigger to 2024-05-09 12:00:00+00:00, run_after=2024-05-09 16:00:00+00:00
[2024-05-09T16:34:10.366+0000] {processor.py:183} INFO - Processing /home/airflow/.local/lib/python3.12/site-packages/airflow/example_dags/example_latest_only_with_trigger.py took 0.055 seconds
[2024-05-09T16:34:41.033+0000] {processor.py:161} INFO - Started process (PID=1832) to work on /home/airflow/.local/lib/python3.12/site-packages/airflow/example_dags/example_latest_only_with_trigger.py
[2024-05-09T16:34:41.034+0000] {processor.py:830} INFO - Processing file /home/airflow/.local/lib/python3.12/site-packages/airflow/example_dags/example_latest_only_with_trigger.py for tasks to queue
[2024-05-09T16:34:41.037+0000] {logging_mixin.py:188} INFO - [2024-05-09T16:34:41.036+0000] {dagbag.py:545} INFO - Filling up the DagBag from /home/airflow/.local/lib/python3.12/site-packages/airflow/example_dags/example_latest_only_with_trigger.py
[2024-05-09T16:34:41.041+0000] {processor.py:840} INFO - DAG(s) 'latest_only_with_trigger' retrieved from /home/airflow/.local/lib/python3.12/site-packages/airflow/example_dags/example_latest_only_with_trigger.py
[2024-05-09T16:34:41.054+0000] {logging_mixin.py:188} INFO - [2024-05-09T16:34:41.053+0000] {dag.py:3096} INFO - Sync 1 DAGs
[2024-05-09T16:34:41.065+0000] {logging_mixin.py:188} INFO - [2024-05-09T16:34:41.065+0000] {dag.py:3954} INFO - Setting next_dagrun for latest_only_with_trigger to 2024-05-09 12:00:00+00:00, run_after=2024-05-09 16:00:00+00:00
[2024-05-09T16:34:41.072+0000] {processor.py:183} INFO - Processing /home/airflow/.local/lib/python3.12/site-packages/airflow/example_dags/example_latest_only_with_trigger.py took 0.044 seconds
[2024-05-09T16:35:11.498+0000] {processor.py:161} INFO - Started process (PID=1890) to work on /home/airflow/.local/lib/python3.12/site-packages/airflow/example_dags/example_latest_only_with_trigger.py
[2024-05-09T16:35:11.499+0000] {processor.py:830} INFO - Processing file /home/airflow/.local/lib/python3.12/site-packages/airflow/example_dags/example_latest_only_with_trigger.py for tasks to queue
[2024-05-09T16:35:11.500+0000] {logging_mixin.py:188} INFO - [2024-05-09T16:35:11.500+0000] {dagbag.py:545} INFO - Filling up the DagBag from /home/airflow/.local/lib/python3.12/site-packages/airflow/example_dags/example_latest_only_with_trigger.py
[2024-05-09T16:35:11.503+0000] {processor.py:840} INFO - DAG(s) 'latest_only_with_trigger' retrieved from /home/airflow/.local/lib/python3.12/site-packages/airflow/example_dags/example_latest_only_with_trigger.py
[2024-05-09T16:35:11.515+0000] {logging_mixin.py:188} INFO - [2024-05-09T16:35:11.514+0000] {dag.py:3096} INFO - Sync 1 DAGs
[2024-05-09T16:35:11.524+0000] {logging_mixin.py:188} INFO - [2024-05-09T16:35:11.524+0000] {dag.py:3954} INFO - Setting next_dagrun for latest_only_with_trigger to 2024-05-09 12:00:00+00:00, run_after=2024-05-09 16:00:00+00:00
[2024-05-09T16:35:11.530+0000] {processor.py:183} INFO - Processing /home/airflow/.local/lib/python3.12/site-packages/airflow/example_dags/example_latest_only_with_trigger.py took 0.039 seconds
[2024-05-09T16:35:42.003+0000] {processor.py:161} INFO - Started process (PID=1948) to work on /home/airflow/.local/lib/python3.12/site-packages/airflow/example_dags/example_latest_only_with_trigger.py
[2024-05-09T16:35:42.005+0000] {processor.py:830} INFO - Processing file /home/airflow/.local/lib/python3.12/site-packages/airflow/example_dags/example_latest_only_with_trigger.py for tasks to queue
[2024-05-09T16:35:42.008+0000] {logging_mixin.py:188} INFO - [2024-05-09T16:35:42.007+0000] {dagbag.py:545} INFO - Filling up the DagBag from /home/airflow/.local/lib/python3.12/site-packages/airflow/example_dags/example_latest_only_with_trigger.py
[2024-05-09T16:35:42.013+0000] {processor.py:840} INFO - DAG(s) 'latest_only_with_trigger' retrieved from /home/airflow/.local/lib/python3.12/site-packages/airflow/example_dags/example_latest_only_with_trigger.py
[2024-05-09T16:35:42.030+0000] {logging_mixin.py:188} INFO - [2024-05-09T16:35:42.029+0000] {dag.py:3096} INFO - Sync 1 DAGs
[2024-05-09T16:35:42.041+0000] {logging_mixin.py:188} INFO - [2024-05-09T16:35:42.041+0000] {dag.py:3954} INFO - Setting next_dagrun for latest_only_with_trigger to 2024-05-09 12:00:00+00:00, run_after=2024-05-09 16:00:00+00:00
[2024-05-09T16:35:42.123+0000] {processor.py:183} INFO - Processing /home/airflow/.local/lib/python3.12/site-packages/airflow/example_dags/example_latest_only_with_trigger.py took 0.129 seconds
[2024-05-09T16:36:12.712+0000] {processor.py:161} INFO - Started process (PID=2006) to work on /home/airflow/.local/lib/python3.12/site-packages/airflow/example_dags/example_latest_only_with_trigger.py
[2024-05-09T16:36:12.713+0000] {processor.py:830} INFO - Processing file /home/airflow/.local/lib/python3.12/site-packages/airflow/example_dags/example_latest_only_with_trigger.py for tasks to queue
[2024-05-09T16:36:12.715+0000] {logging_mixin.py:188} INFO - [2024-05-09T16:36:12.715+0000] {dagbag.py:545} INFO - Filling up the DagBag from /home/airflow/.local/lib/python3.12/site-packages/airflow/example_dags/example_latest_only_with_trigger.py
[2024-05-09T16:36:12.722+0000] {processor.py:840} INFO - DAG(s) 'latest_only_with_trigger' retrieved from /home/airflow/.local/lib/python3.12/site-packages/airflow/example_dags/example_latest_only_with_trigger.py
[2024-05-09T16:36:12.737+0000] {logging_mixin.py:188} INFO - [2024-05-09T16:36:12.737+0000] {dag.py:3096} INFO - Sync 1 DAGs
[2024-05-09T16:36:12.750+0000] {logging_mixin.py:188} INFO - [2024-05-09T16:36:12.750+0000] {dag.py:3954} INFO - Setting next_dagrun for latest_only_with_trigger to 2024-05-09 12:00:00+00:00, run_after=2024-05-09 16:00:00+00:00
[2024-05-09T16:36:12.759+0000] {processor.py:183} INFO - Processing /home/airflow/.local/lib/python3.12/site-packages/airflow/example_dags/example_latest_only_with_trigger.py took 0.055 seconds
[2024-05-09T16:36:43.006+0000] {processor.py:161} INFO - Started process (PID=2064) to work on /home/airflow/.local/lib/python3.12/site-packages/airflow/example_dags/example_latest_only_with_trigger.py
[2024-05-09T16:36:43.008+0000] {processor.py:830} INFO - Processing file /home/airflow/.local/lib/python3.12/site-packages/airflow/example_dags/example_latest_only_with_trigger.py for tasks to queue
[2024-05-09T16:36:43.011+0000] {logging_mixin.py:188} INFO - [2024-05-09T16:36:43.010+0000] {dagbag.py:545} INFO - Filling up the DagBag from /home/airflow/.local/lib/python3.12/site-packages/airflow/example_dags/example_latest_only_with_trigger.py
[2024-05-09T16:36:43.016+0000] {processor.py:840} INFO - DAG(s) 'latest_only_with_trigger' retrieved from /home/airflow/.local/lib/python3.12/site-packages/airflow/example_dags/example_latest_only_with_trigger.py
[2024-05-09T16:36:43.032+0000] {logging_mixin.py:188} INFO - [2024-05-09T16:36:43.031+0000] {dag.py:3096} INFO - Sync 1 DAGs
[2024-05-09T16:36:43.044+0000] {logging_mixin.py:188} INFO - [2024-05-09T16:36:43.044+0000] {dag.py:3954} INFO - Setting next_dagrun for latest_only_with_trigger to 2024-05-09 12:00:00+00:00, run_after=2024-05-09 16:00:00+00:00
[2024-05-09T16:36:43.052+0000] {processor.py:183} INFO - Processing /home/airflow/.local/lib/python3.12/site-packages/airflow/example_dags/example_latest_only_with_trigger.py took 0.055 seconds
[2024-05-09T16:37:13.322+0000] {processor.py:161} INFO - Started process (PID=2122) to work on /home/airflow/.local/lib/python3.12/site-packages/airflow/example_dags/example_latest_only_with_trigger.py
[2024-05-09T16:37:13.323+0000] {processor.py:830} INFO - Processing file /home/airflow/.local/lib/python3.12/site-packages/airflow/example_dags/example_latest_only_with_trigger.py for tasks to queue
[2024-05-09T16:37:13.325+0000] {logging_mixin.py:188} INFO - [2024-05-09T16:37:13.325+0000] {dagbag.py:545} INFO - Filling up the DagBag from /home/airflow/.local/lib/python3.12/site-packages/airflow/example_dags/example_latest_only_with_trigger.py
[2024-05-09T16:37:13.331+0000] {processor.py:840} INFO - DAG(s) 'latest_only_with_trigger' retrieved from /home/airflow/.local/lib/python3.12/site-packages/airflow/example_dags/example_latest_only_with_trigger.py
[2024-05-09T16:37:13.349+0000] {logging_mixin.py:188} INFO - [2024-05-09T16:37:13.349+0000] {dag.py:3096} INFO - Sync 1 DAGs
[2024-05-09T16:37:13.362+0000] {logging_mixin.py:188} INFO - [2024-05-09T16:37:13.362+0000] {dag.py:3954} INFO - Setting next_dagrun for latest_only_with_trigger to 2024-05-09 12:00:00+00:00, run_after=2024-05-09 16:00:00+00:00
[2024-05-09T16:37:13.371+0000] {processor.py:183} INFO - Processing /home/airflow/.local/lib/python3.12/site-packages/airflow/example_dags/example_latest_only_with_trigger.py took 0.058 seconds
[2024-05-09T16:37:43.584+0000] {processor.py:161} INFO - Started process (PID=2180) to work on /home/airflow/.local/lib/python3.12/site-packages/airflow/example_dags/example_latest_only_with_trigger.py
[2024-05-09T16:37:43.585+0000] {processor.py:830} INFO - Processing file /home/airflow/.local/lib/python3.12/site-packages/airflow/example_dags/example_latest_only_with_trigger.py for tasks to queue
[2024-05-09T16:37:43.588+0000] {logging_mixin.py:188} INFO - [2024-05-09T16:37:43.588+0000] {dagbag.py:545} INFO - Filling up the DagBag from /home/airflow/.local/lib/python3.12/site-packages/airflow/example_dags/example_latest_only_with_trigger.py
[2024-05-09T16:37:43.594+0000] {processor.py:840} INFO - DAG(s) 'latest_only_with_trigger' retrieved from /home/airflow/.local/lib/python3.12/site-packages/airflow/example_dags/example_latest_only_with_trigger.py
[2024-05-09T16:37:43.612+0000] {logging_mixin.py:188} INFO - [2024-05-09T16:37:43.612+0000] {dag.py:3096} INFO - Sync 1 DAGs
[2024-05-09T16:37:43.625+0000] {logging_mixin.py:188} INFO - [2024-05-09T16:37:43.625+0000] {dag.py:3954} INFO - Setting next_dagrun for latest_only_with_trigger to 2024-05-09 12:00:00+00:00, run_after=2024-05-09 16:00:00+00:00
[2024-05-09T16:37:43.633+0000] {processor.py:183} INFO - Processing /home/airflow/.local/lib/python3.12/site-packages/airflow/example_dags/example_latest_only_with_trigger.py took 0.057 seconds
[2024-05-09T16:38:13.761+0000] {processor.py:161} INFO - Started process (PID=2238) to work on /home/airflow/.local/lib/python3.12/site-packages/airflow/example_dags/example_latest_only_with_trigger.py
[2024-05-09T16:38:13.763+0000] {processor.py:830} INFO - Processing file /home/airflow/.local/lib/python3.12/site-packages/airflow/example_dags/example_latest_only_with_trigger.py for tasks to queue
[2024-05-09T16:38:13.766+0000] {logging_mixin.py:188} INFO - [2024-05-09T16:38:13.766+0000] {dagbag.py:545} INFO - Filling up the DagBag from /home/airflow/.local/lib/python3.12/site-packages/airflow/example_dags/example_latest_only_with_trigger.py
[2024-05-09T16:38:13.772+0000] {processor.py:840} INFO - DAG(s) 'latest_only_with_trigger' retrieved from /home/airflow/.local/lib/python3.12/site-packages/airflow/example_dags/example_latest_only_with_trigger.py
[2024-05-09T16:38:13.787+0000] {logging_mixin.py:188} INFO - [2024-05-09T16:38:13.787+0000] {dag.py:3096} INFO - Sync 1 DAGs
[2024-05-09T16:38:13.889+0000] {logging_mixin.py:188} INFO - [2024-05-09T16:38:13.889+0000] {dag.py:3954} INFO - Setting next_dagrun for latest_only_with_trigger to 2024-05-09 12:00:00+00:00, run_after=2024-05-09 16:00:00+00:00
[2024-05-09T16:38:13.896+0000] {processor.py:183} INFO - Processing /home/airflow/.local/lib/python3.12/site-packages/airflow/example_dags/example_latest_only_with_trigger.py took 0.143 seconds
[2024-05-09T16:38:44.236+0000] {processor.py:161} INFO - Started process (PID=2295) to work on /home/airflow/.local/lib/python3.12/site-packages/airflow/example_dags/example_latest_only_with_trigger.py
[2024-05-09T16:38:44.237+0000] {processor.py:830} INFO - Processing file /home/airflow/.local/lib/python3.12/site-packages/airflow/example_dags/example_latest_only_with_trigger.py for tasks to queue
[2024-05-09T16:38:44.241+0000] {logging_mixin.py:188} INFO - [2024-05-09T16:38:44.240+0000] {dagbag.py:545} INFO - Filling up the DagBag from /home/airflow/.local/lib/python3.12/site-packages/airflow/example_dags/example_latest_only_with_trigger.py
[2024-05-09T16:38:44.246+0000] {processor.py:840} INFO - DAG(s) 'latest_only_with_trigger' retrieved from /home/airflow/.local/lib/python3.12/site-packages/airflow/example_dags/example_latest_only_with_trigger.py
[2024-05-09T16:38:44.262+0000] {logging_mixin.py:188} INFO - [2024-05-09T16:38:44.262+0000] {dag.py:3096} INFO - Sync 1 DAGs
[2024-05-09T16:38:44.275+0000] {logging_mixin.py:188} INFO - [2024-05-09T16:38:44.275+0000] {dag.py:3954} INFO - Setting next_dagrun for latest_only_with_trigger to 2024-05-09 12:00:00+00:00, run_after=2024-05-09 16:00:00+00:00
[2024-05-09T16:38:44.373+0000] {processor.py:183} INFO - Processing /home/airflow/.local/lib/python3.12/site-packages/airflow/example_dags/example_latest_only_with_trigger.py took 0.146 seconds
[2024-05-09T16:39:14.713+0000] {processor.py:161} INFO - Started process (PID=2352) to work on /home/airflow/.local/lib/python3.12/site-packages/airflow/example_dags/example_latest_only_with_trigger.py
[2024-05-09T16:39:14.714+0000] {processor.py:830} INFO - Processing file /home/airflow/.local/lib/python3.12/site-packages/airflow/example_dags/example_latest_only_with_trigger.py for tasks to queue
[2024-05-09T16:39:14.718+0000] {logging_mixin.py:188} INFO - [2024-05-09T16:39:14.716+0000] {dagbag.py:545} INFO - Filling up the DagBag from /home/airflow/.local/lib/python3.12/site-packages/airflow/example_dags/example_latest_only_with_trigger.py
[2024-05-09T16:39:14.724+0000] {processor.py:840} INFO - DAG(s) 'latest_only_with_trigger' retrieved from /home/airflow/.local/lib/python3.12/site-packages/airflow/example_dags/example_latest_only_with_trigger.py
[2024-05-09T16:39:14.740+0000] {logging_mixin.py:188} INFO - [2024-05-09T16:39:14.740+0000] {dag.py:3096} INFO - Sync 1 DAGs
[2024-05-09T16:39:14.754+0000] {logging_mixin.py:188} INFO - [2024-05-09T16:39:14.753+0000] {dag.py:3954} INFO - Setting next_dagrun for latest_only_with_trigger to 2024-05-09 12:00:00+00:00, run_after=2024-05-09 16:00:00+00:00
[2024-05-09T16:39:14.762+0000] {processor.py:183} INFO - Processing /home/airflow/.local/lib/python3.12/site-packages/airflow/example_dags/example_latest_only_with_trigger.py took 0.061 seconds
[2024-05-09T16:39:45.396+0000] {processor.py:161} INFO - Started process (PID=2410) to work on /home/airflow/.local/lib/python3.12/site-packages/airflow/example_dags/example_latest_only_with_trigger.py
[2024-05-09T16:39:45.397+0000] {processor.py:830} INFO - Processing file /home/airflow/.local/lib/python3.12/site-packages/airflow/example_dags/example_latest_only_with_trigger.py for tasks to queue
[2024-05-09T16:39:45.399+0000] {logging_mixin.py:188} INFO - [2024-05-09T16:39:45.399+0000] {dagbag.py:545} INFO - Filling up the DagBag from /home/airflow/.local/lib/python3.12/site-packages/airflow/example_dags/example_latest_only_with_trigger.py
[2024-05-09T16:39:45.404+0000] {processor.py:840} INFO - DAG(s) 'latest_only_with_trigger' retrieved from /home/airflow/.local/lib/python3.12/site-packages/airflow/example_dags/example_latest_only_with_trigger.py
[2024-05-09T16:39:45.418+0000] {logging_mixin.py:188} INFO - [2024-05-09T16:39:45.418+0000] {dag.py:3096} INFO - Sync 1 DAGs
[2024-05-09T16:39:45.430+0000] {logging_mixin.py:188} INFO - [2024-05-09T16:39:45.429+0000] {dag.py:3954} INFO - Setting next_dagrun for latest_only_with_trigger to 2024-05-09 12:00:00+00:00, run_after=2024-05-09 16:00:00+00:00
[2024-05-09T16:39:45.438+0000] {processor.py:183} INFO - Processing /home/airflow/.local/lib/python3.12/site-packages/airflow/example_dags/example_latest_only_with_trigger.py took 0.049 seconds
[2024-05-09T16:40:16.118+0000] {processor.py:161} INFO - Started process (PID=2468) to work on /home/airflow/.local/lib/python3.12/site-packages/airflow/example_dags/example_latest_only_with_trigger.py
[2024-05-09T16:40:16.119+0000] {processor.py:830} INFO - Processing file /home/airflow/.local/lib/python3.12/site-packages/airflow/example_dags/example_latest_only_with_trigger.py for tasks to queue
[2024-05-09T16:40:16.121+0000] {logging_mixin.py:188} INFO - [2024-05-09T16:40:16.121+0000] {dagbag.py:545} INFO - Filling up the DagBag from /home/airflow/.local/lib/python3.12/site-packages/airflow/example_dags/example_latest_only_with_trigger.py
[2024-05-09T16:40:16.127+0000] {processor.py:840} INFO - DAG(s) 'latest_only_with_trigger' retrieved from /home/airflow/.local/lib/python3.12/site-packages/airflow/example_dags/example_latest_only_with_trigger.py
[2024-05-09T16:40:16.143+0000] {logging_mixin.py:188} INFO - [2024-05-09T16:40:16.143+0000] {dag.py:3096} INFO - Sync 1 DAGs
[2024-05-09T16:40:16.156+0000] {logging_mixin.py:188} INFO - [2024-05-09T16:40:16.156+0000] {dag.py:3954} INFO - Setting next_dagrun for latest_only_with_trigger to 2024-05-09 12:00:00+00:00, run_after=2024-05-09 16:00:00+00:00
[2024-05-09T16:40:16.164+0000] {processor.py:183} INFO - Processing /home/airflow/.local/lib/python3.12/site-packages/airflow/example_dags/example_latest_only_with_trigger.py took 0.056 seconds
[2024-05-09T16:40:46.745+0000] {processor.py:161} INFO - Started process (PID=2526) to work on /home/airflow/.local/lib/python3.12/site-packages/airflow/example_dags/example_latest_only_with_trigger.py
[2024-05-09T16:40:46.746+0000] {processor.py:830} INFO - Processing file /home/airflow/.local/lib/python3.12/site-packages/airflow/example_dags/example_latest_only_with_trigger.py for tasks to queue
[2024-05-09T16:40:46.748+0000] {logging_mixin.py:188} INFO - [2024-05-09T16:40:46.748+0000] {dagbag.py:545} INFO - Filling up the DagBag from /home/airflow/.local/lib/python3.12/site-packages/airflow/example_dags/example_latest_only_with_trigger.py
[2024-05-09T16:40:46.753+0000] {processor.py:840} INFO - DAG(s) 'latest_only_with_trigger' retrieved from /home/airflow/.local/lib/python3.12/site-packages/airflow/example_dags/example_latest_only_with_trigger.py
[2024-05-09T16:40:46.770+0000] {logging_mixin.py:188} INFO - [2024-05-09T16:40:46.770+0000] {dag.py:3096} INFO - Sync 1 DAGs
[2024-05-09T16:40:46.781+0000] {logging_mixin.py:188} INFO - [2024-05-09T16:40:46.781+0000] {dag.py:3954} INFO - Setting next_dagrun for latest_only_with_trigger to 2024-05-09 12:00:00+00:00, run_after=2024-05-09 16:00:00+00:00
[2024-05-09T16:40:46.788+0000] {processor.py:183} INFO - Processing /home/airflow/.local/lib/python3.12/site-packages/airflow/example_dags/example_latest_only_with_trigger.py took 0.049 seconds
[2024-05-09T16:41:17.437+0000] {processor.py:161} INFO - Started process (PID=2584) to work on /home/airflow/.local/lib/python3.12/site-packages/airflow/example_dags/example_latest_only_with_trigger.py
[2024-05-09T16:41:17.438+0000] {processor.py:830} INFO - Processing file /home/airflow/.local/lib/python3.12/site-packages/airflow/example_dags/example_latest_only_with_trigger.py for tasks to queue
[2024-05-09T16:41:17.440+0000] {logging_mixin.py:188} INFO - [2024-05-09T16:41:17.440+0000] {dagbag.py:545} INFO - Filling up the DagBag from /home/airflow/.local/lib/python3.12/site-packages/airflow/example_dags/example_latest_only_with_trigger.py
[2024-05-09T16:41:17.445+0000] {processor.py:840} INFO - DAG(s) 'latest_only_with_trigger' retrieved from /home/airflow/.local/lib/python3.12/site-packages/airflow/example_dags/example_latest_only_with_trigger.py
[2024-05-09T16:41:17.462+0000] {logging_mixin.py:188} INFO - [2024-05-09T16:41:17.461+0000] {dag.py:3096} INFO - Sync 1 DAGs
[2024-05-09T16:41:17.475+0000] {logging_mixin.py:188} INFO - [2024-05-09T16:41:17.475+0000] {dag.py:3954} INFO - Setting next_dagrun for latest_only_with_trigger to 2024-05-09 12:00:00+00:00, run_after=2024-05-09 16:00:00+00:00
[2024-05-09T16:41:17.483+0000] {processor.py:183} INFO - Processing /home/airflow/.local/lib/python3.12/site-packages/airflow/example_dags/example_latest_only_with_trigger.py took 0.056 seconds
[2024-05-09T16:41:48.083+0000] {processor.py:161} INFO - Started process (PID=2642) to work on /home/airflow/.local/lib/python3.12/site-packages/airflow/example_dags/example_latest_only_with_trigger.py
[2024-05-09T16:41:48.084+0000] {processor.py:830} INFO - Processing file /home/airflow/.local/lib/python3.12/site-packages/airflow/example_dags/example_latest_only_with_trigger.py for tasks to queue
[2024-05-09T16:41:48.086+0000] {logging_mixin.py:188} INFO - [2024-05-09T16:41:48.086+0000] {dagbag.py:545} INFO - Filling up the DagBag from /home/airflow/.local/lib/python3.12/site-packages/airflow/example_dags/example_latest_only_with_trigger.py
[2024-05-09T16:41:48.091+0000] {processor.py:840} INFO - DAG(s) 'latest_only_with_trigger' retrieved from /home/airflow/.local/lib/python3.12/site-packages/airflow/example_dags/example_latest_only_with_trigger.py
[2024-05-09T16:41:48.107+0000] {logging_mixin.py:188} INFO - [2024-05-09T16:41:48.107+0000] {dag.py:3096} INFO - Sync 1 DAGs
[2024-05-09T16:41:48.119+0000] {logging_mixin.py:188} INFO - [2024-05-09T16:41:48.119+0000] {dag.py:3954} INFO - Setting next_dagrun for latest_only_with_trigger to 2024-05-09 12:00:00+00:00, run_after=2024-05-09 16:00:00+00:00
[2024-05-09T16:41:48.130+0000] {processor.py:183} INFO - Processing /home/airflow/.local/lib/python3.12/site-packages/airflow/example_dags/example_latest_only_with_trigger.py took 0.057 seconds
[2024-05-09T16:42:18.892+0000] {processor.py:161} INFO - Started process (PID=2706) to work on /home/airflow/.local/lib/python3.12/site-packages/airflow/example_dags/example_latest_only_with_trigger.py
[2024-05-09T16:42:18.893+0000] {processor.py:830} INFO - Processing file /home/airflow/.local/lib/python3.12/site-packages/airflow/example_dags/example_latest_only_with_trigger.py for tasks to queue
[2024-05-09T16:42:18.896+0000] {logging_mixin.py:188} INFO - [2024-05-09T16:42:18.895+0000] {dagbag.py:545} INFO - Filling up the DagBag from /home/airflow/.local/lib/python3.12/site-packages/airflow/example_dags/example_latest_only_with_trigger.py
[2024-05-09T16:42:18.902+0000] {processor.py:840} INFO - DAG(s) 'latest_only_with_trigger' retrieved from /home/airflow/.local/lib/python3.12/site-packages/airflow/example_dags/example_latest_only_with_trigger.py
[2024-05-09T16:42:18.918+0000] {logging_mixin.py:188} INFO - [2024-05-09T16:42:18.918+0000] {dag.py:3096} INFO - Sync 1 DAGs
[2024-05-09T16:42:18.930+0000] {logging_mixin.py:188} INFO - [2024-05-09T16:42:18.930+0000] {dag.py:3954} INFO - Setting next_dagrun for latest_only_with_trigger to 2024-05-09 12:00:00+00:00, run_after=2024-05-09 16:00:00+00:00
[2024-05-09T16:42:18.938+0000] {processor.py:183} INFO - Processing /home/airflow/.local/lib/python3.12/site-packages/airflow/example_dags/example_latest_only_with_trigger.py took 0.057 seconds
[2024-05-09T16:42:49.596+0000] {processor.py:161} INFO - Started process (PID=2764) to work on /home/airflow/.local/lib/python3.12/site-packages/airflow/example_dags/example_latest_only_with_trigger.py
[2024-05-09T16:42:49.598+0000] {processor.py:830} INFO - Processing file /home/airflow/.local/lib/python3.12/site-packages/airflow/example_dags/example_latest_only_with_trigger.py for tasks to queue
[2024-05-09T16:42:49.600+0000] {logging_mixin.py:188} INFO - [2024-05-09T16:42:49.600+0000] {dagbag.py:545} INFO - Filling up the DagBag from /home/airflow/.local/lib/python3.12/site-packages/airflow/example_dags/example_latest_only_with_trigger.py
[2024-05-09T16:42:49.607+0000] {processor.py:840} INFO - DAG(s) 'latest_only_with_trigger' retrieved from /home/airflow/.local/lib/python3.12/site-packages/airflow/example_dags/example_latest_only_with_trigger.py
[2024-05-09T16:42:49.625+0000] {logging_mixin.py:188} INFO - [2024-05-09T16:42:49.625+0000] {dag.py:3096} INFO - Sync 1 DAGs
[2024-05-09T16:42:49.639+0000] {logging_mixin.py:188} INFO - [2024-05-09T16:42:49.638+0000] {dag.py:3954} INFO - Setting next_dagrun for latest_only_with_trigger to 2024-05-09 12:00:00+00:00, run_after=2024-05-09 16:00:00+00:00
[2024-05-09T16:42:49.647+0000] {processor.py:183} INFO - Processing /home/airflow/.local/lib/python3.12/site-packages/airflow/example_dags/example_latest_only_with_trigger.py took 0.061 seconds
