[2024-05-09T16:18:56.532+0000] {processor.py:161} INFO - Started process (PID=52) to work on /home/airflow/.local/lib/python3.12/site-packages/airflow/example_dags/example_display_name.py
[2024-05-09T16:18:56.533+0000] {processor.py:830} INFO - Processing file /home/airflow/.local/lib/python3.12/site-packages/airflow/example_dags/example_display_name.py for tasks to queue
[2024-05-09T16:18:56.534+0000] {logging_mixin.py:188} INFO - [2024-05-09T16:18:56.534+0000] {dagbag.py:545} INFO - Filling up the DagBag from /home/airflow/.local/lib/python3.12/site-packages/airflow/example_dags/example_display_name.py
[2024-05-09T16:18:56.538+0000] {processor.py:840} INFO - DAG(s) 'example_display_name' retrieved from /home/airflow/.local/lib/python3.12/site-packages/airflow/example_dags/example_display_name.py
[2024-05-09T16:18:56.612+0000] {logging_mixin.py:188} INFO - [2024-05-09T16:18:56.612+0000] {override.py:1829} INFO - Created Permission View: can edit on DAG:example_display_name
[2024-05-09T16:18:56.618+0000] {logging_mixin.py:188} INFO - [2024-05-09T16:18:56.618+0000] {override.py:1829} INFO - Created Permission View: can delete on DAG:example_display_name
[2024-05-09T16:18:56.621+0000] {logging_mixin.py:188} INFO - [2024-05-09T16:18:56.621+0000] {override.py:1829} INFO - Created Permission View: can read on DAG:example_display_name
[2024-05-09T16:18:56.622+0000] {logging_mixin.py:188} INFO - [2024-05-09T16:18:56.622+0000] {dag.py:3096} INFO - Sync 1 DAGs
[2024-05-09T16:18:56.628+0000] {logging_mixin.py:188} INFO - [2024-05-09T16:18:56.628+0000] {dag.py:3118} INFO - Creating ORM DAG for example_display_name
[2024-05-09T16:18:56.628+0000] {logging_mixin.py:188} INFO - [2024-05-09T16:18:56.628+0000] {dag.py:3954} INFO - Setting next_dagrun for example_display_name to None, run_after=None
[2024-05-09T16:18:56.639+0000] {processor.py:183} INFO - Processing /home/airflow/.local/lib/python3.12/site-packages/airflow/example_dags/example_display_name.py took 0.110 seconds
[2024-05-09T16:19:26.773+0000] {processor.py:161} INFO - Started process (PID=109) to work on /home/airflow/.local/lib/python3.12/site-packages/airflow/example_dags/example_display_name.py
[2024-05-09T16:19:26.773+0000] {processor.py:830} INFO - Processing file /home/airflow/.local/lib/python3.12/site-packages/airflow/example_dags/example_display_name.py for tasks to queue
[2024-05-09T16:19:26.774+0000] {logging_mixin.py:188} INFO - [2024-05-09T16:19:26.774+0000] {dagbag.py:545} INFO - Filling up the DagBag from /home/airflow/.local/lib/python3.12/site-packages/airflow/example_dags/example_display_name.py
[2024-05-09T16:19:26.777+0000] {processor.py:840} INFO - DAG(s) 'example_display_name' retrieved from /home/airflow/.local/lib/python3.12/site-packages/airflow/example_dags/example_display_name.py
[2024-05-09T16:19:26.786+0000] {logging_mixin.py:188} INFO - [2024-05-09T16:19:26.786+0000] {dag.py:3096} INFO - Sync 1 DAGs
[2024-05-09T16:19:26.791+0000] {logging_mixin.py:188} INFO - [2024-05-09T16:19:26.791+0000] {dag.py:3954} INFO - Setting next_dagrun for example_display_name to None, run_after=None
[2024-05-09T16:19:26.798+0000] {processor.py:183} INFO - Processing /home/airflow/.local/lib/python3.12/site-packages/airflow/example_dags/example_display_name.py took 0.028 seconds
[2024-05-09T16:19:57.318+0000] {processor.py:161} INFO - Started process (PID=167) to work on /home/airflow/.local/lib/python3.12/site-packages/airflow/example_dags/example_display_name.py
[2024-05-09T16:19:57.318+0000] {processor.py:830} INFO - Processing file /home/airflow/.local/lib/python3.12/site-packages/airflow/example_dags/example_display_name.py for tasks to queue
[2024-05-09T16:19:57.319+0000] {logging_mixin.py:188} INFO - [2024-05-09T16:19:57.319+0000] {dagbag.py:545} INFO - Filling up the DagBag from /home/airflow/.local/lib/python3.12/site-packages/airflow/example_dags/example_display_name.py
[2024-05-09T16:19:57.322+0000] {processor.py:840} INFO - DAG(s) 'example_display_name' retrieved from /home/airflow/.local/lib/python3.12/site-packages/airflow/example_dags/example_display_name.py
[2024-05-09T16:19:57.331+0000] {logging_mixin.py:188} INFO - [2024-05-09T16:19:57.331+0000] {dag.py:3096} INFO - Sync 1 DAGs
[2024-05-09T16:19:57.337+0000] {logging_mixin.py:188} INFO - [2024-05-09T16:19:57.336+0000] {dag.py:3954} INFO - Setting next_dagrun for example_display_name to None, run_after=None
[2024-05-09T16:19:57.343+0000] {processor.py:183} INFO - Processing /home/airflow/.local/lib/python3.12/site-packages/airflow/example_dags/example_display_name.py took 0.028 seconds
[2024-05-09T16:20:27.784+0000] {processor.py:161} INFO - Started process (PID=225) to work on /home/airflow/.local/lib/python3.12/site-packages/airflow/example_dags/example_display_name.py
[2024-05-09T16:20:27.784+0000] {processor.py:830} INFO - Processing file /home/airflow/.local/lib/python3.12/site-packages/airflow/example_dags/example_display_name.py for tasks to queue
[2024-05-09T16:20:27.785+0000] {logging_mixin.py:188} INFO - [2024-05-09T16:20:27.785+0000] {dagbag.py:545} INFO - Filling up the DagBag from /home/airflow/.local/lib/python3.12/site-packages/airflow/example_dags/example_display_name.py
[2024-05-09T16:20:27.788+0000] {processor.py:840} INFO - DAG(s) 'example_display_name' retrieved from /home/airflow/.local/lib/python3.12/site-packages/airflow/example_dags/example_display_name.py
[2024-05-09T16:20:27.797+0000] {logging_mixin.py:188} INFO - [2024-05-09T16:20:27.797+0000] {dag.py:3096} INFO - Sync 1 DAGs
[2024-05-09T16:20:27.803+0000] {logging_mixin.py:188} INFO - [2024-05-09T16:20:27.802+0000] {dag.py:3954} INFO - Setting next_dagrun for example_display_name to None, run_after=None
[2024-05-09T16:20:27.810+0000] {processor.py:183} INFO - Processing /home/airflow/.local/lib/python3.12/site-packages/airflow/example_dags/example_display_name.py took 0.029 seconds
[2024-05-09T16:20:58.231+0000] {processor.py:161} INFO - Started process (PID=283) to work on /home/airflow/.local/lib/python3.12/site-packages/airflow/example_dags/example_display_name.py
[2024-05-09T16:20:58.231+0000] {processor.py:830} INFO - Processing file /home/airflow/.local/lib/python3.12/site-packages/airflow/example_dags/example_display_name.py for tasks to queue
[2024-05-09T16:20:58.232+0000] {logging_mixin.py:188} INFO - [2024-05-09T16:20:58.232+0000] {dagbag.py:545} INFO - Filling up the DagBag from /home/airflow/.local/lib/python3.12/site-packages/airflow/example_dags/example_display_name.py
[2024-05-09T16:20:58.235+0000] {processor.py:840} INFO - DAG(s) 'example_display_name' retrieved from /home/airflow/.local/lib/python3.12/site-packages/airflow/example_dags/example_display_name.py
[2024-05-09T16:20:58.244+0000] {logging_mixin.py:188} INFO - [2024-05-09T16:20:58.244+0000] {dag.py:3096} INFO - Sync 1 DAGs
[2024-05-09T16:20:58.249+0000] {logging_mixin.py:188} INFO - [2024-05-09T16:20:58.249+0000] {dag.py:3954} INFO - Setting next_dagrun for example_display_name to None, run_after=None
[2024-05-09T16:20:58.256+0000] {processor.py:183} INFO - Processing /home/airflow/.local/lib/python3.12/site-packages/airflow/example_dags/example_display_name.py took 0.028 seconds
[2024-05-09T16:21:28.653+0000] {processor.py:161} INFO - Started process (PID=341) to work on /home/airflow/.local/lib/python3.12/site-packages/airflow/example_dags/example_display_name.py
[2024-05-09T16:21:28.654+0000] {processor.py:830} INFO - Processing file /home/airflow/.local/lib/python3.12/site-packages/airflow/example_dags/example_display_name.py for tasks to queue
[2024-05-09T16:21:28.655+0000] {logging_mixin.py:188} INFO - [2024-05-09T16:21:28.655+0000] {dagbag.py:545} INFO - Filling up the DagBag from /home/airflow/.local/lib/python3.12/site-packages/airflow/example_dags/example_display_name.py
[2024-05-09T16:21:28.658+0000] {processor.py:840} INFO - DAG(s) 'example_display_name' retrieved from /home/airflow/.local/lib/python3.12/site-packages/airflow/example_dags/example_display_name.py
[2024-05-09T16:21:28.667+0000] {logging_mixin.py:188} INFO - [2024-05-09T16:21:28.667+0000] {dag.py:3096} INFO - Sync 1 DAGs
[2024-05-09T16:21:28.673+0000] {logging_mixin.py:188} INFO - [2024-05-09T16:21:28.672+0000] {dag.py:3954} INFO - Setting next_dagrun for example_display_name to None, run_after=None
[2024-05-09T16:21:28.680+0000] {processor.py:183} INFO - Processing /home/airflow/.local/lib/python3.12/site-packages/airflow/example_dags/example_display_name.py took 0.029 seconds
[2024-05-09T16:21:59.222+0000] {processor.py:161} INFO - Started process (PID=399) to work on /home/airflow/.local/lib/python3.12/site-packages/airflow/example_dags/example_display_name.py
[2024-05-09T16:21:59.222+0000] {processor.py:830} INFO - Processing file /home/airflow/.local/lib/python3.12/site-packages/airflow/example_dags/example_display_name.py for tasks to queue
[2024-05-09T16:21:59.223+0000] {logging_mixin.py:188} INFO - [2024-05-09T16:21:59.223+0000] {dagbag.py:545} INFO - Filling up the DagBag from /home/airflow/.local/lib/python3.12/site-packages/airflow/example_dags/example_display_name.py
[2024-05-09T16:21:59.226+0000] {processor.py:840} INFO - DAG(s) 'example_display_name' retrieved from /home/airflow/.local/lib/python3.12/site-packages/airflow/example_dags/example_display_name.py
[2024-05-09T16:21:59.236+0000] {logging_mixin.py:188} INFO - [2024-05-09T16:21:59.236+0000] {dag.py:3096} INFO - Sync 1 DAGs
[2024-05-09T16:21:59.241+0000] {logging_mixin.py:188} INFO - [2024-05-09T16:21:59.241+0000] {dag.py:3954} INFO - Setting next_dagrun for example_display_name to None, run_after=None
[2024-05-09T16:21:59.248+0000] {processor.py:183} INFO - Processing /home/airflow/.local/lib/python3.12/site-packages/airflow/example_dags/example_display_name.py took 0.029 seconds
[2024-05-09T16:22:29.742+0000] {processor.py:161} INFO - Started process (PID=457) to work on /home/airflow/.local/lib/python3.12/site-packages/airflow/example_dags/example_display_name.py
[2024-05-09T16:22:29.743+0000] {processor.py:830} INFO - Processing file /home/airflow/.local/lib/python3.12/site-packages/airflow/example_dags/example_display_name.py for tasks to queue
[2024-05-09T16:22:29.744+0000] {logging_mixin.py:188} INFO - [2024-05-09T16:22:29.744+0000] {dagbag.py:545} INFO - Filling up the DagBag from /home/airflow/.local/lib/python3.12/site-packages/airflow/example_dags/example_display_name.py
[2024-05-09T16:22:29.747+0000] {processor.py:840} INFO - DAG(s) 'example_display_name' retrieved from /home/airflow/.local/lib/python3.12/site-packages/airflow/example_dags/example_display_name.py
[2024-05-09T16:22:29.756+0000] {logging_mixin.py:188} INFO - [2024-05-09T16:22:29.756+0000] {dag.py:3096} INFO - Sync 1 DAGs
[2024-05-09T16:22:29.762+0000] {logging_mixin.py:188} INFO - [2024-05-09T16:22:29.762+0000] {dag.py:3954} INFO - Setting next_dagrun for example_display_name to None, run_after=None
[2024-05-09T16:22:29.769+0000] {processor.py:183} INFO - Processing /home/airflow/.local/lib/python3.12/site-packages/airflow/example_dags/example_display_name.py took 0.029 seconds
[2024-05-09T16:23:00.242+0000] {processor.py:161} INFO - Started process (PID=515) to work on /home/airflow/.local/lib/python3.12/site-packages/airflow/example_dags/example_display_name.py
[2024-05-09T16:23:00.243+0000] {processor.py:830} INFO - Processing file /home/airflow/.local/lib/python3.12/site-packages/airflow/example_dags/example_display_name.py for tasks to queue
[2024-05-09T16:23:00.244+0000] {logging_mixin.py:188} INFO - [2024-05-09T16:23:00.244+0000] {dagbag.py:545} INFO - Filling up the DagBag from /home/airflow/.local/lib/python3.12/site-packages/airflow/example_dags/example_display_name.py
[2024-05-09T16:23:00.247+0000] {processor.py:840} INFO - DAG(s) 'example_display_name' retrieved from /home/airflow/.local/lib/python3.12/site-packages/airflow/example_dags/example_display_name.py
[2024-05-09T16:23:00.258+0000] {logging_mixin.py:188} INFO - [2024-05-09T16:23:00.258+0000] {dag.py:3096} INFO - Sync 1 DAGs
[2024-05-09T16:23:00.265+0000] {logging_mixin.py:188} INFO - [2024-05-09T16:23:00.265+0000] {dag.py:3954} INFO - Setting next_dagrun for example_display_name to None, run_after=None
[2024-05-09T16:23:00.273+0000] {processor.py:183} INFO - Processing /home/airflow/.local/lib/python3.12/site-packages/airflow/example_dags/example_display_name.py took 0.034 seconds
[2024-05-09T16:23:30.725+0000] {processor.py:161} INFO - Started process (PID=573) to work on /home/airflow/.local/lib/python3.12/site-packages/airflow/example_dags/example_display_name.py
[2024-05-09T16:23:30.726+0000] {processor.py:830} INFO - Processing file /home/airflow/.local/lib/python3.12/site-packages/airflow/example_dags/example_display_name.py for tasks to queue
[2024-05-09T16:23:30.727+0000] {logging_mixin.py:188} INFO - [2024-05-09T16:23:30.727+0000] {dagbag.py:545} INFO - Filling up the DagBag from /home/airflow/.local/lib/python3.12/site-packages/airflow/example_dags/example_display_name.py
[2024-05-09T16:23:30.730+0000] {processor.py:840} INFO - DAG(s) 'example_display_name' retrieved from /home/airflow/.local/lib/python3.12/site-packages/airflow/example_dags/example_display_name.py
[2024-05-09T16:23:30.740+0000] {logging_mixin.py:188} INFO - [2024-05-09T16:23:30.739+0000] {dag.py:3096} INFO - Sync 1 DAGs
[2024-05-09T16:23:30.745+0000] {logging_mixin.py:188} INFO - [2024-05-09T16:23:30.745+0000] {dag.py:3954} INFO - Setting next_dagrun for example_display_name to None, run_after=None
[2024-05-09T16:23:30.752+0000] {processor.py:183} INFO - Processing /home/airflow/.local/lib/python3.12/site-packages/airflow/example_dags/example_display_name.py took 0.030 seconds
[2024-05-09T16:24:01.251+0000] {processor.py:161} INFO - Started process (PID=631) to work on /home/airflow/.local/lib/python3.12/site-packages/airflow/example_dags/example_display_name.py
[2024-05-09T16:24:01.251+0000] {processor.py:830} INFO - Processing file /home/airflow/.local/lib/python3.12/site-packages/airflow/example_dags/example_display_name.py for tasks to queue
[2024-05-09T16:24:01.252+0000] {logging_mixin.py:188} INFO - [2024-05-09T16:24:01.252+0000] {dagbag.py:545} INFO - Filling up the DagBag from /home/airflow/.local/lib/python3.12/site-packages/airflow/example_dags/example_display_name.py
[2024-05-09T16:24:01.255+0000] {processor.py:840} INFO - DAG(s) 'example_display_name' retrieved from /home/airflow/.local/lib/python3.12/site-packages/airflow/example_dags/example_display_name.py
[2024-05-09T16:24:01.264+0000] {logging_mixin.py:188} INFO - [2024-05-09T16:24:01.264+0000] {dag.py:3096} INFO - Sync 1 DAGs
[2024-05-09T16:24:01.270+0000] {logging_mixin.py:188} INFO - [2024-05-09T16:24:01.270+0000] {dag.py:3954} INFO - Setting next_dagrun for example_display_name to None, run_after=None
[2024-05-09T16:24:01.277+0000] {processor.py:183} INFO - Processing /home/airflow/.local/lib/python3.12/site-packages/airflow/example_dags/example_display_name.py took 0.029 seconds
[2024-05-09T16:24:31.746+0000] {processor.py:161} INFO - Started process (PID=689) to work on /home/airflow/.local/lib/python3.12/site-packages/airflow/example_dags/example_display_name.py
[2024-05-09T16:24:31.747+0000] {processor.py:830} INFO - Processing file /home/airflow/.local/lib/python3.12/site-packages/airflow/example_dags/example_display_name.py for tasks to queue
[2024-05-09T16:24:31.748+0000] {logging_mixin.py:188} INFO - [2024-05-09T16:24:31.747+0000] {dagbag.py:545} INFO - Filling up the DagBag from /home/airflow/.local/lib/python3.12/site-packages/airflow/example_dags/example_display_name.py
[2024-05-09T16:24:31.750+0000] {processor.py:840} INFO - DAG(s) 'example_display_name' retrieved from /home/airflow/.local/lib/python3.12/site-packages/airflow/example_dags/example_display_name.py
[2024-05-09T16:24:31.760+0000] {logging_mixin.py:188} INFO - [2024-05-09T16:24:31.760+0000] {dag.py:3096} INFO - Sync 1 DAGs
[2024-05-09T16:24:31.765+0000] {logging_mixin.py:188} INFO - [2024-05-09T16:24:31.765+0000] {dag.py:3954} INFO - Setting next_dagrun for example_display_name to None, run_after=None
[2024-05-09T16:24:31.772+0000] {processor.py:183} INFO - Processing /home/airflow/.local/lib/python3.12/site-packages/airflow/example_dags/example_display_name.py took 0.029 seconds
[2024-05-09T16:25:02.135+0000] {processor.py:161} INFO - Started process (PID=751) to work on /home/airflow/.local/lib/python3.12/site-packages/airflow/example_dags/example_display_name.py
[2024-05-09T16:25:02.136+0000] {processor.py:830} INFO - Processing file /home/airflow/.local/lib/python3.12/site-packages/airflow/example_dags/example_display_name.py for tasks to queue
[2024-05-09T16:25:02.137+0000] {logging_mixin.py:188} INFO - [2024-05-09T16:25:02.136+0000] {dagbag.py:545} INFO - Filling up the DagBag from /home/airflow/.local/lib/python3.12/site-packages/airflow/example_dags/example_display_name.py
[2024-05-09T16:25:02.139+0000] {processor.py:840} INFO - DAG(s) 'example_display_name' retrieved from /home/airflow/.local/lib/python3.12/site-packages/airflow/example_dags/example_display_name.py
[2024-05-09T16:25:02.149+0000] {logging_mixin.py:188} INFO - [2024-05-09T16:25:02.148+0000] {dag.py:3096} INFO - Sync 1 DAGs
[2024-05-09T16:25:02.154+0000] {logging_mixin.py:188} INFO - [2024-05-09T16:25:02.154+0000] {dag.py:3954} INFO - Setting next_dagrun for example_display_name to None, run_after=None
[2024-05-09T16:25:02.161+0000] {processor.py:183} INFO - Processing /home/airflow/.local/lib/python3.12/site-packages/airflow/example_dags/example_display_name.py took 0.029 seconds
[2024-05-09T16:25:32.636+0000] {processor.py:161} INFO - Started process (PID=809) to work on /home/airflow/.local/lib/python3.12/site-packages/airflow/example_dags/example_display_name.py
[2024-05-09T16:25:32.636+0000] {processor.py:830} INFO - Processing file /home/airflow/.local/lib/python3.12/site-packages/airflow/example_dags/example_display_name.py for tasks to queue
[2024-05-09T16:25:32.637+0000] {logging_mixin.py:188} INFO - [2024-05-09T16:25:32.637+0000] {dagbag.py:545} INFO - Filling up the DagBag from /home/airflow/.local/lib/python3.12/site-packages/airflow/example_dags/example_display_name.py
[2024-05-09T16:25:32.640+0000] {processor.py:840} INFO - DAG(s) 'example_display_name' retrieved from /home/airflow/.local/lib/python3.12/site-packages/airflow/example_dags/example_display_name.py
[2024-05-09T16:25:32.649+0000] {logging_mixin.py:188} INFO - [2024-05-09T16:25:32.649+0000] {dag.py:3096} INFO - Sync 1 DAGs
[2024-05-09T16:25:32.654+0000] {logging_mixin.py:188} INFO - [2024-05-09T16:25:32.654+0000] {dag.py:3954} INFO - Setting next_dagrun for example_display_name to None, run_after=None
[2024-05-09T16:25:32.662+0000] {processor.py:183} INFO - Processing /home/airflow/.local/lib/python3.12/site-packages/airflow/example_dags/example_display_name.py took 0.029 seconds
[2024-05-09T16:26:03.201+0000] {processor.py:161} INFO - Started process (PID=867) to work on /home/airflow/.local/lib/python3.12/site-packages/airflow/example_dags/example_display_name.py
[2024-05-09T16:26:03.202+0000] {processor.py:830} INFO - Processing file /home/airflow/.local/lib/python3.12/site-packages/airflow/example_dags/example_display_name.py for tasks to queue
[2024-05-09T16:26:03.203+0000] {logging_mixin.py:188} INFO - [2024-05-09T16:26:03.203+0000] {dagbag.py:545} INFO - Filling up the DagBag from /home/airflow/.local/lib/python3.12/site-packages/airflow/example_dags/example_display_name.py
[2024-05-09T16:26:03.206+0000] {processor.py:840} INFO - DAG(s) 'example_display_name' retrieved from /home/airflow/.local/lib/python3.12/site-packages/airflow/example_dags/example_display_name.py
[2024-05-09T16:26:03.216+0000] {logging_mixin.py:188} INFO - [2024-05-09T16:26:03.216+0000] {dag.py:3096} INFO - Sync 1 DAGs
[2024-05-09T16:26:03.221+0000] {logging_mixin.py:188} INFO - [2024-05-09T16:26:03.221+0000] {dag.py:3954} INFO - Setting next_dagrun for example_display_name to None, run_after=None
[2024-05-09T16:26:03.229+0000] {processor.py:183} INFO - Processing /home/airflow/.local/lib/python3.12/site-packages/airflow/example_dags/example_display_name.py took 0.030 seconds
[2024-05-09T16:26:33.708+0000] {processor.py:161} INFO - Started process (PID=925) to work on /home/airflow/.local/lib/python3.12/site-packages/airflow/example_dags/example_display_name.py
[2024-05-09T16:26:33.709+0000] {processor.py:830} INFO - Processing file /home/airflow/.local/lib/python3.12/site-packages/airflow/example_dags/example_display_name.py for tasks to queue
[2024-05-09T16:26:33.711+0000] {logging_mixin.py:188} INFO - [2024-05-09T16:26:33.710+0000] {dagbag.py:545} INFO - Filling up the DagBag from /home/airflow/.local/lib/python3.12/site-packages/airflow/example_dags/example_display_name.py
[2024-05-09T16:26:33.714+0000] {processor.py:840} INFO - DAG(s) 'example_display_name' retrieved from /home/airflow/.local/lib/python3.12/site-packages/airflow/example_dags/example_display_name.py
[2024-05-09T16:26:33.724+0000] {logging_mixin.py:188} INFO - [2024-05-09T16:26:33.724+0000] {dag.py:3096} INFO - Sync 1 DAGs
[2024-05-09T16:26:33.730+0000] {logging_mixin.py:188} INFO - [2024-05-09T16:26:33.729+0000] {dag.py:3954} INFO - Setting next_dagrun for example_display_name to None, run_after=None
[2024-05-09T16:26:33.737+0000] {processor.py:183} INFO - Processing /home/airflow/.local/lib/python3.12/site-packages/airflow/example_dags/example_display_name.py took 0.032 seconds
[2024-05-09T16:27:04.188+0000] {processor.py:161} INFO - Started process (PID=983) to work on /home/airflow/.local/lib/python3.12/site-packages/airflow/example_dags/example_display_name.py
[2024-05-09T16:27:04.189+0000] {processor.py:830} INFO - Processing file /home/airflow/.local/lib/python3.12/site-packages/airflow/example_dags/example_display_name.py for tasks to queue
[2024-05-09T16:27:04.190+0000] {logging_mixin.py:188} INFO - [2024-05-09T16:27:04.190+0000] {dagbag.py:545} INFO - Filling up the DagBag from /home/airflow/.local/lib/python3.12/site-packages/airflow/example_dags/example_display_name.py
[2024-05-09T16:27:04.193+0000] {processor.py:840} INFO - DAG(s) 'example_display_name' retrieved from /home/airflow/.local/lib/python3.12/site-packages/airflow/example_dags/example_display_name.py
[2024-05-09T16:27:04.203+0000] {logging_mixin.py:188} INFO - [2024-05-09T16:27:04.202+0000] {dag.py:3096} INFO - Sync 1 DAGs
[2024-05-09T16:27:04.208+0000] {logging_mixin.py:188} INFO - [2024-05-09T16:27:04.208+0000] {dag.py:3954} INFO - Setting next_dagrun for example_display_name to None, run_after=None
[2024-05-09T16:27:04.215+0000] {processor.py:183} INFO - Processing /home/airflow/.local/lib/python3.12/site-packages/airflow/example_dags/example_display_name.py took 0.030 seconds
[2024-05-09T16:27:34.705+0000] {processor.py:161} INFO - Started process (PID=1041) to work on /home/airflow/.local/lib/python3.12/site-packages/airflow/example_dags/example_display_name.py
[2024-05-09T16:27:34.705+0000] {processor.py:830} INFO - Processing file /home/airflow/.local/lib/python3.12/site-packages/airflow/example_dags/example_display_name.py for tasks to queue
[2024-05-09T16:27:34.706+0000] {logging_mixin.py:188} INFO - [2024-05-09T16:27:34.706+0000] {dagbag.py:545} INFO - Filling up the DagBag from /home/airflow/.local/lib/python3.12/site-packages/airflow/example_dags/example_display_name.py
[2024-05-09T16:27:34.709+0000] {processor.py:840} INFO - DAG(s) 'example_display_name' retrieved from /home/airflow/.local/lib/python3.12/site-packages/airflow/example_dags/example_display_name.py
[2024-05-09T16:27:34.719+0000] {logging_mixin.py:188} INFO - [2024-05-09T16:27:34.719+0000] {dag.py:3096} INFO - Sync 1 DAGs
[2024-05-09T16:27:34.724+0000] {logging_mixin.py:188} INFO - [2024-05-09T16:27:34.724+0000] {dag.py:3954} INFO - Setting next_dagrun for example_display_name to None, run_after=None
[2024-05-09T16:27:34.731+0000] {processor.py:183} INFO - Processing /home/airflow/.local/lib/python3.12/site-packages/airflow/example_dags/example_display_name.py took 0.029 seconds
[2024-05-09T16:28:05.155+0000] {processor.py:161} INFO - Started process (PID=1099) to work on /home/airflow/.local/lib/python3.12/site-packages/airflow/example_dags/example_display_name.py
[2024-05-09T16:28:05.155+0000] {processor.py:830} INFO - Processing file /home/airflow/.local/lib/python3.12/site-packages/airflow/example_dags/example_display_name.py for tasks to queue
[2024-05-09T16:28:05.156+0000] {logging_mixin.py:188} INFO - [2024-05-09T16:28:05.156+0000] {dagbag.py:545} INFO - Filling up the DagBag from /home/airflow/.local/lib/python3.12/site-packages/airflow/example_dags/example_display_name.py
[2024-05-09T16:28:05.159+0000] {processor.py:840} INFO - DAG(s) 'example_display_name' retrieved from /home/airflow/.local/lib/python3.12/site-packages/airflow/example_dags/example_display_name.py
[2024-05-09T16:28:05.169+0000] {logging_mixin.py:188} INFO - [2024-05-09T16:28:05.169+0000] {dag.py:3096} INFO - Sync 1 DAGs
[2024-05-09T16:28:05.174+0000] {logging_mixin.py:188} INFO - [2024-05-09T16:28:05.174+0000] {dag.py:3954} INFO - Setting next_dagrun for example_display_name to None, run_after=None
[2024-05-09T16:28:05.181+0000] {processor.py:183} INFO - Processing /home/airflow/.local/lib/python3.12/site-packages/airflow/example_dags/example_display_name.py took 0.029 seconds
[2024-05-09T16:28:35.725+0000] {processor.py:161} INFO - Started process (PID=1157) to work on /home/airflow/.local/lib/python3.12/site-packages/airflow/example_dags/example_display_name.py
[2024-05-09T16:28:35.725+0000] {processor.py:830} INFO - Processing file /home/airflow/.local/lib/python3.12/site-packages/airflow/example_dags/example_display_name.py for tasks to queue
[2024-05-09T16:28:35.726+0000] {logging_mixin.py:188} INFO - [2024-05-09T16:28:35.726+0000] {dagbag.py:545} INFO - Filling up the DagBag from /home/airflow/.local/lib/python3.12/site-packages/airflow/example_dags/example_display_name.py
[2024-05-09T16:28:35.729+0000] {processor.py:840} INFO - DAG(s) 'example_display_name' retrieved from /home/airflow/.local/lib/python3.12/site-packages/airflow/example_dags/example_display_name.py
[2024-05-09T16:28:35.739+0000] {logging_mixin.py:188} INFO - [2024-05-09T16:28:35.739+0000] {dag.py:3096} INFO - Sync 1 DAGs
[2024-05-09T16:28:35.744+0000] {logging_mixin.py:188} INFO - [2024-05-09T16:28:35.744+0000] {dag.py:3954} INFO - Setting next_dagrun for example_display_name to None, run_after=None
[2024-05-09T16:28:35.751+0000] {processor.py:183} INFO - Processing /home/airflow/.local/lib/python3.12/site-packages/airflow/example_dags/example_display_name.py took 0.029 seconds
[2024-05-09T16:29:06.250+0000] {processor.py:161} INFO - Started process (PID=1215) to work on /home/airflow/.local/lib/python3.12/site-packages/airflow/example_dags/example_display_name.py
[2024-05-09T16:29:06.251+0000] {processor.py:830} INFO - Processing file /home/airflow/.local/lib/python3.12/site-packages/airflow/example_dags/example_display_name.py for tasks to queue
[2024-05-09T16:29:06.252+0000] {logging_mixin.py:188} INFO - [2024-05-09T16:29:06.251+0000] {dagbag.py:545} INFO - Filling up the DagBag from /home/airflow/.local/lib/python3.12/site-packages/airflow/example_dags/example_display_name.py
[2024-05-09T16:29:06.255+0000] {processor.py:840} INFO - DAG(s) 'example_display_name' retrieved from /home/airflow/.local/lib/python3.12/site-packages/airflow/example_dags/example_display_name.py
[2024-05-09T16:29:06.264+0000] {logging_mixin.py:188} INFO - [2024-05-09T16:29:06.263+0000] {dag.py:3096} INFO - Sync 1 DAGs
[2024-05-09T16:29:06.269+0000] {logging_mixin.py:188} INFO - [2024-05-09T16:29:06.269+0000] {dag.py:3954} INFO - Setting next_dagrun for example_display_name to None, run_after=None
[2024-05-09T16:29:06.276+0000] {processor.py:183} INFO - Processing /home/airflow/.local/lib/python3.12/site-packages/airflow/example_dags/example_display_name.py took 0.029 seconds
[2024-05-09T16:29:36.775+0000] {processor.py:161} INFO - Started process (PID=1273) to work on /home/airflow/.local/lib/python3.12/site-packages/airflow/example_dags/example_display_name.py
[2024-05-09T16:29:36.775+0000] {processor.py:830} INFO - Processing file /home/airflow/.local/lib/python3.12/site-packages/airflow/example_dags/example_display_name.py for tasks to queue
[2024-05-09T16:29:36.776+0000] {logging_mixin.py:188} INFO - [2024-05-09T16:29:36.776+0000] {dagbag.py:545} INFO - Filling up the DagBag from /home/airflow/.local/lib/python3.12/site-packages/airflow/example_dags/example_display_name.py
[2024-05-09T16:29:36.779+0000] {processor.py:840} INFO - DAG(s) 'example_display_name' retrieved from /home/airflow/.local/lib/python3.12/site-packages/airflow/example_dags/example_display_name.py
[2024-05-09T16:29:36.788+0000] {logging_mixin.py:188} INFO - [2024-05-09T16:29:36.788+0000] {dag.py:3096} INFO - Sync 1 DAGs
[2024-05-09T16:29:36.794+0000] {logging_mixin.py:188} INFO - [2024-05-09T16:29:36.794+0000] {dag.py:3954} INFO - Setting next_dagrun for example_display_name to None, run_after=None
[2024-05-09T16:29:36.801+0000] {processor.py:183} INFO - Processing /home/airflow/.local/lib/python3.12/site-packages/airflow/example_dags/example_display_name.py took 0.030 seconds
[2024-05-09T16:30:07.330+0000] {processor.py:161} INFO - Started process (PID=1331) to work on /home/airflow/.local/lib/python3.12/site-packages/airflow/example_dags/example_display_name.py
[2024-05-09T16:30:07.330+0000] {processor.py:830} INFO - Processing file /home/airflow/.local/lib/python3.12/site-packages/airflow/example_dags/example_display_name.py for tasks to queue
[2024-05-09T16:30:07.331+0000] {logging_mixin.py:188} INFO - [2024-05-09T16:30:07.331+0000] {dagbag.py:545} INFO - Filling up the DagBag from /home/airflow/.local/lib/python3.12/site-packages/airflow/example_dags/example_display_name.py
[2024-05-09T16:30:07.334+0000] {processor.py:840} INFO - DAG(s) 'example_display_name' retrieved from /home/airflow/.local/lib/python3.12/site-packages/airflow/example_dags/example_display_name.py
[2024-05-09T16:30:07.344+0000] {logging_mixin.py:188} INFO - [2024-05-09T16:30:07.344+0000] {dag.py:3096} INFO - Sync 1 DAGs
[2024-05-09T16:30:07.349+0000] {logging_mixin.py:188} INFO - [2024-05-09T16:30:07.349+0000] {dag.py:3954} INFO - Setting next_dagrun for example_display_name to None, run_after=None
[2024-05-09T16:30:07.356+0000] {processor.py:183} INFO - Processing /home/airflow/.local/lib/python3.12/site-packages/airflow/example_dags/example_display_name.py took 0.029 seconds
[2024-05-09T16:30:37.904+0000] {processor.py:161} INFO - Started process (PID=1389) to work on /home/airflow/.local/lib/python3.12/site-packages/airflow/example_dags/example_display_name.py
[2024-05-09T16:30:37.905+0000] {processor.py:830} INFO - Processing file /home/airflow/.local/lib/python3.12/site-packages/airflow/example_dags/example_display_name.py for tasks to queue
[2024-05-09T16:30:37.905+0000] {logging_mixin.py:188} INFO - [2024-05-09T16:30:37.905+0000] {dagbag.py:545} INFO - Filling up the DagBag from /home/airflow/.local/lib/python3.12/site-packages/airflow/example_dags/example_display_name.py
[2024-05-09T16:30:37.909+0000] {processor.py:840} INFO - DAG(s) 'example_display_name' retrieved from /home/airflow/.local/lib/python3.12/site-packages/airflow/example_dags/example_display_name.py
[2024-05-09T16:30:37.917+0000] {logging_mixin.py:188} INFO - [2024-05-09T16:30:37.917+0000] {dag.py:3096} INFO - Sync 1 DAGs
[2024-05-09T16:30:37.923+0000] {logging_mixin.py:188} INFO - [2024-05-09T16:30:37.922+0000] {dag.py:3954} INFO - Setting next_dagrun for example_display_name to None, run_after=None
[2024-05-09T16:30:37.930+0000] {processor.py:183} INFO - Processing /home/airflow/.local/lib/python3.12/site-packages/airflow/example_dags/example_display_name.py took 0.029 seconds
[2024-05-09T16:31:08.463+0000] {processor.py:161} INFO - Started process (PID=1447) to work on /home/airflow/.local/lib/python3.12/site-packages/airflow/example_dags/example_display_name.py
[2024-05-09T16:31:08.463+0000] {processor.py:830} INFO - Processing file /home/airflow/.local/lib/python3.12/site-packages/airflow/example_dags/example_display_name.py for tasks to queue
[2024-05-09T16:31:08.464+0000] {logging_mixin.py:188} INFO - [2024-05-09T16:31:08.464+0000] {dagbag.py:545} INFO - Filling up the DagBag from /home/airflow/.local/lib/python3.12/site-packages/airflow/example_dags/example_display_name.py
[2024-05-09T16:31:08.467+0000] {processor.py:840} INFO - DAG(s) 'example_display_name' retrieved from /home/airflow/.local/lib/python3.12/site-packages/airflow/example_dags/example_display_name.py
[2024-05-09T16:31:08.476+0000] {logging_mixin.py:188} INFO - [2024-05-09T16:31:08.476+0000] {dag.py:3096} INFO - Sync 1 DAGs
[2024-05-09T16:31:08.481+0000] {logging_mixin.py:188} INFO - [2024-05-09T16:31:08.481+0000] {dag.py:3954} INFO - Setting next_dagrun for example_display_name to None, run_after=None
[2024-05-09T16:31:08.489+0000] {processor.py:183} INFO - Processing /home/airflow/.local/lib/python3.12/site-packages/airflow/example_dags/example_display_name.py took 0.029 seconds
[2024-05-09T16:31:39.013+0000] {processor.py:161} INFO - Started process (PID=1505) to work on /home/airflow/.local/lib/python3.12/site-packages/airflow/example_dags/example_display_name.py
[2024-05-09T16:31:39.013+0000] {processor.py:830} INFO - Processing file /home/airflow/.local/lib/python3.12/site-packages/airflow/example_dags/example_display_name.py for tasks to queue
[2024-05-09T16:31:39.014+0000] {logging_mixin.py:188} INFO - [2024-05-09T16:31:39.014+0000] {dagbag.py:545} INFO - Filling up the DagBag from /home/airflow/.local/lib/python3.12/site-packages/airflow/example_dags/example_display_name.py
[2024-05-09T16:31:39.017+0000] {processor.py:840} INFO - DAG(s) 'example_display_name' retrieved from /home/airflow/.local/lib/python3.12/site-packages/airflow/example_dags/example_display_name.py
[2024-05-09T16:31:39.026+0000] {logging_mixin.py:188} INFO - [2024-05-09T16:31:39.026+0000] {dag.py:3096} INFO - Sync 1 DAGs
[2024-05-09T16:31:39.031+0000] {logging_mixin.py:188} INFO - [2024-05-09T16:31:39.031+0000] {dag.py:3954} INFO - Setting next_dagrun for example_display_name to None, run_after=None
[2024-05-09T16:31:39.038+0000] {processor.py:183} INFO - Processing /home/airflow/.local/lib/python3.12/site-packages/airflow/example_dags/example_display_name.py took 0.028 seconds
[2024-05-09T16:32:09.534+0000] {processor.py:161} INFO - Started process (PID=1562) to work on /home/airflow/.local/lib/python3.12/site-packages/airflow/example_dags/example_display_name.py
[2024-05-09T16:32:09.534+0000] {processor.py:830} INFO - Processing file /home/airflow/.local/lib/python3.12/site-packages/airflow/example_dags/example_display_name.py for tasks to queue
[2024-05-09T16:32:09.535+0000] {logging_mixin.py:188} INFO - [2024-05-09T16:32:09.535+0000] {dagbag.py:545} INFO - Filling up the DagBag from /home/airflow/.local/lib/python3.12/site-packages/airflow/example_dags/example_display_name.py
[2024-05-09T16:32:09.538+0000] {processor.py:840} INFO - DAG(s) 'example_display_name' retrieved from /home/airflow/.local/lib/python3.12/site-packages/airflow/example_dags/example_display_name.py
[2024-05-09T16:32:09.546+0000] {logging_mixin.py:188} INFO - [2024-05-09T16:32:09.546+0000] {dag.py:3096} INFO - Sync 1 DAGs
[2024-05-09T16:32:09.551+0000] {logging_mixin.py:188} INFO - [2024-05-09T16:32:09.551+0000] {dag.py:3954} INFO - Setting next_dagrun for example_display_name to None, run_after=None
[2024-05-09T16:32:09.558+0000] {processor.py:183} INFO - Processing /home/airflow/.local/lib/python3.12/site-packages/airflow/example_dags/example_display_name.py took 0.027 seconds
[2024-05-09T16:32:40.111+0000] {processor.py:161} INFO - Started process (PID=1620) to work on /home/airflow/.local/lib/python3.12/site-packages/airflow/example_dags/example_display_name.py
[2024-05-09T16:32:40.112+0000] {processor.py:830} INFO - Processing file /home/airflow/.local/lib/python3.12/site-packages/airflow/example_dags/example_display_name.py for tasks to queue
[2024-05-09T16:32:40.113+0000] {logging_mixin.py:188} INFO - [2024-05-09T16:32:40.113+0000] {dagbag.py:545} INFO - Filling up the DagBag from /home/airflow/.local/lib/python3.12/site-packages/airflow/example_dags/example_display_name.py
[2024-05-09T16:32:40.116+0000] {processor.py:840} INFO - DAG(s) 'example_display_name' retrieved from /home/airflow/.local/lib/python3.12/site-packages/airflow/example_dags/example_display_name.py
[2024-05-09T16:32:40.125+0000] {logging_mixin.py:188} INFO - [2024-05-09T16:32:40.125+0000] {dag.py:3096} INFO - Sync 1 DAGs
[2024-05-09T16:32:40.130+0000] {logging_mixin.py:188} INFO - [2024-05-09T16:32:40.130+0000] {dag.py:3954} INFO - Setting next_dagrun for example_display_name to None, run_after=None
[2024-05-09T16:32:40.138+0000] {processor.py:183} INFO - Processing /home/airflow/.local/lib/python3.12/site-packages/airflow/example_dags/example_display_name.py took 0.029 seconds
[2024-05-09T16:33:10.699+0000] {processor.py:161} INFO - Started process (PID=1679) to work on /home/airflow/.local/lib/python3.12/site-packages/airflow/example_dags/example_display_name.py
[2024-05-09T16:33:10.700+0000] {processor.py:830} INFO - Processing file /home/airflow/.local/lib/python3.12/site-packages/airflow/example_dags/example_display_name.py for tasks to queue
[2024-05-09T16:33:10.701+0000] {logging_mixin.py:188} INFO - [2024-05-09T16:33:10.701+0000] {dagbag.py:545} INFO - Filling up the DagBag from /home/airflow/.local/lib/python3.12/site-packages/airflow/example_dags/example_display_name.py
[2024-05-09T16:33:10.703+0000] {processor.py:840} INFO - DAG(s) 'example_display_name' retrieved from /home/airflow/.local/lib/python3.12/site-packages/airflow/example_dags/example_display_name.py
[2024-05-09T16:33:10.713+0000] {logging_mixin.py:188} INFO - [2024-05-09T16:33:10.713+0000] {dag.py:3096} INFO - Sync 1 DAGs
[2024-05-09T16:33:10.718+0000] {logging_mixin.py:188} INFO - [2024-05-09T16:33:10.718+0000] {dag.py:3954} INFO - Setting next_dagrun for example_display_name to None, run_after=None
[2024-05-09T16:33:10.725+0000] {processor.py:183} INFO - Processing /home/airflow/.local/lib/python3.12/site-packages/airflow/example_dags/example_display_name.py took 0.029 seconds
[2024-05-09T16:33:41.260+0000] {processor.py:161} INFO - Started process (PID=1737) to work on /home/airflow/.local/lib/python3.12/site-packages/airflow/example_dags/example_display_name.py
[2024-05-09T16:33:41.260+0000] {processor.py:830} INFO - Processing file /home/airflow/.local/lib/python3.12/site-packages/airflow/example_dags/example_display_name.py for tasks to queue
[2024-05-09T16:33:41.261+0000] {logging_mixin.py:188} INFO - [2024-05-09T16:33:41.261+0000] {dagbag.py:545} INFO - Filling up the DagBag from /home/airflow/.local/lib/python3.12/site-packages/airflow/example_dags/example_display_name.py
[2024-05-09T16:33:41.264+0000] {processor.py:840} INFO - DAG(s) 'example_display_name' retrieved from /home/airflow/.local/lib/python3.12/site-packages/airflow/example_dags/example_display_name.py
[2024-05-09T16:33:41.273+0000] {logging_mixin.py:188} INFO - [2024-05-09T16:33:41.273+0000] {dag.py:3096} INFO - Sync 1 DAGs
[2024-05-09T16:33:41.278+0000] {logging_mixin.py:188} INFO - [2024-05-09T16:33:41.278+0000] {dag.py:3954} INFO - Setting next_dagrun for example_display_name to None, run_after=None
[2024-05-09T16:33:41.285+0000] {processor.py:183} INFO - Processing /home/airflow/.local/lib/python3.12/site-packages/airflow/example_dags/example_display_name.py took 0.028 seconds
[2024-05-09T16:34:11.942+0000] {processor.py:161} INFO - Started process (PID=1795) to work on /home/airflow/.local/lib/python3.12/site-packages/airflow/example_dags/example_display_name.py
[2024-05-09T16:34:11.942+0000] {processor.py:830} INFO - Processing file /home/airflow/.local/lib/python3.12/site-packages/airflow/example_dags/example_display_name.py for tasks to queue
[2024-05-09T16:34:11.943+0000] {logging_mixin.py:188} INFO - [2024-05-09T16:34:11.943+0000] {dagbag.py:545} INFO - Filling up the DagBag from /home/airflow/.local/lib/python3.12/site-packages/airflow/example_dags/example_display_name.py
[2024-05-09T16:34:11.946+0000] {processor.py:840} INFO - DAG(s) 'example_display_name' retrieved from /home/airflow/.local/lib/python3.12/site-packages/airflow/example_dags/example_display_name.py
[2024-05-09T16:34:11.955+0000] {logging_mixin.py:188} INFO - [2024-05-09T16:34:11.955+0000] {dag.py:3096} INFO - Sync 1 DAGs
[2024-05-09T16:34:11.961+0000] {logging_mixin.py:188} INFO - [2024-05-09T16:34:11.960+0000] {dag.py:3954} INFO - Setting next_dagrun for example_display_name to None, run_after=None
[2024-05-09T16:34:11.968+0000] {processor.py:183} INFO - Processing /home/airflow/.local/lib/python3.12/site-packages/airflow/example_dags/example_display_name.py took 0.029 seconds
[2024-05-09T16:34:42.538+0000] {processor.py:161} INFO - Started process (PID=1853) to work on /home/airflow/.local/lib/python3.12/site-packages/airflow/example_dags/example_display_name.py
[2024-05-09T16:34:42.538+0000] {processor.py:830} INFO - Processing file /home/airflow/.local/lib/python3.12/site-packages/airflow/example_dags/example_display_name.py for tasks to queue
[2024-05-09T16:34:42.539+0000] {logging_mixin.py:188} INFO - [2024-05-09T16:34:42.539+0000] {dagbag.py:545} INFO - Filling up the DagBag from /home/airflow/.local/lib/python3.12/site-packages/airflow/example_dags/example_display_name.py
[2024-05-09T16:34:42.542+0000] {processor.py:840} INFO - DAG(s) 'example_display_name' retrieved from /home/airflow/.local/lib/python3.12/site-packages/airflow/example_dags/example_display_name.py
[2024-05-09T16:34:42.551+0000] {logging_mixin.py:188} INFO - [2024-05-09T16:34:42.551+0000] {dag.py:3096} INFO - Sync 1 DAGs
[2024-05-09T16:34:42.556+0000] {logging_mixin.py:188} INFO - [2024-05-09T16:34:42.556+0000] {dag.py:3954} INFO - Setting next_dagrun for example_display_name to None, run_after=None
[2024-05-09T16:34:42.564+0000] {processor.py:183} INFO - Processing /home/airflow/.local/lib/python3.12/site-packages/airflow/example_dags/example_display_name.py took 0.029 seconds
[2024-05-09T16:35:13.008+0000] {processor.py:161} INFO - Started process (PID=1911) to work on /home/airflow/.local/lib/python3.12/site-packages/airflow/example_dags/example_display_name.py
[2024-05-09T16:35:13.009+0000] {processor.py:830} INFO - Processing file /home/airflow/.local/lib/python3.12/site-packages/airflow/example_dags/example_display_name.py for tasks to queue
[2024-05-09T16:35:13.009+0000] {logging_mixin.py:188} INFO - [2024-05-09T16:35:13.009+0000] {dagbag.py:545} INFO - Filling up the DagBag from /home/airflow/.local/lib/python3.12/site-packages/airflow/example_dags/example_display_name.py
[2024-05-09T16:35:13.012+0000] {processor.py:840} INFO - DAG(s) 'example_display_name' retrieved from /home/airflow/.local/lib/python3.12/site-packages/airflow/example_dags/example_display_name.py
[2024-05-09T16:35:13.021+0000] {logging_mixin.py:188} INFO - [2024-05-09T16:35:13.021+0000] {dag.py:3096} INFO - Sync 1 DAGs
[2024-05-09T16:35:13.027+0000] {logging_mixin.py:188} INFO - [2024-05-09T16:35:13.026+0000] {dag.py:3954} INFO - Setting next_dagrun for example_display_name to None, run_after=None
[2024-05-09T16:35:13.033+0000] {processor.py:183} INFO - Processing /home/airflow/.local/lib/python3.12/site-packages/airflow/example_dags/example_display_name.py took 0.028 seconds
[2024-05-09T16:35:43.724+0000] {processor.py:161} INFO - Started process (PID=1969) to work on /home/airflow/.local/lib/python3.12/site-packages/airflow/example_dags/example_display_name.py
[2024-05-09T16:35:43.724+0000] {processor.py:830} INFO - Processing file /home/airflow/.local/lib/python3.12/site-packages/airflow/example_dags/example_display_name.py for tasks to queue
[2024-05-09T16:35:43.725+0000] {logging_mixin.py:188} INFO - [2024-05-09T16:35:43.725+0000] {dagbag.py:545} INFO - Filling up the DagBag from /home/airflow/.local/lib/python3.12/site-packages/airflow/example_dags/example_display_name.py
[2024-05-09T16:35:43.728+0000] {processor.py:840} INFO - DAG(s) 'example_display_name' retrieved from /home/airflow/.local/lib/python3.12/site-packages/airflow/example_dags/example_display_name.py
[2024-05-09T16:35:43.737+0000] {logging_mixin.py:188} INFO - [2024-05-09T16:35:43.736+0000] {dag.py:3096} INFO - Sync 1 DAGs
[2024-05-09T16:35:43.741+0000] {logging_mixin.py:188} INFO - [2024-05-09T16:35:43.741+0000] {dag.py:3954} INFO - Setting next_dagrun for example_display_name to None, run_after=None
[2024-05-09T16:35:43.748+0000] {processor.py:183} INFO - Processing /home/airflow/.local/lib/python3.12/site-packages/airflow/example_dags/example_display_name.py took 0.027 seconds
[2024-05-09T16:36:14.628+0000] {processor.py:161} INFO - Started process (PID=2027) to work on /home/airflow/.local/lib/python3.12/site-packages/airflow/example_dags/example_display_name.py
[2024-05-09T16:36:14.629+0000] {processor.py:830} INFO - Processing file /home/airflow/.local/lib/python3.12/site-packages/airflow/example_dags/example_display_name.py for tasks to queue
[2024-05-09T16:36:14.630+0000] {logging_mixin.py:188} INFO - [2024-05-09T16:36:14.630+0000] {dagbag.py:545} INFO - Filling up the DagBag from /home/airflow/.local/lib/python3.12/site-packages/airflow/example_dags/example_display_name.py
[2024-05-09T16:36:14.633+0000] {processor.py:840} INFO - DAG(s) 'example_display_name' retrieved from /home/airflow/.local/lib/python3.12/site-packages/airflow/example_dags/example_display_name.py
[2024-05-09T16:36:14.642+0000] {logging_mixin.py:188} INFO - [2024-05-09T16:36:14.642+0000] {dag.py:3096} INFO - Sync 1 DAGs
[2024-05-09T16:36:14.648+0000] {logging_mixin.py:188} INFO - [2024-05-09T16:36:14.648+0000] {dag.py:3954} INFO - Setting next_dagrun for example_display_name to None, run_after=None
[2024-05-09T16:36:14.655+0000] {processor.py:183} INFO - Processing /home/airflow/.local/lib/python3.12/site-packages/airflow/example_dags/example_display_name.py took 0.030 seconds
[2024-05-09T16:36:45.627+0000] {processor.py:161} INFO - Started process (PID=2085) to work on /home/airflow/.local/lib/python3.12/site-packages/airflow/example_dags/example_display_name.py
[2024-05-09T16:36:45.628+0000] {processor.py:830} INFO - Processing file /home/airflow/.local/lib/python3.12/site-packages/airflow/example_dags/example_display_name.py for tasks to queue
[2024-05-09T16:36:45.629+0000] {logging_mixin.py:188} INFO - [2024-05-09T16:36:45.629+0000] {dagbag.py:545} INFO - Filling up the DagBag from /home/airflow/.local/lib/python3.12/site-packages/airflow/example_dags/example_display_name.py
[2024-05-09T16:36:45.632+0000] {processor.py:840} INFO - DAG(s) 'example_display_name' retrieved from /home/airflow/.local/lib/python3.12/site-packages/airflow/example_dags/example_display_name.py
[2024-05-09T16:36:45.641+0000] {logging_mixin.py:188} INFO - [2024-05-09T16:36:45.641+0000] {dag.py:3096} INFO - Sync 1 DAGs
[2024-05-09T16:36:45.646+0000] {logging_mixin.py:188} INFO - [2024-05-09T16:36:45.646+0000] {dag.py:3954} INFO - Setting next_dagrun for example_display_name to None, run_after=None
[2024-05-09T16:36:45.654+0000] {processor.py:183} INFO - Processing /home/airflow/.local/lib/python3.12/site-packages/airflow/example_dags/example_display_name.py took 0.029 seconds
[2024-05-09T16:37:15.965+0000] {processor.py:161} INFO - Started process (PID=2143) to work on /home/airflow/.local/lib/python3.12/site-packages/airflow/example_dags/example_display_name.py
[2024-05-09T16:37:15.965+0000] {processor.py:830} INFO - Processing file /home/airflow/.local/lib/python3.12/site-packages/airflow/example_dags/example_display_name.py for tasks to queue
[2024-05-09T16:37:15.966+0000] {logging_mixin.py:188} INFO - [2024-05-09T16:37:15.966+0000] {dagbag.py:545} INFO - Filling up the DagBag from /home/airflow/.local/lib/python3.12/site-packages/airflow/example_dags/example_display_name.py
[2024-05-09T16:37:15.970+0000] {processor.py:840} INFO - DAG(s) 'example_display_name' retrieved from /home/airflow/.local/lib/python3.12/site-packages/airflow/example_dags/example_display_name.py
[2024-05-09T16:37:15.981+0000] {logging_mixin.py:188} INFO - [2024-05-09T16:37:15.981+0000] {dag.py:3096} INFO - Sync 1 DAGs
[2024-05-09T16:37:15.987+0000] {logging_mixin.py:188} INFO - [2024-05-09T16:37:15.987+0000] {dag.py:3954} INFO - Setting next_dagrun for example_display_name to None, run_after=None
[2024-05-09T16:37:15.995+0000] {processor.py:183} INFO - Processing /home/airflow/.local/lib/python3.12/site-packages/airflow/example_dags/example_display_name.py took 0.033 seconds
[2024-05-09T16:37:46.195+0000] {processor.py:161} INFO - Started process (PID=2201) to work on /home/airflow/.local/lib/python3.12/site-packages/airflow/example_dags/example_display_name.py
[2024-05-09T16:37:46.196+0000] {processor.py:830} INFO - Processing file /home/airflow/.local/lib/python3.12/site-packages/airflow/example_dags/example_display_name.py for tasks to queue
[2024-05-09T16:37:46.197+0000] {logging_mixin.py:188} INFO - [2024-05-09T16:37:46.196+0000] {dagbag.py:545} INFO - Filling up the DagBag from /home/airflow/.local/lib/python3.12/site-packages/airflow/example_dags/example_display_name.py
[2024-05-09T16:37:46.200+0000] {processor.py:840} INFO - DAG(s) 'example_display_name' retrieved from /home/airflow/.local/lib/python3.12/site-packages/airflow/example_dags/example_display_name.py
[2024-05-09T16:37:46.212+0000] {logging_mixin.py:188} INFO - [2024-05-09T16:37:46.212+0000] {dag.py:3096} INFO - Sync 1 DAGs
[2024-05-09T16:37:46.218+0000] {logging_mixin.py:188} INFO - [2024-05-09T16:37:46.217+0000] {dag.py:3954} INFO - Setting next_dagrun for example_display_name to None, run_after=None
[2024-05-09T16:37:46.226+0000] {processor.py:183} INFO - Processing /home/airflow/.local/lib/python3.12/site-packages/airflow/example_dags/example_display_name.py took 0.034 seconds
[2024-05-09T16:38:17.026+0000] {processor.py:161} INFO - Started process (PID=2259) to work on /home/airflow/.local/lib/python3.12/site-packages/airflow/example_dags/example_display_name.py
[2024-05-09T16:38:17.026+0000] {processor.py:830} INFO - Processing file /home/airflow/.local/lib/python3.12/site-packages/airflow/example_dags/example_display_name.py for tasks to queue
[2024-05-09T16:38:17.027+0000] {logging_mixin.py:188} INFO - [2024-05-09T16:38:17.027+0000] {dagbag.py:545} INFO - Filling up the DagBag from /home/airflow/.local/lib/python3.12/site-packages/airflow/example_dags/example_display_name.py
[2024-05-09T16:38:17.030+0000] {processor.py:840} INFO - DAG(s) 'example_display_name' retrieved from /home/airflow/.local/lib/python3.12/site-packages/airflow/example_dags/example_display_name.py
[2024-05-09T16:38:17.040+0000] {logging_mixin.py:188} INFO - [2024-05-09T16:38:17.040+0000] {dag.py:3096} INFO - Sync 1 DAGs
[2024-05-09T16:38:17.045+0000] {logging_mixin.py:188} INFO - [2024-05-09T16:38:17.045+0000] {dag.py:3954} INFO - Setting next_dagrun for example_display_name to None, run_after=None
[2024-05-09T16:38:17.052+0000] {processor.py:183} INFO - Processing /home/airflow/.local/lib/python3.12/site-packages/airflow/example_dags/example_display_name.py took 0.029 seconds
[2024-05-09T16:38:47.836+0000] {processor.py:161} INFO - Started process (PID=2316) to work on /home/airflow/.local/lib/python3.12/site-packages/airflow/example_dags/example_display_name.py
[2024-05-09T16:38:47.837+0000] {processor.py:830} INFO - Processing file /home/airflow/.local/lib/python3.12/site-packages/airflow/example_dags/example_display_name.py for tasks to queue
[2024-05-09T16:38:47.838+0000] {logging_mixin.py:188} INFO - [2024-05-09T16:38:47.838+0000] {dagbag.py:545} INFO - Filling up the DagBag from /home/airflow/.local/lib/python3.12/site-packages/airflow/example_dags/example_display_name.py
[2024-05-09T16:38:47.841+0000] {processor.py:840} INFO - DAG(s) 'example_display_name' retrieved from /home/airflow/.local/lib/python3.12/site-packages/airflow/example_dags/example_display_name.py
[2024-05-09T16:38:47.851+0000] {logging_mixin.py:188} INFO - [2024-05-09T16:38:47.851+0000] {dag.py:3096} INFO - Sync 1 DAGs
[2024-05-09T16:38:47.942+0000] {logging_mixin.py:188} INFO - [2024-05-09T16:38:47.942+0000] {dag.py:3954} INFO - Setting next_dagrun for example_display_name to None, run_after=None
[2024-05-09T16:38:47.949+0000] {processor.py:183} INFO - Processing /home/airflow/.local/lib/python3.12/site-packages/airflow/example_dags/example_display_name.py took 0.115 seconds
[2024-05-09T16:39:18.347+0000] {processor.py:161} INFO - Started process (PID=2379) to work on /home/airflow/.local/lib/python3.12/site-packages/airflow/example_dags/example_display_name.py
[2024-05-09T16:39:18.347+0000] {processor.py:830} INFO - Processing file /home/airflow/.local/lib/python3.12/site-packages/airflow/example_dags/example_display_name.py for tasks to queue
[2024-05-09T16:39:18.348+0000] {logging_mixin.py:188} INFO - [2024-05-09T16:39:18.348+0000] {dagbag.py:545} INFO - Filling up the DagBag from /home/airflow/.local/lib/python3.12/site-packages/airflow/example_dags/example_display_name.py
[2024-05-09T16:39:18.352+0000] {processor.py:840} INFO - DAG(s) 'example_display_name' retrieved from /home/airflow/.local/lib/python3.12/site-packages/airflow/example_dags/example_display_name.py
[2024-05-09T16:39:18.362+0000] {logging_mixin.py:188} INFO - [2024-05-09T16:39:18.362+0000] {dag.py:3096} INFO - Sync 1 DAGs
[2024-05-09T16:39:18.368+0000] {logging_mixin.py:188} INFO - [2024-05-09T16:39:18.368+0000] {dag.py:3954} INFO - Setting next_dagrun for example_display_name to None, run_after=None
[2024-05-09T16:39:18.376+0000] {processor.py:183} INFO - Processing /home/airflow/.local/lib/python3.12/site-packages/airflow/example_dags/example_display_name.py took 0.032 seconds
[2024-05-09T16:39:49.033+0000] {processor.py:161} INFO - Started process (PID=2437) to work on /home/airflow/.local/lib/python3.12/site-packages/airflow/example_dags/example_display_name.py
[2024-05-09T16:39:49.034+0000] {processor.py:830} INFO - Processing file /home/airflow/.local/lib/python3.12/site-packages/airflow/example_dags/example_display_name.py for tasks to queue
[2024-05-09T16:39:49.035+0000] {logging_mixin.py:188} INFO - [2024-05-09T16:39:49.034+0000] {dagbag.py:545} INFO - Filling up the DagBag from /home/airflow/.local/lib/python3.12/site-packages/airflow/example_dags/example_display_name.py
[2024-05-09T16:39:49.037+0000] {processor.py:840} INFO - DAG(s) 'example_display_name' retrieved from /home/airflow/.local/lib/python3.12/site-packages/airflow/example_dags/example_display_name.py
[2024-05-09T16:39:49.047+0000] {logging_mixin.py:188} INFO - [2024-05-09T16:39:49.047+0000] {dag.py:3096} INFO - Sync 1 DAGs
[2024-05-09T16:39:49.053+0000] {logging_mixin.py:188} INFO - [2024-05-09T16:39:49.052+0000] {dag.py:3954} INFO - Setting next_dagrun for example_display_name to None, run_after=None
[2024-05-09T16:39:49.060+0000] {processor.py:183} INFO - Processing /home/airflow/.local/lib/python3.12/site-packages/airflow/example_dags/example_display_name.py took 0.030 seconds
[2024-05-09T16:40:19.725+0000] {processor.py:161} INFO - Started process (PID=2495) to work on /home/airflow/.local/lib/python3.12/site-packages/airflow/example_dags/example_display_name.py
[2024-05-09T16:40:19.725+0000] {processor.py:830} INFO - Processing file /home/airflow/.local/lib/python3.12/site-packages/airflow/example_dags/example_display_name.py for tasks to queue
[2024-05-09T16:40:19.726+0000] {logging_mixin.py:188} INFO - [2024-05-09T16:40:19.726+0000] {dagbag.py:545} INFO - Filling up the DagBag from /home/airflow/.local/lib/python3.12/site-packages/airflow/example_dags/example_display_name.py
[2024-05-09T16:40:19.729+0000] {processor.py:840} INFO - DAG(s) 'example_display_name' retrieved from /home/airflow/.local/lib/python3.12/site-packages/airflow/example_dags/example_display_name.py
[2024-05-09T16:40:19.739+0000] {logging_mixin.py:188} INFO - [2024-05-09T16:40:19.739+0000] {dag.py:3096} INFO - Sync 1 DAGs
[2024-05-09T16:40:19.745+0000] {logging_mixin.py:188} INFO - [2024-05-09T16:40:19.745+0000] {dag.py:3954} INFO - Setting next_dagrun for example_display_name to None, run_after=None
[2024-05-09T16:40:19.752+0000] {processor.py:183} INFO - Processing /home/airflow/.local/lib/python3.12/site-packages/airflow/example_dags/example_display_name.py took 0.031 seconds
[2024-05-09T16:40:50.352+0000] {processor.py:161} INFO - Started process (PID=2553) to work on /home/airflow/.local/lib/python3.12/site-packages/airflow/example_dags/example_display_name.py
[2024-05-09T16:40:50.352+0000] {processor.py:830} INFO - Processing file /home/airflow/.local/lib/python3.12/site-packages/airflow/example_dags/example_display_name.py for tasks to queue
[2024-05-09T16:40:50.353+0000] {logging_mixin.py:188} INFO - [2024-05-09T16:40:50.353+0000] {dagbag.py:545} INFO - Filling up the DagBag from /home/airflow/.local/lib/python3.12/site-packages/airflow/example_dags/example_display_name.py
[2024-05-09T16:40:50.356+0000] {processor.py:840} INFO - DAG(s) 'example_display_name' retrieved from /home/airflow/.local/lib/python3.12/site-packages/airflow/example_dags/example_display_name.py
[2024-05-09T16:40:50.365+0000] {logging_mixin.py:188} INFO - [2024-05-09T16:40:50.365+0000] {dag.py:3096} INFO - Sync 1 DAGs
[2024-05-09T16:40:50.371+0000] {logging_mixin.py:188} INFO - [2024-05-09T16:40:50.371+0000] {dag.py:3954} INFO - Setting next_dagrun for example_display_name to None, run_after=None
[2024-05-09T16:40:50.377+0000] {processor.py:183} INFO - Processing /home/airflow/.local/lib/python3.12/site-packages/airflow/example_dags/example_display_name.py took 0.029 seconds
[2024-05-09T16:41:21.023+0000] {processor.py:161} INFO - Started process (PID=2611) to work on /home/airflow/.local/lib/python3.12/site-packages/airflow/example_dags/example_display_name.py
[2024-05-09T16:41:21.024+0000] {processor.py:830} INFO - Processing file /home/airflow/.local/lib/python3.12/site-packages/airflow/example_dags/example_display_name.py for tasks to queue
[2024-05-09T16:41:21.025+0000] {logging_mixin.py:188} INFO - [2024-05-09T16:41:21.025+0000] {dagbag.py:545} INFO - Filling up the DagBag from /home/airflow/.local/lib/python3.12/site-packages/airflow/example_dags/example_display_name.py
[2024-05-09T16:41:21.028+0000] {processor.py:840} INFO - DAG(s) 'example_display_name' retrieved from /home/airflow/.local/lib/python3.12/site-packages/airflow/example_dags/example_display_name.py
[2024-05-09T16:41:21.045+0000] {logging_mixin.py:188} INFO - [2024-05-09T16:41:21.045+0000] {dag.py:3096} INFO - Sync 1 DAGs
[2024-05-09T16:41:21.050+0000] {logging_mixin.py:188} INFO - [2024-05-09T16:41:21.050+0000] {dag.py:3954} INFO - Setting next_dagrun for example_display_name to None, run_after=None
[2024-05-09T16:41:21.058+0000] {processor.py:183} INFO - Processing /home/airflow/.local/lib/python3.12/site-packages/airflow/example_dags/example_display_name.py took 0.038 seconds
[2024-05-09T16:41:51.746+0000] {processor.py:161} INFO - Started process (PID=2669) to work on /home/airflow/.local/lib/python3.12/site-packages/airflow/example_dags/example_display_name.py
[2024-05-09T16:41:51.747+0000] {processor.py:830} INFO - Processing file /home/airflow/.local/lib/python3.12/site-packages/airflow/example_dags/example_display_name.py for tasks to queue
[2024-05-09T16:41:51.748+0000] {logging_mixin.py:188} INFO - [2024-05-09T16:41:51.748+0000] {dagbag.py:545} INFO - Filling up the DagBag from /home/airflow/.local/lib/python3.12/site-packages/airflow/example_dags/example_display_name.py
[2024-05-09T16:41:51.752+0000] {processor.py:840} INFO - DAG(s) 'example_display_name' retrieved from /home/airflow/.local/lib/python3.12/site-packages/airflow/example_dags/example_display_name.py
[2024-05-09T16:41:51.763+0000] {logging_mixin.py:188} INFO - [2024-05-09T16:41:51.763+0000] {dag.py:3096} INFO - Sync 1 DAGs
[2024-05-09T16:41:51.770+0000] {logging_mixin.py:188} INFO - [2024-05-09T16:41:51.769+0000] {dag.py:3954} INFO - Setting next_dagrun for example_display_name to None, run_after=None
[2024-05-09T16:41:51.779+0000] {processor.py:183} INFO - Processing /home/airflow/.local/lib/python3.12/site-packages/airflow/example_dags/example_display_name.py took 0.036 seconds
[2024-05-09T16:42:22.537+0000] {processor.py:161} INFO - Started process (PID=2727) to work on /home/airflow/.local/lib/python3.12/site-packages/airflow/example_dags/example_display_name.py
[2024-05-09T16:42:22.537+0000] {processor.py:830} INFO - Processing file /home/airflow/.local/lib/python3.12/site-packages/airflow/example_dags/example_display_name.py for tasks to queue
[2024-05-09T16:42:22.538+0000] {logging_mixin.py:188} INFO - [2024-05-09T16:42:22.538+0000] {dagbag.py:545} INFO - Filling up the DagBag from /home/airflow/.local/lib/python3.12/site-packages/airflow/example_dags/example_display_name.py
[2024-05-09T16:42:22.541+0000] {processor.py:840} INFO - DAG(s) 'example_display_name' retrieved from /home/airflow/.local/lib/python3.12/site-packages/airflow/example_dags/example_display_name.py
[2024-05-09T16:42:22.551+0000] {logging_mixin.py:188} INFO - [2024-05-09T16:42:22.551+0000] {dag.py:3096} INFO - Sync 1 DAGs
[2024-05-09T16:42:22.556+0000] {logging_mixin.py:188} INFO - [2024-05-09T16:42:22.556+0000] {dag.py:3954} INFO - Setting next_dagrun for example_display_name to None, run_after=None
[2024-05-09T16:42:22.563+0000] {processor.py:183} INFO - Processing /home/airflow/.local/lib/python3.12/site-packages/airflow/example_dags/example_display_name.py took 0.030 seconds
[2024-05-09T16:42:53.239+0000] {processor.py:161} INFO - Started process (PID=2785) to work on /home/airflow/.local/lib/python3.12/site-packages/airflow/example_dags/example_display_name.py
[2024-05-09T16:42:53.239+0000] {processor.py:830} INFO - Processing file /home/airflow/.local/lib/python3.12/site-packages/airflow/example_dags/example_display_name.py for tasks to queue
[2024-05-09T16:42:53.240+0000] {logging_mixin.py:188} INFO - [2024-05-09T16:42:53.240+0000] {dagbag.py:545} INFO - Filling up the DagBag from /home/airflow/.local/lib/python3.12/site-packages/airflow/example_dags/example_display_name.py
[2024-05-09T16:42:53.243+0000] {processor.py:840} INFO - DAG(s) 'example_display_name' retrieved from /home/airflow/.local/lib/python3.12/site-packages/airflow/example_dags/example_display_name.py
[2024-05-09T16:42:53.253+0000] {logging_mixin.py:188} INFO - [2024-05-09T16:42:53.253+0000] {dag.py:3096} INFO - Sync 1 DAGs
[2024-05-09T16:42:53.259+0000] {logging_mixin.py:188} INFO - [2024-05-09T16:42:53.259+0000] {dag.py:3954} INFO - Setting next_dagrun for example_display_name to None, run_after=None
[2024-05-09T16:42:53.266+0000] {processor.py:183} INFO - Processing /home/airflow/.local/lib/python3.12/site-packages/airflow/example_dags/example_display_name.py took 0.030 seconds
