[2024-05-09T16:18:57.106+0000] {processor.py:161} INFO - Started process (PID=61) to work on /home/airflow/.local/lib/python3.12/site-packages/airflow/example_dags/example_branch_labels.py
[2024-05-09T16:18:57.107+0000] {processor.py:830} INFO - Processing file /home/airflow/.local/lib/python3.12/site-packages/airflow/example_dags/example_branch_labels.py for tasks to queue
[2024-05-09T16:18:57.108+0000] {logging_mixin.py:188} INFO - [2024-05-09T16:18:57.108+0000] {dagbag.py:545} INFO - Filling up the DagBag from /home/airflow/.local/lib/python3.12/site-packages/airflow/example_dags/example_branch_labels.py
[2024-05-09T16:18:57.112+0000] {processor.py:840} INFO - DAG(s) 'example_branch_labels' retrieved from /home/airflow/.local/lib/python3.12/site-packages/airflow/example_dags/example_branch_labels.py
[2024-05-09T16:18:57.159+0000] {logging_mixin.py:188} INFO - [2024-05-09T16:18:57.159+0000] {override.py:1829} INFO - Created Permission View: can edit on DAG:example_branch_labels
[2024-05-09T16:18:57.162+0000] {logging_mixin.py:188} INFO - [2024-05-09T16:18:57.162+0000] {override.py:1829} INFO - Created Permission View: can delete on DAG:example_branch_labels
[2024-05-09T16:18:57.164+0000] {logging_mixin.py:188} INFO - [2024-05-09T16:18:57.164+0000] {override.py:1829} INFO - Created Permission View: can read on DAG:example_branch_labels
[2024-05-09T16:18:57.165+0000] {logging_mixin.py:188} INFO - [2024-05-09T16:18:57.165+0000] {dag.py:3096} INFO - Sync 1 DAGs
[2024-05-09T16:18:57.170+0000] {logging_mixin.py:188} INFO - [2024-05-09T16:18:57.170+0000] {dag.py:3118} INFO - Creating ORM DAG for example_branch_labels
[2024-05-09T16:18:57.175+0000] {logging_mixin.py:188} INFO - [2024-05-09T16:18:57.175+0000] {dag.py:3954} INFO - Setting next_dagrun for example_branch_labels to 2024-05-08 00:00:00+00:00, run_after=2024-05-09 00:00:00+00:00
[2024-05-09T16:18:57.180+0000] {processor.py:183} INFO - Processing /home/airflow/.local/lib/python3.12/site-packages/airflow/example_dags/example_branch_labels.py took 0.077 seconds
[2024-05-09T16:19:28.033+0000] {processor.py:161} INFO - Started process (PID=118) to work on /home/airflow/.local/lib/python3.12/site-packages/airflow/example_dags/example_branch_labels.py
[2024-05-09T16:19:28.033+0000] {processor.py:830} INFO - Processing file /home/airflow/.local/lib/python3.12/site-packages/airflow/example_dags/example_branch_labels.py for tasks to queue
[2024-05-09T16:19:28.034+0000] {logging_mixin.py:188} INFO - [2024-05-09T16:19:28.034+0000] {dagbag.py:545} INFO - Filling up the DagBag from /home/airflow/.local/lib/python3.12/site-packages/airflow/example_dags/example_branch_labels.py
[2024-05-09T16:19:28.038+0000] {processor.py:840} INFO - DAG(s) 'example_branch_labels' retrieved from /home/airflow/.local/lib/python3.12/site-packages/airflow/example_dags/example_branch_labels.py
[2024-05-09T16:19:28.047+0000] {logging_mixin.py:188} INFO - [2024-05-09T16:19:28.047+0000] {dag.py:3096} INFO - Sync 1 DAGs
[2024-05-09T16:19:28.056+0000] {logging_mixin.py:188} INFO - [2024-05-09T16:19:28.056+0000] {dag.py:3954} INFO - Setting next_dagrun for example_branch_labels to 2024-05-08 00:00:00+00:00, run_after=2024-05-09 00:00:00+00:00
[2024-05-09T16:19:28.064+0000] {processor.py:183} INFO - Processing /home/airflow/.local/lib/python3.12/site-packages/airflow/example_dags/example_branch_labels.py took 0.034 seconds
[2024-05-09T16:19:58.540+0000] {processor.py:161} INFO - Started process (PID=176) to work on /home/airflow/.local/lib/python3.12/site-packages/airflow/example_dags/example_branch_labels.py
[2024-05-09T16:19:58.540+0000] {processor.py:830} INFO - Processing file /home/airflow/.local/lib/python3.12/site-packages/airflow/example_dags/example_branch_labels.py for tasks to queue
[2024-05-09T16:19:58.541+0000] {logging_mixin.py:188} INFO - [2024-05-09T16:19:58.541+0000] {dagbag.py:545} INFO - Filling up the DagBag from /home/airflow/.local/lib/python3.12/site-packages/airflow/example_dags/example_branch_labels.py
[2024-05-09T16:19:58.544+0000] {processor.py:840} INFO - DAG(s) 'example_branch_labels' retrieved from /home/airflow/.local/lib/python3.12/site-packages/airflow/example_dags/example_branch_labels.py
[2024-05-09T16:19:58.554+0000] {logging_mixin.py:188} INFO - [2024-05-09T16:19:58.553+0000] {dag.py:3096} INFO - Sync 1 DAGs
[2024-05-09T16:19:58.562+0000] {logging_mixin.py:188} INFO - [2024-05-09T16:19:58.562+0000] {dag.py:3954} INFO - Setting next_dagrun for example_branch_labels to 2024-05-08 00:00:00+00:00, run_after=2024-05-09 00:00:00+00:00
[2024-05-09T16:19:58.568+0000] {processor.py:183} INFO - Processing /home/airflow/.local/lib/python3.12/site-packages/airflow/example_dags/example_branch_labels.py took 0.032 seconds
[2024-05-09T16:20:29.026+0000] {processor.py:161} INFO - Started process (PID=234) to work on /home/airflow/.local/lib/python3.12/site-packages/airflow/example_dags/example_branch_labels.py
[2024-05-09T16:20:29.026+0000] {processor.py:830} INFO - Processing file /home/airflow/.local/lib/python3.12/site-packages/airflow/example_dags/example_branch_labels.py for tasks to queue
[2024-05-09T16:20:29.027+0000] {logging_mixin.py:188} INFO - [2024-05-09T16:20:29.027+0000] {dagbag.py:545} INFO - Filling up the DagBag from /home/airflow/.local/lib/python3.12/site-packages/airflow/example_dags/example_branch_labels.py
[2024-05-09T16:20:29.031+0000] {processor.py:840} INFO - DAG(s) 'example_branch_labels' retrieved from /home/airflow/.local/lib/python3.12/site-packages/airflow/example_dags/example_branch_labels.py
[2024-05-09T16:20:29.040+0000] {logging_mixin.py:188} INFO - [2024-05-09T16:20:29.040+0000] {dag.py:3096} INFO - Sync 1 DAGs
[2024-05-09T16:20:29.049+0000] {logging_mixin.py:188} INFO - [2024-05-09T16:20:29.049+0000] {dag.py:3954} INFO - Setting next_dagrun for example_branch_labels to 2024-05-08 00:00:00+00:00, run_after=2024-05-09 00:00:00+00:00
[2024-05-09T16:20:29.056+0000] {processor.py:183} INFO - Processing /home/airflow/.local/lib/python3.12/site-packages/airflow/example_dags/example_branch_labels.py took 0.033 seconds
[2024-05-09T16:20:59.488+0000] {processor.py:161} INFO - Started process (PID=292) to work on /home/airflow/.local/lib/python3.12/site-packages/airflow/example_dags/example_branch_labels.py
[2024-05-09T16:20:59.489+0000] {processor.py:830} INFO - Processing file /home/airflow/.local/lib/python3.12/site-packages/airflow/example_dags/example_branch_labels.py for tasks to queue
[2024-05-09T16:20:59.490+0000] {logging_mixin.py:188} INFO - [2024-05-09T16:20:59.490+0000] {dagbag.py:545} INFO - Filling up the DagBag from /home/airflow/.local/lib/python3.12/site-packages/airflow/example_dags/example_branch_labels.py
[2024-05-09T16:20:59.493+0000] {processor.py:840} INFO - DAG(s) 'example_branch_labels' retrieved from /home/airflow/.local/lib/python3.12/site-packages/airflow/example_dags/example_branch_labels.py
[2024-05-09T16:20:59.503+0000] {logging_mixin.py:188} INFO - [2024-05-09T16:20:59.503+0000] {dag.py:3096} INFO - Sync 1 DAGs
[2024-05-09T16:20:59.511+0000] {logging_mixin.py:188} INFO - [2024-05-09T16:20:59.511+0000] {dag.py:3954} INFO - Setting next_dagrun for example_branch_labels to 2024-05-08 00:00:00+00:00, run_after=2024-05-09 00:00:00+00:00
[2024-05-09T16:20:59.518+0000] {processor.py:183} INFO - Processing /home/airflow/.local/lib/python3.12/site-packages/airflow/example_dags/example_branch_labels.py took 0.032 seconds
[2024-05-09T16:21:29.909+0000] {processor.py:161} INFO - Started process (PID=350) to work on /home/airflow/.local/lib/python3.12/site-packages/airflow/example_dags/example_branch_labels.py
[2024-05-09T16:21:29.909+0000] {processor.py:830} INFO - Processing file /home/airflow/.local/lib/python3.12/site-packages/airflow/example_dags/example_branch_labels.py for tasks to queue
[2024-05-09T16:21:29.910+0000] {logging_mixin.py:188} INFO - [2024-05-09T16:21:29.910+0000] {dagbag.py:545} INFO - Filling up the DagBag from /home/airflow/.local/lib/python3.12/site-packages/airflow/example_dags/example_branch_labels.py
[2024-05-09T16:21:29.914+0000] {processor.py:840} INFO - DAG(s) 'example_branch_labels' retrieved from /home/airflow/.local/lib/python3.12/site-packages/airflow/example_dags/example_branch_labels.py
[2024-05-09T16:21:29.925+0000] {logging_mixin.py:188} INFO - [2024-05-09T16:21:29.925+0000] {dag.py:3096} INFO - Sync 1 DAGs
[2024-05-09T16:21:29.934+0000] {logging_mixin.py:188} INFO - [2024-05-09T16:21:29.934+0000] {dag.py:3954} INFO - Setting next_dagrun for example_branch_labels to 2024-05-08 00:00:00+00:00, run_after=2024-05-09 00:00:00+00:00
[2024-05-09T16:21:29.941+0000] {processor.py:183} INFO - Processing /home/airflow/.local/lib/python3.12/site-packages/airflow/example_dags/example_branch_labels.py took 0.036 seconds
[2024-05-09T16:22:00.477+0000] {processor.py:161} INFO - Started process (PID=408) to work on /home/airflow/.local/lib/python3.12/site-packages/airflow/example_dags/example_branch_labels.py
[2024-05-09T16:22:00.478+0000] {processor.py:830} INFO - Processing file /home/airflow/.local/lib/python3.12/site-packages/airflow/example_dags/example_branch_labels.py for tasks to queue
[2024-05-09T16:22:00.478+0000] {logging_mixin.py:188} INFO - [2024-05-09T16:22:00.478+0000] {dagbag.py:545} INFO - Filling up the DagBag from /home/airflow/.local/lib/python3.12/site-packages/airflow/example_dags/example_branch_labels.py
[2024-05-09T16:22:00.482+0000] {processor.py:840} INFO - DAG(s) 'example_branch_labels' retrieved from /home/airflow/.local/lib/python3.12/site-packages/airflow/example_dags/example_branch_labels.py
[2024-05-09T16:22:00.493+0000] {logging_mixin.py:188} INFO - [2024-05-09T16:22:00.493+0000] {dag.py:3096} INFO - Sync 1 DAGs
[2024-05-09T16:22:00.502+0000] {logging_mixin.py:188} INFO - [2024-05-09T16:22:00.502+0000] {dag.py:3954} INFO - Setting next_dagrun for example_branch_labels to 2024-05-08 00:00:00+00:00, run_after=2024-05-09 00:00:00+00:00
[2024-05-09T16:22:00.509+0000] {processor.py:183} INFO - Processing /home/airflow/.local/lib/python3.12/site-packages/airflow/example_dags/example_branch_labels.py took 0.036 seconds
[2024-05-09T16:22:30.970+0000] {processor.py:161} INFO - Started process (PID=466) to work on /home/airflow/.local/lib/python3.12/site-packages/airflow/example_dags/example_branch_labels.py
[2024-05-09T16:22:30.970+0000] {processor.py:830} INFO - Processing file /home/airflow/.local/lib/python3.12/site-packages/airflow/example_dags/example_branch_labels.py for tasks to queue
[2024-05-09T16:22:30.971+0000] {logging_mixin.py:188} INFO - [2024-05-09T16:22:30.971+0000] {dagbag.py:545} INFO - Filling up the DagBag from /home/airflow/.local/lib/python3.12/site-packages/airflow/example_dags/example_branch_labels.py
[2024-05-09T16:22:30.974+0000] {processor.py:840} INFO - DAG(s) 'example_branch_labels' retrieved from /home/airflow/.local/lib/python3.12/site-packages/airflow/example_dags/example_branch_labels.py
[2024-05-09T16:22:30.984+0000] {logging_mixin.py:188} INFO - [2024-05-09T16:22:30.984+0000] {dag.py:3096} INFO - Sync 1 DAGs
[2024-05-09T16:22:30.992+0000] {logging_mixin.py:188} INFO - [2024-05-09T16:22:30.992+0000] {dag.py:3954} INFO - Setting next_dagrun for example_branch_labels to 2024-05-08 00:00:00+00:00, run_after=2024-05-09 00:00:00+00:00
[2024-05-09T16:22:31.000+0000] {processor.py:183} INFO - Processing /home/airflow/.local/lib/python3.12/site-packages/airflow/example_dags/example_branch_labels.py took 0.033 seconds
[2024-05-09T16:23:01.507+0000] {processor.py:161} INFO - Started process (PID=524) to work on /home/airflow/.local/lib/python3.12/site-packages/airflow/example_dags/example_branch_labels.py
[2024-05-09T16:23:01.508+0000] {processor.py:830} INFO - Processing file /home/airflow/.local/lib/python3.12/site-packages/airflow/example_dags/example_branch_labels.py for tasks to queue
[2024-05-09T16:23:01.509+0000] {logging_mixin.py:188} INFO - [2024-05-09T16:23:01.508+0000] {dagbag.py:545} INFO - Filling up the DagBag from /home/airflow/.local/lib/python3.12/site-packages/airflow/example_dags/example_branch_labels.py
[2024-05-09T16:23:01.512+0000] {processor.py:840} INFO - DAG(s) 'example_branch_labels' retrieved from /home/airflow/.local/lib/python3.12/site-packages/airflow/example_dags/example_branch_labels.py
[2024-05-09T16:23:01.522+0000] {logging_mixin.py:188} INFO - [2024-05-09T16:23:01.522+0000] {dag.py:3096} INFO - Sync 1 DAGs
[2024-05-09T16:23:01.530+0000] {logging_mixin.py:188} INFO - [2024-05-09T16:23:01.530+0000] {dag.py:3954} INFO - Setting next_dagrun for example_branch_labels to 2024-05-08 00:00:00+00:00, run_after=2024-05-09 00:00:00+00:00
[2024-05-09T16:23:01.537+0000] {processor.py:183} INFO - Processing /home/airflow/.local/lib/python3.12/site-packages/airflow/example_dags/example_branch_labels.py took 0.033 seconds
[2024-05-09T16:23:31.939+0000] {processor.py:161} INFO - Started process (PID=582) to work on /home/airflow/.local/lib/python3.12/site-packages/airflow/example_dags/example_branch_labels.py
[2024-05-09T16:23:31.939+0000] {processor.py:830} INFO - Processing file /home/airflow/.local/lib/python3.12/site-packages/airflow/example_dags/example_branch_labels.py for tasks to queue
[2024-05-09T16:23:31.940+0000] {logging_mixin.py:188} INFO - [2024-05-09T16:23:31.940+0000] {dagbag.py:545} INFO - Filling up the DagBag from /home/airflow/.local/lib/python3.12/site-packages/airflow/example_dags/example_branch_labels.py
[2024-05-09T16:23:31.944+0000] {processor.py:840} INFO - DAG(s) 'example_branch_labels' retrieved from /home/airflow/.local/lib/python3.12/site-packages/airflow/example_dags/example_branch_labels.py
[2024-05-09T16:23:31.953+0000] {logging_mixin.py:188} INFO - [2024-05-09T16:23:31.953+0000] {dag.py:3096} INFO - Sync 1 DAGs
[2024-05-09T16:23:31.962+0000] {logging_mixin.py:188} INFO - [2024-05-09T16:23:31.962+0000] {dag.py:3954} INFO - Setting next_dagrun for example_branch_labels to 2024-05-08 00:00:00+00:00, run_after=2024-05-09 00:00:00+00:00
[2024-05-09T16:23:31.969+0000] {processor.py:183} INFO - Processing /home/airflow/.local/lib/python3.12/site-packages/airflow/example_dags/example_branch_labels.py took 0.033 seconds
[2024-05-09T16:24:02.495+0000] {processor.py:161} INFO - Started process (PID=640) to work on /home/airflow/.local/lib/python3.12/site-packages/airflow/example_dags/example_branch_labels.py
[2024-05-09T16:24:02.496+0000] {processor.py:830} INFO - Processing file /home/airflow/.local/lib/python3.12/site-packages/airflow/example_dags/example_branch_labels.py for tasks to queue
[2024-05-09T16:24:02.497+0000] {logging_mixin.py:188} INFO - [2024-05-09T16:24:02.496+0000] {dagbag.py:545} INFO - Filling up the DagBag from /home/airflow/.local/lib/python3.12/site-packages/airflow/example_dags/example_branch_labels.py
[2024-05-09T16:24:02.500+0000] {processor.py:840} INFO - DAG(s) 'example_branch_labels' retrieved from /home/airflow/.local/lib/python3.12/site-packages/airflow/example_dags/example_branch_labels.py
[2024-05-09T16:24:02.510+0000] {logging_mixin.py:188} INFO - [2024-05-09T16:24:02.510+0000] {dag.py:3096} INFO - Sync 1 DAGs
[2024-05-09T16:24:02.519+0000] {logging_mixin.py:188} INFO - [2024-05-09T16:24:02.519+0000] {dag.py:3954} INFO - Setting next_dagrun for example_branch_labels to 2024-05-08 00:00:00+00:00, run_after=2024-05-09 00:00:00+00:00
[2024-05-09T16:24:02.527+0000] {processor.py:183} INFO - Processing /home/airflow/.local/lib/python3.12/site-packages/airflow/example_dags/example_branch_labels.py took 0.035 seconds
[2024-05-09T16:24:32.944+0000] {processor.py:161} INFO - Started process (PID=698) to work on /home/airflow/.local/lib/python3.12/site-packages/airflow/example_dags/example_branch_labels.py
[2024-05-09T16:24:32.945+0000] {processor.py:830} INFO - Processing file /home/airflow/.local/lib/python3.12/site-packages/airflow/example_dags/example_branch_labels.py for tasks to queue
[2024-05-09T16:24:32.945+0000] {logging_mixin.py:188} INFO - [2024-05-09T16:24:32.945+0000] {dagbag.py:545} INFO - Filling up the DagBag from /home/airflow/.local/lib/python3.12/site-packages/airflow/example_dags/example_branch_labels.py
[2024-05-09T16:24:32.949+0000] {processor.py:840} INFO - DAG(s) 'example_branch_labels' retrieved from /home/airflow/.local/lib/python3.12/site-packages/airflow/example_dags/example_branch_labels.py
[2024-05-09T16:24:32.959+0000] {logging_mixin.py:188} INFO - [2024-05-09T16:24:32.958+0000] {dag.py:3096} INFO - Sync 1 DAGs
[2024-05-09T16:24:32.967+0000] {logging_mixin.py:188} INFO - [2024-05-09T16:24:32.967+0000] {dag.py:3954} INFO - Setting next_dagrun for example_branch_labels to 2024-05-08 00:00:00+00:00, run_after=2024-05-09 00:00:00+00:00
[2024-05-09T16:24:32.974+0000] {processor.py:183} INFO - Processing /home/airflow/.local/lib/python3.12/site-packages/airflow/example_dags/example_branch_labels.py took 0.033 seconds
[2024-05-09T16:25:03.392+0000] {processor.py:161} INFO - Started process (PID=760) to work on /home/airflow/.local/lib/python3.12/site-packages/airflow/example_dags/example_branch_labels.py
[2024-05-09T16:25:03.393+0000] {processor.py:830} INFO - Processing file /home/airflow/.local/lib/python3.12/site-packages/airflow/example_dags/example_branch_labels.py for tasks to queue
[2024-05-09T16:25:03.393+0000] {logging_mixin.py:188} INFO - [2024-05-09T16:25:03.393+0000] {dagbag.py:545} INFO - Filling up the DagBag from /home/airflow/.local/lib/python3.12/site-packages/airflow/example_dags/example_branch_labels.py
[2024-05-09T16:25:03.397+0000] {processor.py:840} INFO - DAG(s) 'example_branch_labels' retrieved from /home/airflow/.local/lib/python3.12/site-packages/airflow/example_dags/example_branch_labels.py
[2024-05-09T16:25:03.407+0000] {logging_mixin.py:188} INFO - [2024-05-09T16:25:03.406+0000] {dag.py:3096} INFO - Sync 1 DAGs
[2024-05-09T16:25:03.415+0000] {logging_mixin.py:188} INFO - [2024-05-09T16:25:03.415+0000] {dag.py:3954} INFO - Setting next_dagrun for example_branch_labels to 2024-05-08 00:00:00+00:00, run_after=2024-05-09 00:00:00+00:00
[2024-05-09T16:25:03.422+0000] {processor.py:183} INFO - Processing /home/airflow/.local/lib/python3.12/site-packages/airflow/example_dags/example_branch_labels.py took 0.033 seconds
[2024-05-09T16:25:33.879+0000] {processor.py:161} INFO - Started process (PID=818) to work on /home/airflow/.local/lib/python3.12/site-packages/airflow/example_dags/example_branch_labels.py
[2024-05-09T16:25:33.879+0000] {processor.py:830} INFO - Processing file /home/airflow/.local/lib/python3.12/site-packages/airflow/example_dags/example_branch_labels.py for tasks to queue
[2024-05-09T16:25:33.880+0000] {logging_mixin.py:188} INFO - [2024-05-09T16:25:33.880+0000] {dagbag.py:545} INFO - Filling up the DagBag from /home/airflow/.local/lib/python3.12/site-packages/airflow/example_dags/example_branch_labels.py
[2024-05-09T16:25:33.884+0000] {processor.py:840} INFO - DAG(s) 'example_branch_labels' retrieved from /home/airflow/.local/lib/python3.12/site-packages/airflow/example_dags/example_branch_labels.py
[2024-05-09T16:25:33.894+0000] {logging_mixin.py:188} INFO - [2024-05-09T16:25:33.894+0000] {dag.py:3096} INFO - Sync 1 DAGs
[2024-05-09T16:25:33.903+0000] {logging_mixin.py:188} INFO - [2024-05-09T16:25:33.903+0000] {dag.py:3954} INFO - Setting next_dagrun for example_branch_labels to 2024-05-08 00:00:00+00:00, run_after=2024-05-09 00:00:00+00:00
[2024-05-09T16:25:33.910+0000] {processor.py:183} INFO - Processing /home/airflow/.local/lib/python3.12/site-packages/airflow/example_dags/example_branch_labels.py took 0.034 seconds
[2024-05-09T16:26:04.445+0000] {processor.py:161} INFO - Started process (PID=876) to work on /home/airflow/.local/lib/python3.12/site-packages/airflow/example_dags/example_branch_labels.py
[2024-05-09T16:26:04.445+0000] {processor.py:830} INFO - Processing file /home/airflow/.local/lib/python3.12/site-packages/airflow/example_dags/example_branch_labels.py for tasks to queue
[2024-05-09T16:26:04.446+0000] {logging_mixin.py:188} INFO - [2024-05-09T16:26:04.446+0000] {dagbag.py:545} INFO - Filling up the DagBag from /home/airflow/.local/lib/python3.12/site-packages/airflow/example_dags/example_branch_labels.py
[2024-05-09T16:26:04.450+0000] {processor.py:840} INFO - DAG(s) 'example_branch_labels' retrieved from /home/airflow/.local/lib/python3.12/site-packages/airflow/example_dags/example_branch_labels.py
[2024-05-09T16:26:04.460+0000] {logging_mixin.py:188} INFO - [2024-05-09T16:26:04.460+0000] {dag.py:3096} INFO - Sync 1 DAGs
[2024-05-09T16:26:04.469+0000] {logging_mixin.py:188} INFO - [2024-05-09T16:26:04.469+0000] {dag.py:3954} INFO - Setting next_dagrun for example_branch_labels to 2024-05-08 00:00:00+00:00, run_after=2024-05-09 00:00:00+00:00
[2024-05-09T16:26:04.476+0000] {processor.py:183} INFO - Processing /home/airflow/.local/lib/python3.12/site-packages/airflow/example_dags/example_branch_labels.py took 0.034 seconds
[2024-05-09T16:26:34.918+0000] {processor.py:161} INFO - Started process (PID=934) to work on /home/airflow/.local/lib/python3.12/site-packages/airflow/example_dags/example_branch_labels.py
[2024-05-09T16:26:34.918+0000] {processor.py:830} INFO - Processing file /home/airflow/.local/lib/python3.12/site-packages/airflow/example_dags/example_branch_labels.py for tasks to queue
[2024-05-09T16:26:34.919+0000] {logging_mixin.py:188} INFO - [2024-05-09T16:26:34.919+0000] {dagbag.py:545} INFO - Filling up the DagBag from /home/airflow/.local/lib/python3.12/site-packages/airflow/example_dags/example_branch_labels.py
[2024-05-09T16:26:34.923+0000] {processor.py:840} INFO - DAG(s) 'example_branch_labels' retrieved from /home/airflow/.local/lib/python3.12/site-packages/airflow/example_dags/example_branch_labels.py
[2024-05-09T16:26:34.932+0000] {logging_mixin.py:188} INFO - [2024-05-09T16:26:34.932+0000] {dag.py:3096} INFO - Sync 1 DAGs
[2024-05-09T16:26:34.940+0000] {logging_mixin.py:188} INFO - [2024-05-09T16:26:34.940+0000] {dag.py:3954} INFO - Setting next_dagrun for example_branch_labels to 2024-05-08 00:00:00+00:00, run_after=2024-05-09 00:00:00+00:00
[2024-05-09T16:26:34.947+0000] {processor.py:183} INFO - Processing /home/airflow/.local/lib/python3.12/site-packages/airflow/example_dags/example_branch_labels.py took 0.032 seconds
[2024-05-09T16:27:05.385+0000] {processor.py:161} INFO - Started process (PID=992) to work on /home/airflow/.local/lib/python3.12/site-packages/airflow/example_dags/example_branch_labels.py
[2024-05-09T16:27:05.385+0000] {processor.py:830} INFO - Processing file /home/airflow/.local/lib/python3.12/site-packages/airflow/example_dags/example_branch_labels.py for tasks to queue
[2024-05-09T16:27:05.386+0000] {logging_mixin.py:188} INFO - [2024-05-09T16:27:05.386+0000] {dagbag.py:545} INFO - Filling up the DagBag from /home/airflow/.local/lib/python3.12/site-packages/airflow/example_dags/example_branch_labels.py
[2024-05-09T16:27:05.390+0000] {processor.py:840} INFO - DAG(s) 'example_branch_labels' retrieved from /home/airflow/.local/lib/python3.12/site-packages/airflow/example_dags/example_branch_labels.py
[2024-05-09T16:27:05.400+0000] {logging_mixin.py:188} INFO - [2024-05-09T16:27:05.400+0000] {dag.py:3096} INFO - Sync 1 DAGs
[2024-05-09T16:27:05.408+0000] {logging_mixin.py:188} INFO - [2024-05-09T16:27:05.408+0000] {dag.py:3954} INFO - Setting next_dagrun for example_branch_labels to 2024-05-08 00:00:00+00:00, run_after=2024-05-09 00:00:00+00:00
[2024-05-09T16:27:05.415+0000] {processor.py:183} INFO - Processing /home/airflow/.local/lib/python3.12/site-packages/airflow/example_dags/example_branch_labels.py took 0.033 seconds
[2024-05-09T16:27:35.906+0000] {processor.py:161} INFO - Started process (PID=1050) to work on /home/airflow/.local/lib/python3.12/site-packages/airflow/example_dags/example_branch_labels.py
[2024-05-09T16:27:35.906+0000] {processor.py:830} INFO - Processing file /home/airflow/.local/lib/python3.12/site-packages/airflow/example_dags/example_branch_labels.py for tasks to queue
[2024-05-09T16:27:35.907+0000] {logging_mixin.py:188} INFO - [2024-05-09T16:27:35.907+0000] {dagbag.py:545} INFO - Filling up the DagBag from /home/airflow/.local/lib/python3.12/site-packages/airflow/example_dags/example_branch_labels.py
[2024-05-09T16:27:35.911+0000] {processor.py:840} INFO - DAG(s) 'example_branch_labels' retrieved from /home/airflow/.local/lib/python3.12/site-packages/airflow/example_dags/example_branch_labels.py
[2024-05-09T16:27:35.921+0000] {logging_mixin.py:188} INFO - [2024-05-09T16:27:35.921+0000] {dag.py:3096} INFO - Sync 1 DAGs
[2024-05-09T16:27:35.931+0000] {logging_mixin.py:188} INFO - [2024-05-09T16:27:35.931+0000] {dag.py:3954} INFO - Setting next_dagrun for example_branch_labels to 2024-05-08 00:00:00+00:00, run_after=2024-05-09 00:00:00+00:00
[2024-05-09T16:27:35.939+0000] {processor.py:183} INFO - Processing /home/airflow/.local/lib/python3.12/site-packages/airflow/example_dags/example_branch_labels.py took 0.036 seconds
[2024-05-09T16:28:06.486+0000] {processor.py:161} INFO - Started process (PID=1108) to work on /home/airflow/.local/lib/python3.12/site-packages/airflow/example_dags/example_branch_labels.py
[2024-05-09T16:28:06.487+0000] {processor.py:830} INFO - Processing file /home/airflow/.local/lib/python3.12/site-packages/airflow/example_dags/example_branch_labels.py for tasks to queue
[2024-05-09T16:28:06.488+0000] {logging_mixin.py:188} INFO - [2024-05-09T16:28:06.488+0000] {dagbag.py:545} INFO - Filling up the DagBag from /home/airflow/.local/lib/python3.12/site-packages/airflow/example_dags/example_branch_labels.py
[2024-05-09T16:28:06.491+0000] {processor.py:840} INFO - DAG(s) 'example_branch_labels' retrieved from /home/airflow/.local/lib/python3.12/site-packages/airflow/example_dags/example_branch_labels.py
[2024-05-09T16:28:06.501+0000] {logging_mixin.py:188} INFO - [2024-05-09T16:28:06.501+0000] {dag.py:3096} INFO - Sync 1 DAGs
[2024-05-09T16:28:06.509+0000] {logging_mixin.py:188} INFO - [2024-05-09T16:28:06.509+0000] {dag.py:3954} INFO - Setting next_dagrun for example_branch_labels to 2024-05-08 00:00:00+00:00, run_after=2024-05-09 00:00:00+00:00
[2024-05-09T16:28:06.516+0000] {processor.py:183} INFO - Processing /home/airflow/.local/lib/python3.12/site-packages/airflow/example_dags/example_branch_labels.py took 0.032 seconds
[2024-05-09T16:28:37.025+0000] {processor.py:161} INFO - Started process (PID=1166) to work on /home/airflow/.local/lib/python3.12/site-packages/airflow/example_dags/example_branch_labels.py
[2024-05-09T16:28:37.025+0000] {processor.py:830} INFO - Processing file /home/airflow/.local/lib/python3.12/site-packages/airflow/example_dags/example_branch_labels.py for tasks to queue
[2024-05-09T16:28:37.026+0000] {logging_mixin.py:188} INFO - [2024-05-09T16:28:37.026+0000] {dagbag.py:545} INFO - Filling up the DagBag from /home/airflow/.local/lib/python3.12/site-packages/airflow/example_dags/example_branch_labels.py
[2024-05-09T16:28:37.029+0000] {processor.py:840} INFO - DAG(s) 'example_branch_labels' retrieved from /home/airflow/.local/lib/python3.12/site-packages/airflow/example_dags/example_branch_labels.py
[2024-05-09T16:28:37.038+0000] {logging_mixin.py:188} INFO - [2024-05-09T16:28:37.038+0000] {dag.py:3096} INFO - Sync 1 DAGs
[2024-05-09T16:28:37.047+0000] {logging_mixin.py:188} INFO - [2024-05-09T16:28:37.047+0000] {dag.py:3954} INFO - Setting next_dagrun for example_branch_labels to 2024-05-08 00:00:00+00:00, run_after=2024-05-09 00:00:00+00:00
[2024-05-09T16:28:37.053+0000] {processor.py:183} INFO - Processing /home/airflow/.local/lib/python3.12/site-packages/airflow/example_dags/example_branch_labels.py took 0.031 seconds
[2024-05-09T16:29:07.501+0000] {processor.py:161} INFO - Started process (PID=1224) to work on /home/airflow/.local/lib/python3.12/site-packages/airflow/example_dags/example_branch_labels.py
[2024-05-09T16:29:07.502+0000] {processor.py:830} INFO - Processing file /home/airflow/.local/lib/python3.12/site-packages/airflow/example_dags/example_branch_labels.py for tasks to queue
[2024-05-09T16:29:07.503+0000] {logging_mixin.py:188} INFO - [2024-05-09T16:29:07.503+0000] {dagbag.py:545} INFO - Filling up the DagBag from /home/airflow/.local/lib/python3.12/site-packages/airflow/example_dags/example_branch_labels.py
[2024-05-09T16:29:07.507+0000] {processor.py:840} INFO - DAG(s) 'example_branch_labels' retrieved from /home/airflow/.local/lib/python3.12/site-packages/airflow/example_dags/example_branch_labels.py
[2024-05-09T16:29:07.516+0000] {logging_mixin.py:188} INFO - [2024-05-09T16:29:07.516+0000] {dag.py:3096} INFO - Sync 1 DAGs
[2024-05-09T16:29:07.525+0000] {logging_mixin.py:188} INFO - [2024-05-09T16:29:07.525+0000] {dag.py:3954} INFO - Setting next_dagrun for example_branch_labels to 2024-05-08 00:00:00+00:00, run_after=2024-05-09 00:00:00+00:00
[2024-05-09T16:29:07.532+0000] {processor.py:183} INFO - Processing /home/airflow/.local/lib/python3.12/site-packages/airflow/example_dags/example_branch_labels.py took 0.034 seconds
[2024-05-09T16:29:38.029+0000] {processor.py:161} INFO - Started process (PID=1282) to work on /home/airflow/.local/lib/python3.12/site-packages/airflow/example_dags/example_branch_labels.py
[2024-05-09T16:29:38.030+0000] {processor.py:830} INFO - Processing file /home/airflow/.local/lib/python3.12/site-packages/airflow/example_dags/example_branch_labels.py for tasks to queue
[2024-05-09T16:29:38.031+0000] {logging_mixin.py:188} INFO - [2024-05-09T16:29:38.031+0000] {dagbag.py:545} INFO - Filling up the DagBag from /home/airflow/.local/lib/python3.12/site-packages/airflow/example_dags/example_branch_labels.py
[2024-05-09T16:29:38.035+0000] {processor.py:840} INFO - DAG(s) 'example_branch_labels' retrieved from /home/airflow/.local/lib/python3.12/site-packages/airflow/example_dags/example_branch_labels.py
[2024-05-09T16:29:38.044+0000] {logging_mixin.py:188} INFO - [2024-05-09T16:29:38.044+0000] {dag.py:3096} INFO - Sync 1 DAGs
[2024-05-09T16:29:38.058+0000] {logging_mixin.py:188} INFO - [2024-05-09T16:29:38.057+0000] {dag.py:3954} INFO - Setting next_dagrun for example_branch_labels to 2024-05-08 00:00:00+00:00, run_after=2024-05-09 00:00:00+00:00
[2024-05-09T16:29:38.066+0000] {processor.py:183} INFO - Processing /home/airflow/.local/lib/python3.12/site-packages/airflow/example_dags/example_branch_labels.py took 0.040 seconds
[2024-05-09T16:30:08.690+0000] {processor.py:161} INFO - Started process (PID=1340) to work on /home/airflow/.local/lib/python3.12/site-packages/airflow/example_dags/example_branch_labels.py
[2024-05-09T16:30:08.691+0000] {processor.py:830} INFO - Processing file /home/airflow/.local/lib/python3.12/site-packages/airflow/example_dags/example_branch_labels.py for tasks to queue
[2024-05-09T16:30:08.691+0000] {logging_mixin.py:188} INFO - [2024-05-09T16:30:08.691+0000] {dagbag.py:545} INFO - Filling up the DagBag from /home/airflow/.local/lib/python3.12/site-packages/airflow/example_dags/example_branch_labels.py
[2024-05-09T16:30:08.695+0000] {processor.py:840} INFO - DAG(s) 'example_branch_labels' retrieved from /home/airflow/.local/lib/python3.12/site-packages/airflow/example_dags/example_branch_labels.py
[2024-05-09T16:30:08.705+0000] {logging_mixin.py:188} INFO - [2024-05-09T16:30:08.705+0000] {dag.py:3096} INFO - Sync 1 DAGs
[2024-05-09T16:30:08.713+0000] {logging_mixin.py:188} INFO - [2024-05-09T16:30:08.713+0000] {dag.py:3954} INFO - Setting next_dagrun for example_branch_labels to 2024-05-08 00:00:00+00:00, run_after=2024-05-09 00:00:00+00:00
[2024-05-09T16:30:08.719+0000] {processor.py:183} INFO - Processing /home/airflow/.local/lib/python3.12/site-packages/airflow/example_dags/example_branch_labels.py took 0.032 seconds
[2024-05-09T16:30:39.259+0000] {processor.py:161} INFO - Started process (PID=1398) to work on /home/airflow/.local/lib/python3.12/site-packages/airflow/example_dags/example_branch_labels.py
[2024-05-09T16:30:39.259+0000] {processor.py:830} INFO - Processing file /home/airflow/.local/lib/python3.12/site-packages/airflow/example_dags/example_branch_labels.py for tasks to queue
[2024-05-09T16:30:39.260+0000] {logging_mixin.py:188} INFO - [2024-05-09T16:30:39.260+0000] {dagbag.py:545} INFO - Filling up the DagBag from /home/airflow/.local/lib/python3.12/site-packages/airflow/example_dags/example_branch_labels.py
[2024-05-09T16:30:39.264+0000] {processor.py:840} INFO - DAG(s) 'example_branch_labels' retrieved from /home/airflow/.local/lib/python3.12/site-packages/airflow/example_dags/example_branch_labels.py
[2024-05-09T16:30:39.273+0000] {logging_mixin.py:188} INFO - [2024-05-09T16:30:39.273+0000] {dag.py:3096} INFO - Sync 1 DAGs
[2024-05-09T16:30:39.281+0000] {logging_mixin.py:188} INFO - [2024-05-09T16:30:39.281+0000] {dag.py:3954} INFO - Setting next_dagrun for example_branch_labels to 2024-05-08 00:00:00+00:00, run_after=2024-05-09 00:00:00+00:00
[2024-05-09T16:30:39.288+0000] {processor.py:183} INFO - Processing /home/airflow/.local/lib/python3.12/site-packages/airflow/example_dags/example_branch_labels.py took 0.032 seconds
[2024-05-09T16:31:09.788+0000] {processor.py:161} INFO - Started process (PID=1456) to work on /home/airflow/.local/lib/python3.12/site-packages/airflow/example_dags/example_branch_labels.py
[2024-05-09T16:31:09.789+0000] {processor.py:830} INFO - Processing file /home/airflow/.local/lib/python3.12/site-packages/airflow/example_dags/example_branch_labels.py for tasks to queue
[2024-05-09T16:31:09.790+0000] {logging_mixin.py:188} INFO - [2024-05-09T16:31:09.790+0000] {dagbag.py:545} INFO - Filling up the DagBag from /home/airflow/.local/lib/python3.12/site-packages/airflow/example_dags/example_branch_labels.py
[2024-05-09T16:31:09.798+0000] {processor.py:840} INFO - DAG(s) 'example_branch_labels' retrieved from /home/airflow/.local/lib/python3.12/site-packages/airflow/example_dags/example_branch_labels.py
[2024-05-09T16:31:09.808+0000] {logging_mixin.py:188} INFO - [2024-05-09T16:31:09.808+0000] {dag.py:3096} INFO - Sync 1 DAGs
[2024-05-09T16:31:09.817+0000] {logging_mixin.py:188} INFO - [2024-05-09T16:31:09.816+0000] {dag.py:3954} INFO - Setting next_dagrun for example_branch_labels to 2024-05-08 00:00:00+00:00, run_after=2024-05-09 00:00:00+00:00
[2024-05-09T16:31:09.823+0000] {processor.py:183} INFO - Processing /home/airflow/.local/lib/python3.12/site-packages/airflow/example_dags/example_branch_labels.py took 0.038 seconds
[2024-05-09T16:31:40.336+0000] {processor.py:161} INFO - Started process (PID=1514) to work on /home/airflow/.local/lib/python3.12/site-packages/airflow/example_dags/example_branch_labels.py
[2024-05-09T16:31:40.337+0000] {processor.py:830} INFO - Processing file /home/airflow/.local/lib/python3.12/site-packages/airflow/example_dags/example_branch_labels.py for tasks to queue
[2024-05-09T16:31:40.338+0000] {logging_mixin.py:188} INFO - [2024-05-09T16:31:40.337+0000] {dagbag.py:545} INFO - Filling up the DagBag from /home/airflow/.local/lib/python3.12/site-packages/airflow/example_dags/example_branch_labels.py
[2024-05-09T16:31:40.341+0000] {processor.py:840} INFO - DAG(s) 'example_branch_labels' retrieved from /home/airflow/.local/lib/python3.12/site-packages/airflow/example_dags/example_branch_labels.py
[2024-05-09T16:31:40.351+0000] {logging_mixin.py:188} INFO - [2024-05-09T16:31:40.350+0000] {dag.py:3096} INFO - Sync 1 DAGs
[2024-05-09T16:31:40.360+0000] {logging_mixin.py:188} INFO - [2024-05-09T16:31:40.359+0000] {dag.py:3954} INFO - Setting next_dagrun for example_branch_labels to 2024-05-08 00:00:00+00:00, run_after=2024-05-09 00:00:00+00:00
[2024-05-09T16:31:40.366+0000] {processor.py:183} INFO - Processing /home/airflow/.local/lib/python3.12/site-packages/airflow/example_dags/example_branch_labels.py took 0.033 seconds
[2024-05-09T16:32:10.891+0000] {processor.py:161} INFO - Started process (PID=1572) to work on /home/airflow/.local/lib/python3.12/site-packages/airflow/example_dags/example_branch_labels.py
[2024-05-09T16:32:10.892+0000] {processor.py:830} INFO - Processing file /home/airflow/.local/lib/python3.12/site-packages/airflow/example_dags/example_branch_labels.py for tasks to queue
[2024-05-09T16:32:10.893+0000] {logging_mixin.py:188} INFO - [2024-05-09T16:32:10.892+0000] {dagbag.py:545} INFO - Filling up the DagBag from /home/airflow/.local/lib/python3.12/site-packages/airflow/example_dags/example_branch_labels.py
[2024-05-09T16:32:10.896+0000] {processor.py:840} INFO - DAG(s) 'example_branch_labels' retrieved from /home/airflow/.local/lib/python3.12/site-packages/airflow/example_dags/example_branch_labels.py
[2024-05-09T16:32:10.906+0000] {logging_mixin.py:188} INFO - [2024-05-09T16:32:10.905+0000] {dag.py:3096} INFO - Sync 1 DAGs
[2024-05-09T16:32:10.915+0000] {logging_mixin.py:188} INFO - [2024-05-09T16:32:10.915+0000] {dag.py:3954} INFO - Setting next_dagrun for example_branch_labels to 2024-05-08 00:00:00+00:00, run_after=2024-05-09 00:00:00+00:00
[2024-05-09T16:32:10.922+0000] {processor.py:183} INFO - Processing /home/airflow/.local/lib/python3.12/site-packages/airflow/example_dags/example_branch_labels.py took 0.033 seconds
[2024-05-09T16:32:41.480+0000] {processor.py:161} INFO - Started process (PID=1630) to work on /home/airflow/.local/lib/python3.12/site-packages/airflow/example_dags/example_branch_labels.py
[2024-05-09T16:32:41.480+0000] {processor.py:830} INFO - Processing file /home/airflow/.local/lib/python3.12/site-packages/airflow/example_dags/example_branch_labels.py for tasks to queue
[2024-05-09T16:32:41.481+0000] {logging_mixin.py:188} INFO - [2024-05-09T16:32:41.481+0000] {dagbag.py:545} INFO - Filling up the DagBag from /home/airflow/.local/lib/python3.12/site-packages/airflow/example_dags/example_branch_labels.py
[2024-05-09T16:32:41.485+0000] {processor.py:840} INFO - DAG(s) 'example_branch_labels' retrieved from /home/airflow/.local/lib/python3.12/site-packages/airflow/example_dags/example_branch_labels.py
[2024-05-09T16:32:41.494+0000] {logging_mixin.py:188} INFO - [2024-05-09T16:32:41.494+0000] {dag.py:3096} INFO - Sync 1 DAGs
[2024-05-09T16:32:41.504+0000] {logging_mixin.py:188} INFO - [2024-05-09T16:32:41.504+0000] {dag.py:3954} INFO - Setting next_dagrun for example_branch_labels to 2024-05-08 00:00:00+00:00, run_after=2024-05-09 00:00:00+00:00
[2024-05-09T16:32:41.511+0000] {processor.py:183} INFO - Processing /home/airflow/.local/lib/python3.12/site-packages/airflow/example_dags/example_branch_labels.py took 0.034 seconds
[2024-05-09T16:33:12.005+0000] {processor.py:161} INFO - Started process (PID=1688) to work on /home/airflow/.local/lib/python3.12/site-packages/airflow/example_dags/example_branch_labels.py
[2024-05-09T16:33:12.006+0000] {processor.py:830} INFO - Processing file /home/airflow/.local/lib/python3.12/site-packages/airflow/example_dags/example_branch_labels.py for tasks to queue
[2024-05-09T16:33:12.007+0000] {logging_mixin.py:188} INFO - [2024-05-09T16:33:12.007+0000] {dagbag.py:545} INFO - Filling up the DagBag from /home/airflow/.local/lib/python3.12/site-packages/airflow/example_dags/example_branch_labels.py
[2024-05-09T16:33:12.011+0000] {processor.py:840} INFO - DAG(s) 'example_branch_labels' retrieved from /home/airflow/.local/lib/python3.12/site-packages/airflow/example_dags/example_branch_labels.py
[2024-05-09T16:33:12.021+0000] {logging_mixin.py:188} INFO - [2024-05-09T16:33:12.021+0000] {dag.py:3096} INFO - Sync 1 DAGs
[2024-05-09T16:33:12.030+0000] {logging_mixin.py:188} INFO - [2024-05-09T16:33:12.030+0000] {dag.py:3954} INFO - Setting next_dagrun for example_branch_labels to 2024-05-08 00:00:00+00:00, run_after=2024-05-09 00:00:00+00:00
[2024-05-09T16:33:12.038+0000] {processor.py:183} INFO - Processing /home/airflow/.local/lib/python3.12/site-packages/airflow/example_dags/example_branch_labels.py took 0.036 seconds
[2024-05-09T16:33:42.564+0000] {processor.py:161} INFO - Started process (PID=1746) to work on /home/airflow/.local/lib/python3.12/site-packages/airflow/example_dags/example_branch_labels.py
[2024-05-09T16:33:42.565+0000] {processor.py:830} INFO - Processing file /home/airflow/.local/lib/python3.12/site-packages/airflow/example_dags/example_branch_labels.py for tasks to queue
[2024-05-09T16:33:42.566+0000] {logging_mixin.py:188} INFO - [2024-05-09T16:33:42.566+0000] {dagbag.py:545} INFO - Filling up the DagBag from /home/airflow/.local/lib/python3.12/site-packages/airflow/example_dags/example_branch_labels.py
[2024-05-09T16:33:42.570+0000] {processor.py:840} INFO - DAG(s) 'example_branch_labels' retrieved from /home/airflow/.local/lib/python3.12/site-packages/airflow/example_dags/example_branch_labels.py
[2024-05-09T16:33:42.579+0000] {logging_mixin.py:188} INFO - [2024-05-09T16:33:42.579+0000] {dag.py:3096} INFO - Sync 1 DAGs
[2024-05-09T16:33:42.588+0000] {logging_mixin.py:188} INFO - [2024-05-09T16:33:42.588+0000] {dag.py:3954} INFO - Setting next_dagrun for example_branch_labels to 2024-05-08 00:00:00+00:00, run_after=2024-05-09 00:00:00+00:00
[2024-05-09T16:33:42.595+0000] {processor.py:183} INFO - Processing /home/airflow/.local/lib/python3.12/site-packages/airflow/example_dags/example_branch_labels.py took 0.033 seconds
[2024-05-09T16:34:13.256+0000] {processor.py:161} INFO - Started process (PID=1804) to work on /home/airflow/.local/lib/python3.12/site-packages/airflow/example_dags/example_branch_labels.py
[2024-05-09T16:34:13.257+0000] {processor.py:830} INFO - Processing file /home/airflow/.local/lib/python3.12/site-packages/airflow/example_dags/example_branch_labels.py for tasks to queue
[2024-05-09T16:34:13.258+0000] {logging_mixin.py:188} INFO - [2024-05-09T16:34:13.258+0000] {dagbag.py:545} INFO - Filling up the DagBag from /home/airflow/.local/lib/python3.12/site-packages/airflow/example_dags/example_branch_labels.py
[2024-05-09T16:34:13.263+0000] {processor.py:840} INFO - DAG(s) 'example_branch_labels' retrieved from /home/airflow/.local/lib/python3.12/site-packages/airflow/example_dags/example_branch_labels.py
[2024-05-09T16:34:13.274+0000] {logging_mixin.py:188} INFO - [2024-05-09T16:34:13.274+0000] {dag.py:3096} INFO - Sync 1 DAGs
[2024-05-09T16:34:13.283+0000] {logging_mixin.py:188} INFO - [2024-05-09T16:34:13.283+0000] {dag.py:3954} INFO - Setting next_dagrun for example_branch_labels to 2024-05-08 00:00:00+00:00, run_after=2024-05-09 00:00:00+00:00
[2024-05-09T16:34:13.290+0000] {processor.py:183} INFO - Processing /home/airflow/.local/lib/python3.12/site-packages/airflow/example_dags/example_branch_labels.py took 0.037 seconds
[2024-05-09T16:34:43.868+0000] {processor.py:161} INFO - Started process (PID=1862) to work on /home/airflow/.local/lib/python3.12/site-packages/airflow/example_dags/example_branch_labels.py
[2024-05-09T16:34:43.868+0000] {processor.py:830} INFO - Processing file /home/airflow/.local/lib/python3.12/site-packages/airflow/example_dags/example_branch_labels.py for tasks to queue
[2024-05-09T16:34:43.869+0000] {logging_mixin.py:188} INFO - [2024-05-09T16:34:43.869+0000] {dagbag.py:545} INFO - Filling up the DagBag from /home/airflow/.local/lib/python3.12/site-packages/airflow/example_dags/example_branch_labels.py
[2024-05-09T16:34:43.873+0000] {processor.py:840} INFO - DAG(s) 'example_branch_labels' retrieved from /home/airflow/.local/lib/python3.12/site-packages/airflow/example_dags/example_branch_labels.py
[2024-05-09T16:34:43.883+0000] {logging_mixin.py:188} INFO - [2024-05-09T16:34:43.883+0000] {dag.py:3096} INFO - Sync 1 DAGs
[2024-05-09T16:34:43.892+0000] {logging_mixin.py:188} INFO - [2024-05-09T16:34:43.892+0000] {dag.py:3954} INFO - Setting next_dagrun for example_branch_labels to 2024-05-08 00:00:00+00:00, run_after=2024-05-09 00:00:00+00:00
[2024-05-09T16:34:43.899+0000] {processor.py:183} INFO - Processing /home/airflow/.local/lib/python3.12/site-packages/airflow/example_dags/example_branch_labels.py took 0.034 seconds
[2024-05-09T16:35:14.331+0000] {processor.py:161} INFO - Started process (PID=1920) to work on /home/airflow/.local/lib/python3.12/site-packages/airflow/example_dags/example_branch_labels.py
[2024-05-09T16:35:14.331+0000] {processor.py:830} INFO - Processing file /home/airflow/.local/lib/python3.12/site-packages/airflow/example_dags/example_branch_labels.py for tasks to queue
[2024-05-09T16:35:14.332+0000] {logging_mixin.py:188} INFO - [2024-05-09T16:35:14.332+0000] {dagbag.py:545} INFO - Filling up the DagBag from /home/airflow/.local/lib/python3.12/site-packages/airflow/example_dags/example_branch_labels.py
[2024-05-09T16:35:14.336+0000] {processor.py:840} INFO - DAG(s) 'example_branch_labels' retrieved from /home/airflow/.local/lib/python3.12/site-packages/airflow/example_dags/example_branch_labels.py
[2024-05-09T16:35:14.345+0000] {logging_mixin.py:188} INFO - [2024-05-09T16:35:14.345+0000] {dag.py:3096} INFO - Sync 1 DAGs
[2024-05-09T16:35:14.354+0000] {logging_mixin.py:188} INFO - [2024-05-09T16:35:14.354+0000] {dag.py:3954} INFO - Setting next_dagrun for example_branch_labels to 2024-05-08 00:00:00+00:00, run_after=2024-05-09 00:00:00+00:00
[2024-05-09T16:35:14.361+0000] {processor.py:183} INFO - Processing /home/airflow/.local/lib/python3.12/site-packages/airflow/example_dags/example_branch_labels.py took 0.033 seconds
[2024-05-09T16:35:45.013+0000] {processor.py:161} INFO - Started process (PID=1978) to work on /home/airflow/.local/lib/python3.12/site-packages/airflow/example_dags/example_branch_labels.py
[2024-05-09T16:35:45.013+0000] {processor.py:830} INFO - Processing file /home/airflow/.local/lib/python3.12/site-packages/airflow/example_dags/example_branch_labels.py for tasks to queue
[2024-05-09T16:35:45.014+0000] {logging_mixin.py:188} INFO - [2024-05-09T16:35:45.014+0000] {dagbag.py:545} INFO - Filling up the DagBag from /home/airflow/.local/lib/python3.12/site-packages/airflow/example_dags/example_branch_labels.py
[2024-05-09T16:35:45.019+0000] {processor.py:840} INFO - DAG(s) 'example_branch_labels' retrieved from /home/airflow/.local/lib/python3.12/site-packages/airflow/example_dags/example_branch_labels.py
[2024-05-09T16:35:45.031+0000] {logging_mixin.py:188} INFO - [2024-05-09T16:35:45.031+0000] {dag.py:3096} INFO - Sync 1 DAGs
[2024-05-09T16:35:45.041+0000] {logging_mixin.py:188} INFO - [2024-05-09T16:35:45.041+0000] {dag.py:3954} INFO - Setting next_dagrun for example_branch_labels to 2024-05-08 00:00:00+00:00, run_after=2024-05-09 00:00:00+00:00
[2024-05-09T16:35:45.048+0000] {processor.py:183} INFO - Processing /home/airflow/.local/lib/python3.12/site-packages/airflow/example_dags/example_branch_labels.py took 0.038 seconds
[2024-05-09T16:36:15.303+0000] {processor.py:161} INFO - Started process (PID=2036) to work on /home/airflow/.local/lib/python3.12/site-packages/airflow/example_dags/example_branch_labels.py
[2024-05-09T16:36:15.304+0000] {processor.py:830} INFO - Processing file /home/airflow/.local/lib/python3.12/site-packages/airflow/example_dags/example_branch_labels.py for tasks to queue
[2024-05-09T16:36:15.305+0000] {logging_mixin.py:188} INFO - [2024-05-09T16:36:15.305+0000] {dagbag.py:545} INFO - Filling up the DagBag from /home/airflow/.local/lib/python3.12/site-packages/airflow/example_dags/example_branch_labels.py
[2024-05-09T16:36:15.308+0000] {processor.py:840} INFO - DAG(s) 'example_branch_labels' retrieved from /home/airflow/.local/lib/python3.12/site-packages/airflow/example_dags/example_branch_labels.py
[2024-05-09T16:36:15.318+0000] {logging_mixin.py:188} INFO - [2024-05-09T16:36:15.318+0000] {dag.py:3096} INFO - Sync 1 DAGs
[2024-05-09T16:36:15.327+0000] {logging_mixin.py:188} INFO - [2024-05-09T16:36:15.327+0000] {dag.py:3954} INFO - Setting next_dagrun for example_branch_labels to 2024-05-08 00:00:00+00:00, run_after=2024-05-09 00:00:00+00:00
[2024-05-09T16:36:15.334+0000] {processor.py:183} INFO - Processing /home/airflow/.local/lib/python3.12/site-packages/airflow/example_dags/example_branch_labels.py took 0.033 seconds
[2024-05-09T16:36:46.108+0000] {processor.py:161} INFO - Started process (PID=2094) to work on /home/airflow/.local/lib/python3.12/site-packages/airflow/example_dags/example_branch_labels.py
[2024-05-09T16:36:46.108+0000] {processor.py:830} INFO - Processing file /home/airflow/.local/lib/python3.12/site-packages/airflow/example_dags/example_branch_labels.py for tasks to queue
[2024-05-09T16:36:46.109+0000] {logging_mixin.py:188} INFO - [2024-05-09T16:36:46.109+0000] {dagbag.py:545} INFO - Filling up the DagBag from /home/airflow/.local/lib/python3.12/site-packages/airflow/example_dags/example_branch_labels.py
[2024-05-09T16:36:46.113+0000] {processor.py:840} INFO - DAG(s) 'example_branch_labels' retrieved from /home/airflow/.local/lib/python3.12/site-packages/airflow/example_dags/example_branch_labels.py
[2024-05-09T16:36:46.124+0000] {logging_mixin.py:188} INFO - [2024-05-09T16:36:46.124+0000] {dag.py:3096} INFO - Sync 1 DAGs
[2024-05-09T16:36:46.133+0000] {logging_mixin.py:188} INFO - [2024-05-09T16:36:46.133+0000] {dag.py:3954} INFO - Setting next_dagrun for example_branch_labels to 2024-05-08 00:00:00+00:00, run_after=2024-05-09 00:00:00+00:00
[2024-05-09T16:36:46.229+0000] {processor.py:183} INFO - Processing /home/airflow/.local/lib/python3.12/site-packages/airflow/example_dags/example_branch_labels.py took 0.124 seconds
[2024-05-09T16:37:16.286+0000] {processor.py:161} INFO - Started process (PID=2152) to work on /home/airflow/.local/lib/python3.12/site-packages/airflow/example_dags/example_branch_labels.py
[2024-05-09T16:37:16.286+0000] {processor.py:830} INFO - Processing file /home/airflow/.local/lib/python3.12/site-packages/airflow/example_dags/example_branch_labels.py for tasks to queue
[2024-05-09T16:37:16.287+0000] {logging_mixin.py:188} INFO - [2024-05-09T16:37:16.287+0000] {dagbag.py:545} INFO - Filling up the DagBag from /home/airflow/.local/lib/python3.12/site-packages/airflow/example_dags/example_branch_labels.py
[2024-05-09T16:37:16.292+0000] {processor.py:840} INFO - DAG(s) 'example_branch_labels' retrieved from /home/airflow/.local/lib/python3.12/site-packages/airflow/example_dags/example_branch_labels.py
[2024-05-09T16:37:16.303+0000] {logging_mixin.py:188} INFO - [2024-05-09T16:37:16.303+0000] {dag.py:3096} INFO - Sync 1 DAGs
[2024-05-09T16:37:16.314+0000] {logging_mixin.py:188} INFO - [2024-05-09T16:37:16.314+0000] {dag.py:3954} INFO - Setting next_dagrun for example_branch_labels to 2024-05-08 00:00:00+00:00, run_after=2024-05-09 00:00:00+00:00
[2024-05-09T16:37:16.322+0000] {processor.py:183} INFO - Processing /home/airflow/.local/lib/python3.12/site-packages/airflow/example_dags/example_branch_labels.py took 0.039 seconds
[2024-05-09T16:37:46.388+0000] {processor.py:161} INFO - Started process (PID=2209) to work on /home/airflow/.local/lib/python3.12/site-packages/airflow/example_dags/example_branch_labels.py
[2024-05-09T16:37:46.388+0000] {processor.py:830} INFO - Processing file /home/airflow/.local/lib/python3.12/site-packages/airflow/example_dags/example_branch_labels.py for tasks to queue
[2024-05-09T16:37:46.390+0000] {logging_mixin.py:188} INFO - [2024-05-09T16:37:46.390+0000] {dagbag.py:545} INFO - Filling up the DagBag from /home/airflow/.local/lib/python3.12/site-packages/airflow/example_dags/example_branch_labels.py
[2024-05-09T16:37:46.394+0000] {processor.py:840} INFO - DAG(s) 'example_branch_labels' retrieved from /home/airflow/.local/lib/python3.12/site-packages/airflow/example_dags/example_branch_labels.py
[2024-05-09T16:37:46.407+0000] {logging_mixin.py:188} INFO - [2024-05-09T16:37:46.407+0000] {dag.py:3096} INFO - Sync 1 DAGs
[2024-05-09T16:37:46.438+0000] {logging_mixin.py:188} INFO - [2024-05-09T16:37:46.438+0000] {dag.py:3954} INFO - Setting next_dagrun for example_branch_labels to 2024-05-08 00:00:00+00:00, run_after=2024-05-09 00:00:00+00:00
[2024-05-09T16:37:46.449+0000] {processor.py:183} INFO - Processing /home/airflow/.local/lib/python3.12/site-packages/airflow/example_dags/example_branch_labels.py took 0.065 seconds
[2024-05-09T16:38:17.339+0000] {processor.py:161} INFO - Started process (PID=2268) to work on /home/airflow/.local/lib/python3.12/site-packages/airflow/example_dags/example_branch_labels.py
[2024-05-09T16:38:17.339+0000] {processor.py:830} INFO - Processing file /home/airflow/.local/lib/python3.12/site-packages/airflow/example_dags/example_branch_labels.py for tasks to queue
[2024-05-09T16:38:17.340+0000] {logging_mixin.py:188} INFO - [2024-05-09T16:38:17.340+0000] {dagbag.py:545} INFO - Filling up the DagBag from /home/airflow/.local/lib/python3.12/site-packages/airflow/example_dags/example_branch_labels.py
[2024-05-09T16:38:17.344+0000] {processor.py:840} INFO - DAG(s) 'example_branch_labels' retrieved from /home/airflow/.local/lib/python3.12/site-packages/airflow/example_dags/example_branch_labels.py
[2024-05-09T16:38:17.353+0000] {logging_mixin.py:188} INFO - [2024-05-09T16:38:17.353+0000] {dag.py:3096} INFO - Sync 1 DAGs
[2024-05-09T16:38:17.362+0000] {logging_mixin.py:188} INFO - [2024-05-09T16:38:17.362+0000] {dag.py:3954} INFO - Setting next_dagrun for example_branch_labels to 2024-05-08 00:00:00+00:00, run_after=2024-05-09 00:00:00+00:00
[2024-05-09T16:38:17.369+0000] {processor.py:183} INFO - Processing /home/airflow/.local/lib/python3.12/site-packages/airflow/example_dags/example_branch_labels.py took 0.033 seconds
[2024-05-09T16:38:48.506+0000] {processor.py:161} INFO - Started process (PID=2330) to work on /home/airflow/.local/lib/python3.12/site-packages/airflow/example_dags/example_branch_labels.py
[2024-05-09T16:38:48.507+0000] {processor.py:830} INFO - Processing file /home/airflow/.local/lib/python3.12/site-packages/airflow/example_dags/example_branch_labels.py for tasks to queue
[2024-05-09T16:38:48.508+0000] {logging_mixin.py:188} INFO - [2024-05-09T16:38:48.507+0000] {dagbag.py:545} INFO - Filling up the DagBag from /home/airflow/.local/lib/python3.12/site-packages/airflow/example_dags/example_branch_labels.py
[2024-05-09T16:38:48.512+0000] {processor.py:840} INFO - DAG(s) 'example_branch_labels' retrieved from /home/airflow/.local/lib/python3.12/site-packages/airflow/example_dags/example_branch_labels.py
[2024-05-09T16:38:48.618+0000] {logging_mixin.py:188} INFO - [2024-05-09T16:38:48.618+0000] {dag.py:3096} INFO - Sync 1 DAGs
[2024-05-09T16:38:48.626+0000] {logging_mixin.py:188} INFO - [2024-05-09T16:38:48.626+0000] {dag.py:3954} INFO - Setting next_dagrun for example_branch_labels to 2024-05-08 00:00:00+00:00, run_after=2024-05-09 00:00:00+00:00
[2024-05-09T16:38:48.633+0000] {processor.py:183} INFO - Processing /home/airflow/.local/lib/python3.12/site-packages/airflow/example_dags/example_branch_labels.py took 0.130 seconds
[2024-05-09T16:39:18.680+0000] {processor.py:161} INFO - Started process (PID=2388) to work on /home/airflow/.local/lib/python3.12/site-packages/airflow/example_dags/example_branch_labels.py
[2024-05-09T16:39:18.681+0000] {processor.py:830} INFO - Processing file /home/airflow/.local/lib/python3.12/site-packages/airflow/example_dags/example_branch_labels.py for tasks to queue
[2024-05-09T16:39:18.682+0000] {logging_mixin.py:188} INFO - [2024-05-09T16:39:18.682+0000] {dagbag.py:545} INFO - Filling up the DagBag from /home/airflow/.local/lib/python3.12/site-packages/airflow/example_dags/example_branch_labels.py
[2024-05-09T16:39:18.686+0000] {processor.py:840} INFO - DAG(s) 'example_branch_labels' retrieved from /home/airflow/.local/lib/python3.12/site-packages/airflow/example_dags/example_branch_labels.py
[2024-05-09T16:39:18.695+0000] {logging_mixin.py:188} INFO - [2024-05-09T16:39:18.695+0000] {dag.py:3096} INFO - Sync 1 DAGs
[2024-05-09T16:39:18.704+0000] {logging_mixin.py:188} INFO - [2024-05-09T16:39:18.704+0000] {dag.py:3954} INFO - Setting next_dagrun for example_branch_labels to 2024-05-08 00:00:00+00:00, run_after=2024-05-09 00:00:00+00:00
[2024-05-09T16:39:18.710+0000] {processor.py:183} INFO - Processing /home/airflow/.local/lib/python3.12/site-packages/airflow/example_dags/example_branch_labels.py took 0.033 seconds
[2024-05-09T16:39:49.288+0000] {processor.py:161} INFO - Started process (PID=2446) to work on /home/airflow/.local/lib/python3.12/site-packages/airflow/example_dags/example_branch_labels.py
[2024-05-09T16:39:49.289+0000] {processor.py:830} INFO - Processing file /home/airflow/.local/lib/python3.12/site-packages/airflow/example_dags/example_branch_labels.py for tasks to queue
[2024-05-09T16:39:49.290+0000] {logging_mixin.py:188} INFO - [2024-05-09T16:39:49.290+0000] {dagbag.py:545} INFO - Filling up the DagBag from /home/airflow/.local/lib/python3.12/site-packages/airflow/example_dags/example_branch_labels.py
[2024-05-09T16:39:49.294+0000] {processor.py:840} INFO - DAG(s) 'example_branch_labels' retrieved from /home/airflow/.local/lib/python3.12/site-packages/airflow/example_dags/example_branch_labels.py
[2024-05-09T16:39:49.304+0000] {logging_mixin.py:188} INFO - [2024-05-09T16:39:49.304+0000] {dag.py:3096} INFO - Sync 1 DAGs
[2024-05-09T16:39:49.314+0000] {logging_mixin.py:188} INFO - [2024-05-09T16:39:49.314+0000] {dag.py:3954} INFO - Setting next_dagrun for example_branch_labels to 2024-05-08 00:00:00+00:00, run_after=2024-05-09 00:00:00+00:00
[2024-05-09T16:39:49.322+0000] {processor.py:183} INFO - Processing /home/airflow/.local/lib/python3.12/site-packages/airflow/example_dags/example_branch_labels.py took 0.036 seconds
[2024-05-09T16:40:19.982+0000] {processor.py:161} INFO - Started process (PID=2504) to work on /home/airflow/.local/lib/python3.12/site-packages/airflow/example_dags/example_branch_labels.py
[2024-05-09T16:40:19.983+0000] {processor.py:830} INFO - Processing file /home/airflow/.local/lib/python3.12/site-packages/airflow/example_dags/example_branch_labels.py for tasks to queue
[2024-05-09T16:40:19.984+0000] {logging_mixin.py:188} INFO - [2024-05-09T16:40:19.984+0000] {dagbag.py:545} INFO - Filling up the DagBag from /home/airflow/.local/lib/python3.12/site-packages/airflow/example_dags/example_branch_labels.py
[2024-05-09T16:40:19.987+0000] {processor.py:840} INFO - DAG(s) 'example_branch_labels' retrieved from /home/airflow/.local/lib/python3.12/site-packages/airflow/example_dags/example_branch_labels.py
[2024-05-09T16:40:19.997+0000] {logging_mixin.py:188} INFO - [2024-05-09T16:40:19.997+0000] {dag.py:3096} INFO - Sync 1 DAGs
[2024-05-09T16:40:20.007+0000] {logging_mixin.py:188} INFO - [2024-05-09T16:40:20.006+0000] {dag.py:3954} INFO - Setting next_dagrun for example_branch_labels to 2024-05-08 00:00:00+00:00, run_after=2024-05-09 00:00:00+00:00
[2024-05-09T16:40:20.013+0000] {processor.py:183} INFO - Processing /home/airflow/.local/lib/python3.12/site-packages/airflow/example_dags/example_branch_labels.py took 0.034 seconds
[2024-05-09T16:40:50.603+0000] {processor.py:161} INFO - Started process (PID=2562) to work on /home/airflow/.local/lib/python3.12/site-packages/airflow/example_dags/example_branch_labels.py
[2024-05-09T16:40:50.603+0000] {processor.py:830} INFO - Processing file /home/airflow/.local/lib/python3.12/site-packages/airflow/example_dags/example_branch_labels.py for tasks to queue
[2024-05-09T16:40:50.604+0000] {logging_mixin.py:188} INFO - [2024-05-09T16:40:50.604+0000] {dagbag.py:545} INFO - Filling up the DagBag from /home/airflow/.local/lib/python3.12/site-packages/airflow/example_dags/example_branch_labels.py
[2024-05-09T16:40:50.608+0000] {processor.py:840} INFO - DAG(s) 'example_branch_labels' retrieved from /home/airflow/.local/lib/python3.12/site-packages/airflow/example_dags/example_branch_labels.py
[2024-05-09T16:40:50.618+0000] {logging_mixin.py:188} INFO - [2024-05-09T16:40:50.617+0000] {dag.py:3096} INFO - Sync 1 DAGs
[2024-05-09T16:40:50.627+0000] {logging_mixin.py:188} INFO - [2024-05-09T16:40:50.627+0000] {dag.py:3954} INFO - Setting next_dagrun for example_branch_labels to 2024-05-08 00:00:00+00:00, run_after=2024-05-09 00:00:00+00:00
[2024-05-09T16:40:50.634+0000] {processor.py:183} INFO - Processing /home/airflow/.local/lib/python3.12/site-packages/airflow/example_dags/example_branch_labels.py took 0.034 seconds
[2024-05-09T16:41:21.299+0000] {processor.py:161} INFO - Started process (PID=2620) to work on /home/airflow/.local/lib/python3.12/site-packages/airflow/example_dags/example_branch_labels.py
[2024-05-09T16:41:21.299+0000] {processor.py:830} INFO - Processing file /home/airflow/.local/lib/python3.12/site-packages/airflow/example_dags/example_branch_labels.py for tasks to queue
[2024-05-09T16:41:21.300+0000] {logging_mixin.py:188} INFO - [2024-05-09T16:41:21.300+0000] {dagbag.py:545} INFO - Filling up the DagBag from /home/airflow/.local/lib/python3.12/site-packages/airflow/example_dags/example_branch_labels.py
[2024-05-09T16:41:21.304+0000] {processor.py:840} INFO - DAG(s) 'example_branch_labels' retrieved from /home/airflow/.local/lib/python3.12/site-packages/airflow/example_dags/example_branch_labels.py
[2024-05-09T16:41:21.314+0000] {logging_mixin.py:188} INFO - [2024-05-09T16:41:21.313+0000] {dag.py:3096} INFO - Sync 1 DAGs
[2024-05-09T16:41:21.323+0000] {logging_mixin.py:188} INFO - [2024-05-09T16:41:21.323+0000] {dag.py:3954} INFO - Setting next_dagrun for example_branch_labels to 2024-05-08 00:00:00+00:00, run_after=2024-05-09 00:00:00+00:00
[2024-05-09T16:41:21.330+0000] {processor.py:183} INFO - Processing /home/airflow/.local/lib/python3.12/site-packages/airflow/example_dags/example_branch_labels.py took 0.034 seconds
[2024-05-09T16:41:52.043+0000] {processor.py:161} INFO - Started process (PID=2678) to work on /home/airflow/.local/lib/python3.12/site-packages/airflow/example_dags/example_branch_labels.py
[2024-05-09T16:41:52.044+0000] {processor.py:830} INFO - Processing file /home/airflow/.local/lib/python3.12/site-packages/airflow/example_dags/example_branch_labels.py for tasks to queue
[2024-05-09T16:41:52.046+0000] {logging_mixin.py:188} INFO - [2024-05-09T16:41:52.046+0000] {dagbag.py:545} INFO - Filling up the DagBag from /home/airflow/.local/lib/python3.12/site-packages/airflow/example_dags/example_branch_labels.py
[2024-05-09T16:41:52.051+0000] {processor.py:840} INFO - DAG(s) 'example_branch_labels' retrieved from /home/airflow/.local/lib/python3.12/site-packages/airflow/example_dags/example_branch_labels.py
[2024-05-09T16:41:52.067+0000] {logging_mixin.py:188} INFO - [2024-05-09T16:41:52.067+0000] {dag.py:3096} INFO - Sync 1 DAGs
[2024-05-09T16:41:52.087+0000] {logging_mixin.py:188} INFO - [2024-05-09T16:41:52.087+0000] {dag.py:3954} INFO - Setting next_dagrun for example_branch_labels to 2024-05-08 00:00:00+00:00, run_after=2024-05-09 00:00:00+00:00
[2024-05-09T16:41:52.099+0000] {processor.py:183} INFO - Processing /home/airflow/.local/lib/python3.12/site-packages/airflow/example_dags/example_branch_labels.py took 0.060 seconds
[2024-05-09T16:42:22.797+0000] {processor.py:161} INFO - Started process (PID=2736) to work on /home/airflow/.local/lib/python3.12/site-packages/airflow/example_dags/example_branch_labels.py
[2024-05-09T16:42:22.798+0000] {processor.py:830} INFO - Processing file /home/airflow/.local/lib/python3.12/site-packages/airflow/example_dags/example_branch_labels.py for tasks to queue
[2024-05-09T16:42:22.799+0000] {logging_mixin.py:188} INFO - [2024-05-09T16:42:22.799+0000] {dagbag.py:545} INFO - Filling up the DagBag from /home/airflow/.local/lib/python3.12/site-packages/airflow/example_dags/example_branch_labels.py
[2024-05-09T16:42:22.802+0000] {processor.py:840} INFO - DAG(s) 'example_branch_labels' retrieved from /home/airflow/.local/lib/python3.12/site-packages/airflow/example_dags/example_branch_labels.py
[2024-05-09T16:42:22.812+0000] {logging_mixin.py:188} INFO - [2024-05-09T16:42:22.812+0000] {dag.py:3096} INFO - Sync 1 DAGs
[2024-05-09T16:42:22.821+0000] {logging_mixin.py:188} INFO - [2024-05-09T16:42:22.821+0000] {dag.py:3954} INFO - Setting next_dagrun for example_branch_labels to 2024-05-08 00:00:00+00:00, run_after=2024-05-09 00:00:00+00:00
[2024-05-09T16:42:22.828+0000] {processor.py:183} INFO - Processing /home/airflow/.local/lib/python3.12/site-packages/airflow/example_dags/example_branch_labels.py took 0.033 seconds
[2024-05-09T16:42:53.505+0000] {processor.py:161} INFO - Started process (PID=2794) to work on /home/airflow/.local/lib/python3.12/site-packages/airflow/example_dags/example_branch_labels.py
[2024-05-09T16:42:53.506+0000] {processor.py:830} INFO - Processing file /home/airflow/.local/lib/python3.12/site-packages/airflow/example_dags/example_branch_labels.py for tasks to queue
[2024-05-09T16:42:53.507+0000] {logging_mixin.py:188} INFO - [2024-05-09T16:42:53.507+0000] {dagbag.py:545} INFO - Filling up the DagBag from /home/airflow/.local/lib/python3.12/site-packages/airflow/example_dags/example_branch_labels.py
[2024-05-09T16:42:53.511+0000] {processor.py:840} INFO - DAG(s) 'example_branch_labels' retrieved from /home/airflow/.local/lib/python3.12/site-packages/airflow/example_dags/example_branch_labels.py
[2024-05-09T16:42:53.521+0000] {logging_mixin.py:188} INFO - [2024-05-09T16:42:53.521+0000] {dag.py:3096} INFO - Sync 1 DAGs
[2024-05-09T16:42:53.530+0000] {logging_mixin.py:188} INFO - [2024-05-09T16:42:53.530+0000] {dag.py:3954} INFO - Setting next_dagrun for example_branch_labels to 2024-05-08 00:00:00+00:00, run_after=2024-05-09 00:00:00+00:00
[2024-05-09T16:42:53.537+0000] {processor.py:183} INFO - Processing /home/airflow/.local/lib/python3.12/site-packages/airflow/example_dags/example_branch_labels.py took 0.035 seconds
