[2024-05-09T16:18:57.409+0000] {processor.py:161} INFO - Started process (PID=67) to work on /home/airflow/.local/lib/python3.12/site-packages/airflow/example_dags/example_bash_decorator.py
[2024-05-09T16:18:57.410+0000] {processor.py:830} INFO - Processing file /home/airflow/.local/lib/python3.12/site-packages/airflow/example_dags/example_bash_decorator.py for tasks to queue
[2024-05-09T16:18:57.411+0000] {logging_mixin.py:188} INFO - [2024-05-09T16:18:57.411+0000] {dagbag.py:545} INFO - Filling up the DagBag from /home/airflow/.local/lib/python3.12/site-packages/airflow/example_dags/example_bash_decorator.py
[2024-05-09T16:18:57.419+0000] {processor.py:840} INFO - DAG(s) 'example_bash_decorator' retrieved from /home/airflow/.local/lib/python3.12/site-packages/airflow/example_dags/example_bash_decorator.py
[2024-05-09T16:18:57.469+0000] {logging_mixin.py:188} INFO - [2024-05-09T16:18:57.469+0000] {override.py:1829} INFO - Created Permission View: can edit on DAG:example_bash_decorator
[2024-05-09T16:18:57.474+0000] {logging_mixin.py:188} INFO - [2024-05-09T16:18:57.474+0000] {override.py:1829} INFO - Created Permission View: can delete on DAG:example_bash_decorator
[2024-05-09T16:18:57.476+0000] {logging_mixin.py:188} INFO - [2024-05-09T16:18:57.476+0000] {override.py:1829} INFO - Created Permission View: can read on DAG:example_bash_decorator
[2024-05-09T16:18:57.476+0000] {logging_mixin.py:188} INFO - [2024-05-09T16:18:57.476+0000] {dag.py:3096} INFO - Sync 1 DAGs
[2024-05-09T16:18:57.480+0000] {logging_mixin.py:188} INFO - [2024-05-09T16:18:57.480+0000] {dag.py:3118} INFO - Creating ORM DAG for example_bash_decorator
[2024-05-09T16:18:57.481+0000] {logging_mixin.py:188} INFO - [2024-05-09T16:18:57.481+0000] {dag.py:3954} INFO - Setting next_dagrun for example_bash_decorator to None, run_after=None
[2024-05-09T16:18:57.486+0000] {processor.py:183} INFO - Processing /home/airflow/.local/lib/python3.12/site-packages/airflow/example_dags/example_bash_decorator.py took 0.080 seconds
[2024-05-09T16:19:28.208+0000] {processor.py:161} INFO - Started process (PID=124) to work on /home/airflow/.local/lib/python3.12/site-packages/airflow/example_dags/example_bash_decorator.py
[2024-05-09T16:19:28.208+0000] {processor.py:830} INFO - Processing file /home/airflow/.local/lib/python3.12/site-packages/airflow/example_dags/example_bash_decorator.py for tasks to queue
[2024-05-09T16:19:28.209+0000] {logging_mixin.py:188} INFO - [2024-05-09T16:19:28.209+0000] {dagbag.py:545} INFO - Filling up the DagBag from /home/airflow/.local/lib/python3.12/site-packages/airflow/example_dags/example_bash_decorator.py
[2024-05-09T16:19:28.215+0000] {processor.py:840} INFO - DAG(s) 'example_bash_decorator' retrieved from /home/airflow/.local/lib/python3.12/site-packages/airflow/example_dags/example_bash_decorator.py
[2024-05-09T16:19:28.226+0000] {logging_mixin.py:188} INFO - [2024-05-09T16:19:28.226+0000] {dag.py:3096} INFO - Sync 1 DAGs
[2024-05-09T16:19:28.231+0000] {logging_mixin.py:188} INFO - [2024-05-09T16:19:28.231+0000] {dag.py:3954} INFO - Setting next_dagrun for example_bash_decorator to None, run_after=None
[2024-05-09T16:19:28.238+0000] {processor.py:183} INFO - Processing /home/airflow/.local/lib/python3.12/site-packages/airflow/example_dags/example_bash_decorator.py took 0.033 seconds
[2024-05-09T16:19:58.705+0000] {processor.py:161} INFO - Started process (PID=182) to work on /home/airflow/.local/lib/python3.12/site-packages/airflow/example_dags/example_bash_decorator.py
[2024-05-09T16:19:58.706+0000] {processor.py:830} INFO - Processing file /home/airflow/.local/lib/python3.12/site-packages/airflow/example_dags/example_bash_decorator.py for tasks to queue
[2024-05-09T16:19:58.706+0000] {logging_mixin.py:188} INFO - [2024-05-09T16:19:58.706+0000] {dagbag.py:545} INFO - Filling up the DagBag from /home/airflow/.local/lib/python3.12/site-packages/airflow/example_dags/example_bash_decorator.py
[2024-05-09T16:19:58.712+0000] {processor.py:840} INFO - DAG(s) 'example_bash_decorator' retrieved from /home/airflow/.local/lib/python3.12/site-packages/airflow/example_dags/example_bash_decorator.py
[2024-05-09T16:19:58.723+0000] {logging_mixin.py:188} INFO - [2024-05-09T16:19:58.723+0000] {dag.py:3096} INFO - Sync 1 DAGs
[2024-05-09T16:19:58.728+0000] {logging_mixin.py:188} INFO - [2024-05-09T16:19:58.728+0000] {dag.py:3954} INFO - Setting next_dagrun for example_bash_decorator to None, run_after=None
[2024-05-09T16:19:58.735+0000] {processor.py:183} INFO - Processing /home/airflow/.local/lib/python3.12/site-packages/airflow/example_dags/example_bash_decorator.py took 0.032 seconds
[2024-05-09T16:20:29.186+0000] {processor.py:161} INFO - Started process (PID=240) to work on /home/airflow/.local/lib/python3.12/site-packages/airflow/example_dags/example_bash_decorator.py
[2024-05-09T16:20:29.186+0000] {processor.py:830} INFO - Processing file /home/airflow/.local/lib/python3.12/site-packages/airflow/example_dags/example_bash_decorator.py for tasks to queue
[2024-05-09T16:20:29.187+0000] {logging_mixin.py:188} INFO - [2024-05-09T16:20:29.187+0000] {dagbag.py:545} INFO - Filling up the DagBag from /home/airflow/.local/lib/python3.12/site-packages/airflow/example_dags/example_bash_decorator.py
[2024-05-09T16:20:29.193+0000] {processor.py:840} INFO - DAG(s) 'example_bash_decorator' retrieved from /home/airflow/.local/lib/python3.12/site-packages/airflow/example_dags/example_bash_decorator.py
[2024-05-09T16:20:29.203+0000] {logging_mixin.py:188} INFO - [2024-05-09T16:20:29.203+0000] {dag.py:3096} INFO - Sync 1 DAGs
[2024-05-09T16:20:29.208+0000] {logging_mixin.py:188} INFO - [2024-05-09T16:20:29.208+0000] {dag.py:3954} INFO - Setting next_dagrun for example_bash_decorator to None, run_after=None
[2024-05-09T16:20:29.215+0000] {processor.py:183} INFO - Processing /home/airflow/.local/lib/python3.12/site-packages/airflow/example_dags/example_bash_decorator.py took 0.032 seconds
[2024-05-09T16:20:59.649+0000] {processor.py:161} INFO - Started process (PID=298) to work on /home/airflow/.local/lib/python3.12/site-packages/airflow/example_dags/example_bash_decorator.py
[2024-05-09T16:20:59.650+0000] {processor.py:830} INFO - Processing file /home/airflow/.local/lib/python3.12/site-packages/airflow/example_dags/example_bash_decorator.py for tasks to queue
[2024-05-09T16:20:59.651+0000] {logging_mixin.py:188} INFO - [2024-05-09T16:20:59.650+0000] {dagbag.py:545} INFO - Filling up the DagBag from /home/airflow/.local/lib/python3.12/site-packages/airflow/example_dags/example_bash_decorator.py
[2024-05-09T16:20:59.657+0000] {processor.py:840} INFO - DAG(s) 'example_bash_decorator' retrieved from /home/airflow/.local/lib/python3.12/site-packages/airflow/example_dags/example_bash_decorator.py
[2024-05-09T16:20:59.666+0000] {logging_mixin.py:188} INFO - [2024-05-09T16:20:59.666+0000] {dag.py:3096} INFO - Sync 1 DAGs
[2024-05-09T16:20:59.672+0000] {logging_mixin.py:188} INFO - [2024-05-09T16:20:59.672+0000] {dag.py:3954} INFO - Setting next_dagrun for example_bash_decorator to None, run_after=None
[2024-05-09T16:20:59.679+0000] {processor.py:183} INFO - Processing /home/airflow/.local/lib/python3.12/site-packages/airflow/example_dags/example_bash_decorator.py took 0.033 seconds
[2024-05-09T16:21:30.085+0000] {processor.py:161} INFO - Started process (PID=356) to work on /home/airflow/.local/lib/python3.12/site-packages/airflow/example_dags/example_bash_decorator.py
[2024-05-09T16:21:30.086+0000] {processor.py:830} INFO - Processing file /home/airflow/.local/lib/python3.12/site-packages/airflow/example_dags/example_bash_decorator.py for tasks to queue
[2024-05-09T16:21:30.087+0000] {logging_mixin.py:188} INFO - [2024-05-09T16:21:30.086+0000] {dagbag.py:545} INFO - Filling up the DagBag from /home/airflow/.local/lib/python3.12/site-packages/airflow/example_dags/example_bash_decorator.py
[2024-05-09T16:21:30.094+0000] {processor.py:840} INFO - DAG(s) 'example_bash_decorator' retrieved from /home/airflow/.local/lib/python3.12/site-packages/airflow/example_dags/example_bash_decorator.py
[2024-05-09T16:21:30.104+0000] {logging_mixin.py:188} INFO - [2024-05-09T16:21:30.104+0000] {dag.py:3096} INFO - Sync 1 DAGs
[2024-05-09T16:21:30.111+0000] {logging_mixin.py:188} INFO - [2024-05-09T16:21:30.111+0000] {dag.py:3954} INFO - Setting next_dagrun for example_bash_decorator to None, run_after=None
[2024-05-09T16:21:30.118+0000] {processor.py:183} INFO - Processing /home/airflow/.local/lib/python3.12/site-packages/airflow/example_dags/example_bash_decorator.py took 0.036 seconds
[2024-05-09T16:22:00.624+0000] {processor.py:161} INFO - Started process (PID=414) to work on /home/airflow/.local/lib/python3.12/site-packages/airflow/example_dags/example_bash_decorator.py
[2024-05-09T16:22:00.624+0000] {processor.py:830} INFO - Processing file /home/airflow/.local/lib/python3.12/site-packages/airflow/example_dags/example_bash_decorator.py for tasks to queue
[2024-05-09T16:22:00.625+0000] {logging_mixin.py:188} INFO - [2024-05-09T16:22:00.625+0000] {dagbag.py:545} INFO - Filling up the DagBag from /home/airflow/.local/lib/python3.12/site-packages/airflow/example_dags/example_bash_decorator.py
[2024-05-09T16:22:00.631+0000] {processor.py:840} INFO - DAG(s) 'example_bash_decorator' retrieved from /home/airflow/.local/lib/python3.12/site-packages/airflow/example_dags/example_bash_decorator.py
[2024-05-09T16:22:00.641+0000] {logging_mixin.py:188} INFO - [2024-05-09T16:22:00.641+0000] {dag.py:3096} INFO - Sync 1 DAGs
[2024-05-09T16:22:00.646+0000] {logging_mixin.py:188} INFO - [2024-05-09T16:22:00.646+0000] {dag.py:3954} INFO - Setting next_dagrun for example_bash_decorator to None, run_after=None
[2024-05-09T16:22:00.653+0000] {processor.py:183} INFO - Processing /home/airflow/.local/lib/python3.12/site-packages/airflow/example_dags/example_bash_decorator.py took 0.033 seconds
[2024-05-09T16:22:31.134+0000] {processor.py:161} INFO - Started process (PID=472) to work on /home/airflow/.local/lib/python3.12/site-packages/airflow/example_dags/example_bash_decorator.py
[2024-05-09T16:22:31.134+0000] {processor.py:830} INFO - Processing file /home/airflow/.local/lib/python3.12/site-packages/airflow/example_dags/example_bash_decorator.py for tasks to queue
[2024-05-09T16:22:31.135+0000] {logging_mixin.py:188} INFO - [2024-05-09T16:22:31.135+0000] {dagbag.py:545} INFO - Filling up the DagBag from /home/airflow/.local/lib/python3.12/site-packages/airflow/example_dags/example_bash_decorator.py
[2024-05-09T16:22:31.141+0000] {processor.py:840} INFO - DAG(s) 'example_bash_decorator' retrieved from /home/airflow/.local/lib/python3.12/site-packages/airflow/example_dags/example_bash_decorator.py
[2024-05-09T16:22:31.151+0000] {logging_mixin.py:188} INFO - [2024-05-09T16:22:31.151+0000] {dag.py:3096} INFO - Sync 1 DAGs
[2024-05-09T16:22:31.157+0000] {logging_mixin.py:188} INFO - [2024-05-09T16:22:31.157+0000] {dag.py:3954} INFO - Setting next_dagrun for example_bash_decorator to None, run_after=None
[2024-05-09T16:22:31.164+0000] {processor.py:183} INFO - Processing /home/airflow/.local/lib/python3.12/site-packages/airflow/example_dags/example_bash_decorator.py took 0.033 seconds
[2024-05-09T16:23:01.672+0000] {processor.py:161} INFO - Started process (PID=530) to work on /home/airflow/.local/lib/python3.12/site-packages/airflow/example_dags/example_bash_decorator.py
[2024-05-09T16:23:01.673+0000] {processor.py:830} INFO - Processing file /home/airflow/.local/lib/python3.12/site-packages/airflow/example_dags/example_bash_decorator.py for tasks to queue
[2024-05-09T16:23:01.674+0000] {logging_mixin.py:188} INFO - [2024-05-09T16:23:01.673+0000] {dagbag.py:545} INFO - Filling up the DagBag from /home/airflow/.local/lib/python3.12/site-packages/airflow/example_dags/example_bash_decorator.py
[2024-05-09T16:23:01.680+0000] {processor.py:840} INFO - DAG(s) 'example_bash_decorator' retrieved from /home/airflow/.local/lib/python3.12/site-packages/airflow/example_dags/example_bash_decorator.py
[2024-05-09T16:23:01.690+0000] {logging_mixin.py:188} INFO - [2024-05-09T16:23:01.690+0000] {dag.py:3096} INFO - Sync 1 DAGs
[2024-05-09T16:23:01.695+0000] {logging_mixin.py:188} INFO - [2024-05-09T16:23:01.695+0000] {dag.py:3954} INFO - Setting next_dagrun for example_bash_decorator to None, run_after=None
[2024-05-09T16:23:01.702+0000] {processor.py:183} INFO - Processing /home/airflow/.local/lib/python3.12/site-packages/airflow/example_dags/example_bash_decorator.py took 0.033 seconds
[2024-05-09T16:23:32.118+0000] {processor.py:161} INFO - Started process (PID=588) to work on /home/airflow/.local/lib/python3.12/site-packages/airflow/example_dags/example_bash_decorator.py
[2024-05-09T16:23:32.118+0000] {processor.py:830} INFO - Processing file /home/airflow/.local/lib/python3.12/site-packages/airflow/example_dags/example_bash_decorator.py for tasks to queue
[2024-05-09T16:23:32.119+0000] {logging_mixin.py:188} INFO - [2024-05-09T16:23:32.119+0000] {dagbag.py:545} INFO - Filling up the DagBag from /home/airflow/.local/lib/python3.12/site-packages/airflow/example_dags/example_bash_decorator.py
[2024-05-09T16:23:32.126+0000] {processor.py:840} INFO - DAG(s) 'example_bash_decorator' retrieved from /home/airflow/.local/lib/python3.12/site-packages/airflow/example_dags/example_bash_decorator.py
[2024-05-09T16:23:32.136+0000] {logging_mixin.py:188} INFO - [2024-05-09T16:23:32.136+0000] {dag.py:3096} INFO - Sync 1 DAGs
[2024-05-09T16:23:32.142+0000] {logging_mixin.py:188} INFO - [2024-05-09T16:23:32.142+0000] {dag.py:3954} INFO - Setting next_dagrun for example_bash_decorator to None, run_after=None
[2024-05-09T16:23:32.150+0000] {processor.py:183} INFO - Processing /home/airflow/.local/lib/python3.12/site-packages/airflow/example_dags/example_bash_decorator.py took 0.035 seconds
[2024-05-09T16:24:02.671+0000] {processor.py:161} INFO - Started process (PID=646) to work on /home/airflow/.local/lib/python3.12/site-packages/airflow/example_dags/example_bash_decorator.py
[2024-05-09T16:24:02.671+0000] {processor.py:830} INFO - Processing file /home/airflow/.local/lib/python3.12/site-packages/airflow/example_dags/example_bash_decorator.py for tasks to queue
[2024-05-09T16:24:02.672+0000] {logging_mixin.py:188} INFO - [2024-05-09T16:24:02.672+0000] {dagbag.py:545} INFO - Filling up the DagBag from /home/airflow/.local/lib/python3.12/site-packages/airflow/example_dags/example_bash_decorator.py
[2024-05-09T16:24:02.679+0000] {processor.py:840} INFO - DAG(s) 'example_bash_decorator' retrieved from /home/airflow/.local/lib/python3.12/site-packages/airflow/example_dags/example_bash_decorator.py
[2024-05-09T16:24:02.689+0000] {logging_mixin.py:188} INFO - [2024-05-09T16:24:02.689+0000] {dag.py:3096} INFO - Sync 1 DAGs
[2024-05-09T16:24:02.695+0000] {logging_mixin.py:188} INFO - [2024-05-09T16:24:02.695+0000] {dag.py:3954} INFO - Setting next_dagrun for example_bash_decorator to None, run_after=None
[2024-05-09T16:24:02.701+0000] {processor.py:183} INFO - Processing /home/airflow/.local/lib/python3.12/site-packages/airflow/example_dags/example_bash_decorator.py took 0.034 seconds
[2024-05-09T16:24:33.103+0000] {processor.py:161} INFO - Started process (PID=704) to work on /home/airflow/.local/lib/python3.12/site-packages/airflow/example_dags/example_bash_decorator.py
[2024-05-09T16:24:33.103+0000] {processor.py:830} INFO - Processing file /home/airflow/.local/lib/python3.12/site-packages/airflow/example_dags/example_bash_decorator.py for tasks to queue
[2024-05-09T16:24:33.104+0000] {logging_mixin.py:188} INFO - [2024-05-09T16:24:33.104+0000] {dagbag.py:545} INFO - Filling up the DagBag from /home/airflow/.local/lib/python3.12/site-packages/airflow/example_dags/example_bash_decorator.py
[2024-05-09T16:24:33.110+0000] {processor.py:840} INFO - DAG(s) 'example_bash_decorator' retrieved from /home/airflow/.local/lib/python3.12/site-packages/airflow/example_dags/example_bash_decorator.py
[2024-05-09T16:24:33.120+0000] {logging_mixin.py:188} INFO - [2024-05-09T16:24:33.120+0000] {dag.py:3096} INFO - Sync 1 DAGs
[2024-05-09T16:24:33.125+0000] {logging_mixin.py:188} INFO - [2024-05-09T16:24:33.125+0000] {dag.py:3954} INFO - Setting next_dagrun for example_bash_decorator to None, run_after=None
[2024-05-09T16:24:33.132+0000] {processor.py:183} INFO - Processing /home/airflow/.local/lib/python3.12/site-packages/airflow/example_dags/example_bash_decorator.py took 0.032 seconds
[2024-05-09T16:25:03.556+0000] {processor.py:161} INFO - Started process (PID=766) to work on /home/airflow/.local/lib/python3.12/site-packages/airflow/example_dags/example_bash_decorator.py
[2024-05-09T16:25:03.556+0000] {processor.py:830} INFO - Processing file /home/airflow/.local/lib/python3.12/site-packages/airflow/example_dags/example_bash_decorator.py for tasks to queue
[2024-05-09T16:25:03.557+0000] {logging_mixin.py:188} INFO - [2024-05-09T16:25:03.557+0000] {dagbag.py:545} INFO - Filling up the DagBag from /home/airflow/.local/lib/python3.12/site-packages/airflow/example_dags/example_bash_decorator.py
[2024-05-09T16:25:03.563+0000] {processor.py:840} INFO - DAG(s) 'example_bash_decorator' retrieved from /home/airflow/.local/lib/python3.12/site-packages/airflow/example_dags/example_bash_decorator.py
[2024-05-09T16:25:03.573+0000] {logging_mixin.py:188} INFO - [2024-05-09T16:25:03.573+0000] {dag.py:3096} INFO - Sync 1 DAGs
[2024-05-09T16:25:03.578+0000] {logging_mixin.py:188} INFO - [2024-05-09T16:25:03.578+0000] {dag.py:3954} INFO - Setting next_dagrun for example_bash_decorator to None, run_after=None
[2024-05-09T16:25:03.585+0000] {processor.py:183} INFO - Processing /home/airflow/.local/lib/python3.12/site-packages/airflow/example_dags/example_bash_decorator.py took 0.032 seconds
[2024-05-09T16:25:34.038+0000] {processor.py:161} INFO - Started process (PID=824) to work on /home/airflow/.local/lib/python3.12/site-packages/airflow/example_dags/example_bash_decorator.py
[2024-05-09T16:25:34.038+0000] {processor.py:830} INFO - Processing file /home/airflow/.local/lib/python3.12/site-packages/airflow/example_dags/example_bash_decorator.py for tasks to queue
[2024-05-09T16:25:34.039+0000] {logging_mixin.py:188} INFO - [2024-05-09T16:25:34.039+0000] {dagbag.py:545} INFO - Filling up the DagBag from /home/airflow/.local/lib/python3.12/site-packages/airflow/example_dags/example_bash_decorator.py
[2024-05-09T16:25:34.046+0000] {processor.py:840} INFO - DAG(s) 'example_bash_decorator' retrieved from /home/airflow/.local/lib/python3.12/site-packages/airflow/example_dags/example_bash_decorator.py
[2024-05-09T16:25:34.056+0000] {logging_mixin.py:188} INFO - [2024-05-09T16:25:34.056+0000] {dag.py:3096} INFO - Sync 1 DAGs
[2024-05-09T16:25:34.061+0000] {logging_mixin.py:188} INFO - [2024-05-09T16:25:34.061+0000] {dag.py:3954} INFO - Setting next_dagrun for example_bash_decorator to None, run_after=None
[2024-05-09T16:25:34.069+0000] {processor.py:183} INFO - Processing /home/airflow/.local/lib/python3.12/site-packages/airflow/example_dags/example_bash_decorator.py took 0.034 seconds
[2024-05-09T16:26:04.604+0000] {processor.py:161} INFO - Started process (PID=882) to work on /home/airflow/.local/lib/python3.12/site-packages/airflow/example_dags/example_bash_decorator.py
[2024-05-09T16:26:04.605+0000] {processor.py:830} INFO - Processing file /home/airflow/.local/lib/python3.12/site-packages/airflow/example_dags/example_bash_decorator.py for tasks to queue
[2024-05-09T16:26:04.605+0000] {logging_mixin.py:188} INFO - [2024-05-09T16:26:04.605+0000] {dagbag.py:545} INFO - Filling up the DagBag from /home/airflow/.local/lib/python3.12/site-packages/airflow/example_dags/example_bash_decorator.py
[2024-05-09T16:26:04.612+0000] {processor.py:840} INFO - DAG(s) 'example_bash_decorator' retrieved from /home/airflow/.local/lib/python3.12/site-packages/airflow/example_dags/example_bash_decorator.py
[2024-05-09T16:26:04.622+0000] {logging_mixin.py:188} INFO - [2024-05-09T16:26:04.622+0000] {dag.py:3096} INFO - Sync 1 DAGs
[2024-05-09T16:26:04.627+0000] {logging_mixin.py:188} INFO - [2024-05-09T16:26:04.627+0000] {dag.py:3954} INFO - Setting next_dagrun for example_bash_decorator to None, run_after=None
[2024-05-09T16:26:04.635+0000] {processor.py:183} INFO - Processing /home/airflow/.local/lib/python3.12/site-packages/airflow/example_dags/example_bash_decorator.py took 0.034 seconds
[2024-05-09T16:26:35.060+0000] {processor.py:161} INFO - Started process (PID=940) to work on /home/airflow/.local/lib/python3.12/site-packages/airflow/example_dags/example_bash_decorator.py
[2024-05-09T16:26:35.060+0000] {processor.py:830} INFO - Processing file /home/airflow/.local/lib/python3.12/site-packages/airflow/example_dags/example_bash_decorator.py for tasks to queue
[2024-05-09T16:26:35.061+0000] {logging_mixin.py:188} INFO - [2024-05-09T16:26:35.061+0000] {dagbag.py:545} INFO - Filling up the DagBag from /home/airflow/.local/lib/python3.12/site-packages/airflow/example_dags/example_bash_decorator.py
[2024-05-09T16:26:35.067+0000] {processor.py:840} INFO - DAG(s) 'example_bash_decorator' retrieved from /home/airflow/.local/lib/python3.12/site-packages/airflow/example_dags/example_bash_decorator.py
[2024-05-09T16:26:35.077+0000] {logging_mixin.py:188} INFO - [2024-05-09T16:26:35.077+0000] {dag.py:3096} INFO - Sync 1 DAGs
[2024-05-09T16:26:35.082+0000] {logging_mixin.py:188} INFO - [2024-05-09T16:26:35.082+0000] {dag.py:3954} INFO - Setting next_dagrun for example_bash_decorator to None, run_after=None
[2024-05-09T16:26:35.089+0000] {processor.py:183} INFO - Processing /home/airflow/.local/lib/python3.12/site-packages/airflow/example_dags/example_bash_decorator.py took 0.032 seconds
[2024-05-09T16:27:05.555+0000] {processor.py:161} INFO - Started process (PID=998) to work on /home/airflow/.local/lib/python3.12/site-packages/airflow/example_dags/example_bash_decorator.py
[2024-05-09T16:27:05.556+0000] {processor.py:830} INFO - Processing file /home/airflow/.local/lib/python3.12/site-packages/airflow/example_dags/example_bash_decorator.py for tasks to queue
[2024-05-09T16:27:05.557+0000] {logging_mixin.py:188} INFO - [2024-05-09T16:27:05.557+0000] {dagbag.py:545} INFO - Filling up the DagBag from /home/airflow/.local/lib/python3.12/site-packages/airflow/example_dags/example_bash_decorator.py
[2024-05-09T16:27:05.563+0000] {processor.py:840} INFO - DAG(s) 'example_bash_decorator' retrieved from /home/airflow/.local/lib/python3.12/site-packages/airflow/example_dags/example_bash_decorator.py
[2024-05-09T16:27:05.573+0000] {logging_mixin.py:188} INFO - [2024-05-09T16:27:05.573+0000] {dag.py:3096} INFO - Sync 1 DAGs
[2024-05-09T16:27:05.579+0000] {logging_mixin.py:188} INFO - [2024-05-09T16:27:05.579+0000] {dag.py:3954} INFO - Setting next_dagrun for example_bash_decorator to None, run_after=None
[2024-05-09T16:27:05.586+0000] {processor.py:183} INFO - Processing /home/airflow/.local/lib/python3.12/site-packages/airflow/example_dags/example_bash_decorator.py took 0.033 seconds
[2024-05-09T16:27:36.071+0000] {processor.py:161} INFO - Started process (PID=1056) to work on /home/airflow/.local/lib/python3.12/site-packages/airflow/example_dags/example_bash_decorator.py
[2024-05-09T16:27:36.071+0000] {processor.py:830} INFO - Processing file /home/airflow/.local/lib/python3.12/site-packages/airflow/example_dags/example_bash_decorator.py for tasks to queue
[2024-05-09T16:27:36.072+0000] {logging_mixin.py:188} INFO - [2024-05-09T16:27:36.072+0000] {dagbag.py:545} INFO - Filling up the DagBag from /home/airflow/.local/lib/python3.12/site-packages/airflow/example_dags/example_bash_decorator.py
[2024-05-09T16:27:36.078+0000] {processor.py:840} INFO - DAG(s) 'example_bash_decorator' retrieved from /home/airflow/.local/lib/python3.12/site-packages/airflow/example_dags/example_bash_decorator.py
[2024-05-09T16:27:36.088+0000] {logging_mixin.py:188} INFO - [2024-05-09T16:27:36.088+0000] {dag.py:3096} INFO - Sync 1 DAGs
[2024-05-09T16:27:36.093+0000] {logging_mixin.py:188} INFO - [2024-05-09T16:27:36.093+0000] {dag.py:3954} INFO - Setting next_dagrun for example_bash_decorator to None, run_after=None
[2024-05-09T16:27:36.101+0000] {processor.py:183} INFO - Processing /home/airflow/.local/lib/python3.12/site-packages/airflow/example_dags/example_bash_decorator.py took 0.033 seconds
[2024-05-09T16:28:06.659+0000] {processor.py:161} INFO - Started process (PID=1114) to work on /home/airflow/.local/lib/python3.12/site-packages/airflow/example_dags/example_bash_decorator.py
[2024-05-09T16:28:06.659+0000] {processor.py:830} INFO - Processing file /home/airflow/.local/lib/python3.12/site-packages/airflow/example_dags/example_bash_decorator.py for tasks to queue
[2024-05-09T16:28:06.660+0000] {logging_mixin.py:188} INFO - [2024-05-09T16:28:06.660+0000] {dagbag.py:545} INFO - Filling up the DagBag from /home/airflow/.local/lib/python3.12/site-packages/airflow/example_dags/example_bash_decorator.py
[2024-05-09T16:28:06.667+0000] {processor.py:840} INFO - DAG(s) 'example_bash_decorator' retrieved from /home/airflow/.local/lib/python3.12/site-packages/airflow/example_dags/example_bash_decorator.py
[2024-05-09T16:28:06.677+0000] {logging_mixin.py:188} INFO - [2024-05-09T16:28:06.677+0000] {dag.py:3096} INFO - Sync 1 DAGs
[2024-05-09T16:28:06.683+0000] {logging_mixin.py:188} INFO - [2024-05-09T16:28:06.682+0000] {dag.py:3954} INFO - Setting next_dagrun for example_bash_decorator to None, run_after=None
[2024-05-09T16:28:06.690+0000] {processor.py:183} INFO - Processing /home/airflow/.local/lib/python3.12/site-packages/airflow/example_dags/example_bash_decorator.py took 0.034 seconds
[2024-05-09T16:28:37.188+0000] {processor.py:161} INFO - Started process (PID=1172) to work on /home/airflow/.local/lib/python3.12/site-packages/airflow/example_dags/example_bash_decorator.py
[2024-05-09T16:28:37.189+0000] {processor.py:830} INFO - Processing file /home/airflow/.local/lib/python3.12/site-packages/airflow/example_dags/example_bash_decorator.py for tasks to queue
[2024-05-09T16:28:37.190+0000] {logging_mixin.py:188} INFO - [2024-05-09T16:28:37.190+0000] {dagbag.py:545} INFO - Filling up the DagBag from /home/airflow/.local/lib/python3.12/site-packages/airflow/example_dags/example_bash_decorator.py
[2024-05-09T16:28:37.196+0000] {processor.py:840} INFO - DAG(s) 'example_bash_decorator' retrieved from /home/airflow/.local/lib/python3.12/site-packages/airflow/example_dags/example_bash_decorator.py
[2024-05-09T16:28:37.207+0000] {logging_mixin.py:188} INFO - [2024-05-09T16:28:37.207+0000] {dag.py:3096} INFO - Sync 1 DAGs
[2024-05-09T16:28:37.212+0000] {logging_mixin.py:188} INFO - [2024-05-09T16:28:37.212+0000] {dag.py:3954} INFO - Setting next_dagrun for example_bash_decorator to None, run_after=None
[2024-05-09T16:28:37.219+0000] {processor.py:183} INFO - Processing /home/airflow/.local/lib/python3.12/site-packages/airflow/example_dags/example_bash_decorator.py took 0.033 seconds
[2024-05-09T16:29:07.670+0000] {processor.py:161} INFO - Started process (PID=1230) to work on /home/airflow/.local/lib/python3.12/site-packages/airflow/example_dags/example_bash_decorator.py
[2024-05-09T16:29:07.671+0000] {processor.py:830} INFO - Processing file /home/airflow/.local/lib/python3.12/site-packages/airflow/example_dags/example_bash_decorator.py for tasks to queue
[2024-05-09T16:29:07.672+0000] {logging_mixin.py:188} INFO - [2024-05-09T16:29:07.672+0000] {dagbag.py:545} INFO - Filling up the DagBag from /home/airflow/.local/lib/python3.12/site-packages/airflow/example_dags/example_bash_decorator.py
[2024-05-09T16:29:07.678+0000] {processor.py:840} INFO - DAG(s) 'example_bash_decorator' retrieved from /home/airflow/.local/lib/python3.12/site-packages/airflow/example_dags/example_bash_decorator.py
[2024-05-09T16:29:07.688+0000] {logging_mixin.py:188} INFO - [2024-05-09T16:29:07.688+0000] {dag.py:3096} INFO - Sync 1 DAGs
[2024-05-09T16:29:07.693+0000] {logging_mixin.py:188} INFO - [2024-05-09T16:29:07.693+0000] {dag.py:3954} INFO - Setting next_dagrun for example_bash_decorator to None, run_after=None
[2024-05-09T16:29:07.700+0000] {processor.py:183} INFO - Processing /home/airflow/.local/lib/python3.12/site-packages/airflow/example_dags/example_bash_decorator.py took 0.033 seconds
[2024-05-09T16:29:38.268+0000] {processor.py:161} INFO - Started process (PID=1288) to work on /home/airflow/.local/lib/python3.12/site-packages/airflow/example_dags/example_bash_decorator.py
[2024-05-09T16:29:38.269+0000] {processor.py:830} INFO - Processing file /home/airflow/.local/lib/python3.12/site-packages/airflow/example_dags/example_bash_decorator.py for tasks to queue
[2024-05-09T16:29:38.270+0000] {logging_mixin.py:188} INFO - [2024-05-09T16:29:38.270+0000] {dagbag.py:545} INFO - Filling up the DagBag from /home/airflow/.local/lib/python3.12/site-packages/airflow/example_dags/example_bash_decorator.py
[2024-05-09T16:29:38.277+0000] {processor.py:840} INFO - DAG(s) 'example_bash_decorator' retrieved from /home/airflow/.local/lib/python3.12/site-packages/airflow/example_dags/example_bash_decorator.py
[2024-05-09T16:29:38.288+0000] {logging_mixin.py:188} INFO - [2024-05-09T16:29:38.288+0000] {dag.py:3096} INFO - Sync 1 DAGs
[2024-05-09T16:29:38.294+0000] {logging_mixin.py:188} INFO - [2024-05-09T16:29:38.294+0000] {dag.py:3954} INFO - Setting next_dagrun for example_bash_decorator to None, run_after=None
[2024-05-09T16:29:38.301+0000] {processor.py:183} INFO - Processing /home/airflow/.local/lib/python3.12/site-packages/airflow/example_dags/example_bash_decorator.py took 0.036 seconds
[2024-05-09T16:30:08.856+0000] {processor.py:161} INFO - Started process (PID=1346) to work on /home/airflow/.local/lib/python3.12/site-packages/airflow/example_dags/example_bash_decorator.py
[2024-05-09T16:30:08.856+0000] {processor.py:830} INFO - Processing file /home/airflow/.local/lib/python3.12/site-packages/airflow/example_dags/example_bash_decorator.py for tasks to queue
[2024-05-09T16:30:08.857+0000] {logging_mixin.py:188} INFO - [2024-05-09T16:30:08.857+0000] {dagbag.py:545} INFO - Filling up the DagBag from /home/airflow/.local/lib/python3.12/site-packages/airflow/example_dags/example_bash_decorator.py
[2024-05-09T16:30:08.863+0000] {processor.py:840} INFO - DAG(s) 'example_bash_decorator' retrieved from /home/airflow/.local/lib/python3.12/site-packages/airflow/example_dags/example_bash_decorator.py
[2024-05-09T16:30:08.874+0000] {logging_mixin.py:188} INFO - [2024-05-09T16:30:08.874+0000] {dag.py:3096} INFO - Sync 1 DAGs
[2024-05-09T16:30:08.879+0000] {logging_mixin.py:188} INFO - [2024-05-09T16:30:08.879+0000] {dag.py:3954} INFO - Setting next_dagrun for example_bash_decorator to None, run_after=None
[2024-05-09T16:30:08.886+0000] {processor.py:183} INFO - Processing /home/airflow/.local/lib/python3.12/site-packages/airflow/example_dags/example_bash_decorator.py took 0.033 seconds
[2024-05-09T16:30:39.422+0000] {processor.py:161} INFO - Started process (PID=1404) to work on /home/airflow/.local/lib/python3.12/site-packages/airflow/example_dags/example_bash_decorator.py
[2024-05-09T16:30:39.422+0000] {processor.py:830} INFO - Processing file /home/airflow/.local/lib/python3.12/site-packages/airflow/example_dags/example_bash_decorator.py for tasks to queue
[2024-05-09T16:30:39.423+0000] {logging_mixin.py:188} INFO - [2024-05-09T16:30:39.423+0000] {dagbag.py:545} INFO - Filling up the DagBag from /home/airflow/.local/lib/python3.12/site-packages/airflow/example_dags/example_bash_decorator.py
[2024-05-09T16:30:39.430+0000] {processor.py:840} INFO - DAG(s) 'example_bash_decorator' retrieved from /home/airflow/.local/lib/python3.12/site-packages/airflow/example_dags/example_bash_decorator.py
[2024-05-09T16:30:39.440+0000] {logging_mixin.py:188} INFO - [2024-05-09T16:30:39.440+0000] {dag.py:3096} INFO - Sync 1 DAGs
[2024-05-09T16:30:39.445+0000] {logging_mixin.py:188} INFO - [2024-05-09T16:30:39.445+0000] {dag.py:3954} INFO - Setting next_dagrun for example_bash_decorator to None, run_after=None
[2024-05-09T16:30:39.452+0000] {processor.py:183} INFO - Processing /home/airflow/.local/lib/python3.12/site-packages/airflow/example_dags/example_bash_decorator.py took 0.033 seconds
[2024-05-09T16:31:09.950+0000] {processor.py:161} INFO - Started process (PID=1462) to work on /home/airflow/.local/lib/python3.12/site-packages/airflow/example_dags/example_bash_decorator.py
[2024-05-09T16:31:09.951+0000] {processor.py:830} INFO - Processing file /home/airflow/.local/lib/python3.12/site-packages/airflow/example_dags/example_bash_decorator.py for tasks to queue
[2024-05-09T16:31:09.952+0000] {logging_mixin.py:188} INFO - [2024-05-09T16:31:09.952+0000] {dagbag.py:545} INFO - Filling up the DagBag from /home/airflow/.local/lib/python3.12/site-packages/airflow/example_dags/example_bash_decorator.py
[2024-05-09T16:31:09.958+0000] {processor.py:840} INFO - DAG(s) 'example_bash_decorator' retrieved from /home/airflow/.local/lib/python3.12/site-packages/airflow/example_dags/example_bash_decorator.py
[2024-05-09T16:31:09.968+0000] {logging_mixin.py:188} INFO - [2024-05-09T16:31:09.968+0000] {dag.py:3096} INFO - Sync 1 DAGs
[2024-05-09T16:31:09.973+0000] {logging_mixin.py:188} INFO - [2024-05-09T16:31:09.973+0000] {dag.py:3954} INFO - Setting next_dagrun for example_bash_decorator to None, run_after=None
[2024-05-09T16:31:09.980+0000] {processor.py:183} INFO - Processing /home/airflow/.local/lib/python3.12/site-packages/airflow/example_dags/example_bash_decorator.py took 0.033 seconds
[2024-05-09T16:31:40.453+0000] {processor.py:161} INFO - Started process (PID=1520) to work on /home/airflow/.local/lib/python3.12/site-packages/airflow/example_dags/example_bash_decorator.py
[2024-05-09T16:31:40.453+0000] {processor.py:830} INFO - Processing file /home/airflow/.local/lib/python3.12/site-packages/airflow/example_dags/example_bash_decorator.py for tasks to queue
[2024-05-09T16:31:40.454+0000] {logging_mixin.py:188} INFO - [2024-05-09T16:31:40.454+0000] {dagbag.py:545} INFO - Filling up the DagBag from /home/airflow/.local/lib/python3.12/site-packages/airflow/example_dags/example_bash_decorator.py
[2024-05-09T16:31:40.460+0000] {processor.py:840} INFO - DAG(s) 'example_bash_decorator' retrieved from /home/airflow/.local/lib/python3.12/site-packages/airflow/example_dags/example_bash_decorator.py
[2024-05-09T16:31:40.471+0000] {logging_mixin.py:188} INFO - [2024-05-09T16:31:40.470+0000] {dag.py:3096} INFO - Sync 1 DAGs
[2024-05-09T16:31:40.476+0000] {logging_mixin.py:188} INFO - [2024-05-09T16:31:40.476+0000] {dag.py:3954} INFO - Setting next_dagrun for example_bash_decorator to None, run_after=None
[2024-05-09T16:31:40.482+0000] {processor.py:183} INFO - Processing /home/airflow/.local/lib/python3.12/site-packages/airflow/example_dags/example_bash_decorator.py took 0.032 seconds
[2024-05-09T16:32:11.008+0000] {processor.py:161} INFO - Started process (PID=1578) to work on /home/airflow/.local/lib/python3.12/site-packages/airflow/example_dags/example_bash_decorator.py
[2024-05-09T16:32:11.009+0000] {processor.py:830} INFO - Processing file /home/airflow/.local/lib/python3.12/site-packages/airflow/example_dags/example_bash_decorator.py for tasks to queue
[2024-05-09T16:32:11.010+0000] {logging_mixin.py:188} INFO - [2024-05-09T16:32:11.010+0000] {dagbag.py:545} INFO - Filling up the DagBag from /home/airflow/.local/lib/python3.12/site-packages/airflow/example_dags/example_bash_decorator.py
[2024-05-09T16:32:11.016+0000] {processor.py:840} INFO - DAG(s) 'example_bash_decorator' retrieved from /home/airflow/.local/lib/python3.12/site-packages/airflow/example_dags/example_bash_decorator.py
[2024-05-09T16:32:11.026+0000] {logging_mixin.py:188} INFO - [2024-05-09T16:32:11.026+0000] {dag.py:3096} INFO - Sync 1 DAGs
[2024-05-09T16:32:11.031+0000] {logging_mixin.py:188} INFO - [2024-05-09T16:32:11.031+0000] {dag.py:3954} INFO - Setting next_dagrun for example_bash_decorator to None, run_after=None
[2024-05-09T16:32:11.038+0000] {processor.py:183} INFO - Processing /home/airflow/.local/lib/python3.12/site-packages/airflow/example_dags/example_bash_decorator.py took 0.033 seconds
[2024-05-09T16:32:41.599+0000] {processor.py:161} INFO - Started process (PID=1636) to work on /home/airflow/.local/lib/python3.12/site-packages/airflow/example_dags/example_bash_decorator.py
[2024-05-09T16:32:41.600+0000] {processor.py:830} INFO - Processing file /home/airflow/.local/lib/python3.12/site-packages/airflow/example_dags/example_bash_decorator.py for tasks to queue
[2024-05-09T16:32:41.601+0000] {logging_mixin.py:188} INFO - [2024-05-09T16:32:41.600+0000] {dagbag.py:545} INFO - Filling up the DagBag from /home/airflow/.local/lib/python3.12/site-packages/airflow/example_dags/example_bash_decorator.py
[2024-05-09T16:32:41.607+0000] {processor.py:840} INFO - DAG(s) 'example_bash_decorator' retrieved from /home/airflow/.local/lib/python3.12/site-packages/airflow/example_dags/example_bash_decorator.py
[2024-05-09T16:32:41.617+0000] {logging_mixin.py:188} INFO - [2024-05-09T16:32:41.617+0000] {dag.py:3096} INFO - Sync 1 DAGs
[2024-05-09T16:32:41.623+0000] {logging_mixin.py:188} INFO - [2024-05-09T16:32:41.623+0000] {dag.py:3954} INFO - Setting next_dagrun for example_bash_decorator to None, run_after=None
[2024-05-09T16:32:41.630+0000] {processor.py:183} INFO - Processing /home/airflow/.local/lib/python3.12/site-packages/airflow/example_dags/example_bash_decorator.py took 0.033 seconds
[2024-05-09T16:33:12.130+0000] {processor.py:161} INFO - Started process (PID=1694) to work on /home/airflow/.local/lib/python3.12/site-packages/airflow/example_dags/example_bash_decorator.py
[2024-05-09T16:33:12.131+0000] {processor.py:830} INFO - Processing file /home/airflow/.local/lib/python3.12/site-packages/airflow/example_dags/example_bash_decorator.py for tasks to queue
[2024-05-09T16:33:12.132+0000] {logging_mixin.py:188} INFO - [2024-05-09T16:33:12.131+0000] {dagbag.py:545} INFO - Filling up the DagBag from /home/airflow/.local/lib/python3.12/site-packages/airflow/example_dags/example_bash_decorator.py
[2024-05-09T16:33:12.138+0000] {processor.py:840} INFO - DAG(s) 'example_bash_decorator' retrieved from /home/airflow/.local/lib/python3.12/site-packages/airflow/example_dags/example_bash_decorator.py
[2024-05-09T16:33:12.148+0000] {logging_mixin.py:188} INFO - [2024-05-09T16:33:12.148+0000] {dag.py:3096} INFO - Sync 1 DAGs
[2024-05-09T16:33:12.153+0000] {logging_mixin.py:188} INFO - [2024-05-09T16:33:12.153+0000] {dag.py:3954} INFO - Setting next_dagrun for example_bash_decorator to None, run_after=None
[2024-05-09T16:33:12.161+0000] {processor.py:183} INFO - Processing /home/airflow/.local/lib/python3.12/site-packages/airflow/example_dags/example_bash_decorator.py took 0.034 seconds
[2024-05-09T16:33:42.696+0000] {processor.py:161} INFO - Started process (PID=1752) to work on /home/airflow/.local/lib/python3.12/site-packages/airflow/example_dags/example_bash_decorator.py
[2024-05-09T16:33:42.696+0000] {processor.py:830} INFO - Processing file /home/airflow/.local/lib/python3.12/site-packages/airflow/example_dags/example_bash_decorator.py for tasks to queue
[2024-05-09T16:33:42.697+0000] {logging_mixin.py:188} INFO - [2024-05-09T16:33:42.697+0000] {dagbag.py:545} INFO - Filling up the DagBag from /home/airflow/.local/lib/python3.12/site-packages/airflow/example_dags/example_bash_decorator.py
[2024-05-09T16:33:42.703+0000] {processor.py:840} INFO - DAG(s) 'example_bash_decorator' retrieved from /home/airflow/.local/lib/python3.12/site-packages/airflow/example_dags/example_bash_decorator.py
[2024-05-09T16:33:42.713+0000] {logging_mixin.py:188} INFO - [2024-05-09T16:33:42.713+0000] {dag.py:3096} INFO - Sync 1 DAGs
[2024-05-09T16:33:42.719+0000] {logging_mixin.py:188} INFO - [2024-05-09T16:33:42.719+0000] {dag.py:3954} INFO - Setting next_dagrun for example_bash_decorator to None, run_after=None
[2024-05-09T16:33:42.725+0000] {processor.py:183} INFO - Processing /home/airflow/.local/lib/python3.12/site-packages/airflow/example_dags/example_bash_decorator.py took 0.032 seconds
[2024-05-09T16:34:13.511+0000] {processor.py:161} INFO - Started process (PID=1810) to work on /home/airflow/.local/lib/python3.12/site-packages/airflow/example_dags/example_bash_decorator.py
[2024-05-09T16:34:13.512+0000] {processor.py:830} INFO - Processing file /home/airflow/.local/lib/python3.12/site-packages/airflow/example_dags/example_bash_decorator.py for tasks to queue
[2024-05-09T16:34:13.513+0000] {logging_mixin.py:188} INFO - [2024-05-09T16:34:13.513+0000] {dagbag.py:545} INFO - Filling up the DagBag from /home/airflow/.local/lib/python3.12/site-packages/airflow/example_dags/example_bash_decorator.py
[2024-05-09T16:34:13.520+0000] {processor.py:840} INFO - DAG(s) 'example_bash_decorator' retrieved from /home/airflow/.local/lib/python3.12/site-packages/airflow/example_dags/example_bash_decorator.py
[2024-05-09T16:34:13.531+0000] {logging_mixin.py:188} INFO - [2024-05-09T16:34:13.531+0000] {dag.py:3096} INFO - Sync 1 DAGs
[2024-05-09T16:34:13.536+0000] {logging_mixin.py:188} INFO - [2024-05-09T16:34:13.536+0000] {dag.py:3954} INFO - Setting next_dagrun for example_bash_decorator to None, run_after=None
[2024-05-09T16:34:13.544+0000] {processor.py:183} INFO - Processing /home/airflow/.local/lib/python3.12/site-packages/airflow/example_dags/example_bash_decorator.py took 0.037 seconds
[2024-05-09T16:34:43.984+0000] {processor.py:161} INFO - Started process (PID=1868) to work on /home/airflow/.local/lib/python3.12/site-packages/airflow/example_dags/example_bash_decorator.py
[2024-05-09T16:34:43.985+0000] {processor.py:830} INFO - Processing file /home/airflow/.local/lib/python3.12/site-packages/airflow/example_dags/example_bash_decorator.py for tasks to queue
[2024-05-09T16:34:43.986+0000] {logging_mixin.py:188} INFO - [2024-05-09T16:34:43.986+0000] {dagbag.py:545} INFO - Filling up the DagBag from /home/airflow/.local/lib/python3.12/site-packages/airflow/example_dags/example_bash_decorator.py
[2024-05-09T16:34:43.992+0000] {processor.py:840} INFO - DAG(s) 'example_bash_decorator' retrieved from /home/airflow/.local/lib/python3.12/site-packages/airflow/example_dags/example_bash_decorator.py
[2024-05-09T16:34:44.002+0000] {logging_mixin.py:188} INFO - [2024-05-09T16:34:44.002+0000] {dag.py:3096} INFO - Sync 1 DAGs
[2024-05-09T16:34:44.007+0000] {logging_mixin.py:188} INFO - [2024-05-09T16:34:44.007+0000] {dag.py:3954} INFO - Setting next_dagrun for example_bash_decorator to None, run_after=None
[2024-05-09T16:34:44.015+0000] {processor.py:183} INFO - Processing /home/airflow/.local/lib/python3.12/site-packages/airflow/example_dags/example_bash_decorator.py took 0.033 seconds
[2024-05-09T16:35:14.447+0000] {processor.py:161} INFO - Started process (PID=1926) to work on /home/airflow/.local/lib/python3.12/site-packages/airflow/example_dags/example_bash_decorator.py
[2024-05-09T16:35:14.447+0000] {processor.py:830} INFO - Processing file /home/airflow/.local/lib/python3.12/site-packages/airflow/example_dags/example_bash_decorator.py for tasks to queue
[2024-05-09T16:35:14.448+0000] {logging_mixin.py:188} INFO - [2024-05-09T16:35:14.448+0000] {dagbag.py:545} INFO - Filling up the DagBag from /home/airflow/.local/lib/python3.12/site-packages/airflow/example_dags/example_bash_decorator.py
[2024-05-09T16:35:14.455+0000] {processor.py:840} INFO - DAG(s) 'example_bash_decorator' retrieved from /home/airflow/.local/lib/python3.12/site-packages/airflow/example_dags/example_bash_decorator.py
[2024-05-09T16:35:14.465+0000] {logging_mixin.py:188} INFO - [2024-05-09T16:35:14.465+0000] {dag.py:3096} INFO - Sync 1 DAGs
[2024-05-09T16:35:14.470+0000] {logging_mixin.py:188} INFO - [2024-05-09T16:35:14.470+0000] {dag.py:3954} INFO - Setting next_dagrun for example_bash_decorator to None, run_after=None
[2024-05-09T16:35:14.476+0000] {processor.py:183} INFO - Processing /home/airflow/.local/lib/python3.12/site-packages/airflow/example_dags/example_bash_decorator.py took 0.032 seconds
[2024-05-09T16:35:45.135+0000] {processor.py:161} INFO - Started process (PID=1984) to work on /home/airflow/.local/lib/python3.12/site-packages/airflow/example_dags/example_bash_decorator.py
[2024-05-09T16:35:45.136+0000] {processor.py:830} INFO - Processing file /home/airflow/.local/lib/python3.12/site-packages/airflow/example_dags/example_bash_decorator.py for tasks to queue
[2024-05-09T16:35:45.137+0000] {logging_mixin.py:188} INFO - [2024-05-09T16:35:45.137+0000] {dagbag.py:545} INFO - Filling up the DagBag from /home/airflow/.local/lib/python3.12/site-packages/airflow/example_dags/example_bash_decorator.py
[2024-05-09T16:35:45.143+0000] {processor.py:840} INFO - DAG(s) 'example_bash_decorator' retrieved from /home/airflow/.local/lib/python3.12/site-packages/airflow/example_dags/example_bash_decorator.py
[2024-05-09T16:35:45.153+0000] {logging_mixin.py:188} INFO - [2024-05-09T16:35:45.153+0000] {dag.py:3096} INFO - Sync 1 DAGs
[2024-05-09T16:35:45.159+0000] {logging_mixin.py:188} INFO - [2024-05-09T16:35:45.159+0000] {dag.py:3954} INFO - Setting next_dagrun for example_bash_decorator to None, run_after=None
[2024-05-09T16:35:45.166+0000] {processor.py:183} INFO - Processing /home/airflow/.local/lib/python3.12/site-packages/airflow/example_dags/example_bash_decorator.py took 0.033 seconds
[2024-05-09T16:36:15.439+0000] {processor.py:161} INFO - Started process (PID=2042) to work on /home/airflow/.local/lib/python3.12/site-packages/airflow/example_dags/example_bash_decorator.py
[2024-05-09T16:36:15.439+0000] {processor.py:830} INFO - Processing file /home/airflow/.local/lib/python3.12/site-packages/airflow/example_dags/example_bash_decorator.py for tasks to queue
[2024-05-09T16:36:15.440+0000] {logging_mixin.py:188} INFO - [2024-05-09T16:36:15.440+0000] {dagbag.py:545} INFO - Filling up the DagBag from /home/airflow/.local/lib/python3.12/site-packages/airflow/example_dags/example_bash_decorator.py
[2024-05-09T16:36:15.446+0000] {processor.py:840} INFO - DAG(s) 'example_bash_decorator' retrieved from /home/airflow/.local/lib/python3.12/site-packages/airflow/example_dags/example_bash_decorator.py
[2024-05-09T16:36:15.456+0000] {logging_mixin.py:188} INFO - [2024-05-09T16:36:15.456+0000] {dag.py:3096} INFO - Sync 1 DAGs
[2024-05-09T16:36:15.461+0000] {logging_mixin.py:188} INFO - [2024-05-09T16:36:15.461+0000] {dag.py:3954} INFO - Setting next_dagrun for example_bash_decorator to None, run_after=None
[2024-05-09T16:36:15.468+0000] {processor.py:183} INFO - Processing /home/airflow/.local/lib/python3.12/site-packages/airflow/example_dags/example_bash_decorator.py took 0.032 seconds
[2024-05-09T16:36:46.500+0000] {processor.py:161} INFO - Started process (PID=2100) to work on /home/airflow/.local/lib/python3.12/site-packages/airflow/example_dags/example_bash_decorator.py
[2024-05-09T16:36:46.500+0000] {processor.py:830} INFO - Processing file /home/airflow/.local/lib/python3.12/site-packages/airflow/example_dags/example_bash_decorator.py for tasks to queue
[2024-05-09T16:36:46.501+0000] {logging_mixin.py:188} INFO - [2024-05-09T16:36:46.501+0000] {dagbag.py:545} INFO - Filling up the DagBag from /home/airflow/.local/lib/python3.12/site-packages/airflow/example_dags/example_bash_decorator.py
[2024-05-09T16:36:46.508+0000] {processor.py:840} INFO - DAG(s) 'example_bash_decorator' retrieved from /home/airflow/.local/lib/python3.12/site-packages/airflow/example_dags/example_bash_decorator.py
[2024-05-09T16:36:46.520+0000] {logging_mixin.py:188} INFO - [2024-05-09T16:36:46.519+0000] {dag.py:3096} INFO - Sync 1 DAGs
[2024-05-09T16:36:46.619+0000] {logging_mixin.py:188} INFO - [2024-05-09T16:36:46.619+0000] {dag.py:3954} INFO - Setting next_dagrun for example_bash_decorator to None, run_after=None
[2024-05-09T16:36:46.626+0000] {processor.py:183} INFO - Processing /home/airflow/.local/lib/python3.12/site-packages/airflow/example_dags/example_bash_decorator.py took 0.129 seconds
[2024-05-09T16:37:17.506+0000] {processor.py:161} INFO - Started process (PID=2158) to work on /home/airflow/.local/lib/python3.12/site-packages/airflow/example_dags/example_bash_decorator.py
[2024-05-09T16:37:17.506+0000] {processor.py:830} INFO - Processing file /home/airflow/.local/lib/python3.12/site-packages/airflow/example_dags/example_bash_decorator.py for tasks to queue
[2024-05-09T16:37:17.507+0000] {logging_mixin.py:188} INFO - [2024-05-09T16:37:17.507+0000] {dagbag.py:545} INFO - Filling up the DagBag from /home/airflow/.local/lib/python3.12/site-packages/airflow/example_dags/example_bash_decorator.py
[2024-05-09T16:37:17.514+0000] {processor.py:840} INFO - DAG(s) 'example_bash_decorator' retrieved from /home/airflow/.local/lib/python3.12/site-packages/airflow/example_dags/example_bash_decorator.py
[2024-05-09T16:37:17.525+0000] {logging_mixin.py:188} INFO - [2024-05-09T16:37:17.525+0000] {dag.py:3096} INFO - Sync 1 DAGs
[2024-05-09T16:37:17.531+0000] {logging_mixin.py:188} INFO - [2024-05-09T16:37:17.531+0000] {dag.py:3954} INFO - Setting next_dagrun for example_bash_decorator to None, run_after=None
[2024-05-09T16:37:17.538+0000] {processor.py:183} INFO - Processing /home/airflow/.local/lib/python3.12/site-packages/airflow/example_dags/example_bash_decorator.py took 0.036 seconds
[2024-05-09T16:37:47.742+0000] {processor.py:161} INFO - Started process (PID=2216) to work on /home/airflow/.local/lib/python3.12/site-packages/airflow/example_dags/example_bash_decorator.py
[2024-05-09T16:37:47.743+0000] {processor.py:830} INFO - Processing file /home/airflow/.local/lib/python3.12/site-packages/airflow/example_dags/example_bash_decorator.py for tasks to queue
[2024-05-09T16:37:47.744+0000] {logging_mixin.py:188} INFO - [2024-05-09T16:37:47.744+0000] {dagbag.py:545} INFO - Filling up the DagBag from /home/airflow/.local/lib/python3.12/site-packages/airflow/example_dags/example_bash_decorator.py
[2024-05-09T16:37:47.750+0000] {processor.py:840} INFO - DAG(s) 'example_bash_decorator' retrieved from /home/airflow/.local/lib/python3.12/site-packages/airflow/example_dags/example_bash_decorator.py
[2024-05-09T16:37:47.760+0000] {logging_mixin.py:188} INFO - [2024-05-09T16:37:47.760+0000] {dag.py:3096} INFO - Sync 1 DAGs
[2024-05-09T16:37:47.765+0000] {logging_mixin.py:188} INFO - [2024-05-09T16:37:47.765+0000] {dag.py:3954} INFO - Setting next_dagrun for example_bash_decorator to None, run_after=None
[2024-05-09T16:37:47.772+0000] {processor.py:183} INFO - Processing /home/airflow/.local/lib/python3.12/site-packages/airflow/example_dags/example_bash_decorator.py took 0.033 seconds
[2024-05-09T16:38:18.485+0000] {processor.py:161} INFO - Started process (PID=2279) to work on /home/airflow/.local/lib/python3.12/site-packages/airflow/example_dags/example_bash_decorator.py
[2024-05-09T16:38:18.486+0000] {processor.py:830} INFO - Processing file /home/airflow/.local/lib/python3.12/site-packages/airflow/example_dags/example_bash_decorator.py for tasks to queue
[2024-05-09T16:38:18.487+0000] {logging_mixin.py:188} INFO - [2024-05-09T16:38:18.487+0000] {dagbag.py:545} INFO - Filling up the DagBag from /home/airflow/.local/lib/python3.12/site-packages/airflow/example_dags/example_bash_decorator.py
[2024-05-09T16:38:18.493+0000] {processor.py:840} INFO - DAG(s) 'example_bash_decorator' retrieved from /home/airflow/.local/lib/python3.12/site-packages/airflow/example_dags/example_bash_decorator.py
[2024-05-09T16:38:18.503+0000] {logging_mixin.py:188} INFO - [2024-05-09T16:38:18.503+0000] {dag.py:3096} INFO - Sync 1 DAGs
[2024-05-09T16:38:18.508+0000] {logging_mixin.py:188} INFO - [2024-05-09T16:38:18.508+0000] {dag.py:3954} INFO - Setting next_dagrun for example_bash_decorator to None, run_after=None
[2024-05-09T16:38:18.515+0000] {processor.py:183} INFO - Processing /home/airflow/.local/lib/python3.12/site-packages/airflow/example_dags/example_bash_decorator.py took 0.033 seconds
[2024-05-09T16:38:48.903+0000] {processor.py:161} INFO - Started process (PID=2336) to work on /home/airflow/.local/lib/python3.12/site-packages/airflow/example_dags/example_bash_decorator.py
[2024-05-09T16:38:48.904+0000] {processor.py:830} INFO - Processing file /home/airflow/.local/lib/python3.12/site-packages/airflow/example_dags/example_bash_decorator.py for tasks to queue
[2024-05-09T16:38:48.905+0000] {logging_mixin.py:188} INFO - [2024-05-09T16:38:48.905+0000] {dagbag.py:545} INFO - Filling up the DagBag from /home/airflow/.local/lib/python3.12/site-packages/airflow/example_dags/example_bash_decorator.py
[2024-05-09T16:38:48.999+0000] {processor.py:840} INFO - DAG(s) 'example_bash_decorator' retrieved from /home/airflow/.local/lib/python3.12/site-packages/airflow/example_dags/example_bash_decorator.py
[2024-05-09T16:38:49.007+0000] {logging_mixin.py:188} INFO - [2024-05-09T16:38:49.007+0000] {dag.py:3096} INFO - Sync 1 DAGs
[2024-05-09T16:38:49.011+0000] {logging_mixin.py:188} INFO - [2024-05-09T16:38:49.011+0000] {dag.py:3954} INFO - Setting next_dagrun for example_bash_decorator to None, run_after=None
[2024-05-09T16:38:49.017+0000] {processor.py:183} INFO - Processing /home/airflow/.local/lib/python3.12/site-packages/airflow/example_dags/example_bash_decorator.py took 0.117 seconds
[2024-05-09T16:39:19.854+0000] {processor.py:161} INFO - Started process (PID=2394) to work on /home/airflow/.local/lib/python3.12/site-packages/airflow/example_dags/example_bash_decorator.py
[2024-05-09T16:39:19.854+0000] {processor.py:830} INFO - Processing file /home/airflow/.local/lib/python3.12/site-packages/airflow/example_dags/example_bash_decorator.py for tasks to queue
[2024-05-09T16:39:19.855+0000] {logging_mixin.py:188} INFO - [2024-05-09T16:39:19.855+0000] {dagbag.py:545} INFO - Filling up the DagBag from /home/airflow/.local/lib/python3.12/site-packages/airflow/example_dags/example_bash_decorator.py
[2024-05-09T16:39:19.862+0000] {processor.py:840} INFO - DAG(s) 'example_bash_decorator' retrieved from /home/airflow/.local/lib/python3.12/site-packages/airflow/example_dags/example_bash_decorator.py
[2024-05-09T16:39:19.872+0000] {logging_mixin.py:188} INFO - [2024-05-09T16:39:19.872+0000] {dag.py:3096} INFO - Sync 1 DAGs
[2024-05-09T16:39:19.877+0000] {logging_mixin.py:188} INFO - [2024-05-09T16:39:19.877+0000] {dag.py:3954} INFO - Setting next_dagrun for example_bash_decorator to None, run_after=None
[2024-05-09T16:39:19.884+0000] {processor.py:183} INFO - Processing /home/airflow/.local/lib/python3.12/site-packages/airflow/example_dags/example_bash_decorator.py took 0.033 seconds
[2024-05-09T16:39:50.520+0000] {processor.py:161} INFO - Started process (PID=2452) to work on /home/airflow/.local/lib/python3.12/site-packages/airflow/example_dags/example_bash_decorator.py
[2024-05-09T16:39:50.520+0000] {processor.py:830} INFO - Processing file /home/airflow/.local/lib/python3.12/site-packages/airflow/example_dags/example_bash_decorator.py for tasks to queue
[2024-05-09T16:39:50.521+0000] {logging_mixin.py:188} INFO - [2024-05-09T16:39:50.521+0000] {dagbag.py:545} INFO - Filling up the DagBag from /home/airflow/.local/lib/python3.12/site-packages/airflow/example_dags/example_bash_decorator.py
[2024-05-09T16:39:50.527+0000] {processor.py:840} INFO - DAG(s) 'example_bash_decorator' retrieved from /home/airflow/.local/lib/python3.12/site-packages/airflow/example_dags/example_bash_decorator.py
[2024-05-09T16:39:50.538+0000] {logging_mixin.py:188} INFO - [2024-05-09T16:39:50.538+0000] {dag.py:3096} INFO - Sync 1 DAGs
[2024-05-09T16:39:50.543+0000] {logging_mixin.py:188} INFO - [2024-05-09T16:39:50.543+0000] {dag.py:3954} INFO - Setting next_dagrun for example_bash_decorator to None, run_after=None
[2024-05-09T16:39:50.551+0000] {processor.py:183} INFO - Processing /home/airflow/.local/lib/python3.12/site-packages/airflow/example_dags/example_bash_decorator.py took 0.034 seconds
[2024-05-09T16:40:21.170+0000] {processor.py:161} INFO - Started process (PID=2510) to work on /home/airflow/.local/lib/python3.12/site-packages/airflow/example_dags/example_bash_decorator.py
[2024-05-09T16:40:21.170+0000] {processor.py:830} INFO - Processing file /home/airflow/.local/lib/python3.12/site-packages/airflow/example_dags/example_bash_decorator.py for tasks to queue
[2024-05-09T16:40:21.171+0000] {logging_mixin.py:188} INFO - [2024-05-09T16:40:21.171+0000] {dagbag.py:545} INFO - Filling up the DagBag from /home/airflow/.local/lib/python3.12/site-packages/airflow/example_dags/example_bash_decorator.py
[2024-05-09T16:40:21.178+0000] {processor.py:840} INFO - DAG(s) 'example_bash_decorator' retrieved from /home/airflow/.local/lib/python3.12/site-packages/airflow/example_dags/example_bash_decorator.py
[2024-05-09T16:40:21.189+0000] {logging_mixin.py:188} INFO - [2024-05-09T16:40:21.188+0000] {dag.py:3096} INFO - Sync 1 DAGs
[2024-05-09T16:40:21.194+0000] {logging_mixin.py:188} INFO - [2024-05-09T16:40:21.194+0000] {dag.py:3954} INFO - Setting next_dagrun for example_bash_decorator to None, run_after=None
[2024-05-09T16:40:21.202+0000] {processor.py:183} INFO - Processing /home/airflow/.local/lib/python3.12/site-packages/airflow/example_dags/example_bash_decorator.py took 0.035 seconds
[2024-05-09T16:40:51.830+0000] {processor.py:161} INFO - Started process (PID=2568) to work on /home/airflow/.local/lib/python3.12/site-packages/airflow/example_dags/example_bash_decorator.py
[2024-05-09T16:40:51.831+0000] {processor.py:830} INFO - Processing file /home/airflow/.local/lib/python3.12/site-packages/airflow/example_dags/example_bash_decorator.py for tasks to queue
[2024-05-09T16:40:51.832+0000] {logging_mixin.py:188} INFO - [2024-05-09T16:40:51.832+0000] {dagbag.py:545} INFO - Filling up the DagBag from /home/airflow/.local/lib/python3.12/site-packages/airflow/example_dags/example_bash_decorator.py
[2024-05-09T16:40:51.839+0000] {processor.py:840} INFO - DAG(s) 'example_bash_decorator' retrieved from /home/airflow/.local/lib/python3.12/site-packages/airflow/example_dags/example_bash_decorator.py
[2024-05-09T16:40:51.850+0000] {logging_mixin.py:188} INFO - [2024-05-09T16:40:51.850+0000] {dag.py:3096} INFO - Sync 1 DAGs
[2024-05-09T16:40:51.857+0000] {logging_mixin.py:188} INFO - [2024-05-09T16:40:51.857+0000] {dag.py:3954} INFO - Setting next_dagrun for example_bash_decorator to None, run_after=None
[2024-05-09T16:40:51.864+0000] {processor.py:183} INFO - Processing /home/airflow/.local/lib/python3.12/site-packages/airflow/example_dags/example_bash_decorator.py took 0.037 seconds
[2024-05-09T16:41:22.472+0000] {processor.py:161} INFO - Started process (PID=2626) to work on /home/airflow/.local/lib/python3.12/site-packages/airflow/example_dags/example_bash_decorator.py
[2024-05-09T16:41:22.472+0000] {processor.py:830} INFO - Processing file /home/airflow/.local/lib/python3.12/site-packages/airflow/example_dags/example_bash_decorator.py for tasks to queue
[2024-05-09T16:41:22.473+0000] {logging_mixin.py:188} INFO - [2024-05-09T16:41:22.473+0000] {dagbag.py:545} INFO - Filling up the DagBag from /home/airflow/.local/lib/python3.12/site-packages/airflow/example_dags/example_bash_decorator.py
[2024-05-09T16:41:22.479+0000] {processor.py:840} INFO - DAG(s) 'example_bash_decorator' retrieved from /home/airflow/.local/lib/python3.12/site-packages/airflow/example_dags/example_bash_decorator.py
[2024-05-09T16:41:22.490+0000] {logging_mixin.py:188} INFO - [2024-05-09T16:41:22.490+0000] {dag.py:3096} INFO - Sync 1 DAGs
[2024-05-09T16:41:22.495+0000] {logging_mixin.py:188} INFO - [2024-05-09T16:41:22.495+0000] {dag.py:3954} INFO - Setting next_dagrun for example_bash_decorator to None, run_after=None
[2024-05-09T16:41:22.503+0000] {processor.py:183} INFO - Processing /home/airflow/.local/lib/python3.12/site-packages/airflow/example_dags/example_bash_decorator.py took 0.035 seconds
[2024-05-09T16:41:53.302+0000] {processor.py:161} INFO - Started process (PID=2684) to work on /home/airflow/.local/lib/python3.12/site-packages/airflow/example_dags/example_bash_decorator.py
[2024-05-09T16:41:53.303+0000] {processor.py:830} INFO - Processing file /home/airflow/.local/lib/python3.12/site-packages/airflow/example_dags/example_bash_decorator.py for tasks to queue
[2024-05-09T16:41:53.304+0000] {logging_mixin.py:188} INFO - [2024-05-09T16:41:53.304+0000] {dagbag.py:545} INFO - Filling up the DagBag from /home/airflow/.local/lib/python3.12/site-packages/airflow/example_dags/example_bash_decorator.py
[2024-05-09T16:41:53.311+0000] {processor.py:840} INFO - DAG(s) 'example_bash_decorator' retrieved from /home/airflow/.local/lib/python3.12/site-packages/airflow/example_dags/example_bash_decorator.py
[2024-05-09T16:41:53.326+0000] {logging_mixin.py:188} INFO - [2024-05-09T16:41:53.326+0000] {dag.py:3096} INFO - Sync 1 DAGs
[2024-05-09T16:41:53.336+0000] {logging_mixin.py:188} INFO - [2024-05-09T16:41:53.336+0000] {dag.py:3954} INFO - Setting next_dagrun for example_bash_decorator to None, run_after=None
[2024-05-09T16:41:53.344+0000] {processor.py:183} INFO - Processing /home/airflow/.local/lib/python3.12/site-packages/airflow/example_dags/example_bash_decorator.py took 0.049 seconds
[2024-05-09T16:42:24.017+0000] {processor.py:161} INFO - Started process (PID=2742) to work on /home/airflow/.local/lib/python3.12/site-packages/airflow/example_dags/example_bash_decorator.py
[2024-05-09T16:42:24.018+0000] {processor.py:830} INFO - Processing file /home/airflow/.local/lib/python3.12/site-packages/airflow/example_dags/example_bash_decorator.py for tasks to queue
[2024-05-09T16:42:24.019+0000] {logging_mixin.py:188} INFO - [2024-05-09T16:42:24.019+0000] {dagbag.py:545} INFO - Filling up the DagBag from /home/airflow/.local/lib/python3.12/site-packages/airflow/example_dags/example_bash_decorator.py
[2024-05-09T16:42:24.025+0000] {processor.py:840} INFO - DAG(s) 'example_bash_decorator' retrieved from /home/airflow/.local/lib/python3.12/site-packages/airflow/example_dags/example_bash_decorator.py
[2024-05-09T16:42:24.036+0000] {logging_mixin.py:188} INFO - [2024-05-09T16:42:24.036+0000] {dag.py:3096} INFO - Sync 1 DAGs
[2024-05-09T16:42:24.041+0000] {logging_mixin.py:188} INFO - [2024-05-09T16:42:24.041+0000] {dag.py:3954} INFO - Setting next_dagrun for example_bash_decorator to None, run_after=None
[2024-05-09T16:42:24.048+0000] {processor.py:183} INFO - Processing /home/airflow/.local/lib/python3.12/site-packages/airflow/example_dags/example_bash_decorator.py took 0.034 seconds
[2024-05-09T16:42:54.729+0000] {processor.py:161} INFO - Started process (PID=2800) to work on /home/airflow/.local/lib/python3.12/site-packages/airflow/example_dags/example_bash_decorator.py
[2024-05-09T16:42:54.729+0000] {processor.py:830} INFO - Processing file /home/airflow/.local/lib/python3.12/site-packages/airflow/example_dags/example_bash_decorator.py for tasks to queue
[2024-05-09T16:42:54.730+0000] {logging_mixin.py:188} INFO - [2024-05-09T16:42:54.730+0000] {dagbag.py:545} INFO - Filling up the DagBag from /home/airflow/.local/lib/python3.12/site-packages/airflow/example_dags/example_bash_decorator.py
[2024-05-09T16:42:54.737+0000] {processor.py:840} INFO - DAG(s) 'example_bash_decorator' retrieved from /home/airflow/.local/lib/python3.12/site-packages/airflow/example_dags/example_bash_decorator.py
[2024-05-09T16:42:54.749+0000] {logging_mixin.py:188} INFO - [2024-05-09T16:42:54.748+0000] {dag.py:3096} INFO - Sync 1 DAGs
[2024-05-09T16:42:54.754+0000] {logging_mixin.py:188} INFO - [2024-05-09T16:42:54.754+0000] {dag.py:3954} INFO - Setting next_dagrun for example_bash_decorator to None, run_after=None
[2024-05-09T16:42:54.761+0000] {processor.py:183} INFO - Processing /home/airflow/.local/lib/python3.12/site-packages/airflow/example_dags/example_bash_decorator.py took 0.036 seconds
