[2024-05-09T16:18:57.741+0000] {processor.py:161} INFO - Started process (PID=74) to work on /home/airflow/.local/lib/python3.12/site-packages/airflow/example_dags/example_latest_only.py
[2024-05-09T16:18:57.742+0000] {processor.py:830} INFO - Processing file /home/airflow/.local/lib/python3.12/site-packages/airflow/example_dags/example_latest_only.py for tasks to queue
[2024-05-09T16:18:57.743+0000] {logging_mixin.py:188} INFO - [2024-05-09T16:18:57.743+0000] {dagbag.py:545} INFO - Filling up the DagBag from /home/airflow/.local/lib/python3.12/site-packages/airflow/example_dags/example_latest_only.py
[2024-05-09T16:18:57.746+0000] {processor.py:840} INFO - DAG(s) 'latest_only' retrieved from /home/airflow/.local/lib/python3.12/site-packages/airflow/example_dags/example_latest_only.py
[2024-05-09T16:18:57.791+0000] {logging_mixin.py:188} INFO - [2024-05-09T16:18:57.791+0000] {override.py:1829} INFO - Created Permission View: can edit on DAG:latest_only
[2024-05-09T16:18:57.794+0000] {logging_mixin.py:188} INFO - [2024-05-09T16:18:57.794+0000] {override.py:1829} INFO - Created Permission View: can delete on DAG:latest_only
[2024-05-09T16:18:57.796+0000] {logging_mixin.py:188} INFO - [2024-05-09T16:18:57.796+0000] {override.py:1829} INFO - Created Permission View: can read on DAG:latest_only
[2024-05-09T16:18:57.796+0000] {logging_mixin.py:188} INFO - [2024-05-09T16:18:57.796+0000] {dag.py:3096} INFO - Sync 1 DAGs
[2024-05-09T16:18:57.801+0000] {logging_mixin.py:188} INFO - [2024-05-09T16:18:57.800+0000] {dag.py:3118} INFO - Creating ORM DAG for latest_only
[2024-05-09T16:18:57.804+0000] {logging_mixin.py:188} INFO - [2024-05-09T16:18:57.804+0000] {dag.py:3954} INFO - Setting next_dagrun for latest_only to 2024-05-09 12:00:00+00:00, run_after=2024-05-09 16:00:00+00:00
[2024-05-09T16:18:57.810+0000] {processor.py:183} INFO - Processing /home/airflow/.local/lib/python3.12/site-packages/airflow/example_dags/example_latest_only.py took 0.072 seconds
[2024-05-09T16:19:28.350+0000] {processor.py:161} INFO - Started process (PID=131) to work on /home/airflow/.local/lib/python3.12/site-packages/airflow/example_dags/example_latest_only.py
[2024-05-09T16:19:28.350+0000] {processor.py:830} INFO - Processing file /home/airflow/.local/lib/python3.12/site-packages/airflow/example_dags/example_latest_only.py for tasks to queue
[2024-05-09T16:19:28.351+0000] {logging_mixin.py:188} INFO - [2024-05-09T16:19:28.351+0000] {dagbag.py:545} INFO - Filling up the DagBag from /home/airflow/.local/lib/python3.12/site-packages/airflow/example_dags/example_latest_only.py
[2024-05-09T16:19:28.353+0000] {processor.py:840} INFO - DAG(s) 'latest_only' retrieved from /home/airflow/.local/lib/python3.12/site-packages/airflow/example_dags/example_latest_only.py
[2024-05-09T16:19:28.363+0000] {logging_mixin.py:188} INFO - [2024-05-09T16:19:28.363+0000] {dag.py:3096} INFO - Sync 1 DAGs
[2024-05-09T16:19:28.372+0000] {logging_mixin.py:188} INFO - [2024-05-09T16:19:28.371+0000] {dag.py:3954} INFO - Setting next_dagrun for latest_only to 2024-05-09 12:00:00+00:00, run_after=2024-05-09 16:00:00+00:00
[2024-05-09T16:19:28.378+0000] {processor.py:183} INFO - Processing /home/airflow/.local/lib/python3.12/site-packages/airflow/example_dags/example_latest_only.py took 0.031 seconds
[2024-05-09T16:19:58.848+0000] {processor.py:161} INFO - Started process (PID=189) to work on /home/airflow/.local/lib/python3.12/site-packages/airflow/example_dags/example_latest_only.py
[2024-05-09T16:19:58.848+0000] {processor.py:830} INFO - Processing file /home/airflow/.local/lib/python3.12/site-packages/airflow/example_dags/example_latest_only.py for tasks to queue
[2024-05-09T16:19:58.849+0000] {logging_mixin.py:188} INFO - [2024-05-09T16:19:58.849+0000] {dagbag.py:545} INFO - Filling up the DagBag from /home/airflow/.local/lib/python3.12/site-packages/airflow/example_dags/example_latest_only.py
[2024-05-09T16:19:58.852+0000] {processor.py:840} INFO - DAG(s) 'latest_only' retrieved from /home/airflow/.local/lib/python3.12/site-packages/airflow/example_dags/example_latest_only.py
[2024-05-09T16:19:58.860+0000] {logging_mixin.py:188} INFO - [2024-05-09T16:19:58.860+0000] {dag.py:3096} INFO - Sync 1 DAGs
[2024-05-09T16:19:58.869+0000] {logging_mixin.py:188} INFO - [2024-05-09T16:19:58.869+0000] {dag.py:3954} INFO - Setting next_dagrun for latest_only to 2024-05-09 12:00:00+00:00, run_after=2024-05-09 16:00:00+00:00
[2024-05-09T16:19:58.876+0000] {processor.py:183} INFO - Processing /home/airflow/.local/lib/python3.12/site-packages/airflow/example_dags/example_latest_only.py took 0.031 seconds
[2024-05-09T16:20:29.334+0000] {processor.py:161} INFO - Started process (PID=247) to work on /home/airflow/.local/lib/python3.12/site-packages/airflow/example_dags/example_latest_only.py
[2024-05-09T16:20:29.334+0000] {processor.py:830} INFO - Processing file /home/airflow/.local/lib/python3.12/site-packages/airflow/example_dags/example_latest_only.py for tasks to queue
[2024-05-09T16:20:29.335+0000] {logging_mixin.py:188} INFO - [2024-05-09T16:20:29.335+0000] {dagbag.py:545} INFO - Filling up the DagBag from /home/airflow/.local/lib/python3.12/site-packages/airflow/example_dags/example_latest_only.py
[2024-05-09T16:20:29.338+0000] {processor.py:840} INFO - DAG(s) 'latest_only' retrieved from /home/airflow/.local/lib/python3.12/site-packages/airflow/example_dags/example_latest_only.py
[2024-05-09T16:20:29.347+0000] {logging_mixin.py:188} INFO - [2024-05-09T16:20:29.347+0000] {dag.py:3096} INFO - Sync 1 DAGs
[2024-05-09T16:20:29.356+0000] {logging_mixin.py:188} INFO - [2024-05-09T16:20:29.356+0000] {dag.py:3954} INFO - Setting next_dagrun for latest_only to 2024-05-09 12:00:00+00:00, run_after=2024-05-09 16:00:00+00:00
[2024-05-09T16:20:29.364+0000] {processor.py:183} INFO - Processing /home/airflow/.local/lib/python3.12/site-packages/airflow/example_dags/example_latest_only.py took 0.032 seconds
[2024-05-09T16:20:59.796+0000] {processor.py:161} INFO - Started process (PID=305) to work on /home/airflow/.local/lib/python3.12/site-packages/airflow/example_dags/example_latest_only.py
[2024-05-09T16:20:59.797+0000] {processor.py:830} INFO - Processing file /home/airflow/.local/lib/python3.12/site-packages/airflow/example_dags/example_latest_only.py for tasks to queue
[2024-05-09T16:20:59.798+0000] {logging_mixin.py:188} INFO - [2024-05-09T16:20:59.797+0000] {dagbag.py:545} INFO - Filling up the DagBag from /home/airflow/.local/lib/python3.12/site-packages/airflow/example_dags/example_latest_only.py
[2024-05-09T16:20:59.800+0000] {processor.py:840} INFO - DAG(s) 'latest_only' retrieved from /home/airflow/.local/lib/python3.12/site-packages/airflow/example_dags/example_latest_only.py
[2024-05-09T16:20:59.809+0000] {logging_mixin.py:188} INFO - [2024-05-09T16:20:59.809+0000] {dag.py:3096} INFO - Sync 1 DAGs
[2024-05-09T16:20:59.818+0000] {logging_mixin.py:188} INFO - [2024-05-09T16:20:59.818+0000] {dag.py:3954} INFO - Setting next_dagrun for latest_only to 2024-05-09 12:00:00+00:00, run_after=2024-05-09 16:00:00+00:00
[2024-05-09T16:20:59.825+0000] {processor.py:183} INFO - Processing /home/airflow/.local/lib/python3.12/site-packages/airflow/example_dags/example_latest_only.py took 0.032 seconds
[2024-05-09T16:21:30.250+0000] {processor.py:161} INFO - Started process (PID=363) to work on /home/airflow/.local/lib/python3.12/site-packages/airflow/example_dags/example_latest_only.py
[2024-05-09T16:21:30.251+0000] {processor.py:830} INFO - Processing file /home/airflow/.local/lib/python3.12/site-packages/airflow/example_dags/example_latest_only.py for tasks to queue
[2024-05-09T16:21:30.252+0000] {logging_mixin.py:188} INFO - [2024-05-09T16:21:30.251+0000] {dagbag.py:545} INFO - Filling up the DagBag from /home/airflow/.local/lib/python3.12/site-packages/airflow/example_dags/example_latest_only.py
[2024-05-09T16:21:30.254+0000] {processor.py:840} INFO - DAG(s) 'latest_only' retrieved from /home/airflow/.local/lib/python3.12/site-packages/airflow/example_dags/example_latest_only.py
[2024-05-09T16:21:30.264+0000] {logging_mixin.py:188} INFO - [2024-05-09T16:21:30.264+0000] {dag.py:3096} INFO - Sync 1 DAGs
[2024-05-09T16:21:30.273+0000] {logging_mixin.py:188} INFO - [2024-05-09T16:21:30.273+0000] {dag.py:3954} INFO - Setting next_dagrun for latest_only to 2024-05-09 12:00:00+00:00, run_after=2024-05-09 16:00:00+00:00
[2024-05-09T16:21:30.281+0000] {processor.py:183} INFO - Processing /home/airflow/.local/lib/python3.12/site-packages/airflow/example_dags/example_latest_only.py took 0.033 seconds
[2024-05-09T16:22:00.830+0000] {processor.py:161} INFO - Started process (PID=421) to work on /home/airflow/.local/lib/python3.12/site-packages/airflow/example_dags/example_latest_only.py
[2024-05-09T16:22:00.831+0000] {processor.py:830} INFO - Processing file /home/airflow/.local/lib/python3.12/site-packages/airflow/example_dags/example_latest_only.py for tasks to queue
[2024-05-09T16:22:00.832+0000] {logging_mixin.py:188} INFO - [2024-05-09T16:22:00.832+0000] {dagbag.py:545} INFO - Filling up the DagBag from /home/airflow/.local/lib/python3.12/site-packages/airflow/example_dags/example_latest_only.py
[2024-05-09T16:22:00.834+0000] {processor.py:840} INFO - DAG(s) 'latest_only' retrieved from /home/airflow/.local/lib/python3.12/site-packages/airflow/example_dags/example_latest_only.py
[2024-05-09T16:22:00.843+0000] {logging_mixin.py:188} INFO - [2024-05-09T16:22:00.843+0000] {dag.py:3096} INFO - Sync 1 DAGs
[2024-05-09T16:22:00.852+0000] {logging_mixin.py:188} INFO - [2024-05-09T16:22:00.852+0000] {dag.py:3954} INFO - Setting next_dagrun for latest_only to 2024-05-09 12:00:00+00:00, run_after=2024-05-09 16:00:00+00:00
[2024-05-09T16:22:00.859+0000] {processor.py:183} INFO - Processing /home/airflow/.local/lib/python3.12/site-packages/airflow/example_dags/example_latest_only.py took 0.031 seconds
[2024-05-09T16:22:31.284+0000] {processor.py:161} INFO - Started process (PID=479) to work on /home/airflow/.local/lib/python3.12/site-packages/airflow/example_dags/example_latest_only.py
[2024-05-09T16:22:31.285+0000] {processor.py:830} INFO - Processing file /home/airflow/.local/lib/python3.12/site-packages/airflow/example_dags/example_latest_only.py for tasks to queue
[2024-05-09T16:22:31.286+0000] {logging_mixin.py:188} INFO - [2024-05-09T16:22:31.286+0000] {dagbag.py:545} INFO - Filling up the DagBag from /home/airflow/.local/lib/python3.12/site-packages/airflow/example_dags/example_latest_only.py
[2024-05-09T16:22:31.288+0000] {processor.py:840} INFO - DAG(s) 'latest_only' retrieved from /home/airflow/.local/lib/python3.12/site-packages/airflow/example_dags/example_latest_only.py
[2024-05-09T16:22:31.298+0000] {logging_mixin.py:188} INFO - [2024-05-09T16:22:31.298+0000] {dag.py:3096} INFO - Sync 1 DAGs
[2024-05-09T16:22:31.307+0000] {logging_mixin.py:188} INFO - [2024-05-09T16:22:31.307+0000] {dag.py:3954} INFO - Setting next_dagrun for latest_only to 2024-05-09 12:00:00+00:00, run_after=2024-05-09 16:00:00+00:00
[2024-05-09T16:22:31.315+0000] {processor.py:183} INFO - Processing /home/airflow/.local/lib/python3.12/site-packages/airflow/example_dags/example_latest_only.py took 0.033 seconds
[2024-05-09T16:23:01.825+0000] {processor.py:161} INFO - Started process (PID=537) to work on /home/airflow/.local/lib/python3.12/site-packages/airflow/example_dags/example_latest_only.py
[2024-05-09T16:23:01.825+0000] {processor.py:830} INFO - Processing file /home/airflow/.local/lib/python3.12/site-packages/airflow/example_dags/example_latest_only.py for tasks to queue
[2024-05-09T16:23:01.826+0000] {logging_mixin.py:188} INFO - [2024-05-09T16:23:01.826+0000] {dagbag.py:545} INFO - Filling up the DagBag from /home/airflow/.local/lib/python3.12/site-packages/airflow/example_dags/example_latest_only.py
[2024-05-09T16:23:01.829+0000] {processor.py:840} INFO - DAG(s) 'latest_only' retrieved from /home/airflow/.local/lib/python3.12/site-packages/airflow/example_dags/example_latest_only.py
[2024-05-09T16:23:01.838+0000] {logging_mixin.py:188} INFO - [2024-05-09T16:23:01.838+0000] {dag.py:3096} INFO - Sync 1 DAGs
[2024-05-09T16:23:01.847+0000] {logging_mixin.py:188} INFO - [2024-05-09T16:23:01.847+0000] {dag.py:3954} INFO - Setting next_dagrun for latest_only to 2024-05-09 12:00:00+00:00, run_after=2024-05-09 16:00:00+00:00
[2024-05-09T16:23:01.855+0000] {processor.py:183} INFO - Processing /home/airflow/.local/lib/python3.12/site-packages/airflow/example_dags/example_latest_only.py took 0.033 seconds
[2024-05-09T16:23:32.281+0000] {processor.py:161} INFO - Started process (PID=595) to work on /home/airflow/.local/lib/python3.12/site-packages/airflow/example_dags/example_latest_only.py
[2024-05-09T16:23:32.282+0000] {processor.py:830} INFO - Processing file /home/airflow/.local/lib/python3.12/site-packages/airflow/example_dags/example_latest_only.py for tasks to queue
[2024-05-09T16:23:32.283+0000] {logging_mixin.py:188} INFO - [2024-05-09T16:23:32.283+0000] {dagbag.py:545} INFO - Filling up the DagBag from /home/airflow/.local/lib/python3.12/site-packages/airflow/example_dags/example_latest_only.py
[2024-05-09T16:23:32.286+0000] {processor.py:840} INFO - DAG(s) 'latest_only' retrieved from /home/airflow/.local/lib/python3.12/site-packages/airflow/example_dags/example_latest_only.py
[2024-05-09T16:23:32.295+0000] {logging_mixin.py:188} INFO - [2024-05-09T16:23:32.295+0000] {dag.py:3096} INFO - Sync 1 DAGs
[2024-05-09T16:23:32.304+0000] {logging_mixin.py:188} INFO - [2024-05-09T16:23:32.304+0000] {dag.py:3954} INFO - Setting next_dagrun for latest_only to 2024-05-09 12:00:00+00:00, run_after=2024-05-09 16:00:00+00:00
[2024-05-09T16:23:32.312+0000] {processor.py:183} INFO - Processing /home/airflow/.local/lib/python3.12/site-packages/airflow/example_dags/example_latest_only.py took 0.033 seconds
[2024-05-09T16:24:02.834+0000] {processor.py:161} INFO - Started process (PID=653) to work on /home/airflow/.local/lib/python3.12/site-packages/airflow/example_dags/example_latest_only.py
[2024-05-09T16:24:02.834+0000] {processor.py:830} INFO - Processing file /home/airflow/.local/lib/python3.12/site-packages/airflow/example_dags/example_latest_only.py for tasks to queue
[2024-05-09T16:24:02.835+0000] {logging_mixin.py:188} INFO - [2024-05-09T16:24:02.835+0000] {dagbag.py:545} INFO - Filling up the DagBag from /home/airflow/.local/lib/python3.12/site-packages/airflow/example_dags/example_latest_only.py
[2024-05-09T16:24:02.838+0000] {processor.py:840} INFO - DAG(s) 'latest_only' retrieved from /home/airflow/.local/lib/python3.12/site-packages/airflow/example_dags/example_latest_only.py
[2024-05-09T16:24:02.848+0000] {logging_mixin.py:188} INFO - [2024-05-09T16:24:02.848+0000] {dag.py:3096} INFO - Sync 1 DAGs
[2024-05-09T16:24:02.857+0000] {logging_mixin.py:188} INFO - [2024-05-09T16:24:02.857+0000] {dag.py:3954} INFO - Setting next_dagrun for latest_only to 2024-05-09 12:00:00+00:00, run_after=2024-05-09 16:00:00+00:00
[2024-05-09T16:24:02.864+0000] {processor.py:183} INFO - Processing /home/airflow/.local/lib/python3.12/site-packages/airflow/example_dags/example_latest_only.py took 0.033 seconds
[2024-05-09T16:24:33.251+0000] {processor.py:161} INFO - Started process (PID=711) to work on /home/airflow/.local/lib/python3.12/site-packages/airflow/example_dags/example_latest_only.py
[2024-05-09T16:24:33.252+0000] {processor.py:830} INFO - Processing file /home/airflow/.local/lib/python3.12/site-packages/airflow/example_dags/example_latest_only.py for tasks to queue
[2024-05-09T16:24:33.253+0000] {logging_mixin.py:188} INFO - [2024-05-09T16:24:33.252+0000] {dagbag.py:545} INFO - Filling up the DagBag from /home/airflow/.local/lib/python3.12/site-packages/airflow/example_dags/example_latest_only.py
[2024-05-09T16:24:33.255+0000] {processor.py:840} INFO - DAG(s) 'latest_only' retrieved from /home/airflow/.local/lib/python3.12/site-packages/airflow/example_dags/example_latest_only.py
[2024-05-09T16:24:33.264+0000] {logging_mixin.py:188} INFO - [2024-05-09T16:24:33.264+0000] {dag.py:3096} INFO - Sync 1 DAGs
[2024-05-09T16:24:33.273+0000] {logging_mixin.py:188} INFO - [2024-05-09T16:24:33.273+0000] {dag.py:3954} INFO - Setting next_dagrun for latest_only to 2024-05-09 12:00:00+00:00, run_after=2024-05-09 16:00:00+00:00
[2024-05-09T16:24:33.281+0000] {processor.py:183} INFO - Processing /home/airflow/.local/lib/python3.12/site-packages/airflow/example_dags/example_latest_only.py took 0.032 seconds
[2024-05-09T16:25:03.704+0000] {processor.py:161} INFO - Started process (PID=773) to work on /home/airflow/.local/lib/python3.12/site-packages/airflow/example_dags/example_latest_only.py
[2024-05-09T16:25:03.704+0000] {processor.py:830} INFO - Processing file /home/airflow/.local/lib/python3.12/site-packages/airflow/example_dags/example_latest_only.py for tasks to queue
[2024-05-09T16:25:03.705+0000] {logging_mixin.py:188} INFO - [2024-05-09T16:25:03.705+0000] {dagbag.py:545} INFO - Filling up the DagBag from /home/airflow/.local/lib/python3.12/site-packages/airflow/example_dags/example_latest_only.py
[2024-05-09T16:25:03.707+0000] {processor.py:840} INFO - DAG(s) 'latest_only' retrieved from /home/airflow/.local/lib/python3.12/site-packages/airflow/example_dags/example_latest_only.py
[2024-05-09T16:25:03.717+0000] {logging_mixin.py:188} INFO - [2024-05-09T16:25:03.717+0000] {dag.py:3096} INFO - Sync 1 DAGs
[2024-05-09T16:25:03.726+0000] {logging_mixin.py:188} INFO - [2024-05-09T16:25:03.725+0000] {dag.py:3954} INFO - Setting next_dagrun for latest_only to 2024-05-09 12:00:00+00:00, run_after=2024-05-09 16:00:00+00:00
[2024-05-09T16:25:03.733+0000] {processor.py:183} INFO - Processing /home/airflow/.local/lib/python3.12/site-packages/airflow/example_dags/example_latest_only.py took 0.032 seconds
[2024-05-09T16:25:34.196+0000] {processor.py:161} INFO - Started process (PID=831) to work on /home/airflow/.local/lib/python3.12/site-packages/airflow/example_dags/example_latest_only.py
[2024-05-09T16:25:34.196+0000] {processor.py:830} INFO - Processing file /home/airflow/.local/lib/python3.12/site-packages/airflow/example_dags/example_latest_only.py for tasks to queue
[2024-05-09T16:25:34.197+0000] {logging_mixin.py:188} INFO - [2024-05-09T16:25:34.197+0000] {dagbag.py:545} INFO - Filling up the DagBag from /home/airflow/.local/lib/python3.12/site-packages/airflow/example_dags/example_latest_only.py
[2024-05-09T16:25:34.199+0000] {processor.py:840} INFO - DAG(s) 'latest_only' retrieved from /home/airflow/.local/lib/python3.12/site-packages/airflow/example_dags/example_latest_only.py
[2024-05-09T16:25:34.209+0000] {logging_mixin.py:188} INFO - [2024-05-09T16:25:34.209+0000] {dag.py:3096} INFO - Sync 1 DAGs
[2024-05-09T16:25:34.218+0000] {logging_mixin.py:188} INFO - [2024-05-09T16:25:34.218+0000] {dag.py:3954} INFO - Setting next_dagrun for latest_only to 2024-05-09 12:00:00+00:00, run_after=2024-05-09 16:00:00+00:00
[2024-05-09T16:25:34.225+0000] {processor.py:183} INFO - Processing /home/airflow/.local/lib/python3.12/site-packages/airflow/example_dags/example_latest_only.py took 0.032 seconds
[2024-05-09T16:26:04.768+0000] {processor.py:161} INFO - Started process (PID=889) to work on /home/airflow/.local/lib/python3.12/site-packages/airflow/example_dags/example_latest_only.py
[2024-05-09T16:26:04.768+0000] {processor.py:830} INFO - Processing file /home/airflow/.local/lib/python3.12/site-packages/airflow/example_dags/example_latest_only.py for tasks to queue
[2024-05-09T16:26:04.769+0000] {logging_mixin.py:188} INFO - [2024-05-09T16:26:04.769+0000] {dagbag.py:545} INFO - Filling up the DagBag from /home/airflow/.local/lib/python3.12/site-packages/airflow/example_dags/example_latest_only.py
[2024-05-09T16:26:04.772+0000] {processor.py:840} INFO - DAG(s) 'latest_only' retrieved from /home/airflow/.local/lib/python3.12/site-packages/airflow/example_dags/example_latest_only.py
[2024-05-09T16:26:04.781+0000] {logging_mixin.py:188} INFO - [2024-05-09T16:26:04.781+0000] {dag.py:3096} INFO - Sync 1 DAGs
[2024-05-09T16:26:04.790+0000] {logging_mixin.py:188} INFO - [2024-05-09T16:26:04.790+0000] {dag.py:3954} INFO - Setting next_dagrun for latest_only to 2024-05-09 12:00:00+00:00, run_after=2024-05-09 16:00:00+00:00
[2024-05-09T16:26:04.797+0000] {processor.py:183} INFO - Processing /home/airflow/.local/lib/python3.12/site-packages/airflow/example_dags/example_latest_only.py took 0.033 seconds
[2024-05-09T16:26:35.209+0000] {processor.py:161} INFO - Started process (PID=947) to work on /home/airflow/.local/lib/python3.12/site-packages/airflow/example_dags/example_latest_only.py
[2024-05-09T16:26:35.210+0000] {processor.py:830} INFO - Processing file /home/airflow/.local/lib/python3.12/site-packages/airflow/example_dags/example_latest_only.py for tasks to queue
[2024-05-09T16:26:35.211+0000] {logging_mixin.py:188} INFO - [2024-05-09T16:26:35.211+0000] {dagbag.py:545} INFO - Filling up the DagBag from /home/airflow/.local/lib/python3.12/site-packages/airflow/example_dags/example_latest_only.py
[2024-05-09T16:26:35.213+0000] {processor.py:840} INFO - DAG(s) 'latest_only' retrieved from /home/airflow/.local/lib/python3.12/site-packages/airflow/example_dags/example_latest_only.py
[2024-05-09T16:26:35.222+0000] {logging_mixin.py:188} INFO - [2024-05-09T16:26:35.222+0000] {dag.py:3096} INFO - Sync 1 DAGs
[2024-05-09T16:26:35.231+0000] {logging_mixin.py:188} INFO - [2024-05-09T16:26:35.231+0000] {dag.py:3954} INFO - Setting next_dagrun for latest_only to 2024-05-09 12:00:00+00:00, run_after=2024-05-09 16:00:00+00:00
[2024-05-09T16:26:35.239+0000] {processor.py:183} INFO - Processing /home/airflow/.local/lib/python3.12/site-packages/airflow/example_dags/example_latest_only.py took 0.032 seconds
[2024-05-09T16:27:05.718+0000] {processor.py:161} INFO - Started process (PID=1005) to work on /home/airflow/.local/lib/python3.12/site-packages/airflow/example_dags/example_latest_only.py
[2024-05-09T16:27:05.719+0000] {processor.py:830} INFO - Processing file /home/airflow/.local/lib/python3.12/site-packages/airflow/example_dags/example_latest_only.py for tasks to queue
[2024-05-09T16:27:05.720+0000] {logging_mixin.py:188} INFO - [2024-05-09T16:27:05.720+0000] {dagbag.py:545} INFO - Filling up the DagBag from /home/airflow/.local/lib/python3.12/site-packages/airflow/example_dags/example_latest_only.py
[2024-05-09T16:27:05.723+0000] {processor.py:840} INFO - DAG(s) 'latest_only' retrieved from /home/airflow/.local/lib/python3.12/site-packages/airflow/example_dags/example_latest_only.py
[2024-05-09T16:27:05.733+0000] {logging_mixin.py:188} INFO - [2024-05-09T16:27:05.733+0000] {dag.py:3096} INFO - Sync 1 DAGs
[2024-05-09T16:27:05.742+0000] {logging_mixin.py:188} INFO - [2024-05-09T16:27:05.742+0000] {dag.py:3954} INFO - Setting next_dagrun for latest_only to 2024-05-09 12:00:00+00:00, run_after=2024-05-09 16:00:00+00:00
[2024-05-09T16:27:05.750+0000] {processor.py:183} INFO - Processing /home/airflow/.local/lib/python3.12/site-packages/airflow/example_dags/example_latest_only.py took 0.035 seconds
[2024-05-09T16:27:36.250+0000] {processor.py:161} INFO - Started process (PID=1063) to work on /home/airflow/.local/lib/python3.12/site-packages/airflow/example_dags/example_latest_only.py
[2024-05-09T16:27:36.251+0000] {processor.py:830} INFO - Processing file /home/airflow/.local/lib/python3.12/site-packages/airflow/example_dags/example_latest_only.py for tasks to queue
[2024-05-09T16:27:36.252+0000] {logging_mixin.py:188} INFO - [2024-05-09T16:27:36.252+0000] {dagbag.py:545} INFO - Filling up the DagBag from /home/airflow/.local/lib/python3.12/site-packages/airflow/example_dags/example_latest_only.py
[2024-05-09T16:27:36.255+0000] {processor.py:840} INFO - DAG(s) 'latest_only' retrieved from /home/airflow/.local/lib/python3.12/site-packages/airflow/example_dags/example_latest_only.py
[2024-05-09T16:27:36.268+0000] {logging_mixin.py:188} INFO - [2024-05-09T16:27:36.267+0000] {dag.py:3096} INFO - Sync 1 DAGs
[2024-05-09T16:27:36.278+0000] {logging_mixin.py:188} INFO - [2024-05-09T16:27:36.278+0000] {dag.py:3954} INFO - Setting next_dagrun for latest_only to 2024-05-09 12:00:00+00:00, run_after=2024-05-09 16:00:00+00:00
[2024-05-09T16:27:36.287+0000] {processor.py:183} INFO - Processing /home/airflow/.local/lib/python3.12/site-packages/airflow/example_dags/example_latest_only.py took 0.040 seconds
[2024-05-09T16:28:06.807+0000] {processor.py:161} INFO - Started process (PID=1121) to work on /home/airflow/.local/lib/python3.12/site-packages/airflow/example_dags/example_latest_only.py
[2024-05-09T16:28:06.808+0000] {processor.py:830} INFO - Processing file /home/airflow/.local/lib/python3.12/site-packages/airflow/example_dags/example_latest_only.py for tasks to queue
[2024-05-09T16:28:06.809+0000] {logging_mixin.py:188} INFO - [2024-05-09T16:28:06.808+0000] {dagbag.py:545} INFO - Filling up the DagBag from /home/airflow/.local/lib/python3.12/site-packages/airflow/example_dags/example_latest_only.py
[2024-05-09T16:28:06.811+0000] {processor.py:840} INFO - DAG(s) 'latest_only' retrieved from /home/airflow/.local/lib/python3.12/site-packages/airflow/example_dags/example_latest_only.py
[2024-05-09T16:28:06.821+0000] {logging_mixin.py:188} INFO - [2024-05-09T16:28:06.821+0000] {dag.py:3096} INFO - Sync 1 DAGs
[2024-05-09T16:28:06.830+0000] {logging_mixin.py:188} INFO - [2024-05-09T16:28:06.830+0000] {dag.py:3954} INFO - Setting next_dagrun for latest_only to 2024-05-09 12:00:00+00:00, run_after=2024-05-09 16:00:00+00:00
[2024-05-09T16:28:06.838+0000] {processor.py:183} INFO - Processing /home/airflow/.local/lib/python3.12/site-packages/airflow/example_dags/example_latest_only.py took 0.033 seconds
[2024-05-09T16:28:37.328+0000] {processor.py:161} INFO - Started process (PID=1179) to work on /home/airflow/.local/lib/python3.12/site-packages/airflow/example_dags/example_latest_only.py
[2024-05-09T16:28:37.329+0000] {processor.py:830} INFO - Processing file /home/airflow/.local/lib/python3.12/site-packages/airflow/example_dags/example_latest_only.py for tasks to queue
[2024-05-09T16:28:37.329+0000] {logging_mixin.py:188} INFO - [2024-05-09T16:28:37.329+0000] {dagbag.py:545} INFO - Filling up the DagBag from /home/airflow/.local/lib/python3.12/site-packages/airflow/example_dags/example_latest_only.py
[2024-05-09T16:28:37.332+0000] {processor.py:840} INFO - DAG(s) 'latest_only' retrieved from /home/airflow/.local/lib/python3.12/site-packages/airflow/example_dags/example_latest_only.py
[2024-05-09T16:28:37.341+0000] {logging_mixin.py:188} INFO - [2024-05-09T16:28:37.341+0000] {dag.py:3096} INFO - Sync 1 DAGs
[2024-05-09T16:28:37.350+0000] {logging_mixin.py:188} INFO - [2024-05-09T16:28:37.350+0000] {dag.py:3954} INFO - Setting next_dagrun for latest_only to 2024-05-09 12:00:00+00:00, run_after=2024-05-09 16:00:00+00:00
[2024-05-09T16:28:37.358+0000] {processor.py:183} INFO - Processing /home/airflow/.local/lib/python3.12/site-packages/airflow/example_dags/example_latest_only.py took 0.032 seconds
[2024-05-09T16:29:07.821+0000] {processor.py:161} INFO - Started process (PID=1237) to work on /home/airflow/.local/lib/python3.12/site-packages/airflow/example_dags/example_latest_only.py
[2024-05-09T16:29:07.822+0000] {processor.py:830} INFO - Processing file /home/airflow/.local/lib/python3.12/site-packages/airflow/example_dags/example_latest_only.py for tasks to queue
[2024-05-09T16:29:07.823+0000] {logging_mixin.py:188} INFO - [2024-05-09T16:29:07.823+0000] {dagbag.py:545} INFO - Filling up the DagBag from /home/airflow/.local/lib/python3.12/site-packages/airflow/example_dags/example_latest_only.py
[2024-05-09T16:29:07.825+0000] {processor.py:840} INFO - DAG(s) 'latest_only' retrieved from /home/airflow/.local/lib/python3.12/site-packages/airflow/example_dags/example_latest_only.py
[2024-05-09T16:29:07.834+0000] {logging_mixin.py:188} INFO - [2024-05-09T16:29:07.834+0000] {dag.py:3096} INFO - Sync 1 DAGs
[2024-05-09T16:29:07.843+0000] {logging_mixin.py:188} INFO - [2024-05-09T16:29:07.843+0000] {dag.py:3954} INFO - Setting next_dagrun for latest_only to 2024-05-09 12:00:00+00:00, run_after=2024-05-09 16:00:00+00:00
[2024-05-09T16:29:07.850+0000] {processor.py:183} INFO - Processing /home/airflow/.local/lib/python3.12/site-packages/airflow/example_dags/example_latest_only.py took 0.032 seconds
[2024-05-09T16:29:38.419+0000] {processor.py:161} INFO - Started process (PID=1295) to work on /home/airflow/.local/lib/python3.12/site-packages/airflow/example_dags/example_latest_only.py
[2024-05-09T16:29:38.419+0000] {processor.py:830} INFO - Processing file /home/airflow/.local/lib/python3.12/site-packages/airflow/example_dags/example_latest_only.py for tasks to queue
[2024-05-09T16:29:38.420+0000] {logging_mixin.py:188} INFO - [2024-05-09T16:29:38.420+0000] {dagbag.py:545} INFO - Filling up the DagBag from /home/airflow/.local/lib/python3.12/site-packages/airflow/example_dags/example_latest_only.py
[2024-05-09T16:29:38.423+0000] {processor.py:840} INFO - DAG(s) 'latest_only' retrieved from /home/airflow/.local/lib/python3.12/site-packages/airflow/example_dags/example_latest_only.py
[2024-05-09T16:29:38.433+0000] {logging_mixin.py:188} INFO - [2024-05-09T16:29:38.433+0000] {dag.py:3096} INFO - Sync 1 DAGs
[2024-05-09T16:29:38.443+0000] {logging_mixin.py:188} INFO - [2024-05-09T16:29:38.442+0000] {dag.py:3954} INFO - Setting next_dagrun for latest_only to 2024-05-09 12:00:00+00:00, run_after=2024-05-09 16:00:00+00:00
[2024-05-09T16:29:38.450+0000] {processor.py:183} INFO - Processing /home/airflow/.local/lib/python3.12/site-packages/airflow/example_dags/example_latest_only.py took 0.034 seconds
[2024-05-09T16:30:09.001+0000] {processor.py:161} INFO - Started process (PID=1353) to work on /home/airflow/.local/lib/python3.12/site-packages/airflow/example_dags/example_latest_only.py
[2024-05-09T16:30:09.002+0000] {processor.py:830} INFO - Processing file /home/airflow/.local/lib/python3.12/site-packages/airflow/example_dags/example_latest_only.py for tasks to queue
[2024-05-09T16:30:09.003+0000] {logging_mixin.py:188} INFO - [2024-05-09T16:30:09.003+0000] {dagbag.py:545} INFO - Filling up the DagBag from /home/airflow/.local/lib/python3.12/site-packages/airflow/example_dags/example_latest_only.py
[2024-05-09T16:30:09.005+0000] {processor.py:840} INFO - DAG(s) 'latest_only' retrieved from /home/airflow/.local/lib/python3.12/site-packages/airflow/example_dags/example_latest_only.py
[2024-05-09T16:30:09.014+0000] {logging_mixin.py:188} INFO - [2024-05-09T16:30:09.014+0000] {dag.py:3096} INFO - Sync 1 DAGs
[2024-05-09T16:30:09.023+0000] {logging_mixin.py:188} INFO - [2024-05-09T16:30:09.023+0000] {dag.py:3954} INFO - Setting next_dagrun for latest_only to 2024-05-09 12:00:00+00:00, run_after=2024-05-09 16:00:00+00:00
[2024-05-09T16:30:09.031+0000] {processor.py:183} INFO - Processing /home/airflow/.local/lib/python3.12/site-packages/airflow/example_dags/example_latest_only.py took 0.032 seconds
[2024-05-09T16:30:39.563+0000] {processor.py:161} INFO - Started process (PID=1411) to work on /home/airflow/.local/lib/python3.12/site-packages/airflow/example_dags/example_latest_only.py
[2024-05-09T16:30:39.564+0000] {processor.py:830} INFO - Processing file /home/airflow/.local/lib/python3.12/site-packages/airflow/example_dags/example_latest_only.py for tasks to queue
[2024-05-09T16:30:39.565+0000] {logging_mixin.py:188} INFO - [2024-05-09T16:30:39.565+0000] {dagbag.py:545} INFO - Filling up the DagBag from /home/airflow/.local/lib/python3.12/site-packages/airflow/example_dags/example_latest_only.py
[2024-05-09T16:30:39.567+0000] {processor.py:840} INFO - DAG(s) 'latest_only' retrieved from /home/airflow/.local/lib/python3.12/site-packages/airflow/example_dags/example_latest_only.py
[2024-05-09T16:30:39.577+0000] {logging_mixin.py:188} INFO - [2024-05-09T16:30:39.577+0000] {dag.py:3096} INFO - Sync 1 DAGs
[2024-05-09T16:30:39.586+0000] {logging_mixin.py:188} INFO - [2024-05-09T16:30:39.586+0000] {dag.py:3954} INFO - Setting next_dagrun for latest_only to 2024-05-09 12:00:00+00:00, run_after=2024-05-09 16:00:00+00:00
[2024-05-09T16:30:39.592+0000] {processor.py:183} INFO - Processing /home/airflow/.local/lib/python3.12/site-packages/airflow/example_dags/example_latest_only.py took 0.032 seconds
[2024-05-09T16:31:10.089+0000] {processor.py:161} INFO - Started process (PID=1469) to work on /home/airflow/.local/lib/python3.12/site-packages/airflow/example_dags/example_latest_only.py
[2024-05-09T16:31:10.089+0000] {processor.py:830} INFO - Processing file /home/airflow/.local/lib/python3.12/site-packages/airflow/example_dags/example_latest_only.py for tasks to queue
[2024-05-09T16:31:10.090+0000] {logging_mixin.py:188} INFO - [2024-05-09T16:31:10.090+0000] {dagbag.py:545} INFO - Filling up the DagBag from /home/airflow/.local/lib/python3.12/site-packages/airflow/example_dags/example_latest_only.py
[2024-05-09T16:31:10.093+0000] {processor.py:840} INFO - DAG(s) 'latest_only' retrieved from /home/airflow/.local/lib/python3.12/site-packages/airflow/example_dags/example_latest_only.py
[2024-05-09T16:31:10.102+0000] {logging_mixin.py:188} INFO - [2024-05-09T16:31:10.102+0000] {dag.py:3096} INFO - Sync 1 DAGs
[2024-05-09T16:31:10.111+0000] {logging_mixin.py:188} INFO - [2024-05-09T16:31:10.111+0000] {dag.py:3954} INFO - Setting next_dagrun for latest_only to 2024-05-09 12:00:00+00:00, run_after=2024-05-09 16:00:00+00:00
[2024-05-09T16:31:10.118+0000] {processor.py:183} INFO - Processing /home/airflow/.local/lib/python3.12/site-packages/airflow/example_dags/example_latest_only.py took 0.032 seconds
[2024-05-09T16:31:40.614+0000] {processor.py:161} INFO - Started process (PID=1527) to work on /home/airflow/.local/lib/python3.12/site-packages/airflow/example_dags/example_latest_only.py
[2024-05-09T16:31:40.614+0000] {processor.py:830} INFO - Processing file /home/airflow/.local/lib/python3.12/site-packages/airflow/example_dags/example_latest_only.py for tasks to queue
[2024-05-09T16:31:40.615+0000] {logging_mixin.py:188} INFO - [2024-05-09T16:31:40.615+0000] {dagbag.py:545} INFO - Filling up the DagBag from /home/airflow/.local/lib/python3.12/site-packages/airflow/example_dags/example_latest_only.py
[2024-05-09T16:31:40.617+0000] {processor.py:840} INFO - DAG(s) 'latest_only' retrieved from /home/airflow/.local/lib/python3.12/site-packages/airflow/example_dags/example_latest_only.py
[2024-05-09T16:31:40.626+0000] {logging_mixin.py:188} INFO - [2024-05-09T16:31:40.626+0000] {dag.py:3096} INFO - Sync 1 DAGs
[2024-05-09T16:31:40.634+0000] {logging_mixin.py:188} INFO - [2024-05-09T16:31:40.634+0000] {dag.py:3954} INFO - Setting next_dagrun for latest_only to 2024-05-09 12:00:00+00:00, run_after=2024-05-09 16:00:00+00:00
[2024-05-09T16:31:40.640+0000] {processor.py:183} INFO - Processing /home/airflow/.local/lib/python3.12/site-packages/airflow/example_dags/example_latest_only.py took 0.029 seconds
[2024-05-09T16:32:11.170+0000] {processor.py:161} INFO - Started process (PID=1585) to work on /home/airflow/.local/lib/python3.12/site-packages/airflow/example_dags/example_latest_only.py
[2024-05-09T16:32:11.170+0000] {processor.py:830} INFO - Processing file /home/airflow/.local/lib/python3.12/site-packages/airflow/example_dags/example_latest_only.py for tasks to queue
[2024-05-09T16:32:11.171+0000] {logging_mixin.py:188} INFO - [2024-05-09T16:32:11.171+0000] {dagbag.py:545} INFO - Filling up the DagBag from /home/airflow/.local/lib/python3.12/site-packages/airflow/example_dags/example_latest_only.py
[2024-05-09T16:32:11.173+0000] {processor.py:840} INFO - DAG(s) 'latest_only' retrieved from /home/airflow/.local/lib/python3.12/site-packages/airflow/example_dags/example_latest_only.py
[2024-05-09T16:32:11.183+0000] {logging_mixin.py:188} INFO - [2024-05-09T16:32:11.182+0000] {dag.py:3096} INFO - Sync 1 DAGs
[2024-05-09T16:32:11.191+0000] {logging_mixin.py:188} INFO - [2024-05-09T16:32:11.191+0000] {dag.py:3954} INFO - Setting next_dagrun for latest_only to 2024-05-09 12:00:00+00:00, run_after=2024-05-09 16:00:00+00:00
[2024-05-09T16:32:11.197+0000] {processor.py:183} INFO - Processing /home/airflow/.local/lib/python3.12/site-packages/airflow/example_dags/example_latest_only.py took 0.031 seconds
[2024-05-09T16:32:41.769+0000] {processor.py:161} INFO - Started process (PID=1643) to work on /home/airflow/.local/lib/python3.12/site-packages/airflow/example_dags/example_latest_only.py
[2024-05-09T16:32:41.769+0000] {processor.py:830} INFO - Processing file /home/airflow/.local/lib/python3.12/site-packages/airflow/example_dags/example_latest_only.py for tasks to queue
[2024-05-09T16:32:41.770+0000] {logging_mixin.py:188} INFO - [2024-05-09T16:32:41.770+0000] {dagbag.py:545} INFO - Filling up the DagBag from /home/airflow/.local/lib/python3.12/site-packages/airflow/example_dags/example_latest_only.py
[2024-05-09T16:32:41.772+0000] {processor.py:840} INFO - DAG(s) 'latest_only' retrieved from /home/airflow/.local/lib/python3.12/site-packages/airflow/example_dags/example_latest_only.py
[2024-05-09T16:32:41.782+0000] {logging_mixin.py:188} INFO - [2024-05-09T16:32:41.781+0000] {dag.py:3096} INFO - Sync 1 DAGs
[2024-05-09T16:32:41.790+0000] {logging_mixin.py:188} INFO - [2024-05-09T16:32:41.790+0000] {dag.py:3954} INFO - Setting next_dagrun for latest_only to 2024-05-09 12:00:00+00:00, run_after=2024-05-09 16:00:00+00:00
[2024-05-09T16:32:41.797+0000] {processor.py:183} INFO - Processing /home/airflow/.local/lib/python3.12/site-packages/airflow/example_dags/example_latest_only.py took 0.031 seconds
[2024-05-09T16:33:12.341+0000] {processor.py:161} INFO - Started process (PID=1701) to work on /home/airflow/.local/lib/python3.12/site-packages/airflow/example_dags/example_latest_only.py
[2024-05-09T16:33:12.341+0000] {processor.py:830} INFO - Processing file /home/airflow/.local/lib/python3.12/site-packages/airflow/example_dags/example_latest_only.py for tasks to queue
[2024-05-09T16:33:12.342+0000] {logging_mixin.py:188} INFO - [2024-05-09T16:33:12.342+0000] {dagbag.py:545} INFO - Filling up the DagBag from /home/airflow/.local/lib/python3.12/site-packages/airflow/example_dags/example_latest_only.py
[2024-05-09T16:33:12.345+0000] {processor.py:840} INFO - DAG(s) 'latest_only' retrieved from /home/airflow/.local/lib/python3.12/site-packages/airflow/example_dags/example_latest_only.py
[2024-05-09T16:33:12.355+0000] {logging_mixin.py:188} INFO - [2024-05-09T16:33:12.355+0000] {dag.py:3096} INFO - Sync 1 DAGs
[2024-05-09T16:33:12.364+0000] {logging_mixin.py:188} INFO - [2024-05-09T16:33:12.364+0000] {dag.py:3954} INFO - Setting next_dagrun for latest_only to 2024-05-09 12:00:00+00:00, run_after=2024-05-09 16:00:00+00:00
[2024-05-09T16:33:12.371+0000] {processor.py:183} INFO - Processing /home/airflow/.local/lib/python3.12/site-packages/airflow/example_dags/example_latest_only.py took 0.033 seconds
[2024-05-09T16:33:42.901+0000] {processor.py:161} INFO - Started process (PID=1759) to work on /home/airflow/.local/lib/python3.12/site-packages/airflow/example_dags/example_latest_only.py
[2024-05-09T16:33:42.902+0000] {processor.py:830} INFO - Processing file /home/airflow/.local/lib/python3.12/site-packages/airflow/example_dags/example_latest_only.py for tasks to queue
[2024-05-09T16:33:42.902+0000] {logging_mixin.py:188} INFO - [2024-05-09T16:33:42.902+0000] {dagbag.py:545} INFO - Filling up the DagBag from /home/airflow/.local/lib/python3.12/site-packages/airflow/example_dags/example_latest_only.py
[2024-05-09T16:33:42.905+0000] {processor.py:840} INFO - DAG(s) 'latest_only' retrieved from /home/airflow/.local/lib/python3.12/site-packages/airflow/example_dags/example_latest_only.py
[2024-05-09T16:33:42.915+0000] {logging_mixin.py:188} INFO - [2024-05-09T16:33:42.914+0000] {dag.py:3096} INFO - Sync 1 DAGs
[2024-05-09T16:33:42.924+0000] {logging_mixin.py:188} INFO - [2024-05-09T16:33:42.923+0000] {dag.py:3954} INFO - Setting next_dagrun for latest_only to 2024-05-09 12:00:00+00:00, run_after=2024-05-09 16:00:00+00:00
[2024-05-09T16:33:42.930+0000] {processor.py:183} INFO - Processing /home/airflow/.local/lib/python3.12/site-packages/airflow/example_dags/example_latest_only.py took 0.032 seconds
[2024-05-09T16:34:13.654+0000] {processor.py:161} INFO - Started process (PID=1817) to work on /home/airflow/.local/lib/python3.12/site-packages/airflow/example_dags/example_latest_only.py
[2024-05-09T16:34:13.655+0000] {processor.py:830} INFO - Processing file /home/airflow/.local/lib/python3.12/site-packages/airflow/example_dags/example_latest_only.py for tasks to queue
[2024-05-09T16:34:13.655+0000] {logging_mixin.py:188} INFO - [2024-05-09T16:34:13.655+0000] {dagbag.py:545} INFO - Filling up the DagBag from /home/airflow/.local/lib/python3.12/site-packages/airflow/example_dags/example_latest_only.py
[2024-05-09T16:34:13.658+0000] {processor.py:840} INFO - DAG(s) 'latest_only' retrieved from /home/airflow/.local/lib/python3.12/site-packages/airflow/example_dags/example_latest_only.py
[2024-05-09T16:34:13.667+0000] {logging_mixin.py:188} INFO - [2024-05-09T16:34:13.667+0000] {dag.py:3096} INFO - Sync 1 DAGs
[2024-05-09T16:34:13.676+0000] {logging_mixin.py:188} INFO - [2024-05-09T16:34:13.676+0000] {dag.py:3954} INFO - Setting next_dagrun for latest_only to 2024-05-09 12:00:00+00:00, run_after=2024-05-09 16:00:00+00:00
[2024-05-09T16:34:13.683+0000] {processor.py:183} INFO - Processing /home/airflow/.local/lib/python3.12/site-packages/airflow/example_dags/example_latest_only.py took 0.032 seconds
[2024-05-09T16:34:44.146+0000] {processor.py:161} INFO - Started process (PID=1875) to work on /home/airflow/.local/lib/python3.12/site-packages/airflow/example_dags/example_latest_only.py
[2024-05-09T16:34:44.147+0000] {processor.py:830} INFO - Processing file /home/airflow/.local/lib/python3.12/site-packages/airflow/example_dags/example_latest_only.py for tasks to queue
[2024-05-09T16:34:44.148+0000] {logging_mixin.py:188} INFO - [2024-05-09T16:34:44.148+0000] {dagbag.py:545} INFO - Filling up the DagBag from /home/airflow/.local/lib/python3.12/site-packages/airflow/example_dags/example_latest_only.py
[2024-05-09T16:34:44.151+0000] {processor.py:840} INFO - DAG(s) 'latest_only' retrieved from /home/airflow/.local/lib/python3.12/site-packages/airflow/example_dags/example_latest_only.py
[2024-05-09T16:34:44.161+0000] {logging_mixin.py:188} INFO - [2024-05-09T16:34:44.160+0000] {dag.py:3096} INFO - Sync 1 DAGs
[2024-05-09T16:34:44.170+0000] {logging_mixin.py:188} INFO - [2024-05-09T16:34:44.170+0000] {dag.py:3954} INFO - Setting next_dagrun for latest_only to 2024-05-09 12:00:00+00:00, run_after=2024-05-09 16:00:00+00:00
[2024-05-09T16:34:44.177+0000] {processor.py:183} INFO - Processing /home/airflow/.local/lib/python3.12/site-packages/airflow/example_dags/example_latest_only.py took 0.034 seconds
[2024-05-09T16:35:14.610+0000] {processor.py:161} INFO - Started process (PID=1933) to work on /home/airflow/.local/lib/python3.12/site-packages/airflow/example_dags/example_latest_only.py
[2024-05-09T16:35:14.610+0000] {processor.py:830} INFO - Processing file /home/airflow/.local/lib/python3.12/site-packages/airflow/example_dags/example_latest_only.py for tasks to queue
[2024-05-09T16:35:14.611+0000] {logging_mixin.py:188} INFO - [2024-05-09T16:35:14.611+0000] {dagbag.py:545} INFO - Filling up the DagBag from /home/airflow/.local/lib/python3.12/site-packages/airflow/example_dags/example_latest_only.py
[2024-05-09T16:35:14.614+0000] {processor.py:840} INFO - DAG(s) 'latest_only' retrieved from /home/airflow/.local/lib/python3.12/site-packages/airflow/example_dags/example_latest_only.py
[2024-05-09T16:35:14.624+0000] {logging_mixin.py:188} INFO - [2024-05-09T16:35:14.624+0000] {dag.py:3096} INFO - Sync 1 DAGs
[2024-05-09T16:35:14.633+0000] {logging_mixin.py:188} INFO - [2024-05-09T16:35:14.633+0000] {dag.py:3954} INFO - Setting next_dagrun for latest_only to 2024-05-09 12:00:00+00:00, run_after=2024-05-09 16:00:00+00:00
[2024-05-09T16:35:14.640+0000] {processor.py:183} INFO - Processing /home/airflow/.local/lib/python3.12/site-packages/airflow/example_dags/example_latest_only.py took 0.032 seconds
[2024-05-09T16:35:45.307+0000] {processor.py:161} INFO - Started process (PID=1991) to work on /home/airflow/.local/lib/python3.12/site-packages/airflow/example_dags/example_latest_only.py
[2024-05-09T16:35:45.308+0000] {processor.py:830} INFO - Processing file /home/airflow/.local/lib/python3.12/site-packages/airflow/example_dags/example_latest_only.py for tasks to queue
[2024-05-09T16:35:45.309+0000] {logging_mixin.py:188} INFO - [2024-05-09T16:35:45.309+0000] {dagbag.py:545} INFO - Filling up the DagBag from /home/airflow/.local/lib/python3.12/site-packages/airflow/example_dags/example_latest_only.py
[2024-05-09T16:35:45.311+0000] {processor.py:840} INFO - DAG(s) 'latest_only' retrieved from /home/airflow/.local/lib/python3.12/site-packages/airflow/example_dags/example_latest_only.py
[2024-05-09T16:35:45.321+0000] {logging_mixin.py:188} INFO - [2024-05-09T16:35:45.321+0000] {dag.py:3096} INFO - Sync 1 DAGs
[2024-05-09T16:35:45.329+0000] {logging_mixin.py:188} INFO - [2024-05-09T16:35:45.329+0000] {dag.py:3954} INFO - Setting next_dagrun for latest_only to 2024-05-09 12:00:00+00:00, run_after=2024-05-09 16:00:00+00:00
[2024-05-09T16:35:45.337+0000] {processor.py:183} INFO - Processing /home/airflow/.local/lib/python3.12/site-packages/airflow/example_dags/example_latest_only.py took 0.032 seconds
[2024-05-09T16:36:15.646+0000] {processor.py:161} INFO - Started process (PID=2049) to work on /home/airflow/.local/lib/python3.12/site-packages/airflow/example_dags/example_latest_only.py
[2024-05-09T16:36:15.647+0000] {processor.py:830} INFO - Processing file /home/airflow/.local/lib/python3.12/site-packages/airflow/example_dags/example_latest_only.py for tasks to queue
[2024-05-09T16:36:15.648+0000] {logging_mixin.py:188} INFO - [2024-05-09T16:36:15.647+0000] {dagbag.py:545} INFO - Filling up the DagBag from /home/airflow/.local/lib/python3.12/site-packages/airflow/example_dags/example_latest_only.py
[2024-05-09T16:36:15.650+0000] {processor.py:840} INFO - DAG(s) 'latest_only' retrieved from /home/airflow/.local/lib/python3.12/site-packages/airflow/example_dags/example_latest_only.py
[2024-05-09T16:36:15.659+0000] {logging_mixin.py:188} INFO - [2024-05-09T16:36:15.659+0000] {dag.py:3096} INFO - Sync 1 DAGs
[2024-05-09T16:36:15.668+0000] {logging_mixin.py:188} INFO - [2024-05-09T16:36:15.668+0000] {dag.py:3954} INFO - Setting next_dagrun for latest_only to 2024-05-09 12:00:00+00:00, run_after=2024-05-09 16:00:00+00:00
[2024-05-09T16:36:15.675+0000] {processor.py:183} INFO - Processing /home/airflow/.local/lib/python3.12/site-packages/airflow/example_dags/example_latest_only.py took 0.031 seconds
[2024-05-09T16:36:46.958+0000] {processor.py:161} INFO - Started process (PID=2107) to work on /home/airflow/.local/lib/python3.12/site-packages/airflow/example_dags/example_latest_only.py
[2024-05-09T16:36:46.959+0000] {processor.py:830} INFO - Processing file /home/airflow/.local/lib/python3.12/site-packages/airflow/example_dags/example_latest_only.py for tasks to queue
[2024-05-09T16:36:46.960+0000] {logging_mixin.py:188} INFO - [2024-05-09T16:36:46.959+0000] {dagbag.py:545} INFO - Filling up the DagBag from /home/airflow/.local/lib/python3.12/site-packages/airflow/example_dags/example_latest_only.py
[2024-05-09T16:36:46.962+0000] {processor.py:840} INFO - DAG(s) 'latest_only' retrieved from /home/airflow/.local/lib/python3.12/site-packages/airflow/example_dags/example_latest_only.py
[2024-05-09T16:36:46.971+0000] {logging_mixin.py:188} INFO - [2024-05-09T16:36:46.971+0000] {dag.py:3096} INFO - Sync 1 DAGs
[2024-05-09T16:36:46.980+0000] {logging_mixin.py:188} INFO - [2024-05-09T16:36:46.980+0000] {dag.py:3954} INFO - Setting next_dagrun for latest_only to 2024-05-09 12:00:00+00:00, run_after=2024-05-09 16:00:00+00:00
[2024-05-09T16:36:46.987+0000] {processor.py:183} INFO - Processing /home/airflow/.local/lib/python3.12/site-packages/airflow/example_dags/example_latest_only.py took 0.032 seconds
[2024-05-09T16:37:17.999+0000] {processor.py:161} INFO - Started process (PID=2165) to work on /home/airflow/.local/lib/python3.12/site-packages/airflow/example_dags/example_latest_only.py
[2024-05-09T16:37:18.000+0000] {processor.py:830} INFO - Processing file /home/airflow/.local/lib/python3.12/site-packages/airflow/example_dags/example_latest_only.py for tasks to queue
[2024-05-09T16:37:18.001+0000] {logging_mixin.py:188} INFO - [2024-05-09T16:37:18.001+0000] {dagbag.py:545} INFO - Filling up the DagBag from /home/airflow/.local/lib/python3.12/site-packages/airflow/example_dags/example_latest_only.py
[2024-05-09T16:37:18.005+0000] {processor.py:840} INFO - DAG(s) 'latest_only' retrieved from /home/airflow/.local/lib/python3.12/site-packages/airflow/example_dags/example_latest_only.py
[2024-05-09T16:37:18.022+0000] {logging_mixin.py:188} INFO - [2024-05-09T16:37:18.022+0000] {dag.py:3096} INFO - Sync 1 DAGs
[2024-05-09T16:37:18.118+0000] {logging_mixin.py:188} INFO - [2024-05-09T16:37:18.118+0000] {dag.py:3954} INFO - Setting next_dagrun for latest_only to 2024-05-09 12:00:00+00:00, run_after=2024-05-09 16:00:00+00:00
[2024-05-09T16:37:18.125+0000] {processor.py:183} INFO - Processing /home/airflow/.local/lib/python3.12/site-packages/airflow/example_dags/example_latest_only.py took 0.130 seconds
[2024-05-09T16:37:48.972+0000] {processor.py:161} INFO - Started process (PID=2229) to work on /home/airflow/.local/lib/python3.12/site-packages/airflow/example_dags/example_latest_only.py
[2024-05-09T16:37:48.973+0000] {processor.py:830} INFO - Processing file /home/airflow/.local/lib/python3.12/site-packages/airflow/example_dags/example_latest_only.py for tasks to queue
[2024-05-09T16:37:48.974+0000] {logging_mixin.py:188} INFO - [2024-05-09T16:37:48.974+0000] {dagbag.py:545} INFO - Filling up the DagBag from /home/airflow/.local/lib/python3.12/site-packages/airflow/example_dags/example_latest_only.py
[2024-05-09T16:37:48.977+0000] {processor.py:840} INFO - DAG(s) 'latest_only' retrieved from /home/airflow/.local/lib/python3.12/site-packages/airflow/example_dags/example_latest_only.py
[2024-05-09T16:37:48.988+0000] {logging_mixin.py:188} INFO - [2024-05-09T16:37:48.988+0000] {dag.py:3096} INFO - Sync 1 DAGs
[2024-05-09T16:37:48.999+0000] {logging_mixin.py:188} INFO - [2024-05-09T16:37:48.999+0000] {dag.py:3954} INFO - Setting next_dagrun for latest_only to 2024-05-09 12:00:00+00:00, run_after=2024-05-09 16:00:00+00:00
[2024-05-09T16:37:49.120+0000] {processor.py:183} INFO - Processing /home/airflow/.local/lib/python3.12/site-packages/airflow/example_dags/example_latest_only.py took 0.151 seconds
[2024-05-09T16:38:19.673+0000] {processor.py:161} INFO - Started process (PID=2286) to work on /home/airflow/.local/lib/python3.12/site-packages/airflow/example_dags/example_latest_only.py
[2024-05-09T16:38:19.674+0000] {processor.py:830} INFO - Processing file /home/airflow/.local/lib/python3.12/site-packages/airflow/example_dags/example_latest_only.py for tasks to queue
[2024-05-09T16:38:19.675+0000] {logging_mixin.py:188} INFO - [2024-05-09T16:38:19.675+0000] {dagbag.py:545} INFO - Filling up the DagBag from /home/airflow/.local/lib/python3.12/site-packages/airflow/example_dags/example_latest_only.py
[2024-05-09T16:38:19.677+0000] {processor.py:840} INFO - DAG(s) 'latest_only' retrieved from /home/airflow/.local/lib/python3.12/site-packages/airflow/example_dags/example_latest_only.py
[2024-05-09T16:38:19.686+0000] {logging_mixin.py:188} INFO - [2024-05-09T16:38:19.686+0000] {dag.py:3096} INFO - Sync 1 DAGs
[2024-05-09T16:38:19.695+0000] {logging_mixin.py:188} INFO - [2024-05-09T16:38:19.695+0000] {dag.py:3954} INFO - Setting next_dagrun for latest_only to 2024-05-09 12:00:00+00:00, run_after=2024-05-09 16:00:00+00:00
[2024-05-09T16:38:19.703+0000] {processor.py:183} INFO - Processing /home/airflow/.local/lib/python3.12/site-packages/airflow/example_dags/example_latest_only.py took 0.032 seconds
[2024-05-09T16:38:50.277+0000] {processor.py:161} INFO - Started process (PID=2343) to work on /home/airflow/.local/lib/python3.12/site-packages/airflow/example_dags/example_latest_only.py
[2024-05-09T16:38:50.277+0000] {processor.py:830} INFO - Processing file /home/airflow/.local/lib/python3.12/site-packages/airflow/example_dags/example_latest_only.py for tasks to queue
[2024-05-09T16:38:50.278+0000] {logging_mixin.py:188} INFO - [2024-05-09T16:38:50.278+0000] {dagbag.py:545} INFO - Filling up the DagBag from /home/airflow/.local/lib/python3.12/site-packages/airflow/example_dags/example_latest_only.py
[2024-05-09T16:38:50.281+0000] {processor.py:840} INFO - DAG(s) 'latest_only' retrieved from /home/airflow/.local/lib/python3.12/site-packages/airflow/example_dags/example_latest_only.py
[2024-05-09T16:38:50.290+0000] {logging_mixin.py:188} INFO - [2024-05-09T16:38:50.290+0000] {dag.py:3096} INFO - Sync 1 DAGs
[2024-05-09T16:38:50.299+0000] {logging_mixin.py:188} INFO - [2024-05-09T16:38:50.299+0000] {dag.py:3954} INFO - Setting next_dagrun for latest_only to 2024-05-09 12:00:00+00:00, run_after=2024-05-09 16:00:00+00:00
[2024-05-09T16:38:50.306+0000] {processor.py:183} INFO - Processing /home/airflow/.local/lib/python3.12/site-packages/airflow/example_dags/example_latest_only.py took 0.032 seconds
[2024-05-09T16:39:21.035+0000] {processor.py:161} INFO - Started process (PID=2401) to work on /home/airflow/.local/lib/python3.12/site-packages/airflow/example_dags/example_latest_only.py
[2024-05-09T16:39:21.036+0000] {processor.py:830} INFO - Processing file /home/airflow/.local/lib/python3.12/site-packages/airflow/example_dags/example_latest_only.py for tasks to queue
[2024-05-09T16:39:21.037+0000] {logging_mixin.py:188} INFO - [2024-05-09T16:39:21.037+0000] {dagbag.py:545} INFO - Filling up the DagBag from /home/airflow/.local/lib/python3.12/site-packages/airflow/example_dags/example_latest_only.py
[2024-05-09T16:39:21.039+0000] {processor.py:840} INFO - DAG(s) 'latest_only' retrieved from /home/airflow/.local/lib/python3.12/site-packages/airflow/example_dags/example_latest_only.py
[2024-05-09T16:39:21.048+0000] {logging_mixin.py:188} INFO - [2024-05-09T16:39:21.048+0000] {dag.py:3096} INFO - Sync 1 DAGs
[2024-05-09T16:39:21.058+0000] {logging_mixin.py:188} INFO - [2024-05-09T16:39:21.058+0000] {dag.py:3954} INFO - Setting next_dagrun for latest_only to 2024-05-09 12:00:00+00:00, run_after=2024-05-09 16:00:00+00:00
[2024-05-09T16:39:21.065+0000] {processor.py:183} INFO - Processing /home/airflow/.local/lib/python3.12/site-packages/airflow/example_dags/example_latest_only.py took 0.032 seconds
[2024-05-09T16:39:51.709+0000] {processor.py:161} INFO - Started process (PID=2459) to work on /home/airflow/.local/lib/python3.12/site-packages/airflow/example_dags/example_latest_only.py
[2024-05-09T16:39:51.709+0000] {processor.py:830} INFO - Processing file /home/airflow/.local/lib/python3.12/site-packages/airflow/example_dags/example_latest_only.py for tasks to queue
[2024-05-09T16:39:51.710+0000] {logging_mixin.py:188} INFO - [2024-05-09T16:39:51.710+0000] {dagbag.py:545} INFO - Filling up the DagBag from /home/airflow/.local/lib/python3.12/site-packages/airflow/example_dags/example_latest_only.py
[2024-05-09T16:39:51.713+0000] {processor.py:840} INFO - DAG(s) 'latest_only' retrieved from /home/airflow/.local/lib/python3.12/site-packages/airflow/example_dags/example_latest_only.py
[2024-05-09T16:39:51.724+0000] {logging_mixin.py:188} INFO - [2024-05-09T16:39:51.724+0000] {dag.py:3096} INFO - Sync 1 DAGs
[2024-05-09T16:39:51.734+0000] {logging_mixin.py:188} INFO - [2024-05-09T16:39:51.734+0000] {dag.py:3954} INFO - Setting next_dagrun for latest_only to 2024-05-09 12:00:00+00:00, run_after=2024-05-09 16:00:00+00:00
[2024-05-09T16:39:51.741+0000] {processor.py:183} INFO - Processing /home/airflow/.local/lib/python3.12/site-packages/airflow/example_dags/example_latest_only.py took 0.035 seconds
[2024-05-09T16:40:22.359+0000] {processor.py:161} INFO - Started process (PID=2517) to work on /home/airflow/.local/lib/python3.12/site-packages/airflow/example_dags/example_latest_only.py
[2024-05-09T16:40:22.359+0000] {processor.py:830} INFO - Processing file /home/airflow/.local/lib/python3.12/site-packages/airflow/example_dags/example_latest_only.py for tasks to queue
[2024-05-09T16:40:22.360+0000] {logging_mixin.py:188} INFO - [2024-05-09T16:40:22.360+0000] {dagbag.py:545} INFO - Filling up the DagBag from /home/airflow/.local/lib/python3.12/site-packages/airflow/example_dags/example_latest_only.py
[2024-05-09T16:40:22.363+0000] {processor.py:840} INFO - DAG(s) 'latest_only' retrieved from /home/airflow/.local/lib/python3.12/site-packages/airflow/example_dags/example_latest_only.py
[2024-05-09T16:40:22.373+0000] {logging_mixin.py:188} INFO - [2024-05-09T16:40:22.372+0000] {dag.py:3096} INFO - Sync 1 DAGs
[2024-05-09T16:40:22.383+0000] {logging_mixin.py:188} INFO - [2024-05-09T16:40:22.383+0000] {dag.py:3954} INFO - Setting next_dagrun for latest_only to 2024-05-09 12:00:00+00:00, run_after=2024-05-09 16:00:00+00:00
[2024-05-09T16:40:22.389+0000] {processor.py:183} INFO - Processing /home/airflow/.local/lib/python3.12/site-packages/airflow/example_dags/example_latest_only.py took 0.034 seconds
[2024-05-09T16:40:53.027+0000] {processor.py:161} INFO - Started process (PID=2575) to work on /home/airflow/.local/lib/python3.12/site-packages/airflow/example_dags/example_latest_only.py
[2024-05-09T16:40:53.028+0000] {processor.py:830} INFO - Processing file /home/airflow/.local/lib/python3.12/site-packages/airflow/example_dags/example_latest_only.py for tasks to queue
[2024-05-09T16:40:53.029+0000] {logging_mixin.py:188} INFO - [2024-05-09T16:40:53.028+0000] {dagbag.py:545} INFO - Filling up the DagBag from /home/airflow/.local/lib/python3.12/site-packages/airflow/example_dags/example_latest_only.py
[2024-05-09T16:40:53.031+0000] {processor.py:840} INFO - DAG(s) 'latest_only' retrieved from /home/airflow/.local/lib/python3.12/site-packages/airflow/example_dags/example_latest_only.py
[2024-05-09T16:40:53.041+0000] {logging_mixin.py:188} INFO - [2024-05-09T16:40:53.041+0000] {dag.py:3096} INFO - Sync 1 DAGs
[2024-05-09T16:40:53.050+0000] {logging_mixin.py:188} INFO - [2024-05-09T16:40:53.050+0000] {dag.py:3954} INFO - Setting next_dagrun for latest_only to 2024-05-09 12:00:00+00:00, run_after=2024-05-09 16:00:00+00:00
[2024-05-09T16:40:53.058+0000] {processor.py:183} INFO - Processing /home/airflow/.local/lib/python3.12/site-packages/airflow/example_dags/example_latest_only.py took 0.034 seconds
[2024-05-09T16:41:23.697+0000] {processor.py:161} INFO - Started process (PID=2633) to work on /home/airflow/.local/lib/python3.12/site-packages/airflow/example_dags/example_latest_only.py
[2024-05-09T16:41:23.697+0000] {processor.py:830} INFO - Processing file /home/airflow/.local/lib/python3.12/site-packages/airflow/example_dags/example_latest_only.py for tasks to queue
[2024-05-09T16:41:23.698+0000] {logging_mixin.py:188} INFO - [2024-05-09T16:41:23.698+0000] {dagbag.py:545} INFO - Filling up the DagBag from /home/airflow/.local/lib/python3.12/site-packages/airflow/example_dags/example_latest_only.py
[2024-05-09T16:41:23.701+0000] {processor.py:840} INFO - DAG(s) 'latest_only' retrieved from /home/airflow/.local/lib/python3.12/site-packages/airflow/example_dags/example_latest_only.py
[2024-05-09T16:41:23.711+0000] {logging_mixin.py:188} INFO - [2024-05-09T16:41:23.711+0000] {dag.py:3096} INFO - Sync 1 DAGs
[2024-05-09T16:41:23.721+0000] {logging_mixin.py:188} INFO - [2024-05-09T16:41:23.721+0000] {dag.py:3954} INFO - Setting next_dagrun for latest_only to 2024-05-09 12:00:00+00:00, run_after=2024-05-09 16:00:00+00:00
[2024-05-09T16:41:23.728+0000] {processor.py:183} INFO - Processing /home/airflow/.local/lib/python3.12/site-packages/airflow/example_dags/example_latest_only.py took 0.035 seconds
[2024-05-09T16:41:54.522+0000] {processor.py:161} INFO - Started process (PID=2691) to work on /home/airflow/.local/lib/python3.12/site-packages/airflow/example_dags/example_latest_only.py
[2024-05-09T16:41:54.523+0000] {processor.py:830} INFO - Processing file /home/airflow/.local/lib/python3.12/site-packages/airflow/example_dags/example_latest_only.py for tasks to queue
[2024-05-09T16:41:54.524+0000] {logging_mixin.py:188} INFO - [2024-05-09T16:41:54.524+0000] {dagbag.py:545} INFO - Filling up the DagBag from /home/airflow/.local/lib/python3.12/site-packages/airflow/example_dags/example_latest_only.py
[2024-05-09T16:41:54.526+0000] {processor.py:840} INFO - DAG(s) 'latest_only' retrieved from /home/airflow/.local/lib/python3.12/site-packages/airflow/example_dags/example_latest_only.py
[2024-05-09T16:41:54.536+0000] {logging_mixin.py:188} INFO - [2024-05-09T16:41:54.536+0000] {dag.py:3096} INFO - Sync 1 DAGs
[2024-05-09T16:41:54.545+0000] {logging_mixin.py:188} INFO - [2024-05-09T16:41:54.545+0000] {dag.py:3954} INFO - Setting next_dagrun for latest_only to 2024-05-09 12:00:00+00:00, run_after=2024-05-09 16:00:00+00:00
[2024-05-09T16:41:54.552+0000] {processor.py:183} INFO - Processing /home/airflow/.local/lib/python3.12/site-packages/airflow/example_dags/example_latest_only.py took 0.033 seconds
[2024-05-09T16:42:25.203+0000] {processor.py:161} INFO - Started process (PID=2749) to work on /home/airflow/.local/lib/python3.12/site-packages/airflow/example_dags/example_latest_only.py
[2024-05-09T16:42:25.203+0000] {processor.py:830} INFO - Processing file /home/airflow/.local/lib/python3.12/site-packages/airflow/example_dags/example_latest_only.py for tasks to queue
[2024-05-09T16:42:25.204+0000] {logging_mixin.py:188} INFO - [2024-05-09T16:42:25.204+0000] {dagbag.py:545} INFO - Filling up the DagBag from /home/airflow/.local/lib/python3.12/site-packages/airflow/example_dags/example_latest_only.py
[2024-05-09T16:42:25.207+0000] {processor.py:840} INFO - DAG(s) 'latest_only' retrieved from /home/airflow/.local/lib/python3.12/site-packages/airflow/example_dags/example_latest_only.py
[2024-05-09T16:42:25.216+0000] {logging_mixin.py:188} INFO - [2024-05-09T16:42:25.216+0000] {dag.py:3096} INFO - Sync 1 DAGs
[2024-05-09T16:42:25.226+0000] {logging_mixin.py:188} INFO - [2024-05-09T16:42:25.226+0000] {dag.py:3954} INFO - Setting next_dagrun for latest_only to 2024-05-09 12:00:00+00:00, run_after=2024-05-09 16:00:00+00:00
[2024-05-09T16:42:25.233+0000] {processor.py:183} INFO - Processing /home/airflow/.local/lib/python3.12/site-packages/airflow/example_dags/example_latest_only.py took 0.033 seconds
[2024-05-09T16:42:55.883+0000] {processor.py:161} INFO - Started process (PID=2807) to work on /home/airflow/.local/lib/python3.12/site-packages/airflow/example_dags/example_latest_only.py
[2024-05-09T16:42:55.889+0000] {processor.py:830} INFO - Processing file /home/airflow/.local/lib/python3.12/site-packages/airflow/example_dags/example_latest_only.py for tasks to queue
[2024-05-09T16:42:55.890+0000] {logging_mixin.py:188} INFO - [2024-05-09T16:42:55.890+0000] {dagbag.py:545} INFO - Filling up the DagBag from /home/airflow/.local/lib/python3.12/site-packages/airflow/example_dags/example_latest_only.py
[2024-05-09T16:42:55.893+0000] {processor.py:840} INFO - DAG(s) 'latest_only' retrieved from /home/airflow/.local/lib/python3.12/site-packages/airflow/example_dags/example_latest_only.py
[2024-05-09T16:42:55.904+0000] {logging_mixin.py:188} INFO - [2024-05-09T16:42:55.904+0000] {dag.py:3096} INFO - Sync 1 DAGs
[2024-05-09T16:42:55.914+0000] {logging_mixin.py:188} INFO - [2024-05-09T16:42:55.914+0000] {dag.py:3954} INFO - Setting next_dagrun for latest_only to 2024-05-09 12:00:00+00:00, run_after=2024-05-09 16:00:00+00:00
[2024-05-09T16:42:55.921+0000] {processor.py:183} INFO - Processing /home/airflow/.local/lib/python3.12/site-packages/airflow/example_dags/example_latest_only.py took 0.043 seconds
