[2024-05-09T16:18:55.814+0000] {processor.py:161} INFO - Started process (PID=41) to work on /home/airflow/.local/lib/python3.12/site-packages/airflow/example_dags/example_setup_teardown.py
[2024-05-09T16:18:55.815+0000] {processor.py:830} INFO - Processing file /home/airflow/.local/lib/python3.12/site-packages/airflow/example_dags/example_setup_teardown.py for tasks to queue
[2024-05-09T16:18:55.816+0000] {logging_mixin.py:188} INFO - [2024-05-09T16:18:55.816+0000] {dagbag.py:545} INFO - Filling up the DagBag from /home/airflow/.local/lib/python3.12/site-packages/airflow/example_dags/example_setup_teardown.py
[2024-05-09T16:18:55.822+0000] {processor.py:840} INFO - DAG(s) 'example_setup_teardown' retrieved from /home/airflow/.local/lib/python3.12/site-packages/airflow/example_dags/example_setup_teardown.py
[2024-05-09T16:18:55.890+0000] {logging_mixin.py:188} INFO - [2024-05-09T16:18:55.890+0000] {override.py:1829} INFO - Created Permission View: can edit on DAG:example_setup_teardown
[2024-05-09T16:18:55.900+0000] {logging_mixin.py:188} INFO - [2024-05-09T16:18:55.899+0000] {override.py:1829} INFO - Created Permission View: can delete on DAG:example_setup_teardown
[2024-05-09T16:18:55.903+0000] {logging_mixin.py:188} INFO - [2024-05-09T16:18:55.902+0000] {override.py:1829} INFO - Created Permission View: can read on DAG:example_setup_teardown
[2024-05-09T16:18:55.903+0000] {logging_mixin.py:188} INFO - [2024-05-09T16:18:55.903+0000] {dag.py:3096} INFO - Sync 1 DAGs
[2024-05-09T16:18:55.909+0000] {logging_mixin.py:188} INFO - [2024-05-09T16:18:55.909+0000] {dag.py:3118} INFO - Creating ORM DAG for example_setup_teardown
[2024-05-09T16:18:55.914+0000] {logging_mixin.py:188} INFO - [2024-05-09T16:18:55.914+0000] {dag.py:3954} INFO - Setting next_dagrun for example_setup_teardown to 2024-05-08 00:00:00+00:00, run_after=2024-05-09 00:00:00+00:00
[2024-05-09T16:18:55.922+0000] {processor.py:183} INFO - Processing /home/airflow/.local/lib/python3.12/site-packages/airflow/example_dags/example_setup_teardown.py took 0.112 seconds
[2024-05-09T16:19:26.540+0000] {processor.py:161} INFO - Started process (PID=98) to work on /home/airflow/.local/lib/python3.12/site-packages/airflow/example_dags/example_setup_teardown.py
[2024-05-09T16:19:26.540+0000] {processor.py:830} INFO - Processing file /home/airflow/.local/lib/python3.12/site-packages/airflow/example_dags/example_setup_teardown.py for tasks to queue
[2024-05-09T16:19:26.541+0000] {logging_mixin.py:188} INFO - [2024-05-09T16:19:26.541+0000] {dagbag.py:545} INFO - Filling up the DagBag from /home/airflow/.local/lib/python3.12/site-packages/airflow/example_dags/example_setup_teardown.py
[2024-05-09T16:19:26.544+0000] {processor.py:840} INFO - DAG(s) 'example_setup_teardown' retrieved from /home/airflow/.local/lib/python3.12/site-packages/airflow/example_dags/example_setup_teardown.py
[2024-05-09T16:19:26.553+0000] {logging_mixin.py:188} INFO - [2024-05-09T16:19:26.553+0000] {dag.py:3096} INFO - Sync 1 DAGs
[2024-05-09T16:19:26.562+0000] {logging_mixin.py:188} INFO - [2024-05-09T16:19:26.562+0000] {dag.py:3954} INFO - Setting next_dagrun for example_setup_teardown to 2024-05-08 00:00:00+00:00, run_after=2024-05-09 00:00:00+00:00
[2024-05-09T16:19:26.569+0000] {processor.py:183} INFO - Processing /home/airflow/.local/lib/python3.12/site-packages/airflow/example_dags/example_setup_teardown.py took 0.032 seconds
[2024-05-09T16:19:57.037+0000] {processor.py:161} INFO - Started process (PID=156) to work on /home/airflow/.local/lib/python3.12/site-packages/airflow/example_dags/example_setup_teardown.py
[2024-05-09T16:19:57.038+0000] {processor.py:830} INFO - Processing file /home/airflow/.local/lib/python3.12/site-packages/airflow/example_dags/example_setup_teardown.py for tasks to queue
[2024-05-09T16:19:57.039+0000] {logging_mixin.py:188} INFO - [2024-05-09T16:19:57.039+0000] {dagbag.py:545} INFO - Filling up the DagBag from /home/airflow/.local/lib/python3.12/site-packages/airflow/example_dags/example_setup_teardown.py
[2024-05-09T16:19:57.042+0000] {processor.py:840} INFO - DAG(s) 'example_setup_teardown' retrieved from /home/airflow/.local/lib/python3.12/site-packages/airflow/example_dags/example_setup_teardown.py
[2024-05-09T16:19:57.051+0000] {logging_mixin.py:188} INFO - [2024-05-09T16:19:57.051+0000] {dag.py:3096} INFO - Sync 1 DAGs
[2024-05-09T16:19:57.060+0000] {logging_mixin.py:188} INFO - [2024-05-09T16:19:57.060+0000] {dag.py:3954} INFO - Setting next_dagrun for example_setup_teardown to 2024-05-08 00:00:00+00:00, run_after=2024-05-09 00:00:00+00:00
[2024-05-09T16:19:57.067+0000] {processor.py:183} INFO - Processing /home/airflow/.local/lib/python3.12/site-packages/airflow/example_dags/example_setup_teardown.py took 0.033 seconds
[2024-05-09T16:20:27.504+0000] {processor.py:161} INFO - Started process (PID=214) to work on /home/airflow/.local/lib/python3.12/site-packages/airflow/example_dags/example_setup_teardown.py
[2024-05-09T16:20:27.505+0000] {processor.py:830} INFO - Processing file /home/airflow/.local/lib/python3.12/site-packages/airflow/example_dags/example_setup_teardown.py for tasks to queue
[2024-05-09T16:20:27.506+0000] {logging_mixin.py:188} INFO - [2024-05-09T16:20:27.506+0000] {dagbag.py:545} INFO - Filling up the DagBag from /home/airflow/.local/lib/python3.12/site-packages/airflow/example_dags/example_setup_teardown.py
[2024-05-09T16:20:27.509+0000] {processor.py:840} INFO - DAG(s) 'example_setup_teardown' retrieved from /home/airflow/.local/lib/python3.12/site-packages/airflow/example_dags/example_setup_teardown.py
[2024-05-09T16:20:27.518+0000] {logging_mixin.py:188} INFO - [2024-05-09T16:20:27.518+0000] {dag.py:3096} INFO - Sync 1 DAGs
[2024-05-09T16:20:27.527+0000] {logging_mixin.py:188} INFO - [2024-05-09T16:20:27.526+0000] {dag.py:3954} INFO - Setting next_dagrun for example_setup_teardown to 2024-05-08 00:00:00+00:00, run_after=2024-05-09 00:00:00+00:00
[2024-05-09T16:20:27.533+0000] {processor.py:183} INFO - Processing /home/airflow/.local/lib/python3.12/site-packages/airflow/example_dags/example_setup_teardown.py took 0.032 seconds
[2024-05-09T16:20:57.995+0000] {processor.py:161} INFO - Started process (PID=272) to work on /home/airflow/.local/lib/python3.12/site-packages/airflow/example_dags/example_setup_teardown.py
[2024-05-09T16:20:57.996+0000] {processor.py:830} INFO - Processing file /home/airflow/.local/lib/python3.12/site-packages/airflow/example_dags/example_setup_teardown.py for tasks to queue
[2024-05-09T16:20:57.997+0000] {logging_mixin.py:188} INFO - [2024-05-09T16:20:57.997+0000] {dagbag.py:545} INFO - Filling up the DagBag from /home/airflow/.local/lib/python3.12/site-packages/airflow/example_dags/example_setup_teardown.py
[2024-05-09T16:20:58.000+0000] {processor.py:840} INFO - DAG(s) 'example_setup_teardown' retrieved from /home/airflow/.local/lib/python3.12/site-packages/airflow/example_dags/example_setup_teardown.py
[2024-05-09T16:20:58.009+0000] {logging_mixin.py:188} INFO - [2024-05-09T16:20:58.009+0000] {dag.py:3096} INFO - Sync 1 DAGs
[2024-05-09T16:20:58.018+0000] {logging_mixin.py:188} INFO - [2024-05-09T16:20:58.018+0000] {dag.py:3954} INFO - Setting next_dagrun for example_setup_teardown to 2024-05-08 00:00:00+00:00, run_after=2024-05-09 00:00:00+00:00
[2024-05-09T16:20:58.025+0000] {processor.py:183} INFO - Processing /home/airflow/.local/lib/python3.12/site-packages/airflow/example_dags/example_setup_teardown.py took 0.032 seconds
[2024-05-09T16:21:28.410+0000] {processor.py:161} INFO - Started process (PID=330) to work on /home/airflow/.local/lib/python3.12/site-packages/airflow/example_dags/example_setup_teardown.py
[2024-05-09T16:21:28.411+0000] {processor.py:830} INFO - Processing file /home/airflow/.local/lib/python3.12/site-packages/airflow/example_dags/example_setup_teardown.py for tasks to queue
[2024-05-09T16:21:28.412+0000] {logging_mixin.py:188} INFO - [2024-05-09T16:21:28.412+0000] {dagbag.py:545} INFO - Filling up the DagBag from /home/airflow/.local/lib/python3.12/site-packages/airflow/example_dags/example_setup_teardown.py
[2024-05-09T16:21:28.415+0000] {processor.py:840} INFO - DAG(s) 'example_setup_teardown' retrieved from /home/airflow/.local/lib/python3.12/site-packages/airflow/example_dags/example_setup_teardown.py
[2024-05-09T16:21:28.425+0000] {logging_mixin.py:188} INFO - [2024-05-09T16:21:28.425+0000] {dag.py:3096} INFO - Sync 1 DAGs
[2024-05-09T16:21:28.434+0000] {logging_mixin.py:188} INFO - [2024-05-09T16:21:28.434+0000] {dag.py:3954} INFO - Setting next_dagrun for example_setup_teardown to 2024-05-08 00:00:00+00:00, run_after=2024-05-09 00:00:00+00:00
[2024-05-09T16:21:28.440+0000] {processor.py:183} INFO - Processing /home/airflow/.local/lib/python3.12/site-packages/airflow/example_dags/example_setup_teardown.py took 0.033 seconds
[2024-05-09T16:21:58.921+0000] {processor.py:161} INFO - Started process (PID=388) to work on /home/airflow/.local/lib/python3.12/site-packages/airflow/example_dags/example_setup_teardown.py
[2024-05-09T16:21:58.921+0000] {processor.py:830} INFO - Processing file /home/airflow/.local/lib/python3.12/site-packages/airflow/example_dags/example_setup_teardown.py for tasks to queue
[2024-05-09T16:21:58.922+0000] {logging_mixin.py:188} INFO - [2024-05-09T16:21:58.922+0000] {dagbag.py:545} INFO - Filling up the DagBag from /home/airflow/.local/lib/python3.12/site-packages/airflow/example_dags/example_setup_teardown.py
[2024-05-09T16:21:58.926+0000] {processor.py:840} INFO - DAG(s) 'example_setup_teardown' retrieved from /home/airflow/.local/lib/python3.12/site-packages/airflow/example_dags/example_setup_teardown.py
[2024-05-09T16:21:58.935+0000] {logging_mixin.py:188} INFO - [2024-05-09T16:21:58.935+0000] {dag.py:3096} INFO - Sync 1 DAGs
[2024-05-09T16:21:58.944+0000] {logging_mixin.py:188} INFO - [2024-05-09T16:21:58.944+0000] {dag.py:3954} INFO - Setting next_dagrun for example_setup_teardown to 2024-05-08 00:00:00+00:00, run_after=2024-05-09 00:00:00+00:00
[2024-05-09T16:21:58.951+0000] {processor.py:183} INFO - Processing /home/airflow/.local/lib/python3.12/site-packages/airflow/example_dags/example_setup_teardown.py took 0.033 seconds
[2024-05-09T16:22:29.426+0000] {processor.py:161} INFO - Started process (PID=446) to work on /home/airflow/.local/lib/python3.12/site-packages/airflow/example_dags/example_setup_teardown.py
[2024-05-09T16:22:29.426+0000] {processor.py:830} INFO - Processing file /home/airflow/.local/lib/python3.12/site-packages/airflow/example_dags/example_setup_teardown.py for tasks to queue
[2024-05-09T16:22:29.427+0000] {logging_mixin.py:188} INFO - [2024-05-09T16:22:29.427+0000] {dagbag.py:545} INFO - Filling up the DagBag from /home/airflow/.local/lib/python3.12/site-packages/airflow/example_dags/example_setup_teardown.py
[2024-05-09T16:22:29.430+0000] {processor.py:840} INFO - DAG(s) 'example_setup_teardown' retrieved from /home/airflow/.local/lib/python3.12/site-packages/airflow/example_dags/example_setup_teardown.py
[2024-05-09T16:22:29.439+0000] {logging_mixin.py:188} INFO - [2024-05-09T16:22:29.439+0000] {dag.py:3096} INFO - Sync 1 DAGs
[2024-05-09T16:22:29.448+0000] {logging_mixin.py:188} INFO - [2024-05-09T16:22:29.448+0000] {dag.py:3954} INFO - Setting next_dagrun for example_setup_teardown to 2024-05-08 00:00:00+00:00, run_after=2024-05-09 00:00:00+00:00
[2024-05-09T16:22:29.455+0000] {processor.py:183} INFO - Processing /home/airflow/.local/lib/python3.12/site-packages/airflow/example_dags/example_setup_teardown.py took 0.032 seconds
[2024-05-09T16:22:59.922+0000] {processor.py:161} INFO - Started process (PID=504) to work on /home/airflow/.local/lib/python3.12/site-packages/airflow/example_dags/example_setup_teardown.py
[2024-05-09T16:22:59.922+0000] {processor.py:830} INFO - Processing file /home/airflow/.local/lib/python3.12/site-packages/airflow/example_dags/example_setup_teardown.py for tasks to queue
[2024-05-09T16:22:59.923+0000] {logging_mixin.py:188} INFO - [2024-05-09T16:22:59.923+0000] {dagbag.py:545} INFO - Filling up the DagBag from /home/airflow/.local/lib/python3.12/site-packages/airflow/example_dags/example_setup_teardown.py
[2024-05-09T16:22:59.926+0000] {processor.py:840} INFO - DAG(s) 'example_setup_teardown' retrieved from /home/airflow/.local/lib/python3.12/site-packages/airflow/example_dags/example_setup_teardown.py
[2024-05-09T16:22:59.935+0000] {logging_mixin.py:188} INFO - [2024-05-09T16:22:59.935+0000] {dag.py:3096} INFO - Sync 1 DAGs
[2024-05-09T16:22:59.944+0000] {logging_mixin.py:188} INFO - [2024-05-09T16:22:59.944+0000] {dag.py:3954} INFO - Setting next_dagrun for example_setup_teardown to 2024-05-08 00:00:00+00:00, run_after=2024-05-09 00:00:00+00:00
[2024-05-09T16:22:59.951+0000] {processor.py:183} INFO - Processing /home/airflow/.local/lib/python3.12/site-packages/airflow/example_dags/example_setup_teardown.py took 0.032 seconds
[2024-05-09T16:23:30.385+0000] {processor.py:161} INFO - Started process (PID=562) to work on /home/airflow/.local/lib/python3.12/site-packages/airflow/example_dags/example_setup_teardown.py
[2024-05-09T16:23:30.386+0000] {processor.py:830} INFO - Processing file /home/airflow/.local/lib/python3.12/site-packages/airflow/example_dags/example_setup_teardown.py for tasks to queue
[2024-05-09T16:23:30.387+0000] {logging_mixin.py:188} INFO - [2024-05-09T16:23:30.387+0000] {dagbag.py:545} INFO - Filling up the DagBag from /home/airflow/.local/lib/python3.12/site-packages/airflow/example_dags/example_setup_teardown.py
[2024-05-09T16:23:30.391+0000] {processor.py:840} INFO - DAG(s) 'example_setup_teardown' retrieved from /home/airflow/.local/lib/python3.12/site-packages/airflow/example_dags/example_setup_teardown.py
[2024-05-09T16:23:30.400+0000] {logging_mixin.py:188} INFO - [2024-05-09T16:23:30.400+0000] {dag.py:3096} INFO - Sync 1 DAGs
[2024-05-09T16:23:30.410+0000] {logging_mixin.py:188} INFO - [2024-05-09T16:23:30.410+0000] {dag.py:3954} INFO - Setting next_dagrun for example_setup_teardown to 2024-05-08 00:00:00+00:00, run_after=2024-05-09 00:00:00+00:00
[2024-05-09T16:23:30.417+0000] {processor.py:183} INFO - Processing /home/airflow/.local/lib/python3.12/site-packages/airflow/example_dags/example_setup_teardown.py took 0.035 seconds
[2024-05-09T16:24:00.970+0000] {processor.py:161} INFO - Started process (PID=620) to work on /home/airflow/.local/lib/python3.12/site-packages/airflow/example_dags/example_setup_teardown.py
[2024-05-09T16:24:00.971+0000] {processor.py:830} INFO - Processing file /home/airflow/.local/lib/python3.12/site-packages/airflow/example_dags/example_setup_teardown.py for tasks to queue
[2024-05-09T16:24:00.972+0000] {logging_mixin.py:188} INFO - [2024-05-09T16:24:00.972+0000] {dagbag.py:545} INFO - Filling up the DagBag from /home/airflow/.local/lib/python3.12/site-packages/airflow/example_dags/example_setup_teardown.py
[2024-05-09T16:24:00.975+0000] {processor.py:840} INFO - DAG(s) 'example_setup_teardown' retrieved from /home/airflow/.local/lib/python3.12/site-packages/airflow/example_dags/example_setup_teardown.py
[2024-05-09T16:24:00.984+0000] {logging_mixin.py:188} INFO - [2024-05-09T16:24:00.984+0000] {dag.py:3096} INFO - Sync 1 DAGs
[2024-05-09T16:24:00.993+0000] {logging_mixin.py:188} INFO - [2024-05-09T16:24:00.993+0000] {dag.py:3954} INFO - Setting next_dagrun for example_setup_teardown to 2024-05-08 00:00:00+00:00, run_after=2024-05-09 00:00:00+00:00
[2024-05-09T16:24:01.999+0000] {processor.py:183} INFO - Processing /home/airflow/.local/lib/python3.12/site-packages/airflow/example_dags/example_setup_teardown.py took 0.032 seconds
[2024-05-09T16:24:31.426+0000] {processor.py:161} INFO - Started process (PID=678) to work on /home/airflow/.local/lib/python3.12/site-packages/airflow/example_dags/example_setup_teardown.py
[2024-05-09T16:24:31.426+0000] {processor.py:830} INFO - Processing file /home/airflow/.local/lib/python3.12/site-packages/airflow/example_dags/example_setup_teardown.py for tasks to queue
[2024-05-09T16:24:31.427+0000] {logging_mixin.py:188} INFO - [2024-05-09T16:24:31.427+0000] {dagbag.py:545} INFO - Filling up the DagBag from /home/airflow/.local/lib/python3.12/site-packages/airflow/example_dags/example_setup_teardown.py
[2024-05-09T16:24:31.431+0000] {processor.py:840} INFO - DAG(s) 'example_setup_teardown' retrieved from /home/airflow/.local/lib/python3.12/site-packages/airflow/example_dags/example_setup_teardown.py
[2024-05-09T16:24:31.440+0000] {logging_mixin.py:188} INFO - [2024-05-09T16:24:31.439+0000] {dag.py:3096} INFO - Sync 1 DAGs
[2024-05-09T16:24:31.449+0000] {logging_mixin.py:188} INFO - [2024-05-09T16:24:31.448+0000] {dag.py:3954} INFO - Setting next_dagrun for example_setup_teardown to 2024-05-08 00:00:00+00:00, run_after=2024-05-09 00:00:00+00:00
[2024-05-09T16:24:31.456+0000] {processor.py:183} INFO - Processing /home/airflow/.local/lib/python3.12/site-packages/airflow/example_dags/example_setup_teardown.py took 0.032 seconds
[2024-05-09T16:25:01.897+0000] {processor.py:161} INFO - Started process (PID=740) to work on /home/airflow/.local/lib/python3.12/site-packages/airflow/example_dags/example_setup_teardown.py
[2024-05-09T16:25:01.898+0000] {processor.py:830} INFO - Processing file /home/airflow/.local/lib/python3.12/site-packages/airflow/example_dags/example_setup_teardown.py for tasks to queue
[2024-05-09T16:25:01.899+0000] {logging_mixin.py:188} INFO - [2024-05-09T16:25:01.899+0000] {dagbag.py:545} INFO - Filling up the DagBag from /home/airflow/.local/lib/python3.12/site-packages/airflow/example_dags/example_setup_teardown.py
[2024-05-09T16:25:01.902+0000] {processor.py:840} INFO - DAG(s) 'example_setup_teardown' retrieved from /home/airflow/.local/lib/python3.12/site-packages/airflow/example_dags/example_setup_teardown.py
[2024-05-09T16:25:01.911+0000] {logging_mixin.py:188} INFO - [2024-05-09T16:25:01.911+0000] {dag.py:3096} INFO - Sync 1 DAGs
[2024-05-09T16:25:01.920+0000] {logging_mixin.py:188} INFO - [2024-05-09T16:25:01.920+0000] {dag.py:3954} INFO - Setting next_dagrun for example_setup_teardown to 2024-05-08 00:00:00+00:00, run_after=2024-05-09 00:00:00+00:00
[2024-05-09T16:25:01.927+0000] {processor.py:183} INFO - Processing /home/airflow/.local/lib/python3.12/site-packages/airflow/example_dags/example_setup_teardown.py took 0.033 seconds
[2024-05-09T16:25:32.352+0000] {processor.py:161} INFO - Started process (PID=798) to work on /home/airflow/.local/lib/python3.12/site-packages/airflow/example_dags/example_setup_teardown.py
[2024-05-09T16:25:32.353+0000] {processor.py:830} INFO - Processing file /home/airflow/.local/lib/python3.12/site-packages/airflow/example_dags/example_setup_teardown.py for tasks to queue
[2024-05-09T16:25:32.354+0000] {logging_mixin.py:188} INFO - [2024-05-09T16:25:32.354+0000] {dagbag.py:545} INFO - Filling up the DagBag from /home/airflow/.local/lib/python3.12/site-packages/airflow/example_dags/example_setup_teardown.py
[2024-05-09T16:25:32.357+0000] {processor.py:840} INFO - DAG(s) 'example_setup_teardown' retrieved from /home/airflow/.local/lib/python3.12/site-packages/airflow/example_dags/example_setup_teardown.py
[2024-05-09T16:25:32.367+0000] {logging_mixin.py:188} INFO - [2024-05-09T16:25:32.367+0000] {dag.py:3096} INFO - Sync 1 DAGs
[2024-05-09T16:25:32.376+0000] {logging_mixin.py:188} INFO - [2024-05-09T16:25:32.376+0000] {dag.py:3954} INFO - Setting next_dagrun for example_setup_teardown to 2024-05-08 00:00:00+00:00, run_after=2024-05-09 00:00:00+00:00
[2024-05-09T16:25:32.383+0000] {processor.py:183} INFO - Processing /home/airflow/.local/lib/python3.12/site-packages/airflow/example_dags/example_setup_teardown.py took 0.033 seconds
[2024-05-09T16:26:02.865+0000] {processor.py:161} INFO - Started process (PID=856) to work on /home/airflow/.local/lib/python3.12/site-packages/airflow/example_dags/example_setup_teardown.py
[2024-05-09T16:26:02.866+0000] {processor.py:830} INFO - Processing file /home/airflow/.local/lib/python3.12/site-packages/airflow/example_dags/example_setup_teardown.py for tasks to queue
[2024-05-09T16:26:02.867+0000] {logging_mixin.py:188} INFO - [2024-05-09T16:26:02.867+0000] {dagbag.py:545} INFO - Filling up the DagBag from /home/airflow/.local/lib/python3.12/site-packages/airflow/example_dags/example_setup_teardown.py
[2024-05-09T16:26:02.871+0000] {processor.py:840} INFO - DAG(s) 'example_setup_teardown' retrieved from /home/airflow/.local/lib/python3.12/site-packages/airflow/example_dags/example_setup_teardown.py
[2024-05-09T16:26:02.880+0000] {logging_mixin.py:188} INFO - [2024-05-09T16:26:02.880+0000] {dag.py:3096} INFO - Sync 1 DAGs
[2024-05-09T16:26:02.889+0000] {logging_mixin.py:188} INFO - [2024-05-09T16:26:02.889+0000] {dag.py:3954} INFO - Setting next_dagrun for example_setup_teardown to 2024-05-08 00:00:00+00:00, run_after=2024-05-09 00:00:00+00:00
[2024-05-09T16:26:02.896+0000] {processor.py:183} INFO - Processing /home/airflow/.local/lib/python3.12/site-packages/airflow/example_dags/example_setup_teardown.py took 0.034 seconds
[2024-05-09T16:26:33.442+0000] {processor.py:161} INFO - Started process (PID=914) to work on /home/airflow/.local/lib/python3.12/site-packages/airflow/example_dags/example_setup_teardown.py
[2024-05-09T16:26:33.443+0000] {processor.py:830} INFO - Processing file /home/airflow/.local/lib/python3.12/site-packages/airflow/example_dags/example_setup_teardown.py for tasks to queue
[2024-05-09T16:26:33.444+0000] {logging_mixin.py:188} INFO - [2024-05-09T16:26:33.443+0000] {dagbag.py:545} INFO - Filling up the DagBag from /home/airflow/.local/lib/python3.12/site-packages/airflow/example_dags/example_setup_teardown.py
[2024-05-09T16:26:33.447+0000] {processor.py:840} INFO - DAG(s) 'example_setup_teardown' retrieved from /home/airflow/.local/lib/python3.12/site-packages/airflow/example_dags/example_setup_teardown.py
[2024-05-09T16:26:33.456+0000] {logging_mixin.py:188} INFO - [2024-05-09T16:26:33.456+0000] {dag.py:3096} INFO - Sync 1 DAGs
[2024-05-09T16:26:33.466+0000] {logging_mixin.py:188} INFO - [2024-05-09T16:26:33.466+0000] {dag.py:3954} INFO - Setting next_dagrun for example_setup_teardown to 2024-05-08 00:00:00+00:00, run_after=2024-05-09 00:00:00+00:00
[2024-05-09T16:26:33.476+0000] {processor.py:183} INFO - Processing /home/airflow/.local/lib/python3.12/site-packages/airflow/example_dags/example_setup_teardown.py took 0.037 seconds
[2024-05-09T16:27:03.899+0000] {processor.py:161} INFO - Started process (PID=972) to work on /home/airflow/.local/lib/python3.12/site-packages/airflow/example_dags/example_setup_teardown.py
[2024-05-09T16:27:03.899+0000] {processor.py:830} INFO - Processing file /home/airflow/.local/lib/python3.12/site-packages/airflow/example_dags/example_setup_teardown.py for tasks to queue
[2024-05-09T16:27:03.900+0000] {logging_mixin.py:188} INFO - [2024-05-09T16:27:03.900+0000] {dagbag.py:545} INFO - Filling up the DagBag from /home/airflow/.local/lib/python3.12/site-packages/airflow/example_dags/example_setup_teardown.py
[2024-05-09T16:27:03.903+0000] {processor.py:840} INFO - DAG(s) 'example_setup_teardown' retrieved from /home/airflow/.local/lib/python3.12/site-packages/airflow/example_dags/example_setup_teardown.py
[2024-05-09T16:27:03.913+0000] {logging_mixin.py:188} INFO - [2024-05-09T16:27:03.912+0000] {dag.py:3096} INFO - Sync 1 DAGs
[2024-05-09T16:27:03.921+0000] {logging_mixin.py:188} INFO - [2024-05-09T16:27:03.921+0000] {dag.py:3954} INFO - Setting next_dagrun for example_setup_teardown to 2024-05-08 00:00:00+00:00, run_after=2024-05-09 00:00:00+00:00
[2024-05-09T16:27:03.928+0000] {processor.py:183} INFO - Processing /home/airflow/.local/lib/python3.12/site-packages/airflow/example_dags/example_setup_teardown.py took 0.032 seconds
[2024-05-09T16:27:34.419+0000] {processor.py:161} INFO - Started process (PID=1030) to work on /home/airflow/.local/lib/python3.12/site-packages/airflow/example_dags/example_setup_teardown.py
[2024-05-09T16:27:34.420+0000] {processor.py:830} INFO - Processing file /home/airflow/.local/lib/python3.12/site-packages/airflow/example_dags/example_setup_teardown.py for tasks to queue
[2024-05-09T16:27:34.421+0000] {logging_mixin.py:188} INFO - [2024-05-09T16:27:34.421+0000] {dagbag.py:545} INFO - Filling up the DagBag from /home/airflow/.local/lib/python3.12/site-packages/airflow/example_dags/example_setup_teardown.py
[2024-05-09T16:27:34.424+0000] {processor.py:840} INFO - DAG(s) 'example_setup_teardown' retrieved from /home/airflow/.local/lib/python3.12/site-packages/airflow/example_dags/example_setup_teardown.py
[2024-05-09T16:27:34.434+0000] {logging_mixin.py:188} INFO - [2024-05-09T16:27:34.434+0000] {dag.py:3096} INFO - Sync 1 DAGs
[2024-05-09T16:27:34.443+0000] {logging_mixin.py:188} INFO - [2024-05-09T16:27:34.443+0000] {dag.py:3954} INFO - Setting next_dagrun for example_setup_teardown to 2024-05-08 00:00:00+00:00, run_after=2024-05-09 00:00:00+00:00
[2024-05-09T16:27:34.449+0000] {processor.py:183} INFO - Processing /home/airflow/.local/lib/python3.12/site-packages/airflow/example_dags/example_setup_teardown.py took 0.033 seconds
[2024-05-09T16:28:04.913+0000] {processor.py:161} INFO - Started process (PID=1088) to work on /home/airflow/.local/lib/python3.12/site-packages/airflow/example_dags/example_setup_teardown.py
[2024-05-09T16:28:04.914+0000] {processor.py:830} INFO - Processing file /home/airflow/.local/lib/python3.12/site-packages/airflow/example_dags/example_setup_teardown.py for tasks to queue
[2024-05-09T16:28:04.915+0000] {logging_mixin.py:188} INFO - [2024-05-09T16:28:04.915+0000] {dagbag.py:545} INFO - Filling up the DagBag from /home/airflow/.local/lib/python3.12/site-packages/airflow/example_dags/example_setup_teardown.py
[2024-05-09T16:28:04.918+0000] {processor.py:840} INFO - DAG(s) 'example_setup_teardown' retrieved from /home/airflow/.local/lib/python3.12/site-packages/airflow/example_dags/example_setup_teardown.py
[2024-05-09T16:28:04.928+0000] {logging_mixin.py:188} INFO - [2024-05-09T16:28:04.928+0000] {dag.py:3096} INFO - Sync 1 DAGs
[2024-05-09T16:28:04.937+0000] {logging_mixin.py:188} INFO - [2024-05-09T16:28:04.937+0000] {dag.py:3954} INFO - Setting next_dagrun for example_setup_teardown to 2024-05-08 00:00:00+00:00, run_after=2024-05-09 00:00:00+00:00
[2024-05-09T16:28:04.944+0000] {processor.py:183} INFO - Processing /home/airflow/.local/lib/python3.12/site-packages/airflow/example_dags/example_setup_teardown.py took 0.033 seconds
[2024-05-09T16:28:35.483+0000] {processor.py:161} INFO - Started process (PID=1146) to work on /home/airflow/.local/lib/python3.12/site-packages/airflow/example_dags/example_setup_teardown.py
[2024-05-09T16:28:35.484+0000] {processor.py:830} INFO - Processing file /home/airflow/.local/lib/python3.12/site-packages/airflow/example_dags/example_setup_teardown.py for tasks to queue
[2024-05-09T16:28:35.484+0000] {logging_mixin.py:188} INFO - [2024-05-09T16:28:35.484+0000] {dagbag.py:545} INFO - Filling up the DagBag from /home/airflow/.local/lib/python3.12/site-packages/airflow/example_dags/example_setup_teardown.py
[2024-05-09T16:28:35.488+0000] {processor.py:840} INFO - DAG(s) 'example_setup_teardown' retrieved from /home/airflow/.local/lib/python3.12/site-packages/airflow/example_dags/example_setup_teardown.py
[2024-05-09T16:28:35.497+0000] {logging_mixin.py:188} INFO - [2024-05-09T16:28:35.497+0000] {dag.py:3096} INFO - Sync 1 DAGs
[2024-05-09T16:28:35.506+0000] {logging_mixin.py:188} INFO - [2024-05-09T16:28:35.505+0000] {dag.py:3954} INFO - Setting next_dagrun for example_setup_teardown to 2024-05-08 00:00:00+00:00, run_after=2024-05-09 00:00:00+00:00
[2024-05-09T16:28:35.513+0000] {processor.py:183} INFO - Processing /home/airflow/.local/lib/python3.12/site-packages/airflow/example_dags/example_setup_teardown.py took 0.032 seconds
[2024-05-09T16:29:06.007+0000] {processor.py:161} INFO - Started process (PID=1204) to work on /home/airflow/.local/lib/python3.12/site-packages/airflow/example_dags/example_setup_teardown.py
[2024-05-09T16:29:06.007+0000] {processor.py:830} INFO - Processing file /home/airflow/.local/lib/python3.12/site-packages/airflow/example_dags/example_setup_teardown.py for tasks to queue
[2024-05-09T16:29:06.008+0000] {logging_mixin.py:188} INFO - [2024-05-09T16:29:06.008+0000] {dagbag.py:545} INFO - Filling up the DagBag from /home/airflow/.local/lib/python3.12/site-packages/airflow/example_dags/example_setup_teardown.py
[2024-05-09T16:29:06.012+0000] {processor.py:840} INFO - DAG(s) 'example_setup_teardown' retrieved from /home/airflow/.local/lib/python3.12/site-packages/airflow/example_dags/example_setup_teardown.py
[2024-05-09T16:29:06.021+0000] {logging_mixin.py:188} INFO - [2024-05-09T16:29:06.021+0000] {dag.py:3096} INFO - Sync 1 DAGs
[2024-05-09T16:29:06.029+0000] {logging_mixin.py:188} INFO - [2024-05-09T16:29:06.029+0000] {dag.py:3954} INFO - Setting next_dagrun for example_setup_teardown to 2024-05-08 00:00:00+00:00, run_after=2024-05-09 00:00:00+00:00
[2024-05-09T16:29:06.036+0000] {processor.py:183} INFO - Processing /home/airflow/.local/lib/python3.12/site-packages/airflow/example_dags/example_setup_teardown.py took 0.032 seconds
[2024-05-09T16:29:36.453+0000] {processor.py:161} INFO - Started process (PID=1262) to work on /home/airflow/.local/lib/python3.12/site-packages/airflow/example_dags/example_setup_teardown.py
[2024-05-09T16:29:36.453+0000] {processor.py:830} INFO - Processing file /home/airflow/.local/lib/python3.12/site-packages/airflow/example_dags/example_setup_teardown.py for tasks to queue
[2024-05-09T16:29:36.454+0000] {logging_mixin.py:188} INFO - [2024-05-09T16:29:36.454+0000] {dagbag.py:545} INFO - Filling up the DagBag from /home/airflow/.local/lib/python3.12/site-packages/airflow/example_dags/example_setup_teardown.py
[2024-05-09T16:29:36.457+0000] {processor.py:840} INFO - DAG(s) 'example_setup_teardown' retrieved from /home/airflow/.local/lib/python3.12/site-packages/airflow/example_dags/example_setup_teardown.py
[2024-05-09T16:29:36.466+0000] {logging_mixin.py:188} INFO - [2024-05-09T16:29:36.466+0000] {dag.py:3096} INFO - Sync 1 DAGs
[2024-05-09T16:29:36.475+0000] {logging_mixin.py:188} INFO - [2024-05-09T16:29:36.475+0000] {dag.py:3954} INFO - Setting next_dagrun for example_setup_teardown to 2024-05-08 00:00:00+00:00, run_after=2024-05-09 00:00:00+00:00
[2024-05-09T16:29:36.483+0000] {processor.py:183} INFO - Processing /home/airflow/.local/lib/python3.12/site-packages/airflow/example_dags/example_setup_teardown.py took 0.033 seconds
[2024-05-09T16:30:07.088+0000] {processor.py:161} INFO - Started process (PID=1320) to work on /home/airflow/.local/lib/python3.12/site-packages/airflow/example_dags/example_setup_teardown.py
[2024-05-09T16:30:07.089+0000] {processor.py:830} INFO - Processing file /home/airflow/.local/lib/python3.12/site-packages/airflow/example_dags/example_setup_teardown.py for tasks to queue
[2024-05-09T16:30:07.090+0000] {logging_mixin.py:188} INFO - [2024-05-09T16:30:07.090+0000] {dagbag.py:545} INFO - Filling up the DagBag from /home/airflow/.local/lib/python3.12/site-packages/airflow/example_dags/example_setup_teardown.py
[2024-05-09T16:30:07.093+0000] {processor.py:840} INFO - DAG(s) 'example_setup_teardown' retrieved from /home/airflow/.local/lib/python3.12/site-packages/airflow/example_dags/example_setup_teardown.py
[2024-05-09T16:30:07.103+0000] {logging_mixin.py:188} INFO - [2024-05-09T16:30:07.103+0000] {dag.py:3096} INFO - Sync 1 DAGs
[2024-05-09T16:30:07.112+0000] {logging_mixin.py:188} INFO - [2024-05-09T16:30:07.112+0000] {dag.py:3954} INFO - Setting next_dagrun for example_setup_teardown to 2024-05-08 00:00:00+00:00, run_after=2024-05-09 00:00:00+00:00
[2024-05-09T16:30:07.119+0000] {processor.py:183} INFO - Processing /home/airflow/.local/lib/python3.12/site-packages/airflow/example_dags/example_setup_teardown.py took 0.033 seconds
[2024-05-09T16:30:37.666+0000] {processor.py:161} INFO - Started process (PID=1378) to work on /home/airflow/.local/lib/python3.12/site-packages/airflow/example_dags/example_setup_teardown.py
[2024-05-09T16:30:37.666+0000] {processor.py:830} INFO - Processing file /home/airflow/.local/lib/python3.12/site-packages/airflow/example_dags/example_setup_teardown.py for tasks to queue
[2024-05-09T16:30:37.667+0000] {logging_mixin.py:188} INFO - [2024-05-09T16:30:37.667+0000] {dagbag.py:545} INFO - Filling up the DagBag from /home/airflow/.local/lib/python3.12/site-packages/airflow/example_dags/example_setup_teardown.py
[2024-05-09T16:30:37.671+0000] {processor.py:840} INFO - DAG(s) 'example_setup_teardown' retrieved from /home/airflow/.local/lib/python3.12/site-packages/airflow/example_dags/example_setup_teardown.py
[2024-05-09T16:30:37.680+0000] {logging_mixin.py:188} INFO - [2024-05-09T16:30:37.680+0000] {dag.py:3096} INFO - Sync 1 DAGs
[2024-05-09T16:30:37.689+0000] {logging_mixin.py:188} INFO - [2024-05-09T16:30:37.689+0000] {dag.py:3954} INFO - Setting next_dagrun for example_setup_teardown to 2024-05-08 00:00:00+00:00, run_after=2024-05-09 00:00:00+00:00
[2024-05-09T16:30:37.697+0000] {processor.py:183} INFO - Processing /home/airflow/.local/lib/python3.12/site-packages/airflow/example_dags/example_setup_teardown.py took 0.034 seconds
[2024-05-09T16:31:08.222+0000] {processor.py:161} INFO - Started process (PID=1436) to work on /home/airflow/.local/lib/python3.12/site-packages/airflow/example_dags/example_setup_teardown.py
[2024-05-09T16:31:08.222+0000] {processor.py:830} INFO - Processing file /home/airflow/.local/lib/python3.12/site-packages/airflow/example_dags/example_setup_teardown.py for tasks to queue
[2024-05-09T16:31:08.223+0000] {logging_mixin.py:188} INFO - [2024-05-09T16:31:08.223+0000] {dagbag.py:545} INFO - Filling up the DagBag from /home/airflow/.local/lib/python3.12/site-packages/airflow/example_dags/example_setup_teardown.py
[2024-05-09T16:31:08.227+0000] {processor.py:840} INFO - DAG(s) 'example_setup_teardown' retrieved from /home/airflow/.local/lib/python3.12/site-packages/airflow/example_dags/example_setup_teardown.py
[2024-05-09T16:31:08.237+0000] {logging_mixin.py:188} INFO - [2024-05-09T16:31:08.237+0000] {dag.py:3096} INFO - Sync 1 DAGs
[2024-05-09T16:31:08.247+0000] {logging_mixin.py:188} INFO - [2024-05-09T16:31:08.247+0000] {dag.py:3954} INFO - Setting next_dagrun for example_setup_teardown to 2024-05-08 00:00:00+00:00, run_after=2024-05-09 00:00:00+00:00
[2024-05-09T16:31:08.254+0000] {processor.py:183} INFO - Processing /home/airflow/.local/lib/python3.12/site-packages/airflow/example_dags/example_setup_teardown.py took 0.035 seconds
[2024-05-09T16:31:38.776+0000] {processor.py:161} INFO - Started process (PID=1494) to work on /home/airflow/.local/lib/python3.12/site-packages/airflow/example_dags/example_setup_teardown.py
[2024-05-09T16:31:38.776+0000] {processor.py:830} INFO - Processing file /home/airflow/.local/lib/python3.12/site-packages/airflow/example_dags/example_setup_teardown.py for tasks to queue
[2024-05-09T16:31:38.777+0000] {logging_mixin.py:188} INFO - [2024-05-09T16:31:38.777+0000] {dagbag.py:545} INFO - Filling up the DagBag from /home/airflow/.local/lib/python3.12/site-packages/airflow/example_dags/example_setup_teardown.py
[2024-05-09T16:31:38.781+0000] {processor.py:840} INFO - DAG(s) 'example_setup_teardown' retrieved from /home/airflow/.local/lib/python3.12/site-packages/airflow/example_dags/example_setup_teardown.py
[2024-05-09T16:31:38.790+0000] {logging_mixin.py:188} INFO - [2024-05-09T16:31:38.790+0000] {dag.py:3096} INFO - Sync 1 DAGs
[2024-05-09T16:31:38.799+0000] {logging_mixin.py:188} INFO - [2024-05-09T16:31:38.799+0000] {dag.py:3954} INFO - Setting next_dagrun for example_setup_teardown to 2024-05-08 00:00:00+00:00, run_after=2024-05-09 00:00:00+00:00
[2024-05-09T16:31:38.805+0000] {processor.py:183} INFO - Processing /home/airflow/.local/lib/python3.12/site-packages/airflow/example_dags/example_setup_teardown.py took 0.032 seconds
[2024-05-09T16:32:09.298+0000] {processor.py:161} INFO - Started process (PID=1552) to work on /home/airflow/.local/lib/python3.12/site-packages/airflow/example_dags/example_setup_teardown.py
[2024-05-09T16:32:09.299+0000] {processor.py:830} INFO - Processing file /home/airflow/.local/lib/python3.12/site-packages/airflow/example_dags/example_setup_teardown.py for tasks to queue
[2024-05-09T16:32:09.300+0000] {logging_mixin.py:188} INFO - [2024-05-09T16:32:09.299+0000] {dagbag.py:545} INFO - Filling up the DagBag from /home/airflow/.local/lib/python3.12/site-packages/airflow/example_dags/example_setup_teardown.py
[2024-05-09T16:32:09.303+0000] {processor.py:840} INFO - DAG(s) 'example_setup_teardown' retrieved from /home/airflow/.local/lib/python3.12/site-packages/airflow/example_dags/example_setup_teardown.py
[2024-05-09T16:32:09.312+0000] {logging_mixin.py:188} INFO - [2024-05-09T16:32:09.312+0000] {dag.py:3096} INFO - Sync 1 DAGs
[2024-05-09T16:32:09.321+0000] {logging_mixin.py:188} INFO - [2024-05-09T16:32:09.321+0000] {dag.py:3954} INFO - Setting next_dagrun for example_setup_teardown to 2024-05-08 00:00:00+00:00, run_after=2024-05-09 00:00:00+00:00
[2024-05-09T16:32:09.328+0000] {processor.py:183} INFO - Processing /home/airflow/.local/lib/python3.12/site-packages/airflow/example_dags/example_setup_teardown.py took 0.033 seconds
[2024-05-09T16:32:39.851+0000] {processor.py:161} INFO - Started process (PID=1610) to work on /home/airflow/.local/lib/python3.12/site-packages/airflow/example_dags/example_setup_teardown.py
[2024-05-09T16:32:39.852+0000] {processor.py:830} INFO - Processing file /home/airflow/.local/lib/python3.12/site-packages/airflow/example_dags/example_setup_teardown.py for tasks to queue
[2024-05-09T16:32:39.853+0000] {logging_mixin.py:188} INFO - [2024-05-09T16:32:39.852+0000] {dagbag.py:545} INFO - Filling up the DagBag from /home/airflow/.local/lib/python3.12/site-packages/airflow/example_dags/example_setup_teardown.py
[2024-05-09T16:32:39.856+0000] {processor.py:840} INFO - DAG(s) 'example_setup_teardown' retrieved from /home/airflow/.local/lib/python3.12/site-packages/airflow/example_dags/example_setup_teardown.py
[2024-05-09T16:32:39.865+0000] {logging_mixin.py:188} INFO - [2024-05-09T16:32:39.865+0000] {dag.py:3096} INFO - Sync 1 DAGs
[2024-05-09T16:32:39.873+0000] {logging_mixin.py:188} INFO - [2024-05-09T16:32:39.873+0000] {dag.py:3954} INFO - Setting next_dagrun for example_setup_teardown to 2024-05-08 00:00:00+00:00, run_after=2024-05-09 00:00:00+00:00
[2024-05-09T16:32:39.880+0000] {processor.py:183} INFO - Processing /home/airflow/.local/lib/python3.12/site-packages/airflow/example_dags/example_setup_teardown.py took 0.032 seconds
[2024-05-09T16:33:10.460+0000] {processor.py:161} INFO - Started process (PID=1668) to work on /home/airflow/.local/lib/python3.12/site-packages/airflow/example_dags/example_setup_teardown.py
[2024-05-09T16:33:10.461+0000] {processor.py:830} INFO - Processing file /home/airflow/.local/lib/python3.12/site-packages/airflow/example_dags/example_setup_teardown.py for tasks to queue
[2024-05-09T16:33:10.462+0000] {logging_mixin.py:188} INFO - [2024-05-09T16:33:10.462+0000] {dagbag.py:545} INFO - Filling up the DagBag from /home/airflow/.local/lib/python3.12/site-packages/airflow/example_dags/example_setup_teardown.py
[2024-05-09T16:33:10.465+0000] {processor.py:840} INFO - DAG(s) 'example_setup_teardown' retrieved from /home/airflow/.local/lib/python3.12/site-packages/airflow/example_dags/example_setup_teardown.py
[2024-05-09T16:33:10.475+0000] {logging_mixin.py:188} INFO - [2024-05-09T16:33:10.475+0000] {dag.py:3096} INFO - Sync 1 DAGs
[2024-05-09T16:33:10.483+0000] {logging_mixin.py:188} INFO - [2024-05-09T16:33:10.483+0000] {dag.py:3954} INFO - Setting next_dagrun for example_setup_teardown to 2024-05-08 00:00:00+00:00, run_after=2024-05-09 00:00:00+00:00
[2024-05-09T16:33:10.490+0000] {processor.py:183} INFO - Processing /home/airflow/.local/lib/python3.12/site-packages/airflow/example_dags/example_setup_teardown.py took 0.033 seconds
[2024-05-09T16:33:41.018+0000] {processor.py:161} INFO - Started process (PID=1726) to work on /home/airflow/.local/lib/python3.12/site-packages/airflow/example_dags/example_setup_teardown.py
[2024-05-09T16:33:41.018+0000] {processor.py:830} INFO - Processing file /home/airflow/.local/lib/python3.12/site-packages/airflow/example_dags/example_setup_teardown.py for tasks to queue
[2024-05-09T16:33:41.019+0000] {logging_mixin.py:188} INFO - [2024-05-09T16:33:41.019+0000] {dagbag.py:545} INFO - Filling up the DagBag from /home/airflow/.local/lib/python3.12/site-packages/airflow/example_dags/example_setup_teardown.py
[2024-05-09T16:33:41.023+0000] {processor.py:840} INFO - DAG(s) 'example_setup_teardown' retrieved from /home/airflow/.local/lib/python3.12/site-packages/airflow/example_dags/example_setup_teardown.py
[2024-05-09T16:33:41.032+0000] {logging_mixin.py:188} INFO - [2024-05-09T16:33:41.032+0000] {dag.py:3096} INFO - Sync 1 DAGs
[2024-05-09T16:33:41.041+0000] {logging_mixin.py:188} INFO - [2024-05-09T16:33:41.040+0000] {dag.py:3954} INFO - Setting next_dagrun for example_setup_teardown to 2024-05-08 00:00:00+00:00, run_after=2024-05-09 00:00:00+00:00
[2024-05-09T16:33:41.047+0000] {processor.py:183} INFO - Processing /home/airflow/.local/lib/python3.12/site-packages/airflow/example_dags/example_setup_teardown.py took 0.033 seconds
[2024-05-09T16:34:11.595+0000] {processor.py:161} INFO - Started process (PID=1784) to work on /home/airflow/.local/lib/python3.12/site-packages/airflow/example_dags/example_setup_teardown.py
[2024-05-09T16:34:11.595+0000] {processor.py:830} INFO - Processing file /home/airflow/.local/lib/python3.12/site-packages/airflow/example_dags/example_setup_teardown.py for tasks to queue
[2024-05-09T16:34:11.596+0000] {logging_mixin.py:188} INFO - [2024-05-09T16:34:11.596+0000] {dagbag.py:545} INFO - Filling up the DagBag from /home/airflow/.local/lib/python3.12/site-packages/airflow/example_dags/example_setup_teardown.py
[2024-05-09T16:34:11.600+0000] {processor.py:840} INFO - DAG(s) 'example_setup_teardown' retrieved from /home/airflow/.local/lib/python3.12/site-packages/airflow/example_dags/example_setup_teardown.py
[2024-05-09T16:34:11.613+0000] {logging_mixin.py:188} INFO - [2024-05-09T16:34:11.613+0000] {dag.py:3096} INFO - Sync 1 DAGs
[2024-05-09T16:34:11.625+0000] {logging_mixin.py:188} INFO - [2024-05-09T16:34:11.625+0000] {dag.py:3954} INFO - Setting next_dagrun for example_setup_teardown to 2024-05-08 00:00:00+00:00, run_after=2024-05-09 00:00:00+00:00
[2024-05-09T16:34:11.633+0000] {processor.py:183} INFO - Processing /home/airflow/.local/lib/python3.12/site-packages/airflow/example_dags/example_setup_teardown.py took 0.041 seconds
[2024-05-09T16:34:42.299+0000] {processor.py:161} INFO - Started process (PID=1842) to work on /home/airflow/.local/lib/python3.12/site-packages/airflow/example_dags/example_setup_teardown.py
[2024-05-09T16:34:42.299+0000] {processor.py:830} INFO - Processing file /home/airflow/.local/lib/python3.12/site-packages/airflow/example_dags/example_setup_teardown.py for tasks to queue
[2024-05-09T16:34:42.300+0000] {logging_mixin.py:188} INFO - [2024-05-09T16:34:42.300+0000] {dagbag.py:545} INFO - Filling up the DagBag from /home/airflow/.local/lib/python3.12/site-packages/airflow/example_dags/example_setup_teardown.py
[2024-05-09T16:34:42.303+0000] {processor.py:840} INFO - DAG(s) 'example_setup_teardown' retrieved from /home/airflow/.local/lib/python3.12/site-packages/airflow/example_dags/example_setup_teardown.py
[2024-05-09T16:34:42.313+0000] {logging_mixin.py:188} INFO - [2024-05-09T16:34:42.313+0000] {dag.py:3096} INFO - Sync 1 DAGs
[2024-05-09T16:34:42.322+0000] {logging_mixin.py:188} INFO - [2024-05-09T16:34:42.321+0000] {dag.py:3954} INFO - Setting next_dagrun for example_setup_teardown to 2024-05-08 00:00:00+00:00, run_after=2024-05-09 00:00:00+00:00
[2024-05-09T16:34:42.328+0000] {processor.py:183} INFO - Processing /home/airflow/.local/lib/python3.12/site-packages/airflow/example_dags/example_setup_teardown.py took 0.033 seconds
[2024-05-09T16:35:12.770+0000] {processor.py:161} INFO - Started process (PID=1900) to work on /home/airflow/.local/lib/python3.12/site-packages/airflow/example_dags/example_setup_teardown.py
[2024-05-09T16:35:12.771+0000] {processor.py:830} INFO - Processing file /home/airflow/.local/lib/python3.12/site-packages/airflow/example_dags/example_setup_teardown.py for tasks to queue
[2024-05-09T16:35:12.772+0000] {logging_mixin.py:188} INFO - [2024-05-09T16:35:12.772+0000] {dagbag.py:545} INFO - Filling up the DagBag from /home/airflow/.local/lib/python3.12/site-packages/airflow/example_dags/example_setup_teardown.py
[2024-05-09T16:35:12.775+0000] {processor.py:840} INFO - DAG(s) 'example_setup_teardown' retrieved from /home/airflow/.local/lib/python3.12/site-packages/airflow/example_dags/example_setup_teardown.py
[2024-05-09T16:35:12.784+0000] {logging_mixin.py:188} INFO - [2024-05-09T16:35:12.784+0000] {dag.py:3096} INFO - Sync 1 DAGs
[2024-05-09T16:35:12.793+0000] {logging_mixin.py:188} INFO - [2024-05-09T16:35:12.793+0000] {dag.py:3954} INFO - Setting next_dagrun for example_setup_teardown to 2024-05-08 00:00:00+00:00, run_after=2024-05-09 00:00:00+00:00
[2024-05-09T16:35:12.800+0000] {processor.py:183} INFO - Processing /home/airflow/.local/lib/python3.12/site-packages/airflow/example_dags/example_setup_teardown.py took 0.032 seconds
[2024-05-09T16:35:43.402+0000] {processor.py:161} INFO - Started process (PID=1958) to work on /home/airflow/.local/lib/python3.12/site-packages/airflow/example_dags/example_setup_teardown.py
[2024-05-09T16:35:43.402+0000] {processor.py:830} INFO - Processing file /home/airflow/.local/lib/python3.12/site-packages/airflow/example_dags/example_setup_teardown.py for tasks to queue
[2024-05-09T16:35:43.403+0000] {logging_mixin.py:188} INFO - [2024-05-09T16:35:43.403+0000] {dagbag.py:545} INFO - Filling up the DagBag from /home/airflow/.local/lib/python3.12/site-packages/airflow/example_dags/example_setup_teardown.py
[2024-05-09T16:35:43.406+0000] {processor.py:840} INFO - DAG(s) 'example_setup_teardown' retrieved from /home/airflow/.local/lib/python3.12/site-packages/airflow/example_dags/example_setup_teardown.py
[2024-05-09T16:35:43.415+0000] {logging_mixin.py:188} INFO - [2024-05-09T16:35:43.415+0000] {dag.py:3096} INFO - Sync 1 DAGs
[2024-05-09T16:35:43.425+0000] {logging_mixin.py:188} INFO - [2024-05-09T16:35:43.425+0000] {dag.py:3954} INFO - Setting next_dagrun for example_setup_teardown to 2024-05-08 00:00:00+00:00, run_after=2024-05-09 00:00:00+00:00
[2024-05-09T16:35:43.432+0000] {processor.py:183} INFO - Processing /home/airflow/.local/lib/python3.12/site-packages/airflow/example_dags/example_setup_teardown.py took 0.033 seconds
[2024-05-09T16:36:13.962+0000] {processor.py:161} INFO - Started process (PID=2016) to work on /home/airflow/.local/lib/python3.12/site-packages/airflow/example_dags/example_setup_teardown.py
[2024-05-09T16:36:13.962+0000] {processor.py:830} INFO - Processing file /home/airflow/.local/lib/python3.12/site-packages/airflow/example_dags/example_setup_teardown.py for tasks to queue
[2024-05-09T16:36:13.963+0000] {logging_mixin.py:188} INFO - [2024-05-09T16:36:13.963+0000] {dagbag.py:545} INFO - Filling up the DagBag from /home/airflow/.local/lib/python3.12/site-packages/airflow/example_dags/example_setup_teardown.py
[2024-05-09T16:36:13.967+0000] {processor.py:840} INFO - DAG(s) 'example_setup_teardown' retrieved from /home/airflow/.local/lib/python3.12/site-packages/airflow/example_dags/example_setup_teardown.py
[2024-05-09T16:36:13.977+0000] {logging_mixin.py:188} INFO - [2024-05-09T16:36:13.977+0000] {dag.py:3096} INFO - Sync 1 DAGs
[2024-05-09T16:36:13.987+0000] {logging_mixin.py:188} INFO - [2024-05-09T16:36:13.987+0000] {dag.py:3954} INFO - Setting next_dagrun for example_setup_teardown to 2024-05-08 00:00:00+00:00, run_after=2024-05-09 00:00:00+00:00
[2024-05-09T16:36:13.996+0000] {processor.py:183} INFO - Processing /home/airflow/.local/lib/python3.12/site-packages/airflow/example_dags/example_setup_teardown.py took 0.037 seconds
[2024-05-09T16:36:44.268+0000] {processor.py:161} INFO - Started process (PID=2074) to work on /home/airflow/.local/lib/python3.12/site-packages/airflow/example_dags/example_setup_teardown.py
[2024-05-09T16:36:44.269+0000] {processor.py:830} INFO - Processing file /home/airflow/.local/lib/python3.12/site-packages/airflow/example_dags/example_setup_teardown.py for tasks to queue
[2024-05-09T16:36:44.269+0000] {logging_mixin.py:188} INFO - [2024-05-09T16:36:44.269+0000] {dagbag.py:545} INFO - Filling up the DagBag from /home/airflow/.local/lib/python3.12/site-packages/airflow/example_dags/example_setup_teardown.py
[2024-05-09T16:36:44.273+0000] {processor.py:840} INFO - DAG(s) 'example_setup_teardown' retrieved from /home/airflow/.local/lib/python3.12/site-packages/airflow/example_dags/example_setup_teardown.py
[2024-05-09T16:36:44.282+0000] {logging_mixin.py:188} INFO - [2024-05-09T16:36:44.282+0000] {dag.py:3096} INFO - Sync 1 DAGs
[2024-05-09T16:36:44.290+0000] {logging_mixin.py:188} INFO - [2024-05-09T16:36:44.290+0000] {dag.py:3954} INFO - Setting next_dagrun for example_setup_teardown to 2024-05-08 00:00:00+00:00, run_after=2024-05-09 00:00:00+00:00
[2024-05-09T16:36:44.297+0000] {processor.py:183} INFO - Processing /home/airflow/.local/lib/python3.12/site-packages/airflow/example_dags/example_setup_teardown.py took 0.032 seconds
[2024-05-09T16:37:14.571+0000] {processor.py:161} INFO - Started process (PID=2132) to work on /home/airflow/.local/lib/python3.12/site-packages/airflow/example_dags/example_setup_teardown.py
[2024-05-09T16:37:14.572+0000] {processor.py:830} INFO - Processing file /home/airflow/.local/lib/python3.12/site-packages/airflow/example_dags/example_setup_teardown.py for tasks to queue
[2024-05-09T16:37:14.573+0000] {logging_mixin.py:188} INFO - [2024-05-09T16:37:14.573+0000] {dagbag.py:545} INFO - Filling up the DagBag from /home/airflow/.local/lib/python3.12/site-packages/airflow/example_dags/example_setup_teardown.py
[2024-05-09T16:37:14.577+0000] {processor.py:840} INFO - DAG(s) 'example_setup_teardown' retrieved from /home/airflow/.local/lib/python3.12/site-packages/airflow/example_dags/example_setup_teardown.py
[2024-05-09T16:37:14.586+0000] {logging_mixin.py:188} INFO - [2024-05-09T16:37:14.586+0000] {dag.py:3096} INFO - Sync 1 DAGs
[2024-05-09T16:37:14.596+0000] {logging_mixin.py:188} INFO - [2024-05-09T16:37:14.596+0000] {dag.py:3954} INFO - Setting next_dagrun for example_setup_teardown to 2024-05-08 00:00:00+00:00, run_after=2024-05-09 00:00:00+00:00
[2024-05-09T16:37:14.604+0000] {processor.py:183} INFO - Processing /home/airflow/.local/lib/python3.12/site-packages/airflow/example_dags/example_setup_teardown.py took 0.036 seconds
[2024-05-09T16:37:44.849+0000] {processor.py:161} INFO - Started process (PID=2190) to work on /home/airflow/.local/lib/python3.12/site-packages/airflow/example_dags/example_setup_teardown.py
[2024-05-09T16:37:44.849+0000] {processor.py:830} INFO - Processing file /home/airflow/.local/lib/python3.12/site-packages/airflow/example_dags/example_setup_teardown.py for tasks to queue
[2024-05-09T16:37:44.850+0000] {logging_mixin.py:188} INFO - [2024-05-09T16:37:44.850+0000] {dagbag.py:545} INFO - Filling up the DagBag from /home/airflow/.local/lib/python3.12/site-packages/airflow/example_dags/example_setup_teardown.py
[2024-05-09T16:37:44.853+0000] {processor.py:840} INFO - DAG(s) 'example_setup_teardown' retrieved from /home/airflow/.local/lib/python3.12/site-packages/airflow/example_dags/example_setup_teardown.py
[2024-05-09T16:37:44.862+0000] {logging_mixin.py:188} INFO - [2024-05-09T16:37:44.862+0000] {dag.py:3096} INFO - Sync 1 DAGs
[2024-05-09T16:37:44.871+0000] {logging_mixin.py:188} INFO - [2024-05-09T16:37:44.871+0000] {dag.py:3954} INFO - Setting next_dagrun for example_setup_teardown to 2024-05-08 00:00:00+00:00, run_after=2024-05-09 00:00:00+00:00
[2024-05-09T16:37:44.879+0000] {processor.py:183} INFO - Processing /home/airflow/.local/lib/python3.12/site-packages/airflow/example_dags/example_setup_teardown.py took 0.033 seconds
[2024-05-09T16:38:15.562+0000] {processor.py:161} INFO - Started process (PID=2248) to work on /home/airflow/.local/lib/python3.12/site-packages/airflow/example_dags/example_setup_teardown.py
[2024-05-09T16:38:15.562+0000] {processor.py:830} INFO - Processing file /home/airflow/.local/lib/python3.12/site-packages/airflow/example_dags/example_setup_teardown.py for tasks to queue
[2024-05-09T16:38:15.563+0000] {logging_mixin.py:188} INFO - [2024-05-09T16:38:15.563+0000] {dagbag.py:545} INFO - Filling up the DagBag from /home/airflow/.local/lib/python3.12/site-packages/airflow/example_dags/example_setup_teardown.py
[2024-05-09T16:38:15.567+0000] {processor.py:840} INFO - DAG(s) 'example_setup_teardown' retrieved from /home/airflow/.local/lib/python3.12/site-packages/airflow/example_dags/example_setup_teardown.py
[2024-05-09T16:38:15.666+0000] {logging_mixin.py:188} INFO - [2024-05-09T16:38:15.666+0000] {dag.py:3096} INFO - Sync 1 DAGs
[2024-05-09T16:38:15.674+0000] {logging_mixin.py:188} INFO - [2024-05-09T16:38:15.674+0000] {dag.py:3954} INFO - Setting next_dagrun for example_setup_teardown to 2024-05-08 00:00:00+00:00, run_after=2024-05-09 00:00:00+00:00
[2024-05-09T16:38:15.680+0000] {processor.py:183} INFO - Processing /home/airflow/.local/lib/python3.12/site-packages/airflow/example_dags/example_setup_teardown.py took 0.121 seconds
[2024-05-09T16:38:45.946+0000] {processor.py:161} INFO - Started process (PID=2305) to work on /home/airflow/.local/lib/python3.12/site-packages/airflow/example_dags/example_setup_teardown.py
[2024-05-09T16:38:45.947+0000] {processor.py:830} INFO - Processing file /home/airflow/.local/lib/python3.12/site-packages/airflow/example_dags/example_setup_teardown.py for tasks to queue
[2024-05-09T16:38:45.948+0000] {logging_mixin.py:188} INFO - [2024-05-09T16:38:45.947+0000] {dagbag.py:545} INFO - Filling up the DagBag from /home/airflow/.local/lib/python3.12/site-packages/airflow/example_dags/example_setup_teardown.py
[2024-05-09T16:38:45.951+0000] {processor.py:840} INFO - DAG(s) 'example_setup_teardown' retrieved from /home/airflow/.local/lib/python3.12/site-packages/airflow/example_dags/example_setup_teardown.py
[2024-05-09T16:38:45.960+0000] {logging_mixin.py:188} INFO - [2024-05-09T16:38:45.960+0000] {dag.py:3096} INFO - Sync 1 DAGs
[2024-05-09T16:38:46.049+0000] {logging_mixin.py:188} INFO - [2024-05-09T16:38:46.049+0000] {dag.py:3954} INFO - Setting next_dagrun for example_setup_teardown to 2024-05-08 00:00:00+00:00, run_after=2024-05-09 00:00:00+00:00
[2024-05-09T16:38:46.056+0000] {processor.py:183} INFO - Processing /home/airflow/.local/lib/python3.12/site-packages/airflow/example_dags/example_setup_teardown.py took 0.112 seconds
[2024-05-09T16:39:17.026+0000] {processor.py:161} INFO - Started process (PID=2362) to work on /home/airflow/.local/lib/python3.12/site-packages/airflow/example_dags/example_setup_teardown.py
[2024-05-09T16:39:17.027+0000] {processor.py:830} INFO - Processing file /home/airflow/.local/lib/python3.12/site-packages/airflow/example_dags/example_setup_teardown.py for tasks to queue
[2024-05-09T16:39:17.029+0000] {logging_mixin.py:188} INFO - [2024-05-09T16:39:17.028+0000] {dagbag.py:545} INFO - Filling up the DagBag from /home/airflow/.local/lib/python3.12/site-packages/airflow/example_dags/example_setup_teardown.py
[2024-05-09T16:39:17.035+0000] {processor.py:840} INFO - DAG(s) 'example_setup_teardown' retrieved from /home/airflow/.local/lib/python3.12/site-packages/airflow/example_dags/example_setup_teardown.py
[2024-05-09T16:39:17.048+0000] {logging_mixin.py:188} INFO - [2024-05-09T16:39:17.048+0000] {dag.py:3096} INFO - Sync 1 DAGs
[2024-05-09T16:39:17.061+0000] {logging_mixin.py:188} INFO - [2024-05-09T16:39:17.061+0000] {dag.py:3954} INFO - Setting next_dagrun for example_setup_teardown to 2024-05-08 00:00:00+00:00, run_after=2024-05-09 00:00:00+00:00
[2024-05-09T16:39:17.070+0000] {processor.py:183} INFO - Processing /home/airflow/.local/lib/python3.12/site-packages/airflow/example_dags/example_setup_teardown.py took 0.052 seconds
[2024-05-09T16:39:47.653+0000] {processor.py:161} INFO - Started process (PID=2420) to work on /home/airflow/.local/lib/python3.12/site-packages/airflow/example_dags/example_setup_teardown.py
[2024-05-09T16:39:47.655+0000] {processor.py:830} INFO - Processing file /home/airflow/.local/lib/python3.12/site-packages/airflow/example_dags/example_setup_teardown.py for tasks to queue
[2024-05-09T16:39:47.657+0000] {logging_mixin.py:188} INFO - [2024-05-09T16:39:47.656+0000] {dagbag.py:545} INFO - Filling up the DagBag from /home/airflow/.local/lib/python3.12/site-packages/airflow/example_dags/example_setup_teardown.py
[2024-05-09T16:39:47.664+0000] {processor.py:840} INFO - DAG(s) 'example_setup_teardown' retrieved from /home/airflow/.local/lib/python3.12/site-packages/airflow/example_dags/example_setup_teardown.py
[2024-05-09T16:39:47.685+0000] {logging_mixin.py:188} INFO - [2024-05-09T16:39:47.685+0000] {dag.py:3096} INFO - Sync 1 DAGs
[2024-05-09T16:39:47.699+0000] {logging_mixin.py:188} INFO - [2024-05-09T16:39:47.699+0000] {dag.py:3954} INFO - Setting next_dagrun for example_setup_teardown to 2024-05-08 00:00:00+00:00, run_after=2024-05-09 00:00:00+00:00
[2024-05-09T16:39:47.708+0000] {processor.py:183} INFO - Processing /home/airflow/.local/lib/python3.12/site-packages/airflow/example_dags/example_setup_teardown.py took 0.061 seconds
[2024-05-09T16:40:18.378+0000] {processor.py:161} INFO - Started process (PID=2484) to work on /home/airflow/.local/lib/python3.12/site-packages/airflow/example_dags/example_setup_teardown.py
[2024-05-09T16:40:18.378+0000] {processor.py:830} INFO - Processing file /home/airflow/.local/lib/python3.12/site-packages/airflow/example_dags/example_setup_teardown.py for tasks to queue
[2024-05-09T16:40:18.380+0000] {logging_mixin.py:188} INFO - [2024-05-09T16:40:18.379+0000] {dagbag.py:545} INFO - Filling up the DagBag from /home/airflow/.local/lib/python3.12/site-packages/airflow/example_dags/example_setup_teardown.py
[2024-05-09T16:40:18.384+0000] {processor.py:840} INFO - DAG(s) 'example_setup_teardown' retrieved from /home/airflow/.local/lib/python3.12/site-packages/airflow/example_dags/example_setup_teardown.py
[2024-05-09T16:40:18.396+0000] {logging_mixin.py:188} INFO - [2024-05-09T16:40:18.395+0000] {dag.py:3096} INFO - Sync 1 DAGs
[2024-05-09T16:40:18.407+0000] {logging_mixin.py:188} INFO - [2024-05-09T16:40:18.406+0000] {dag.py:3954} INFO - Setting next_dagrun for example_setup_teardown to 2024-05-08 00:00:00+00:00, run_after=2024-05-09 00:00:00+00:00
[2024-05-09T16:40:18.415+0000] {processor.py:183} INFO - Processing /home/airflow/.local/lib/python3.12/site-packages/airflow/example_dags/example_setup_teardown.py took 0.042 seconds
[2024-05-09T16:40:48.997+0000] {processor.py:161} INFO - Started process (PID=2542) to work on /home/airflow/.local/lib/python3.12/site-packages/airflow/example_dags/example_setup_teardown.py
[2024-05-09T16:40:48.998+0000] {processor.py:830} INFO - Processing file /home/airflow/.local/lib/python3.12/site-packages/airflow/example_dags/example_setup_teardown.py for tasks to queue
[2024-05-09T16:40:48.999+0000] {logging_mixin.py:188} INFO - [2024-05-09T16:40:48.999+0000] {dagbag.py:545} INFO - Filling up the DagBag from /home/airflow/.local/lib/python3.12/site-packages/airflow/example_dags/example_setup_teardown.py
[2024-05-09T16:40:49.006+0000] {processor.py:840} INFO - DAG(s) 'example_setup_teardown' retrieved from /home/airflow/.local/lib/python3.12/site-packages/airflow/example_dags/example_setup_teardown.py
[2024-05-09T16:40:49.019+0000] {logging_mixin.py:188} INFO - [2024-05-09T16:40:49.019+0000] {dag.py:3096} INFO - Sync 1 DAGs
[2024-05-09T16:40:49.031+0000] {logging_mixin.py:188} INFO - [2024-05-09T16:40:49.031+0000] {dag.py:3954} INFO - Setting next_dagrun for example_setup_teardown to 2024-05-08 00:00:00+00:00, run_after=2024-05-09 00:00:00+00:00
[2024-05-09T16:40:49.040+0000] {processor.py:183} INFO - Processing /home/airflow/.local/lib/python3.12/site-packages/airflow/example_dags/example_setup_teardown.py took 0.048 seconds
[2024-05-09T16:41:19.679+0000] {processor.py:161} INFO - Started process (PID=2600) to work on /home/airflow/.local/lib/python3.12/site-packages/airflow/example_dags/example_setup_teardown.py
[2024-05-09T16:41:19.680+0000] {processor.py:830} INFO - Processing file /home/airflow/.local/lib/python3.12/site-packages/airflow/example_dags/example_setup_teardown.py for tasks to queue
[2024-05-09T16:41:19.683+0000] {logging_mixin.py:188} INFO - [2024-05-09T16:41:19.682+0000] {dagbag.py:545} INFO - Filling up the DagBag from /home/airflow/.local/lib/python3.12/site-packages/airflow/example_dags/example_setup_teardown.py
[2024-05-09T16:41:19.689+0000] {processor.py:840} INFO - DAG(s) 'example_setup_teardown' retrieved from /home/airflow/.local/lib/python3.12/site-packages/airflow/example_dags/example_setup_teardown.py
[2024-05-09T16:41:19.702+0000] {logging_mixin.py:188} INFO - [2024-05-09T16:41:19.702+0000] {dag.py:3096} INFO - Sync 1 DAGs
[2024-05-09T16:41:19.714+0000] {logging_mixin.py:188} INFO - [2024-05-09T16:41:19.714+0000] {dag.py:3954} INFO - Setting next_dagrun for example_setup_teardown to 2024-05-08 00:00:00+00:00, run_after=2024-05-09 00:00:00+00:00
[2024-05-09T16:41:19.723+0000] {processor.py:183} INFO - Processing /home/airflow/.local/lib/python3.12/site-packages/airflow/example_dags/example_setup_teardown.py took 0.050 seconds
[2024-05-09T16:41:50.385+0000] {processor.py:161} INFO - Started process (PID=2658) to work on /home/airflow/.local/lib/python3.12/site-packages/airflow/example_dags/example_setup_teardown.py
[2024-05-09T16:41:50.387+0000] {processor.py:830} INFO - Processing file /home/airflow/.local/lib/python3.12/site-packages/airflow/example_dags/example_setup_teardown.py for tasks to queue
[2024-05-09T16:41:50.389+0000] {logging_mixin.py:188} INFO - [2024-05-09T16:41:50.388+0000] {dagbag.py:545} INFO - Filling up the DagBag from /home/airflow/.local/lib/python3.12/site-packages/airflow/example_dags/example_setup_teardown.py
[2024-05-09T16:41:50.395+0000] {processor.py:840} INFO - DAG(s) 'example_setup_teardown' retrieved from /home/airflow/.local/lib/python3.12/site-packages/airflow/example_dags/example_setup_teardown.py
[2024-05-09T16:41:50.408+0000] {logging_mixin.py:188} INFO - [2024-05-09T16:41:50.408+0000] {dag.py:3096} INFO - Sync 1 DAGs
[2024-05-09T16:41:50.421+0000] {logging_mixin.py:188} INFO - [2024-05-09T16:41:50.420+0000] {dag.py:3954} INFO - Setting next_dagrun for example_setup_teardown to 2024-05-08 00:00:00+00:00, run_after=2024-05-09 00:00:00+00:00
[2024-05-09T16:41:50.429+0000] {processor.py:183} INFO - Processing /home/airflow/.local/lib/python3.12/site-packages/airflow/example_dags/example_setup_teardown.py took 0.050 seconds
[2024-05-09T16:42:21.187+0000] {processor.py:161} INFO - Started process (PID=2716) to work on /home/airflow/.local/lib/python3.12/site-packages/airflow/example_dags/example_setup_teardown.py
[2024-05-09T16:42:21.188+0000] {processor.py:830} INFO - Processing file /home/airflow/.local/lib/python3.12/site-packages/airflow/example_dags/example_setup_teardown.py for tasks to queue
[2024-05-09T16:42:21.189+0000] {logging_mixin.py:188} INFO - [2024-05-09T16:42:21.189+0000] {dagbag.py:545} INFO - Filling up the DagBag from /home/airflow/.local/lib/python3.12/site-packages/airflow/example_dags/example_setup_teardown.py
[2024-05-09T16:42:21.194+0000] {processor.py:840} INFO - DAG(s) 'example_setup_teardown' retrieved from /home/airflow/.local/lib/python3.12/site-packages/airflow/example_dags/example_setup_teardown.py
[2024-05-09T16:42:21.207+0000] {logging_mixin.py:188} INFO - [2024-05-09T16:42:21.207+0000] {dag.py:3096} INFO - Sync 1 DAGs
[2024-05-09T16:42:21.218+0000] {logging_mixin.py:188} INFO - [2024-05-09T16:42:21.218+0000] {dag.py:3954} INFO - Setting next_dagrun for example_setup_teardown to 2024-05-08 00:00:00+00:00, run_after=2024-05-09 00:00:00+00:00
[2024-05-09T16:42:21.225+0000] {processor.py:183} INFO - Processing /home/airflow/.local/lib/python3.12/site-packages/airflow/example_dags/example_setup_teardown.py took 0.044 seconds
[2024-05-09T16:42:51.868+0000] {processor.py:161} INFO - Started process (PID=2774) to work on /home/airflow/.local/lib/python3.12/site-packages/airflow/example_dags/example_setup_teardown.py
[2024-05-09T16:42:51.869+0000] {processor.py:830} INFO - Processing file /home/airflow/.local/lib/python3.12/site-packages/airflow/example_dags/example_setup_teardown.py for tasks to queue
[2024-05-09T16:42:51.871+0000] {logging_mixin.py:188} INFO - [2024-05-09T16:42:51.871+0000] {dagbag.py:545} INFO - Filling up the DagBag from /home/airflow/.local/lib/python3.12/site-packages/airflow/example_dags/example_setup_teardown.py
[2024-05-09T16:42:51.877+0000] {processor.py:840} INFO - DAG(s) 'example_setup_teardown' retrieved from /home/airflow/.local/lib/python3.12/site-packages/airflow/example_dags/example_setup_teardown.py
[2024-05-09T16:42:51.891+0000] {logging_mixin.py:188} INFO - [2024-05-09T16:42:51.891+0000] {dag.py:3096} INFO - Sync 1 DAGs
[2024-05-09T16:42:51.906+0000] {logging_mixin.py:188} INFO - [2024-05-09T16:42:51.906+0000] {dag.py:3954} INFO - Setting next_dagrun for example_setup_teardown to 2024-05-08 00:00:00+00:00, run_after=2024-05-09 00:00:00+00:00
[2024-05-09T16:42:51.915+0000] {processor.py:183} INFO - Processing /home/airflow/.local/lib/python3.12/site-packages/airflow/example_dags/example_setup_teardown.py took 0.053 seconds
