[2024-05-09T16:18:56.625+0000] {processor.py:161} INFO - Started process (PID=53) to work on /home/airflow/.local/lib/python3.12/site-packages/airflow/example_dags/example_short_circuit_operator.py
[2024-05-09T16:18:56.625+0000] {processor.py:830} INFO - Processing file /home/airflow/.local/lib/python3.12/site-packages/airflow/example_dags/example_short_circuit_operator.py for tasks to queue
[2024-05-09T16:18:56.627+0000] {logging_mixin.py:188} INFO - [2024-05-09T16:18:56.627+0000] {dagbag.py:545} INFO - Filling up the DagBag from /home/airflow/.local/lib/python3.12/site-packages/airflow/example_dags/example_short_circuit_operator.py
[2024-05-09T16:18:56.634+0000] {processor.py:840} INFO - DAG(s) 'example_short_circuit_operator' retrieved from /home/airflow/.local/lib/python3.12/site-packages/airflow/example_dags/example_short_circuit_operator.py
[2024-05-09T16:18:56.701+0000] {logging_mixin.py:188} INFO - [2024-05-09T16:18:56.700+0000] {override.py:1829} INFO - Created Permission View: can edit on DAG:example_short_circuit_operator
[2024-05-09T16:18:56.709+0000] {logging_mixin.py:188} INFO - [2024-05-09T16:18:56.709+0000] {override.py:1829} INFO - Created Permission View: can delete on DAG:example_short_circuit_operator
[2024-05-09T16:18:56.716+0000] {logging_mixin.py:188} INFO - [2024-05-09T16:18:56.716+0000] {override.py:1829} INFO - Created Permission View: can read on DAG:example_short_circuit_operator
[2024-05-09T16:18:56.717+0000] {logging_mixin.py:188} INFO - [2024-05-09T16:18:56.717+0000] {dag.py:3096} INFO - Sync 1 DAGs
[2024-05-09T16:18:56.724+0000] {logging_mixin.py:188} INFO - [2024-05-09T16:18:56.724+0000] {dag.py:3118} INFO - Creating ORM DAG for example_short_circuit_operator
[2024-05-09T16:18:56.731+0000] {logging_mixin.py:188} INFO - [2024-05-09T16:18:56.731+0000] {dag.py:3954} INFO - Setting next_dagrun for example_short_circuit_operator to 2024-05-08 00:00:00+00:00, run_after=2024-05-09 00:00:00+00:00
[2024-05-09T16:18:56.740+0000] {processor.py:183} INFO - Processing /home/airflow/.local/lib/python3.12/site-packages/airflow/example_dags/example_short_circuit_operator.py took 0.119 seconds
[2024-05-09T16:19:26.809+0000] {processor.py:161} INFO - Started process (PID=110) to work on /home/airflow/.local/lib/python3.12/site-packages/airflow/example_dags/example_short_circuit_operator.py
[2024-05-09T16:19:26.810+0000] {processor.py:830} INFO - Processing file /home/airflow/.local/lib/python3.12/site-packages/airflow/example_dags/example_short_circuit_operator.py for tasks to queue
[2024-05-09T16:19:26.810+0000] {logging_mixin.py:188} INFO - [2024-05-09T16:19:26.810+0000] {dagbag.py:545} INFO - Filling up the DagBag from /home/airflow/.local/lib/python3.12/site-packages/airflow/example_dags/example_short_circuit_operator.py
[2024-05-09T16:19:26.814+0000] {processor.py:840} INFO - DAG(s) 'example_short_circuit_operator' retrieved from /home/airflow/.local/lib/python3.12/site-packages/airflow/example_dags/example_short_circuit_operator.py
[2024-05-09T16:19:26.824+0000] {logging_mixin.py:188} INFO - [2024-05-09T16:19:26.824+0000] {dag.py:3096} INFO - Sync 1 DAGs
[2024-05-09T16:19:26.833+0000] {logging_mixin.py:188} INFO - [2024-05-09T16:19:26.833+0000] {dag.py:3954} INFO - Setting next_dagrun for example_short_circuit_operator to 2024-05-08 00:00:00+00:00, run_after=2024-05-09 00:00:00+00:00
[2024-05-09T16:19:26.840+0000] {processor.py:183} INFO - Processing /home/airflow/.local/lib/python3.12/site-packages/airflow/example_dags/example_short_circuit_operator.py took 0.034 seconds
[2024-05-09T16:19:57.320+0000] {processor.py:161} INFO - Started process (PID=168) to work on /home/airflow/.local/lib/python3.12/site-packages/airflow/example_dags/example_short_circuit_operator.py
[2024-05-09T16:19:57.320+0000] {processor.py:830} INFO - Processing file /home/airflow/.local/lib/python3.12/site-packages/airflow/example_dags/example_short_circuit_operator.py for tasks to queue
[2024-05-09T16:19:57.321+0000] {logging_mixin.py:188} INFO - [2024-05-09T16:19:57.321+0000] {dagbag.py:545} INFO - Filling up the DagBag from /home/airflow/.local/lib/python3.12/site-packages/airflow/example_dags/example_short_circuit_operator.py
[2024-05-09T16:19:57.324+0000] {processor.py:840} INFO - DAG(s) 'example_short_circuit_operator' retrieved from /home/airflow/.local/lib/python3.12/site-packages/airflow/example_dags/example_short_circuit_operator.py
[2024-05-09T16:19:57.333+0000] {logging_mixin.py:188} INFO - [2024-05-09T16:19:57.333+0000] {dag.py:3096} INFO - Sync 1 DAGs
[2024-05-09T16:19:57.342+0000] {logging_mixin.py:188} INFO - [2024-05-09T16:19:57.342+0000] {dag.py:3954} INFO - Setting next_dagrun for example_short_circuit_operator to 2024-05-08 00:00:00+00:00, run_after=2024-05-09 00:00:00+00:00
[2024-05-09T16:19:57.348+0000] {processor.py:183} INFO - Processing /home/airflow/.local/lib/python3.12/site-packages/airflow/example_dags/example_short_circuit_operator.py took 0.031 seconds
[2024-05-09T16:20:27.785+0000] {processor.py:161} INFO - Started process (PID=226) to work on /home/airflow/.local/lib/python3.12/site-packages/airflow/example_dags/example_short_circuit_operator.py
[2024-05-09T16:20:27.786+0000] {processor.py:830} INFO - Processing file /home/airflow/.local/lib/python3.12/site-packages/airflow/example_dags/example_short_circuit_operator.py for tasks to queue
[2024-05-09T16:20:27.787+0000] {logging_mixin.py:188} INFO - [2024-05-09T16:20:27.786+0000] {dagbag.py:545} INFO - Filling up the DagBag from /home/airflow/.local/lib/python3.12/site-packages/airflow/example_dags/example_short_circuit_operator.py
[2024-05-09T16:20:27.790+0000] {processor.py:840} INFO - DAG(s) 'example_short_circuit_operator' retrieved from /home/airflow/.local/lib/python3.12/site-packages/airflow/example_dags/example_short_circuit_operator.py
[2024-05-09T16:20:27.799+0000] {logging_mixin.py:188} INFO - [2024-05-09T16:20:27.799+0000] {dag.py:3096} INFO - Sync 1 DAGs
[2024-05-09T16:20:27.808+0000] {logging_mixin.py:188} INFO - [2024-05-09T16:20:27.808+0000] {dag.py:3954} INFO - Setting next_dagrun for example_short_circuit_operator to 2024-05-08 00:00:00+00:00, run_after=2024-05-09 00:00:00+00:00
[2024-05-09T16:20:27.814+0000] {processor.py:183} INFO - Processing /home/airflow/.local/lib/python3.12/site-packages/airflow/example_dags/example_short_circuit_operator.py took 0.032 seconds
[2024-05-09T16:20:58.267+0000] {processor.py:161} INFO - Started process (PID=284) to work on /home/airflow/.local/lib/python3.12/site-packages/airflow/example_dags/example_short_circuit_operator.py
[2024-05-09T16:20:58.268+0000] {processor.py:830} INFO - Processing file /home/airflow/.local/lib/python3.12/site-packages/airflow/example_dags/example_short_circuit_operator.py for tasks to queue
[2024-05-09T16:20:58.268+0000] {logging_mixin.py:188} INFO - [2024-05-09T16:20:58.268+0000] {dagbag.py:545} INFO - Filling up the DagBag from /home/airflow/.local/lib/python3.12/site-packages/airflow/example_dags/example_short_circuit_operator.py
[2024-05-09T16:20:58.272+0000] {processor.py:840} INFO - DAG(s) 'example_short_circuit_operator' retrieved from /home/airflow/.local/lib/python3.12/site-packages/airflow/example_dags/example_short_circuit_operator.py
[2024-05-09T16:20:58.282+0000] {logging_mixin.py:188} INFO - [2024-05-09T16:20:58.282+0000] {dag.py:3096} INFO - Sync 1 DAGs
[2024-05-09T16:20:58.291+0000] {logging_mixin.py:188} INFO - [2024-05-09T16:20:58.291+0000] {dag.py:3954} INFO - Setting next_dagrun for example_short_circuit_operator to 2024-05-08 00:00:00+00:00, run_after=2024-05-09 00:00:00+00:00
[2024-05-09T16:20:58.297+0000] {processor.py:183} INFO - Processing /home/airflow/.local/lib/python3.12/site-packages/airflow/example_dags/example_short_circuit_operator.py took 0.033 seconds
[2024-05-09T16:21:28.663+0000] {processor.py:161} INFO - Started process (PID=342) to work on /home/airflow/.local/lib/python3.12/site-packages/airflow/example_dags/example_short_circuit_operator.py
[2024-05-09T16:21:28.663+0000] {processor.py:830} INFO - Processing file /home/airflow/.local/lib/python3.12/site-packages/airflow/example_dags/example_short_circuit_operator.py for tasks to queue
[2024-05-09T16:21:28.664+0000] {logging_mixin.py:188} INFO - [2024-05-09T16:21:28.664+0000] {dagbag.py:545} INFO - Filling up the DagBag from /home/airflow/.local/lib/python3.12/site-packages/airflow/example_dags/example_short_circuit_operator.py
[2024-05-09T16:21:28.668+0000] {processor.py:840} INFO - DAG(s) 'example_short_circuit_operator' retrieved from /home/airflow/.local/lib/python3.12/site-packages/airflow/example_dags/example_short_circuit_operator.py
[2024-05-09T16:21:28.678+0000] {logging_mixin.py:188} INFO - [2024-05-09T16:21:28.678+0000] {dag.py:3096} INFO - Sync 1 DAGs
[2024-05-09T16:21:28.687+0000] {logging_mixin.py:188} INFO - [2024-05-09T16:21:28.686+0000] {dag.py:3954} INFO - Setting next_dagrun for example_short_circuit_operator to 2024-05-08 00:00:00+00:00, run_after=2024-05-09 00:00:00+00:00
[2024-05-09T16:21:28.694+0000] {processor.py:183} INFO - Processing /home/airflow/.local/lib/python3.12/site-packages/airflow/example_dags/example_short_circuit_operator.py took 0.034 seconds
[2024-05-09T16:21:59.224+0000] {processor.py:161} INFO - Started process (PID=400) to work on /home/airflow/.local/lib/python3.12/site-packages/airflow/example_dags/example_short_circuit_operator.py
[2024-05-09T16:21:59.224+0000] {processor.py:830} INFO - Processing file /home/airflow/.local/lib/python3.12/site-packages/airflow/example_dags/example_short_circuit_operator.py for tasks to queue
[2024-05-09T16:21:59.225+0000] {logging_mixin.py:188} INFO - [2024-05-09T16:21:59.225+0000] {dagbag.py:545} INFO - Filling up the DagBag from /home/airflow/.local/lib/python3.12/site-packages/airflow/example_dags/example_short_circuit_operator.py
[2024-05-09T16:21:59.229+0000] {processor.py:840} INFO - DAG(s) 'example_short_circuit_operator' retrieved from /home/airflow/.local/lib/python3.12/site-packages/airflow/example_dags/example_short_circuit_operator.py
[2024-05-09T16:21:59.238+0000] {logging_mixin.py:188} INFO - [2024-05-09T16:21:59.238+0000] {dag.py:3096} INFO - Sync 1 DAGs
[2024-05-09T16:21:59.247+0000] {logging_mixin.py:188} INFO - [2024-05-09T16:21:59.247+0000] {dag.py:3954} INFO - Setting next_dagrun for example_short_circuit_operator to 2024-05-08 00:00:00+00:00, run_after=2024-05-09 00:00:00+00:00
[2024-05-09T16:21:59.254+0000] {processor.py:183} INFO - Processing /home/airflow/.local/lib/python3.12/site-packages/airflow/example_dags/example_short_circuit_operator.py took 0.033 seconds
[2024-05-09T16:22:29.744+0000] {processor.py:161} INFO - Started process (PID=458) to work on /home/airflow/.local/lib/python3.12/site-packages/airflow/example_dags/example_short_circuit_operator.py
[2024-05-09T16:22:29.745+0000] {processor.py:830} INFO - Processing file /home/airflow/.local/lib/python3.12/site-packages/airflow/example_dags/example_short_circuit_operator.py for tasks to queue
[2024-05-09T16:22:29.746+0000] {logging_mixin.py:188} INFO - [2024-05-09T16:22:29.746+0000] {dagbag.py:545} INFO - Filling up the DagBag from /home/airflow/.local/lib/python3.12/site-packages/airflow/example_dags/example_short_circuit_operator.py
[2024-05-09T16:22:29.749+0000] {processor.py:840} INFO - DAG(s) 'example_short_circuit_operator' retrieved from /home/airflow/.local/lib/python3.12/site-packages/airflow/example_dags/example_short_circuit_operator.py
[2024-05-09T16:22:29.759+0000] {logging_mixin.py:188} INFO - [2024-05-09T16:22:29.759+0000] {dag.py:3096} INFO - Sync 1 DAGs
[2024-05-09T16:22:29.767+0000] {logging_mixin.py:188} INFO - [2024-05-09T16:22:29.767+0000] {dag.py:3954} INFO - Setting next_dagrun for example_short_circuit_operator to 2024-05-08 00:00:00+00:00, run_after=2024-05-09 00:00:00+00:00
[2024-05-09T16:22:29.775+0000] {processor.py:183} INFO - Processing /home/airflow/.local/lib/python3.12/site-packages/airflow/example_dags/example_short_circuit_operator.py took 0.033 seconds
[2024-05-09T16:23:00.250+0000] {processor.py:161} INFO - Started process (PID=516) to work on /home/airflow/.local/lib/python3.12/site-packages/airflow/example_dags/example_short_circuit_operator.py
[2024-05-09T16:23:00.251+0000] {processor.py:830} INFO - Processing file /home/airflow/.local/lib/python3.12/site-packages/airflow/example_dags/example_short_circuit_operator.py for tasks to queue
[2024-05-09T16:23:00.252+0000] {logging_mixin.py:188} INFO - [2024-05-09T16:23:00.252+0000] {dagbag.py:545} INFO - Filling up the DagBag from /home/airflow/.local/lib/python3.12/site-packages/airflow/example_dags/example_short_circuit_operator.py
[2024-05-09T16:23:00.255+0000] {processor.py:840} INFO - DAG(s) 'example_short_circuit_operator' retrieved from /home/airflow/.local/lib/python3.12/site-packages/airflow/example_dags/example_short_circuit_operator.py
[2024-05-09T16:23:00.268+0000] {logging_mixin.py:188} INFO - [2024-05-09T16:23:00.268+0000] {dag.py:3096} INFO - Sync 1 DAGs
[2024-05-09T16:23:00.279+0000] {logging_mixin.py:188} INFO - [2024-05-09T16:23:00.279+0000] {dag.py:3954} INFO - Setting next_dagrun for example_short_circuit_operator to 2024-05-08 00:00:00+00:00, run_after=2024-05-09 00:00:00+00:00
[2024-05-09T16:23:00.286+0000] {processor.py:183} INFO - Processing /home/airflow/.local/lib/python3.12/site-packages/airflow/example_dags/example_short_circuit_operator.py took 0.040 seconds
[2024-05-09T16:23:30.727+0000] {processor.py:161} INFO - Started process (PID=574) to work on /home/airflow/.local/lib/python3.12/site-packages/airflow/example_dags/example_short_circuit_operator.py
[2024-05-09T16:23:30.728+0000] {processor.py:830} INFO - Processing file /home/airflow/.local/lib/python3.12/site-packages/airflow/example_dags/example_short_circuit_operator.py for tasks to queue
[2024-05-09T16:23:30.729+0000] {logging_mixin.py:188} INFO - [2024-05-09T16:23:30.728+0000] {dagbag.py:545} INFO - Filling up the DagBag from /home/airflow/.local/lib/python3.12/site-packages/airflow/example_dags/example_short_circuit_operator.py
[2024-05-09T16:23:30.732+0000] {processor.py:840} INFO - DAG(s) 'example_short_circuit_operator' retrieved from /home/airflow/.local/lib/python3.12/site-packages/airflow/example_dags/example_short_circuit_operator.py
[2024-05-09T16:23:30.743+0000] {logging_mixin.py:188} INFO - [2024-05-09T16:23:30.742+0000] {dag.py:3096} INFO - Sync 1 DAGs
[2024-05-09T16:23:30.751+0000] {logging_mixin.py:188} INFO - [2024-05-09T16:23:30.751+0000] {dag.py:3954} INFO - Setting next_dagrun for example_short_circuit_operator to 2024-05-08 00:00:00+00:00, run_after=2024-05-09 00:00:00+00:00
[2024-05-09T16:23:30.760+0000] {processor.py:183} INFO - Processing /home/airflow/.local/lib/python3.12/site-packages/airflow/example_dags/example_short_circuit_operator.py took 0.035 seconds
[2024-05-09T16:24:01.253+0000] {processor.py:161} INFO - Started process (PID=632) to work on /home/airflow/.local/lib/python3.12/site-packages/airflow/example_dags/example_short_circuit_operator.py
[2024-05-09T16:24:01.253+0000] {processor.py:830} INFO - Processing file /home/airflow/.local/lib/python3.12/site-packages/airflow/example_dags/example_short_circuit_operator.py for tasks to queue
[2024-05-09T16:24:01.254+0000] {logging_mixin.py:188} INFO - [2024-05-09T16:24:01.254+0000] {dagbag.py:545} INFO - Filling up the DagBag from /home/airflow/.local/lib/python3.12/site-packages/airflow/example_dags/example_short_circuit_operator.py
[2024-05-09T16:24:01.257+0000] {processor.py:840} INFO - DAG(s) 'example_short_circuit_operator' retrieved from /home/airflow/.local/lib/python3.12/site-packages/airflow/example_dags/example_short_circuit_operator.py
[2024-05-09T16:24:01.267+0000] {logging_mixin.py:188} INFO - [2024-05-09T16:24:01.267+0000] {dag.py:3096} INFO - Sync 1 DAGs
[2024-05-09T16:24:01.275+0000] {logging_mixin.py:188} INFO - [2024-05-09T16:24:01.275+0000] {dag.py:3954} INFO - Setting next_dagrun for example_short_circuit_operator to 2024-05-08 00:00:00+00:00, run_after=2024-05-09 00:00:00+00:00
[2024-05-09T16:24:01.282+0000] {processor.py:183} INFO - Processing /home/airflow/.local/lib/python3.12/site-packages/airflow/example_dags/example_short_circuit_operator.py took 0.032 seconds
[2024-05-09T16:24:31.748+0000] {processor.py:161} INFO - Started process (PID=690) to work on /home/airflow/.local/lib/python3.12/site-packages/airflow/example_dags/example_short_circuit_operator.py
[2024-05-09T16:24:31.749+0000] {processor.py:830} INFO - Processing file /home/airflow/.local/lib/python3.12/site-packages/airflow/example_dags/example_short_circuit_operator.py for tasks to queue
[2024-05-09T16:24:31.750+0000] {logging_mixin.py:188} INFO - [2024-05-09T16:24:31.749+0000] {dagbag.py:545} INFO - Filling up the DagBag from /home/airflow/.local/lib/python3.12/site-packages/airflow/example_dags/example_short_circuit_operator.py
[2024-05-09T16:24:31.753+0000] {processor.py:840} INFO - DAG(s) 'example_short_circuit_operator' retrieved from /home/airflow/.local/lib/python3.12/site-packages/airflow/example_dags/example_short_circuit_operator.py
[2024-05-09T16:24:31.763+0000] {logging_mixin.py:188} INFO - [2024-05-09T16:24:31.763+0000] {dag.py:3096} INFO - Sync 1 DAGs
[2024-05-09T16:24:31.771+0000] {logging_mixin.py:188} INFO - [2024-05-09T16:24:31.771+0000] {dag.py:3954} INFO - Setting next_dagrun for example_short_circuit_operator to 2024-05-08 00:00:00+00:00, run_after=2024-05-09 00:00:00+00:00
[2024-05-09T16:24:31.778+0000] {processor.py:183} INFO - Processing /home/airflow/.local/lib/python3.12/site-packages/airflow/example_dags/example_short_circuit_operator.py took 0.032 seconds
[2024-05-09T16:25:02.172+0000] {processor.py:161} INFO - Started process (PID=752) to work on /home/airflow/.local/lib/python3.12/site-packages/airflow/example_dags/example_short_circuit_operator.py
[2024-05-09T16:25:02.173+0000] {processor.py:830} INFO - Processing file /home/airflow/.local/lib/python3.12/site-packages/airflow/example_dags/example_short_circuit_operator.py for tasks to queue
[2024-05-09T16:25:02.174+0000] {logging_mixin.py:188} INFO - [2024-05-09T16:25:02.174+0000] {dagbag.py:545} INFO - Filling up the DagBag from /home/airflow/.local/lib/python3.12/site-packages/airflow/example_dags/example_short_circuit_operator.py
[2024-05-09T16:25:02.177+0000] {processor.py:840} INFO - DAG(s) 'example_short_circuit_operator' retrieved from /home/airflow/.local/lib/python3.12/site-packages/airflow/example_dags/example_short_circuit_operator.py
[2024-05-09T16:25:02.187+0000] {logging_mixin.py:188} INFO - [2024-05-09T16:25:02.187+0000] {dag.py:3096} INFO - Sync 1 DAGs
[2024-05-09T16:25:02.196+0000] {logging_mixin.py:188} INFO - [2024-05-09T16:25:02.196+0000] {dag.py:3954} INFO - Setting next_dagrun for example_short_circuit_operator to 2024-05-08 00:00:00+00:00, run_after=2024-05-09 00:00:00+00:00
[2024-05-09T16:25:02.203+0000] {processor.py:183} INFO - Processing /home/airflow/.local/lib/python3.12/site-packages/airflow/example_dags/example_short_circuit_operator.py took 0.034 seconds
[2024-05-09T16:25:32.643+0000] {processor.py:161} INFO - Started process (PID=810) to work on /home/airflow/.local/lib/python3.12/site-packages/airflow/example_dags/example_short_circuit_operator.py
[2024-05-09T16:25:32.643+0000] {processor.py:830} INFO - Processing file /home/airflow/.local/lib/python3.12/site-packages/airflow/example_dags/example_short_circuit_operator.py for tasks to queue
[2024-05-09T16:25:32.644+0000] {logging_mixin.py:188} INFO - [2024-05-09T16:25:32.644+0000] {dagbag.py:545} INFO - Filling up the DagBag from /home/airflow/.local/lib/python3.12/site-packages/airflow/example_dags/example_short_circuit_operator.py
[2024-05-09T16:25:32.647+0000] {processor.py:840} INFO - DAG(s) 'example_short_circuit_operator' retrieved from /home/airflow/.local/lib/python3.12/site-packages/airflow/example_dags/example_short_circuit_operator.py
[2024-05-09T16:25:32.657+0000] {logging_mixin.py:188} INFO - [2024-05-09T16:25:32.657+0000] {dag.py:3096} INFO - Sync 1 DAGs
[2024-05-09T16:25:32.666+0000] {logging_mixin.py:188} INFO - [2024-05-09T16:25:32.666+0000] {dag.py:3954} INFO - Setting next_dagrun for example_short_circuit_operator to 2024-05-08 00:00:00+00:00, run_after=2024-05-09 00:00:00+00:00
[2024-05-09T16:25:32.673+0000] {processor.py:183} INFO - Processing /home/airflow/.local/lib/python3.12/site-packages/airflow/example_dags/example_short_circuit_operator.py took 0.034 seconds
[2024-05-09T16:26:03.204+0000] {processor.py:161} INFO - Started process (PID=868) to work on /home/airflow/.local/lib/python3.12/site-packages/airflow/example_dags/example_short_circuit_operator.py
[2024-05-09T16:26:03.204+0000] {processor.py:830} INFO - Processing file /home/airflow/.local/lib/python3.12/site-packages/airflow/example_dags/example_short_circuit_operator.py for tasks to queue
[2024-05-09T16:26:03.205+0000] {logging_mixin.py:188} INFO - [2024-05-09T16:26:03.205+0000] {dagbag.py:545} INFO - Filling up the DagBag from /home/airflow/.local/lib/python3.12/site-packages/airflow/example_dags/example_short_circuit_operator.py
[2024-05-09T16:26:03.208+0000] {processor.py:840} INFO - DAG(s) 'example_short_circuit_operator' retrieved from /home/airflow/.local/lib/python3.12/site-packages/airflow/example_dags/example_short_circuit_operator.py
[2024-05-09T16:26:03.218+0000] {logging_mixin.py:188} INFO - [2024-05-09T16:26:03.218+0000] {dag.py:3096} INFO - Sync 1 DAGs
[2024-05-09T16:26:03.227+0000] {logging_mixin.py:188} INFO - [2024-05-09T16:26:03.227+0000] {dag.py:3954} INFO - Setting next_dagrun for example_short_circuit_operator to 2024-05-08 00:00:00+00:00, run_after=2024-05-09 00:00:00+00:00
[2024-05-09T16:26:03.234+0000] {processor.py:183} INFO - Processing /home/airflow/.local/lib/python3.12/site-packages/airflow/example_dags/example_short_circuit_operator.py took 0.033 seconds
[2024-05-09T16:26:33.721+0000] {processor.py:161} INFO - Started process (PID=926) to work on /home/airflow/.local/lib/python3.12/site-packages/airflow/example_dags/example_short_circuit_operator.py
[2024-05-09T16:26:33.721+0000] {processor.py:830} INFO - Processing file /home/airflow/.local/lib/python3.12/site-packages/airflow/example_dags/example_short_circuit_operator.py for tasks to queue
[2024-05-09T16:26:33.722+0000] {logging_mixin.py:188} INFO - [2024-05-09T16:26:33.722+0000] {dagbag.py:545} INFO - Filling up the DagBag from /home/airflow/.local/lib/python3.12/site-packages/airflow/example_dags/example_short_circuit_operator.py
[2024-05-09T16:26:33.726+0000] {processor.py:840} INFO - DAG(s) 'example_short_circuit_operator' retrieved from /home/airflow/.local/lib/python3.12/site-packages/airflow/example_dags/example_short_circuit_operator.py
[2024-05-09T16:26:33.737+0000] {logging_mixin.py:188} INFO - [2024-05-09T16:26:33.737+0000] {dag.py:3096} INFO - Sync 1 DAGs
[2024-05-09T16:26:33.747+0000] {logging_mixin.py:188} INFO - [2024-05-09T16:26:33.747+0000] {dag.py:3954} INFO - Setting next_dagrun for example_short_circuit_operator to 2024-05-08 00:00:00+00:00, run_after=2024-05-09 00:00:00+00:00
[2024-05-09T16:26:33.755+0000] {processor.py:183} INFO - Processing /home/airflow/.local/lib/python3.12/site-packages/airflow/example_dags/example_short_circuit_operator.py took 0.038 seconds
[2024-05-09T16:27:04.190+0000] {processor.py:161} INFO - Started process (PID=984) to work on /home/airflow/.local/lib/python3.12/site-packages/airflow/example_dags/example_short_circuit_operator.py
[2024-05-09T16:27:04.191+0000] {processor.py:830} INFO - Processing file /home/airflow/.local/lib/python3.12/site-packages/airflow/example_dags/example_short_circuit_operator.py for tasks to queue
[2024-05-09T16:27:04.191+0000] {logging_mixin.py:188} INFO - [2024-05-09T16:27:04.191+0000] {dagbag.py:545} INFO - Filling up the DagBag from /home/airflow/.local/lib/python3.12/site-packages/airflow/example_dags/example_short_circuit_operator.py
[2024-05-09T16:27:04.195+0000] {processor.py:840} INFO - DAG(s) 'example_short_circuit_operator' retrieved from /home/airflow/.local/lib/python3.12/site-packages/airflow/example_dags/example_short_circuit_operator.py
[2024-05-09T16:27:04.204+0000] {logging_mixin.py:188} INFO - [2024-05-09T16:27:04.204+0000] {dag.py:3096} INFO - Sync 1 DAGs
[2024-05-09T16:27:04.213+0000] {logging_mixin.py:188} INFO - [2024-05-09T16:27:04.213+0000] {dag.py:3954} INFO - Setting next_dagrun for example_short_circuit_operator to 2024-05-08 00:00:00+00:00, run_after=2024-05-09 00:00:00+00:00
[2024-05-09T16:27:04.219+0000] {processor.py:183} INFO - Processing /home/airflow/.local/lib/python3.12/site-packages/airflow/example_dags/example_short_circuit_operator.py took 0.032 seconds
[2024-05-09T16:27:34.707+0000] {processor.py:161} INFO - Started process (PID=1042) to work on /home/airflow/.local/lib/python3.12/site-packages/airflow/example_dags/example_short_circuit_operator.py
[2024-05-09T16:27:34.707+0000] {processor.py:830} INFO - Processing file /home/airflow/.local/lib/python3.12/site-packages/airflow/example_dags/example_short_circuit_operator.py for tasks to queue
[2024-05-09T16:27:34.708+0000] {logging_mixin.py:188} INFO - [2024-05-09T16:27:34.708+0000] {dagbag.py:545} INFO - Filling up the DagBag from /home/airflow/.local/lib/python3.12/site-packages/airflow/example_dags/example_short_circuit_operator.py
[2024-05-09T16:27:34.712+0000] {processor.py:840} INFO - DAG(s) 'example_short_circuit_operator' retrieved from /home/airflow/.local/lib/python3.12/site-packages/airflow/example_dags/example_short_circuit_operator.py
[2024-05-09T16:27:34.721+0000] {logging_mixin.py:188} INFO - [2024-05-09T16:27:34.721+0000] {dag.py:3096} INFO - Sync 1 DAGs
[2024-05-09T16:27:34.730+0000] {logging_mixin.py:188} INFO - [2024-05-09T16:27:34.730+0000] {dag.py:3954} INFO - Setting next_dagrun for example_short_circuit_operator to 2024-05-08 00:00:00+00:00, run_after=2024-05-09 00:00:00+00:00
[2024-05-09T16:27:34.737+0000] {processor.py:183} INFO - Processing /home/airflow/.local/lib/python3.12/site-packages/airflow/example_dags/example_short_circuit_operator.py took 0.033 seconds
[2024-05-09T16:28:05.193+0000] {processor.py:161} INFO - Started process (PID=1100) to work on /home/airflow/.local/lib/python3.12/site-packages/airflow/example_dags/example_short_circuit_operator.py
[2024-05-09T16:28:05.193+0000] {processor.py:830} INFO - Processing file /home/airflow/.local/lib/python3.12/site-packages/airflow/example_dags/example_short_circuit_operator.py for tasks to queue
[2024-05-09T16:28:05.194+0000] {logging_mixin.py:188} INFO - [2024-05-09T16:28:05.194+0000] {dagbag.py:545} INFO - Filling up the DagBag from /home/airflow/.local/lib/python3.12/site-packages/airflow/example_dags/example_short_circuit_operator.py
[2024-05-09T16:28:05.198+0000] {processor.py:840} INFO - DAG(s) 'example_short_circuit_operator' retrieved from /home/airflow/.local/lib/python3.12/site-packages/airflow/example_dags/example_short_circuit_operator.py
[2024-05-09T16:28:05.208+0000] {logging_mixin.py:188} INFO - [2024-05-09T16:28:05.208+0000] {dag.py:3096} INFO - Sync 1 DAGs
[2024-05-09T16:28:05.217+0000] {logging_mixin.py:188} INFO - [2024-05-09T16:28:05.217+0000] {dag.py:3954} INFO - Setting next_dagrun for example_short_circuit_operator to 2024-05-08 00:00:00+00:00, run_after=2024-05-09 00:00:00+00:00
[2024-05-09T16:28:05.224+0000] {processor.py:183} INFO - Processing /home/airflow/.local/lib/python3.12/site-packages/airflow/example_dags/example_short_circuit_operator.py took 0.034 seconds
[2024-05-09T16:28:35.763+0000] {processor.py:161} INFO - Started process (PID=1158) to work on /home/airflow/.local/lib/python3.12/site-packages/airflow/example_dags/example_short_circuit_operator.py
[2024-05-09T16:28:35.763+0000] {processor.py:830} INFO - Processing file /home/airflow/.local/lib/python3.12/site-packages/airflow/example_dags/example_short_circuit_operator.py for tasks to queue
[2024-05-09T16:28:35.764+0000] {logging_mixin.py:188} INFO - [2024-05-09T16:28:35.764+0000] {dagbag.py:545} INFO - Filling up the DagBag from /home/airflow/.local/lib/python3.12/site-packages/airflow/example_dags/example_short_circuit_operator.py
[2024-05-09T16:28:35.768+0000] {processor.py:840} INFO - DAG(s) 'example_short_circuit_operator' retrieved from /home/airflow/.local/lib/python3.12/site-packages/airflow/example_dags/example_short_circuit_operator.py
[2024-05-09T16:28:35.778+0000] {logging_mixin.py:188} INFO - [2024-05-09T16:28:35.778+0000] {dag.py:3096} INFO - Sync 1 DAGs
[2024-05-09T16:28:35.787+0000] {logging_mixin.py:188} INFO - [2024-05-09T16:28:35.787+0000] {dag.py:3954} INFO - Setting next_dagrun for example_short_circuit_operator to 2024-05-08 00:00:00+00:00, run_after=2024-05-09 00:00:00+00:00
[2024-05-09T16:28:35.794+0000] {processor.py:183} INFO - Processing /home/airflow/.local/lib/python3.12/site-packages/airflow/example_dags/example_short_circuit_operator.py took 0.034 seconds
[2024-05-09T16:29:06.262+0000] {processor.py:161} INFO - Started process (PID=1216) to work on /home/airflow/.local/lib/python3.12/site-packages/airflow/example_dags/example_short_circuit_operator.py
[2024-05-09T16:29:06.263+0000] {processor.py:830} INFO - Processing file /home/airflow/.local/lib/python3.12/site-packages/airflow/example_dags/example_short_circuit_operator.py for tasks to queue
[2024-05-09T16:29:06.264+0000] {logging_mixin.py:188} INFO - [2024-05-09T16:29:06.264+0000] {dagbag.py:545} INFO - Filling up the DagBag from /home/airflow/.local/lib/python3.12/site-packages/airflow/example_dags/example_short_circuit_operator.py
[2024-05-09T16:29:06.267+0000] {processor.py:840} INFO - DAG(s) 'example_short_circuit_operator' retrieved from /home/airflow/.local/lib/python3.12/site-packages/airflow/example_dags/example_short_circuit_operator.py
[2024-05-09T16:29:06.278+0000] {logging_mixin.py:188} INFO - [2024-05-09T16:29:06.278+0000] {dag.py:3096} INFO - Sync 1 DAGs
[2024-05-09T16:29:06.287+0000] {logging_mixin.py:188} INFO - [2024-05-09T16:29:06.287+0000] {dag.py:3954} INFO - Setting next_dagrun for example_short_circuit_operator to 2024-05-08 00:00:00+00:00, run_after=2024-05-09 00:00:00+00:00
[2024-05-09T16:29:06.294+0000] {processor.py:183} INFO - Processing /home/airflow/.local/lib/python3.12/site-packages/airflow/example_dags/example_short_circuit_operator.py took 0.035 seconds
[2024-05-09T16:29:36.782+0000] {processor.py:161} INFO - Started process (PID=1274) to work on /home/airflow/.local/lib/python3.12/site-packages/airflow/example_dags/example_short_circuit_operator.py
[2024-05-09T16:29:36.783+0000] {processor.py:830} INFO - Processing file /home/airflow/.local/lib/python3.12/site-packages/airflow/example_dags/example_short_circuit_operator.py for tasks to queue
[2024-05-09T16:29:36.784+0000] {logging_mixin.py:188} INFO - [2024-05-09T16:29:36.783+0000] {dagbag.py:545} INFO - Filling up the DagBag from /home/airflow/.local/lib/python3.12/site-packages/airflow/example_dags/example_short_circuit_operator.py
[2024-05-09T16:29:36.787+0000] {processor.py:840} INFO - DAG(s) 'example_short_circuit_operator' retrieved from /home/airflow/.local/lib/python3.12/site-packages/airflow/example_dags/example_short_circuit_operator.py
[2024-05-09T16:29:36.797+0000] {logging_mixin.py:188} INFO - [2024-05-09T16:29:36.797+0000] {dag.py:3096} INFO - Sync 1 DAGs
[2024-05-09T16:29:36.806+0000] {logging_mixin.py:188} INFO - [2024-05-09T16:29:36.806+0000] {dag.py:3954} INFO - Setting next_dagrun for example_short_circuit_operator to 2024-05-08 00:00:00+00:00, run_after=2024-05-09 00:00:00+00:00
[2024-05-09T16:29:36.814+0000] {processor.py:183} INFO - Processing /home/airflow/.local/lib/python3.12/site-packages/airflow/example_dags/example_short_circuit_operator.py took 0.035 seconds
[2024-05-09T16:30:07.368+0000] {processor.py:161} INFO - Started process (PID=1332) to work on /home/airflow/.local/lib/python3.12/site-packages/airflow/example_dags/example_short_circuit_operator.py
[2024-05-09T16:30:07.368+0000] {processor.py:830} INFO - Processing file /home/airflow/.local/lib/python3.12/site-packages/airflow/example_dags/example_short_circuit_operator.py for tasks to queue
[2024-05-09T16:30:07.369+0000] {logging_mixin.py:188} INFO - [2024-05-09T16:30:07.369+0000] {dagbag.py:545} INFO - Filling up the DagBag from /home/airflow/.local/lib/python3.12/site-packages/airflow/example_dags/example_short_circuit_operator.py
[2024-05-09T16:30:07.373+0000] {processor.py:840} INFO - DAG(s) 'example_short_circuit_operator' retrieved from /home/airflow/.local/lib/python3.12/site-packages/airflow/example_dags/example_short_circuit_operator.py
[2024-05-09T16:30:07.383+0000] {logging_mixin.py:188} INFO - [2024-05-09T16:30:07.383+0000] {dag.py:3096} INFO - Sync 1 DAGs
[2024-05-09T16:30:07.395+0000] {logging_mixin.py:188} INFO - [2024-05-09T16:30:07.395+0000] {dag.py:3954} INFO - Setting next_dagrun for example_short_circuit_operator to 2024-05-08 00:00:00+00:00, run_after=2024-05-09 00:00:00+00:00
[2024-05-09T16:30:07.404+0000] {processor.py:183} INFO - Processing /home/airflow/.local/lib/python3.12/site-packages/airflow/example_dags/example_short_circuit_operator.py took 0.039 seconds
[2024-05-09T16:30:37.914+0000] {processor.py:161} INFO - Started process (PID=1390) to work on /home/airflow/.local/lib/python3.12/site-packages/airflow/example_dags/example_short_circuit_operator.py
[2024-05-09T16:30:37.914+0000] {processor.py:830} INFO - Processing file /home/airflow/.local/lib/python3.12/site-packages/airflow/example_dags/example_short_circuit_operator.py for tasks to queue
[2024-05-09T16:30:37.915+0000] {logging_mixin.py:188} INFO - [2024-05-09T16:30:37.915+0000] {dagbag.py:545} INFO - Filling up the DagBag from /home/airflow/.local/lib/python3.12/site-packages/airflow/example_dags/example_short_circuit_operator.py
[2024-05-09T16:30:37.919+0000] {processor.py:840} INFO - DAG(s) 'example_short_circuit_operator' retrieved from /home/airflow/.local/lib/python3.12/site-packages/airflow/example_dags/example_short_circuit_operator.py
[2024-05-09T16:30:37.928+0000] {logging_mixin.py:188} INFO - [2024-05-09T16:30:37.928+0000] {dag.py:3096} INFO - Sync 1 DAGs
[2024-05-09T16:30:37.937+0000] {logging_mixin.py:188} INFO - [2024-05-09T16:30:37.937+0000] {dag.py:3954} INFO - Setting next_dagrun for example_short_circuit_operator to 2024-05-08 00:00:00+00:00, run_after=2024-05-09 00:00:00+00:00
[2024-05-09T16:30:37.944+0000] {processor.py:183} INFO - Processing /home/airflow/.local/lib/python3.12/site-packages/airflow/example_dags/example_short_circuit_operator.py took 0.033 seconds
[2024-05-09T16:31:08.500+0000] {processor.py:161} INFO - Started process (PID=1448) to work on /home/airflow/.local/lib/python3.12/site-packages/airflow/example_dags/example_short_circuit_operator.py
[2024-05-09T16:31:08.500+0000] {processor.py:830} INFO - Processing file /home/airflow/.local/lib/python3.12/site-packages/airflow/example_dags/example_short_circuit_operator.py for tasks to queue
[2024-05-09T16:31:08.501+0000] {logging_mixin.py:188} INFO - [2024-05-09T16:31:08.501+0000] {dagbag.py:545} INFO - Filling up the DagBag from /home/airflow/.local/lib/python3.12/site-packages/airflow/example_dags/example_short_circuit_operator.py
[2024-05-09T16:31:08.505+0000] {processor.py:840} INFO - DAG(s) 'example_short_circuit_operator' retrieved from /home/airflow/.local/lib/python3.12/site-packages/airflow/example_dags/example_short_circuit_operator.py
[2024-05-09T16:31:08.515+0000] {logging_mixin.py:188} INFO - [2024-05-09T16:31:08.515+0000] {dag.py:3096} INFO - Sync 1 DAGs
[2024-05-09T16:31:08.523+0000] {logging_mixin.py:188} INFO - [2024-05-09T16:31:08.523+0000] {dag.py:3954} INFO - Setting next_dagrun for example_short_circuit_operator to 2024-05-08 00:00:00+00:00, run_after=2024-05-09 00:00:00+00:00
[2024-05-09T16:31:08.530+0000] {processor.py:183} INFO - Processing /home/airflow/.local/lib/python3.12/site-packages/airflow/example_dags/example_short_circuit_operator.py took 0.034 seconds
[2024-05-09T16:31:39.049+0000] {processor.py:161} INFO - Started process (PID=1506) to work on /home/airflow/.local/lib/python3.12/site-packages/airflow/example_dags/example_short_circuit_operator.py
[2024-05-09T16:31:39.049+0000] {processor.py:830} INFO - Processing file /home/airflow/.local/lib/python3.12/site-packages/airflow/example_dags/example_short_circuit_operator.py for tasks to queue
[2024-05-09T16:31:39.050+0000] {logging_mixin.py:188} INFO - [2024-05-09T16:31:39.050+0000] {dagbag.py:545} INFO - Filling up the DagBag from /home/airflow/.local/lib/python3.12/site-packages/airflow/example_dags/example_short_circuit_operator.py
[2024-05-09T16:31:39.054+0000] {processor.py:840} INFO - DAG(s) 'example_short_circuit_operator' retrieved from /home/airflow/.local/lib/python3.12/site-packages/airflow/example_dags/example_short_circuit_operator.py
[2024-05-09T16:31:39.064+0000] {logging_mixin.py:188} INFO - [2024-05-09T16:31:39.064+0000] {dag.py:3096} INFO - Sync 1 DAGs
[2024-05-09T16:31:39.072+0000] {logging_mixin.py:188} INFO - [2024-05-09T16:31:39.072+0000] {dag.py:3954} INFO - Setting next_dagrun for example_short_circuit_operator to 2024-05-08 00:00:00+00:00, run_after=2024-05-09 00:00:00+00:00
[2024-05-09T16:31:39.080+0000] {processor.py:183} INFO - Processing /home/airflow/.local/lib/python3.12/site-packages/airflow/example_dags/example_short_circuit_operator.py took 0.034 seconds
[2024-05-09T16:32:09.570+0000] {processor.py:161} INFO - Started process (PID=1564) to work on /home/airflow/.local/lib/python3.12/site-packages/airflow/example_dags/example_short_circuit_operator.py
[2024-05-09T16:32:09.571+0000] {processor.py:830} INFO - Processing file /home/airflow/.local/lib/python3.12/site-packages/airflow/example_dags/example_short_circuit_operator.py for tasks to queue
[2024-05-09T16:32:09.572+0000] {logging_mixin.py:188} INFO - [2024-05-09T16:32:09.572+0000] {dagbag.py:545} INFO - Filling up the DagBag from /home/airflow/.local/lib/python3.12/site-packages/airflow/example_dags/example_short_circuit_operator.py
[2024-05-09T16:32:09.575+0000] {processor.py:840} INFO - DAG(s) 'example_short_circuit_operator' retrieved from /home/airflow/.local/lib/python3.12/site-packages/airflow/example_dags/example_short_circuit_operator.py
[2024-05-09T16:32:09.586+0000] {logging_mixin.py:188} INFO - [2024-05-09T16:32:09.585+0000] {dag.py:3096} INFO - Sync 1 DAGs
[2024-05-09T16:32:09.595+0000] {logging_mixin.py:188} INFO - [2024-05-09T16:32:09.594+0000] {dag.py:3954} INFO - Setting next_dagrun for example_short_circuit_operator to 2024-05-08 00:00:00+00:00, run_after=2024-05-09 00:00:00+00:00
[2024-05-09T16:32:09.602+0000] {processor.py:183} INFO - Processing /home/airflow/.local/lib/python3.12/site-packages/airflow/example_dags/example_short_circuit_operator.py took 0.034 seconds
[2024-05-09T16:32:40.151+0000] {processor.py:161} INFO - Started process (PID=1622) to work on /home/airflow/.local/lib/python3.12/site-packages/airflow/example_dags/example_short_circuit_operator.py
[2024-05-09T16:32:40.151+0000] {processor.py:830} INFO - Processing file /home/airflow/.local/lib/python3.12/site-packages/airflow/example_dags/example_short_circuit_operator.py for tasks to queue
[2024-05-09T16:32:40.152+0000] {logging_mixin.py:188} INFO - [2024-05-09T16:32:40.152+0000] {dagbag.py:545} INFO - Filling up the DagBag from /home/airflow/.local/lib/python3.12/site-packages/airflow/example_dags/example_short_circuit_operator.py
[2024-05-09T16:32:40.156+0000] {processor.py:840} INFO - DAG(s) 'example_short_circuit_operator' retrieved from /home/airflow/.local/lib/python3.12/site-packages/airflow/example_dags/example_short_circuit_operator.py
[2024-05-09T16:32:40.167+0000] {logging_mixin.py:188} INFO - [2024-05-09T16:32:40.166+0000] {dag.py:3096} INFO - Sync 1 DAGs
[2024-05-09T16:32:40.176+0000] {logging_mixin.py:188} INFO - [2024-05-09T16:32:40.176+0000] {dag.py:3954} INFO - Setting next_dagrun for example_short_circuit_operator to 2024-05-08 00:00:00+00:00, run_after=2024-05-09 00:00:00+00:00
[2024-05-09T16:32:40.183+0000] {processor.py:183} INFO - Processing /home/airflow/.local/lib/python3.12/site-packages/airflow/example_dags/example_short_circuit_operator.py took 0.035 seconds
[2024-05-09T16:33:10.737+0000] {processor.py:161} INFO - Started process (PID=1680) to work on /home/airflow/.local/lib/python3.12/site-packages/airflow/example_dags/example_short_circuit_operator.py
[2024-05-09T16:33:10.737+0000] {processor.py:830} INFO - Processing file /home/airflow/.local/lib/python3.12/site-packages/airflow/example_dags/example_short_circuit_operator.py for tasks to queue
[2024-05-09T16:33:10.738+0000] {logging_mixin.py:188} INFO - [2024-05-09T16:33:10.738+0000] {dagbag.py:545} INFO - Filling up the DagBag from /home/airflow/.local/lib/python3.12/site-packages/airflow/example_dags/example_short_circuit_operator.py
[2024-05-09T16:33:10.742+0000] {processor.py:840} INFO - DAG(s) 'example_short_circuit_operator' retrieved from /home/airflow/.local/lib/python3.12/site-packages/airflow/example_dags/example_short_circuit_operator.py
[2024-05-09T16:33:10.751+0000] {logging_mixin.py:188} INFO - [2024-05-09T16:33:10.751+0000] {dag.py:3096} INFO - Sync 1 DAGs
[2024-05-09T16:33:10.760+0000] {logging_mixin.py:188} INFO - [2024-05-09T16:33:10.760+0000] {dag.py:3954} INFO - Setting next_dagrun for example_short_circuit_operator to 2024-05-08 00:00:00+00:00, run_after=2024-05-09 00:00:00+00:00
[2024-05-09T16:33:10.768+0000] {processor.py:183} INFO - Processing /home/airflow/.local/lib/python3.12/site-packages/airflow/example_dags/example_short_circuit_operator.py took 0.034 seconds
[2024-05-09T16:33:41.266+0000] {processor.py:161} INFO - Started process (PID=1738) to work on /home/airflow/.local/lib/python3.12/site-packages/airflow/example_dags/example_short_circuit_operator.py
[2024-05-09T16:33:41.267+0000] {processor.py:830} INFO - Processing file /home/airflow/.local/lib/python3.12/site-packages/airflow/example_dags/example_short_circuit_operator.py for tasks to queue
[2024-05-09T16:33:41.268+0000] {logging_mixin.py:188} INFO - [2024-05-09T16:33:41.268+0000] {dagbag.py:545} INFO - Filling up the DagBag from /home/airflow/.local/lib/python3.12/site-packages/airflow/example_dags/example_short_circuit_operator.py
[2024-05-09T16:33:41.271+0000] {processor.py:840} INFO - DAG(s) 'example_short_circuit_operator' retrieved from /home/airflow/.local/lib/python3.12/site-packages/airflow/example_dags/example_short_circuit_operator.py
[2024-05-09T16:33:41.281+0000] {logging_mixin.py:188} INFO - [2024-05-09T16:33:41.281+0000] {dag.py:3096} INFO - Sync 1 DAGs
[2024-05-09T16:33:41.290+0000] {logging_mixin.py:188} INFO - [2024-05-09T16:33:41.290+0000] {dag.py:3954} INFO - Setting next_dagrun for example_short_circuit_operator to 2024-05-08 00:00:00+00:00, run_after=2024-05-09 00:00:00+00:00
[2024-05-09T16:33:41.296+0000] {processor.py:183} INFO - Processing /home/airflow/.local/lib/python3.12/site-packages/airflow/example_dags/example_short_circuit_operator.py took 0.033 seconds
[2024-05-09T16:34:11.944+0000] {processor.py:161} INFO - Started process (PID=1796) to work on /home/airflow/.local/lib/python3.12/site-packages/airflow/example_dags/example_short_circuit_operator.py
[2024-05-09T16:34:11.944+0000] {processor.py:830} INFO - Processing file /home/airflow/.local/lib/python3.12/site-packages/airflow/example_dags/example_short_circuit_operator.py for tasks to queue
[2024-05-09T16:34:11.945+0000] {logging_mixin.py:188} INFO - [2024-05-09T16:34:11.945+0000] {dagbag.py:545} INFO - Filling up the DagBag from /home/airflow/.local/lib/python3.12/site-packages/airflow/example_dags/example_short_circuit_operator.py
[2024-05-09T16:34:11.949+0000] {processor.py:840} INFO - DAG(s) 'example_short_circuit_operator' retrieved from /home/airflow/.local/lib/python3.12/site-packages/airflow/example_dags/example_short_circuit_operator.py
[2024-05-09T16:34:11.958+0000] {logging_mixin.py:188} INFO - [2024-05-09T16:34:11.958+0000] {dag.py:3096} INFO - Sync 1 DAGs
[2024-05-09T16:34:11.967+0000] {logging_mixin.py:188} INFO - [2024-05-09T16:34:11.966+0000] {dag.py:3954} INFO - Setting next_dagrun for example_short_circuit_operator to 2024-05-08 00:00:00+00:00, run_after=2024-05-09 00:00:00+00:00
[2024-05-09T16:34:11.973+0000] {processor.py:183} INFO - Processing /home/airflow/.local/lib/python3.12/site-packages/airflow/example_dags/example_short_circuit_operator.py took 0.032 seconds
[2024-05-09T16:34:42.575+0000] {processor.py:161} INFO - Started process (PID=1854) to work on /home/airflow/.local/lib/python3.12/site-packages/airflow/example_dags/example_short_circuit_operator.py
[2024-05-09T16:34:42.575+0000] {processor.py:830} INFO - Processing file /home/airflow/.local/lib/python3.12/site-packages/airflow/example_dags/example_short_circuit_operator.py for tasks to queue
[2024-05-09T16:34:42.576+0000] {logging_mixin.py:188} INFO - [2024-05-09T16:34:42.576+0000] {dagbag.py:545} INFO - Filling up the DagBag from /home/airflow/.local/lib/python3.12/site-packages/airflow/example_dags/example_short_circuit_operator.py
[2024-05-09T16:34:42.580+0000] {processor.py:840} INFO - DAG(s) 'example_short_circuit_operator' retrieved from /home/airflow/.local/lib/python3.12/site-packages/airflow/example_dags/example_short_circuit_operator.py
[2024-05-09T16:34:42.590+0000] {logging_mixin.py:188} INFO - [2024-05-09T16:34:42.590+0000] {dag.py:3096} INFO - Sync 1 DAGs
[2024-05-09T16:34:42.599+0000] {logging_mixin.py:188} INFO - [2024-05-09T16:34:42.599+0000] {dag.py:3954} INFO - Setting next_dagrun for example_short_circuit_operator to 2024-05-08 00:00:00+00:00, run_after=2024-05-09 00:00:00+00:00
[2024-05-09T16:34:42.606+0000] {processor.py:183} INFO - Processing /home/airflow/.local/lib/python3.12/site-packages/airflow/example_dags/example_short_circuit_operator.py took 0.034 seconds
[2024-05-09T16:35:13.044+0000] {processor.py:161} INFO - Started process (PID=1912) to work on /home/airflow/.local/lib/python3.12/site-packages/airflow/example_dags/example_short_circuit_operator.py
[2024-05-09T16:35:13.045+0000] {processor.py:830} INFO - Processing file /home/airflow/.local/lib/python3.12/site-packages/airflow/example_dags/example_short_circuit_operator.py for tasks to queue
[2024-05-09T16:35:13.046+0000] {logging_mixin.py:188} INFO - [2024-05-09T16:35:13.045+0000] {dagbag.py:545} INFO - Filling up the DagBag from /home/airflow/.local/lib/python3.12/site-packages/airflow/example_dags/example_short_circuit_operator.py
[2024-05-09T16:35:13.049+0000] {processor.py:840} INFO - DAG(s) 'example_short_circuit_operator' retrieved from /home/airflow/.local/lib/python3.12/site-packages/airflow/example_dags/example_short_circuit_operator.py
[2024-05-09T16:35:13.059+0000] {logging_mixin.py:188} INFO - [2024-05-09T16:35:13.059+0000] {dag.py:3096} INFO - Sync 1 DAGs
[2024-05-09T16:35:13.068+0000] {logging_mixin.py:188} INFO - [2024-05-09T16:35:13.068+0000] {dag.py:3954} INFO - Setting next_dagrun for example_short_circuit_operator to 2024-05-08 00:00:00+00:00, run_after=2024-05-09 00:00:00+00:00
[2024-05-09T16:35:13.075+0000] {processor.py:183} INFO - Processing /home/airflow/.local/lib/python3.12/site-packages/airflow/example_dags/example_short_circuit_operator.py took 0.034 seconds
[2024-05-09T16:35:43.758+0000] {processor.py:161} INFO - Started process (PID=1970) to work on /home/airflow/.local/lib/python3.12/site-packages/airflow/example_dags/example_short_circuit_operator.py
[2024-05-09T16:35:43.759+0000] {processor.py:830} INFO - Processing file /home/airflow/.local/lib/python3.12/site-packages/airflow/example_dags/example_short_circuit_operator.py for tasks to queue
[2024-05-09T16:35:43.760+0000] {logging_mixin.py:188} INFO - [2024-05-09T16:35:43.759+0000] {dagbag.py:545} INFO - Filling up the DagBag from /home/airflow/.local/lib/python3.12/site-packages/airflow/example_dags/example_short_circuit_operator.py
[2024-05-09T16:35:43.763+0000] {processor.py:840} INFO - DAG(s) 'example_short_circuit_operator' retrieved from /home/airflow/.local/lib/python3.12/site-packages/airflow/example_dags/example_short_circuit_operator.py
[2024-05-09T16:35:43.774+0000] {logging_mixin.py:188} INFO - [2024-05-09T16:35:43.774+0000] {dag.py:3096} INFO - Sync 1 DAGs
[2024-05-09T16:35:43.783+0000] {logging_mixin.py:188} INFO - [2024-05-09T16:35:43.783+0000] {dag.py:3954} INFO - Setting next_dagrun for example_short_circuit_operator to 2024-05-08 00:00:00+00:00, run_after=2024-05-09 00:00:00+00:00
[2024-05-09T16:35:43.790+0000] {processor.py:183} INFO - Processing /home/airflow/.local/lib/python3.12/site-packages/airflow/example_dags/example_short_circuit_operator.py took 0.035 seconds
[2024-05-09T16:36:14.630+0000] {processor.py:161} INFO - Started process (PID=2028) to work on /home/airflow/.local/lib/python3.12/site-packages/airflow/example_dags/example_short_circuit_operator.py
[2024-05-09T16:36:14.631+0000] {processor.py:830} INFO - Processing file /home/airflow/.local/lib/python3.12/site-packages/airflow/example_dags/example_short_circuit_operator.py for tasks to queue
[2024-05-09T16:36:14.632+0000] {logging_mixin.py:188} INFO - [2024-05-09T16:36:14.632+0000] {dagbag.py:545} INFO - Filling up the DagBag from /home/airflow/.local/lib/python3.12/site-packages/airflow/example_dags/example_short_circuit_operator.py
[2024-05-09T16:36:14.636+0000] {processor.py:840} INFO - DAG(s) 'example_short_circuit_operator' retrieved from /home/airflow/.local/lib/python3.12/site-packages/airflow/example_dags/example_short_circuit_operator.py
[2024-05-09T16:36:14.645+0000] {logging_mixin.py:188} INFO - [2024-05-09T16:36:14.645+0000] {dag.py:3096} INFO - Sync 1 DAGs
[2024-05-09T16:36:14.654+0000] {logging_mixin.py:188} INFO - [2024-05-09T16:36:14.654+0000] {dag.py:3954} INFO - Setting next_dagrun for example_short_circuit_operator to 2024-05-08 00:00:00+00:00, run_after=2024-05-09 00:00:00+00:00
[2024-05-09T16:36:14.749+0000] {processor.py:183} INFO - Processing /home/airflow/.local/lib/python3.12/site-packages/airflow/example_dags/example_short_circuit_operator.py took 0.122 seconds
[2024-05-09T16:36:45.629+0000] {processor.py:161} INFO - Started process (PID=2086) to work on /home/airflow/.local/lib/python3.12/site-packages/airflow/example_dags/example_short_circuit_operator.py
[2024-05-09T16:36:45.630+0000] {processor.py:830} INFO - Processing file /home/airflow/.local/lib/python3.12/site-packages/airflow/example_dags/example_short_circuit_operator.py for tasks to queue
[2024-05-09T16:36:45.631+0000] {logging_mixin.py:188} INFO - [2024-05-09T16:36:45.630+0000] {dagbag.py:545} INFO - Filling up the DagBag from /home/airflow/.local/lib/python3.12/site-packages/airflow/example_dags/example_short_circuit_operator.py
[2024-05-09T16:36:45.634+0000] {processor.py:840} INFO - DAG(s) 'example_short_circuit_operator' retrieved from /home/airflow/.local/lib/python3.12/site-packages/airflow/example_dags/example_short_circuit_operator.py
[2024-05-09T16:36:45.644+0000] {logging_mixin.py:188} INFO - [2024-05-09T16:36:45.644+0000] {dag.py:3096} INFO - Sync 1 DAGs
[2024-05-09T16:36:45.652+0000] {logging_mixin.py:188} INFO - [2024-05-09T16:36:45.652+0000] {dag.py:3954} INFO - Setting next_dagrun for example_short_circuit_operator to 2024-05-08 00:00:00+00:00, run_after=2024-05-09 00:00:00+00:00
[2024-05-09T16:36:45.744+0000] {processor.py:183} INFO - Processing /home/airflow/.local/lib/python3.12/site-packages/airflow/example_dags/example_short_circuit_operator.py took 0.117 seconds
[2024-05-09T16:37:15.967+0000] {processor.py:161} INFO - Started process (PID=2144) to work on /home/airflow/.local/lib/python3.12/site-packages/airflow/example_dags/example_short_circuit_operator.py
[2024-05-09T16:37:15.967+0000] {processor.py:830} INFO - Processing file /home/airflow/.local/lib/python3.12/site-packages/airflow/example_dags/example_short_circuit_operator.py for tasks to queue
[2024-05-09T16:37:15.969+0000] {logging_mixin.py:188} INFO - [2024-05-09T16:37:15.968+0000] {dagbag.py:545} INFO - Filling up the DagBag from /home/airflow/.local/lib/python3.12/site-packages/airflow/example_dags/example_short_circuit_operator.py
[2024-05-09T16:37:15.973+0000] {processor.py:840} INFO - DAG(s) 'example_short_circuit_operator' retrieved from /home/airflow/.local/lib/python3.12/site-packages/airflow/example_dags/example_short_circuit_operator.py
[2024-05-09T16:37:15.984+0000] {logging_mixin.py:188} INFO - [2024-05-09T16:37:15.983+0000] {dag.py:3096} INFO - Sync 1 DAGs
[2024-05-09T16:37:15.993+0000] {logging_mixin.py:188} INFO - [2024-05-09T16:37:15.993+0000] {dag.py:3954} INFO - Setting next_dagrun for example_short_circuit_operator to 2024-05-08 00:00:00+00:00, run_after=2024-05-09 00:00:00+00:00
[2024-05-09T16:37:16.001+0000] {processor.py:183} INFO - Processing /home/airflow/.local/lib/python3.12/site-packages/airflow/example_dags/example_short_circuit_operator.py took 0.037 seconds
[2024-05-09T16:37:46.197+0000] {processor.py:161} INFO - Started process (PID=2202) to work on /home/airflow/.local/lib/python3.12/site-packages/airflow/example_dags/example_short_circuit_operator.py
[2024-05-09T16:37:46.198+0000] {processor.py:830} INFO - Processing file /home/airflow/.local/lib/python3.12/site-packages/airflow/example_dags/example_short_circuit_operator.py for tasks to queue
[2024-05-09T16:37:46.199+0000] {logging_mixin.py:188} INFO - [2024-05-09T16:37:46.199+0000] {dagbag.py:545} INFO - Filling up the DagBag from /home/airflow/.local/lib/python3.12/site-packages/airflow/example_dags/example_short_circuit_operator.py
[2024-05-09T16:37:46.203+0000] {processor.py:840} INFO - DAG(s) 'example_short_circuit_operator' retrieved from /home/airflow/.local/lib/python3.12/site-packages/airflow/example_dags/example_short_circuit_operator.py
[2024-05-09T16:37:46.214+0000] {logging_mixin.py:188} INFO - [2024-05-09T16:37:46.214+0000] {dag.py:3096} INFO - Sync 1 DAGs
[2024-05-09T16:37:46.224+0000] {logging_mixin.py:188} INFO - [2024-05-09T16:37:46.224+0000] {dag.py:3954} INFO - Setting next_dagrun for example_short_circuit_operator to 2024-05-08 00:00:00+00:00, run_after=2024-05-09 00:00:00+00:00
[2024-05-09T16:37:46.231+0000] {processor.py:183} INFO - Processing /home/airflow/.local/lib/python3.12/site-packages/airflow/example_dags/example_short_circuit_operator.py took 0.037 seconds
[2024-05-09T16:38:17.028+0000] {processor.py:161} INFO - Started process (PID=2260) to work on /home/airflow/.local/lib/python3.12/site-packages/airflow/example_dags/example_short_circuit_operator.py
[2024-05-09T16:38:17.028+0000] {processor.py:830} INFO - Processing file /home/airflow/.local/lib/python3.12/site-packages/airflow/example_dags/example_short_circuit_operator.py for tasks to queue
[2024-05-09T16:38:17.029+0000] {logging_mixin.py:188} INFO - [2024-05-09T16:38:17.029+0000] {dagbag.py:545} INFO - Filling up the DagBag from /home/airflow/.local/lib/python3.12/site-packages/airflow/example_dags/example_short_circuit_operator.py
[2024-05-09T16:38:17.033+0000] {processor.py:840} INFO - DAG(s) 'example_short_circuit_operator' retrieved from /home/airflow/.local/lib/python3.12/site-packages/airflow/example_dags/example_short_circuit_operator.py
[2024-05-09T16:38:17.043+0000] {logging_mixin.py:188} INFO - [2024-05-09T16:38:17.042+0000] {dag.py:3096} INFO - Sync 1 DAGs
[2024-05-09T16:38:17.051+0000] {logging_mixin.py:188} INFO - [2024-05-09T16:38:17.051+0000] {dag.py:3954} INFO - Setting next_dagrun for example_short_circuit_operator to 2024-05-08 00:00:00+00:00, run_after=2024-05-09 00:00:00+00:00
[2024-05-09T16:38:17.058+0000] {processor.py:183} INFO - Processing /home/airflow/.local/lib/python3.12/site-packages/airflow/example_dags/example_short_circuit_operator.py took 0.033 seconds
[2024-05-09T16:38:47.839+0000] {processor.py:161} INFO - Started process (PID=2317) to work on /home/airflow/.local/lib/python3.12/site-packages/airflow/example_dags/example_short_circuit_operator.py
[2024-05-09T16:38:47.839+0000] {processor.py:830} INFO - Processing file /home/airflow/.local/lib/python3.12/site-packages/airflow/example_dags/example_short_circuit_operator.py for tasks to queue
[2024-05-09T16:38:47.840+0000] {logging_mixin.py:188} INFO - [2024-05-09T16:38:47.840+0000] {dagbag.py:545} INFO - Filling up the DagBag from /home/airflow/.local/lib/python3.12/site-packages/airflow/example_dags/example_short_circuit_operator.py
[2024-05-09T16:38:47.843+0000] {processor.py:840} INFO - DAG(s) 'example_short_circuit_operator' retrieved from /home/airflow/.local/lib/python3.12/site-packages/airflow/example_dags/example_short_circuit_operator.py
[2024-05-09T16:38:47.938+0000] {logging_mixin.py:188} INFO - [2024-05-09T16:38:47.938+0000] {dag.py:3096} INFO - Sync 1 DAGs
[2024-05-09T16:38:47.946+0000] {logging_mixin.py:188} INFO - [2024-05-09T16:38:47.946+0000] {dag.py:3954} INFO - Setting next_dagrun for example_short_circuit_operator to 2024-05-08 00:00:00+00:00, run_after=2024-05-09 00:00:00+00:00
[2024-05-09T16:38:47.952+0000] {processor.py:183} INFO - Processing /home/airflow/.local/lib/python3.12/site-packages/airflow/example_dags/example_short_circuit_operator.py took 0.117 seconds
[2024-05-09T16:39:18.349+0000] {processor.py:161} INFO - Started process (PID=2380) to work on /home/airflow/.local/lib/python3.12/site-packages/airflow/example_dags/example_short_circuit_operator.py
[2024-05-09T16:39:18.349+0000] {processor.py:830} INFO - Processing file /home/airflow/.local/lib/python3.12/site-packages/airflow/example_dags/example_short_circuit_operator.py for tasks to queue
[2024-05-09T16:39:18.350+0000] {logging_mixin.py:188} INFO - [2024-05-09T16:39:18.350+0000] {dagbag.py:545} INFO - Filling up the DagBag from /home/airflow/.local/lib/python3.12/site-packages/airflow/example_dags/example_short_circuit_operator.py
[2024-05-09T16:39:18.354+0000] {processor.py:840} INFO - DAG(s) 'example_short_circuit_operator' retrieved from /home/airflow/.local/lib/python3.12/site-packages/airflow/example_dags/example_short_circuit_operator.py
[2024-05-09T16:39:18.365+0000] {logging_mixin.py:188} INFO - [2024-05-09T16:39:18.365+0000] {dag.py:3096} INFO - Sync 1 DAGs
[2024-05-09T16:39:18.374+0000] {logging_mixin.py:188} INFO - [2024-05-09T16:39:18.374+0000] {dag.py:3954} INFO - Setting next_dagrun for example_short_circuit_operator to 2024-05-08 00:00:00+00:00, run_after=2024-05-09 00:00:00+00:00
[2024-05-09T16:39:18.384+0000] {processor.py:183} INFO - Processing /home/airflow/.local/lib/python3.12/site-packages/airflow/example_dags/example_short_circuit_operator.py took 0.038 seconds
[2024-05-09T16:39:49.035+0000] {processor.py:161} INFO - Started process (PID=2438) to work on /home/airflow/.local/lib/python3.12/site-packages/airflow/example_dags/example_short_circuit_operator.py
[2024-05-09T16:39:49.036+0000] {processor.py:830} INFO - Processing file /home/airflow/.local/lib/python3.12/site-packages/airflow/example_dags/example_short_circuit_operator.py for tasks to queue
[2024-05-09T16:39:49.037+0000] {logging_mixin.py:188} INFO - [2024-05-09T16:39:49.037+0000] {dagbag.py:545} INFO - Filling up the DagBag from /home/airflow/.local/lib/python3.12/site-packages/airflow/example_dags/example_short_circuit_operator.py
[2024-05-09T16:39:49.040+0000] {processor.py:840} INFO - DAG(s) 'example_short_circuit_operator' retrieved from /home/airflow/.local/lib/python3.12/site-packages/airflow/example_dags/example_short_circuit_operator.py
[2024-05-09T16:39:49.050+0000] {logging_mixin.py:188} INFO - [2024-05-09T16:39:49.050+0000] {dag.py:3096} INFO - Sync 1 DAGs
[2024-05-09T16:39:49.059+0000] {logging_mixin.py:188} INFO - [2024-05-09T16:39:49.059+0000] {dag.py:3954} INFO - Setting next_dagrun for example_short_circuit_operator to 2024-05-08 00:00:00+00:00, run_after=2024-05-09 00:00:00+00:00
[2024-05-09T16:39:49.066+0000] {processor.py:183} INFO - Processing /home/airflow/.local/lib/python3.12/site-packages/airflow/example_dags/example_short_circuit_operator.py took 0.033 seconds
[2024-05-09T16:40:19.727+0000] {processor.py:161} INFO - Started process (PID=2496) to work on /home/airflow/.local/lib/python3.12/site-packages/airflow/example_dags/example_short_circuit_operator.py
[2024-05-09T16:40:19.727+0000] {processor.py:830} INFO - Processing file /home/airflow/.local/lib/python3.12/site-packages/airflow/example_dags/example_short_circuit_operator.py for tasks to queue
[2024-05-09T16:40:19.728+0000] {logging_mixin.py:188} INFO - [2024-05-09T16:40:19.728+0000] {dagbag.py:545} INFO - Filling up the DagBag from /home/airflow/.local/lib/python3.12/site-packages/airflow/example_dags/example_short_circuit_operator.py
[2024-05-09T16:40:19.732+0000] {processor.py:840} INFO - DAG(s) 'example_short_circuit_operator' retrieved from /home/airflow/.local/lib/python3.12/site-packages/airflow/example_dags/example_short_circuit_operator.py
[2024-05-09T16:40:19.742+0000] {logging_mixin.py:188} INFO - [2024-05-09T16:40:19.742+0000] {dag.py:3096} INFO - Sync 1 DAGs
[2024-05-09T16:40:19.751+0000] {logging_mixin.py:188} INFO - [2024-05-09T16:40:19.751+0000] {dag.py:3954} INFO - Setting next_dagrun for example_short_circuit_operator to 2024-05-08 00:00:00+00:00, run_after=2024-05-09 00:00:00+00:00
[2024-05-09T16:40:19.758+0000] {processor.py:183} INFO - Processing /home/airflow/.local/lib/python3.12/site-packages/airflow/example_dags/example_short_circuit_operator.py took 0.034 seconds
[2024-05-09T16:40:50.353+0000] {processor.py:161} INFO - Started process (PID=2554) to work on /home/airflow/.local/lib/python3.12/site-packages/airflow/example_dags/example_short_circuit_operator.py
[2024-05-09T16:40:50.354+0000] {processor.py:830} INFO - Processing file /home/airflow/.local/lib/python3.12/site-packages/airflow/example_dags/example_short_circuit_operator.py for tasks to queue
[2024-05-09T16:40:50.355+0000] {logging_mixin.py:188} INFO - [2024-05-09T16:40:50.355+0000] {dagbag.py:545} INFO - Filling up the DagBag from /home/airflow/.local/lib/python3.12/site-packages/airflow/example_dags/example_short_circuit_operator.py
[2024-05-09T16:40:50.358+0000] {processor.py:840} INFO - DAG(s) 'example_short_circuit_operator' retrieved from /home/airflow/.local/lib/python3.12/site-packages/airflow/example_dags/example_short_circuit_operator.py
[2024-05-09T16:40:50.368+0000] {logging_mixin.py:188} INFO - [2024-05-09T16:40:50.368+0000] {dag.py:3096} INFO - Sync 1 DAGs
[2024-05-09T16:40:50.376+0000] {logging_mixin.py:188} INFO - [2024-05-09T16:40:50.376+0000] {dag.py:3954} INFO - Setting next_dagrun for example_short_circuit_operator to 2024-05-08 00:00:00+00:00, run_after=2024-05-09 00:00:00+00:00
[2024-05-09T16:40:50.383+0000] {processor.py:183} INFO - Processing /home/airflow/.local/lib/python3.12/site-packages/airflow/example_dags/example_short_circuit_operator.py took 0.032 seconds
[2024-05-09T16:41:21.026+0000] {processor.py:161} INFO - Started process (PID=2612) to work on /home/airflow/.local/lib/python3.12/site-packages/airflow/example_dags/example_short_circuit_operator.py
[2024-05-09T16:41:21.032+0000] {processor.py:830} INFO - Processing file /home/airflow/.local/lib/python3.12/site-packages/airflow/example_dags/example_short_circuit_operator.py for tasks to queue
[2024-05-09T16:41:21.034+0000] {logging_mixin.py:188} INFO - [2024-05-09T16:41:21.034+0000] {dagbag.py:545} INFO - Filling up the DagBag from /home/airflow/.local/lib/python3.12/site-packages/airflow/example_dags/example_short_circuit_operator.py
[2024-05-09T16:41:21.040+0000] {processor.py:840} INFO - DAG(s) 'example_short_circuit_operator' retrieved from /home/airflow/.local/lib/python3.12/site-packages/airflow/example_dags/example_short_circuit_operator.py
[2024-05-09T16:41:21.050+0000] {logging_mixin.py:188} INFO - [2024-05-09T16:41:21.050+0000] {dag.py:3096} INFO - Sync 1 DAGs
[2024-05-09T16:41:21.059+0000] {logging_mixin.py:188} INFO - [2024-05-09T16:41:21.059+0000] {dag.py:3954} INFO - Setting next_dagrun for example_short_circuit_operator to 2024-05-08 00:00:00+00:00, run_after=2024-05-09 00:00:00+00:00
[2024-05-09T16:41:21.070+0000] {processor.py:183} INFO - Processing /home/airflow/.local/lib/python3.12/site-packages/airflow/example_dags/example_short_circuit_operator.py took 0.047 seconds
[2024-05-09T16:41:51.749+0000] {processor.py:161} INFO - Started process (PID=2670) to work on /home/airflow/.local/lib/python3.12/site-packages/airflow/example_dags/example_short_circuit_operator.py
[2024-05-09T16:41:51.749+0000] {processor.py:830} INFO - Processing file /home/airflow/.local/lib/python3.12/site-packages/airflow/example_dags/example_short_circuit_operator.py for tasks to queue
[2024-05-09T16:41:51.750+0000] {logging_mixin.py:188} INFO - [2024-05-09T16:41:51.750+0000] {dagbag.py:545} INFO - Filling up the DagBag from /home/airflow/.local/lib/python3.12/site-packages/airflow/example_dags/example_short_circuit_operator.py
[2024-05-09T16:41:51.754+0000] {processor.py:840} INFO - DAG(s) 'example_short_circuit_operator' retrieved from /home/airflow/.local/lib/python3.12/site-packages/airflow/example_dags/example_short_circuit_operator.py
[2024-05-09T16:41:51.765+0000] {logging_mixin.py:188} INFO - [2024-05-09T16:41:51.765+0000] {dag.py:3096} INFO - Sync 1 DAGs
[2024-05-09T16:41:51.777+0000] {logging_mixin.py:188} INFO - [2024-05-09T16:41:51.776+0000] {dag.py:3954} INFO - Setting next_dagrun for example_short_circuit_operator to 2024-05-08 00:00:00+00:00, run_after=2024-05-09 00:00:00+00:00
[2024-05-09T16:41:51.784+0000] {processor.py:183} INFO - Processing /home/airflow/.local/lib/python3.12/site-packages/airflow/example_dags/example_short_circuit_operator.py took 0.039 seconds
[2024-05-09T16:42:22.539+0000] {processor.py:161} INFO - Started process (PID=2728) to work on /home/airflow/.local/lib/python3.12/site-packages/airflow/example_dags/example_short_circuit_operator.py
[2024-05-09T16:42:22.539+0000] {processor.py:830} INFO - Processing file /home/airflow/.local/lib/python3.12/site-packages/airflow/example_dags/example_short_circuit_operator.py for tasks to queue
[2024-05-09T16:42:22.540+0000] {logging_mixin.py:188} INFO - [2024-05-09T16:42:22.540+0000] {dagbag.py:545} INFO - Filling up the DagBag from /home/airflow/.local/lib/python3.12/site-packages/airflow/example_dags/example_short_circuit_operator.py
[2024-05-09T16:42:22.544+0000] {processor.py:840} INFO - DAG(s) 'example_short_circuit_operator' retrieved from /home/airflow/.local/lib/python3.12/site-packages/airflow/example_dags/example_short_circuit_operator.py
[2024-05-09T16:42:22.554+0000] {logging_mixin.py:188} INFO - [2024-05-09T16:42:22.553+0000] {dag.py:3096} INFO - Sync 1 DAGs
[2024-05-09T16:42:22.562+0000] {logging_mixin.py:188} INFO - [2024-05-09T16:42:22.562+0000] {dag.py:3954} INFO - Setting next_dagrun for example_short_circuit_operator to 2024-05-08 00:00:00+00:00, run_after=2024-05-09 00:00:00+00:00
[2024-05-09T16:42:22.569+0000] {processor.py:183} INFO - Processing /home/airflow/.local/lib/python3.12/site-packages/airflow/example_dags/example_short_circuit_operator.py took 0.033 seconds
[2024-05-09T16:42:53.241+0000] {processor.py:161} INFO - Started process (PID=2786) to work on /home/airflow/.local/lib/python3.12/site-packages/airflow/example_dags/example_short_circuit_operator.py
[2024-05-09T16:42:53.241+0000] {processor.py:830} INFO - Processing file /home/airflow/.local/lib/python3.12/site-packages/airflow/example_dags/example_short_circuit_operator.py for tasks to queue
[2024-05-09T16:42:53.242+0000] {logging_mixin.py:188} INFO - [2024-05-09T16:42:53.242+0000] {dagbag.py:545} INFO - Filling up the DagBag from /home/airflow/.local/lib/python3.12/site-packages/airflow/example_dags/example_short_circuit_operator.py
[2024-05-09T16:42:53.246+0000] {processor.py:840} INFO - DAG(s) 'example_short_circuit_operator' retrieved from /home/airflow/.local/lib/python3.12/site-packages/airflow/example_dags/example_short_circuit_operator.py
[2024-05-09T16:42:53.256+0000] {logging_mixin.py:188} INFO - [2024-05-09T16:42:53.256+0000] {dag.py:3096} INFO - Sync 1 DAGs
[2024-05-09T16:42:53.265+0000] {logging_mixin.py:188} INFO - [2024-05-09T16:42:53.265+0000] {dag.py:3954} INFO - Setting next_dagrun for example_short_circuit_operator to 2024-05-08 00:00:00+00:00, run_after=2024-05-09 00:00:00+00:00
[2024-05-09T16:42:53.271+0000] {processor.py:183} INFO - Processing /home/airflow/.local/lib/python3.12/site-packages/airflow/example_dags/example_short_circuit_operator.py took 0.033 seconds
