[2024-05-09T16:18:55.362+0000] {processor.py:161} INFO - Started process (PID=35) to work on /home/airflow/.local/lib/python3.12/site-packages/airflow/example_dags/example_complex.py
[2024-05-09T16:18:55.363+0000] {processor.py:830} INFO - Processing file /home/airflow/.local/lib/python3.12/site-packages/airflow/example_dags/example_complex.py for tasks to queue
[2024-05-09T16:18:55.366+0000] {logging_mixin.py:188} INFO - [2024-05-09T16:18:55.365+0000] {dagbag.py:545} INFO - Filling up the DagBag from /home/airflow/.local/lib/python3.12/site-packages/airflow/example_dags/example_complex.py
[2024-05-09T16:18:55.375+0000] {processor.py:840} INFO - DAG(s) 'example_complex' retrieved from /home/airflow/.local/lib/python3.12/site-packages/airflow/example_dags/example_complex.py
[2024-05-09T16:18:55.446+0000] {logging_mixin.py:188} INFO - [2024-05-09T16:18:55.445+0000] {override.py:1829} INFO - Created Permission View: can edit on DAG:example_complex
[2024-05-09T16:18:55.455+0000] {logging_mixin.py:188} INFO - [2024-05-09T16:18:55.454+0000] {override.py:1829} INFO - Created Permission View: can delete on DAG:example_complex
[2024-05-09T16:18:55.460+0000] {logging_mixin.py:188} INFO - [2024-05-09T16:18:55.460+0000] {override.py:1829} INFO - Created Permission View: can read on DAG:example_complex
[2024-05-09T16:18:55.460+0000] {logging_mixin.py:188} INFO - [2024-05-09T16:18:55.460+0000] {dag.py:3096} INFO - Sync 1 DAGs
[2024-05-09T16:18:55.467+0000] {logging_mixin.py:188} INFO - [2024-05-09T16:18:55.467+0000] {dag.py:3118} INFO - Creating ORM DAG for example_complex
[2024-05-09T16:18:55.468+0000] {logging_mixin.py:188} INFO - [2024-05-09T16:18:55.468+0000] {dag.py:3954} INFO - Setting next_dagrun for example_complex to None, run_after=None
[2024-05-09T16:18:55.478+0000] {processor.py:183} INFO - Processing /home/airflow/.local/lib/python3.12/site-packages/airflow/example_dags/example_complex.py took 0.120 seconds
[2024-05-09T16:19:26.374+0000] {processor.py:161} INFO - Started process (PID=92) to work on /home/airflow/.local/lib/python3.12/site-packages/airflow/example_dags/example_complex.py
[2024-05-09T16:19:26.375+0000] {processor.py:830} INFO - Processing file /home/airflow/.local/lib/python3.12/site-packages/airflow/example_dags/example_complex.py for tasks to queue
[2024-05-09T16:19:26.376+0000] {logging_mixin.py:188} INFO - [2024-05-09T16:19:26.375+0000] {dagbag.py:545} INFO - Filling up the DagBag from /home/airflow/.local/lib/python3.12/site-packages/airflow/example_dags/example_complex.py
[2024-05-09T16:19:26.380+0000] {processor.py:840} INFO - DAG(s) 'example_complex' retrieved from /home/airflow/.local/lib/python3.12/site-packages/airflow/example_dags/example_complex.py
[2024-05-09T16:19:26.392+0000] {logging_mixin.py:188} INFO - [2024-05-09T16:19:26.392+0000] {dag.py:3096} INFO - Sync 1 DAGs
[2024-05-09T16:19:26.397+0000] {logging_mixin.py:188} INFO - [2024-05-09T16:19:26.397+0000] {dag.py:3954} INFO - Setting next_dagrun for example_complex to None, run_after=None
[2024-05-09T16:19:26.404+0000] {processor.py:183} INFO - Processing /home/airflow/.local/lib/python3.12/site-packages/airflow/example_dags/example_complex.py took 0.033 seconds
[2024-05-09T16:19:56.872+0000] {processor.py:161} INFO - Started process (PID=150) to work on /home/airflow/.local/lib/python3.12/site-packages/airflow/example_dags/example_complex.py
[2024-05-09T16:19:56.872+0000] {processor.py:830} INFO - Processing file /home/airflow/.local/lib/python3.12/site-packages/airflow/example_dags/example_complex.py for tasks to queue
[2024-05-09T16:19:56.873+0000] {logging_mixin.py:188} INFO - [2024-05-09T16:19:56.873+0000] {dagbag.py:545} INFO - Filling up the DagBag from /home/airflow/.local/lib/python3.12/site-packages/airflow/example_dags/example_complex.py
[2024-05-09T16:19:56.878+0000] {processor.py:840} INFO - DAG(s) 'example_complex' retrieved from /home/airflow/.local/lib/python3.12/site-packages/airflow/example_dags/example_complex.py
[2024-05-09T16:19:56.890+0000] {logging_mixin.py:188} INFO - [2024-05-09T16:19:56.890+0000] {dag.py:3096} INFO - Sync 1 DAGs
[2024-05-09T16:19:56.895+0000] {logging_mixin.py:188} INFO - [2024-05-09T16:19:56.895+0000] {dag.py:3954} INFO - Setting next_dagrun for example_complex to None, run_after=None
[2024-05-09T16:19:56.901+0000] {processor.py:183} INFO - Processing /home/airflow/.local/lib/python3.12/site-packages/airflow/example_dags/example_complex.py took 0.033 seconds
[2024-05-09T16:20:27.339+0000] {processor.py:161} INFO - Started process (PID=208) to work on /home/airflow/.local/lib/python3.12/site-packages/airflow/example_dags/example_complex.py
[2024-05-09T16:20:27.340+0000] {processor.py:830} INFO - Processing file /home/airflow/.local/lib/python3.12/site-packages/airflow/example_dags/example_complex.py for tasks to queue
[2024-05-09T16:20:27.341+0000] {logging_mixin.py:188} INFO - [2024-05-09T16:20:27.340+0000] {dagbag.py:545} INFO - Filling up the DagBag from /home/airflow/.local/lib/python3.12/site-packages/airflow/example_dags/example_complex.py
[2024-05-09T16:20:27.345+0000] {processor.py:840} INFO - DAG(s) 'example_complex' retrieved from /home/airflow/.local/lib/python3.12/site-packages/airflow/example_dags/example_complex.py
[2024-05-09T16:20:27.357+0000] {logging_mixin.py:188} INFO - [2024-05-09T16:20:27.357+0000] {dag.py:3096} INFO - Sync 1 DAGs
[2024-05-09T16:20:27.362+0000] {logging_mixin.py:188} INFO - [2024-05-09T16:20:27.362+0000] {dag.py:3954} INFO - Setting next_dagrun for example_complex to None, run_after=None
[2024-05-09T16:20:27.368+0000] {processor.py:183} INFO - Processing /home/airflow/.local/lib/python3.12/site-packages/airflow/example_dags/example_complex.py took 0.032 seconds
[2024-05-09T16:20:57.826+0000] {processor.py:161} INFO - Started process (PID=266) to work on /home/airflow/.local/lib/python3.12/site-packages/airflow/example_dags/example_complex.py
[2024-05-09T16:20:57.826+0000] {processor.py:830} INFO - Processing file /home/airflow/.local/lib/python3.12/site-packages/airflow/example_dags/example_complex.py for tasks to queue
[2024-05-09T16:20:57.827+0000] {logging_mixin.py:188} INFO - [2024-05-09T16:20:57.827+0000] {dagbag.py:545} INFO - Filling up the DagBag from /home/airflow/.local/lib/python3.12/site-packages/airflow/example_dags/example_complex.py
[2024-05-09T16:20:57.831+0000] {processor.py:840} INFO - DAG(s) 'example_complex' retrieved from /home/airflow/.local/lib/python3.12/site-packages/airflow/example_dags/example_complex.py
[2024-05-09T16:20:57.844+0000] {logging_mixin.py:188} INFO - [2024-05-09T16:20:57.844+0000] {dag.py:3096} INFO - Sync 1 DAGs
[2024-05-09T16:20:57.849+0000] {logging_mixin.py:188} INFO - [2024-05-09T16:20:57.849+0000] {dag.py:3954} INFO - Setting next_dagrun for example_complex to None, run_after=None
[2024-05-09T16:20:57.855+0000] {processor.py:183} INFO - Processing /home/airflow/.local/lib/python3.12/site-packages/airflow/example_dags/example_complex.py took 0.032 seconds
[2024-05-09T16:21:28.224+0000] {processor.py:161} INFO - Started process (PID=324) to work on /home/airflow/.local/lib/python3.12/site-packages/airflow/example_dags/example_complex.py
[2024-05-09T16:21:28.224+0000] {processor.py:830} INFO - Processing file /home/airflow/.local/lib/python3.12/site-packages/airflow/example_dags/example_complex.py for tasks to queue
[2024-05-09T16:21:28.225+0000] {logging_mixin.py:188} INFO - [2024-05-09T16:21:28.225+0000] {dagbag.py:545} INFO - Filling up the DagBag from /home/airflow/.local/lib/python3.12/site-packages/airflow/example_dags/example_complex.py
[2024-05-09T16:21:28.229+0000] {processor.py:840} INFO - DAG(s) 'example_complex' retrieved from /home/airflow/.local/lib/python3.12/site-packages/airflow/example_dags/example_complex.py
[2024-05-09T16:21:28.242+0000] {logging_mixin.py:188} INFO - [2024-05-09T16:21:28.242+0000] {dag.py:3096} INFO - Sync 1 DAGs
[2024-05-09T16:21:28.247+0000] {logging_mixin.py:188} INFO - [2024-05-09T16:21:28.247+0000] {dag.py:3954} INFO - Setting next_dagrun for example_complex to None, run_after=None
[2024-05-09T16:21:28.254+0000] {processor.py:183} INFO - Processing /home/airflow/.local/lib/python3.12/site-packages/airflow/example_dags/example_complex.py took 0.033 seconds
[2024-05-09T16:21:58.753+0000] {processor.py:161} INFO - Started process (PID=382) to work on /home/airflow/.local/lib/python3.12/site-packages/airflow/example_dags/example_complex.py
[2024-05-09T16:21:58.754+0000] {processor.py:830} INFO - Processing file /home/airflow/.local/lib/python3.12/site-packages/airflow/example_dags/example_complex.py for tasks to queue
[2024-05-09T16:21:58.755+0000] {logging_mixin.py:188} INFO - [2024-05-09T16:21:58.755+0000] {dagbag.py:545} INFO - Filling up the DagBag from /home/airflow/.local/lib/python3.12/site-packages/airflow/example_dags/example_complex.py
[2024-05-09T16:21:58.759+0000] {processor.py:840} INFO - DAG(s) 'example_complex' retrieved from /home/airflow/.local/lib/python3.12/site-packages/airflow/example_dags/example_complex.py
[2024-05-09T16:21:58.772+0000] {logging_mixin.py:188} INFO - [2024-05-09T16:21:58.772+0000] {dag.py:3096} INFO - Sync 1 DAGs
[2024-05-09T16:21:58.776+0000] {logging_mixin.py:188} INFO - [2024-05-09T16:21:58.776+0000] {dag.py:3954} INFO - Setting next_dagrun for example_complex to None, run_after=None
[2024-05-09T16:21:58.783+0000] {processor.py:183} INFO - Processing /home/airflow/.local/lib/python3.12/site-packages/airflow/example_dags/example_complex.py took 0.032 seconds
[2024-05-09T16:22:29.288+0000] {processor.py:161} INFO - Started process (PID=440) to work on /home/airflow/.local/lib/python3.12/site-packages/airflow/example_dags/example_complex.py
[2024-05-09T16:22:29.288+0000] {processor.py:830} INFO - Processing file /home/airflow/.local/lib/python3.12/site-packages/airflow/example_dags/example_complex.py for tasks to queue
[2024-05-09T16:22:29.289+0000] {logging_mixin.py:188} INFO - [2024-05-09T16:22:29.289+0000] {dagbag.py:545} INFO - Filling up the DagBag from /home/airflow/.local/lib/python3.12/site-packages/airflow/example_dags/example_complex.py
[2024-05-09T16:22:29.294+0000] {processor.py:840} INFO - DAG(s) 'example_complex' retrieved from /home/airflow/.local/lib/python3.12/site-packages/airflow/example_dags/example_complex.py
[2024-05-09T16:22:29.308+0000] {logging_mixin.py:188} INFO - [2024-05-09T16:22:29.308+0000] {dag.py:3096} INFO - Sync 1 DAGs
[2024-05-09T16:22:29.313+0000] {logging_mixin.py:188} INFO - [2024-05-09T16:22:29.313+0000] {dag.py:3954} INFO - Setting next_dagrun for example_complex to None, run_after=None
[2024-05-09T16:22:29.321+0000] {processor.py:183} INFO - Processing /home/airflow/.local/lib/python3.12/site-packages/airflow/example_dags/example_complex.py took 0.036 seconds
[2024-05-09T16:22:59.773+0000] {processor.py:161} INFO - Started process (PID=498) to work on /home/airflow/.local/lib/python3.12/site-packages/airflow/example_dags/example_complex.py
[2024-05-09T16:22:59.773+0000] {processor.py:830} INFO - Processing file /home/airflow/.local/lib/python3.12/site-packages/airflow/example_dags/example_complex.py for tasks to queue
[2024-05-09T16:22:59.774+0000] {logging_mixin.py:188} INFO - [2024-05-09T16:22:59.774+0000] {dagbag.py:545} INFO - Filling up the DagBag from /home/airflow/.local/lib/python3.12/site-packages/airflow/example_dags/example_complex.py
[2024-05-09T16:22:59.780+0000] {processor.py:840} INFO - DAG(s) 'example_complex' retrieved from /home/airflow/.local/lib/python3.12/site-packages/airflow/example_dags/example_complex.py
[2024-05-09T16:22:59.794+0000] {logging_mixin.py:188} INFO - [2024-05-09T16:22:59.794+0000] {dag.py:3096} INFO - Sync 1 DAGs
[2024-05-09T16:22:59.800+0000] {logging_mixin.py:188} INFO - [2024-05-09T16:22:59.800+0000] {dag.py:3954} INFO - Setting next_dagrun for example_complex to None, run_after=None
[2024-05-09T16:22:59.808+0000] {processor.py:183} INFO - Processing /home/airflow/.local/lib/python3.12/site-packages/airflow/example_dags/example_complex.py took 0.038 seconds
[2024-05-09T16:23:30.248+0000] {processor.py:161} INFO - Started process (PID=556) to work on /home/airflow/.local/lib/python3.12/site-packages/airflow/example_dags/example_complex.py
[2024-05-09T16:23:30.249+0000] {processor.py:830} INFO - Processing file /home/airflow/.local/lib/python3.12/site-packages/airflow/example_dags/example_complex.py for tasks to queue
[2024-05-09T16:23:30.250+0000] {logging_mixin.py:188} INFO - [2024-05-09T16:23:30.250+0000] {dagbag.py:545} INFO - Filling up the DagBag from /home/airflow/.local/lib/python3.12/site-packages/airflow/example_dags/example_complex.py
[2024-05-09T16:23:30.255+0000] {processor.py:840} INFO - DAG(s) 'example_complex' retrieved from /home/airflow/.local/lib/python3.12/site-packages/airflow/example_dags/example_complex.py
[2024-05-09T16:23:30.268+0000] {logging_mixin.py:188} INFO - [2024-05-09T16:23:30.268+0000] {dag.py:3096} INFO - Sync 1 DAGs
[2024-05-09T16:23:30.273+0000] {logging_mixin.py:188} INFO - [2024-05-09T16:23:30.273+0000] {dag.py:3954} INFO - Setting next_dagrun for example_complex to None, run_after=None
[2024-05-09T16:23:30.280+0000] {processor.py:183} INFO - Processing /home/airflow/.local/lib/python3.12/site-packages/airflow/example_dags/example_complex.py took 0.035 seconds
[2024-05-09T16:24:00.796+0000] {processor.py:161} INFO - Started process (PID=614) to work on /home/airflow/.local/lib/python3.12/site-packages/airflow/example_dags/example_complex.py
[2024-05-09T16:24:00.796+0000] {processor.py:830} INFO - Processing file /home/airflow/.local/lib/python3.12/site-packages/airflow/example_dags/example_complex.py for tasks to queue
[2024-05-09T16:24:00.797+0000] {logging_mixin.py:188} INFO - [2024-05-09T16:24:00.797+0000] {dagbag.py:545} INFO - Filling up the DagBag from /home/airflow/.local/lib/python3.12/site-packages/airflow/example_dags/example_complex.py
[2024-05-09T16:24:00.802+0000] {processor.py:840} INFO - DAG(s) 'example_complex' retrieved from /home/airflow/.local/lib/python3.12/site-packages/airflow/example_dags/example_complex.py
[2024-05-09T16:24:00.815+0000] {logging_mixin.py:188} INFO - [2024-05-09T16:24:00.815+0000] {dag.py:3096} INFO - Sync 1 DAGs
[2024-05-09T16:24:00.820+0000] {logging_mixin.py:188} INFO - [2024-05-09T16:24:00.820+0000] {dag.py:3954} INFO - Setting next_dagrun for example_complex to None, run_after=None
[2024-05-09T16:24:00.828+0000] {processor.py:183} INFO - Processing /home/airflow/.local/lib/python3.12/site-packages/airflow/example_dags/example_complex.py took 0.036 seconds
[2024-05-09T16:24:31.290+0000] {processor.py:161} INFO - Started process (PID=672) to work on /home/airflow/.local/lib/python3.12/site-packages/airflow/example_dags/example_complex.py
[2024-05-09T16:24:31.290+0000] {processor.py:830} INFO - Processing file /home/airflow/.local/lib/python3.12/site-packages/airflow/example_dags/example_complex.py for tasks to queue
[2024-05-09T16:24:31.291+0000] {logging_mixin.py:188} INFO - [2024-05-09T16:24:31.291+0000] {dagbag.py:545} INFO - Filling up the DagBag from /home/airflow/.local/lib/python3.12/site-packages/airflow/example_dags/example_complex.py
[2024-05-09T16:24:31.296+0000] {processor.py:840} INFO - DAG(s) 'example_complex' retrieved from /home/airflow/.local/lib/python3.12/site-packages/airflow/example_dags/example_complex.py
[2024-05-09T16:24:31.309+0000] {logging_mixin.py:188} INFO - [2024-05-09T16:24:31.309+0000] {dag.py:3096} INFO - Sync 1 DAGs
[2024-05-09T16:24:31.314+0000] {logging_mixin.py:188} INFO - [2024-05-09T16:24:31.314+0000] {dag.py:3954} INFO - Setting next_dagrun for example_complex to None, run_after=None
[2024-05-09T16:24:31.321+0000] {processor.py:183} INFO - Processing /home/airflow/.local/lib/python3.12/site-packages/airflow/example_dags/example_complex.py took 0.035 seconds
[2024-05-09T16:25:01.731+0000] {processor.py:161} INFO - Started process (PID=734) to work on /home/airflow/.local/lib/python3.12/site-packages/airflow/example_dags/example_complex.py
[2024-05-09T16:25:01.731+0000] {processor.py:830} INFO - Processing file /home/airflow/.local/lib/python3.12/site-packages/airflow/example_dags/example_complex.py for tasks to queue
[2024-05-09T16:25:01.732+0000] {logging_mixin.py:188} INFO - [2024-05-09T16:25:01.732+0000] {dagbag.py:545} INFO - Filling up the DagBag from /home/airflow/.local/lib/python3.12/site-packages/airflow/example_dags/example_complex.py
[2024-05-09T16:25:01.737+0000] {processor.py:840} INFO - DAG(s) 'example_complex' retrieved from /home/airflow/.local/lib/python3.12/site-packages/airflow/example_dags/example_complex.py
[2024-05-09T16:25:01.749+0000] {logging_mixin.py:188} INFO - [2024-05-09T16:25:01.749+0000] {dag.py:3096} INFO - Sync 1 DAGs
[2024-05-09T16:25:01.754+0000] {logging_mixin.py:188} INFO - [2024-05-09T16:25:01.754+0000] {dag.py:3954} INFO - Setting next_dagrun for example_complex to None, run_after=None
[2024-05-09T16:25:01.760+0000] {processor.py:183} INFO - Processing /home/airflow/.local/lib/python3.12/site-packages/airflow/example_dags/example_complex.py took 0.032 seconds
[2024-05-09T16:25:32.153+0000] {processor.py:161} INFO - Started process (PID=792) to work on /home/airflow/.local/lib/python3.12/site-packages/airflow/example_dags/example_complex.py
[2024-05-09T16:25:32.153+0000] {processor.py:830} INFO - Processing file /home/airflow/.local/lib/python3.12/site-packages/airflow/example_dags/example_complex.py for tasks to queue
[2024-05-09T16:25:32.155+0000] {logging_mixin.py:188} INFO - [2024-05-09T16:25:32.154+0000] {dagbag.py:545} INFO - Filling up the DagBag from /home/airflow/.local/lib/python3.12/site-packages/airflow/example_dags/example_complex.py
[2024-05-09T16:25:32.160+0000] {processor.py:840} INFO - DAG(s) 'example_complex' retrieved from /home/airflow/.local/lib/python3.12/site-packages/airflow/example_dags/example_complex.py
[2024-05-09T16:25:32.176+0000] {logging_mixin.py:188} INFO - [2024-05-09T16:25:32.176+0000] {dag.py:3096} INFO - Sync 1 DAGs
[2024-05-09T16:25:32.184+0000] {logging_mixin.py:188} INFO - [2024-05-09T16:25:32.184+0000] {dag.py:3954} INFO - Setting next_dagrun for example_complex to None, run_after=None
[2024-05-09T16:25:32.193+0000] {processor.py:183} INFO - Processing /home/airflow/.local/lib/python3.12/site-packages/airflow/example_dags/example_complex.py took 0.044 seconds
[2024-05-09T16:26:02.693+0000] {processor.py:161} INFO - Started process (PID=850) to work on /home/airflow/.local/lib/python3.12/site-packages/airflow/example_dags/example_complex.py
[2024-05-09T16:26:02.694+0000] {processor.py:830} INFO - Processing file /home/airflow/.local/lib/python3.12/site-packages/airflow/example_dags/example_complex.py for tasks to queue
[2024-05-09T16:26:02.695+0000] {logging_mixin.py:188} INFO - [2024-05-09T16:26:02.695+0000] {dagbag.py:545} INFO - Filling up the DagBag from /home/airflow/.local/lib/python3.12/site-packages/airflow/example_dags/example_complex.py
[2024-05-09T16:26:02.700+0000] {processor.py:840} INFO - DAG(s) 'example_complex' retrieved from /home/airflow/.local/lib/python3.12/site-packages/airflow/example_dags/example_complex.py
[2024-05-09T16:26:02.719+0000] {logging_mixin.py:188} INFO - [2024-05-09T16:26:02.719+0000] {dag.py:3096} INFO - Sync 1 DAGs
[2024-05-09T16:26:02.726+0000] {logging_mixin.py:188} INFO - [2024-05-09T16:26:02.726+0000] {dag.py:3954} INFO - Setting next_dagrun for example_complex to None, run_after=None
[2024-05-09T16:26:02.736+0000] {processor.py:183} INFO - Processing /home/airflow/.local/lib/python3.12/site-packages/airflow/example_dags/example_complex.py took 0.047 seconds
[2024-05-09T16:26:33.267+0000] {processor.py:161} INFO - Started process (PID=908) to work on /home/airflow/.local/lib/python3.12/site-packages/airflow/example_dags/example_complex.py
[2024-05-09T16:26:33.268+0000] {processor.py:830} INFO - Processing file /home/airflow/.local/lib/python3.12/site-packages/airflow/example_dags/example_complex.py for tasks to queue
[2024-05-09T16:26:33.268+0000] {logging_mixin.py:188} INFO - [2024-05-09T16:26:33.268+0000] {dagbag.py:545} INFO - Filling up the DagBag from /home/airflow/.local/lib/python3.12/site-packages/airflow/example_dags/example_complex.py
[2024-05-09T16:26:33.273+0000] {processor.py:840} INFO - DAG(s) 'example_complex' retrieved from /home/airflow/.local/lib/python3.12/site-packages/airflow/example_dags/example_complex.py
[2024-05-09T16:26:33.286+0000] {logging_mixin.py:188} INFO - [2024-05-09T16:26:33.286+0000] {dag.py:3096} INFO - Sync 1 DAGs
[2024-05-09T16:26:33.291+0000] {logging_mixin.py:188} INFO - [2024-05-09T16:26:33.291+0000] {dag.py:3954} INFO - Setting next_dagrun for example_complex to None, run_after=None
[2024-05-09T16:26:33.299+0000] {processor.py:183} INFO - Processing /home/airflow/.local/lib/python3.12/site-packages/airflow/example_dags/example_complex.py took 0.034 seconds
[2024-05-09T16:27:03.730+0000] {processor.py:161} INFO - Started process (PID=966) to work on /home/airflow/.local/lib/python3.12/site-packages/airflow/example_dags/example_complex.py
[2024-05-09T16:27:03.730+0000] {processor.py:830} INFO - Processing file /home/airflow/.local/lib/python3.12/site-packages/airflow/example_dags/example_complex.py for tasks to queue
[2024-05-09T16:27:03.731+0000] {logging_mixin.py:188} INFO - [2024-05-09T16:27:03.731+0000] {dagbag.py:545} INFO - Filling up the DagBag from /home/airflow/.local/lib/python3.12/site-packages/airflow/example_dags/example_complex.py
[2024-05-09T16:27:03.736+0000] {processor.py:840} INFO - DAG(s) 'example_complex' retrieved from /home/airflow/.local/lib/python3.12/site-packages/airflow/example_dags/example_complex.py
[2024-05-09T16:27:03.748+0000] {logging_mixin.py:188} INFO - [2024-05-09T16:27:03.748+0000] {dag.py:3096} INFO - Sync 1 DAGs
[2024-05-09T16:27:03.753+0000] {logging_mixin.py:188} INFO - [2024-05-09T16:27:03.753+0000] {dag.py:3954} INFO - Setting next_dagrun for example_complex to None, run_after=None
[2024-05-09T16:27:03.760+0000] {processor.py:183} INFO - Processing /home/airflow/.local/lib/python3.12/site-packages/airflow/example_dags/example_complex.py took 0.033 seconds
[2024-05-09T16:27:34.251+0000] {processor.py:161} INFO - Started process (PID=1024) to work on /home/airflow/.local/lib/python3.12/site-packages/airflow/example_dags/example_complex.py
[2024-05-09T16:27:34.251+0000] {processor.py:830} INFO - Processing file /home/airflow/.local/lib/python3.12/site-packages/airflow/example_dags/example_complex.py for tasks to queue
[2024-05-09T16:27:34.252+0000] {logging_mixin.py:188} INFO - [2024-05-09T16:27:34.252+0000] {dagbag.py:545} INFO - Filling up the DagBag from /home/airflow/.local/lib/python3.12/site-packages/airflow/example_dags/example_complex.py
[2024-05-09T16:27:34.257+0000] {processor.py:840} INFO - DAG(s) 'example_complex' retrieved from /home/airflow/.local/lib/python3.12/site-packages/airflow/example_dags/example_complex.py
[2024-05-09T16:27:34.269+0000] {logging_mixin.py:188} INFO - [2024-05-09T16:27:34.269+0000] {dag.py:3096} INFO - Sync 1 DAGs
[2024-05-09T16:27:34.274+0000] {logging_mixin.py:188} INFO - [2024-05-09T16:27:34.274+0000] {dag.py:3954} INFO - Setting next_dagrun for example_complex to None, run_after=None
[2024-05-09T16:27:34.280+0000] {processor.py:183} INFO - Processing /home/airflow/.local/lib/python3.12/site-packages/airflow/example_dags/example_complex.py took 0.032 seconds
[2024-05-09T16:28:04.741+0000] {processor.py:161} INFO - Started process (PID=1082) to work on /home/airflow/.local/lib/python3.12/site-packages/airflow/example_dags/example_complex.py
[2024-05-09T16:28:04.742+0000] {processor.py:830} INFO - Processing file /home/airflow/.local/lib/python3.12/site-packages/airflow/example_dags/example_complex.py for tasks to queue
[2024-05-09T16:28:04.743+0000] {logging_mixin.py:188} INFO - [2024-05-09T16:28:04.742+0000] {dagbag.py:545} INFO - Filling up the DagBag from /home/airflow/.local/lib/python3.12/site-packages/airflow/example_dags/example_complex.py
[2024-05-09T16:28:04.747+0000] {processor.py:840} INFO - DAG(s) 'example_complex' retrieved from /home/airflow/.local/lib/python3.12/site-packages/airflow/example_dags/example_complex.py
[2024-05-09T16:28:04.760+0000] {logging_mixin.py:188} INFO - [2024-05-09T16:28:04.760+0000] {dag.py:3096} INFO - Sync 1 DAGs
[2024-05-09T16:28:04.765+0000] {logging_mixin.py:188} INFO - [2024-05-09T16:28:04.765+0000] {dag.py:3954} INFO - Setting next_dagrun for example_complex to None, run_after=None
[2024-05-09T16:28:04.772+0000] {processor.py:183} INFO - Processing /home/airflow/.local/lib/python3.12/site-packages/airflow/example_dags/example_complex.py took 0.034 seconds
[2024-05-09T16:28:35.308+0000] {processor.py:161} INFO - Started process (PID=1140) to work on /home/airflow/.local/lib/python3.12/site-packages/airflow/example_dags/example_complex.py
[2024-05-09T16:28:35.308+0000] {processor.py:830} INFO - Processing file /home/airflow/.local/lib/python3.12/site-packages/airflow/example_dags/example_complex.py for tasks to queue
[2024-05-09T16:28:35.309+0000] {logging_mixin.py:188} INFO - [2024-05-09T16:28:35.309+0000] {dagbag.py:545} INFO - Filling up the DagBag from /home/airflow/.local/lib/python3.12/site-packages/airflow/example_dags/example_complex.py
[2024-05-09T16:28:35.314+0000] {processor.py:840} INFO - DAG(s) 'example_complex' retrieved from /home/airflow/.local/lib/python3.12/site-packages/airflow/example_dags/example_complex.py
[2024-05-09T16:28:35.326+0000] {logging_mixin.py:188} INFO - [2024-05-09T16:28:35.326+0000] {dag.py:3096} INFO - Sync 1 DAGs
[2024-05-09T16:28:35.331+0000] {logging_mixin.py:188} INFO - [2024-05-09T16:28:35.331+0000] {dag.py:3954} INFO - Setting next_dagrun for example_complex to None, run_after=None
[2024-05-09T16:28:35.338+0000] {processor.py:183} INFO - Processing /home/airflow/.local/lib/python3.12/site-packages/airflow/example_dags/example_complex.py took 0.034 seconds
[2024-05-09T16:29:05.826+0000] {processor.py:161} INFO - Started process (PID=1198) to work on /home/airflow/.local/lib/python3.12/site-packages/airflow/example_dags/example_complex.py
[2024-05-09T16:29:05.826+0000] {processor.py:830} INFO - Processing file /home/airflow/.local/lib/python3.12/site-packages/airflow/example_dags/example_complex.py for tasks to queue
[2024-05-09T16:29:05.827+0000] {logging_mixin.py:188} INFO - [2024-05-09T16:29:05.827+0000] {dagbag.py:545} INFO - Filling up the DagBag from /home/airflow/.local/lib/python3.12/site-packages/airflow/example_dags/example_complex.py
[2024-05-09T16:29:05.832+0000] {processor.py:840} INFO - DAG(s) 'example_complex' retrieved from /home/airflow/.local/lib/python3.12/site-packages/airflow/example_dags/example_complex.py
[2024-05-09T16:29:05.845+0000] {logging_mixin.py:188} INFO - [2024-05-09T16:29:05.845+0000] {dag.py:3096} INFO - Sync 1 DAGs
[2024-05-09T16:29:05.850+0000] {logging_mixin.py:188} INFO - [2024-05-09T16:29:05.850+0000] {dag.py:3954} INFO - Setting next_dagrun for example_complex to None, run_after=None
[2024-05-09T16:29:05.857+0000] {processor.py:183} INFO - Processing /home/airflow/.local/lib/python3.12/site-packages/airflow/example_dags/example_complex.py took 0.033 seconds
[2024-05-09T16:29:36.315+0000] {processor.py:161} INFO - Started process (PID=1256) to work on /home/airflow/.local/lib/python3.12/site-packages/airflow/example_dags/example_complex.py
[2024-05-09T16:29:36.316+0000] {processor.py:830} INFO - Processing file /home/airflow/.local/lib/python3.12/site-packages/airflow/example_dags/example_complex.py for tasks to queue
[2024-05-09T16:29:36.317+0000] {logging_mixin.py:188} INFO - [2024-05-09T16:29:36.317+0000] {dagbag.py:545} INFO - Filling up the DagBag from /home/airflow/.local/lib/python3.12/site-packages/airflow/example_dags/example_complex.py
[2024-05-09T16:29:36.322+0000] {processor.py:840} INFO - DAG(s) 'example_complex' retrieved from /home/airflow/.local/lib/python3.12/site-packages/airflow/example_dags/example_complex.py
[2024-05-09T16:29:36.335+0000] {logging_mixin.py:188} INFO - [2024-05-09T16:29:36.335+0000] {dag.py:3096} INFO - Sync 1 DAGs
[2024-05-09T16:29:36.340+0000] {logging_mixin.py:188} INFO - [2024-05-09T16:29:36.340+0000] {dag.py:3954} INFO - Setting next_dagrun for example_complex to None, run_after=None
[2024-05-09T16:29:36.347+0000] {processor.py:183} INFO - Processing /home/airflow/.local/lib/python3.12/site-packages/airflow/example_dags/example_complex.py took 0.035 seconds
[2024-05-09T16:30:06.915+0000] {processor.py:161} INFO - Started process (PID=1314) to work on /home/airflow/.local/lib/python3.12/site-packages/airflow/example_dags/example_complex.py
[2024-05-09T16:30:06.915+0000] {processor.py:830} INFO - Processing file /home/airflow/.local/lib/python3.12/site-packages/airflow/example_dags/example_complex.py for tasks to queue
[2024-05-09T16:30:06.916+0000] {logging_mixin.py:188} INFO - [2024-05-09T16:30:06.916+0000] {dagbag.py:545} INFO - Filling up the DagBag from /home/airflow/.local/lib/python3.12/site-packages/airflow/example_dags/example_complex.py
[2024-05-09T16:30:06.925+0000] {processor.py:840} INFO - DAG(s) 'example_complex' retrieved from /home/airflow/.local/lib/python3.12/site-packages/airflow/example_dags/example_complex.py
[2024-05-09T16:30:06.938+0000] {logging_mixin.py:188} INFO - [2024-05-09T16:30:06.938+0000] {dag.py:3096} INFO - Sync 1 DAGs
[2024-05-09T16:30:06.943+0000] {logging_mixin.py:188} INFO - [2024-05-09T16:30:06.943+0000] {dag.py:3954} INFO - Setting next_dagrun for example_complex to None, run_after=None
[2024-05-09T16:30:06.949+0000] {processor.py:183} INFO - Processing /home/airflow/.local/lib/python3.12/site-packages/airflow/example_dags/example_complex.py took 0.038 seconds
[2024-05-09T16:30:37.496+0000] {processor.py:161} INFO - Started process (PID=1372) to work on /home/airflow/.local/lib/python3.12/site-packages/airflow/example_dags/example_complex.py
[2024-05-09T16:30:37.496+0000] {processor.py:830} INFO - Processing file /home/airflow/.local/lib/python3.12/site-packages/airflow/example_dags/example_complex.py for tasks to queue
[2024-05-09T16:30:37.497+0000] {logging_mixin.py:188} INFO - [2024-05-09T16:30:37.497+0000] {dagbag.py:545} INFO - Filling up the DagBag from /home/airflow/.local/lib/python3.12/site-packages/airflow/example_dags/example_complex.py
[2024-05-09T16:30:37.502+0000] {processor.py:840} INFO - DAG(s) 'example_complex' retrieved from /home/airflow/.local/lib/python3.12/site-packages/airflow/example_dags/example_complex.py
[2024-05-09T16:30:37.514+0000] {logging_mixin.py:188} INFO - [2024-05-09T16:30:37.514+0000] {dag.py:3096} INFO - Sync 1 DAGs
[2024-05-09T16:30:37.519+0000] {logging_mixin.py:188} INFO - [2024-05-09T16:30:37.519+0000] {dag.py:3954} INFO - Setting next_dagrun for example_complex to None, run_after=None
[2024-05-09T16:30:37.526+0000] {processor.py:183} INFO - Processing /home/airflow/.local/lib/python3.12/site-packages/airflow/example_dags/example_complex.py took 0.033 seconds
[2024-05-09T16:31:08.049+0000] {processor.py:161} INFO - Started process (PID=1430) to work on /home/airflow/.local/lib/python3.12/site-packages/airflow/example_dags/example_complex.py
[2024-05-09T16:31:08.050+0000] {processor.py:830} INFO - Processing file /home/airflow/.local/lib/python3.12/site-packages/airflow/example_dags/example_complex.py for tasks to queue
[2024-05-09T16:31:08.051+0000] {logging_mixin.py:188} INFO - [2024-05-09T16:31:08.050+0000] {dagbag.py:545} INFO - Filling up the DagBag from /home/airflow/.local/lib/python3.12/site-packages/airflow/example_dags/example_complex.py
[2024-05-09T16:31:08.055+0000] {processor.py:840} INFO - DAG(s) 'example_complex' retrieved from /home/airflow/.local/lib/python3.12/site-packages/airflow/example_dags/example_complex.py
[2024-05-09T16:31:08.067+0000] {logging_mixin.py:188} INFO - [2024-05-09T16:31:08.067+0000] {dag.py:3096} INFO - Sync 1 DAGs
[2024-05-09T16:31:08.072+0000] {logging_mixin.py:188} INFO - [2024-05-09T16:31:08.072+0000] {dag.py:3954} INFO - Setting next_dagrun for example_complex to None, run_after=None
[2024-05-09T16:31:08.079+0000] {processor.py:183} INFO - Processing /home/airflow/.local/lib/python3.12/site-packages/airflow/example_dags/example_complex.py took 0.033 seconds
[2024-05-09T16:31:38.609+0000] {processor.py:161} INFO - Started process (PID=1488) to work on /home/airflow/.local/lib/python3.12/site-packages/airflow/example_dags/example_complex.py
[2024-05-09T16:31:38.610+0000] {processor.py:830} INFO - Processing file /home/airflow/.local/lib/python3.12/site-packages/airflow/example_dags/example_complex.py for tasks to queue
[2024-05-09T16:31:38.611+0000] {logging_mixin.py:188} INFO - [2024-05-09T16:31:38.610+0000] {dagbag.py:545} INFO - Filling up the DagBag from /home/airflow/.local/lib/python3.12/site-packages/airflow/example_dags/example_complex.py
[2024-05-09T16:31:38.615+0000] {processor.py:840} INFO - DAG(s) 'example_complex' retrieved from /home/airflow/.local/lib/python3.12/site-packages/airflow/example_dags/example_complex.py
[2024-05-09T16:31:38.627+0000] {logging_mixin.py:188} INFO - [2024-05-09T16:31:38.627+0000] {dag.py:3096} INFO - Sync 1 DAGs
[2024-05-09T16:31:38.632+0000] {logging_mixin.py:188} INFO - [2024-05-09T16:31:38.632+0000] {dag.py:3954} INFO - Setting next_dagrun for example_complex to None, run_after=None
[2024-05-09T16:31:38.639+0000] {processor.py:183} INFO - Processing /home/airflow/.local/lib/python3.12/site-packages/airflow/example_dags/example_complex.py took 0.033 seconds
[2024-05-09T16:32:09.129+0000] {processor.py:161} INFO - Started process (PID=1546) to work on /home/airflow/.local/lib/python3.12/site-packages/airflow/example_dags/example_complex.py
[2024-05-09T16:32:09.129+0000] {processor.py:830} INFO - Processing file /home/airflow/.local/lib/python3.12/site-packages/airflow/example_dags/example_complex.py for tasks to queue
[2024-05-09T16:32:09.130+0000] {logging_mixin.py:188} INFO - [2024-05-09T16:32:09.130+0000] {dagbag.py:545} INFO - Filling up the DagBag from /home/airflow/.local/lib/python3.12/site-packages/airflow/example_dags/example_complex.py
[2024-05-09T16:32:09.135+0000] {processor.py:840} INFO - DAG(s) 'example_complex' retrieved from /home/airflow/.local/lib/python3.12/site-packages/airflow/example_dags/example_complex.py
[2024-05-09T16:32:09.147+0000] {logging_mixin.py:188} INFO - [2024-05-09T16:32:09.147+0000] {dag.py:3096} INFO - Sync 1 DAGs
[2024-05-09T16:32:09.152+0000] {logging_mixin.py:188} INFO - [2024-05-09T16:32:09.152+0000] {dag.py:3954} INFO - Setting next_dagrun for example_complex to None, run_after=None
[2024-05-09T16:32:09.159+0000] {processor.py:183} INFO - Processing /home/airflow/.local/lib/python3.12/site-packages/airflow/example_dags/example_complex.py took 0.033 seconds
[2024-05-09T16:32:39.677+0000] {processor.py:161} INFO - Started process (PID=1604) to work on /home/airflow/.local/lib/python3.12/site-packages/airflow/example_dags/example_complex.py
[2024-05-09T16:32:39.677+0000] {processor.py:830} INFO - Processing file /home/airflow/.local/lib/python3.12/site-packages/airflow/example_dags/example_complex.py for tasks to queue
[2024-05-09T16:32:39.678+0000] {logging_mixin.py:188} INFO - [2024-05-09T16:32:39.678+0000] {dagbag.py:545} INFO - Filling up the DagBag from /home/airflow/.local/lib/python3.12/site-packages/airflow/example_dags/example_complex.py
[2024-05-09T16:32:39.682+0000] {processor.py:840} INFO - DAG(s) 'example_complex' retrieved from /home/airflow/.local/lib/python3.12/site-packages/airflow/example_dags/example_complex.py
[2024-05-09T16:32:39.695+0000] {logging_mixin.py:188} INFO - [2024-05-09T16:32:39.695+0000] {dag.py:3096} INFO - Sync 1 DAGs
[2024-05-09T16:32:39.700+0000] {logging_mixin.py:188} INFO - [2024-05-09T16:32:39.699+0000] {dag.py:3954} INFO - Setting next_dagrun for example_complex to None, run_after=None
[2024-05-09T16:32:39.706+0000] {processor.py:183} INFO - Processing /home/airflow/.local/lib/python3.12/site-packages/airflow/example_dags/example_complex.py took 0.032 seconds
[2024-05-09T16:33:10.290+0000] {processor.py:161} INFO - Started process (PID=1662) to work on /home/airflow/.local/lib/python3.12/site-packages/airflow/example_dags/example_complex.py
[2024-05-09T16:33:10.291+0000] {processor.py:830} INFO - Processing file /home/airflow/.local/lib/python3.12/site-packages/airflow/example_dags/example_complex.py for tasks to queue
[2024-05-09T16:33:10.292+0000] {logging_mixin.py:188} INFO - [2024-05-09T16:33:10.292+0000] {dagbag.py:545} INFO - Filling up the DagBag from /home/airflow/.local/lib/python3.12/site-packages/airflow/example_dags/example_complex.py
[2024-05-09T16:33:10.297+0000] {processor.py:840} INFO - DAG(s) 'example_complex' retrieved from /home/airflow/.local/lib/python3.12/site-packages/airflow/example_dags/example_complex.py
[2024-05-09T16:33:10.309+0000] {logging_mixin.py:188} INFO - [2024-05-09T16:33:10.309+0000] {dag.py:3096} INFO - Sync 1 DAGs
[2024-05-09T16:33:10.314+0000] {logging_mixin.py:188} INFO - [2024-05-09T16:33:10.314+0000] {dag.py:3954} INFO - Setting next_dagrun for example_complex to None, run_after=None
[2024-05-09T16:33:10.321+0000] {processor.py:183} INFO - Processing /home/airflow/.local/lib/python3.12/site-packages/airflow/example_dags/example_complex.py took 0.033 seconds
[2024-05-09T16:33:40.839+0000] {processor.py:161} INFO - Started process (PID=1720) to work on /home/airflow/.local/lib/python3.12/site-packages/airflow/example_dags/example_complex.py
[2024-05-09T16:33:40.840+0000] {processor.py:830} INFO - Processing file /home/airflow/.local/lib/python3.12/site-packages/airflow/example_dags/example_complex.py for tasks to queue
[2024-05-09T16:33:40.844+0000] {logging_mixin.py:188} INFO - [2024-05-09T16:33:40.844+0000] {dagbag.py:545} INFO - Filling up the DagBag from /home/airflow/.local/lib/python3.12/site-packages/airflow/example_dags/example_complex.py
[2024-05-09T16:33:40.850+0000] {processor.py:840} INFO - DAG(s) 'example_complex' retrieved from /home/airflow/.local/lib/python3.12/site-packages/airflow/example_dags/example_complex.py
[2024-05-09T16:33:40.864+0000] {logging_mixin.py:188} INFO - [2024-05-09T16:33:40.864+0000] {dag.py:3096} INFO - Sync 1 DAGs
[2024-05-09T16:33:40.869+0000] {logging_mixin.py:188} INFO - [2024-05-09T16:33:40.869+0000] {dag.py:3954} INFO - Setting next_dagrun for example_complex to None, run_after=None
[2024-05-09T16:33:40.876+0000] {processor.py:183} INFO - Processing /home/airflow/.local/lib/python3.12/site-packages/airflow/example_dags/example_complex.py took 0.040 seconds
[2024-05-09T16:34:11.418+0000] {processor.py:161} INFO - Started process (PID=1778) to work on /home/airflow/.local/lib/python3.12/site-packages/airflow/example_dags/example_complex.py
[2024-05-09T16:34:11.419+0000] {processor.py:830} INFO - Processing file /home/airflow/.local/lib/python3.12/site-packages/airflow/example_dags/example_complex.py for tasks to queue
[2024-05-09T16:34:11.420+0000] {logging_mixin.py:188} INFO - [2024-05-09T16:34:11.420+0000] {dagbag.py:545} INFO - Filling up the DagBag from /home/airflow/.local/lib/python3.12/site-packages/airflow/example_dags/example_complex.py
[2024-05-09T16:34:11.424+0000] {processor.py:840} INFO - DAG(s) 'example_complex' retrieved from /home/airflow/.local/lib/python3.12/site-packages/airflow/example_dags/example_complex.py
[2024-05-09T16:34:11.437+0000] {logging_mixin.py:188} INFO - [2024-05-09T16:34:11.437+0000] {dag.py:3096} INFO - Sync 1 DAGs
[2024-05-09T16:34:11.442+0000] {logging_mixin.py:188} INFO - [2024-05-09T16:34:11.442+0000] {dag.py:3954} INFO - Setting next_dagrun for example_complex to None, run_after=None
[2024-05-09T16:34:11.449+0000] {processor.py:183} INFO - Processing /home/airflow/.local/lib/python3.12/site-packages/airflow/example_dags/example_complex.py took 0.033 seconds
[2024-05-09T16:34:42.122+0000] {processor.py:161} INFO - Started process (PID=1836) to work on /home/airflow/.local/lib/python3.12/site-packages/airflow/example_dags/example_complex.py
[2024-05-09T16:34:42.123+0000] {processor.py:830} INFO - Processing file /home/airflow/.local/lib/python3.12/site-packages/airflow/example_dags/example_complex.py for tasks to queue
[2024-05-09T16:34:42.124+0000] {logging_mixin.py:188} INFO - [2024-05-09T16:34:42.124+0000] {dagbag.py:545} INFO - Filling up the DagBag from /home/airflow/.local/lib/python3.12/site-packages/airflow/example_dags/example_complex.py
[2024-05-09T16:34:42.129+0000] {processor.py:840} INFO - DAG(s) 'example_complex' retrieved from /home/airflow/.local/lib/python3.12/site-packages/airflow/example_dags/example_complex.py
[2024-05-09T16:34:42.142+0000] {logging_mixin.py:188} INFO - [2024-05-09T16:34:42.141+0000] {dag.py:3096} INFO - Sync 1 DAGs
[2024-05-09T16:34:42.147+0000] {logging_mixin.py:188} INFO - [2024-05-09T16:34:42.146+0000] {dag.py:3954} INFO - Setting next_dagrun for example_complex to None, run_after=None
[2024-05-09T16:34:42.153+0000] {processor.py:183} INFO - Processing /home/airflow/.local/lib/python3.12/site-packages/airflow/example_dags/example_complex.py took 0.036 seconds
[2024-05-09T16:35:12.591+0000] {processor.py:161} INFO - Started process (PID=1894) to work on /home/airflow/.local/lib/python3.12/site-packages/airflow/example_dags/example_complex.py
[2024-05-09T16:35:12.592+0000] {processor.py:830} INFO - Processing file /home/airflow/.local/lib/python3.12/site-packages/airflow/example_dags/example_complex.py for tasks to queue
[2024-05-09T16:35:12.593+0000] {logging_mixin.py:188} INFO - [2024-05-09T16:35:12.593+0000] {dagbag.py:545} INFO - Filling up the DagBag from /home/airflow/.local/lib/python3.12/site-packages/airflow/example_dags/example_complex.py
[2024-05-09T16:35:12.598+0000] {processor.py:840} INFO - DAG(s) 'example_complex' retrieved from /home/airflow/.local/lib/python3.12/site-packages/airflow/example_dags/example_complex.py
[2024-05-09T16:35:12.610+0000] {logging_mixin.py:188} INFO - [2024-05-09T16:35:12.610+0000] {dag.py:3096} INFO - Sync 1 DAGs
[2024-05-09T16:35:12.615+0000] {logging_mixin.py:188} INFO - [2024-05-09T16:35:12.615+0000] {dag.py:3954} INFO - Setting next_dagrun for example_complex to None, run_after=None
[2024-05-09T16:35:12.622+0000] {processor.py:183} INFO - Processing /home/airflow/.local/lib/python3.12/site-packages/airflow/example_dags/example_complex.py took 0.034 seconds
[2024-05-09T16:35:43.146+0000] {processor.py:161} INFO - Started process (PID=1952) to work on /home/airflow/.local/lib/python3.12/site-packages/airflow/example_dags/example_complex.py
[2024-05-09T16:35:43.146+0000] {processor.py:830} INFO - Processing file /home/airflow/.local/lib/python3.12/site-packages/airflow/example_dags/example_complex.py for tasks to queue
[2024-05-09T16:35:43.147+0000] {logging_mixin.py:188} INFO - [2024-05-09T16:35:43.147+0000] {dagbag.py:545} INFO - Filling up the DagBag from /home/airflow/.local/lib/python3.12/site-packages/airflow/example_dags/example_complex.py
[2024-05-09T16:35:43.152+0000] {processor.py:840} INFO - DAG(s) 'example_complex' retrieved from /home/airflow/.local/lib/python3.12/site-packages/airflow/example_dags/example_complex.py
[2024-05-09T16:35:43.166+0000] {logging_mixin.py:188} INFO - [2024-05-09T16:35:43.166+0000] {dag.py:3096} INFO - Sync 1 DAGs
[2024-05-09T16:35:43.172+0000] {logging_mixin.py:188} INFO - [2024-05-09T16:35:43.172+0000] {dag.py:3954} INFO - Setting next_dagrun for example_complex to None, run_after=None
[2024-05-09T16:35:43.179+0000] {processor.py:183} INFO - Processing /home/airflow/.local/lib/python3.12/site-packages/airflow/example_dags/example_complex.py took 0.037 seconds
[2024-05-09T16:36:13.807+0000] {processor.py:161} INFO - Started process (PID=2010) to work on /home/airflow/.local/lib/python3.12/site-packages/airflow/example_dags/example_complex.py
[2024-05-09T16:36:13.807+0000] {processor.py:830} INFO - Processing file /home/airflow/.local/lib/python3.12/site-packages/airflow/example_dags/example_complex.py for tasks to queue
[2024-05-09T16:36:13.809+0000] {logging_mixin.py:188} INFO - [2024-05-09T16:36:13.808+0000] {dagbag.py:545} INFO - Filling up the DagBag from /home/airflow/.local/lib/python3.12/site-packages/airflow/example_dags/example_complex.py
[2024-05-09T16:36:13.814+0000] {processor.py:840} INFO - DAG(s) 'example_complex' retrieved from /home/airflow/.local/lib/python3.12/site-packages/airflow/example_dags/example_complex.py
[2024-05-09T16:36:13.829+0000] {logging_mixin.py:188} INFO - [2024-05-09T16:36:13.829+0000] {dag.py:3096} INFO - Sync 1 DAGs
[2024-05-09T16:36:13.834+0000] {logging_mixin.py:188} INFO - [2024-05-09T16:36:13.834+0000] {dag.py:3954} INFO - Setting next_dagrun for example_complex to None, run_after=None
[2024-05-09T16:36:13.843+0000] {processor.py:183} INFO - Processing /home/airflow/.local/lib/python3.12/site-packages/airflow/example_dags/example_complex.py took 0.040 seconds
[2024-05-09T16:36:44.101+0000] {processor.py:161} INFO - Started process (PID=2068) to work on /home/airflow/.local/lib/python3.12/site-packages/airflow/example_dags/example_complex.py
[2024-05-09T16:36:44.102+0000] {processor.py:830} INFO - Processing file /home/airflow/.local/lib/python3.12/site-packages/airflow/example_dags/example_complex.py for tasks to queue
[2024-05-09T16:36:44.103+0000] {logging_mixin.py:188} INFO - [2024-05-09T16:36:44.103+0000] {dagbag.py:545} INFO - Filling up the DagBag from /home/airflow/.local/lib/python3.12/site-packages/airflow/example_dags/example_complex.py
[2024-05-09T16:36:44.107+0000] {processor.py:840} INFO - DAG(s) 'example_complex' retrieved from /home/airflow/.local/lib/python3.12/site-packages/airflow/example_dags/example_complex.py
[2024-05-09T16:36:44.120+0000] {logging_mixin.py:188} INFO - [2024-05-09T16:36:44.120+0000] {dag.py:3096} INFO - Sync 1 DAGs
[2024-05-09T16:36:44.124+0000] {logging_mixin.py:188} INFO - [2024-05-09T16:36:44.124+0000] {dag.py:3954} INFO - Setting next_dagrun for example_complex to None, run_after=None
[2024-05-09T16:36:44.131+0000] {processor.py:183} INFO - Processing /home/airflow/.local/lib/python3.12/site-packages/airflow/example_dags/example_complex.py took 0.033 seconds
[2024-05-09T16:37:14.419+0000] {processor.py:161} INFO - Started process (PID=2126) to work on /home/airflow/.local/lib/python3.12/site-packages/airflow/example_dags/example_complex.py
[2024-05-09T16:37:14.420+0000] {processor.py:830} INFO - Processing file /home/airflow/.local/lib/python3.12/site-packages/airflow/example_dags/example_complex.py for tasks to queue
[2024-05-09T16:37:14.421+0000] {logging_mixin.py:188} INFO - [2024-05-09T16:37:14.421+0000] {dagbag.py:545} INFO - Filling up the DagBag from /home/airflow/.local/lib/python3.12/site-packages/airflow/example_dags/example_complex.py
[2024-05-09T16:37:14.427+0000] {processor.py:840} INFO - DAG(s) 'example_complex' retrieved from /home/airflow/.local/lib/python3.12/site-packages/airflow/example_dags/example_complex.py
[2024-05-09T16:37:14.441+0000] {logging_mixin.py:188} INFO - [2024-05-09T16:37:14.441+0000] {dag.py:3096} INFO - Sync 1 DAGs
[2024-05-09T16:37:14.447+0000] {logging_mixin.py:188} INFO - [2024-05-09T16:37:14.447+0000] {dag.py:3954} INFO - Setting next_dagrun for example_complex to None, run_after=None
[2024-05-09T16:37:14.454+0000] {processor.py:183} INFO - Processing /home/airflow/.local/lib/python3.12/site-packages/airflow/example_dags/example_complex.py took 0.038 seconds
[2024-05-09T16:37:44.674+0000] {processor.py:161} INFO - Started process (PID=2184) to work on /home/airflow/.local/lib/python3.12/site-packages/airflow/example_dags/example_complex.py
[2024-05-09T16:37:44.674+0000] {processor.py:830} INFO - Processing file /home/airflow/.local/lib/python3.12/site-packages/airflow/example_dags/example_complex.py for tasks to queue
[2024-05-09T16:37:44.675+0000] {logging_mixin.py:188} INFO - [2024-05-09T16:37:44.675+0000] {dagbag.py:545} INFO - Filling up the DagBag from /home/airflow/.local/lib/python3.12/site-packages/airflow/example_dags/example_complex.py
[2024-05-09T16:37:44.680+0000] {processor.py:840} INFO - DAG(s) 'example_complex' retrieved from /home/airflow/.local/lib/python3.12/site-packages/airflow/example_dags/example_complex.py
[2024-05-09T16:37:44.693+0000] {logging_mixin.py:188} INFO - [2024-05-09T16:37:44.693+0000] {dag.py:3096} INFO - Sync 1 DAGs
[2024-05-09T16:37:44.698+0000] {logging_mixin.py:188} INFO - [2024-05-09T16:37:44.698+0000] {dag.py:3954} INFO - Setting next_dagrun for example_complex to None, run_after=None
[2024-05-09T16:37:44.705+0000] {processor.py:183} INFO - Processing /home/airflow/.local/lib/python3.12/site-packages/airflow/example_dags/example_complex.py took 0.035 seconds
[2024-05-09T16:38:15.079+0000] {processor.py:161} INFO - Started process (PID=2242) to work on /home/airflow/.local/lib/python3.12/site-packages/airflow/example_dags/example_complex.py
[2024-05-09T16:38:15.080+0000] {processor.py:830} INFO - Processing file /home/airflow/.local/lib/python3.12/site-packages/airflow/example_dags/example_complex.py for tasks to queue
[2024-05-09T16:38:15.081+0000] {logging_mixin.py:188} INFO - [2024-05-09T16:38:15.081+0000] {dagbag.py:545} INFO - Filling up the DagBag from /home/airflow/.local/lib/python3.12/site-packages/airflow/example_dags/example_complex.py
[2024-05-09T16:38:15.085+0000] {processor.py:840} INFO - DAG(s) 'example_complex' retrieved from /home/airflow/.local/lib/python3.12/site-packages/airflow/example_dags/example_complex.py
[2024-05-09T16:38:15.167+0000] {logging_mixin.py:188} INFO - [2024-05-09T16:38:15.167+0000] {dag.py:3096} INFO - Sync 1 DAGs
[2024-05-09T16:38:15.171+0000] {logging_mixin.py:188} INFO - [2024-05-09T16:38:15.171+0000] {dag.py:3954} INFO - Setting next_dagrun for example_complex to None, run_after=None
[2024-05-09T16:38:15.177+0000] {processor.py:183} INFO - Processing /home/airflow/.local/lib/python3.12/site-packages/airflow/example_dags/example_complex.py took 0.100 seconds
[2024-05-09T16:38:45.559+0000] {processor.py:161} INFO - Started process (PID=2299) to work on /home/airflow/.local/lib/python3.12/site-packages/airflow/example_dags/example_complex.py
[2024-05-09T16:38:45.560+0000] {processor.py:830} INFO - Processing file /home/airflow/.local/lib/python3.12/site-packages/airflow/example_dags/example_complex.py for tasks to queue
[2024-05-09T16:38:45.561+0000] {logging_mixin.py:188} INFO - [2024-05-09T16:38:45.560+0000] {dagbag.py:545} INFO - Filling up the DagBag from /home/airflow/.local/lib/python3.12/site-packages/airflow/example_dags/example_complex.py
[2024-05-09T16:38:45.565+0000] {processor.py:840} INFO - DAG(s) 'example_complex' retrieved from /home/airflow/.local/lib/python3.12/site-packages/airflow/example_dags/example_complex.py
[2024-05-09T16:38:45.578+0000] {logging_mixin.py:188} INFO - [2024-05-09T16:38:45.578+0000] {dag.py:3096} INFO - Sync 1 DAGs
[2024-05-09T16:38:45.669+0000] {logging_mixin.py:188} INFO - [2024-05-09T16:38:45.669+0000] {dag.py:3954} INFO - Setting next_dagrun for example_complex to None, run_after=None
[2024-05-09T16:38:45.676+0000] {processor.py:183} INFO - Processing /home/airflow/.local/lib/python3.12/site-packages/airflow/example_dags/example_complex.py took 0.120 seconds
[2024-05-09T16:39:15.813+0000] {processor.py:161} INFO - Started process (PID=2356) to work on /home/airflow/.local/lib/python3.12/site-packages/airflow/example_dags/example_complex.py
[2024-05-09T16:39:15.814+0000] {processor.py:830} INFO - Processing file /home/airflow/.local/lib/python3.12/site-packages/airflow/example_dags/example_complex.py for tasks to queue
[2024-05-09T16:39:15.815+0000] {logging_mixin.py:188} INFO - [2024-05-09T16:39:15.814+0000] {dagbag.py:545} INFO - Filling up the DagBag from /home/airflow/.local/lib/python3.12/site-packages/airflow/example_dags/example_complex.py
[2024-05-09T16:39:15.819+0000] {processor.py:840} INFO - DAG(s) 'example_complex' retrieved from /home/airflow/.local/lib/python3.12/site-packages/airflow/example_dags/example_complex.py
[2024-05-09T16:39:15.831+0000] {logging_mixin.py:188} INFO - [2024-05-09T16:39:15.831+0000] {dag.py:3096} INFO - Sync 1 DAGs
[2024-05-09T16:39:15.836+0000] {logging_mixin.py:188} INFO - [2024-05-09T16:39:15.836+0000] {dag.py:3954} INFO - Setting next_dagrun for example_complex to None, run_after=None
[2024-05-09T16:39:15.843+0000] {processor.py:183} INFO - Processing /home/airflow/.local/lib/python3.12/site-packages/airflow/example_dags/example_complex.py took 0.033 seconds
[2024-05-09T16:39:46.482+0000] {processor.py:161} INFO - Started process (PID=2414) to work on /home/airflow/.local/lib/python3.12/site-packages/airflow/example_dags/example_complex.py
[2024-05-09T16:39:46.482+0000] {processor.py:830} INFO - Processing file /home/airflow/.local/lib/python3.12/site-packages/airflow/example_dags/example_complex.py for tasks to queue
[2024-05-09T16:39:46.483+0000] {logging_mixin.py:188} INFO - [2024-05-09T16:39:46.483+0000] {dagbag.py:545} INFO - Filling up the DagBag from /home/airflow/.local/lib/python3.12/site-packages/airflow/example_dags/example_complex.py
[2024-05-09T16:39:46.488+0000] {processor.py:840} INFO - DAG(s) 'example_complex' retrieved from /home/airflow/.local/lib/python3.12/site-packages/airflow/example_dags/example_complex.py
[2024-05-09T16:39:46.501+0000] {logging_mixin.py:188} INFO - [2024-05-09T16:39:46.500+0000] {dag.py:3096} INFO - Sync 1 DAGs
[2024-05-09T16:39:46.506+0000] {logging_mixin.py:188} INFO - [2024-05-09T16:39:46.506+0000] {dag.py:3954} INFO - Setting next_dagrun for example_complex to None, run_after=None
[2024-05-09T16:39:46.512+0000] {processor.py:183} INFO - Processing /home/airflow/.local/lib/python3.12/site-packages/airflow/example_dags/example_complex.py took 0.034 seconds
[2024-05-09T16:40:17.237+0000] {processor.py:161} INFO - Started process (PID=2472) to work on /home/airflow/.local/lib/python3.12/site-packages/airflow/example_dags/example_complex.py
[2024-05-09T16:40:17.238+0000] {processor.py:830} INFO - Processing file /home/airflow/.local/lib/python3.12/site-packages/airflow/example_dags/example_complex.py for tasks to queue
[2024-05-09T16:40:17.239+0000] {logging_mixin.py:188} INFO - [2024-05-09T16:40:17.239+0000] {dagbag.py:545} INFO - Filling up the DagBag from /home/airflow/.local/lib/python3.12/site-packages/airflow/example_dags/example_complex.py
[2024-05-09T16:40:17.243+0000] {processor.py:840} INFO - DAG(s) 'example_complex' retrieved from /home/airflow/.local/lib/python3.12/site-packages/airflow/example_dags/example_complex.py
[2024-05-09T16:40:17.256+0000] {logging_mixin.py:188} INFO - [2024-05-09T16:40:17.256+0000] {dag.py:3096} INFO - Sync 1 DAGs
[2024-05-09T16:40:17.261+0000] {logging_mixin.py:188} INFO - [2024-05-09T16:40:17.261+0000] {dag.py:3954} INFO - Setting next_dagrun for example_complex to None, run_after=None
[2024-05-09T16:40:17.267+0000] {processor.py:183} INFO - Processing /home/airflow/.local/lib/python3.12/site-packages/airflow/example_dags/example_complex.py took 0.033 seconds
[2024-05-09T16:40:47.846+0000] {processor.py:161} INFO - Started process (PID=2530) to work on /home/airflow/.local/lib/python3.12/site-packages/airflow/example_dags/example_complex.py
[2024-05-09T16:40:47.846+0000] {processor.py:830} INFO - Processing file /home/airflow/.local/lib/python3.12/site-packages/airflow/example_dags/example_complex.py for tasks to queue
[2024-05-09T16:40:47.847+0000] {logging_mixin.py:188} INFO - [2024-05-09T16:40:47.847+0000] {dagbag.py:545} INFO - Filling up the DagBag from /home/airflow/.local/lib/python3.12/site-packages/airflow/example_dags/example_complex.py
[2024-05-09T16:40:47.852+0000] {processor.py:840} INFO - DAG(s) 'example_complex' retrieved from /home/airflow/.local/lib/python3.12/site-packages/airflow/example_dags/example_complex.py
[2024-05-09T16:40:47.864+0000] {logging_mixin.py:188} INFO - [2024-05-09T16:40:47.864+0000] {dag.py:3096} INFO - Sync 1 DAGs
[2024-05-09T16:40:47.869+0000] {logging_mixin.py:188} INFO - [2024-05-09T16:40:47.869+0000] {dag.py:3954} INFO - Setting next_dagrun for example_complex to None, run_after=None
[2024-05-09T16:40:47.876+0000] {processor.py:183} INFO - Processing /home/airflow/.local/lib/python3.12/site-packages/airflow/example_dags/example_complex.py took 0.033 seconds
[2024-05-09T16:41:18.503+0000] {processor.py:161} INFO - Started process (PID=2594) to work on /home/airflow/.local/lib/python3.12/site-packages/airflow/example_dags/example_complex.py
[2024-05-09T16:41:18.503+0000] {processor.py:830} INFO - Processing file /home/airflow/.local/lib/python3.12/site-packages/airflow/example_dags/example_complex.py for tasks to queue
[2024-05-09T16:41:18.504+0000] {logging_mixin.py:188} INFO - [2024-05-09T16:41:18.504+0000] {dagbag.py:545} INFO - Filling up the DagBag from /home/airflow/.local/lib/python3.12/site-packages/airflow/example_dags/example_complex.py
[2024-05-09T16:41:18.509+0000] {processor.py:840} INFO - DAG(s) 'example_complex' retrieved from /home/airflow/.local/lib/python3.12/site-packages/airflow/example_dags/example_complex.py
[2024-05-09T16:41:18.522+0000] {logging_mixin.py:188} INFO - [2024-05-09T16:41:18.522+0000] {dag.py:3096} INFO - Sync 1 DAGs
[2024-05-09T16:41:18.528+0000] {logging_mixin.py:188} INFO - [2024-05-09T16:41:18.528+0000] {dag.py:3954} INFO - Setting next_dagrun for example_complex to None, run_after=None
[2024-05-09T16:41:18.535+0000] {processor.py:183} INFO - Processing /home/airflow/.local/lib/python3.12/site-packages/airflow/example_dags/example_complex.py took 0.035 seconds
[2024-05-09T16:41:49.218+0000] {processor.py:161} INFO - Started process (PID=2652) to work on /home/airflow/.local/lib/python3.12/site-packages/airflow/example_dags/example_complex.py
[2024-05-09T16:41:49.219+0000] {processor.py:830} INFO - Processing file /home/airflow/.local/lib/python3.12/site-packages/airflow/example_dags/example_complex.py for tasks to queue
[2024-05-09T16:41:49.220+0000] {logging_mixin.py:188} INFO - [2024-05-09T16:41:49.220+0000] {dagbag.py:545} INFO - Filling up the DagBag from /home/airflow/.local/lib/python3.12/site-packages/airflow/example_dags/example_complex.py
[2024-05-09T16:41:49.224+0000] {processor.py:840} INFO - DAG(s) 'example_complex' retrieved from /home/airflow/.local/lib/python3.12/site-packages/airflow/example_dags/example_complex.py
[2024-05-09T16:41:49.237+0000] {logging_mixin.py:188} INFO - [2024-05-09T16:41:49.237+0000] {dag.py:3096} INFO - Sync 1 DAGs
[2024-05-09T16:41:49.242+0000] {logging_mixin.py:188} INFO - [2024-05-09T16:41:49.242+0000] {dag.py:3954} INFO - Setting next_dagrun for example_complex to None, run_after=None
[2024-05-09T16:41:49.249+0000] {processor.py:183} INFO - Processing /home/airflow/.local/lib/python3.12/site-packages/airflow/example_dags/example_complex.py took 0.033 seconds
[2024-05-09T16:42:20.037+0000] {processor.py:161} INFO - Started process (PID=2710) to work on /home/airflow/.local/lib/python3.12/site-packages/airflow/example_dags/example_complex.py
[2024-05-09T16:42:20.037+0000] {processor.py:830} INFO - Processing file /home/airflow/.local/lib/python3.12/site-packages/airflow/example_dags/example_complex.py for tasks to queue
[2024-05-09T16:42:20.038+0000] {logging_mixin.py:188} INFO - [2024-05-09T16:42:20.038+0000] {dagbag.py:545} INFO - Filling up the DagBag from /home/airflow/.local/lib/python3.12/site-packages/airflow/example_dags/example_complex.py
[2024-05-09T16:42:20.043+0000] {processor.py:840} INFO - DAG(s) 'example_complex' retrieved from /home/airflow/.local/lib/python3.12/site-packages/airflow/example_dags/example_complex.py
[2024-05-09T16:42:20.056+0000] {logging_mixin.py:188} INFO - [2024-05-09T16:42:20.056+0000] {dag.py:3096} INFO - Sync 1 DAGs
[2024-05-09T16:42:20.061+0000] {logging_mixin.py:188} INFO - [2024-05-09T16:42:20.061+0000] {dag.py:3954} INFO - Setting next_dagrun for example_complex to None, run_after=None
[2024-05-09T16:42:20.068+0000] {processor.py:183} INFO - Processing /home/airflow/.local/lib/python3.12/site-packages/airflow/example_dags/example_complex.py took 0.034 seconds
[2024-05-09T16:42:50.711+0000] {processor.py:161} INFO - Started process (PID=2768) to work on /home/airflow/.local/lib/python3.12/site-packages/airflow/example_dags/example_complex.py
[2024-05-09T16:42:50.711+0000] {processor.py:830} INFO - Processing file /home/airflow/.local/lib/python3.12/site-packages/airflow/example_dags/example_complex.py for tasks to queue
[2024-05-09T16:42:50.712+0000] {logging_mixin.py:188} INFO - [2024-05-09T16:42:50.712+0000] {dagbag.py:545} INFO - Filling up the DagBag from /home/airflow/.local/lib/python3.12/site-packages/airflow/example_dags/example_complex.py
[2024-05-09T16:42:50.717+0000] {processor.py:840} INFO - DAG(s) 'example_complex' retrieved from /home/airflow/.local/lib/python3.12/site-packages/airflow/example_dags/example_complex.py
[2024-05-09T16:42:50.730+0000] {logging_mixin.py:188} INFO - [2024-05-09T16:42:50.730+0000] {dag.py:3096} INFO - Sync 1 DAGs
[2024-05-09T16:42:50.735+0000] {logging_mixin.py:188} INFO - [2024-05-09T16:42:50.735+0000] {dag.py:3954} INFO - Setting next_dagrun for example_complex to None, run_after=None
[2024-05-09T16:42:50.742+0000] {processor.py:183} INFO - Processing /home/airflow/.local/lib/python3.12/site-packages/airflow/example_dags/example_complex.py took 0.034 seconds
