[2024-05-09T16:18:57.364+0000] {processor.py:161} INFO - Started process (PID=66) to work on /home/airflow/.local/lib/python3.12/site-packages/airflow/example_dags/example_kubernetes_executor.py
[2024-05-09T16:18:57.365+0000] {processor.py:830} INFO - Processing file /home/airflow/.local/lib/python3.12/site-packages/airflow/example_dags/example_kubernetes_executor.py for tasks to queue
[2024-05-09T16:18:57.366+0000] {logging_mixin.py:188} INFO - [2024-05-09T16:18:57.365+0000] {dagbag.py:545} INFO - Filling up the DagBag from /home/airflow/.local/lib/python3.12/site-packages/airflow/example_dags/example_kubernetes_executor.py
[2024-05-09T16:18:57.372+0000] {processor.py:840} INFO - DAG(s) 'example_kubernetes_executor' retrieved from /home/airflow/.local/lib/python3.12/site-packages/airflow/example_dags/example_kubernetes_executor.py
[2024-05-09T16:18:57.426+0000] {logging_mixin.py:188} INFO - [2024-05-09T16:18:57.425+0000] {override.py:1829} INFO - Created Permission View: can edit on DAG:example_kubernetes_executor
[2024-05-09T16:18:57.430+0000] {logging_mixin.py:188} INFO - [2024-05-09T16:18:57.429+0000] {override.py:1829} INFO - Created Permission View: can delete on DAG:example_kubernetes_executor
[2024-05-09T16:18:57.432+0000] {logging_mixin.py:188} INFO - [2024-05-09T16:18:57.432+0000] {override.py:1829} INFO - Created Permission View: can read on DAG:example_kubernetes_executor
[2024-05-09T16:18:57.432+0000] {logging_mixin.py:188} INFO - [2024-05-09T16:18:57.432+0000] {dag.py:3096} INFO - Sync 1 DAGs
[2024-05-09T16:18:57.437+0000] {logging_mixin.py:188} INFO - [2024-05-09T16:18:57.437+0000] {dag.py:3118} INFO - Creating ORM DAG for example_kubernetes_executor
[2024-05-09T16:18:57.437+0000] {logging_mixin.py:188} INFO - [2024-05-09T16:18:57.437+0000] {dag.py:3954} INFO - Setting next_dagrun for example_kubernetes_executor to None, run_after=None
[2024-05-09T16:18:57.444+0000] {processor.py:183} INFO - Processing /home/airflow/.local/lib/python3.12/site-packages/airflow/example_dags/example_kubernetes_executor.py took 0.083 seconds
[2024-05-09T16:19:28.164+0000] {processor.py:161} INFO - Started process (PID=123) to work on /home/airflow/.local/lib/python3.12/site-packages/airflow/example_dags/example_kubernetes_executor.py
[2024-05-09T16:19:28.164+0000] {processor.py:830} INFO - Processing file /home/airflow/.local/lib/python3.12/site-packages/airflow/example_dags/example_kubernetes_executor.py for tasks to queue
[2024-05-09T16:19:28.165+0000] {logging_mixin.py:188} INFO - [2024-05-09T16:19:28.165+0000] {dagbag.py:545} INFO - Filling up the DagBag from /home/airflow/.local/lib/python3.12/site-packages/airflow/example_dags/example_kubernetes_executor.py
[2024-05-09T16:19:28.171+0000] {processor.py:840} INFO - DAG(s) 'example_kubernetes_executor' retrieved from /home/airflow/.local/lib/python3.12/site-packages/airflow/example_dags/example_kubernetes_executor.py
[2024-05-09T16:19:28.186+0000] {logging_mixin.py:188} INFO - [2024-05-09T16:19:28.186+0000] {dag.py:3096} INFO - Sync 1 DAGs
[2024-05-09T16:19:28.190+0000] {logging_mixin.py:188} INFO - [2024-05-09T16:19:28.190+0000] {dag.py:3954} INFO - Setting next_dagrun for example_kubernetes_executor to None, run_after=None
[2024-05-09T16:19:28.197+0000] {processor.py:183} INFO - Processing /home/airflow/.local/lib/python3.12/site-packages/airflow/example_dags/example_kubernetes_executor.py took 0.036 seconds
[2024-05-09T16:19:58.662+0000] {processor.py:161} INFO - Started process (PID=181) to work on /home/airflow/.local/lib/python3.12/site-packages/airflow/example_dags/example_kubernetes_executor.py
[2024-05-09T16:19:58.662+0000] {processor.py:830} INFO - Processing file /home/airflow/.local/lib/python3.12/site-packages/airflow/example_dags/example_kubernetes_executor.py for tasks to queue
[2024-05-09T16:19:58.663+0000] {logging_mixin.py:188} INFO - [2024-05-09T16:19:58.663+0000] {dagbag.py:545} INFO - Filling up the DagBag from /home/airflow/.local/lib/python3.12/site-packages/airflow/example_dags/example_kubernetes_executor.py
[2024-05-09T16:19:58.669+0000] {processor.py:840} INFO - DAG(s) 'example_kubernetes_executor' retrieved from /home/airflow/.local/lib/python3.12/site-packages/airflow/example_dags/example_kubernetes_executor.py
[2024-05-09T16:19:58.683+0000] {logging_mixin.py:188} INFO - [2024-05-09T16:19:58.683+0000] {dag.py:3096} INFO - Sync 1 DAGs
[2024-05-09T16:19:58.688+0000] {logging_mixin.py:188} INFO - [2024-05-09T16:19:58.688+0000] {dag.py:3954} INFO - Setting next_dagrun for example_kubernetes_executor to None, run_after=None
[2024-05-09T16:19:58.695+0000] {processor.py:183} INFO - Processing /home/airflow/.local/lib/python3.12/site-packages/airflow/example_dags/example_kubernetes_executor.py took 0.035 seconds
[2024-05-09T16:20:29.149+0000] {processor.py:161} INFO - Started process (PID=239) to work on /home/airflow/.local/lib/python3.12/site-packages/airflow/example_dags/example_kubernetes_executor.py
[2024-05-09T16:20:29.150+0000] {processor.py:830} INFO - Processing file /home/airflow/.local/lib/python3.12/site-packages/airflow/example_dags/example_kubernetes_executor.py for tasks to queue
[2024-05-09T16:20:29.151+0000] {logging_mixin.py:188} INFO - [2024-05-09T16:20:29.150+0000] {dagbag.py:545} INFO - Filling up the DagBag from /home/airflow/.local/lib/python3.12/site-packages/airflow/example_dags/example_kubernetes_executor.py
[2024-05-09T16:20:29.156+0000] {processor.py:840} INFO - DAG(s) 'example_kubernetes_executor' retrieved from /home/airflow/.local/lib/python3.12/site-packages/airflow/example_dags/example_kubernetes_executor.py
[2024-05-09T16:20:29.172+0000] {logging_mixin.py:188} INFO - [2024-05-09T16:20:29.171+0000] {dag.py:3096} INFO - Sync 1 DAGs
[2024-05-09T16:20:29.176+0000] {logging_mixin.py:188} INFO - [2024-05-09T16:20:29.176+0000] {dag.py:3954} INFO - Setting next_dagrun for example_kubernetes_executor to None, run_after=None
[2024-05-09T16:20:29.183+0000] {processor.py:183} INFO - Processing /home/airflow/.local/lib/python3.12/site-packages/airflow/example_dags/example_kubernetes_executor.py took 0.037 seconds
[2024-05-09T16:20:59.612+0000] {processor.py:161} INFO - Started process (PID=297) to work on /home/airflow/.local/lib/python3.12/site-packages/airflow/example_dags/example_kubernetes_executor.py
[2024-05-09T16:20:59.612+0000] {processor.py:830} INFO - Processing file /home/airflow/.local/lib/python3.12/site-packages/airflow/example_dags/example_kubernetes_executor.py for tasks to queue
[2024-05-09T16:20:59.613+0000] {logging_mixin.py:188} INFO - [2024-05-09T16:20:59.613+0000] {dagbag.py:545} INFO - Filling up the DagBag from /home/airflow/.local/lib/python3.12/site-packages/airflow/example_dags/example_kubernetes_executor.py
[2024-05-09T16:20:59.619+0000] {processor.py:840} INFO - DAG(s) 'example_kubernetes_executor' retrieved from /home/airflow/.local/lib/python3.12/site-packages/airflow/example_dags/example_kubernetes_executor.py
[2024-05-09T16:20:59.634+0000] {logging_mixin.py:188} INFO - [2024-05-09T16:20:59.634+0000] {dag.py:3096} INFO - Sync 1 DAGs
[2024-05-09T16:20:59.639+0000] {logging_mixin.py:188} INFO - [2024-05-09T16:20:59.639+0000] {dag.py:3954} INFO - Setting next_dagrun for example_kubernetes_executor to None, run_after=None
[2024-05-09T16:20:59.646+0000] {processor.py:183} INFO - Processing /home/airflow/.local/lib/python3.12/site-packages/airflow/example_dags/example_kubernetes_executor.py took 0.037 seconds
[2024-05-09T16:21:30.045+0000] {processor.py:161} INFO - Started process (PID=355) to work on /home/airflow/.local/lib/python3.12/site-packages/airflow/example_dags/example_kubernetes_executor.py
[2024-05-09T16:21:30.046+0000] {processor.py:830} INFO - Processing file /home/airflow/.local/lib/python3.12/site-packages/airflow/example_dags/example_kubernetes_executor.py for tasks to queue
[2024-05-09T16:21:30.047+0000] {logging_mixin.py:188} INFO - [2024-05-09T16:21:30.047+0000] {dagbag.py:545} INFO - Filling up the DagBag from /home/airflow/.local/lib/python3.12/site-packages/airflow/example_dags/example_kubernetes_executor.py
[2024-05-09T16:21:30.053+0000] {processor.py:840} INFO - DAG(s) 'example_kubernetes_executor' retrieved from /home/airflow/.local/lib/python3.12/site-packages/airflow/example_dags/example_kubernetes_executor.py
[2024-05-09T16:21:30.069+0000] {logging_mixin.py:188} INFO - [2024-05-09T16:21:30.069+0000] {dag.py:3096} INFO - Sync 1 DAGs
[2024-05-09T16:21:30.075+0000] {logging_mixin.py:188} INFO - [2024-05-09T16:21:30.075+0000] {dag.py:3954} INFO - Setting next_dagrun for example_kubernetes_executor to None, run_after=None
[2024-05-09T16:21:30.082+0000] {processor.py:183} INFO - Processing /home/airflow/.local/lib/python3.12/site-packages/airflow/example_dags/example_kubernetes_executor.py took 0.040 seconds
[2024-05-09T16:22:00.622+0000] {processor.py:161} INFO - Started process (PID=413) to work on /home/airflow/.local/lib/python3.12/site-packages/airflow/example_dags/example_kubernetes_executor.py
[2024-05-09T16:22:00.622+0000] {processor.py:830} INFO - Processing file /home/airflow/.local/lib/python3.12/site-packages/airflow/example_dags/example_kubernetes_executor.py for tasks to queue
[2024-05-09T16:22:00.623+0000] {logging_mixin.py:188} INFO - [2024-05-09T16:22:00.623+0000] {dagbag.py:545} INFO - Filling up the DagBag from /home/airflow/.local/lib/python3.12/site-packages/airflow/example_dags/example_kubernetes_executor.py
[2024-05-09T16:22:00.629+0000] {processor.py:840} INFO - DAG(s) 'example_kubernetes_executor' retrieved from /home/airflow/.local/lib/python3.12/site-packages/airflow/example_dags/example_kubernetes_executor.py
[2024-05-09T16:22:00.645+0000] {logging_mixin.py:188} INFO - [2024-05-09T16:22:00.645+0000] {dag.py:3096} INFO - Sync 1 DAGs
[2024-05-09T16:22:00.650+0000] {logging_mixin.py:188} INFO - [2024-05-09T16:22:00.650+0000] {dag.py:3954} INFO - Setting next_dagrun for example_kubernetes_executor to None, run_after=None
[2024-05-09T16:22:00.657+0000] {processor.py:183} INFO - Processing /home/airflow/.local/lib/python3.12/site-packages/airflow/example_dags/example_kubernetes_executor.py took 0.038 seconds
[2024-05-09T16:22:31.096+0000] {processor.py:161} INFO - Started process (PID=471) to work on /home/airflow/.local/lib/python3.12/site-packages/airflow/example_dags/example_kubernetes_executor.py
[2024-05-09T16:22:31.096+0000] {processor.py:830} INFO - Processing file /home/airflow/.local/lib/python3.12/site-packages/airflow/example_dags/example_kubernetes_executor.py for tasks to queue
[2024-05-09T16:22:31.097+0000] {logging_mixin.py:188} INFO - [2024-05-09T16:22:31.097+0000] {dagbag.py:545} INFO - Filling up the DagBag from /home/airflow/.local/lib/python3.12/site-packages/airflow/example_dags/example_kubernetes_executor.py
[2024-05-09T16:22:31.103+0000] {processor.py:840} INFO - DAG(s) 'example_kubernetes_executor' retrieved from /home/airflow/.local/lib/python3.12/site-packages/airflow/example_dags/example_kubernetes_executor.py
[2024-05-09T16:22:31.119+0000] {logging_mixin.py:188} INFO - [2024-05-09T16:22:31.119+0000] {dag.py:3096} INFO - Sync 1 DAGs
[2024-05-09T16:22:31.124+0000] {logging_mixin.py:188} INFO - [2024-05-09T16:22:31.124+0000] {dag.py:3954} INFO - Setting next_dagrun for example_kubernetes_executor to None, run_after=None
[2024-05-09T16:22:31.131+0000] {processor.py:183} INFO - Processing /home/airflow/.local/lib/python3.12/site-packages/airflow/example_dags/example_kubernetes_executor.py took 0.037 seconds
[2024-05-09T16:23:01.633+0000] {processor.py:161} INFO - Started process (PID=529) to work on /home/airflow/.local/lib/python3.12/site-packages/airflow/example_dags/example_kubernetes_executor.py
[2024-05-09T16:23:01.633+0000] {processor.py:830} INFO - Processing file /home/airflow/.local/lib/python3.12/site-packages/airflow/example_dags/example_kubernetes_executor.py for tasks to queue
[2024-05-09T16:23:01.634+0000] {logging_mixin.py:188} INFO - [2024-05-09T16:23:01.634+0000] {dagbag.py:545} INFO - Filling up the DagBag from /home/airflow/.local/lib/python3.12/site-packages/airflow/example_dags/example_kubernetes_executor.py
[2024-05-09T16:23:01.641+0000] {processor.py:840} INFO - DAG(s) 'example_kubernetes_executor' retrieved from /home/airflow/.local/lib/python3.12/site-packages/airflow/example_dags/example_kubernetes_executor.py
[2024-05-09T16:23:01.657+0000] {logging_mixin.py:188} INFO - [2024-05-09T16:23:01.657+0000] {dag.py:3096} INFO - Sync 1 DAGs
[2024-05-09T16:23:01.662+0000] {logging_mixin.py:188} INFO - [2024-05-09T16:23:01.662+0000] {dag.py:3954} INFO - Setting next_dagrun for example_kubernetes_executor to None, run_after=None
[2024-05-09T16:23:01.670+0000] {processor.py:183} INFO - Processing /home/airflow/.local/lib/python3.12/site-packages/airflow/example_dags/example_kubernetes_executor.py took 0.040 seconds
[2024-05-09T16:23:32.076+0000] {processor.py:161} INFO - Started process (PID=587) to work on /home/airflow/.local/lib/python3.12/site-packages/airflow/example_dags/example_kubernetes_executor.py
[2024-05-09T16:23:32.077+0000] {processor.py:830} INFO - Processing file /home/airflow/.local/lib/python3.12/site-packages/airflow/example_dags/example_kubernetes_executor.py for tasks to queue
[2024-05-09T16:23:32.078+0000] {logging_mixin.py:188} INFO - [2024-05-09T16:23:32.077+0000] {dagbag.py:545} INFO - Filling up the DagBag from /home/airflow/.local/lib/python3.12/site-packages/airflow/example_dags/example_kubernetes_executor.py
[2024-05-09T16:23:32.084+0000] {processor.py:840} INFO - DAG(s) 'example_kubernetes_executor' retrieved from /home/airflow/.local/lib/python3.12/site-packages/airflow/example_dags/example_kubernetes_executor.py
[2024-05-09T16:23:32.100+0000] {logging_mixin.py:188} INFO - [2024-05-09T16:23:32.100+0000] {dag.py:3096} INFO - Sync 1 DAGs
[2024-05-09T16:23:32.105+0000] {logging_mixin.py:188} INFO - [2024-05-09T16:23:32.105+0000] {dag.py:3954} INFO - Setting next_dagrun for example_kubernetes_executor to None, run_after=None
[2024-05-09T16:23:32.114+0000] {processor.py:183} INFO - Processing /home/airflow/.local/lib/python3.12/site-packages/airflow/example_dags/example_kubernetes_executor.py took 0.042 seconds
[2024-05-09T16:24:02.632+0000] {processor.py:161} INFO - Started process (PID=645) to work on /home/airflow/.local/lib/python3.12/site-packages/airflow/example_dags/example_kubernetes_executor.py
[2024-05-09T16:24:02.632+0000] {processor.py:830} INFO - Processing file /home/airflow/.local/lib/python3.12/site-packages/airflow/example_dags/example_kubernetes_executor.py for tasks to queue
[2024-05-09T16:24:02.633+0000] {logging_mixin.py:188} INFO - [2024-05-09T16:24:02.633+0000] {dagbag.py:545} INFO - Filling up the DagBag from /home/airflow/.local/lib/python3.12/site-packages/airflow/example_dags/example_kubernetes_executor.py
[2024-05-09T16:24:02.639+0000] {processor.py:840} INFO - DAG(s) 'example_kubernetes_executor' retrieved from /home/airflow/.local/lib/python3.12/site-packages/airflow/example_dags/example_kubernetes_executor.py
[2024-05-09T16:24:02.656+0000] {logging_mixin.py:188} INFO - [2024-05-09T16:24:02.656+0000] {dag.py:3096} INFO - Sync 1 DAGs
[2024-05-09T16:24:02.661+0000] {logging_mixin.py:188} INFO - [2024-05-09T16:24:02.661+0000] {dag.py:3954} INFO - Setting next_dagrun for example_kubernetes_executor to None, run_after=None
[2024-05-09T16:24:02.668+0000] {processor.py:183} INFO - Processing /home/airflow/.local/lib/python3.12/site-packages/airflow/example_dags/example_kubernetes_executor.py took 0.040 seconds
[2024-05-09T16:24:33.066+0000] {processor.py:161} INFO - Started process (PID=703) to work on /home/airflow/.local/lib/python3.12/site-packages/airflow/example_dags/example_kubernetes_executor.py
[2024-05-09T16:24:33.067+0000] {processor.py:830} INFO - Processing file /home/airflow/.local/lib/python3.12/site-packages/airflow/example_dags/example_kubernetes_executor.py for tasks to queue
[2024-05-09T16:24:33.067+0000] {logging_mixin.py:188} INFO - [2024-05-09T16:24:33.067+0000] {dagbag.py:545} INFO - Filling up the DagBag from /home/airflow/.local/lib/python3.12/site-packages/airflow/example_dags/example_kubernetes_executor.py
[2024-05-09T16:24:33.073+0000] {processor.py:840} INFO - DAG(s) 'example_kubernetes_executor' retrieved from /home/airflow/.local/lib/python3.12/site-packages/airflow/example_dags/example_kubernetes_executor.py
[2024-05-09T16:24:33.088+0000] {logging_mixin.py:188} INFO - [2024-05-09T16:24:33.088+0000] {dag.py:3096} INFO - Sync 1 DAGs
[2024-05-09T16:24:33.093+0000] {logging_mixin.py:188} INFO - [2024-05-09T16:24:33.093+0000] {dag.py:3954} INFO - Setting next_dagrun for example_kubernetes_executor to None, run_after=None
[2024-05-09T16:24:33.100+0000] {processor.py:183} INFO - Processing /home/airflow/.local/lib/python3.12/site-packages/airflow/example_dags/example_kubernetes_executor.py took 0.037 seconds
[2024-05-09T16:25:03.519+0000] {processor.py:161} INFO - Started process (PID=765) to work on /home/airflow/.local/lib/python3.12/site-packages/airflow/example_dags/example_kubernetes_executor.py
[2024-05-09T16:25:03.519+0000] {processor.py:830} INFO - Processing file /home/airflow/.local/lib/python3.12/site-packages/airflow/example_dags/example_kubernetes_executor.py for tasks to queue
[2024-05-09T16:25:03.520+0000] {logging_mixin.py:188} INFO - [2024-05-09T16:25:03.520+0000] {dagbag.py:545} INFO - Filling up the DagBag from /home/airflow/.local/lib/python3.12/site-packages/airflow/example_dags/example_kubernetes_executor.py
[2024-05-09T16:25:03.526+0000] {processor.py:840} INFO - DAG(s) 'example_kubernetes_executor' retrieved from /home/airflow/.local/lib/python3.12/site-packages/airflow/example_dags/example_kubernetes_executor.py
[2024-05-09T16:25:03.541+0000] {logging_mixin.py:188} INFO - [2024-05-09T16:25:03.541+0000] {dag.py:3096} INFO - Sync 1 DAGs
[2024-05-09T16:25:03.546+0000] {logging_mixin.py:188} INFO - [2024-05-09T16:25:03.546+0000] {dag.py:3954} INFO - Setting next_dagrun for example_kubernetes_executor to None, run_after=None
[2024-05-09T16:25:03.552+0000] {processor.py:183} INFO - Processing /home/airflow/.local/lib/python3.12/site-packages/airflow/example_dags/example_kubernetes_executor.py took 0.036 seconds
[2024-05-09T16:25:34.004+0000] {processor.py:161} INFO - Started process (PID=823) to work on /home/airflow/.local/lib/python3.12/site-packages/airflow/example_dags/example_kubernetes_executor.py
[2024-05-09T16:25:34.005+0000] {processor.py:830} INFO - Processing file /home/airflow/.local/lib/python3.12/site-packages/airflow/example_dags/example_kubernetes_executor.py for tasks to queue
[2024-05-09T16:25:34.006+0000] {logging_mixin.py:188} INFO - [2024-05-09T16:25:34.006+0000] {dagbag.py:545} INFO - Filling up the DagBag from /home/airflow/.local/lib/python3.12/site-packages/airflow/example_dags/example_kubernetes_executor.py
[2024-05-09T16:25:34.011+0000] {processor.py:840} INFO - DAG(s) 'example_kubernetes_executor' retrieved from /home/airflow/.local/lib/python3.12/site-packages/airflow/example_dags/example_kubernetes_executor.py
[2024-05-09T16:25:34.028+0000] {logging_mixin.py:188} INFO - [2024-05-09T16:25:34.028+0000] {dag.py:3096} INFO - Sync 1 DAGs
[2024-05-09T16:25:34.033+0000] {logging_mixin.py:188} INFO - [2024-05-09T16:25:34.033+0000] {dag.py:3954} INFO - Setting next_dagrun for example_kubernetes_executor to None, run_after=None
[2024-05-09T16:25:34.040+0000] {processor.py:183} INFO - Processing /home/airflow/.local/lib/python3.12/site-packages/airflow/example_dags/example_kubernetes_executor.py took 0.038 seconds
[2024-05-09T16:26:04.572+0000] {processor.py:161} INFO - Started process (PID=881) to work on /home/airflow/.local/lib/python3.12/site-packages/airflow/example_dags/example_kubernetes_executor.py
[2024-05-09T16:26:04.572+0000] {processor.py:830} INFO - Processing file /home/airflow/.local/lib/python3.12/site-packages/airflow/example_dags/example_kubernetes_executor.py for tasks to queue
[2024-05-09T16:26:04.573+0000] {logging_mixin.py:188} INFO - [2024-05-09T16:26:04.573+0000] {dagbag.py:545} INFO - Filling up the DagBag from /home/airflow/.local/lib/python3.12/site-packages/airflow/example_dags/example_kubernetes_executor.py
[2024-05-09T16:26:04.579+0000] {processor.py:840} INFO - DAG(s) 'example_kubernetes_executor' retrieved from /home/airflow/.local/lib/python3.12/site-packages/airflow/example_dags/example_kubernetes_executor.py
[2024-05-09T16:26:04.595+0000] {logging_mixin.py:188} INFO - [2024-05-09T16:26:04.595+0000] {dag.py:3096} INFO - Sync 1 DAGs
[2024-05-09T16:26:04.600+0000] {logging_mixin.py:188} INFO - [2024-05-09T16:26:04.600+0000] {dag.py:3954} INFO - Setting next_dagrun for example_kubernetes_executor to None, run_after=None
[2024-05-09T16:26:04.607+0000] {processor.py:183} INFO - Processing /home/airflow/.local/lib/python3.12/site-packages/airflow/example_dags/example_kubernetes_executor.py took 0.039 seconds
[2024-05-09T16:26:35.043+0000] {processor.py:161} INFO - Started process (PID=939) to work on /home/airflow/.local/lib/python3.12/site-packages/airflow/example_dags/example_kubernetes_executor.py
[2024-05-09T16:26:35.044+0000] {processor.py:830} INFO - Processing file /home/airflow/.local/lib/python3.12/site-packages/airflow/example_dags/example_kubernetes_executor.py for tasks to queue
[2024-05-09T16:26:35.045+0000] {logging_mixin.py:188} INFO - [2024-05-09T16:26:35.045+0000] {dagbag.py:545} INFO - Filling up the DagBag from /home/airflow/.local/lib/python3.12/site-packages/airflow/example_dags/example_kubernetes_executor.py
[2024-05-09T16:26:35.051+0000] {processor.py:840} INFO - DAG(s) 'example_kubernetes_executor' retrieved from /home/airflow/.local/lib/python3.12/site-packages/airflow/example_dags/example_kubernetes_executor.py
[2024-05-09T16:26:35.045+0000] {logging_mixin.py:188} INFO - [2024-05-09T16:26:35.045+0000] {dag.py:3096} INFO - Sync 1 DAGs
[2024-05-09T16:26:35.050+0000] {logging_mixin.py:188} INFO - [2024-05-09T16:26:35.050+0000] {dag.py:3954} INFO - Setting next_dagrun for example_kubernetes_executor to None, run_after=None
[2024-05-09T16:26:35.057+0000] {processor.py:183} INFO - Processing /home/airflow/.local/lib/python3.12/site-packages/airflow/example_dags/example_kubernetes_executor.py took 0.038 seconds
[2024-05-09T16:27:05.514+0000] {processor.py:161} INFO - Started process (PID=997) to work on /home/airflow/.local/lib/python3.12/site-packages/airflow/example_dags/example_kubernetes_executor.py
[2024-05-09T16:27:05.515+0000] {processor.py:830} INFO - Processing file /home/airflow/.local/lib/python3.12/site-packages/airflow/example_dags/example_kubernetes_executor.py for tasks to queue
[2024-05-09T16:27:05.516+0000] {logging_mixin.py:188} INFO - [2024-05-09T16:27:05.516+0000] {dagbag.py:545} INFO - Filling up the DagBag from /home/airflow/.local/lib/python3.12/site-packages/airflow/example_dags/example_kubernetes_executor.py
[2024-05-09T16:27:05.523+0000] {processor.py:840} INFO - DAG(s) 'example_kubernetes_executor' retrieved from /home/airflow/.local/lib/python3.12/site-packages/airflow/example_dags/example_kubernetes_executor.py
[2024-05-09T16:27:05.541+0000] {logging_mixin.py:188} INFO - [2024-05-09T16:27:05.541+0000] {dag.py:3096} INFO - Sync 1 DAGs
[2024-05-09T16:27:05.546+0000] {logging_mixin.py:188} INFO - [2024-05-09T16:27:05.546+0000] {dag.py:3954} INFO - Setting next_dagrun for example_kubernetes_executor to None, run_after=None
[2024-05-09T16:27:05.554+0000] {processor.py:183} INFO - Processing /home/airflow/.local/lib/python3.12/site-packages/airflow/example_dags/example_kubernetes_executor.py took 0.042 seconds
[2024-05-09T16:27:36.038+0000] {processor.py:161} INFO - Started process (PID=1055) to work on /home/airflow/.local/lib/python3.12/site-packages/airflow/example_dags/example_kubernetes_executor.py
[2024-05-09T16:27:36.039+0000] {processor.py:830} INFO - Processing file /home/airflow/.local/lib/python3.12/site-packages/airflow/example_dags/example_kubernetes_executor.py for tasks to queue
[2024-05-09T16:27:36.040+0000] {logging_mixin.py:188} INFO - [2024-05-09T16:27:36.039+0000] {dagbag.py:545} INFO - Filling up the DagBag from /home/airflow/.local/lib/python3.12/site-packages/airflow/example_dags/example_kubernetes_executor.py
[2024-05-09T16:27:36.045+0000] {processor.py:840} INFO - DAG(s) 'example_kubernetes_executor' retrieved from /home/airflow/.local/lib/python3.12/site-packages/airflow/example_dags/example_kubernetes_executor.py
[2024-05-09T16:27:36.061+0000] {logging_mixin.py:188} INFO - [2024-05-09T16:27:36.061+0000] {dag.py:3096} INFO - Sync 1 DAGs
[2024-05-09T16:27:36.067+0000] {logging_mixin.py:188} INFO - [2024-05-09T16:27:36.067+0000] {dag.py:3954} INFO - Setting next_dagrun for example_kubernetes_executor to None, run_after=None
[2024-05-09T16:27:36.074+0000] {processor.py:183} INFO - Processing /home/airflow/.local/lib/python3.12/site-packages/airflow/example_dags/example_kubernetes_executor.py took 0.039 seconds
[2024-05-09T16:28:06.613+0000] {processor.py:161} INFO - Started process (PID=1113) to work on /home/airflow/.local/lib/python3.12/site-packages/airflow/example_dags/example_kubernetes_executor.py
[2024-05-09T16:28:06.613+0000] {processor.py:830} INFO - Processing file /home/airflow/.local/lib/python3.12/site-packages/airflow/example_dags/example_kubernetes_executor.py for tasks to queue
[2024-05-09T16:28:06.614+0000] {logging_mixin.py:188} INFO - [2024-05-09T16:28:06.614+0000] {dagbag.py:545} INFO - Filling up the DagBag from /home/airflow/.local/lib/python3.12/site-packages/airflow/example_dags/example_kubernetes_executor.py
[2024-05-09T16:28:06.620+0000] {processor.py:840} INFO - DAG(s) 'example_kubernetes_executor' retrieved from /home/airflow/.local/lib/python3.12/site-packages/airflow/example_dags/example_kubernetes_executor.py
[2024-05-09T16:28:06.635+0000] {logging_mixin.py:188} INFO - [2024-05-09T16:28:06.635+0000] {dag.py:3096} INFO - Sync 1 DAGs
[2024-05-09T16:28:06.640+0000] {logging_mixin.py:188} INFO - [2024-05-09T16:28:06.640+0000] {dag.py:3954} INFO - Setting next_dagrun for example_kubernetes_executor to None, run_after=None
[2024-05-09T16:28:06.647+0000] {processor.py:183} INFO - Processing /home/airflow/.local/lib/python3.12/site-packages/airflow/example_dags/example_kubernetes_executor.py took 0.038 seconds
[2024-05-09T16:28:37.144+0000] {processor.py:161} INFO - Started process (PID=1171) to work on /home/airflow/.local/lib/python3.12/site-packages/airflow/example_dags/example_kubernetes_executor.py
[2024-05-09T16:28:37.144+0000] {processor.py:830} INFO - Processing file /home/airflow/.local/lib/python3.12/site-packages/airflow/example_dags/example_kubernetes_executor.py for tasks to queue
[2024-05-09T16:28:37.145+0000] {logging_mixin.py:188} INFO - [2024-05-09T16:28:37.145+0000] {dagbag.py:545} INFO - Filling up the DagBag from /home/airflow/.local/lib/python3.12/site-packages/airflow/example_dags/example_kubernetes_executor.py
[2024-05-09T16:28:37.151+0000] {processor.py:840} INFO - DAG(s) 'example_kubernetes_executor' retrieved from /home/airflow/.local/lib/python3.12/site-packages/airflow/example_dags/example_kubernetes_executor.py
[2024-05-09T16:28:37.167+0000] {logging_mixin.py:188} INFO - [2024-05-09T16:28:37.166+0000] {dag.py:3096} INFO - Sync 1 DAGs
[2024-05-09T16:28:37.171+0000] {logging_mixin.py:188} INFO - [2024-05-09T16:28:37.171+0000] {dag.py:3954} INFO - Setting next_dagrun for example_kubernetes_executor to None, run_after=None
[2024-05-09T16:28:37.178+0000] {processor.py:183} INFO - Processing /home/airflow/.local/lib/python3.12/site-packages/airflow/example_dags/example_kubernetes_executor.py took 0.037 seconds
[2024-05-09T16:29:07.632+0000] {processor.py:161} INFO - Started process (PID=1229) to work on /home/airflow/.local/lib/python3.12/site-packages/airflow/example_dags/example_kubernetes_executor.py
[2024-05-09T16:29:07.633+0000] {processor.py:830} INFO - Processing file /home/airflow/.local/lib/python3.12/site-packages/airflow/example_dags/example_kubernetes_executor.py for tasks to queue
[2024-05-09T16:29:07.634+0000] {logging_mixin.py:188} INFO - [2024-05-09T16:29:07.634+0000] {dagbag.py:545} INFO - Filling up the DagBag from /home/airflow/.local/lib/python3.12/site-packages/airflow/example_dags/example_kubernetes_executor.py
[2024-05-09T16:29:07.640+0000] {processor.py:840} INFO - DAG(s) 'example_kubernetes_executor' retrieved from /home/airflow/.local/lib/python3.12/site-packages/airflow/example_dags/example_kubernetes_executor.py
[2024-05-09T16:29:07.656+0000] {logging_mixin.py:188} INFO - [2024-05-09T16:29:07.655+0000] {dag.py:3096} INFO - Sync 1 DAGs
[2024-05-09T16:29:07.660+0000] {logging_mixin.py:188} INFO - [2024-05-09T16:29:07.660+0000] {dag.py:3954} INFO - Setting next_dagrun for example_kubernetes_executor to None, run_after=None
[2024-05-09T16:29:07.668+0000] {processor.py:183} INFO - Processing /home/airflow/.local/lib/python3.12/site-packages/airflow/example_dags/example_kubernetes_executor.py took 0.038 seconds
[2024-05-09T16:29:38.217+0000] {processor.py:161} INFO - Started process (PID=1287) to work on /home/airflow/.local/lib/python3.12/site-packages/airflow/example_dags/example_kubernetes_executor.py
[2024-05-09T16:29:38.218+0000] {processor.py:830} INFO - Processing file /home/airflow/.local/lib/python3.12/site-packages/airflow/example_dags/example_kubernetes_executor.py for tasks to queue
[2024-05-09T16:29:38.219+0000] {logging_mixin.py:188} INFO - [2024-05-09T16:29:38.219+0000] {dagbag.py:545} INFO - Filling up the DagBag from /home/airflow/.local/lib/python3.12/site-packages/airflow/example_dags/example_kubernetes_executor.py
[2024-05-09T16:29:38.225+0000] {processor.py:840} INFO - DAG(s) 'example_kubernetes_executor' retrieved from /home/airflow/.local/lib/python3.12/site-packages/airflow/example_dags/example_kubernetes_executor.py
[2024-05-09T16:29:38.242+0000] {logging_mixin.py:188} INFO - [2024-05-09T16:29:38.242+0000] {dag.py:3096} INFO - Sync 1 DAGs
[2024-05-09T16:29:38.247+0000] {logging_mixin.py:188} INFO - [2024-05-09T16:29:38.247+0000] {dag.py:3954} INFO - Setting next_dagrun for example_kubernetes_executor to None, run_after=None
[2024-05-09T16:29:38.256+0000] {processor.py:183} INFO - Processing /home/airflow/.local/lib/python3.12/site-packages/airflow/example_dags/example_kubernetes_executor.py took 0.042 seconds
[2024-05-09T16:30:08.811+0000] {processor.py:161} INFO - Started process (PID=1345) to work on /home/airflow/.local/lib/python3.12/site-packages/airflow/example_dags/example_kubernetes_executor.py
[2024-05-09T16:30:08.812+0000] {processor.py:830} INFO - Processing file /home/airflow/.local/lib/python3.12/site-packages/airflow/example_dags/example_kubernetes_executor.py for tasks to queue
[2024-05-09T16:30:08.813+0000] {logging_mixin.py:188} INFO - [2024-05-09T16:30:08.813+0000] {dagbag.py:545} INFO - Filling up the DagBag from /home/airflow/.local/lib/python3.12/site-packages/airflow/example_dags/example_kubernetes_executor.py
[2024-05-09T16:30:08.818+0000] {processor.py:840} INFO - DAG(s) 'example_kubernetes_executor' retrieved from /home/airflow/.local/lib/python3.12/site-packages/airflow/example_dags/example_kubernetes_executor.py
[2024-05-09T16:30:08.834+0000] {logging_mixin.py:188} INFO - [2024-05-09T16:30:08.834+0000] {dag.py:3096} INFO - Sync 1 DAGs
[2024-05-09T16:30:08.838+0000] {logging_mixin.py:188} INFO - [2024-05-09T16:30:08.838+0000] {dag.py:3954} INFO - Setting next_dagrun for example_kubernetes_executor to None, run_after=None
[2024-05-09T16:30:08.845+0000] {processor.py:183} INFO - Processing /home/airflow/.local/lib/python3.12/site-packages/airflow/example_dags/example_kubernetes_executor.py took 0.037 seconds
[2024-05-09T16:30:39.378+0000] {processor.py:161} INFO - Started process (PID=1403) to work on /home/airflow/.local/lib/python3.12/site-packages/airflow/example_dags/example_kubernetes_executor.py
[2024-05-09T16:30:39.378+0000] {processor.py:830} INFO - Processing file /home/airflow/.local/lib/python3.12/site-packages/airflow/example_dags/example_kubernetes_executor.py for tasks to queue
[2024-05-09T16:30:39.379+0000] {logging_mixin.py:188} INFO - [2024-05-09T16:30:39.379+0000] {dagbag.py:545} INFO - Filling up the DagBag from /home/airflow/.local/lib/python3.12/site-packages/airflow/example_dags/example_kubernetes_executor.py
[2024-05-09T16:30:39.385+0000] {processor.py:840} INFO - DAG(s) 'example_kubernetes_executor' retrieved from /home/airflow/.local/lib/python3.12/site-packages/airflow/example_dags/example_kubernetes_executor.py
[2024-05-09T16:30:39.400+0000] {logging_mixin.py:188} INFO - [2024-05-09T16:30:39.400+0000] {dag.py:3096} INFO - Sync 1 DAGs
[2024-05-09T16:30:39.404+0000] {logging_mixin.py:188} INFO - [2024-05-09T16:30:39.404+0000] {dag.py:3954} INFO - Setting next_dagrun for example_kubernetes_executor to None, run_after=None
[2024-05-09T16:30:39.411+0000] {processor.py:183} INFO - Processing /home/airflow/.local/lib/python3.12/site-packages/airflow/example_dags/example_kubernetes_executor.py took 0.036 seconds
[2024-05-09T16:31:09.907+0000] {processor.py:161} INFO - Started process (PID=1461) to work on /home/airflow/.local/lib/python3.12/site-packages/airflow/example_dags/example_kubernetes_executor.py
[2024-05-09T16:31:09.907+0000] {processor.py:830} INFO - Processing file /home/airflow/.local/lib/python3.12/site-packages/airflow/example_dags/example_kubernetes_executor.py for tasks to queue
[2024-05-09T16:31:09.908+0000] {logging_mixin.py:188} INFO - [2024-05-09T16:31:09.908+0000] {dagbag.py:545} INFO - Filling up the DagBag from /home/airflow/.local/lib/python3.12/site-packages/airflow/example_dags/example_kubernetes_executor.py
[2024-05-09T16:31:09.914+0000] {processor.py:840} INFO - DAG(s) 'example_kubernetes_executor' retrieved from /home/airflow/.local/lib/python3.12/site-packages/airflow/example_dags/example_kubernetes_executor.py
[2024-05-09T16:31:09.929+0000] {logging_mixin.py:188} INFO - [2024-05-09T16:31:09.928+0000] {dag.py:3096} INFO - Sync 1 DAGs
[2024-05-09T16:31:09.933+0000] {logging_mixin.py:188} INFO - [2024-05-09T16:31:09.933+0000] {dag.py:3954} INFO - Setting next_dagrun for example_kubernetes_executor to None, run_after=None
[2024-05-09T16:31:09.940+0000] {processor.py:183} INFO - Processing /home/airflow/.local/lib/python3.12/site-packages/airflow/example_dags/example_kubernetes_executor.py took 0.035 seconds
[2024-05-09T16:31:40.427+0000] {processor.py:161} INFO - Started process (PID=1519) to work on /home/airflow/.local/lib/python3.12/site-packages/airflow/example_dags/example_kubernetes_executor.py
[2024-05-09T16:31:40.428+0000] {processor.py:830} INFO - Processing file /home/airflow/.local/lib/python3.12/site-packages/airflow/example_dags/example_kubernetes_executor.py for tasks to queue
[2024-05-09T16:31:40.429+0000] {logging_mixin.py:188} INFO - [2024-05-09T16:31:40.428+0000] {dagbag.py:545} INFO - Filling up the DagBag from /home/airflow/.local/lib/python3.12/site-packages/airflow/example_dags/example_kubernetes_executor.py
[2024-05-09T16:31:40.434+0000] {processor.py:840} INFO - DAG(s) 'example_kubernetes_executor' retrieved from /home/airflow/.local/lib/python3.12/site-packages/airflow/example_dags/example_kubernetes_executor.py
[2024-05-09T16:31:40.451+0000] {logging_mixin.py:188} INFO - [2024-05-09T16:31:40.451+0000] {dag.py:3096} INFO - Sync 1 DAGs
[2024-05-09T16:31:40.456+0000] {logging_mixin.py:188} INFO - [2024-05-09T16:31:40.456+0000] {dag.py:3954} INFO - Setting next_dagrun for example_kubernetes_executor to None, run_after=None
[2024-05-09T16:31:40.463+0000] {processor.py:183} INFO - Processing /home/airflow/.local/lib/python3.12/site-packages/airflow/example_dags/example_kubernetes_executor.py took 0.039 seconds
[2024-05-09T16:32:10.982+0000] {processor.py:161} INFO - Started process (PID=1577) to work on /home/airflow/.local/lib/python3.12/site-packages/airflow/example_dags/example_kubernetes_executor.py
[2024-05-09T16:32:10.982+0000] {processor.py:830} INFO - Processing file /home/airflow/.local/lib/python3.12/site-packages/airflow/example_dags/example_kubernetes_executor.py for tasks to queue
[2024-05-09T16:32:10.983+0000] {logging_mixin.py:188} INFO - [2024-05-09T16:32:10.983+0000] {dagbag.py:545} INFO - Filling up the DagBag from /home/airflow/.local/lib/python3.12/site-packages/airflow/example_dags/example_kubernetes_executor.py
[2024-05-09T16:32:10.989+0000] {processor.py:840} INFO - DAG(s) 'example_kubernetes_executor' retrieved from /home/airflow/.local/lib/python3.12/site-packages/airflow/example_dags/example_kubernetes_executor.py
[2024-05-09T16:32:11.005+0000] {logging_mixin.py:188} INFO - [2024-05-09T16:32:11.005+0000] {dag.py:3096} INFO - Sync 1 DAGs
[2024-05-09T16:32:11.010+0000] {logging_mixin.py:188} INFO - [2024-05-09T16:32:11.010+0000] {dag.py:3954} INFO - Setting next_dagrun for example_kubernetes_executor to None, run_after=None
[2024-05-09T16:32:11.018+0000] {processor.py:183} INFO - Processing /home/airflow/.local/lib/python3.12/site-packages/airflow/example_dags/example_kubernetes_executor.py took 0.039 seconds
[2024-05-09T16:32:41.578+0000] {processor.py:161} INFO - Started process (PID=1635) to work on /home/airflow/.local/lib/python3.12/site-packages/airflow/example_dags/example_kubernetes_executor.py
[2024-05-09T16:32:41.578+0000] {processor.py:830} INFO - Processing file /home/airflow/.local/lib/python3.12/site-packages/airflow/example_dags/example_kubernetes_executor.py for tasks to queue
[2024-05-09T16:32:41.579+0000] {logging_mixin.py:188} INFO - [2024-05-09T16:32:41.579+0000] {dagbag.py:545} INFO - Filling up the DagBag from /home/airflow/.local/lib/python3.12/site-packages/airflow/example_dags/example_kubernetes_executor.py
[2024-05-09T16:32:41.585+0000] {processor.py:840} INFO - DAG(s) 'example_kubernetes_executor' retrieved from /home/airflow/.local/lib/python3.12/site-packages/airflow/example_dags/example_kubernetes_executor.py
[2024-05-09T16:32:41.602+0000] {logging_mixin.py:188} INFO - [2024-05-09T16:32:41.602+0000] {dag.py:3096} INFO - Sync 1 DAGs
[2024-05-09T16:32:41.607+0000] {logging_mixin.py:188} INFO - [2024-05-09T16:32:41.607+0000] {dag.py:3954} INFO - Setting next_dagrun for example_kubernetes_executor to None, run_after=None
[2024-05-09T16:32:41.615+0000] {processor.py:183} INFO - Processing /home/airflow/.local/lib/python3.12/site-packages/airflow/example_dags/example_kubernetes_executor.py took 0.040 seconds
[2024-05-09T16:33:12.109+0000] {processor.py:161} INFO - Started process (PID=1693) to work on /home/airflow/.local/lib/python3.12/site-packages/airflow/example_dags/example_kubernetes_executor.py
[2024-05-09T16:33:12.110+0000] {processor.py:830} INFO - Processing file /home/airflow/.local/lib/python3.12/site-packages/airflow/example_dags/example_kubernetes_executor.py for tasks to queue
[2024-05-09T16:33:12.111+0000] {logging_mixin.py:188} INFO - [2024-05-09T16:33:12.110+0000] {dagbag.py:545} INFO - Filling up the DagBag from /home/airflow/.local/lib/python3.12/site-packages/airflow/example_dags/example_kubernetes_executor.py
[2024-05-09T16:33:12.116+0000] {processor.py:840} INFO - DAG(s) 'example_kubernetes_executor' retrieved from /home/airflow/.local/lib/python3.12/site-packages/airflow/example_dags/example_kubernetes_executor.py
[2024-05-09T16:33:12.133+0000] {logging_mixin.py:188} INFO - [2024-05-09T16:33:12.133+0000] {dag.py:3096} INFO - Sync 1 DAGs
[2024-05-09T16:33:12.138+0000] {logging_mixin.py:188} INFO - [2024-05-09T16:33:12.138+0000] {dag.py:3954} INFO - Setting next_dagrun for example_kubernetes_executor to None, run_after=None
[2024-05-09T16:33:12.145+0000] {processor.py:183} INFO - Processing /home/airflow/.local/lib/python3.12/site-packages/airflow/example_dags/example_kubernetes_executor.py took 0.039 seconds
[2024-05-09T16:33:42.674+0000] {processor.py:161} INFO - Started process (PID=1751) to work on /home/airflow/.local/lib/python3.12/site-packages/airflow/example_dags/example_kubernetes_executor.py
[2024-05-09T16:33:42.675+0000] {processor.py:830} INFO - Processing file /home/airflow/.local/lib/python3.12/site-packages/airflow/example_dags/example_kubernetes_executor.py for tasks to queue
[2024-05-09T16:33:42.676+0000] {logging_mixin.py:188} INFO - [2024-05-09T16:33:42.675+0000] {dagbag.py:545} INFO - Filling up the DagBag from /home/airflow/.local/lib/python3.12/site-packages/airflow/example_dags/example_kubernetes_executor.py
[2024-05-09T16:33:42.682+0000] {processor.py:840} INFO - DAG(s) 'example_kubernetes_executor' retrieved from /home/airflow/.local/lib/python3.12/site-packages/airflow/example_dags/example_kubernetes_executor.py
[2024-05-09T16:33:42.698+0000] {logging_mixin.py:188} INFO - [2024-05-09T16:33:42.698+0000] {dag.py:3096} INFO - Sync 1 DAGs
[2024-05-09T16:33:42.703+0000] {logging_mixin.py:188} INFO - [2024-05-09T16:33:42.703+0000] {dag.py:3954} INFO - Setting next_dagrun for example_kubernetes_executor to None, run_after=None
[2024-05-09T16:33:42.711+0000] {processor.py:183} INFO - Processing /home/airflow/.local/lib/python3.12/site-packages/airflow/example_dags/example_kubernetes_executor.py took 0.040 seconds
[2024-05-09T16:34:13.461+0000] {processor.py:161} INFO - Started process (PID=1809) to work on /home/airflow/.local/lib/python3.12/site-packages/airflow/example_dags/example_kubernetes_executor.py
[2024-05-09T16:34:13.462+0000] {processor.py:830} INFO - Processing file /home/airflow/.local/lib/python3.12/site-packages/airflow/example_dags/example_kubernetes_executor.py for tasks to queue
[2024-05-09T16:34:13.463+0000] {logging_mixin.py:188} INFO - [2024-05-09T16:34:13.463+0000] {dagbag.py:545} INFO - Filling up the DagBag from /home/airflow/.local/lib/python3.12/site-packages/airflow/example_dags/example_kubernetes_executor.py
[2024-05-09T16:34:13.468+0000] {processor.py:840} INFO - DAG(s) 'example_kubernetes_executor' retrieved from /home/airflow/.local/lib/python3.12/site-packages/airflow/example_dags/example_kubernetes_executor.py
[2024-05-09T16:34:13.484+0000] {logging_mixin.py:188} INFO - [2024-05-09T16:34:13.484+0000] {dag.py:3096} INFO - Sync 1 DAGs
[2024-05-09T16:34:13.489+0000] {logging_mixin.py:188} INFO - [2024-05-09T16:34:13.489+0000] {dag.py:3954} INFO - Setting next_dagrun for example_kubernetes_executor to None, run_after=None
[2024-05-09T16:34:13.496+0000] {processor.py:183} INFO - Processing /home/airflow/.local/lib/python3.12/site-packages/airflow/example_dags/example_kubernetes_executor.py took 0.038 seconds
[2024-05-09T16:34:43.962+0000] {processor.py:161} INFO - Started process (PID=1867) to work on /home/airflow/.local/lib/python3.12/site-packages/airflow/example_dags/example_kubernetes_executor.py
[2024-05-09T16:34:43.962+0000] {processor.py:830} INFO - Processing file /home/airflow/.local/lib/python3.12/site-packages/airflow/example_dags/example_kubernetes_executor.py for tasks to queue
[2024-05-09T16:34:43.963+0000] {logging_mixin.py:188} INFO - [2024-05-09T16:34:43.963+0000] {dagbag.py:545} INFO - Filling up the DagBag from /home/airflow/.local/lib/python3.12/site-packages/airflow/example_dags/example_kubernetes_executor.py
[2024-05-09T16:34:43.969+0000] {processor.py:840} INFO - DAG(s) 'example_kubernetes_executor' retrieved from /home/airflow/.local/lib/python3.12/site-packages/airflow/example_dags/example_kubernetes_executor.py
[2024-05-09T16:34:43.985+0000] {logging_mixin.py:188} INFO - [2024-05-09T16:34:43.985+0000] {dag.py:3096} INFO - Sync 1 DAGs
[2024-05-09T16:34:43.990+0000] {logging_mixin.py:188} INFO - [2024-05-09T16:34:43.990+0000] {dag.py:3954} INFO - Setting next_dagrun for example_kubernetes_executor to None, run_after=None
[2024-05-09T16:34:43.998+0000] {processor.py:183} INFO - Processing /home/airflow/.local/lib/python3.12/site-packages/airflow/example_dags/example_kubernetes_executor.py took 0.039 seconds
[2024-05-09T16:35:14.420+0000] {processor.py:161} INFO - Started process (PID=1925) to work on /home/airflow/.local/lib/python3.12/site-packages/airflow/example_dags/example_kubernetes_executor.py
[2024-05-09T16:35:14.421+0000] {processor.py:830} INFO - Processing file /home/airflow/.local/lib/python3.12/site-packages/airflow/example_dags/example_kubernetes_executor.py for tasks to queue
[2024-05-09T16:35:14.422+0000] {logging_mixin.py:188} INFO - [2024-05-09T16:35:14.422+0000] {dagbag.py:545} INFO - Filling up the DagBag from /home/airflow/.local/lib/python3.12/site-packages/airflow/example_dags/example_kubernetes_executor.py
[2024-05-09T16:35:14.427+0000] {processor.py:840} INFO - DAG(s) 'example_kubernetes_executor' retrieved from /home/airflow/.local/lib/python3.12/site-packages/airflow/example_dags/example_kubernetes_executor.py
[2024-05-09T16:35:14.444+0000] {logging_mixin.py:188} INFO - [2024-05-09T16:35:14.444+0000] {dag.py:3096} INFO - Sync 1 DAGs
[2024-05-09T16:35:14.449+0000] {logging_mixin.py:188} INFO - [2024-05-09T16:35:14.449+0000] {dag.py:3954} INFO - Setting next_dagrun for example_kubernetes_executor to None, run_after=None
[2024-05-09T16:35:14.456+0000] {processor.py:183} INFO - Processing /home/airflow/.local/lib/python3.12/site-packages/airflow/example_dags/example_kubernetes_executor.py took 0.039 seconds
[2024-05-09T16:35:45.119+0000] {processor.py:161} INFO - Started process (PID=1983) to work on /home/airflow/.local/lib/python3.12/site-packages/airflow/example_dags/example_kubernetes_executor.py
[2024-05-09T16:35:45.119+0000] {processor.py:830} INFO - Processing file /home/airflow/.local/lib/python3.12/site-packages/airflow/example_dags/example_kubernetes_executor.py for tasks to queue
[2024-05-09T16:35:45.120+0000] {logging_mixin.py:188} INFO - [2024-05-09T16:35:45.120+0000] {dagbag.py:545} INFO - Filling up the DagBag from /home/airflow/.local/lib/python3.12/site-packages/airflow/example_dags/example_kubernetes_executor.py
[2024-05-09T16:35:45.126+0000] {processor.py:840} INFO - DAG(s) 'example_kubernetes_executor' retrieved from /home/airflow/.local/lib/python3.12/site-packages/airflow/example_dags/example_kubernetes_executor.py
[2024-05-09T16:35:45.142+0000] {logging_mixin.py:188} INFO - [2024-05-09T16:35:45.142+0000] {dag.py:3096} INFO - Sync 1 DAGs
[2024-05-09T16:35:45.147+0000] {logging_mixin.py:188} INFO - [2024-05-09T16:35:45.147+0000] {dag.py:3954} INFO - Setting next_dagrun for example_kubernetes_executor to None, run_after=None
[2024-05-09T16:35:45.155+0000] {processor.py:183} INFO - Processing /home/airflow/.local/lib/python3.12/site-packages/airflow/example_dags/example_kubernetes_executor.py took 0.039 seconds
[2024-05-09T16:36:15.433+0000] {processor.py:161} INFO - Started process (PID=2041) to work on /home/airflow/.local/lib/python3.12/site-packages/airflow/example_dags/example_kubernetes_executor.py
[2024-05-09T16:36:15.433+0000] {processor.py:830} INFO - Processing file /home/airflow/.local/lib/python3.12/site-packages/airflow/example_dags/example_kubernetes_executor.py for tasks to queue
[2024-05-09T16:36:15.434+0000] {logging_mixin.py:188} INFO - [2024-05-09T16:36:15.434+0000] {dagbag.py:545} INFO - Filling up the DagBag from /home/airflow/.local/lib/python3.12/site-packages/airflow/example_dags/example_kubernetes_executor.py
[2024-05-09T16:36:15.440+0000] {processor.py:840} INFO - DAG(s) 'example_kubernetes_executor' retrieved from /home/airflow/.local/lib/python3.12/site-packages/airflow/example_dags/example_kubernetes_executor.py
[2024-05-09T16:36:15.456+0000] {logging_mixin.py:188} INFO - [2024-05-09T16:36:15.456+0000] {dag.py:3096} INFO - Sync 1 DAGs
[2024-05-09T16:36:15.461+0000] {logging_mixin.py:188} INFO - [2024-05-09T16:36:15.461+0000] {dag.py:3954} INFO - Setting next_dagrun for example_kubernetes_executor to None, run_after=None
[2024-05-09T16:36:15.468+0000] {processor.py:183} INFO - Processing /home/airflow/.local/lib/python3.12/site-packages/airflow/example_dags/example_kubernetes_executor.py took 0.038 seconds
[2024-05-09T16:36:46.424+0000] {processor.py:161} INFO - Started process (PID=2099) to work on /home/airflow/.local/lib/python3.12/site-packages/airflow/example_dags/example_kubernetes_executor.py
[2024-05-09T16:36:46.425+0000] {processor.py:830} INFO - Processing file /home/airflow/.local/lib/python3.12/site-packages/airflow/example_dags/example_kubernetes_executor.py for tasks to queue
[2024-05-09T16:36:46.426+0000] {logging_mixin.py:188} INFO - [2024-05-09T16:36:46.426+0000] {dagbag.py:545} INFO - Filling up the DagBag from /home/airflow/.local/lib/python3.12/site-packages/airflow/example_dags/example_kubernetes_executor.py
[2024-05-09T16:36:46.432+0000] {processor.py:840} INFO - DAG(s) 'example_kubernetes_executor' retrieved from /home/airflow/.local/lib/python3.12/site-packages/airflow/example_dags/example_kubernetes_executor.py
[2024-05-09T16:36:46.545+0000] {logging_mixin.py:188} INFO - [2024-05-09T16:36:46.544+0000] {dag.py:3096} INFO - Sync 1 DAGs
[2024-05-09T16:36:46.549+0000] {logging_mixin.py:188} INFO - [2024-05-09T16:36:46.549+0000] {dag.py:3954} INFO - Setting next_dagrun for example_kubernetes_executor to None, run_after=None
[2024-05-09T16:36:46.556+0000] {processor.py:183} INFO - Processing /home/airflow/.local/lib/python3.12/site-packages/airflow/example_dags/example_kubernetes_executor.py took 0.135 seconds
[2024-05-09T16:37:17.453+0000] {processor.py:161} INFO - Started process (PID=2157) to work on /home/airflow/.local/lib/python3.12/site-packages/airflow/example_dags/example_kubernetes_executor.py
[2024-05-09T16:37:17.454+0000] {processor.py:830} INFO - Processing file /home/airflow/.local/lib/python3.12/site-packages/airflow/example_dags/example_kubernetes_executor.py for tasks to queue
[2024-05-09T16:37:17.456+0000] {logging_mixin.py:188} INFO - [2024-05-09T16:37:17.456+0000] {dagbag.py:545} INFO - Filling up the DagBag from /home/airflow/.local/lib/python3.12/site-packages/airflow/example_dags/example_kubernetes_executor.py
[2024-05-09T16:37:17.466+0000] {processor.py:840} INFO - DAG(s) 'example_kubernetes_executor' retrieved from /home/airflow/.local/lib/python3.12/site-packages/airflow/example_dags/example_kubernetes_executor.py
[2024-05-09T16:37:17.489+0000] {logging_mixin.py:188} INFO - [2024-05-09T16:37:17.489+0000] {dag.py:3096} INFO - Sync 1 DAGs
[2024-05-09T16:37:17.496+0000] {logging_mixin.py:188} INFO - [2024-05-09T16:37:17.496+0000] {dag.py:3954} INFO - Setting next_dagrun for example_kubernetes_executor to None, run_after=None
[2024-05-09T16:37:17.588+0000] {processor.py:183} INFO - Processing /home/airflow/.local/lib/python3.12/site-packages/airflow/example_dags/example_kubernetes_executor.py took 0.142 seconds
[2024-05-09T16:37:47.694+0000] {processor.py:161} INFO - Started process (PID=2215) to work on /home/airflow/.local/lib/python3.12/site-packages/airflow/example_dags/example_kubernetes_executor.py
[2024-05-09T16:37:47.695+0000] {processor.py:830} INFO - Processing file /home/airflow/.local/lib/python3.12/site-packages/airflow/example_dags/example_kubernetes_executor.py for tasks to queue
[2024-05-09T16:37:47.697+0000] {logging_mixin.py:188} INFO - [2024-05-09T16:37:47.696+0000] {dagbag.py:545} INFO - Filling up the DagBag from /home/airflow/.local/lib/python3.12/site-packages/airflow/example_dags/example_kubernetes_executor.py
[2024-05-09T16:37:47.706+0000] {processor.py:840} INFO - DAG(s) 'example_kubernetes_executor' retrieved from /home/airflow/.local/lib/python3.12/site-packages/airflow/example_dags/example_kubernetes_executor.py
[2024-05-09T16:37:47.727+0000] {logging_mixin.py:188} INFO - [2024-05-09T16:37:47.727+0000] {dag.py:3096} INFO - Sync 1 DAGs
[2024-05-09T16:37:47.733+0000] {logging_mixin.py:188} INFO - [2024-05-09T16:37:47.733+0000] {dag.py:3954} INFO - Setting next_dagrun for example_kubernetes_executor to None, run_after=None
[2024-05-09T16:37:47.741+0000] {processor.py:183} INFO - Processing /home/airflow/.local/lib/python3.12/site-packages/airflow/example_dags/example_kubernetes_executor.py took 0.054 seconds
[2024-05-09T16:38:18.447+0000] {processor.py:161} INFO - Started process (PID=2278) to work on /home/airflow/.local/lib/python3.12/site-packages/airflow/example_dags/example_kubernetes_executor.py
[2024-05-09T16:38:18.448+0000] {processor.py:830} INFO - Processing file /home/airflow/.local/lib/python3.12/site-packages/airflow/example_dags/example_kubernetes_executor.py for tasks to queue
[2024-05-09T16:38:18.449+0000] {logging_mixin.py:188} INFO - [2024-05-09T16:38:18.449+0000] {dagbag.py:545} INFO - Filling up the DagBag from /home/airflow/.local/lib/python3.12/site-packages/airflow/example_dags/example_kubernetes_executor.py
[2024-05-09T16:38:18.455+0000] {processor.py:840} INFO - DAG(s) 'example_kubernetes_executor' retrieved from /home/airflow/.local/lib/python3.12/site-packages/airflow/example_dags/example_kubernetes_executor.py
[2024-05-09T16:38:18.471+0000] {logging_mixin.py:188} INFO - [2024-05-09T16:38:18.471+0000] {dag.py:3096} INFO - Sync 1 DAGs
[2024-05-09T16:38:18.476+0000] {logging_mixin.py:188} INFO - [2024-05-09T16:38:18.476+0000] {dag.py:3954} INFO - Setting next_dagrun for example_kubernetes_executor to None, run_after=None
[2024-05-09T16:38:18.482+0000] {processor.py:183} INFO - Processing /home/airflow/.local/lib/python3.12/site-packages/airflow/example_dags/example_kubernetes_executor.py took 0.039 seconds
[2024-05-09T16:38:48.881+0000] {processor.py:161} INFO - Started process (PID=2335) to work on /home/airflow/.local/lib/python3.12/site-packages/airflow/example_dags/example_kubernetes_executor.py
[2024-05-09T16:38:48.882+0000] {processor.py:830} INFO - Processing file /home/airflow/.local/lib/python3.12/site-packages/airflow/example_dags/example_kubernetes_executor.py for tasks to queue
[2024-05-09T16:38:48.883+0000] {logging_mixin.py:188} INFO - [2024-05-09T16:38:48.883+0000] {dagbag.py:545} INFO - Filling up the DagBag from /home/airflow/.local/lib/python3.12/site-packages/airflow/example_dags/example_kubernetes_executor.py
[2024-05-09T16:38:48.980+0000] {processor.py:840} INFO - DAG(s) 'example_kubernetes_executor' retrieved from /home/airflow/.local/lib/python3.12/site-packages/airflow/example_dags/example_kubernetes_executor.py
[2024-05-09T16:38:48.996+0000] {logging_mixin.py:188} INFO - [2024-05-09T16:38:48.996+0000] {dag.py:3096} INFO - Sync 1 DAGs
[2024-05-09T16:38:49.001+0000] {logging_mixin.py:188} INFO - [2024-05-09T16:38:49.000+0000] {dag.py:3954} INFO - Setting next_dagrun for example_kubernetes_executor to None, run_after=None
[2024-05-09T16:38:49.007+0000] {processor.py:183} INFO - Processing /home/airflow/.local/lib/python3.12/site-packages/airflow/example_dags/example_kubernetes_executor.py took 0.129 seconds
[2024-05-09T16:39:19.809+0000] {processor.py:161} INFO - Started process (PID=2393) to work on /home/airflow/.local/lib/python3.12/site-packages/airflow/example_dags/example_kubernetes_executor.py
[2024-05-09T16:39:19.810+0000] {processor.py:830} INFO - Processing file /home/airflow/.local/lib/python3.12/site-packages/airflow/example_dags/example_kubernetes_executor.py for tasks to queue
[2024-05-09T16:39:19.810+0000] {logging_mixin.py:188} INFO - [2024-05-09T16:39:19.810+0000] {dagbag.py:545} INFO - Filling up the DagBag from /home/airflow/.local/lib/python3.12/site-packages/airflow/example_dags/example_kubernetes_executor.py
[2024-05-09T16:39:19.816+0000] {processor.py:840} INFO - DAG(s) 'example_kubernetes_executor' retrieved from /home/airflow/.local/lib/python3.12/site-packages/airflow/example_dags/example_kubernetes_executor.py
[2024-05-09T16:39:19.832+0000] {logging_mixin.py:188} INFO - [2024-05-09T16:39:19.832+0000] {dag.py:3096} INFO - Sync 1 DAGs
[2024-05-09T16:39:19.836+0000] {logging_mixin.py:188} INFO - [2024-05-09T16:39:19.836+0000] {dag.py:3954} INFO - Setting next_dagrun for example_kubernetes_executor to None, run_after=None
[2024-05-09T16:39:19.843+0000] {processor.py:183} INFO - Processing /home/airflow/.local/lib/python3.12/site-packages/airflow/example_dags/example_kubernetes_executor.py took 0.037 seconds
[2024-05-09T16:39:50.474+0000] {processor.py:161} INFO - Started process (PID=2451) to work on /home/airflow/.local/lib/python3.12/site-packages/airflow/example_dags/example_kubernetes_executor.py
[2024-05-09T16:39:50.474+0000] {processor.py:830} INFO - Processing file /home/airflow/.local/lib/python3.12/site-packages/airflow/example_dags/example_kubernetes_executor.py for tasks to queue
[2024-05-09T16:39:50.475+0000] {logging_mixin.py:188} INFO - [2024-05-09T16:39:50.475+0000] {dagbag.py:545} INFO - Filling up the DagBag from /home/airflow/.local/lib/python3.12/site-packages/airflow/example_dags/example_kubernetes_executor.py
[2024-05-09T16:39:50.481+0000] {processor.py:840} INFO - DAG(s) 'example_kubernetes_executor' retrieved from /home/airflow/.local/lib/python3.12/site-packages/airflow/example_dags/example_kubernetes_executor.py
[2024-05-09T16:39:50.497+0000] {logging_mixin.py:188} INFO - [2024-05-09T16:39:50.497+0000] {dag.py:3096} INFO - Sync 1 DAGs
[2024-05-09T16:39:50.502+0000] {logging_mixin.py:188} INFO - [2024-05-09T16:39:50.502+0000] {dag.py:3954} INFO - Setting next_dagrun for example_kubernetes_executor to None, run_after=None
[2024-05-09T16:39:50.508+0000] {processor.py:183} INFO - Processing /home/airflow/.local/lib/python3.12/site-packages/airflow/example_dags/example_kubernetes_executor.py took 0.040 seconds
[2024-05-09T16:40:21.124+0000] {processor.py:161} INFO - Started process (PID=2509) to work on /home/airflow/.local/lib/python3.12/site-packages/airflow/example_dags/example_kubernetes_executor.py
[2024-05-09T16:40:21.124+0000] {processor.py:830} INFO - Processing file /home/airflow/.local/lib/python3.12/site-packages/airflow/example_dags/example_kubernetes_executor.py for tasks to queue
[2024-05-09T16:40:21.125+0000] {logging_mixin.py:188} INFO - [2024-05-09T16:40:21.125+0000] {dagbag.py:545} INFO - Filling up the DagBag from /home/airflow/.local/lib/python3.12/site-packages/airflow/example_dags/example_kubernetes_executor.py
[2024-05-09T16:40:21.130+0000] {processor.py:840} INFO - DAG(s) 'example_kubernetes_executor' retrieved from /home/airflow/.local/lib/python3.12/site-packages/airflow/example_dags/example_kubernetes_executor.py
[2024-05-09T16:40:21.146+0000] {logging_mixin.py:188} INFO - [2024-05-09T16:40:21.146+0000] {dag.py:3096} INFO - Sync 1 DAGs
[2024-05-09T16:40:21.151+0000] {logging_mixin.py:188} INFO - [2024-05-09T16:40:21.151+0000] {dag.py:3954} INFO - Setting next_dagrun for example_kubernetes_executor to None, run_after=None
[2024-05-09T16:40:21.158+0000] {processor.py:183} INFO - Processing /home/airflow/.local/lib/python3.12/site-packages/airflow/example_dags/example_kubernetes_executor.py took 0.038 seconds
[2024-05-09T16:40:51.781+0000] {processor.py:161} INFO - Started process (PID=2567) to work on /home/airflow/.local/lib/python3.12/site-packages/airflow/example_dags/example_kubernetes_executor.py
[2024-05-09T16:40:51.781+0000] {processor.py:830} INFO - Processing file /home/airflow/.local/lib/python3.12/site-packages/airflow/example_dags/example_kubernetes_executor.py for tasks to queue
[2024-05-09T16:40:51.782+0000] {logging_mixin.py:188} INFO - [2024-05-09T16:40:51.782+0000] {dagbag.py:545} INFO - Filling up the DagBag from /home/airflow/.local/lib/python3.12/site-packages/airflow/example_dags/example_kubernetes_executor.py
[2024-05-09T16:40:51.788+0000] {processor.py:840} INFO - DAG(s) 'example_kubernetes_executor' retrieved from /home/airflow/.local/lib/python3.12/site-packages/airflow/example_dags/example_kubernetes_executor.py
[2024-05-09T16:40:51.806+0000] {logging_mixin.py:188} INFO - [2024-05-09T16:40:51.806+0000] {dag.py:3096} INFO - Sync 1 DAGs
[2024-05-09T16:40:51.811+0000] {logging_mixin.py:188} INFO - [2024-05-09T16:40:51.811+0000] {dag.py:3954} INFO - Setting next_dagrun for example_kubernetes_executor to None, run_after=None
[2024-05-09T16:40:51.818+0000] {processor.py:183} INFO - Processing /home/airflow/.local/lib/python3.12/site-packages/airflow/example_dags/example_kubernetes_executor.py took 0.040 seconds
[2024-05-09T16:41:22.469+0000] {processor.py:161} INFO - Started process (PID=2625) to work on /home/airflow/.local/lib/python3.12/site-packages/airflow/example_dags/example_kubernetes_executor.py
[2024-05-09T16:41:22.470+0000] {processor.py:830} INFO - Processing file /home/airflow/.local/lib/python3.12/site-packages/airflow/example_dags/example_kubernetes_executor.py for tasks to queue
[2024-05-09T16:41:22.471+0000] {logging_mixin.py:188} INFO - [2024-05-09T16:41:22.471+0000] {dagbag.py:545} INFO - Filling up the DagBag from /home/airflow/.local/lib/python3.12/site-packages/airflow/example_dags/example_kubernetes_executor.py
[2024-05-09T16:41:22.477+0000] {processor.py:840} INFO - DAG(s) 'example_kubernetes_executor' retrieved from /home/airflow/.local/lib/python3.12/site-packages/airflow/example_dags/example_kubernetes_executor.py
[2024-05-09T16:41:22.495+0000] {logging_mixin.py:188} INFO - [2024-05-09T16:41:22.495+0000] {dag.py:3096} INFO - Sync 1 DAGs
[2024-05-09T16:41:22.500+0000] {logging_mixin.py:188} INFO - [2024-05-09T16:41:22.500+0000] {dag.py:3954} INFO - Setting next_dagrun for example_kubernetes_executor to None, run_after=None
[2024-05-09T16:41:22.507+0000] {processor.py:183} INFO - Processing /home/airflow/.local/lib/python3.12/site-packages/airflow/example_dags/example_kubernetes_executor.py took 0.041 seconds
[2024-05-09T16:41:53.233+0000] {processor.py:161} INFO - Started process (PID=2683) to work on /home/airflow/.local/lib/python3.12/site-packages/airflow/example_dags/example_kubernetes_executor.py
[2024-05-09T16:41:53.234+0000] {processor.py:830} INFO - Processing file /home/airflow/.local/lib/python3.12/site-packages/airflow/example_dags/example_kubernetes_executor.py for tasks to queue
[2024-05-09T16:41:53.235+0000] {logging_mixin.py:188} INFO - [2024-05-09T16:41:53.235+0000] {dagbag.py:545} INFO - Filling up the DagBag from /home/airflow/.local/lib/python3.12/site-packages/airflow/example_dags/example_kubernetes_executor.py
[2024-05-09T16:41:53.242+0000] {processor.py:840} INFO - DAG(s) 'example_kubernetes_executor' retrieved from /home/airflow/.local/lib/python3.12/site-packages/airflow/example_dags/example_kubernetes_executor.py
[2024-05-09T16:41:53.268+0000] {logging_mixin.py:188} INFO - [2024-05-09T16:41:53.268+0000] {dag.py:3096} INFO - Sync 1 DAGs
[2024-05-09T16:41:53.275+0000] {logging_mixin.py:188} INFO - [2024-05-09T16:41:53.274+0000] {dag.py:3954} INFO - Setting next_dagrun for example_kubernetes_executor to None, run_after=None
[2024-05-09T16:41:53.285+0000] {processor.py:183} INFO - Processing /home/airflow/.local/lib/python3.12/site-packages/airflow/example_dags/example_kubernetes_executor.py took 0.057 seconds
[2024-05-09T16:42:23.972+0000] {processor.py:161} INFO - Started process (PID=2741) to work on /home/airflow/.local/lib/python3.12/site-packages/airflow/example_dags/example_kubernetes_executor.py
[2024-05-09T16:42:23.972+0000] {processor.py:830} INFO - Processing file /home/airflow/.local/lib/python3.12/site-packages/airflow/example_dags/example_kubernetes_executor.py for tasks to queue
[2024-05-09T16:42:23.973+0000] {logging_mixin.py:188} INFO - [2024-05-09T16:42:23.973+0000] {dagbag.py:545} INFO - Filling up the DagBag from /home/airflow/.local/lib/python3.12/site-packages/airflow/example_dags/example_kubernetes_executor.py
[2024-05-09T16:42:23.979+0000] {processor.py:840} INFO - DAG(s) 'example_kubernetes_executor' retrieved from /home/airflow/.local/lib/python3.12/site-packages/airflow/example_dags/example_kubernetes_executor.py
[2024-05-09T16:42:23.995+0000] {logging_mixin.py:188} INFO - [2024-05-09T16:42:23.995+0000] {dag.py:3096} INFO - Sync 1 DAGs
[2024-05-09T16:42:24.000+0000] {logging_mixin.py:188} INFO - [2024-05-09T16:42:24.000+0000] {dag.py:3954} INFO - Setting next_dagrun for example_kubernetes_executor to None, run_after=None
[2024-05-09T16:42:24.006+0000] {processor.py:183} INFO - Processing /home/airflow/.local/lib/python3.12/site-packages/airflow/example_dags/example_kubernetes_executor.py took 0.037 seconds
[2024-05-09T16:42:54.681+0000] {processor.py:161} INFO - Started process (PID=2799) to work on /home/airflow/.local/lib/python3.12/site-packages/airflow/example_dags/example_kubernetes_executor.py
[2024-05-09T16:42:54.682+0000] {processor.py:830} INFO - Processing file /home/airflow/.local/lib/python3.12/site-packages/airflow/example_dags/example_kubernetes_executor.py for tasks to queue
[2024-05-09T16:42:54.682+0000] {logging_mixin.py:188} INFO - [2024-05-09T16:42:54.682+0000] {dagbag.py:545} INFO - Filling up the DagBag from /home/airflow/.local/lib/python3.12/site-packages/airflow/example_dags/example_kubernetes_executor.py
[2024-05-09T16:42:54.688+0000] {processor.py:840} INFO - DAG(s) 'example_kubernetes_executor' retrieved from /home/airflow/.local/lib/python3.12/site-packages/airflow/example_dags/example_kubernetes_executor.py
[2024-05-09T16:42:54.705+0000] {logging_mixin.py:188} INFO - [2024-05-09T16:42:54.705+0000] {dag.py:3096} INFO - Sync 1 DAGs
[2024-05-09T16:42:54.710+0000] {logging_mixin.py:188} INFO - [2024-05-09T16:42:54.710+0000] {dag.py:3954} INFO - Setting next_dagrun for example_kubernetes_executor to None, run_after=None
[2024-05-09T16:42:54.717+0000] {processor.py:183} INFO - Processing /home/airflow/.local/lib/python3.12/site-packages/airflow/example_dags/example_kubernetes_executor.py took 0.039 seconds
