[2024-05-09T16:18:55.481+0000] {processor.py:161} INFO - Started process (PID=36) to work on /home/airflow/.local/lib/python3.12/site-packages/airflow/example_dags/example_bash_operator.py
[2024-05-09T16:18:55.482+0000] {processor.py:830} INFO - Processing file /home/airflow/.local/lib/python3.12/site-packages/airflow/example_dags/example_bash_operator.py for tasks to queue
[2024-05-09T16:18:55.484+0000] {logging_mixin.py:188} INFO - [2024-05-09T16:18:55.484+0000] {dagbag.py:545} INFO - Filling up the DagBag from /home/airflow/.local/lib/python3.12/site-packages/airflow/example_dags/example_bash_operator.py
[2024-05-09T16:18:55.493+0000] {processor.py:840} INFO - DAG(s) 'example_bash_operator' retrieved from /home/airflow/.local/lib/python3.12/site-packages/airflow/example_dags/example_bash_operator.py
[2024-05-09T16:18:55.563+0000] {logging_mixin.py:188} INFO - [2024-05-09T16:18:55.563+0000] {override.py:1829} INFO - Created Permission View: can edit on DAG:example_bash_operator
[2024-05-09T16:18:55.569+0000] {logging_mixin.py:188} INFO - [2024-05-09T16:18:55.569+0000] {override.py:1829} INFO - Created Permission View: can delete on DAG:example_bash_operator
[2024-05-09T16:18:55.572+0000] {logging_mixin.py:188} INFO - [2024-05-09T16:18:55.572+0000] {override.py:1829} INFO - Created Permission View: can read on DAG:example_bash_operator
[2024-05-09T16:18:55.573+0000] {logging_mixin.py:188} INFO - [2024-05-09T16:18:55.573+0000] {dag.py:3096} INFO - Sync 1 DAGs
[2024-05-09T16:18:55.578+0000] {logging_mixin.py:188} INFO - [2024-05-09T16:18:55.578+0000] {dag.py:3118} INFO - Creating ORM DAG for example_bash_operator
[2024-05-09T16:18:55.583+0000] {logging_mixin.py:188} INFO - [2024-05-09T16:18:55.583+0000] {dag.py:3954} INFO - Setting next_dagrun for example_bash_operator to 2024-05-08 00:00:00+00:00, run_after=2024-05-09 00:00:00+00:00
[2024-05-09T16:18:55.592+0000] {processor.py:183} INFO - Processing /home/airflow/.local/lib/python3.12/site-packages/airflow/example_dags/example_bash_operator.py took 0.114 seconds
[2024-05-09T16:19:26.414+0000] {processor.py:161} INFO - Started process (PID=93) to work on /home/airflow/.local/lib/python3.12/site-packages/airflow/example_dags/example_bash_operator.py
[2024-05-09T16:19:26.414+0000] {processor.py:830} INFO - Processing file /home/airflow/.local/lib/python3.12/site-packages/airflow/example_dags/example_bash_operator.py for tasks to queue
[2024-05-09T16:19:26.415+0000] {logging_mixin.py:188} INFO - [2024-05-09T16:19:26.415+0000] {dagbag.py:545} INFO - Filling up the DagBag from /home/airflow/.local/lib/python3.12/site-packages/airflow/example_dags/example_bash_operator.py
[2024-05-09T16:19:26.420+0000] {processor.py:840} INFO - DAG(s) 'example_bash_operator' retrieved from /home/airflow/.local/lib/python3.12/site-packages/airflow/example_dags/example_bash_operator.py
[2024-05-09T16:19:26.432+0000] {logging_mixin.py:188} INFO - [2024-05-09T16:19:26.432+0000] {dag.py:3096} INFO - Sync 1 DAGs
[2024-05-09T16:19:26.441+0000] {logging_mixin.py:188} INFO - [2024-05-09T16:19:26.441+0000] {dag.py:3954} INFO - Setting next_dagrun for example_bash_operator to 2024-05-08 00:00:00+00:00, run_after=2024-05-09 00:00:00+00:00
[2024-05-09T16:19:26.448+0000] {processor.py:183} INFO - Processing /home/airflow/.local/lib/python3.12/site-packages/airflow/example_dags/example_bash_operator.py took 0.037 seconds
[2024-05-09T16:19:56.911+0000] {processor.py:161} INFO - Started process (PID=151) to work on /home/airflow/.local/lib/python3.12/site-packages/airflow/example_dags/example_bash_operator.py
[2024-05-09T16:19:56.912+0000] {processor.py:830} INFO - Processing file /home/airflow/.local/lib/python3.12/site-packages/airflow/example_dags/example_bash_operator.py for tasks to queue
[2024-05-09T16:19:56.913+0000] {logging_mixin.py:188} INFO - [2024-05-09T16:19:56.913+0000] {dagbag.py:545} INFO - Filling up the DagBag from /home/airflow/.local/lib/python3.12/site-packages/airflow/example_dags/example_bash_operator.py
[2024-05-09T16:19:56.918+0000] {processor.py:840} INFO - DAG(s) 'example_bash_operator' retrieved from /home/airflow/.local/lib/python3.12/site-packages/airflow/example_dags/example_bash_operator.py
[2024-05-09T16:19:56.929+0000] {logging_mixin.py:188} INFO - [2024-05-09T16:19:56.929+0000] {dag.py:3096} INFO - Sync 1 DAGs
[2024-05-09T16:19:56.938+0000] {logging_mixin.py:188} INFO - [2024-05-09T16:19:56.938+0000] {dag.py:3954} INFO - Setting next_dagrun for example_bash_operator to 2024-05-08 00:00:00+00:00, run_after=2024-05-09 00:00:00+00:00
[2024-05-09T16:19:56.945+0000] {processor.py:183} INFO - Processing /home/airflow/.local/lib/python3.12/site-packages/airflow/example_dags/example_bash_operator.py took 0.037 seconds
[2024-05-09T16:20:27.379+0000] {processor.py:161} INFO - Started process (PID=209) to work on /home/airflow/.local/lib/python3.12/site-packages/airflow/example_dags/example_bash_operator.py
[2024-05-09T16:20:27.379+0000] {processor.py:830} INFO - Processing file /home/airflow/.local/lib/python3.12/site-packages/airflow/example_dags/example_bash_operator.py for tasks to queue
[2024-05-09T16:20:27.380+0000] {logging_mixin.py:188} INFO - [2024-05-09T16:20:27.380+0000] {dagbag.py:545} INFO - Filling up the DagBag from /home/airflow/.local/lib/python3.12/site-packages/airflow/example_dags/example_bash_operator.py
[2024-05-09T16:20:27.385+0000] {processor.py:840} INFO - DAG(s) 'example_bash_operator' retrieved from /home/airflow/.local/lib/python3.12/site-packages/airflow/example_dags/example_bash_operator.py
[2024-05-09T16:20:27.397+0000] {logging_mixin.py:188} INFO - [2024-05-09T16:20:27.396+0000] {dag.py:3096} INFO - Sync 1 DAGs
[2024-05-09T16:20:27.405+0000] {logging_mixin.py:188} INFO - [2024-05-09T16:20:27.405+0000] {dag.py:3954} INFO - Setting next_dagrun for example_bash_operator to 2024-05-08 00:00:00+00:00, run_after=2024-05-09 00:00:00+00:00
[2024-05-09T16:20:27.412+0000] {processor.py:183} INFO - Processing /home/airflow/.local/lib/python3.12/site-packages/airflow/example_dags/example_bash_operator.py took 0.036 seconds
[2024-05-09T16:20:57.865+0000] {processor.py:161} INFO - Started process (PID=267) to work on /home/airflow/.local/lib/python3.12/site-packages/airflow/example_dags/example_bash_operator.py
[2024-05-09T16:20:57.865+0000] {processor.py:830} INFO - Processing file /home/airflow/.local/lib/python3.12/site-packages/airflow/example_dags/example_bash_operator.py for tasks to queue
[2024-05-09T16:20:57.866+0000] {logging_mixin.py:188} INFO - [2024-05-09T16:20:57.866+0000] {dagbag.py:545} INFO - Filling up the DagBag from /home/airflow/.local/lib/python3.12/site-packages/airflow/example_dags/example_bash_operator.py
[2024-05-09T16:20:57.872+0000] {processor.py:840} INFO - DAG(s) 'example_bash_operator' retrieved from /home/airflow/.local/lib/python3.12/site-packages/airflow/example_dags/example_bash_operator.py
[2024-05-09T16:20:57.883+0000] {logging_mixin.py:188} INFO - [2024-05-09T16:20:57.883+0000] {dag.py:3096} INFO - Sync 1 DAGs
[2024-05-09T16:20:57.892+0000] {logging_mixin.py:188} INFO - [2024-05-09T16:20:57.892+0000] {dag.py:3954} INFO - Setting next_dagrun for example_bash_operator to 2024-05-08 00:00:00+00:00, run_after=2024-05-09 00:00:00+00:00
[2024-05-09T16:20:57.899+0000] {processor.py:183} INFO - Processing /home/airflow/.local/lib/python3.12/site-packages/airflow/example_dags/example_bash_operator.py took 0.037 seconds
[2024-05-09T16:21:28.266+0000] {processor.py:161} INFO - Started process (PID=325) to work on /home/airflow/.local/lib/python3.12/site-packages/airflow/example_dags/example_bash_operator.py
[2024-05-09T16:21:28.266+0000] {processor.py:830} INFO - Processing file /home/airflow/.local/lib/python3.12/site-packages/airflow/example_dags/example_bash_operator.py for tasks to queue
[2024-05-09T16:21:28.267+0000] {logging_mixin.py:188} INFO - [2024-05-09T16:21:28.267+0000] {dagbag.py:545} INFO - Filling up the DagBag from /home/airflow/.local/lib/python3.12/site-packages/airflow/example_dags/example_bash_operator.py
[2024-05-09T16:21:28.273+0000] {processor.py:840} INFO - DAG(s) 'example_bash_operator' retrieved from /home/airflow/.local/lib/python3.12/site-packages/airflow/example_dags/example_bash_operator.py
[2024-05-09T16:21:28.286+0000] {logging_mixin.py:188} INFO - [2024-05-09T16:21:28.286+0000] {dag.py:3096} INFO - Sync 1 DAGs
[2024-05-09T16:21:28.297+0000] {logging_mixin.py:188} INFO - [2024-05-09T16:21:28.297+0000] {dag.py:3954} INFO - Setting next_dagrun for example_bash_operator to 2024-05-08 00:00:00+00:00, run_after=2024-05-09 00:00:00+00:00
[2024-05-09T16:21:28.304+0000] {processor.py:183} INFO - Processing /home/airflow/.local/lib/python3.12/site-packages/airflow/example_dags/example_bash_operator.py took 0.042 seconds
[2024-05-09T16:21:58.793+0000] {processor.py:161} INFO - Started process (PID=383) to work on /home/airflow/.local/lib/python3.12/site-packages/airflow/example_dags/example_bash_operator.py
[2024-05-09T16:21:58.794+0000] {processor.py:830} INFO - Processing file /home/airflow/.local/lib/python3.12/site-packages/airflow/example_dags/example_bash_operator.py for tasks to queue
[2024-05-09T16:21:58.794+0000] {logging_mixin.py:188} INFO - [2024-05-09T16:21:58.794+0000] {dagbag.py:545} INFO - Filling up the DagBag from /home/airflow/.local/lib/python3.12/site-packages/airflow/example_dags/example_bash_operator.py
[2024-05-09T16:21:58.800+0000] {processor.py:840} INFO - DAG(s) 'example_bash_operator' retrieved from /home/airflow/.local/lib/python3.12/site-packages/airflow/example_dags/example_bash_operator.py
[2024-05-09T16:21:58.811+0000] {logging_mixin.py:188} INFO - [2024-05-09T16:21:58.811+0000] {dag.py:3096} INFO - Sync 1 DAGs
[2024-05-09T16:21:58.820+0000] {logging_mixin.py:188} INFO - [2024-05-09T16:21:58.820+0000] {dag.py:3954} INFO - Setting next_dagrun for example_bash_operator to 2024-05-08 00:00:00+00:00, run_after=2024-05-09 00:00:00+00:00
[2024-05-09T16:21:58.827+0000] {processor.py:183} INFO - Processing /home/airflow/.local/lib/python3.12/site-packages/airflow/example_dags/example_bash_operator.py took 0.037 seconds
[2024-05-09T16:22:29.292+0000] {processor.py:161} INFO - Started process (PID=441) to work on /home/airflow/.local/lib/python3.12/site-packages/airflow/example_dags/example_bash_operator.py
[2024-05-09T16:22:29.293+0000] {processor.py:830} INFO - Processing file /home/airflow/.local/lib/python3.12/site-packages/airflow/example_dags/example_bash_operator.py for tasks to queue
[2024-05-09T16:22:29.294+0000] {logging_mixin.py:188} INFO - [2024-05-09T16:22:29.293+0000] {dagbag.py:545} INFO - Filling up the DagBag from /home/airflow/.local/lib/python3.12/site-packages/airflow/example_dags/example_bash_operator.py
[2024-05-09T16:22:29.299+0000] {processor.py:840} INFO - DAG(s) 'example_bash_operator' retrieved from /home/airflow/.local/lib/python3.12/site-packages/airflow/example_dags/example_bash_operator.py
[2024-05-09T16:22:29.310+0000] {logging_mixin.py:188} INFO - [2024-05-09T16:22:29.310+0000] {dag.py:3096} INFO - Sync 1 DAGs
[2024-05-09T16:22:29.319+0000] {logging_mixin.py:188} INFO - [2024-05-09T16:22:29.319+0000] {dag.py:3954} INFO - Setting next_dagrun for example_bash_operator to 2024-05-08 00:00:00+00:00, run_after=2024-05-09 00:00:00+00:00
[2024-05-09T16:22:29.326+0000] {processor.py:183} INFO - Processing /home/airflow/.local/lib/python3.12/site-packages/airflow/example_dags/example_bash_operator.py took 0.037 seconds
[2024-05-09T16:22:59.777+0000] {processor.py:161} INFO - Started process (PID=499) to work on /home/airflow/.local/lib/python3.12/site-packages/airflow/example_dags/example_bash_operator.py
[2024-05-09T16:22:59.778+0000] {processor.py:830} INFO - Processing file /home/airflow/.local/lib/python3.12/site-packages/airflow/example_dags/example_bash_operator.py for tasks to queue
[2024-05-09T16:22:59.779+0000] {logging_mixin.py:188} INFO - [2024-05-09T16:22:59.779+0000] {dagbag.py:545} INFO - Filling up the DagBag from /home/airflow/.local/lib/python3.12/site-packages/airflow/example_dags/example_bash_operator.py
[2024-05-09T16:22:59.785+0000] {processor.py:840} INFO - DAG(s) 'example_bash_operator' retrieved from /home/airflow/.local/lib/python3.12/site-packages/airflow/example_dags/example_bash_operator.py
[2024-05-09T16:22:59.796+0000] {logging_mixin.py:188} INFO - [2024-05-09T16:22:59.796+0000] {dag.py:3096} INFO - Sync 1 DAGs
[2024-05-09T16:22:59.806+0000] {logging_mixin.py:188} INFO - [2024-05-09T16:22:59.805+0000] {dag.py:3954} INFO - Setting next_dagrun for example_bash_operator to 2024-05-08 00:00:00+00:00, run_after=2024-05-09 00:00:00+00:00
[2024-05-09T16:22:59.814+0000] {processor.py:183} INFO - Processing /home/airflow/.local/lib/python3.12/site-packages/airflow/example_dags/example_bash_operator.py took 0.040 seconds
[2024-05-09T16:23:30.252+0000] {processor.py:161} INFO - Started process (PID=557) to work on /home/airflow/.local/lib/python3.12/site-packages/airflow/example_dags/example_bash_operator.py
[2024-05-09T16:23:30.253+0000] {processor.py:830} INFO - Processing file /home/airflow/.local/lib/python3.12/site-packages/airflow/example_dags/example_bash_operator.py for tasks to queue
[2024-05-09T16:23:30.254+0000] {logging_mixin.py:188} INFO - [2024-05-09T16:23:30.254+0000] {dagbag.py:545} INFO - Filling up the DagBag from /home/airflow/.local/lib/python3.12/site-packages/airflow/example_dags/example_bash_operator.py
[2024-05-09T16:23:30.259+0000] {processor.py:840} INFO - DAG(s) 'example_bash_operator' retrieved from /home/airflow/.local/lib/python3.12/site-packages/airflow/example_dags/example_bash_operator.py
[2024-05-09T16:23:30.269+0000] {logging_mixin.py:188} INFO - [2024-05-09T16:23:30.269+0000] {dag.py:3096} INFO - Sync 1 DAGs
[2024-05-09T16:23:30.278+0000] {logging_mixin.py:188} INFO - [2024-05-09T16:23:30.278+0000] {dag.py:3954} INFO - Setting next_dagrun for example_bash_operator to 2024-05-08 00:00:00+00:00, run_after=2024-05-09 00:00:00+00:00
[2024-05-09T16:23:30.285+0000] {processor.py:183} INFO - Processing /home/airflow/.local/lib/python3.12/site-packages/airflow/example_dags/example_bash_operator.py took 0.035 seconds
[2024-05-09T16:24:00.839+0000] {processor.py:161} INFO - Started process (PID=615) to work on /home/airflow/.local/lib/python3.12/site-packages/airflow/example_dags/example_bash_operator.py
[2024-05-09T16:24:00.840+0000] {processor.py:830} INFO - Processing file /home/airflow/.local/lib/python3.12/site-packages/airflow/example_dags/example_bash_operator.py for tasks to queue
[2024-05-09T16:24:00.841+0000] {logging_mixin.py:188} INFO - [2024-05-09T16:24:00.841+0000] {dagbag.py:545} INFO - Filling up the DagBag from /home/airflow/.local/lib/python3.12/site-packages/airflow/example_dags/example_bash_operator.py
[2024-05-09T16:24:00.847+0000] {processor.py:840} INFO - DAG(s) 'example_bash_operator' retrieved from /home/airflow/.local/lib/python3.12/site-packages/airflow/example_dags/example_bash_operator.py
[2024-05-09T16:24:00.859+0000] {logging_mixin.py:188} INFO - [2024-05-09T16:24:00.859+0000] {dag.py:3096} INFO - Sync 1 DAGs
[2024-05-09T16:24:00.869+0000] {logging_mixin.py:188} INFO - [2024-05-09T16:24:00.869+0000] {dag.py:3954} INFO - Setting next_dagrun for example_bash_operator to 2024-05-08 00:00:00+00:00, run_after=2024-05-09 00:00:00+00:00
[2024-05-09T16:24:00.876+0000] {processor.py:183} INFO - Processing /home/airflow/.local/lib/python3.12/site-packages/airflow/example_dags/example_bash_operator.py took 0.040 seconds
[2024-05-09T16:24:31.293+0000] {processor.py:161} INFO - Started process (PID=673) to work on /home/airflow/.local/lib/python3.12/site-packages/airflow/example_dags/example_bash_operator.py
[2024-05-09T16:24:31.294+0000] {processor.py:830} INFO - Processing file /home/airflow/.local/lib/python3.12/site-packages/airflow/example_dags/example_bash_operator.py for tasks to queue
[2024-05-09T16:24:31.295+0000] {logging_mixin.py:188} INFO - [2024-05-09T16:24:31.295+0000] {dagbag.py:545} INFO - Filling up the DagBag from /home/airflow/.local/lib/python3.12/site-packages/airflow/example_dags/example_bash_operator.py
[2024-05-09T16:24:31.300+0000] {processor.py:840} INFO - DAG(s) 'example_bash_operator' retrieved from /home/airflow/.local/lib/python3.12/site-packages/airflow/example_dags/example_bash_operator.py
[2024-05-09T16:24:31.310+0000] {logging_mixin.py:188} INFO - [2024-05-09T16:24:31.310+0000] {dag.py:3096} INFO - Sync 1 DAGs
[2024-05-09T16:24:31.320+0000] {logging_mixin.py:188} INFO - [2024-05-09T16:24:31.320+0000] {dag.py:3954} INFO - Setting next_dagrun for example_bash_operator to 2024-05-08 00:00:00+00:00, run_after=2024-05-09 00:00:00+00:00
[2024-05-09T16:24:31.326+0000] {processor.py:183} INFO - Processing /home/airflow/.local/lib/python3.12/site-packages/airflow/example_dags/example_bash_operator.py took 0.036 seconds
[2024-05-09T16:25:01.770+0000] {processor.py:161} INFO - Started process (PID=735) to work on /home/airflow/.local/lib/python3.12/site-packages/airflow/example_dags/example_bash_operator.py
[2024-05-09T16:25:01.771+0000] {processor.py:830} INFO - Processing file /home/airflow/.local/lib/python3.12/site-packages/airflow/example_dags/example_bash_operator.py for tasks to queue
[2024-05-09T16:25:01.771+0000] {logging_mixin.py:188} INFO - [2024-05-09T16:25:01.771+0000] {dagbag.py:545} INFO - Filling up the DagBag from /home/airflow/.local/lib/python3.12/site-packages/airflow/example_dags/example_bash_operator.py
[2024-05-09T16:25:01.777+0000] {processor.py:840} INFO - DAG(s) 'example_bash_operator' retrieved from /home/airflow/.local/lib/python3.12/site-packages/airflow/example_dags/example_bash_operator.py
[2024-05-09T16:25:01.788+0000] {logging_mixin.py:188} INFO - [2024-05-09T16:25:01.788+0000] {dag.py:3096} INFO - Sync 1 DAGs
[2024-05-09T16:25:01.797+0000] {logging_mixin.py:188} INFO - [2024-05-09T16:25:01.797+0000] {dag.py:3954} INFO - Setting next_dagrun for example_bash_operator to 2024-05-08 00:00:00+00:00, run_after=2024-05-09 00:00:00+00:00
[2024-05-09T16:25:01.804+0000] {processor.py:183} INFO - Processing /home/airflow/.local/lib/python3.12/site-packages/airflow/example_dags/example_bash_operator.py took 0.037 seconds
[2024-05-09T16:25:32.207+0000] {processor.py:161} INFO - Started process (PID=793) to work on /home/airflow/.local/lib/python3.12/site-packages/airflow/example_dags/example_bash_operator.py
[2024-05-09T16:25:32.208+0000] {processor.py:830} INFO - Processing file /home/airflow/.local/lib/python3.12/site-packages/airflow/example_dags/example_bash_operator.py for tasks to queue
[2024-05-09T16:25:32.209+0000] {logging_mixin.py:188} INFO - [2024-05-09T16:25:32.209+0000] {dagbag.py:545} INFO - Filling up the DagBag from /home/airflow/.local/lib/python3.12/site-packages/airflow/example_dags/example_bash_operator.py
[2024-05-09T16:25:32.216+0000] {processor.py:840} INFO - DAG(s) 'example_bash_operator' retrieved from /home/airflow/.local/lib/python3.12/site-packages/airflow/example_dags/example_bash_operator.py
[2024-05-09T16:25:32.232+0000] {logging_mixin.py:188} INFO - [2024-05-09T16:25:32.232+0000] {dag.py:3096} INFO - Sync 1 DAGs
[2024-05-09T16:25:32.244+0000] {logging_mixin.py:188} INFO - [2024-05-09T16:25:32.243+0000] {dag.py:3954} INFO - Setting next_dagrun for example_bash_operator to 2024-05-08 00:00:00+00:00, run_after=2024-05-09 00:00:00+00:00
[2024-05-09T16:25:32.252+0000] {processor.py:183} INFO - Processing /home/airflow/.local/lib/python3.12/site-packages/airflow/example_dags/example_bash_operator.py took 0.049 seconds
[2024-05-09T16:26:02.695+0000] {processor.py:161} INFO - Started process (PID=851) to work on /home/airflow/.local/lib/python3.12/site-packages/airflow/example_dags/example_bash_operator.py
[2024-05-09T16:26:02.696+0000] {processor.py:830} INFO - Processing file /home/airflow/.local/lib/python3.12/site-packages/airflow/example_dags/example_bash_operator.py for tasks to queue
[2024-05-09T16:26:02.697+0000] {logging_mixin.py:188} INFO - [2024-05-09T16:26:02.697+0000] {dagbag.py:545} INFO - Filling up the DagBag from /home/airflow/.local/lib/python3.12/site-packages/airflow/example_dags/example_bash_operator.py
[2024-05-09T16:26:02.703+0000] {processor.py:840} INFO - DAG(s) 'example_bash_operator' retrieved from /home/airflow/.local/lib/python3.12/site-packages/airflow/example_dags/example_bash_operator.py
[2024-05-09T16:26:02.721+0000] {logging_mixin.py:188} INFO - [2024-05-09T16:26:02.721+0000] {dag.py:3096} INFO - Sync 1 DAGs
[2024-05-09T16:26:02.735+0000] {logging_mixin.py:188} INFO - [2024-05-09T16:26:02.735+0000] {dag.py:3954} INFO - Setting next_dagrun for example_bash_operator to 2024-05-08 00:00:00+00:00, run_after=2024-05-09 00:00:00+00:00
[2024-05-09T16:26:02.744+0000] {processor.py:183} INFO - Processing /home/airflow/.local/lib/python3.12/site-packages/airflow/example_dags/example_bash_operator.py took 0.052 seconds
[2024-05-09T16:26:33.309+0000] {processor.py:161} INFO - Started process (PID=909) to work on /home/airflow/.local/lib/python3.12/site-packages/airflow/example_dags/example_bash_operator.py
[2024-05-09T16:26:33.310+0000] {processor.py:830} INFO - Processing file /home/airflow/.local/lib/python3.12/site-packages/airflow/example_dags/example_bash_operator.py for tasks to queue
[2024-05-09T16:26:33.310+0000] {logging_mixin.py:188} INFO - [2024-05-09T16:26:33.310+0000] {dagbag.py:545} INFO - Filling up the DagBag from /home/airflow/.local/lib/python3.12/site-packages/airflow/example_dags/example_bash_operator.py
[2024-05-09T16:26:33.316+0000] {processor.py:840} INFO - DAG(s) 'example_bash_operator' retrieved from /home/airflow/.local/lib/python3.12/site-packages/airflow/example_dags/example_bash_operator.py
[2024-05-09T16:26:33.327+0000] {logging_mixin.py:188} INFO - [2024-05-09T16:26:33.327+0000] {dag.py:3096} INFO - Sync 1 DAGs
[2024-05-09T16:26:33.337+0000] {logging_mixin.py:188} INFO - [2024-05-09T16:26:33.337+0000] {dag.py:3954} INFO - Setting next_dagrun for example_bash_operator to 2024-05-08 00:00:00+00:00, run_after=2024-05-09 00:00:00+00:00
[2024-05-09T16:26:33.344+0000] {processor.py:183} INFO - Processing /home/airflow/.local/lib/python3.12/site-packages/airflow/example_dags/example_bash_operator.py took 0.038 seconds
[2024-05-09T16:27:03.770+0000] {processor.py:161} INFO - Started process (PID=967) to work on /home/airflow/.local/lib/python3.12/site-packages/airflow/example_dags/example_bash_operator.py
[2024-05-09T16:27:03.771+0000] {processor.py:830} INFO - Processing file /home/airflow/.local/lib/python3.12/site-packages/airflow/example_dags/example_bash_operator.py for tasks to queue
[2024-05-09T16:27:03.771+0000] {logging_mixin.py:188} INFO - [2024-05-09T16:27:03.771+0000] {dagbag.py:545} INFO - Filling up the DagBag from /home/airflow/.local/lib/python3.12/site-packages/airflow/example_dags/example_bash_operator.py
[2024-05-09T16:27:03.777+0000] {processor.py:840} INFO - DAG(s) 'example_bash_operator' retrieved from /home/airflow/.local/lib/python3.12/site-packages/airflow/example_dags/example_bash_operator.py
[2024-05-09T16:27:03.788+0000] {logging_mixin.py:188} INFO - [2024-05-09T16:27:03.788+0000] {dag.py:3096} INFO - Sync 1 DAGs
[2024-05-09T16:27:03.797+0000] {logging_mixin.py:188} INFO - [2024-05-09T16:27:03.797+0000] {dag.py:3954} INFO - Setting next_dagrun for example_bash_operator to 2024-05-08 00:00:00+00:00, run_after=2024-05-09 00:00:00+00:00
[2024-05-09T16:27:03.804+0000] {processor.py:183} INFO - Processing /home/airflow/.local/lib/python3.12/site-packages/airflow/example_dags/example_bash_operator.py took 0.037 seconds
[2024-05-09T16:27:34.291+0000] {processor.py:161} INFO - Started process (PID=1025) to work on /home/airflow/.local/lib/python3.12/site-packages/airflow/example_dags/example_bash_operator.py
[2024-05-09T16:27:34.291+0000] {processor.py:830} INFO - Processing file /home/airflow/.local/lib/python3.12/site-packages/airflow/example_dags/example_bash_operator.py for tasks to queue
[2024-05-09T16:27:34.292+0000] {logging_mixin.py:188} INFO - [2024-05-09T16:27:34.292+0000] {dagbag.py:545} INFO - Filling up the DagBag from /home/airflow/.local/lib/python3.12/site-packages/airflow/example_dags/example_bash_operator.py
[2024-05-09T16:27:34.297+0000] {processor.py:840} INFO - DAG(s) 'example_bash_operator' retrieved from /home/airflow/.local/lib/python3.12/site-packages/airflow/example_dags/example_bash_operator.py
[2024-05-09T16:27:34.309+0000] {logging_mixin.py:188} INFO - [2024-05-09T16:27:34.309+0000] {dag.py:3096} INFO - Sync 1 DAGs
[2024-05-09T16:27:34.318+0000] {logging_mixin.py:188} INFO - [2024-05-09T16:27:34.318+0000] {dag.py:3954} INFO - Setting next_dagrun for example_bash_operator to 2024-05-08 00:00:00+00:00, run_after=2024-05-09 00:00:00+00:00
[2024-05-09T16:27:34.325+0000] {processor.py:183} INFO - Processing /home/airflow/.local/lib/python3.12/site-packages/airflow/example_dags/example_bash_operator.py took 0.037 seconds
[2024-05-09T16:28:04.782+0000] {processor.py:161} INFO - Started process (PID=1083) to work on /home/airflow/.local/lib/python3.12/site-packages/airflow/example_dags/example_bash_operator.py
[2024-05-09T16:28:04.783+0000] {processor.py:830} INFO - Processing file /home/airflow/.local/lib/python3.12/site-packages/airflow/example_dags/example_bash_operator.py for tasks to queue
[2024-05-09T16:28:04.783+0000] {logging_mixin.py:188} INFO - [2024-05-09T16:28:04.783+0000] {dagbag.py:545} INFO - Filling up the DagBag from /home/airflow/.local/lib/python3.12/site-packages/airflow/example_dags/example_bash_operator.py
[2024-05-09T16:28:04.789+0000] {processor.py:840} INFO - DAG(s) 'example_bash_operator' retrieved from /home/airflow/.local/lib/python3.12/site-packages/airflow/example_dags/example_bash_operator.py
[2024-05-09T16:28:04.800+0000] {logging_mixin.py:188} INFO - [2024-05-09T16:28:04.800+0000] {dag.py:3096} INFO - Sync 1 DAGs
[2024-05-09T16:28:04.810+0000] {logging_mixin.py:188} INFO - [2024-05-09T16:28:04.810+0000] {dag.py:3954} INFO - Setting next_dagrun for example_bash_operator to 2024-05-08 00:00:00+00:00, run_after=2024-05-09 00:00:00+00:00
[2024-05-09T16:28:04.817+0000] {processor.py:183} INFO - Processing /home/airflow/.local/lib/python3.12/site-packages/airflow/example_dags/example_bash_operator.py took 0.038 seconds
[2024-05-09T16:28:35.349+0000] {processor.py:161} INFO - Started process (PID=1141) to work on /home/airflow/.local/lib/python3.12/site-packages/airflow/example_dags/example_bash_operator.py
[2024-05-09T16:28:35.349+0000] {processor.py:830} INFO - Processing file /home/airflow/.local/lib/python3.12/site-packages/airflow/example_dags/example_bash_operator.py for tasks to queue
[2024-05-09T16:28:35.350+0000] {logging_mixin.py:188} INFO - [2024-05-09T16:28:35.350+0000] {dagbag.py:545} INFO - Filling up the DagBag from /home/airflow/.local/lib/python3.12/site-packages/airflow/example_dags/example_bash_operator.py
[2024-05-09T16:28:35.356+0000] {processor.py:840} INFO - DAG(s) 'example_bash_operator' retrieved from /home/airflow/.local/lib/python3.12/site-packages/airflow/example_dags/example_bash_operator.py
[2024-05-09T16:28:35.367+0000] {logging_mixin.py:188} INFO - [2024-05-09T16:28:35.367+0000] {dag.py:3096} INFO - Sync 1 DAGs
[2024-05-09T16:28:35.377+0000] {logging_mixin.py:188} INFO - [2024-05-09T16:28:35.377+0000] {dag.py:3954} INFO - Setting next_dagrun for example_bash_operator to 2024-05-08 00:00:00+00:00, run_after=2024-05-09 00:00:00+00:00
[2024-05-09T16:28:35.384+0000] {processor.py:183} INFO - Processing /home/airflow/.local/lib/python3.12/site-packages/airflow/example_dags/example_bash_operator.py took 0.038 seconds
[2024-05-09T16:29:05.867+0000] {processor.py:161} INFO - Started process (PID=1199) to work on /home/airflow/.local/lib/python3.12/site-packages/airflow/example_dags/example_bash_operator.py
[2024-05-09T16:29:05.868+0000] {processor.py:830} INFO - Processing file /home/airflow/.local/lib/python3.12/site-packages/airflow/example_dags/example_bash_operator.py for tasks to queue
[2024-05-09T16:29:05.868+0000] {logging_mixin.py:188} INFO - [2024-05-09T16:29:05.868+0000] {dagbag.py:545} INFO - Filling up the DagBag from /home/airflow/.local/lib/python3.12/site-packages/airflow/example_dags/example_bash_operator.py
[2024-05-09T16:29:05.874+0000] {processor.py:840} INFO - DAG(s) 'example_bash_operator' retrieved from /home/airflow/.local/lib/python3.12/site-packages/airflow/example_dags/example_bash_operator.py
[2024-05-09T16:29:05.887+0000] {logging_mixin.py:188} INFO - [2024-05-09T16:29:05.886+0000] {dag.py:3096} INFO - Sync 1 DAGs
[2024-05-09T16:29:05.896+0000] {logging_mixin.py:188} INFO - [2024-05-09T16:29:05.896+0000] {dag.py:3954} INFO - Setting next_dagrun for example_bash_operator to 2024-05-08 00:00:00+00:00, run_after=2024-05-09 00:00:00+00:00
[2024-05-09T16:29:05.904+0000] {processor.py:183} INFO - Processing /home/airflow/.local/lib/python3.12/site-packages/airflow/example_dags/example_bash_operator.py took 0.040 seconds
[2024-05-09T16:29:36.320+0000] {processor.py:161} INFO - Started process (PID=1257) to work on /home/airflow/.local/lib/python3.12/site-packages/airflow/example_dags/example_bash_operator.py
[2024-05-09T16:29:36.320+0000] {processor.py:830} INFO - Processing file /home/airflow/.local/lib/python3.12/site-packages/airflow/example_dags/example_bash_operator.py for tasks to queue
[2024-05-09T16:29:36.321+0000] {logging_mixin.py:188} INFO - [2024-05-09T16:29:36.321+0000] {dagbag.py:545} INFO - Filling up the DagBag from /home/airflow/.local/lib/python3.12/site-packages/airflow/example_dags/example_bash_operator.py
[2024-05-09T16:29:36.327+0000] {processor.py:840} INFO - DAG(s) 'example_bash_operator' retrieved from /home/airflow/.local/lib/python3.12/site-packages/airflow/example_dags/example_bash_operator.py
[2024-05-09T16:29:36.337+0000] {logging_mixin.py:188} INFO - [2024-05-09T16:29:36.337+0000] {dag.py:3096} INFO - Sync 1 DAGs
[2024-05-09T16:29:36.346+0000] {logging_mixin.py:188} INFO - [2024-05-09T16:29:36.346+0000] {dag.py:3954} INFO - Setting next_dagrun for example_bash_operator to 2024-05-08 00:00:00+00:00, run_after=2024-05-09 00:00:00+00:00
[2024-05-09T16:29:36.353+0000] {processor.py:183} INFO - Processing /home/airflow/.local/lib/python3.12/site-packages/airflow/example_dags/example_bash_operator.py took 0.037 seconds
[2024-05-09T16:30:06.960+0000] {processor.py:161} INFO - Started process (PID=1315) to work on /home/airflow/.local/lib/python3.12/site-packages/airflow/example_dags/example_bash_operator.py
[2024-05-09T16:30:06.960+0000] {processor.py:830} INFO - Processing file /home/airflow/.local/lib/python3.12/site-packages/airflow/example_dags/example_bash_operator.py for tasks to queue
[2024-05-09T16:30:06.961+0000] {logging_mixin.py:188} INFO - [2024-05-09T16:30:06.961+0000] {dagbag.py:545} INFO - Filling up the DagBag from /home/airflow/.local/lib/python3.12/site-packages/airflow/example_dags/example_bash_operator.py
[2024-05-09T16:30:06.966+0000] {processor.py:840} INFO - DAG(s) 'example_bash_operator' retrieved from /home/airflow/.local/lib/python3.12/site-packages/airflow/example_dags/example_bash_operator.py
[2024-05-09T16:30:06.978+0000] {logging_mixin.py:188} INFO - [2024-05-09T16:30:06.978+0000] {dag.py:3096} INFO - Sync 1 DAGs
[2024-05-09T16:30:06.987+0000] {logging_mixin.py:188} INFO - [2024-05-09T16:30:06.987+0000] {dag.py:3954} INFO - Setting next_dagrun for example_bash_operator to 2024-05-08 00:00:00+00:00, run_after=2024-05-09 00:00:00+00:00
[2024-05-09T16:30:06.994+0000] {processor.py:183} INFO - Processing /home/airflow/.local/lib/python3.12/site-packages/airflow/example_dags/example_bash_operator.py took 0.038 seconds
[2024-05-09T16:30:37.536+0000] {processor.py:161} INFO - Started process (PID=1373) to work on /home/airflow/.local/lib/python3.12/site-packages/airflow/example_dags/example_bash_operator.py
[2024-05-09T16:30:37.537+0000] {processor.py:830} INFO - Processing file /home/airflow/.local/lib/python3.12/site-packages/airflow/example_dags/example_bash_operator.py for tasks to queue
[2024-05-09T16:30:37.537+0000] {logging_mixin.py:188} INFO - [2024-05-09T16:30:37.537+0000] {dagbag.py:545} INFO - Filling up the DagBag from /home/airflow/.local/lib/python3.12/site-packages/airflow/example_dags/example_bash_operator.py
[2024-05-09T16:30:37.543+0000] {processor.py:840} INFO - DAG(s) 'example_bash_operator' retrieved from /home/airflow/.local/lib/python3.12/site-packages/airflow/example_dags/example_bash_operator.py
[2024-05-09T16:30:37.554+0000] {logging_mixin.py:188} INFO - [2024-05-09T16:30:37.554+0000] {dag.py:3096} INFO - Sync 1 DAGs
[2024-05-09T16:30:37.563+0000] {logging_mixin.py:188} INFO - [2024-05-09T16:30:37.563+0000] {dag.py:3954} INFO - Setting next_dagrun for example_bash_operator to 2024-05-08 00:00:00+00:00, run_after=2024-05-09 00:00:00+00:00
[2024-05-09T16:30:37.571+0000] {processor.py:183} INFO - Processing /home/airflow/.local/lib/python3.12/site-packages/airflow/example_dags/example_bash_operator.py took 0.038 seconds
[2024-05-09T16:31:08.089+0000] {processor.py:161} INFO - Started process (PID=1431) to work on /home/airflow/.local/lib/python3.12/site-packages/airflow/example_dags/example_bash_operator.py
[2024-05-09T16:31:08.090+0000] {processor.py:830} INFO - Processing file /home/airflow/.local/lib/python3.12/site-packages/airflow/example_dags/example_bash_operator.py for tasks to queue
[2024-05-09T16:31:08.090+0000] {logging_mixin.py:188} INFO - [2024-05-09T16:31:08.090+0000] {dagbag.py:545} INFO - Filling up the DagBag from /home/airflow/.local/lib/python3.12/site-packages/airflow/example_dags/example_bash_operator.py
[2024-05-09T16:31:08.096+0000] {processor.py:840} INFO - DAG(s) 'example_bash_operator' retrieved from /home/airflow/.local/lib/python3.12/site-packages/airflow/example_dags/example_bash_operator.py
[2024-05-09T16:31:08.107+0000] {logging_mixin.py:188} INFO - [2024-05-09T16:31:08.107+0000] {dag.py:3096} INFO - Sync 1 DAGs
[2024-05-09T16:31:08.116+0000] {logging_mixin.py:188} INFO - [2024-05-09T16:31:08.116+0000] {dag.py:3954} INFO - Setting next_dagrun for example_bash_operator to 2024-05-08 00:00:00+00:00, run_after=2024-05-09 00:00:00+00:00
[2024-05-09T16:31:08.123+0000] {processor.py:183} INFO - Processing /home/airflow/.local/lib/python3.12/site-packages/airflow/example_dags/example_bash_operator.py took 0.037 seconds
[2024-05-09T16:31:38.649+0000] {processor.py:161} INFO - Started process (PID=1489) to work on /home/airflow/.local/lib/python3.12/site-packages/airflow/example_dags/example_bash_operator.py
[2024-05-09T16:31:38.649+0000] {processor.py:830} INFO - Processing file /home/airflow/.local/lib/python3.12/site-packages/airflow/example_dags/example_bash_operator.py for tasks to queue
[2024-05-09T16:31:38.650+0000] {logging_mixin.py:188} INFO - [2024-05-09T16:31:38.650+0000] {dagbag.py:545} INFO - Filling up the DagBag from /home/airflow/.local/lib/python3.12/site-packages/airflow/example_dags/example_bash_operator.py
[2024-05-09T16:31:38.655+0000] {processor.py:840} INFO - DAG(s) 'example_bash_operator' retrieved from /home/airflow/.local/lib/python3.12/site-packages/airflow/example_dags/example_bash_operator.py
[2024-05-09T16:31:38.667+0000] {logging_mixin.py:188} INFO - [2024-05-09T16:31:38.667+0000] {dag.py:3096} INFO - Sync 1 DAGs
[2024-05-09T16:31:38.676+0000] {logging_mixin.py:188} INFO - [2024-05-09T16:31:38.676+0000] {dag.py:3954} INFO - Setting next_dagrun for example_bash_operator to 2024-05-08 00:00:00+00:00, run_after=2024-05-09 00:00:00+00:00
[2024-05-09T16:31:38.683+0000] {processor.py:183} INFO - Processing /home/airflow/.local/lib/python3.12/site-packages/airflow/example_dags/example_bash_operator.py took 0.037 seconds
[2024-05-09T16:32:09.169+0000] {processor.py:161} INFO - Started process (PID=1547) to work on /home/airflow/.local/lib/python3.12/site-packages/airflow/example_dags/example_bash_operator.py
[2024-05-09T16:32:09.169+0000] {processor.py:830} INFO - Processing file /home/airflow/.local/lib/python3.12/site-packages/airflow/example_dags/example_bash_operator.py for tasks to queue
[2024-05-09T16:32:09.170+0000] {logging_mixin.py:188} INFO - [2024-05-09T16:32:09.170+0000] {dagbag.py:545} INFO - Filling up the DagBag from /home/airflow/.local/lib/python3.12/site-packages/airflow/example_dags/example_bash_operator.py
[2024-05-09T16:32:09.175+0000] {processor.py:840} INFO - DAG(s) 'example_bash_operator' retrieved from /home/airflow/.local/lib/python3.12/site-packages/airflow/example_dags/example_bash_operator.py
[2024-05-09T16:32:09.187+0000] {logging_mixin.py:188} INFO - [2024-05-09T16:32:09.187+0000] {dag.py:3096} INFO - Sync 1 DAGs
[2024-05-09T16:32:09.196+0000] {logging_mixin.py:188} INFO - [2024-05-09T16:32:09.196+0000] {dag.py:3954} INFO - Setting next_dagrun for example_bash_operator to 2024-05-08 00:00:00+00:00, run_after=2024-05-09 00:00:00+00:00
[2024-05-09T16:32:09.203+0000] {processor.py:183} INFO - Processing /home/airflow/.local/lib/python3.12/site-packages/airflow/example_dags/example_bash_operator.py took 0.037 seconds
[2024-05-09T16:32:39.716+0000] {processor.py:161} INFO - Started process (PID=1605) to work on /home/airflow/.local/lib/python3.12/site-packages/airflow/example_dags/example_bash_operator.py
[2024-05-09T16:32:39.717+0000] {processor.py:830} INFO - Processing file /home/airflow/.local/lib/python3.12/site-packages/airflow/example_dags/example_bash_operator.py for tasks to queue
[2024-05-09T16:32:39.718+0000] {logging_mixin.py:188} INFO - [2024-05-09T16:32:39.717+0000] {dagbag.py:545} INFO - Filling up the DagBag from /home/airflow/.local/lib/python3.12/site-packages/airflow/example_dags/example_bash_operator.py
[2024-05-09T16:32:39.723+0000] {processor.py:840} INFO - DAG(s) 'example_bash_operator' retrieved from /home/airflow/.local/lib/python3.12/site-packages/airflow/example_dags/example_bash_operator.py
[2024-05-09T16:32:39.734+0000] {logging_mixin.py:188} INFO - [2024-05-09T16:32:39.734+0000] {dag.py:3096} INFO - Sync 1 DAGs
[2024-05-09T16:32:39.743+0000] {logging_mixin.py:188} INFO - [2024-05-09T16:32:39.743+0000] {dag.py:3954} INFO - Setting next_dagrun for example_bash_operator to 2024-05-08 00:00:00+00:00, run_after=2024-05-09 00:00:00+00:00
[2024-05-09T16:32:39.750+0000] {processor.py:183} INFO - Processing /home/airflow/.local/lib/python3.12/site-packages/airflow/example_dags/example_bash_operator.py took 0.037 seconds
[2024-05-09T16:33:10.331+0000] {processor.py:161} INFO - Started process (PID=1663) to work on /home/airflow/.local/lib/python3.12/site-packages/airflow/example_dags/example_bash_operator.py
[2024-05-09T16:33:10.332+0000] {processor.py:830} INFO - Processing file /home/airflow/.local/lib/python3.12/site-packages/airflow/example_dags/example_bash_operator.py for tasks to queue
[2024-05-09T16:33:10.333+0000] {logging_mixin.py:188} INFO - [2024-05-09T16:33:10.333+0000] {dagbag.py:545} INFO - Filling up the DagBag from /home/airflow/.local/lib/python3.12/site-packages/airflow/example_dags/example_bash_operator.py
[2024-05-09T16:33:10.338+0000] {processor.py:840} INFO - DAG(s) 'example_bash_operator' retrieved from /home/airflow/.local/lib/python3.12/site-packages/airflow/example_dags/example_bash_operator.py
[2024-05-09T16:33:10.350+0000] {logging_mixin.py:188} INFO - [2024-05-09T16:33:10.350+0000] {dag.py:3096} INFO - Sync 1 DAGs
[2024-05-09T16:33:10.359+0000] {logging_mixin.py:188} INFO - [2024-05-09T16:33:10.359+0000] {dag.py:3954} INFO - Setting next_dagrun for example_bash_operator to 2024-05-08 00:00:00+00:00, run_after=2024-05-09 00:00:00+00:00
[2024-05-09T16:33:10.366+0000] {processor.py:183} INFO - Processing /home/airflow/.local/lib/python3.12/site-packages/airflow/example_dags/example_bash_operator.py took 0.038 seconds
[2024-05-09T16:33:40.887+0000] {processor.py:161} INFO - Started process (PID=1721) to work on /home/airflow/.local/lib/python3.12/site-packages/airflow/example_dags/example_bash_operator.py
[2024-05-09T16:33:40.888+0000] {processor.py:830} INFO - Processing file /home/airflow/.local/lib/python3.12/site-packages/airflow/example_dags/example_bash_operator.py for tasks to queue
[2024-05-09T16:33:40.888+0000] {logging_mixin.py:188} INFO - [2024-05-09T16:33:40.888+0000] {dagbag.py:545} INFO - Filling up the DagBag from /home/airflow/.local/lib/python3.12/site-packages/airflow/example_dags/example_bash_operator.py
[2024-05-09T16:33:40.894+0000] {processor.py:840} INFO - DAG(s) 'example_bash_operator' retrieved from /home/airflow/.local/lib/python3.12/site-packages/airflow/example_dags/example_bash_operator.py
[2024-05-09T16:33:40.905+0000] {logging_mixin.py:188} INFO - [2024-05-09T16:33:40.905+0000] {dag.py:3096} INFO - Sync 1 DAGs
[2024-05-09T16:33:40.914+0000] {logging_mixin.py:188} INFO - [2024-05-09T16:33:40.914+0000] {dag.py:3954} INFO - Setting next_dagrun for example_bash_operator to 2024-05-08 00:00:00+00:00, run_after=2024-05-09 00:00:00+00:00
[2024-05-09T16:33:40.922+0000] {processor.py:183} INFO - Processing /home/airflow/.local/lib/python3.12/site-packages/airflow/example_dags/example_bash_operator.py took 0.038 seconds
[2024-05-09T16:34:11.459+0000] {processor.py:161} INFO - Started process (PID=1779) to work on /home/airflow/.local/lib/python3.12/site-packages/airflow/example_dags/example_bash_operator.py
[2024-05-09T16:34:11.459+0000] {processor.py:830} INFO - Processing file /home/airflow/.local/lib/python3.12/site-packages/airflow/example_dags/example_bash_operator.py for tasks to queue
[2024-05-09T16:34:11.460+0000] {logging_mixin.py:188} INFO - [2024-05-09T16:34:11.460+0000] {dagbag.py:545} INFO - Filling up the DagBag from /home/airflow/.local/lib/python3.12/site-packages/airflow/example_dags/example_bash_operator.py
[2024-05-09T16:34:11.466+0000] {processor.py:840} INFO - DAG(s) 'example_bash_operator' retrieved from /home/airflow/.local/lib/python3.12/site-packages/airflow/example_dags/example_bash_operator.py
[2024-05-09T16:34:11.477+0000] {logging_mixin.py:188} INFO - [2024-05-09T16:34:11.477+0000] {dag.py:3096} INFO - Sync 1 DAGs
[2024-05-09T16:34:11.488+0000] {logging_mixin.py:188} INFO - [2024-05-09T16:34:11.488+0000] {dag.py:3954} INFO - Setting next_dagrun for example_bash_operator to 2024-05-08 00:00:00+00:00, run_after=2024-05-09 00:00:00+00:00
[2024-05-09T16:34:11.495+0000] {processor.py:183} INFO - Processing /home/airflow/.local/lib/python3.12/site-packages/airflow/example_dags/example_bash_operator.py took 0.039 seconds
[2024-05-09T16:34:42.164+0000] {processor.py:161} INFO - Started process (PID=1837) to work on /home/airflow/.local/lib/python3.12/site-packages/airflow/example_dags/example_bash_operator.py
[2024-05-09T16:34:42.164+0000] {processor.py:830} INFO - Processing file /home/airflow/.local/lib/python3.12/site-packages/airflow/example_dags/example_bash_operator.py for tasks to queue
[2024-05-09T16:34:42.165+0000] {logging_mixin.py:188} INFO - [2024-05-09T16:34:42.165+0000] {dagbag.py:545} INFO - Filling up the DagBag from /home/airflow/.local/lib/python3.12/site-packages/airflow/example_dags/example_bash_operator.py
[2024-05-09T16:34:42.171+0000] {processor.py:840} INFO - DAG(s) 'example_bash_operator' retrieved from /home/airflow/.local/lib/python3.12/site-packages/airflow/example_dags/example_bash_operator.py
[2024-05-09T16:34:42.184+0000] {logging_mixin.py:188} INFO - [2024-05-09T16:34:42.184+0000] {dag.py:3096} INFO - Sync 1 DAGs
[2024-05-09T16:34:42.194+0000] {logging_mixin.py:188} INFO - [2024-05-09T16:34:42.194+0000] {dag.py:3954} INFO - Setting next_dagrun for example_bash_operator to 2024-05-08 00:00:00+00:00, run_after=2024-05-09 00:00:00+00:00
[2024-05-09T16:34:42.202+0000] {processor.py:183} INFO - Processing /home/airflow/.local/lib/python3.12/site-packages/airflow/example_dags/example_bash_operator.py took 0.041 seconds
[2024-05-09T16:35:12.634+0000] {processor.py:161} INFO - Started process (PID=1895) to work on /home/airflow/.local/lib/python3.12/site-packages/airflow/example_dags/example_bash_operator.py
[2024-05-09T16:35:12.635+0000] {processor.py:830} INFO - Processing file /home/airflow/.local/lib/python3.12/site-packages/airflow/example_dags/example_bash_operator.py for tasks to queue
[2024-05-09T16:35:12.636+0000] {logging_mixin.py:188} INFO - [2024-05-09T16:35:12.636+0000] {dagbag.py:545} INFO - Filling up the DagBag from /home/airflow/.local/lib/python3.12/site-packages/airflow/example_dags/example_bash_operator.py
[2024-05-09T16:35:12.642+0000] {processor.py:840} INFO - DAG(s) 'example_bash_operator' retrieved from /home/airflow/.local/lib/python3.12/site-packages/airflow/example_dags/example_bash_operator.py
[2024-05-09T16:35:12.654+0000] {logging_mixin.py:188} INFO - [2024-05-09T16:35:12.654+0000] {dag.py:3096} INFO - Sync 1 DAGs
[2024-05-09T16:35:12.663+0000] {logging_mixin.py:188} INFO - [2024-05-09T16:35:12.663+0000] {dag.py:3954} INFO - Setting next_dagrun for example_bash_operator to 2024-05-08 00:00:00+00:00, run_after=2024-05-09 00:00:00+00:00
[2024-05-09T16:35:12.675+0000] {processor.py:183} INFO - Processing /home/airflow/.local/lib/python3.12/site-packages/airflow/example_dags/example_bash_operator.py took 0.046 seconds
[2024-05-09T16:35:43.191+0000] {processor.py:161} INFO - Started process (PID=1953) to work on /home/airflow/.local/lib/python3.12/site-packages/airflow/example_dags/example_bash_operator.py
[2024-05-09T16:35:43.191+0000] {processor.py:830} INFO - Processing file /home/airflow/.local/lib/python3.12/site-packages/airflow/example_dags/example_bash_operator.py for tasks to queue
[2024-05-09T16:35:43.192+0000] {logging_mixin.py:188} INFO - [2024-05-09T16:35:43.192+0000] {dagbag.py:545} INFO - Filling up the DagBag from /home/airflow/.local/lib/python3.12/site-packages/airflow/example_dags/example_bash_operator.py
[2024-05-09T16:35:43.198+0000] {processor.py:840} INFO - DAG(s) 'example_bash_operator' retrieved from /home/airflow/.local/lib/python3.12/site-packages/airflow/example_dags/example_bash_operator.py
[2024-05-09T16:35:43.211+0000] {logging_mixin.py:188} INFO - [2024-05-09T16:35:43.211+0000] {dag.py:3096} INFO - Sync 1 DAGs
[2024-05-09T16:35:43.223+0000] {logging_mixin.py:188} INFO - [2024-05-09T16:35:43.222+0000] {dag.py:3954} INFO - Setting next_dagrun for example_bash_operator to 2024-05-08 00:00:00+00:00, run_after=2024-05-09 00:00:00+00:00
[2024-05-09T16:35:43.230+0000] {processor.py:183} INFO - Processing /home/airflow/.local/lib/python3.12/site-packages/airflow/example_dags/example_bash_operator.py took 0.042 seconds
[2024-05-09T16:36:13.811+0000] {processor.py:161} INFO - Started process (PID=2011) to work on /home/airflow/.local/lib/python3.12/site-packages/airflow/example_dags/example_bash_operator.py
[2024-05-09T16:36:13.812+0000] {processor.py:830} INFO - Processing file /home/airflow/.local/lib/python3.12/site-packages/airflow/example_dags/example_bash_operator.py for tasks to queue
[2024-05-09T16:36:13.813+0000] {logging_mixin.py:188} INFO - [2024-05-09T16:36:13.813+0000] {dagbag.py:545} INFO - Filling up the DagBag from /home/airflow/.local/lib/python3.12/site-packages/airflow/example_dags/example_bash_operator.py
[2024-05-09T16:36:13.819+0000] {processor.py:840} INFO - DAG(s) 'example_bash_operator' retrieved from /home/airflow/.local/lib/python3.12/site-packages/airflow/example_dags/example_bash_operator.py
[2024-05-09T16:36:13.831+0000] {logging_mixin.py:188} INFO - [2024-05-09T16:36:13.831+0000] {dag.py:3096} INFO - Sync 1 DAGs
[2024-05-09T16:36:13.841+0000] {logging_mixin.py:188} INFO - [2024-05-09T16:36:13.841+0000] {dag.py:3954} INFO - Setting next_dagrun for example_bash_operator to 2024-05-08 00:00:00+00:00, run_after=2024-05-09 00:00:00+00:00
[2024-05-09T16:36:13.849+0000] {processor.py:183} INFO - Processing /home/airflow/.local/lib/python3.12/site-packages/airflow/example_dags/example_bash_operator.py took 0.041 seconds
[2024-05-09T16:36:44.142+0000] {processor.py:161} INFO - Started process (PID=2069) to work on /home/airflow/.local/lib/python3.12/site-packages/airflow/example_dags/example_bash_operator.py
[2024-05-09T16:36:44.142+0000] {processor.py:830} INFO - Processing file /home/airflow/.local/lib/python3.12/site-packages/airflow/example_dags/example_bash_operator.py for tasks to queue
[2024-05-09T16:36:44.143+0000] {logging_mixin.py:188} INFO - [2024-05-09T16:36:44.143+0000] {dagbag.py:545} INFO - Filling up the DagBag from /home/airflow/.local/lib/python3.12/site-packages/airflow/example_dags/example_bash_operator.py
[2024-05-09T16:36:44.148+0000] {processor.py:840} INFO - DAG(s) 'example_bash_operator' retrieved from /home/airflow/.local/lib/python3.12/site-packages/airflow/example_dags/example_bash_operator.py
[2024-05-09T16:36:44.160+0000] {logging_mixin.py:188} INFO - [2024-05-09T16:36:44.160+0000] {dag.py:3096} INFO - Sync 1 DAGs
[2024-05-09T16:36:44.168+0000] {logging_mixin.py:188} INFO - [2024-05-09T16:36:44.168+0000] {dag.py:3954} INFO - Setting next_dagrun for example_bash_operator to 2024-05-08 00:00:00+00:00, run_after=2024-05-09 00:00:00+00:00
[2024-05-09T16:36:44.176+0000] {processor.py:183} INFO - Processing /home/airflow/.local/lib/python3.12/site-packages/airflow/example_dags/example_bash_operator.py took 0.037 seconds
[2024-05-09T16:37:14.424+0000] {processor.py:161} INFO - Started process (PID=2127) to work on /home/airflow/.local/lib/python3.12/site-packages/airflow/example_dags/example_bash_operator.py
[2024-05-09T16:37:14.425+0000] {processor.py:830} INFO - Processing file /home/airflow/.local/lib/python3.12/site-packages/airflow/example_dags/example_bash_operator.py for tasks to queue
[2024-05-09T16:37:14.426+0000] {logging_mixin.py:188} INFO - [2024-05-09T16:37:14.426+0000] {dagbag.py:545} INFO - Filling up the DagBag from /home/airflow/.local/lib/python3.12/site-packages/airflow/example_dags/example_bash_operator.py
[2024-05-09T16:37:14.431+0000] {processor.py:840} INFO - DAG(s) 'example_bash_operator' retrieved from /home/airflow/.local/lib/python3.12/site-packages/airflow/example_dags/example_bash_operator.py
[2024-05-09T16:37:14.443+0000] {logging_mixin.py:188} INFO - [2024-05-09T16:37:14.443+0000] {dag.py:3096} INFO - Sync 1 DAGs
[2024-05-09T16:37:14.452+0000] {logging_mixin.py:188} INFO - [2024-05-09T16:37:14.452+0000] {dag.py:3954} INFO - Setting next_dagrun for example_bash_operator to 2024-05-08 00:00:00+00:00, run_after=2024-05-09 00:00:00+00:00
[2024-05-09T16:37:14.460+0000] {processor.py:183} INFO - Processing /home/airflow/.local/lib/python3.12/site-packages/airflow/example_dags/example_bash_operator.py took 0.040 seconds
[2024-05-09T16:37:44.716+0000] {processor.py:161} INFO - Started process (PID=2185) to work on /home/airflow/.local/lib/python3.12/site-packages/airflow/example_dags/example_bash_operator.py
[2024-05-09T16:37:44.716+0000] {processor.py:830} INFO - Processing file /home/airflow/.local/lib/python3.12/site-packages/airflow/example_dags/example_bash_operator.py for tasks to queue
[2024-05-09T16:37:44.717+0000] {logging_mixin.py:188} INFO - [2024-05-09T16:37:44.717+0000] {dagbag.py:545} INFO - Filling up the DagBag from /home/airflow/.local/lib/python3.12/site-packages/airflow/example_dags/example_bash_operator.py
[2024-05-09T16:37:44.723+0000] {processor.py:840} INFO - DAG(s) 'example_bash_operator' retrieved from /home/airflow/.local/lib/python3.12/site-packages/airflow/example_dags/example_bash_operator.py
[2024-05-09T16:37:44.735+0000] {logging_mixin.py:188} INFO - [2024-05-09T16:37:44.735+0000] {dag.py:3096} INFO - Sync 1 DAGs
[2024-05-09T16:37:44.744+0000] {logging_mixin.py:188} INFO - [2024-05-09T16:37:44.744+0000] {dag.py:3954} INFO - Setting next_dagrun for example_bash_operator to 2024-05-08 00:00:00+00:00, run_after=2024-05-09 00:00:00+00:00
[2024-05-09T16:37:44.751+0000] {processor.py:183} INFO - Processing /home/airflow/.local/lib/python3.12/site-packages/airflow/example_dags/example_bash_operator.py took 0.038 seconds
[2024-05-09T16:38:15.190+0000] {processor.py:161} INFO - Started process (PID=2243) to work on /home/airflow/.local/lib/python3.12/site-packages/airflow/example_dags/example_bash_operator.py
[2024-05-09T16:38:15.190+0000] {processor.py:830} INFO - Processing file /home/airflow/.local/lib/python3.12/site-packages/airflow/example_dags/example_bash_operator.py for tasks to queue
[2024-05-09T16:38:15.191+0000] {logging_mixin.py:188} INFO - [2024-05-09T16:38:15.191+0000] {dagbag.py:545} INFO - Filling up the DagBag from /home/airflow/.local/lib/python3.12/site-packages/airflow/example_dags/example_bash_operator.py
[2024-05-09T16:38:15.197+0000] {processor.py:840} INFO - DAG(s) 'example_bash_operator' retrieved from /home/airflow/.local/lib/python3.12/site-packages/airflow/example_dags/example_bash_operator.py
[2024-05-09T16:38:15.297+0000] {logging_mixin.py:188} INFO - [2024-05-09T16:38:15.296+0000] {dag.py:3096} INFO - Sync 1 DAGs
[2024-05-09T16:38:15.304+0000] {logging_mixin.py:188} INFO - [2024-05-09T16:38:15.304+0000] {dag.py:3954} INFO - Setting next_dagrun for example_bash_operator to 2024-05-08 00:00:00+00:00, run_after=2024-05-09 00:00:00+00:00
[2024-05-09T16:38:15.310+0000] {processor.py:183} INFO - Processing /home/airflow/.local/lib/python3.12/site-packages/airflow/example_dags/example_bash_operator.py took 0.123 seconds
[2024-05-09T16:38:45.564+0000] {processor.py:161} INFO - Started process (PID=2300) to work on /home/airflow/.local/lib/python3.12/site-packages/airflow/example_dags/example_bash_operator.py
[2024-05-09T16:38:45.564+0000] {processor.py:830} INFO - Processing file /home/airflow/.local/lib/python3.12/site-packages/airflow/example_dags/example_bash_operator.py for tasks to queue
[2024-05-09T16:38:45.565+0000] {logging_mixin.py:188} INFO - [2024-05-09T16:38:45.565+0000] {dagbag.py:545} INFO - Filling up the DagBag from /home/airflow/.local/lib/python3.12/site-packages/airflow/example_dags/example_bash_operator.py
[2024-05-09T16:38:45.570+0000] {processor.py:840} INFO - DAG(s) 'example_bash_operator' retrieved from /home/airflow/.local/lib/python3.12/site-packages/airflow/example_dags/example_bash_operator.py
[2024-05-09T16:38:45.581+0000] {logging_mixin.py:188} INFO - [2024-05-09T16:38:45.581+0000] {dag.py:3096} INFO - Sync 1 DAGs
[2024-05-09T16:38:45.672+0000] {logging_mixin.py:188} INFO - [2024-05-09T16:38:45.672+0000] {dag.py:3954} INFO - Setting next_dagrun for example_bash_operator to 2024-05-08 00:00:00+00:00, run_after=2024-05-09 00:00:00+00:00
[2024-05-09T16:38:45.679+0000] {processor.py:183} INFO - Processing /home/airflow/.local/lib/python3.12/site-packages/airflow/example_dags/example_bash_operator.py took 0.118 seconds
[2024-05-09T16:39:15.853+0000] {processor.py:161} INFO - Started process (PID=2357) to work on /home/airflow/.local/lib/python3.12/site-packages/airflow/example_dags/example_bash_operator.py
[2024-05-09T16:39:15.854+0000] {processor.py:830} INFO - Processing file /home/airflow/.local/lib/python3.12/site-packages/airflow/example_dags/example_bash_operator.py for tasks to queue
[2024-05-09T16:39:15.855+0000] {logging_mixin.py:188} INFO - [2024-05-09T16:39:15.855+0000] {dagbag.py:545} INFO - Filling up the DagBag from /home/airflow/.local/lib/python3.12/site-packages/airflow/example_dags/example_bash_operator.py
[2024-05-09T16:39:15.860+0000] {processor.py:840} INFO - DAG(s) 'example_bash_operator' retrieved from /home/airflow/.local/lib/python3.12/site-packages/airflow/example_dags/example_bash_operator.py
[2024-05-09T16:39:15.871+0000] {logging_mixin.py:188} INFO - [2024-05-09T16:39:15.871+0000] {dag.py:3096} INFO - Sync 1 DAGs
[2024-05-09T16:39:15.879+0000] {logging_mixin.py:188} INFO - [2024-05-09T16:39:15.879+0000] {dag.py:3954} INFO - Setting next_dagrun for example_bash_operator to 2024-05-08 00:00:00+00:00, run_after=2024-05-09 00:00:00+00:00
[2024-05-09T16:39:15.886+0000] {processor.py:183} INFO - Processing /home/airflow/.local/lib/python3.12/site-packages/airflow/example_dags/example_bash_operator.py took 0.035 seconds
[2024-05-09T16:39:46.524+0000] {processor.py:161} INFO - Started process (PID=2415) to work on /home/airflow/.local/lib/python3.12/site-packages/airflow/example_dags/example_bash_operator.py
[2024-05-09T16:39:46.524+0000] {processor.py:830} INFO - Processing file /home/airflow/.local/lib/python3.12/site-packages/airflow/example_dags/example_bash_operator.py for tasks to queue
[2024-05-09T16:39:46.525+0000] {logging_mixin.py:188} INFO - [2024-05-09T16:39:46.525+0000] {dagbag.py:545} INFO - Filling up the DagBag from /home/airflow/.local/lib/python3.12/site-packages/airflow/example_dags/example_bash_operator.py
[2024-05-09T16:39:46.531+0000] {processor.py:840} INFO - DAG(s) 'example_bash_operator' retrieved from /home/airflow/.local/lib/python3.12/site-packages/airflow/example_dags/example_bash_operator.py
[2024-05-09T16:39:46.543+0000] {logging_mixin.py:188} INFO - [2024-05-09T16:39:46.543+0000] {dag.py:3096} INFO - Sync 1 DAGs
[2024-05-09T16:39:46.553+0000] {logging_mixin.py:188} INFO - [2024-05-09T16:39:46.553+0000] {dag.py:3954} INFO - Setting next_dagrun for example_bash_operator to 2024-05-08 00:00:00+00:00, run_after=2024-05-09 00:00:00+00:00
[2024-05-09T16:39:46.561+0000] {processor.py:183} INFO - Processing /home/airflow/.local/lib/python3.12/site-packages/airflow/example_dags/example_bash_operator.py took 0.041 seconds
[2024-05-09T16:40:17.278+0000] {processor.py:161} INFO - Started process (PID=2473) to work on /home/airflow/.local/lib/python3.12/site-packages/airflow/example_dags/example_bash_operator.py
[2024-05-09T16:40:17.279+0000] {processor.py:830} INFO - Processing file /home/airflow/.local/lib/python3.12/site-packages/airflow/example_dags/example_bash_operator.py for tasks to queue
[2024-05-09T16:40:17.279+0000] {logging_mixin.py:188} INFO - [2024-05-09T16:40:17.279+0000] {dagbag.py:545} INFO - Filling up the DagBag from /home/airflow/.local/lib/python3.12/site-packages/airflow/example_dags/example_bash_operator.py
[2024-05-09T16:40:17.285+0000] {processor.py:840} INFO - DAG(s) 'example_bash_operator' retrieved from /home/airflow/.local/lib/python3.12/site-packages/airflow/example_dags/example_bash_operator.py
[2024-05-09T16:40:17.296+0000] {logging_mixin.py:188} INFO - [2024-05-09T16:40:17.296+0000] {dag.py:3096} INFO - Sync 1 DAGs
[2024-05-09T16:40:17.306+0000] {logging_mixin.py:188} INFO - [2024-05-09T16:40:17.306+0000] {dag.py:3954} INFO - Setting next_dagrun for example_bash_operator to 2024-05-08 00:00:00+00:00, run_after=2024-05-09 00:00:00+00:00
[2024-05-09T16:40:17.313+0000] {processor.py:183} INFO - Processing /home/airflow/.local/lib/python3.12/site-packages/airflow/example_dags/example_bash_operator.py took 0.038 seconds
[2024-05-09T16:40:47.887+0000] {processor.py:161} INFO - Started process (PID=2531) to work on /home/airflow/.local/lib/python3.12/site-packages/airflow/example_dags/example_bash_operator.py
[2024-05-09T16:40:47.887+0000] {processor.py:830} INFO - Processing file /home/airflow/.local/lib/python3.12/site-packages/airflow/example_dags/example_bash_operator.py for tasks to queue
[2024-05-09T16:40:47.888+0000] {logging_mixin.py:188} INFO - [2024-05-09T16:40:47.888+0000] {dagbag.py:545} INFO - Filling up the DagBag from /home/airflow/.local/lib/python3.12/site-packages/airflow/example_dags/example_bash_operator.py
[2024-05-09T16:40:47.894+0000] {processor.py:840} INFO - DAG(s) 'example_bash_operator' retrieved from /home/airflow/.local/lib/python3.12/site-packages/airflow/example_dags/example_bash_operator.py
[2024-05-09T16:40:47.906+0000] {logging_mixin.py:188} INFO - [2024-05-09T16:40:47.906+0000] {dag.py:3096} INFO - Sync 1 DAGs
[2024-05-09T16:40:47.915+0000] {logging_mixin.py:188} INFO - [2024-05-09T16:40:47.915+0000] {dag.py:3954} INFO - Setting next_dagrun for example_bash_operator to 2024-05-08 00:00:00+00:00, run_after=2024-05-09 00:00:00+00:00
[2024-05-09T16:40:47.921+0000] {processor.py:183} INFO - Processing /home/airflow/.local/lib/python3.12/site-packages/airflow/example_dags/example_bash_operator.py took 0.038 seconds
[2024-05-09T16:41:18.547+0000] {processor.py:161} INFO - Started process (PID=2595) to work on /home/airflow/.local/lib/python3.12/site-packages/airflow/example_dags/example_bash_operator.py
[2024-05-09T16:41:18.547+0000] {processor.py:830} INFO - Processing file /home/airflow/.local/lib/python3.12/site-packages/airflow/example_dags/example_bash_operator.py for tasks to queue
[2024-05-09T16:41:18.548+0000] {logging_mixin.py:188} INFO - [2024-05-09T16:41:18.548+0000] {dagbag.py:545} INFO - Filling up the DagBag from /home/airflow/.local/lib/python3.12/site-packages/airflow/example_dags/example_bash_operator.py
[2024-05-09T16:41:18.554+0000] {processor.py:840} INFO - DAG(s) 'example_bash_operator' retrieved from /home/airflow/.local/lib/python3.12/site-packages/airflow/example_dags/example_bash_operator.py
[2024-05-09T16:41:18.566+0000] {logging_mixin.py:188} INFO - [2024-05-09T16:41:18.566+0000] {dag.py:3096} INFO - Sync 1 DAGs
[2024-05-09T16:41:18.576+0000] {logging_mixin.py:188} INFO - [2024-05-09T16:41:18.576+0000] {dag.py:3954} INFO - Setting next_dagrun for example_bash_operator to 2024-05-08 00:00:00+00:00, run_after=2024-05-09 00:00:00+00:00
[2024-05-09T16:41:18.583+0000] {processor.py:183} INFO - Processing /home/airflow/.local/lib/python3.12/site-packages/airflow/example_dags/example_bash_operator.py took 0.040 seconds
[2024-05-09T16:41:49.259+0000] {processor.py:161} INFO - Started process (PID=2653) to work on /home/airflow/.local/lib/python3.12/site-packages/airflow/example_dags/example_bash_operator.py
[2024-05-09T16:41:49.260+0000] {processor.py:830} INFO - Processing file /home/airflow/.local/lib/python3.12/site-packages/airflow/example_dags/example_bash_operator.py for tasks to queue
[2024-05-09T16:41:49.261+0000] {logging_mixin.py:188} INFO - [2024-05-09T16:41:49.261+0000] {dagbag.py:545} INFO - Filling up the DagBag from /home/airflow/.local/lib/python3.12/site-packages/airflow/example_dags/example_bash_operator.py
[2024-05-09T16:41:49.266+0000] {processor.py:840} INFO - DAG(s) 'example_bash_operator' retrieved from /home/airflow/.local/lib/python3.12/site-packages/airflow/example_dags/example_bash_operator.py
[2024-05-09T16:41:49.278+0000] {logging_mixin.py:188} INFO - [2024-05-09T16:41:49.278+0000] {dag.py:3096} INFO - Sync 1 DAGs
[2024-05-09T16:41:49.288+0000] {logging_mixin.py:188} INFO - [2024-05-09T16:41:49.288+0000] {dag.py:3954} INFO - Setting next_dagrun for example_bash_operator to 2024-05-08 00:00:00+00:00, run_after=2024-05-09 00:00:00+00:00
[2024-05-09T16:41:49.296+0000] {processor.py:183} INFO - Processing /home/airflow/.local/lib/python3.12/site-packages/airflow/example_dags/example_bash_operator.py took 0.040 seconds
[2024-05-09T16:42:20.080+0000] {processor.py:161} INFO - Started process (PID=2711) to work on /home/airflow/.local/lib/python3.12/site-packages/airflow/example_dags/example_bash_operator.py
[2024-05-09T16:42:20.080+0000] {processor.py:830} INFO - Processing file /home/airflow/.local/lib/python3.12/site-packages/airflow/example_dags/example_bash_operator.py for tasks to queue
[2024-05-09T16:42:20.081+0000] {logging_mixin.py:188} INFO - [2024-05-09T16:42:20.081+0000] {dagbag.py:545} INFO - Filling up the DagBag from /home/airflow/.local/lib/python3.12/site-packages/airflow/example_dags/example_bash_operator.py
[2024-05-09T16:42:20.087+0000] {processor.py:840} INFO - DAG(s) 'example_bash_operator' retrieved from /home/airflow/.local/lib/python3.12/site-packages/airflow/example_dags/example_bash_operator.py
[2024-05-09T16:42:20.100+0000] {logging_mixin.py:188} INFO - [2024-05-09T16:42:20.100+0000] {dag.py:3096} INFO - Sync 1 DAGs
[2024-05-09T16:42:20.110+0000] {logging_mixin.py:188} INFO - [2024-05-09T16:42:20.109+0000] {dag.py:3954} INFO - Setting next_dagrun for example_bash_operator to 2024-05-08 00:00:00+00:00, run_after=2024-05-09 00:00:00+00:00
[2024-05-09T16:42:20.117+0000] {processor.py:183} INFO - Processing /home/airflow/.local/lib/python3.12/site-packages/airflow/example_dags/example_bash_operator.py took 0.041 seconds
[2024-05-09T16:42:50.753+0000] {processor.py:161} INFO - Started process (PID=2769) to work on /home/airflow/.local/lib/python3.12/site-packages/airflow/example_dags/example_bash_operator.py
[2024-05-09T16:42:50.753+0000] {processor.py:830} INFO - Processing file /home/airflow/.local/lib/python3.12/site-packages/airflow/example_dags/example_bash_operator.py for tasks to queue
[2024-05-09T16:42:50.754+0000] {logging_mixin.py:188} INFO - [2024-05-09T16:42:50.754+0000] {dagbag.py:545} INFO - Filling up the DagBag from /home/airflow/.local/lib/python3.12/site-packages/airflow/example_dags/example_bash_operator.py
[2024-05-09T16:42:50.760+0000] {processor.py:840} INFO - DAG(s) 'example_bash_operator' retrieved from /home/airflow/.local/lib/python3.12/site-packages/airflow/example_dags/example_bash_operator.py
[2024-05-09T16:42:50.772+0000] {logging_mixin.py:188} INFO - [2024-05-09T16:42:50.772+0000] {dag.py:3096} INFO - Sync 1 DAGs
[2024-05-09T16:42:50.781+0000] {logging_mixin.py:188} INFO - [2024-05-09T16:42:50.781+0000] {dag.py:3954} INFO - Setting next_dagrun for example_bash_operator to 2024-05-08 00:00:00+00:00, run_after=2024-05-09 00:00:00+00:00
[2024-05-09T16:42:50.789+0000] {processor.py:183} INFO - Processing /home/airflow/.local/lib/python3.12/site-packages/airflow/example_dags/example_bash_operator.py took 0.039 seconds
