[2024-05-09T16:18:57.583+0000] {processor.py:161} INFO - Started process (PID=71) to work on /home/airflow/.local/lib/python3.12/site-packages/airflow/example_dags/example_skip_dag.py
[2024-05-09T16:18:57.584+0000] {processor.py:830} INFO - Processing file /home/airflow/.local/lib/python3.12/site-packages/airflow/example_dags/example_skip_dag.py for tasks to queue
[2024-05-09T16:18:57.585+0000] {logging_mixin.py:188} INFO - [2024-05-09T16:18:57.585+0000] {dagbag.py:545} INFO - Filling up the DagBag from /home/airflow/.local/lib/python3.12/site-packages/airflow/example_dags/example_skip_dag.py
[2024-05-09T16:18:57.590+0000] {processor.py:840} INFO - DAG(s) 'example_skip_dag' retrieved from /home/airflow/.local/lib/python3.12/site-packages/airflow/example_dags/example_skip_dag.py
[2024-05-09T16:18:57.638+0000] {logging_mixin.py:188} INFO - [2024-05-09T16:18:57.638+0000] {override.py:1829} INFO - Created Permission View: can edit on DAG:example_skip_dag
[2024-05-09T16:18:57.643+0000] {logging_mixin.py:188} INFO - [2024-05-09T16:18:57.642+0000] {override.py:1829} INFO - Created Permission View: can delete on DAG:example_skip_dag
[2024-05-09T16:18:57.644+0000] {logging_mixin.py:188} INFO - [2024-05-09T16:18:57.644+0000] {override.py:1829} INFO - Created Permission View: can read on DAG:example_skip_dag
[2024-05-09T16:18:57.645+0000] {logging_mixin.py:188} INFO - [2024-05-09T16:18:57.645+0000] {dag.py:3096} INFO - Sync 1 DAGs
[2024-05-09T16:18:57.649+0000] {logging_mixin.py:188} INFO - [2024-05-09T16:18:57.649+0000] {dag.py:3118} INFO - Creating ORM DAG for example_skip_dag
[2024-05-09T16:18:57.654+0000] {logging_mixin.py:188} INFO - [2024-05-09T16:18:57.654+0000] {dag.py:3954} INFO - Setting next_dagrun for example_skip_dag to 2024-05-08 00:00:00+00:00, run_after=2024-05-09 00:00:00+00:00
[2024-05-09T16:18:57.660+0000] {processor.py:183} INFO - Processing /home/airflow/.local/lib/python3.12/site-packages/airflow/example_dags/example_skip_dag.py took 0.081 seconds
[2024-05-09T16:19:28.291+0000] {processor.py:161} INFO - Started process (PID=128) to work on /home/airflow/.local/lib/python3.12/site-packages/airflow/example_dags/example_skip_dag.py
[2024-05-09T16:19:28.292+0000] {processor.py:830} INFO - Processing file /home/airflow/.local/lib/python3.12/site-packages/airflow/example_dags/example_skip_dag.py for tasks to queue
[2024-05-09T16:19:28.293+0000] {logging_mixin.py:188} INFO - [2024-05-09T16:19:28.292+0000] {dagbag.py:545} INFO - Filling up the DagBag from /home/airflow/.local/lib/python3.12/site-packages/airflow/example_dags/example_skip_dag.py
[2024-05-09T16:19:28.296+0000] {processor.py:840} INFO - DAG(s) 'example_skip_dag' retrieved from /home/airflow/.local/lib/python3.12/site-packages/airflow/example_dags/example_skip_dag.py
[2024-05-09T16:19:28.305+0000] {logging_mixin.py:188} INFO - [2024-05-09T16:19:28.305+0000] {dag.py:3096} INFO - Sync 1 DAGs
[2024-05-09T16:19:28.314+0000] {logging_mixin.py:188} INFO - [2024-05-09T16:19:28.314+0000] {dag.py:3954} INFO - Setting next_dagrun for example_skip_dag to 2024-05-08 00:00:00+00:00, run_after=2024-05-09 00:00:00+00:00
[2024-05-09T16:19:28.320+0000] {processor.py:183} INFO - Processing /home/airflow/.local/lib/python3.12/site-packages/airflow/example_dags/example_skip_dag.py took 0.032 seconds
[2024-05-09T16:19:58.785+0000] {processor.py:161} INFO - Started process (PID=186) to work on /home/airflow/.local/lib/python3.12/site-packages/airflow/example_dags/example_skip_dag.py
[2024-05-09T16:19:58.786+0000] {processor.py:830} INFO - Processing file /home/airflow/.local/lib/python3.12/site-packages/airflow/example_dags/example_skip_dag.py for tasks to queue
[2024-05-09T16:19:58.787+0000] {logging_mixin.py:188} INFO - [2024-05-09T16:19:58.786+0000] {dagbag.py:545} INFO - Filling up the DagBag from /home/airflow/.local/lib/python3.12/site-packages/airflow/example_dags/example_skip_dag.py
[2024-05-09T16:19:58.790+0000] {processor.py:840} INFO - DAG(s) 'example_skip_dag' retrieved from /home/airflow/.local/lib/python3.12/site-packages/airflow/example_dags/example_skip_dag.py
[2024-05-09T16:19:58.799+0000] {logging_mixin.py:188} INFO - [2024-05-09T16:19:58.799+0000] {dag.py:3096} INFO - Sync 1 DAGs
[2024-05-09T16:19:58.808+0000] {logging_mixin.py:188} INFO - [2024-05-09T16:19:58.808+0000] {dag.py:3954} INFO - Setting next_dagrun for example_skip_dag to 2024-05-08 00:00:00+00:00, run_after=2024-05-09 00:00:00+00:00
[2024-05-09T16:19:58.815+0000] {processor.py:183} INFO - Processing /home/airflow/.local/lib/python3.12/site-packages/airflow/example_dags/example_skip_dag.py took 0.033 seconds
[2024-05-09T16:20:29.266+0000] {processor.py:161} INFO - Started process (PID=244) to work on /home/airflow/.local/lib/python3.12/site-packages/airflow/example_dags/example_skip_dag.py
[2024-05-09T16:20:29.266+0000] {processor.py:830} INFO - Processing file /home/airflow/.local/lib/python3.12/site-packages/airflow/example_dags/example_skip_dag.py for tasks to queue
[2024-05-09T16:20:29.267+0000] {logging_mixin.py:188} INFO - [2024-05-09T16:20:29.267+0000] {dagbag.py:545} INFO - Filling up the DagBag from /home/airflow/.local/lib/python3.12/site-packages/airflow/example_dags/example_skip_dag.py
[2024-05-09T16:20:29.270+0000] {processor.py:840} INFO - DAG(s) 'example_skip_dag' retrieved from /home/airflow/.local/lib/python3.12/site-packages/airflow/example_dags/example_skip_dag.py
[2024-05-09T16:20:29.279+0000] {logging_mixin.py:188} INFO - [2024-05-09T16:20:29.279+0000] {dag.py:3096} INFO - Sync 1 DAGs
[2024-05-09T16:20:29.288+0000] {logging_mixin.py:188} INFO - [2024-05-09T16:20:29.288+0000] {dag.py:3954} INFO - Setting next_dagrun for example_skip_dag to 2024-05-08 00:00:00+00:00, run_after=2024-05-09 00:00:00+00:00
[2024-05-09T16:20:29.295+0000] {processor.py:183} INFO - Processing /home/airflow/.local/lib/python3.12/site-packages/airflow/example_dags/example_skip_dag.py took 0.032 seconds
[2024-05-09T16:20:59.729+0000] {processor.py:161} INFO - Started process (PID=302) to work on /home/airflow/.local/lib/python3.12/site-packages/airflow/example_dags/example_skip_dag.py
[2024-05-09T16:20:59.729+0000] {processor.py:830} INFO - Processing file /home/airflow/.local/lib/python3.12/site-packages/airflow/example_dags/example_skip_dag.py for tasks to queue
[2024-05-09T16:20:59.730+0000] {logging_mixin.py:188} INFO - [2024-05-09T16:20:59.730+0000] {dagbag.py:545} INFO - Filling up the DagBag from /home/airflow/.local/lib/python3.12/site-packages/airflow/example_dags/example_skip_dag.py
[2024-05-09T16:20:59.733+0000] {processor.py:840} INFO - DAG(s) 'example_skip_dag' retrieved from /home/airflow/.local/lib/python3.12/site-packages/airflow/example_dags/example_skip_dag.py
[2024-05-09T16:20:59.742+0000] {logging_mixin.py:188} INFO - [2024-05-09T16:20:59.742+0000] {dag.py:3096} INFO - Sync 1 DAGs
[2024-05-09T16:20:59.751+0000] {logging_mixin.py:188} INFO - [2024-05-09T16:20:59.751+0000] {dag.py:3954} INFO - Setting next_dagrun for example_skip_dag to 2024-05-08 00:00:00+00:00, run_after=2024-05-09 00:00:00+00:00
[2024-05-09T16:20:59.758+0000] {processor.py:183} INFO - Processing /home/airflow/.local/lib/python3.12/site-packages/airflow/example_dags/example_skip_dag.py took 0.033 seconds
[2024-05-09T16:21:30.174+0000] {processor.py:161} INFO - Started process (PID=360) to work on /home/airflow/.local/lib/python3.12/site-packages/airflow/example_dags/example_skip_dag.py
[2024-05-09T16:21:30.174+0000] {processor.py:830} INFO - Processing file /home/airflow/.local/lib/python3.12/site-packages/airflow/example_dags/example_skip_dag.py for tasks to queue
[2024-05-09T16:21:30.175+0000] {logging_mixin.py:188} INFO - [2024-05-09T16:21:30.175+0000] {dagbag.py:545} INFO - Filling up the DagBag from /home/airflow/.local/lib/python3.12/site-packages/airflow/example_dags/example_skip_dag.py
[2024-05-09T16:21:30.179+0000] {processor.py:840} INFO - DAG(s) 'example_skip_dag' retrieved from /home/airflow/.local/lib/python3.12/site-packages/airflow/example_dags/example_skip_dag.py
[2024-05-09T16:21:30.189+0000] {logging_mixin.py:188} INFO - [2024-05-09T16:21:30.188+0000] {dag.py:3096} INFO - Sync 1 DAGs
[2024-05-09T16:21:30.199+0000] {logging_mixin.py:188} INFO - [2024-05-09T16:21:30.199+0000] {dag.py:3954} INFO - Setting next_dagrun for example_skip_dag to 2024-05-08 00:00:00+00:00, run_after=2024-05-09 00:00:00+00:00
[2024-05-09T16:21:30.207+0000] {processor.py:183} INFO - Processing /home/airflow/.local/lib/python3.12/site-packages/airflow/example_dags/example_skip_dag.py took 0.036 seconds
[2024-05-09T16:22:00.750+0000] {processor.py:161} INFO - Started process (PID=418) to work on /home/airflow/.local/lib/python3.12/site-packages/airflow/example_dags/example_skip_dag.py
[2024-05-09T16:22:00.750+0000] {processor.py:830} INFO - Processing file /home/airflow/.local/lib/python3.12/site-packages/airflow/example_dags/example_skip_dag.py for tasks to queue
[2024-05-09T16:22:00.751+0000] {logging_mixin.py:188} INFO - [2024-05-09T16:22:00.751+0000] {dagbag.py:545} INFO - Filling up the DagBag from /home/airflow/.local/lib/python3.12/site-packages/airflow/example_dags/example_skip_dag.py
[2024-05-09T16:22:00.754+0000] {processor.py:840} INFO - DAG(s) 'example_skip_dag' retrieved from /home/airflow/.local/lib/python3.12/site-packages/airflow/example_dags/example_skip_dag.py
[2024-05-09T16:22:00.763+0000] {logging_mixin.py:188} INFO - [2024-05-09T16:22:00.763+0000] {dag.py:3096} INFO - Sync 1 DAGs
[2024-05-09T16:22:00.771+0000] {logging_mixin.py:188} INFO - [2024-05-09T16:22:00.771+0000] {dag.py:3954} INFO - Setting next_dagrun for example_skip_dag to 2024-05-08 00:00:00+00:00, run_after=2024-05-09 00:00:00+00:00
[2024-05-09T16:22:00.777+0000] {processor.py:183} INFO - Processing /home/airflow/.local/lib/python3.12/site-packages/airflow/example_dags/example_skip_dag.py took 0.030 seconds
[2024-05-09T16:22:31.215+0000] {processor.py:161} INFO - Started process (PID=476) to work on /home/airflow/.local/lib/python3.12/site-packages/airflow/example_dags/example_skip_dag.py
[2024-05-09T16:22:31.216+0000] {processor.py:830} INFO - Processing file /home/airflow/.local/lib/python3.12/site-packages/airflow/example_dags/example_skip_dag.py for tasks to queue
[2024-05-09T16:22:31.216+0000] {logging_mixin.py:188} INFO - [2024-05-09T16:22:31.216+0000] {dagbag.py:545} INFO - Filling up the DagBag from /home/airflow/.local/lib/python3.12/site-packages/airflow/example_dags/example_skip_dag.py
[2024-05-09T16:22:31.220+0000] {processor.py:840} INFO - DAG(s) 'example_skip_dag' retrieved from /home/airflow/.local/lib/python3.12/site-packages/airflow/example_dags/example_skip_dag.py
[2024-05-09T16:22:31.229+0000] {logging_mixin.py:188} INFO - [2024-05-09T16:22:31.229+0000] {dag.py:3096} INFO - Sync 1 DAGs
[2024-05-09T16:22:31.238+0000] {logging_mixin.py:188} INFO - [2024-05-09T16:22:31.238+0000] {dag.py:3954} INFO - Setting next_dagrun for example_skip_dag to 2024-05-08 00:00:00+00:00, run_after=2024-05-09 00:00:00+00:00
[2024-05-09T16:22:31.246+0000] {processor.py:183} INFO - Processing /home/airflow/.local/lib/python3.12/site-packages/airflow/example_dags/example_skip_dag.py took 0.034 seconds
[2024-05-09T16:23:01.755+0000] {processor.py:161} INFO - Started process (PID=534) to work on /home/airflow/.local/lib/python3.12/site-packages/airflow/example_dags/example_skip_dag.py
[2024-05-09T16:23:01.755+0000] {processor.py:830} INFO - Processing file /home/airflow/.local/lib/python3.12/site-packages/airflow/example_dags/example_skip_dag.py for tasks to queue
[2024-05-09T16:23:01.756+0000] {logging_mixin.py:188} INFO - [2024-05-09T16:23:01.756+0000] {dagbag.py:545} INFO - Filling up the DagBag from /home/airflow/.local/lib/python3.12/site-packages/airflow/example_dags/example_skip_dag.py
[2024-05-09T16:23:01.759+0000] {processor.py:840} INFO - DAG(s) 'example_skip_dag' retrieved from /home/airflow/.local/lib/python3.12/site-packages/airflow/example_dags/example_skip_dag.py
[2024-05-09T16:23:01.769+0000] {logging_mixin.py:188} INFO - [2024-05-09T16:23:01.769+0000] {dag.py:3096} INFO - Sync 1 DAGs
[2024-05-09T16:23:01.778+0000] {logging_mixin.py:188} INFO - [2024-05-09T16:23:01.778+0000] {dag.py:3954} INFO - Setting next_dagrun for example_skip_dag to 2024-05-08 00:00:00+00:00, run_after=2024-05-09 00:00:00+00:00
[2024-05-09T16:23:01.785+0000] {processor.py:183} INFO - Processing /home/airflow/.local/lib/python3.12/site-packages/airflow/example_dags/example_skip_dag.py took 0.033 seconds
[2024-05-09T16:23:32.208+0000] {processor.py:161} INFO - Started process (PID=592) to work on /home/airflow/.local/lib/python3.12/site-packages/airflow/example_dags/example_skip_dag.py
[2024-05-09T16:23:32.208+0000] {processor.py:830} INFO - Processing file /home/airflow/.local/lib/python3.12/site-packages/airflow/example_dags/example_skip_dag.py for tasks to queue
[2024-05-09T16:23:32.209+0000] {logging_mixin.py:188} INFO - [2024-05-09T16:23:32.209+0000] {dagbag.py:545} INFO - Filling up the DagBag from /home/airflow/.local/lib/python3.12/site-packages/airflow/example_dags/example_skip_dag.py
[2024-05-09T16:23:32.213+0000] {processor.py:840} INFO - DAG(s) 'example_skip_dag' retrieved from /home/airflow/.local/lib/python3.12/site-packages/airflow/example_dags/example_skip_dag.py
[2024-05-09T16:23:32.223+0000] {logging_mixin.py:188} INFO - [2024-05-09T16:23:32.222+0000] {dag.py:3096} INFO - Sync 1 DAGs
[2024-05-09T16:23:32.232+0000] {logging_mixin.py:188} INFO - [2024-05-09T16:23:32.232+0000] {dag.py:3954} INFO - Setting next_dagrun for example_skip_dag to 2024-05-08 00:00:00+00:00, run_after=2024-05-09 00:00:00+00:00
[2024-05-09T16:23:32.239+0000] {processor.py:183} INFO - Processing /home/airflow/.local/lib/python3.12/site-packages/airflow/example_dags/example_skip_dag.py took 0.035 seconds
[2024-05-09T16:24:02.758+0000] {processor.py:161} INFO - Started process (PID=650) to work on /home/airflow/.local/lib/python3.12/site-packages/airflow/example_dags/example_skip_dag.py
[2024-05-09T16:24:02.758+0000] {processor.py:830} INFO - Processing file /home/airflow/.local/lib/python3.12/site-packages/airflow/example_dags/example_skip_dag.py for tasks to queue
[2024-05-09T16:24:02.759+0000] {logging_mixin.py:188} INFO - [2024-05-09T16:24:02.759+0000] {dagbag.py:545} INFO - Filling up the DagBag from /home/airflow/.local/lib/python3.12/site-packages/airflow/example_dags/example_skip_dag.py
[2024-05-09T16:24:02.763+0000] {processor.py:840} INFO - DAG(s) 'example_skip_dag' retrieved from /home/airflow/.local/lib/python3.12/site-packages/airflow/example_dags/example_skip_dag.py
[2024-05-09T16:24:02.773+0000] {logging_mixin.py:188} INFO - [2024-05-09T16:24:02.773+0000] {dag.py:3096} INFO - Sync 1 DAGs
[2024-05-09T16:24:02.783+0000] {logging_mixin.py:188} INFO - [2024-05-09T16:24:02.783+0000] {dag.py:3954} INFO - Setting next_dagrun for example_skip_dag to 2024-05-08 00:00:00+00:00, run_after=2024-05-09 00:00:00+00:00
[2024-05-09T16:24:02.791+0000] {processor.py:183} INFO - Processing /home/airflow/.local/lib/python3.12/site-packages/airflow/example_dags/example_skip_dag.py took 0.036 seconds
[2024-05-09T16:24:33.183+0000] {processor.py:161} INFO - Started process (PID=708) to work on /home/airflow/.local/lib/python3.12/site-packages/airflow/example_dags/example_skip_dag.py
[2024-05-09T16:24:33.184+0000] {processor.py:830} INFO - Processing file /home/airflow/.local/lib/python3.12/site-packages/airflow/example_dags/example_skip_dag.py for tasks to queue
[2024-05-09T16:24:33.185+0000] {logging_mixin.py:188} INFO - [2024-05-09T16:24:33.184+0000] {dagbag.py:545} INFO - Filling up the DagBag from /home/airflow/.local/lib/python3.12/site-packages/airflow/example_dags/example_skip_dag.py
[2024-05-09T16:24:33.188+0000] {processor.py:840} INFO - DAG(s) 'example_skip_dag' retrieved from /home/airflow/.local/lib/python3.12/site-packages/airflow/example_dags/example_skip_dag.py
[2024-05-09T16:24:33.197+0000] {logging_mixin.py:188} INFO - [2024-05-09T16:24:33.197+0000] {dag.py:3096} INFO - Sync 1 DAGs
[2024-05-09T16:24:33.206+0000] {logging_mixin.py:188} INFO - [2024-05-09T16:24:33.206+0000] {dag.py:3954} INFO - Setting next_dagrun for example_skip_dag to 2024-05-08 00:00:00+00:00, run_after=2024-05-09 00:00:00+00:00
[2024-05-09T16:24:33.213+0000] {processor.py:183} INFO - Processing /home/airflow/.local/lib/python3.12/site-packages/airflow/example_dags/example_skip_dag.py took 0.032 seconds
[2024-05-09T16:25:03.636+0000] {processor.py:161} INFO - Started process (PID=770) to work on /home/airflow/.local/lib/python3.12/site-packages/airflow/example_dags/example_skip_dag.py
[2024-05-09T16:25:03.636+0000] {processor.py:830} INFO - Processing file /home/airflow/.local/lib/python3.12/site-packages/airflow/example_dags/example_skip_dag.py for tasks to queue
[2024-05-09T16:25:03.637+0000] {logging_mixin.py:188} INFO - [2024-05-09T16:25:03.637+0000] {dagbag.py:545} INFO - Filling up the DagBag from /home/airflow/.local/lib/python3.12/site-packages/airflow/example_dags/example_skip_dag.py
[2024-05-09T16:25:03.640+0000] {processor.py:840} INFO - DAG(s) 'example_skip_dag' retrieved from /home/airflow/.local/lib/python3.12/site-packages/airflow/example_dags/example_skip_dag.py
[2024-05-09T16:25:03.650+0000] {logging_mixin.py:188} INFO - [2024-05-09T16:25:03.650+0000] {dag.py:3096} INFO - Sync 1 DAGs
[2024-05-09T16:25:03.659+0000] {logging_mixin.py:188} INFO - [2024-05-09T16:25:03.659+0000] {dag.py:3954} INFO - Setting next_dagrun for example_skip_dag to 2024-05-08 00:00:00+00:00, run_after=2024-05-09 00:00:00+00:00
[2024-05-09T16:25:03.665+0000] {processor.py:183} INFO - Processing /home/airflow/.local/lib/python3.12/site-packages/airflow/example_dags/example_skip_dag.py took 0.032 seconds
[2024-05-09T16:25:34.120+0000] {processor.py:161} INFO - Started process (PID=828) to work on /home/airflow/.local/lib/python3.12/site-packages/airflow/example_dags/example_skip_dag.py
[2024-05-09T16:25:34.121+0000] {processor.py:830} INFO - Processing file /home/airflow/.local/lib/python3.12/site-packages/airflow/example_dags/example_skip_dag.py for tasks to queue
[2024-05-09T16:25:34.122+0000] {logging_mixin.py:188} INFO - [2024-05-09T16:25:34.122+0000] {dagbag.py:545} INFO - Filling up the DagBag from /home/airflow/.local/lib/python3.12/site-packages/airflow/example_dags/example_skip_dag.py
[2024-05-09T16:25:34.125+0000] {processor.py:840} INFO - DAG(s) 'example_skip_dag' retrieved from /home/airflow/.local/lib/python3.12/site-packages/airflow/example_dags/example_skip_dag.py
[2024-05-09T16:25:34.135+0000] {logging_mixin.py:188} INFO - [2024-05-09T16:25:34.134+0000] {dag.py:3096} INFO - Sync 1 DAGs
[2024-05-09T16:25:34.143+0000] {logging_mixin.py:188} INFO - [2024-05-09T16:25:34.143+0000] {dag.py:3954} INFO - Setting next_dagrun for example_skip_dag to 2024-05-08 00:00:00+00:00, run_after=2024-05-09 00:00:00+00:00
[2024-05-09T16:25:34.150+0000] {processor.py:183} INFO - Processing /home/airflow/.local/lib/python3.12/site-packages/airflow/example_dags/example_skip_dag.py took 0.033 seconds
[2024-05-09T16:26:04.687+0000] {processor.py:161} INFO - Started process (PID=886) to work on /home/airflow/.local/lib/python3.12/site-packages/airflow/example_dags/example_skip_dag.py
[2024-05-09T16:26:04.688+0000] {processor.py:830} INFO - Processing file /home/airflow/.local/lib/python3.12/site-packages/airflow/example_dags/example_skip_dag.py for tasks to queue
[2024-05-09T16:26:04.689+0000] {logging_mixin.py:188} INFO - [2024-05-09T16:26:04.688+0000] {dagbag.py:545} INFO - Filling up the DagBag from /home/airflow/.local/lib/python3.12/site-packages/airflow/example_dags/example_skip_dag.py
[2024-05-09T16:26:04.692+0000] {processor.py:840} INFO - DAG(s) 'example_skip_dag' retrieved from /home/airflow/.local/lib/python3.12/site-packages/airflow/example_dags/example_skip_dag.py
[2024-05-09T16:26:04.702+0000] {logging_mixin.py:188} INFO - [2024-05-09T16:26:04.702+0000] {dag.py:3096} INFO - Sync 1 DAGs
[2024-05-09T16:26:04.711+0000] {logging_mixin.py:188} INFO - [2024-05-09T16:26:04.711+0000] {dag.py:3954} INFO - Setting next_dagrun for example_skip_dag to 2024-05-08 00:00:00+00:00, run_after=2024-05-09 00:00:00+00:00
[2024-05-09T16:26:04.718+0000] {processor.py:183} INFO - Processing /home/airflow/.local/lib/python3.12/site-packages/airflow/example_dags/example_skip_dag.py took 0.034 seconds
[2024-05-09T16:26:35.140+0000] {processor.py:161} INFO - Started process (PID=944) to work on /home/airflow/.local/lib/python3.12/site-packages/airflow/example_dags/example_skip_dag.py
[2024-05-09T16:26:35.140+0000] {processor.py:830} INFO - Processing file /home/airflow/.local/lib/python3.12/site-packages/airflow/example_dags/example_skip_dag.py for tasks to queue
[2024-05-09T16:26:35.141+0000] {logging_mixin.py:188} INFO - [2024-05-09T16:26:35.141+0000] {dagbag.py:545} INFO - Filling up the DagBag from /home/airflow/.local/lib/python3.12/site-packages/airflow/example_dags/example_skip_dag.py
[2024-05-09T16:26:35.144+0000] {processor.py:840} INFO - DAG(s) 'example_skip_dag' retrieved from /home/airflow/.local/lib/python3.12/site-packages/airflow/example_dags/example_skip_dag.py
[2024-05-09T16:26:35.154+0000] {logging_mixin.py:188} INFO - [2024-05-09T16:26:35.153+0000] {dag.py:3096} INFO - Sync 1 DAGs
[2024-05-09T16:26:35.162+0000] {logging_mixin.py:188} INFO - [2024-05-09T16:26:35.162+0000] {dag.py:3954} INFO - Setting next_dagrun for example_skip_dag to 2024-05-08 00:00:00+00:00, run_after=2024-05-09 00:00:00+00:00
[2024-05-09T16:26:35.170+0000] {processor.py:183} INFO - Processing /home/airflow/.local/lib/python3.12/site-packages/airflow/example_dags/example_skip_dag.py took 0.033 seconds
[2024-05-09T16:27:05.639+0000] {processor.py:161} INFO - Started process (PID=1002) to work on /home/airflow/.local/lib/python3.12/site-packages/airflow/example_dags/example_skip_dag.py
[2024-05-09T16:27:05.640+0000] {processor.py:830} INFO - Processing file /home/airflow/.local/lib/python3.12/site-packages/airflow/example_dags/example_skip_dag.py for tasks to queue
[2024-05-09T16:27:05.641+0000] {logging_mixin.py:188} INFO - [2024-05-09T16:27:05.640+0000] {dagbag.py:545} INFO - Filling up the DagBag from /home/airflow/.local/lib/python3.12/site-packages/airflow/example_dags/example_skip_dag.py
[2024-05-09T16:27:05.644+0000] {processor.py:840} INFO - DAG(s) 'example_skip_dag' retrieved from /home/airflow/.local/lib/python3.12/site-packages/airflow/example_dags/example_skip_dag.py
[2024-05-09T16:27:05.654+0000] {logging_mixin.py:188} INFO - [2024-05-09T16:27:05.654+0000] {dag.py:3096} INFO - Sync 1 DAGs
[2024-05-09T16:27:05.663+0000] {logging_mixin.py:188} INFO - [2024-05-09T16:27:05.663+0000] {dag.py:3954} INFO - Setting next_dagrun for example_skip_dag to 2024-05-08 00:00:00+00:00, run_after=2024-05-09 00:00:00+00:00
[2024-05-09T16:27:05.671+0000] {processor.py:183} INFO - Processing /home/airflow/.local/lib/python3.12/site-packages/airflow/example_dags/example_skip_dag.py took 0.035 seconds
[2024-05-09T16:27:36.157+0000] {processor.py:161} INFO - Started process (PID=1060) to work on /home/airflow/.local/lib/python3.12/site-packages/airflow/example_dags/example_skip_dag.py
[2024-05-09T16:27:36.158+0000] {processor.py:830} INFO - Processing file /home/airflow/.local/lib/python3.12/site-packages/airflow/example_dags/example_skip_dag.py for tasks to queue
[2024-05-09T16:27:36.159+0000] {logging_mixin.py:188} INFO - [2024-05-09T16:27:36.159+0000] {dagbag.py:545} INFO - Filling up the DagBag from /home/airflow/.local/lib/python3.12/site-packages/airflow/example_dags/example_skip_dag.py
[2024-05-09T16:27:36.163+0000] {processor.py:840} INFO - DAG(s) 'example_skip_dag' retrieved from /home/airflow/.local/lib/python3.12/site-packages/airflow/example_dags/example_skip_dag.py
[2024-05-09T16:27:36.173+0000] {logging_mixin.py:188} INFO - [2024-05-09T16:27:36.173+0000] {dag.py:3096} INFO - Sync 1 DAGs
[2024-05-09T16:27:36.183+0000] {logging_mixin.py:188} INFO - [2024-05-09T16:27:36.183+0000] {dag.py:3954} INFO - Setting next_dagrun for example_skip_dag to 2024-05-08 00:00:00+00:00, run_after=2024-05-09 00:00:00+00:00
[2024-05-09T16:27:36.192+0000] {processor.py:183} INFO - Processing /home/airflow/.local/lib/python3.12/site-packages/airflow/example_dags/example_skip_dag.py took 0.037 seconds
[2024-05-09T16:28:06.744+0000] {processor.py:161} INFO - Started process (PID=1118) to work on /home/airflow/.local/lib/python3.12/site-packages/airflow/example_dags/example_skip_dag.py
[2024-05-09T16:28:06.744+0000] {processor.py:830} INFO - Processing file /home/airflow/.local/lib/python3.12/site-packages/airflow/example_dags/example_skip_dag.py for tasks to queue
[2024-05-09T16:28:06.745+0000] {logging_mixin.py:188} INFO - [2024-05-09T16:28:06.745+0000] {dagbag.py:545} INFO - Filling up the DagBag from /home/airflow/.local/lib/python3.12/site-packages/airflow/example_dags/example_skip_dag.py
[2024-05-09T16:28:06.749+0000] {processor.py:840} INFO - DAG(s) 'example_skip_dag' retrieved from /home/airflow/.local/lib/python3.12/site-packages/airflow/example_dags/example_skip_dag.py
[2024-05-09T16:28:06.759+0000] {logging_mixin.py:188} INFO - [2024-05-09T16:28:06.759+0000] {dag.py:3096} INFO - Sync 1 DAGs
[2024-05-09T16:28:06.768+0000] {logging_mixin.py:188} INFO - [2024-05-09T16:28:06.768+0000] {dag.py:3954} INFO - Setting next_dagrun for example_skip_dag to 2024-05-08 00:00:00+00:00, run_after=2024-05-09 00:00:00+00:00
[2024-05-09T16:28:06.775+0000] {processor.py:183} INFO - Processing /home/airflow/.local/lib/python3.12/site-packages/airflow/example_dags/example_skip_dag.py took 0.035 seconds
[2024-05-09T16:28:37.270+0000] {processor.py:161} INFO - Started process (PID=1176) to work on /home/airflow/.local/lib/python3.12/site-packages/airflow/example_dags/example_skip_dag.py
[2024-05-09T16:28:37.270+0000] {processor.py:830} INFO - Processing file /home/airflow/.local/lib/python3.12/site-packages/airflow/example_dags/example_skip_dag.py for tasks to queue
[2024-05-09T16:28:37.271+0000] {logging_mixin.py:188} INFO - [2024-05-09T16:28:37.271+0000] {dagbag.py:545} INFO - Filling up the DagBag from /home/airflow/.local/lib/python3.12/site-packages/airflow/example_dags/example_skip_dag.py
[2024-05-09T16:28:37.275+0000] {processor.py:840} INFO - DAG(s) 'example_skip_dag' retrieved from /home/airflow/.local/lib/python3.12/site-packages/airflow/example_dags/example_skip_dag.py
[2024-05-09T16:28:37.284+0000] {logging_mixin.py:188} INFO - [2024-05-09T16:28:37.284+0000] {dag.py:3096} INFO - Sync 1 DAGs
[2024-05-09T16:28:37.293+0000] {logging_mixin.py:188} INFO - [2024-05-09T16:28:37.293+0000] {dag.py:3954} INFO - Setting next_dagrun for example_skip_dag to 2024-05-08 00:00:00+00:00, run_after=2024-05-09 00:00:00+00:00
[2024-05-09T16:28:37.299+0000] {processor.py:183} INFO - Processing /home/airflow/.local/lib/python3.12/site-packages/airflow/example_dags/example_skip_dag.py took 0.032 seconds
[2024-05-09T16:29:07.751+0000] {processor.py:161} INFO - Started process (PID=1234) to work on /home/airflow/.local/lib/python3.12/site-packages/airflow/example_dags/example_skip_dag.py
[2024-05-09T16:29:07.752+0000] {processor.py:830} INFO - Processing file /home/airflow/.local/lib/python3.12/site-packages/airflow/example_dags/example_skip_dag.py for tasks to queue
[2024-05-09T16:29:07.752+0000] {logging_mixin.py:188} INFO - [2024-05-09T16:29:07.752+0000] {dagbag.py:545} INFO - Filling up the DagBag from /home/airflow/.local/lib/python3.12/site-packages/airflow/example_dags/example_skip_dag.py
[2024-05-09T16:29:07.756+0000] {processor.py:840} INFO - DAG(s) 'example_skip_dag' retrieved from /home/airflow/.local/lib/python3.12/site-packages/airflow/example_dags/example_skip_dag.py
[2024-05-09T16:29:07.765+0000] {logging_mixin.py:188} INFO - [2024-05-09T16:29:07.765+0000] {dag.py:3096} INFO - Sync 1 DAGs
[2024-05-09T16:29:07.774+0000] {logging_mixin.py:188} INFO - [2024-05-09T16:29:07.774+0000] {dag.py:3954} INFO - Setting next_dagrun for example_skip_dag to 2024-05-08 00:00:00+00:00, run_after=2024-05-09 00:00:00+00:00
[2024-05-09T16:29:07.782+0000] {processor.py:183} INFO - Processing /home/airflow/.local/lib/python3.12/site-packages/airflow/example_dags/example_skip_dag.py took 0.033 seconds
[2024-05-09T16:29:38.358+0000] {processor.py:161} INFO - Started process (PID=1292) to work on /home/airflow/.local/lib/python3.12/site-packages/airflow/example_dags/example_skip_dag.py
[2024-05-09T16:29:38.358+0000] {processor.py:830} INFO - Processing file /home/airflow/.local/lib/python3.12/site-packages/airflow/example_dags/example_skip_dag.py for tasks to queue
[2024-05-09T16:29:38.359+0000] {logging_mixin.py:188} INFO - [2024-05-09T16:29:38.359+0000] {dagbag.py:545} INFO - Filling up the DagBag from /home/airflow/.local/lib/python3.12/site-packages/airflow/example_dags/example_skip_dag.py
[2024-05-09T16:29:38.363+0000] {processor.py:840} INFO - DAG(s) 'example_skip_dag' retrieved from /home/airflow/.local/lib/python3.12/site-packages/airflow/example_dags/example_skip_dag.py
[2024-05-09T16:29:38.372+0000] {logging_mixin.py:188} INFO - [2024-05-09T16:29:38.372+0000] {dag.py:3096} INFO - Sync 1 DAGs
[2024-05-09T16:29:38.382+0000] {logging_mixin.py:188} INFO - [2024-05-09T16:29:38.382+0000] {dag.py:3954} INFO - Setting next_dagrun for example_skip_dag to 2024-05-08 00:00:00+00:00, run_after=2024-05-09 00:00:00+00:00
[2024-05-09T16:29:38.389+0000] {processor.py:183} INFO - Processing /home/airflow/.local/lib/python3.12/site-packages/airflow/example_dags/example_skip_dag.py took 0.035 seconds
[2024-05-09T16:30:08.937+0000] {processor.py:161} INFO - Started process (PID=1350) to work on /home/airflow/.local/lib/python3.12/site-packages/airflow/example_dags/example_skip_dag.py
[2024-05-09T16:30:08.938+0000] {processor.py:830} INFO - Processing file /home/airflow/.local/lib/python3.12/site-packages/airflow/example_dags/example_skip_dag.py for tasks to queue
[2024-05-09T16:30:08.939+0000] {logging_mixin.py:188} INFO - [2024-05-09T16:30:08.938+0000] {dagbag.py:545} INFO - Filling up the DagBag from /home/airflow/.local/lib/python3.12/site-packages/airflow/example_dags/example_skip_dag.py
[2024-05-09T16:30:08.942+0000] {processor.py:840} INFO - DAG(s) 'example_skip_dag' retrieved from /home/airflow/.local/lib/python3.12/site-packages/airflow/example_dags/example_skip_dag.py
[2024-05-09T16:30:08.951+0000] {logging_mixin.py:188} INFO - [2024-05-09T16:30:08.951+0000] {dag.py:3096} INFO - Sync 1 DAGs
[2024-05-09T16:30:08.960+0000] {logging_mixin.py:188} INFO - [2024-05-09T16:30:08.960+0000] {dag.py:3954} INFO - Setting next_dagrun for example_skip_dag to 2024-05-08 00:00:00+00:00, run_after=2024-05-09 00:00:00+00:00
[2024-05-09T16:30:08.967+0000] {processor.py:183} INFO - Processing /home/airflow/.local/lib/python3.12/site-packages/airflow/example_dags/example_skip_dag.py took 0.033 seconds
[2024-05-09T16:30:39.503+0000] {processor.py:161} INFO - Started process (PID=1408) to work on /home/airflow/.local/lib/python3.12/site-packages/airflow/example_dags/example_skip_dag.py
[2024-05-09T16:30:39.503+0000] {processor.py:830} INFO - Processing file /home/airflow/.local/lib/python3.12/site-packages/airflow/example_dags/example_skip_dag.py for tasks to queue
[2024-05-09T16:30:39.504+0000] {logging_mixin.py:188} INFO - [2024-05-09T16:30:39.504+0000] {dagbag.py:545} INFO - Filling up the DagBag from /home/airflow/.local/lib/python3.12/site-packages/airflow/example_dags/example_skip_dag.py
[2024-05-09T16:30:39.508+0000] {processor.py:840} INFO - DAG(s) 'example_skip_dag' retrieved from /home/airflow/.local/lib/python3.12/site-packages/airflow/example_dags/example_skip_dag.py
[2024-05-09T16:30:39.517+0000] {logging_mixin.py:188} INFO - [2024-05-09T16:30:39.517+0000] {dag.py:3096} INFO - Sync 1 DAGs
[2024-05-09T16:30:39.526+0000] {logging_mixin.py:188} INFO - [2024-05-09T16:30:39.526+0000] {dag.py:3954} INFO - Setting next_dagrun for example_skip_dag to 2024-05-08 00:00:00+00:00, run_after=2024-05-09 00:00:00+00:00
[2024-05-09T16:30:39.533+0000] {processor.py:183} INFO - Processing /home/airflow/.local/lib/python3.12/site-packages/airflow/example_dags/example_skip_dag.py took 0.033 seconds
[2024-05-09T16:31:10.031+0000] {processor.py:161} INFO - Started process (PID=1466) to work on /home/airflow/.local/lib/python3.12/site-packages/airflow/example_dags/example_skip_dag.py
[2024-05-09T16:31:10.031+0000] {processor.py:830} INFO - Processing file /home/airflow/.local/lib/python3.12/site-packages/airflow/example_dags/example_skip_dag.py for tasks to queue
[2024-05-09T16:31:10.032+0000] {logging_mixin.py:188} INFO - [2024-05-09T16:31:10.032+0000] {dagbag.py:545} INFO - Filling up the DagBag from /home/airflow/.local/lib/python3.12/site-packages/airflow/example_dags/example_skip_dag.py
[2024-05-09T16:31:10.036+0000] {processor.py:840} INFO - DAG(s) 'example_skip_dag' retrieved from /home/airflow/.local/lib/python3.12/site-packages/airflow/example_dags/example_skip_dag.py
[2024-05-09T16:31:10.045+0000] {logging_mixin.py:188} INFO - [2024-05-09T16:31:10.045+0000] {dag.py:3096} INFO - Sync 1 DAGs
[2024-05-09T16:31:10.053+0000] {logging_mixin.py:188} INFO - [2024-05-09T16:31:10.053+0000] {dag.py:3954} INFO - Setting next_dagrun for example_skip_dag to 2024-05-08 00:00:00+00:00, run_after=2024-05-09 00:00:00+00:00
[2024-05-09T16:31:10.060+0000] {processor.py:183} INFO - Processing /home/airflow/.local/lib/python3.12/site-packages/airflow/example_dags/example_skip_dag.py took 0.032 seconds
[2024-05-09T16:31:40.533+0000] {processor.py:161} INFO - Started process (PID=1524) to work on /home/airflow/.local/lib/python3.12/site-packages/airflow/example_dags/example_skip_dag.py
[2024-05-09T16:31:40.534+0000] {processor.py:830} INFO - Processing file /home/airflow/.local/lib/python3.12/site-packages/airflow/example_dags/example_skip_dag.py for tasks to queue
[2024-05-09T16:31:40.535+0000] {logging_mixin.py:188} INFO - [2024-05-09T16:31:40.534+0000] {dagbag.py:545} INFO - Filling up the DagBag from /home/airflow/.local/lib/python3.12/site-packages/airflow/example_dags/example_skip_dag.py
[2024-05-09T16:31:40.538+0000] {processor.py:840} INFO - DAG(s) 'example_skip_dag' retrieved from /home/airflow/.local/lib/python3.12/site-packages/airflow/example_dags/example_skip_dag.py
[2024-05-09T16:31:40.547+0000] {logging_mixin.py:188} INFO - [2024-05-09T16:31:40.547+0000] {dag.py:3096} INFO - Sync 1 DAGs
[2024-05-09T16:31:40.555+0000] {logging_mixin.py:188} INFO - [2024-05-09T16:31:40.555+0000] {dag.py:3954} INFO - Setting next_dagrun for example_skip_dag to 2024-05-08 00:00:00+00:00, run_after=2024-05-09 00:00:00+00:00
[2024-05-09T16:31:40.562+0000] {processor.py:183} INFO - Processing /home/airflow/.local/lib/python3.12/site-packages/airflow/example_dags/example_skip_dag.py took 0.032 seconds
[2024-05-09T16:32:11.089+0000] {processor.py:161} INFO - Started process (PID=1582) to work on /home/airflow/.local/lib/python3.12/site-packages/airflow/example_dags/example_skip_dag.py
[2024-05-09T16:32:11.089+0000] {processor.py:830} INFO - Processing file /home/airflow/.local/lib/python3.12/site-packages/airflow/example_dags/example_skip_dag.py for tasks to queue
[2024-05-09T16:32:11.090+0000] {logging_mixin.py:188} INFO - [2024-05-09T16:32:11.090+0000] {dagbag.py:545} INFO - Filling up the DagBag from /home/airflow/.local/lib/python3.12/site-packages/airflow/example_dags/example_skip_dag.py
[2024-05-09T16:32:11.093+0000] {processor.py:840} INFO - DAG(s) 'example_skip_dag' retrieved from /home/airflow/.local/lib/python3.12/site-packages/airflow/example_dags/example_skip_dag.py
[2024-05-09T16:32:11.103+0000] {logging_mixin.py:188} INFO - [2024-05-09T16:32:11.103+0000] {dag.py:3096} INFO - Sync 1 DAGs
[2024-05-09T16:32:11.112+0000] {logging_mixin.py:188} INFO - [2024-05-09T16:32:11.112+0000] {dag.py:3954} INFO - Setting next_dagrun for example_skip_dag to 2024-05-08 00:00:00+00:00, run_after=2024-05-09 00:00:00+00:00
[2024-05-09T16:32:11.119+0000] {processor.py:183} INFO - Processing /home/airflow/.local/lib/python3.12/site-packages/airflow/example_dags/example_skip_dag.py took 0.033 seconds
[2024-05-09T16:32:41.688+0000] {processor.py:161} INFO - Started process (PID=1640) to work on /home/airflow/.local/lib/python3.12/site-packages/airflow/example_dags/example_skip_dag.py
[2024-05-09T16:32:41.688+0000] {processor.py:830} INFO - Processing file /home/airflow/.local/lib/python3.12/site-packages/airflow/example_dags/example_skip_dag.py for tasks to queue
[2024-05-09T16:32:41.690+0000] {logging_mixin.py:188} INFO - [2024-05-09T16:32:41.690+0000] {dagbag.py:545} INFO - Filling up the DagBag from /home/airflow/.local/lib/python3.12/site-packages/airflow/example_dags/example_skip_dag.py
[2024-05-09T16:32:41.693+0000] {processor.py:840} INFO - DAG(s) 'example_skip_dag' retrieved from /home/airflow/.local/lib/python3.12/site-packages/airflow/example_dags/example_skip_dag.py
[2024-05-09T16:32:41.702+0000] {logging_mixin.py:188} INFO - [2024-05-09T16:32:41.702+0000] {dag.py:3096} INFO - Sync 1 DAGs
[2024-05-09T16:32:41.711+0000] {logging_mixin.py:188} INFO - [2024-05-09T16:32:41.711+0000] {dag.py:3954} INFO - Setting next_dagrun for example_skip_dag to 2024-05-08 00:00:00+00:00, run_after=2024-05-09 00:00:00+00:00
[2024-05-09T16:32:41.718+0000] {processor.py:183} INFO - Processing /home/airflow/.local/lib/python3.12/site-packages/airflow/example_dags/example_skip_dag.py took 0.033 seconds
[2024-05-09T16:33:12.213+0000] {processor.py:161} INFO - Started process (PID=1698) to work on /home/airflow/.local/lib/python3.12/site-packages/airflow/example_dags/example_skip_dag.py
[2024-05-09T16:33:12.213+0000] {processor.py:830} INFO - Processing file /home/airflow/.local/lib/python3.12/site-packages/airflow/example_dags/example_skip_dag.py for tasks to queue
[2024-05-09T16:33:12.214+0000] {logging_mixin.py:188} INFO - [2024-05-09T16:33:12.214+0000] {dagbag.py:545} INFO - Filling up the DagBag from /home/airflow/.local/lib/python3.12/site-packages/airflow/example_dags/example_skip_dag.py
[2024-05-09T16:33:12.217+0000] {processor.py:840} INFO - DAG(s) 'example_skip_dag' retrieved from /home/airflow/.local/lib/python3.12/site-packages/airflow/example_dags/example_skip_dag.py
[2024-05-09T16:33:12.227+0000] {logging_mixin.py:188} INFO - [2024-05-09T16:33:12.226+0000] {dag.py:3096} INFO - Sync 1 DAGs
[2024-05-09T16:33:12.235+0000] {logging_mixin.py:188} INFO - [2024-05-09T16:33:12.235+0000] {dag.py:3954} INFO - Setting next_dagrun for example_skip_dag to 2024-05-08 00:00:00+00:00, run_after=2024-05-09 00:00:00+00:00
[2024-05-09T16:33:12.242+0000] {processor.py:183} INFO - Processing /home/airflow/.local/lib/python3.12/site-packages/airflow/example_dags/example_skip_dag.py took 0.032 seconds
[2024-05-09T16:33:42.776+0000] {processor.py:161} INFO - Started process (PID=1756) to work on /home/airflow/.local/lib/python3.12/site-packages/airflow/example_dags/example_skip_dag.py
[2024-05-09T16:33:42.776+0000] {processor.py:830} INFO - Processing file /home/airflow/.local/lib/python3.12/site-packages/airflow/example_dags/example_skip_dag.py for tasks to queue
[2024-05-09T16:33:42.777+0000] {logging_mixin.py:188} INFO - [2024-05-09T16:33:42.777+0000] {dagbag.py:545} INFO - Filling up the DagBag from /home/airflow/.local/lib/python3.12/site-packages/airflow/example_dags/example_skip_dag.py
[2024-05-09T16:33:42.780+0000] {processor.py:840} INFO - DAG(s) 'example_skip_dag' retrieved from /home/airflow/.local/lib/python3.12/site-packages/airflow/example_dags/example_skip_dag.py
[2024-05-09T16:33:42.789+0000] {logging_mixin.py:188} INFO - [2024-05-09T16:33:42.789+0000] {dag.py:3096} INFO - Sync 1 DAGs
[2024-05-09T16:33:42.797+0000] {logging_mixin.py:188} INFO - [2024-05-09T16:33:42.797+0000] {dag.py:3954} INFO - Setting next_dagrun for example_skip_dag to 2024-05-08 00:00:00+00:00, run_after=2024-05-09 00:00:00+00:00
[2024-05-09T16:33:42.804+0000] {processor.py:183} INFO - Processing /home/airflow/.local/lib/python3.12/site-packages/airflow/example_dags/example_skip_dag.py took 0.032 seconds
[2024-05-09T16:34:13.596+0000] {processor.py:161} INFO - Started process (PID=1814) to work on /home/airflow/.local/lib/python3.12/site-packages/airflow/example_dags/example_skip_dag.py
[2024-05-09T16:34:13.596+0000] {processor.py:830} INFO - Processing file /home/airflow/.local/lib/python3.12/site-packages/airflow/example_dags/example_skip_dag.py for tasks to queue
[2024-05-09T16:34:13.597+0000] {logging_mixin.py:188} INFO - [2024-05-09T16:34:13.597+0000] {dagbag.py:545} INFO - Filling up the DagBag from /home/airflow/.local/lib/python3.12/site-packages/airflow/example_dags/example_skip_dag.py
[2024-05-09T16:34:13.601+0000] {processor.py:840} INFO - DAG(s) 'example_skip_dag' retrieved from /home/airflow/.local/lib/python3.12/site-packages/airflow/example_dags/example_skip_dag.py
[2024-05-09T16:34:13.610+0000] {logging_mixin.py:188} INFO - [2024-05-09T16:34:13.610+0000] {dag.py:3096} INFO - Sync 1 DAGs
[2024-05-09T16:34:13.619+0000] {logging_mixin.py:188} INFO - [2024-05-09T16:34:13.619+0000] {dag.py:3954} INFO - Setting next_dagrun for example_skip_dag to 2024-05-08 00:00:00+00:00, run_after=2024-05-09 00:00:00+00:00
[2024-05-09T16:34:13.626+0000] {processor.py:183} INFO - Processing /home/airflow/.local/lib/python3.12/site-packages/airflow/example_dags/example_skip_dag.py took 0.033 seconds
[2024-05-09T16:34:44.066+0000] {processor.py:161} INFO - Started process (PID=1872) to work on /home/airflow/.local/lib/python3.12/site-packages/airflow/example_dags/example_skip_dag.py
[2024-05-09T16:34:44.066+0000] {processor.py:830} INFO - Processing file /home/airflow/.local/lib/python3.12/site-packages/airflow/example_dags/example_skip_dag.py for tasks to queue
[2024-05-09T16:34:44.067+0000] {logging_mixin.py:188} INFO - [2024-05-09T16:34:44.067+0000] {dagbag.py:545} INFO - Filling up the DagBag from /home/airflow/.local/lib/python3.12/site-packages/airflow/example_dags/example_skip_dag.py
[2024-05-09T16:34:44.070+0000] {processor.py:840} INFO - DAG(s) 'example_skip_dag' retrieved from /home/airflow/.local/lib/python3.12/site-packages/airflow/example_dags/example_skip_dag.py
[2024-05-09T16:34:44.079+0000] {logging_mixin.py:188} INFO - [2024-05-09T16:34:44.079+0000] {dag.py:3096} INFO - Sync 1 DAGs
[2024-05-09T16:34:44.088+0000] {logging_mixin.py:188} INFO - [2024-05-09T16:34:44.088+0000] {dag.py:3954} INFO - Setting next_dagrun for example_skip_dag to 2024-05-08 00:00:00+00:00, run_after=2024-05-09 00:00:00+00:00
[2024-05-09T16:34:44.094+0000] {processor.py:183} INFO - Processing /home/airflow/.local/lib/python3.12/site-packages/airflow/example_dags/example_skip_dag.py took 0.031 seconds
[2024-05-09T16:35:14.527+0000] {processor.py:161} INFO - Started process (PID=1930) to work on /home/airflow/.local/lib/python3.12/site-packages/airflow/example_dags/example_skip_dag.py
[2024-05-09T16:35:14.527+0000] {processor.py:830} INFO - Processing file /home/airflow/.local/lib/python3.12/site-packages/airflow/example_dags/example_skip_dag.py for tasks to queue
[2024-05-09T16:35:14.528+0000] {logging_mixin.py:188} INFO - [2024-05-09T16:35:14.528+0000] {dagbag.py:545} INFO - Filling up the DagBag from /home/airflow/.local/lib/python3.12/site-packages/airflow/example_dags/example_skip_dag.py
[2024-05-09T16:35:14.531+0000] {processor.py:840} INFO - DAG(s) 'example_skip_dag' retrieved from /home/airflow/.local/lib/python3.12/site-packages/airflow/example_dags/example_skip_dag.py
[2024-05-09T16:35:14.540+0000] {logging_mixin.py:188} INFO - [2024-05-09T16:35:14.540+0000] {dag.py:3096} INFO - Sync 1 DAGs
[2024-05-09T16:35:14.549+0000] {logging_mixin.py:188} INFO - [2024-05-09T16:35:14.549+0000] {dag.py:3954} INFO - Setting next_dagrun for example_skip_dag to 2024-05-08 00:00:00+00:00, run_after=2024-05-09 00:00:00+00:00
[2024-05-09T16:35:14.555+0000] {processor.py:183} INFO - Processing /home/airflow/.local/lib/python3.12/site-packages/airflow/example_dags/example_skip_dag.py took 0.032 seconds
[2024-05-09T16:35:45.254+0000] {processor.py:161} INFO - Started process (PID=1988) to work on /home/airflow/.local/lib/python3.12/site-packages/airflow/example_dags/example_skip_dag.py
[2024-05-09T16:35:45.255+0000] {processor.py:830} INFO - Processing file /home/airflow/.local/lib/python3.12/site-packages/airflow/example_dags/example_skip_dag.py for tasks to queue
[2024-05-09T16:35:45.256+0000] {logging_mixin.py:188} INFO - [2024-05-09T16:35:45.256+0000] {dagbag.py:545} INFO - Filling up the DagBag from /home/airflow/.local/lib/python3.12/site-packages/airflow/example_dags/example_skip_dag.py
[2024-05-09T16:35:45.259+0000] {processor.py:840} INFO - DAG(s) 'example_skip_dag' retrieved from /home/airflow/.local/lib/python3.12/site-packages/airflow/example_dags/example_skip_dag.py
[2024-05-09T16:35:45.269+0000] {logging_mixin.py:188} INFO - [2024-05-09T16:35:45.269+0000] {dag.py:3096} INFO - Sync 1 DAGs
[2024-05-09T16:35:45.277+0000] {logging_mixin.py:188} INFO - [2024-05-09T16:35:45.277+0000] {dag.py:3954} INFO - Setting next_dagrun for example_skip_dag to 2024-05-08 00:00:00+00:00, run_after=2024-05-09 00:00:00+00:00
[2024-05-09T16:35:45.285+0000] {processor.py:183} INFO - Processing /home/airflow/.local/lib/python3.12/site-packages/airflow/example_dags/example_skip_dag.py took 0.033 seconds
[2024-05-09T16:36:15.564+0000] {processor.py:161} INFO - Started process (PID=2046) to work on /home/airflow/.local/lib/python3.12/site-packages/airflow/example_dags/example_skip_dag.py
[2024-05-09T16:36:15.565+0000] {processor.py:830} INFO - Processing file /home/airflow/.local/lib/python3.12/site-packages/airflow/example_dags/example_skip_dag.py for tasks to queue
[2024-05-09T16:36:15.566+0000] {logging_mixin.py:188} INFO - [2024-05-09T16:36:15.566+0000] {dagbag.py:545} INFO - Filling up the DagBag from /home/airflow/.local/lib/python3.12/site-packages/airflow/example_dags/example_skip_dag.py
[2024-05-09T16:36:15.569+0000] {processor.py:840} INFO - DAG(s) 'example_skip_dag' retrieved from /home/airflow/.local/lib/python3.12/site-packages/airflow/example_dags/example_skip_dag.py
[2024-05-09T16:36:15.578+0000] {logging_mixin.py:188} INFO - [2024-05-09T16:36:15.578+0000] {dag.py:3096} INFO - Sync 1 DAGs
[2024-05-09T16:36:15.586+0000] {logging_mixin.py:188} INFO - [2024-05-09T16:36:15.586+0000] {dag.py:3954} INFO - Setting next_dagrun for example_skip_dag to 2024-05-08 00:00:00+00:00, run_after=2024-05-09 00:00:00+00:00
[2024-05-09T16:36:15.592+0000] {processor.py:183} INFO - Processing /home/airflow/.local/lib/python3.12/site-packages/airflow/example_dags/example_skip_dag.py took 0.031 seconds
[2024-05-09T16:36:46.786+0000] {processor.py:161} INFO - Started process (PID=2104) to work on /home/airflow/.local/lib/python3.12/site-packages/airflow/example_dags/example_skip_dag.py
[2024-05-09T16:36:46.786+0000] {processor.py:830} INFO - Processing file /home/airflow/.local/lib/python3.12/site-packages/airflow/example_dags/example_skip_dag.py for tasks to queue
[2024-05-09T16:36:46.787+0000] {logging_mixin.py:188} INFO - [2024-05-09T16:36:46.787+0000] {dagbag.py:545} INFO - Filling up the DagBag from /home/airflow/.local/lib/python3.12/site-packages/airflow/example_dags/example_skip_dag.py
[2024-05-09T16:36:46.791+0000] {processor.py:840} INFO - DAG(s) 'example_skip_dag' retrieved from /home/airflow/.local/lib/python3.12/site-packages/airflow/example_dags/example_skip_dag.py
[2024-05-09T16:36:46.802+0000] {logging_mixin.py:188} INFO - [2024-05-09T16:36:46.801+0000] {dag.py:3096} INFO - Sync 1 DAGs
[2024-05-09T16:36:46.902+0000] {logging_mixin.py:188} INFO - [2024-05-09T16:36:46.902+0000] {dag.py:3954} INFO - Setting next_dagrun for example_skip_dag to 2024-05-08 00:00:00+00:00, run_after=2024-05-09 00:00:00+00:00
[2024-05-09T16:36:46.909+0000] {processor.py:183} INFO - Processing /home/airflow/.local/lib/python3.12/site-packages/airflow/example_dags/example_skip_dag.py took 0.126 seconds
[2024-05-09T16:37:17.755+0000] {processor.py:161} INFO - Started process (PID=2162) to work on /home/airflow/.local/lib/python3.12/site-packages/airflow/example_dags/example_skip_dag.py
[2024-05-09T16:37:17.756+0000] {processor.py:830} INFO - Processing file /home/airflow/.local/lib/python3.12/site-packages/airflow/example_dags/example_skip_dag.py for tasks to queue
[2024-05-09T16:37:17.757+0000] {logging_mixin.py:188} INFO - [2024-05-09T16:37:17.756+0000] {dagbag.py:545} INFO - Filling up the DagBag from /home/airflow/.local/lib/python3.12/site-packages/airflow/example_dags/example_skip_dag.py
[2024-05-09T16:37:17.760+0000] {processor.py:840} INFO - DAG(s) 'example_skip_dag' retrieved from /home/airflow/.local/lib/python3.12/site-packages/airflow/example_dags/example_skip_dag.py
[2024-05-09T16:37:17.771+0000] {logging_mixin.py:188} INFO - [2024-05-09T16:37:17.771+0000] {dag.py:3096} INFO - Sync 1 DAGs
[2024-05-09T16:37:17.780+0000] {logging_mixin.py:188} INFO - [2024-05-09T16:37:17.780+0000] {dag.py:3954} INFO - Setting next_dagrun for example_skip_dag to 2024-05-08 00:00:00+00:00, run_after=2024-05-09 00:00:00+00:00
[2024-05-09T16:37:17.884+0000] {processor.py:183} INFO - Processing /home/airflow/.local/lib/python3.12/site-packages/airflow/example_dags/example_skip_dag.py took 0.132 seconds
[2024-05-09T16:37:47.901+0000] {processor.py:161} INFO - Started process (PID=2220) to work on /home/airflow/.local/lib/python3.12/site-packages/airflow/example_dags/example_skip_dag.py
[2024-05-09T16:37:47.901+0000] {processor.py:830} INFO - Processing file /home/airflow/.local/lib/python3.12/site-packages/airflow/example_dags/example_skip_dag.py for tasks to queue
[2024-05-09T16:37:47.902+0000] {logging_mixin.py:188} INFO - [2024-05-09T16:37:47.902+0000] {dagbag.py:545} INFO - Filling up the DagBag from /home/airflow/.local/lib/python3.12/site-packages/airflow/example_dags/example_skip_dag.py
[2024-05-09T16:37:47.906+0000] {processor.py:840} INFO - DAG(s) 'example_skip_dag' retrieved from /home/airflow/.local/lib/python3.12/site-packages/airflow/example_dags/example_skip_dag.py
[2024-05-09T16:37:47.915+0000] {logging_mixin.py:188} INFO - [2024-05-09T16:37:47.915+0000] {dag.py:3096} INFO - Sync 1 DAGs
[2024-05-09T16:37:47.923+0000] {logging_mixin.py:188} INFO - [2024-05-09T16:37:47.923+0000] {dag.py:3954} INFO - Setting next_dagrun for example_skip_dag to 2024-05-08 00:00:00+00:00, run_after=2024-05-09 00:00:00+00:00
[2024-05-09T16:37:47.930+0000] {processor.py:183} INFO - Processing /home/airflow/.local/lib/python3.12/site-packages/airflow/example_dags/example_skip_dag.py took 0.032 seconds
[2024-05-09T16:38:18.566+0000] {processor.py:161} INFO - Started process (PID=2283) to work on /home/airflow/.local/lib/python3.12/site-packages/airflow/example_dags/example_skip_dag.py
[2024-05-09T16:38:18.567+0000] {processor.py:830} INFO - Processing file /home/airflow/.local/lib/python3.12/site-packages/airflow/example_dags/example_skip_dag.py for tasks to queue
[2024-05-09T16:38:18.568+0000] {logging_mixin.py:188} INFO - [2024-05-09T16:38:18.567+0000] {dagbag.py:545} INFO - Filling up the DagBag from /home/airflow/.local/lib/python3.12/site-packages/airflow/example_dags/example_skip_dag.py
[2024-05-09T16:38:18.571+0000] {processor.py:840} INFO - DAG(s) 'example_skip_dag' retrieved from /home/airflow/.local/lib/python3.12/site-packages/airflow/example_dags/example_skip_dag.py
[2024-05-09T16:38:18.580+0000] {logging_mixin.py:188} INFO - [2024-05-09T16:38:18.580+0000] {dag.py:3096} INFO - Sync 1 DAGs
[2024-05-09T16:38:18.588+0000] {logging_mixin.py:188} INFO - [2024-05-09T16:38:18.588+0000] {dag.py:3954} INFO - Setting next_dagrun for example_skip_dag to 2024-05-08 00:00:00+00:00, run_after=2024-05-09 00:00:00+00:00
[2024-05-09T16:38:18.596+0000] {processor.py:183} INFO - Processing /home/airflow/.local/lib/python3.12/site-packages/airflow/example_dags/example_skip_dag.py took 0.032 seconds
[2024-05-09T16:38:49.182+0000] {processor.py:161} INFO - Started process (PID=2340) to work on /home/airflow/.local/lib/python3.12/site-packages/airflow/example_dags/example_skip_dag.py
[2024-05-09T16:38:49.182+0000] {processor.py:830} INFO - Processing file /home/airflow/.local/lib/python3.12/site-packages/airflow/example_dags/example_skip_dag.py for tasks to queue
[2024-05-09T16:38:49.183+0000] {logging_mixin.py:188} INFO - [2024-05-09T16:38:49.183+0000] {dagbag.py:545} INFO - Filling up the DagBag from /home/airflow/.local/lib/python3.12/site-packages/airflow/example_dags/example_skip_dag.py
[2024-05-09T16:38:49.187+0000] {processor.py:840} INFO - DAG(s) 'example_skip_dag' retrieved from /home/airflow/.local/lib/python3.12/site-packages/airflow/example_dags/example_skip_dag.py
[2024-05-09T16:38:49.196+0000] {logging_mixin.py:188} INFO - [2024-05-09T16:38:49.196+0000] {dag.py:3096} INFO - Sync 1 DAGs
[2024-05-09T16:38:49.204+0000] {logging_mixin.py:188} INFO - [2024-05-09T16:38:49.204+0000] {dag.py:3954} INFO - Setting next_dagrun for example_skip_dag to 2024-05-08 00:00:00+00:00, run_after=2024-05-09 00:00:00+00:00
[2024-05-09T16:38:49.211+0000] {processor.py:183} INFO - Processing /home/airflow/.local/lib/python3.12/site-packages/airflow/example_dags/example_skip_dag.py took 0.032 seconds
[2024-05-09T16:39:19.936+0000] {processor.py:161} INFO - Started process (PID=2398) to work on /home/airflow/.local/lib/python3.12/site-packages/airflow/example_dags/example_skip_dag.py
[2024-05-09T16:39:19.936+0000] {processor.py:830} INFO - Processing file /home/airflow/.local/lib/python3.12/site-packages/airflow/example_dags/example_skip_dag.py for tasks to queue
[2024-05-09T16:39:19.937+0000] {logging_mixin.py:188} INFO - [2024-05-09T16:39:19.937+0000] {dagbag.py:545} INFO - Filling up the DagBag from /home/airflow/.local/lib/python3.12/site-packages/airflow/example_dags/example_skip_dag.py
[2024-05-09T16:39:19.940+0000] {processor.py:840} INFO - DAG(s) 'example_skip_dag' retrieved from /home/airflow/.local/lib/python3.12/site-packages/airflow/example_dags/example_skip_dag.py
[2024-05-09T16:39:19.949+0000] {logging_mixin.py:188} INFO - [2024-05-09T16:39:19.949+0000] {dag.py:3096} INFO - Sync 1 DAGs
[2024-05-09T16:39:19.957+0000] {logging_mixin.py:188} INFO - [2024-05-09T16:39:19.957+0000] {dag.py:3954} INFO - Setting next_dagrun for example_skip_dag to 2024-05-08 00:00:00+00:00, run_after=2024-05-09 00:00:00+00:00
[2024-05-09T16:39:19.964+0000] {processor.py:183} INFO - Processing /home/airflow/.local/lib/python3.12/site-packages/airflow/example_dags/example_skip_dag.py took 0.031 seconds
[2024-05-09T16:39:50.604+0000] {processor.py:161} INFO - Started process (PID=2456) to work on /home/airflow/.local/lib/python3.12/site-packages/airflow/example_dags/example_skip_dag.py
[2024-05-09T16:39:50.605+0000] {processor.py:830} INFO - Processing file /home/airflow/.local/lib/python3.12/site-packages/airflow/example_dags/example_skip_dag.py for tasks to queue
[2024-05-09T16:39:50.606+0000] {logging_mixin.py:188} INFO - [2024-05-09T16:39:50.605+0000] {dagbag.py:545} INFO - Filling up the DagBag from /home/airflow/.local/lib/python3.12/site-packages/airflow/example_dags/example_skip_dag.py
[2024-05-09T16:39:50.609+0000] {processor.py:840} INFO - DAG(s) 'example_skip_dag' retrieved from /home/airflow/.local/lib/python3.12/site-packages/airflow/example_dags/example_skip_dag.py
[2024-05-09T16:39:50.617+0000] {logging_mixin.py:188} INFO - [2024-05-09T16:39:50.617+0000] {dag.py:3096} INFO - Sync 1 DAGs
[2024-05-09T16:39:50.626+0000] {logging_mixin.py:188} INFO - [2024-05-09T16:39:50.626+0000] {dag.py:3954} INFO - Setting next_dagrun for example_skip_dag to 2024-05-08 00:00:00+00:00, run_after=2024-05-09 00:00:00+00:00
[2024-05-09T16:39:50.633+0000] {processor.py:183} INFO - Processing /home/airflow/.local/lib/python3.12/site-packages/airflow/example_dags/example_skip_dag.py took 0.031 seconds
[2024-05-09T16:40:21.256+0000] {processor.py:161} INFO - Started process (PID=2514) to work on /home/airflow/.local/lib/python3.12/site-packages/airflow/example_dags/example_skip_dag.py
[2024-05-09T16:40:21.257+0000] {processor.py:830} INFO - Processing file /home/airflow/.local/lib/python3.12/site-packages/airflow/example_dags/example_skip_dag.py for tasks to queue
[2024-05-09T16:40:21.258+0000] {logging_mixin.py:188} INFO - [2024-05-09T16:40:21.257+0000] {dagbag.py:545} INFO - Filling up the DagBag from /home/airflow/.local/lib/python3.12/site-packages/airflow/example_dags/example_skip_dag.py
[2024-05-09T16:40:21.261+0000] {processor.py:840} INFO - DAG(s) 'example_skip_dag' retrieved from /home/airflow/.local/lib/python3.12/site-packages/airflow/example_dags/example_skip_dag.py
[2024-05-09T16:40:21.269+0000] {logging_mixin.py:188} INFO - [2024-05-09T16:40:21.269+0000] {dag.py:3096} INFO - Sync 1 DAGs
[2024-05-09T16:40:21.278+0000] {logging_mixin.py:188} INFO - [2024-05-09T16:40:21.278+0000] {dag.py:3954} INFO - Setting next_dagrun for example_skip_dag to 2024-05-08 00:00:00+00:00, run_after=2024-05-09 00:00:00+00:00
[2024-05-09T16:40:21.285+0000] {processor.py:183} INFO - Processing /home/airflow/.local/lib/python3.12/site-packages/airflow/example_dags/example_skip_dag.py took 0.032 seconds
[2024-05-09T16:40:51.922+0000] {processor.py:161} INFO - Started process (PID=2572) to work on /home/airflow/.local/lib/python3.12/site-packages/airflow/example_dags/example_skip_dag.py
[2024-05-09T16:40:51.923+0000] {processor.py:830} INFO - Processing file /home/airflow/.local/lib/python3.12/site-packages/airflow/example_dags/example_skip_dag.py for tasks to queue
[2024-05-09T16:40:51.924+0000] {logging_mixin.py:188} INFO - [2024-05-09T16:40:51.924+0000] {dagbag.py:545} INFO - Filling up the DagBag from /home/airflow/.local/lib/python3.12/site-packages/airflow/example_dags/example_skip_dag.py
[2024-05-09T16:40:51.927+0000] {processor.py:840} INFO - DAG(s) 'example_skip_dag' retrieved from /home/airflow/.local/lib/python3.12/site-packages/airflow/example_dags/example_skip_dag.py
[2024-05-09T16:40:51.937+0000] {logging_mixin.py:188} INFO - [2024-05-09T16:40:51.937+0000] {dag.py:3096} INFO - Sync 1 DAGs
[2024-05-09T16:40:51.946+0000] {logging_mixin.py:188} INFO - [2024-05-09T16:40:51.946+0000] {dag.py:3954} INFO - Setting next_dagrun for example_skip_dag to 2024-05-08 00:00:00+00:00, run_after=2024-05-09 00:00:00+00:00
[2024-05-09T16:40:51.953+0000] {processor.py:183} INFO - Processing /home/airflow/.local/lib/python3.12/site-packages/airflow/example_dags/example_skip_dag.py took 0.034 seconds
[2024-05-09T16:41:22.604+0000] {processor.py:161} INFO - Started process (PID=2630) to work on /home/airflow/.local/lib/python3.12/site-packages/airflow/example_dags/example_skip_dag.py
[2024-05-09T16:41:22.605+0000] {processor.py:830} INFO - Processing file /home/airflow/.local/lib/python3.12/site-packages/airflow/example_dags/example_skip_dag.py for tasks to queue
[2024-05-09T16:41:22.606+0000] {logging_mixin.py:188} INFO - [2024-05-09T16:41:22.605+0000] {dagbag.py:545} INFO - Filling up the DagBag from /home/airflow/.local/lib/python3.12/site-packages/airflow/example_dags/example_skip_dag.py
[2024-05-09T16:41:22.609+0000] {processor.py:840} INFO - DAG(s) 'example_skip_dag' retrieved from /home/airflow/.local/lib/python3.12/site-packages/airflow/example_dags/example_skip_dag.py
[2024-05-09T16:41:22.618+0000] {logging_mixin.py:188} INFO - [2024-05-09T16:41:22.618+0000] {dag.py:3096} INFO - Sync 1 DAGs
[2024-05-09T16:41:22.626+0000] {logging_mixin.py:188} INFO - [2024-05-09T16:41:22.626+0000] {dag.py:3954} INFO - Setting next_dagrun for example_skip_dag to 2024-05-08 00:00:00+00:00, run_after=2024-05-09 00:00:00+00:00
[2024-05-09T16:41:22.633+0000] {processor.py:183} INFO - Processing /home/airflow/.local/lib/python3.12/site-packages/airflow/example_dags/example_skip_dag.py took 0.031 seconds
[2024-05-09T16:41:53.421+0000] {processor.py:161} INFO - Started process (PID=2688) to work on /home/airflow/.local/lib/python3.12/site-packages/airflow/example_dags/example_skip_dag.py
[2024-05-09T16:41:53.421+0000] {processor.py:830} INFO - Processing file /home/airflow/.local/lib/python3.12/site-packages/airflow/example_dags/example_skip_dag.py for tasks to queue
[2024-05-09T16:41:53.422+0000] {logging_mixin.py:188} INFO - [2024-05-09T16:41:53.422+0000] {dagbag.py:545} INFO - Filling up the DagBag from /home/airflow/.local/lib/python3.12/site-packages/airflow/example_dags/example_skip_dag.py
[2024-05-09T16:41:53.426+0000] {processor.py:840} INFO - DAG(s) 'example_skip_dag' retrieved from /home/airflow/.local/lib/python3.12/site-packages/airflow/example_dags/example_skip_dag.py
[2024-05-09T16:41:53.439+0000] {logging_mixin.py:188} INFO - [2024-05-09T16:41:53.439+0000] {dag.py:3096} INFO - Sync 1 DAGs
[2024-05-09T16:41:53.452+0000] {logging_mixin.py:188} INFO - [2024-05-09T16:41:53.452+0000] {dag.py:3954} INFO - Setting next_dagrun for example_skip_dag to 2024-05-08 00:00:00+00:00, run_after=2024-05-09 00:00:00+00:00
[2024-05-09T16:41:53.459+0000] {processor.py:183} INFO - Processing /home/airflow/.local/lib/python3.12/site-packages/airflow/example_dags/example_skip_dag.py took 0.043 seconds
[2024-05-09T16:42:24.103+0000] {processor.py:161} INFO - Started process (PID=2746) to work on /home/airflow/.local/lib/python3.12/site-packages/airflow/example_dags/example_skip_dag.py
[2024-05-09T16:42:24.104+0000] {processor.py:830} INFO - Processing file /home/airflow/.local/lib/python3.12/site-packages/airflow/example_dags/example_skip_dag.py for tasks to queue
[2024-05-09T16:42:24.105+0000] {logging_mixin.py:188} INFO - [2024-05-09T16:42:24.105+0000] {dagbag.py:545} INFO - Filling up the DagBag from /home/airflow/.local/lib/python3.12/site-packages/airflow/example_dags/example_skip_dag.py
[2024-05-09T16:42:24.108+0000] {processor.py:840} INFO - DAG(s) 'example_skip_dag' retrieved from /home/airflow/.local/lib/python3.12/site-packages/airflow/example_dags/example_skip_dag.py
[2024-05-09T16:42:24.117+0000] {logging_mixin.py:188} INFO - [2024-05-09T16:42:24.117+0000] {dag.py:3096} INFO - Sync 1 DAGs
[2024-05-09T16:42:24.125+0000] {logging_mixin.py:188} INFO - [2024-05-09T16:42:24.125+0000] {dag.py:3954} INFO - Setting next_dagrun for example_skip_dag to 2024-05-08 00:00:00+00:00, run_after=2024-05-09 00:00:00+00:00
[2024-05-09T16:42:24.132+0000] {processor.py:183} INFO - Processing /home/airflow/.local/lib/python3.12/site-packages/airflow/example_dags/example_skip_dag.py took 0.034 seconds
[2024-05-09T16:42:54.816+0000] {processor.py:161} INFO - Started process (PID=2804) to work on /home/airflow/.local/lib/python3.12/site-packages/airflow/example_dags/example_skip_dag.py
[2024-05-09T16:42:54.817+0000] {processor.py:830} INFO - Processing file /home/airflow/.local/lib/python3.12/site-packages/airflow/example_dags/example_skip_dag.py for tasks to queue
[2024-05-09T16:42:54.818+0000] {logging_mixin.py:188} INFO - [2024-05-09T16:42:54.818+0000] {dagbag.py:545} INFO - Filling up the DagBag from /home/airflow/.local/lib/python3.12/site-packages/airflow/example_dags/example_skip_dag.py
[2024-05-09T16:42:54.821+0000] {processor.py:840} INFO - DAG(s) 'example_skip_dag' retrieved from /home/airflow/.local/lib/python3.12/site-packages/airflow/example_dags/example_skip_dag.py
[2024-05-09T16:42:54.830+0000] {logging_mixin.py:188} INFO - [2024-05-09T16:42:54.830+0000] {dag.py:3096} INFO - Sync 1 DAGs
[2024-05-09T16:42:54.839+0000] {logging_mixin.py:188} INFO - [2024-05-09T16:42:54.839+0000] {dag.py:3954} INFO - Setting next_dagrun for example_skip_dag to 2024-05-08 00:00:00+00:00, run_after=2024-05-09 00:00:00+00:00
[2024-05-09T16:42:54.845+0000] {processor.py:183} INFO - Processing /home/airflow/.local/lib/python3.12/site-packages/airflow/example_dags/example_skip_dag.py took 0.032 seconds
