[2024-05-09T16:18:57.321+0000] {processor.py:161} INFO - Started process (PID=65) to work on /home/airflow/.local/lib/python3.12/site-packages/airflow/example_dags/example_external_task_marker_dag.py
[2024-05-09T16:18:57.322+0000] {processor.py:830} INFO - Processing file /home/airflow/.local/lib/python3.12/site-packages/airflow/example_dags/example_external_task_marker_dag.py for tasks to queue
[2024-05-09T16:18:57.323+0000] {logging_mixin.py:188} INFO - [2024-05-09T16:18:57.323+0000] {dagbag.py:545} INFO - Filling up the DagBag from /home/airflow/.local/lib/python3.12/site-packages/airflow/example_dags/example_external_task_marker_dag.py
[2024-05-09T16:18:57.327+0000] {processor.py:840} INFO - DAG(s) 'example_external_task_marker_parent', 'example_external_task_marker_child' retrieved from /home/airflow/.local/lib/python3.12/site-packages/airflow/example_dags/example_external_task_marker_dag.py
[2024-05-09T16:18:57.371+0000] {logging_mixin.py:188} INFO - [2024-05-09T16:18:57.370+0000] {override.py:1829} INFO - Created Permission View: can edit on DAG:example_external_task_marker_parent
[2024-05-09T16:18:57.374+0000] {logging_mixin.py:188} INFO - [2024-05-09T16:18:57.374+0000] {override.py:1829} INFO - Created Permission View: can delete on DAG:example_external_task_marker_parent
[2024-05-09T16:18:57.376+0000] {logging_mixin.py:188} INFO - [2024-05-09T16:18:57.376+0000] {override.py:1829} INFO - Created Permission View: can read on DAG:example_external_task_marker_parent
[2024-05-09T16:18:57.380+0000] {logging_mixin.py:188} INFO - [2024-05-09T16:18:57.380+0000] {override.py:1829} INFO - Created Permission View: can edit on DAG:example_external_task_marker_child
[2024-05-09T16:18:57.382+0000] {logging_mixin.py:188} INFO - [2024-05-09T16:18:57.382+0000] {override.py:1829} INFO - Created Permission View: can delete on DAG:example_external_task_marker_child
[2024-05-09T16:18:57.384+0000] {logging_mixin.py:188} INFO - [2024-05-09T16:18:57.384+0000] {override.py:1829} INFO - Created Permission View: can read on DAG:example_external_task_marker_child
[2024-05-09T16:18:57.384+0000] {logging_mixin.py:188} INFO - [2024-05-09T16:18:57.384+0000] {dag.py:3096} INFO - Sync 2 DAGs
[2024-05-09T16:18:57.390+0000] {logging_mixin.py:188} INFO - [2024-05-09T16:18:57.390+0000] {dag.py:3118} INFO - Creating ORM DAG for example_external_task_marker_child
[2024-05-09T16:18:57.390+0000] {logging_mixin.py:188} INFO - [2024-05-09T16:18:57.390+0000] {dag.py:3118} INFO - Creating ORM DAG for example_external_task_marker_parent
[2024-05-09T16:18:57.390+0000] {logging_mixin.py:188} INFO - [2024-05-09T16:18:57.390+0000] {dag.py:3954} INFO - Setting next_dagrun for example_external_task_marker_child to None, run_after=None
[2024-05-09T16:18:57.391+0000] {logging_mixin.py:188} INFO - [2024-05-09T16:18:57.391+0000] {dag.py:3954} INFO - Setting next_dagrun for example_external_task_marker_parent to None, run_after=None
[2024-05-09T16:18:57.397+0000] {processor.py:183} INFO - Processing /home/airflow/.local/lib/python3.12/site-packages/airflow/example_dags/example_external_task_marker_dag.py took 0.079 seconds
[2024-05-09T16:19:28.124+0000] {processor.py:161} INFO - Started process (PID=122) to work on /home/airflow/.local/lib/python3.12/site-packages/airflow/example_dags/example_external_task_marker_dag.py
[2024-05-09T16:19:28.124+0000] {processor.py:830} INFO - Processing file /home/airflow/.local/lib/python3.12/site-packages/airflow/example_dags/example_external_task_marker_dag.py for tasks to queue
[2024-05-09T16:19:28.125+0000] {logging_mixin.py:188} INFO - [2024-05-09T16:19:28.125+0000] {dagbag.py:545} INFO - Filling up the DagBag from /home/airflow/.local/lib/python3.12/site-packages/airflow/example_dags/example_external_task_marker_dag.py
[2024-05-09T16:19:28.128+0000] {processor.py:840} INFO - DAG(s) 'example_external_task_marker_parent', 'example_external_task_marker_child' retrieved from /home/airflow/.local/lib/python3.12/site-packages/airflow/example_dags/example_external_task_marker_dag.py
[2024-05-09T16:19:28.140+0000] {logging_mixin.py:188} INFO - [2024-05-09T16:19:28.139+0000] {dag.py:3096} INFO - Sync 2 DAGs
[2024-05-09T16:19:28.145+0000] {logging_mixin.py:188} INFO - [2024-05-09T16:19:28.144+0000] {dag.py:3954} INFO - Setting next_dagrun for example_external_task_marker_child to None, run_after=None
[2024-05-09T16:19:28.146+0000] {logging_mixin.py:188} INFO - [2024-05-09T16:19:28.146+0000] {dag.py:3954} INFO - Setting next_dagrun for example_external_task_marker_parent to None, run_after=None
[2024-05-09T16:19:28.153+0000] {processor.py:183} INFO - Processing /home/airflow/.local/lib/python3.12/site-packages/airflow/example_dags/example_external_task_marker_dag.py took 0.032 seconds
[2024-05-09T16:19:58.624+0000] {processor.py:161} INFO - Started process (PID=180) to work on /home/airflow/.local/lib/python3.12/site-packages/airflow/example_dags/example_external_task_marker_dag.py
[2024-05-09T16:19:58.625+0000] {processor.py:830} INFO - Processing file /home/airflow/.local/lib/python3.12/site-packages/airflow/example_dags/example_external_task_marker_dag.py for tasks to queue
[2024-05-09T16:19:58.626+0000] {logging_mixin.py:188} INFO - [2024-05-09T16:19:58.626+0000] {dagbag.py:545} INFO - Filling up the DagBag from /home/airflow/.local/lib/python3.12/site-packages/airflow/example_dags/example_external_task_marker_dag.py
[2024-05-09T16:19:58.629+0000] {processor.py:840} INFO - DAG(s) 'example_external_task_marker_parent', 'example_external_task_marker_child' retrieved from /home/airflow/.local/lib/python3.12/site-packages/airflow/example_dags/example_external_task_marker_dag.py
[2024-05-09T16:19:58.639+0000] {logging_mixin.py:188} INFO - [2024-05-09T16:19:58.638+0000] {dag.py:3096} INFO - Sync 2 DAGs
[2024-05-09T16:19:58.643+0000] {logging_mixin.py:188} INFO - [2024-05-09T16:19:58.643+0000] {dag.py:3954} INFO - Setting next_dagrun for example_external_task_marker_child to None, run_after=None
[2024-05-09T16:19:58.645+0000] {logging_mixin.py:188} INFO - [2024-05-09T16:19:58.645+0000] {dag.py:3954} INFO - Setting next_dagrun for example_external_task_marker_parent to None, run_after=None
[2024-05-09T16:19:58.651+0000] {processor.py:183} INFO - Processing /home/airflow/.local/lib/python3.12/site-packages/airflow/example_dags/example_external_task_marker_dag.py took 0.029 seconds
[2024-05-09T16:20:29.147+0000] {processor.py:161} INFO - Started process (PID=238) to work on /home/airflow/.local/lib/python3.12/site-packages/airflow/example_dags/example_external_task_marker_dag.py
[2024-05-09T16:20:29.147+0000] {processor.py:830} INFO - Processing file /home/airflow/.local/lib/python3.12/site-packages/airflow/example_dags/example_external_task_marker_dag.py for tasks to queue
[2024-05-09T16:20:29.148+0000] {logging_mixin.py:188} INFO - [2024-05-09T16:20:29.148+0000] {dagbag.py:545} INFO - Filling up the DagBag from /home/airflow/.local/lib/python3.12/site-packages/airflow/example_dags/example_external_task_marker_dag.py
[2024-05-09T16:20:29.151+0000] {processor.py:840} INFO - DAG(s) 'example_external_task_marker_child', 'example_external_task_marker_parent' retrieved from /home/airflow/.local/lib/python3.12/site-packages/airflow/example_dags/example_external_task_marker_dag.py
[2024-05-09T16:20:29.162+0000] {logging_mixin.py:188} INFO - [2024-05-09T16:20:29.161+0000] {dag.py:3096} INFO - Sync 2 DAGs
[2024-05-09T16:20:29.167+0000] {logging_mixin.py:188} INFO - [2024-05-09T16:20:29.167+0000] {dag.py:3954} INFO - Setting next_dagrun for example_external_task_marker_child to None, run_after=None
[2024-05-09T16:20:29.168+0000] {logging_mixin.py:188} INFO - [2024-05-09T16:20:29.168+0000] {dag.py:3954} INFO - Setting next_dagrun for example_external_task_marker_parent to None, run_after=None
[2024-05-09T16:20:29.175+0000] {processor.py:183} INFO - Processing /home/airflow/.local/lib/python3.12/site-packages/airflow/example_dags/example_external_task_marker_dag.py took 0.031 seconds
[2024-05-09T16:20:59.609+0000] {processor.py:161} INFO - Started process (PID=296) to work on /home/airflow/.local/lib/python3.12/site-packages/airflow/example_dags/example_external_task_marker_dag.py
[2024-05-09T16:20:59.610+0000] {processor.py:830} INFO - Processing file /home/airflow/.local/lib/python3.12/site-packages/airflow/example_dags/example_external_task_marker_dag.py for tasks to queue
[2024-05-09T16:20:59.611+0000] {logging_mixin.py:188} INFO - [2024-05-09T16:20:59.611+0000] {dagbag.py:545} INFO - Filling up the DagBag from /home/airflow/.local/lib/python3.12/site-packages/airflow/example_dags/example_external_task_marker_dag.py
[2024-05-09T16:20:59.614+0000] {processor.py:840} INFO - DAG(s) 'example_external_task_marker_child', 'example_external_task_marker_parent' retrieved from /home/airflow/.local/lib/python3.12/site-packages/airflow/example_dags/example_external_task_marker_dag.py
[2024-05-09T16:20:59.625+0000] {logging_mixin.py:188} INFO - [2024-05-09T16:20:59.624+0000] {dag.py:3096} INFO - Sync 2 DAGs
[2024-05-09T16:20:59.630+0000] {logging_mixin.py:188} INFO - [2024-05-09T16:20:59.630+0000] {dag.py:3954} INFO - Setting next_dagrun for example_external_task_marker_child to None, run_after=None
[2024-05-09T16:20:59.631+0000] {logging_mixin.py:188} INFO - [2024-05-09T16:20:59.631+0000] {dag.py:3954} INFO - Setting next_dagrun for example_external_task_marker_parent to None, run_after=None
[2024-05-09T16:20:59.638+0000] {processor.py:183} INFO - Processing /home/airflow/.local/lib/python3.12/site-packages/airflow/example_dags/example_external_task_marker_dag.py took 0.031 seconds
[2024-05-09T16:21:30.043+0000] {processor.py:161} INFO - Started process (PID=354) to work on /home/airflow/.local/lib/python3.12/site-packages/airflow/example_dags/example_external_task_marker_dag.py
[2024-05-09T16:21:30.043+0000] {processor.py:830} INFO - Processing file /home/airflow/.local/lib/python3.12/site-packages/airflow/example_dags/example_external_task_marker_dag.py for tasks to queue
[2024-05-09T16:21:30.044+0000] {logging_mixin.py:188} INFO - [2024-05-09T16:21:30.044+0000] {dagbag.py:545} INFO - Filling up the DagBag from /home/airflow/.local/lib/python3.12/site-packages/airflow/example_dags/example_external_task_marker_dag.py
[2024-05-09T16:21:30.047+0000] {processor.py:840} INFO - DAG(s) 'example_external_task_marker_parent', 'example_external_task_marker_child' retrieved from /home/airflow/.local/lib/python3.12/site-packages/airflow/example_dags/example_external_task_marker_dag.py
[2024-05-09T16:21:30.059+0000] {logging_mixin.py:188} INFO - [2024-05-09T16:21:30.059+0000] {dag.py:3096} INFO - Sync 2 DAGs
[2024-05-09T16:21:30.065+0000] {logging_mixin.py:188} INFO - [2024-05-09T16:21:30.064+0000] {dag.py:3954} INFO - Setting next_dagrun for example_external_task_marker_child to None, run_after=None
[2024-05-09T16:21:30.066+0000] {logging_mixin.py:188} INFO - [2024-05-09T16:21:30.066+0000] {dag.py:3954} INFO - Setting next_dagrun for example_external_task_marker_parent to None, run_after=None
[2024-05-09T16:21:30.073+0000] {processor.py:183} INFO - Processing /home/airflow/.local/lib/python3.12/site-packages/airflow/example_dags/example_external_task_marker_dag.py took 0.034 seconds
[2024-05-09T16:22:00.569+0000] {processor.py:161} INFO - Started process (PID=412) to work on /home/airflow/.local/lib/python3.12/site-packages/airflow/example_dags/example_external_task_marker_dag.py
[2024-05-09T16:22:00.570+0000] {processor.py:830} INFO - Processing file /home/airflow/.local/lib/python3.12/site-packages/airflow/example_dags/example_external_task_marker_dag.py for tasks to queue
[2024-05-09T16:22:00.576+0000] {logging_mixin.py:188} INFO - [2024-05-09T16:22:00.575+0000] {dagbag.py:545} INFO - Filling up the DagBag from /home/airflow/.local/lib/python3.12/site-packages/airflow/example_dags/example_external_task_marker_dag.py
[2024-05-09T16:22:00.579+0000] {processor.py:840} INFO - DAG(s) 'example_external_task_marker_child', 'example_external_task_marker_parent' retrieved from /home/airflow/.local/lib/python3.12/site-packages/airflow/example_dags/example_external_task_marker_dag.py
[2024-05-09T16:22:00.595+0000] {logging_mixin.py:188} INFO - [2024-05-09T16:22:00.595+0000] {dag.py:3096} INFO - Sync 2 DAGs
[2024-05-09T16:22:00.601+0000] {logging_mixin.py:188} INFO - [2024-05-09T16:22:00.601+0000] {dag.py:3954} INFO - Setting next_dagrun for example_external_task_marker_child to None, run_after=None
[2024-05-09T16:22:00.603+0000] {logging_mixin.py:188} INFO - [2024-05-09T16:22:00.603+0000] {dag.py:3954} INFO - Setting next_dagrun for example_external_task_marker_parent to None, run_after=None
[2024-05-09T16:22:00.610+0000] {processor.py:183} INFO - Processing /home/airflow/.local/lib/python3.12/site-packages/airflow/example_dags/example_external_task_marker_dag.py took 0.044 seconds
[2024-05-09T16:22:31.093+0000] {processor.py:161} INFO - Started process (PID=470) to work on /home/airflow/.local/lib/python3.12/site-packages/airflow/example_dags/example_external_task_marker_dag.py
[2024-05-09T16:22:31.094+0000] {processor.py:830} INFO - Processing file /home/airflow/.local/lib/python3.12/site-packages/airflow/example_dags/example_external_task_marker_dag.py for tasks to queue
[2024-05-09T16:22:31.095+0000] {logging_mixin.py:188} INFO - [2024-05-09T16:22:31.094+0000] {dagbag.py:545} INFO - Filling up the DagBag from /home/airflow/.local/lib/python3.12/site-packages/airflow/example_dags/example_external_task_marker_dag.py
[2024-05-09T16:22:31.098+0000] {processor.py:840} INFO - DAG(s) 'example_external_task_marker_child', 'example_external_task_marker_parent' retrieved from /home/airflow/.local/lib/python3.12/site-packages/airflow/example_dags/example_external_task_marker_dag.py
[2024-05-09T16:22:31.108+0000] {logging_mixin.py:188} INFO - [2024-05-09T16:22:31.108+0000] {dag.py:3096} INFO - Sync 2 DAGs
[2024-05-09T16:22:31.114+0000] {logging_mixin.py:188} INFO - [2024-05-09T16:22:31.114+0000] {dag.py:3954} INFO - Setting next_dagrun for example_external_task_marker_child to None, run_after=None
[2024-05-09T16:22:31.115+0000] {logging_mixin.py:188} INFO - [2024-05-09T16:22:31.115+0000] {dag.py:3954} INFO - Setting next_dagrun for example_external_task_marker_parent to None, run_after=None
[2024-05-09T16:22:31.122+0000] {processor.py:183} INFO - Processing /home/airflow/.local/lib/python3.12/site-packages/airflow/example_dags/example_external_task_marker_dag.py took 0.032 seconds
[2024-05-09T16:23:01.630+0000] {processor.py:161} INFO - Started process (PID=528) to work on /home/airflow/.local/lib/python3.12/site-packages/airflow/example_dags/example_external_task_marker_dag.py
[2024-05-09T16:23:01.631+0000] {processor.py:830} INFO - Processing file /home/airflow/.local/lib/python3.12/site-packages/airflow/example_dags/example_external_task_marker_dag.py for tasks to queue
[2024-05-09T16:23:01.632+0000] {logging_mixin.py:188} INFO - [2024-05-09T16:23:01.632+0000] {dagbag.py:545} INFO - Filling up the DagBag from /home/airflow/.local/lib/python3.12/site-packages/airflow/example_dags/example_external_task_marker_dag.py
[2024-05-09T16:23:01.635+0000] {processor.py:840} INFO - DAG(s) 'example_external_task_marker_child', 'example_external_task_marker_parent' retrieved from /home/airflow/.local/lib/python3.12/site-packages/airflow/example_dags/example_external_task_marker_dag.py
[2024-05-09T16:23:01.647+0000] {logging_mixin.py:188} INFO - [2024-05-09T16:23:01.647+0000] {dag.py:3096} INFO - Sync 2 DAGs
[2024-05-09T16:23:01.653+0000] {logging_mixin.py:188} INFO - [2024-05-09T16:23:01.653+0000] {dag.py:3954} INFO - Setting next_dagrun for example_external_task_marker_child to None, run_after=None
[2024-05-09T16:23:01.654+0000] {logging_mixin.py:188} INFO - [2024-05-09T16:23:01.654+0000] {dag.py:3954} INFO - Setting next_dagrun for example_external_task_marker_parent to None, run_after=None
[2024-05-09T16:23:01.661+0000] {processor.py:183} INFO - Processing /home/airflow/.local/lib/python3.12/site-packages/airflow/example_dags/example_external_task_marker_dag.py took 0.033 seconds
[2024-05-09T16:23:32.072+0000] {processor.py:161} INFO - Started process (PID=586) to work on /home/airflow/.local/lib/python3.12/site-packages/airflow/example_dags/example_external_task_marker_dag.py
[2024-05-09T16:23:32.073+0000] {processor.py:830} INFO - Processing file /home/airflow/.local/lib/python3.12/site-packages/airflow/example_dags/example_external_task_marker_dag.py for tasks to queue
[2024-05-09T16:23:32.074+0000] {logging_mixin.py:188} INFO - [2024-05-09T16:23:32.074+0000] {dagbag.py:545} INFO - Filling up the DagBag from /home/airflow/.local/lib/python3.12/site-packages/airflow/example_dags/example_external_task_marker_dag.py
[2024-05-09T16:23:32.078+0000] {processor.py:840} INFO - DAG(s) 'example_external_task_marker_child', 'example_external_task_marker_parent' retrieved from /home/airflow/.local/lib/python3.12/site-packages/airflow/example_dags/example_external_task_marker_dag.py
[2024-05-09T16:23:32.090+0000] {logging_mixin.py:188} INFO - [2024-05-09T16:23:32.090+0000] {dag.py:3096} INFO - Sync 2 DAGs
[2024-05-09T16:23:32.096+0000] {logging_mixin.py:188} INFO - [2024-05-09T16:23:32.096+0000] {dag.py:3954} INFO - Setting next_dagrun for example_external_task_marker_child to None, run_after=None
[2024-05-09T16:23:32.098+0000] {logging_mixin.py:188} INFO - [2024-05-09T16:23:32.098+0000] {dag.py:3954} INFO - Setting next_dagrun for example_external_task_marker_parent to None, run_after=None
[2024-05-09T16:23:32.105+0000] {processor.py:183} INFO - Processing /home/airflow/.local/lib/python3.12/site-packages/airflow/example_dags/example_external_task_marker_dag.py took 0.035 seconds
[2024-05-09T16:24:02.628+0000] {processor.py:161} INFO - Started process (PID=644) to work on /home/airflow/.local/lib/python3.12/site-packages/airflow/example_dags/example_external_task_marker_dag.py
[2024-05-09T16:24:02.629+0000] {processor.py:830} INFO - Processing file /home/airflow/.local/lib/python3.12/site-packages/airflow/example_dags/example_external_task_marker_dag.py for tasks to queue
[2024-05-09T16:24:02.630+0000] {logging_mixin.py:188} INFO - [2024-05-09T16:24:02.630+0000] {dagbag.py:545} INFO - Filling up the DagBag from /home/airflow/.local/lib/python3.12/site-packages/airflow/example_dags/example_external_task_marker_dag.py
[2024-05-09T16:24:02.634+0000] {processor.py:840} INFO - DAG(s) 'example_external_task_marker_parent', 'example_external_task_marker_child' retrieved from /home/airflow/.local/lib/python3.12/site-packages/airflow/example_dags/example_external_task_marker_dag.py
[2024-05-09T16:24:02.646+0000] {logging_mixin.py:188} INFO - [2024-05-09T16:24:02.646+0000] {dag.py:3096} INFO - Sync 2 DAGs
[2024-05-09T16:24:02.651+0000] {logging_mixin.py:188} INFO - [2024-05-09T16:24:02.651+0000] {dag.py:3954} INFO - Setting next_dagrun for example_external_task_marker_child to None, run_after=None
[2024-05-09T16:24:02.653+0000] {logging_mixin.py:188} INFO - [2024-05-09T16:24:02.653+0000] {dag.py:3954} INFO - Setting next_dagrun for example_external_task_marker_parent to None, run_after=None
[2024-05-09T16:24:02.659+0000] {processor.py:183} INFO - Processing /home/airflow/.local/lib/python3.12/site-packages/airflow/example_dags/example_external_task_marker_dag.py took 0.034 seconds
[2024-05-09T16:24:33.064+0000] {processor.py:161} INFO - Started process (PID=702) to work on /home/airflow/.local/lib/python3.12/site-packages/airflow/example_dags/example_external_task_marker_dag.py
[2024-05-09T16:24:33.064+0000] {processor.py:830} INFO - Processing file /home/airflow/.local/lib/python3.12/site-packages/airflow/example_dags/example_external_task_marker_dag.py for tasks to queue
[2024-05-09T16:24:33.065+0000] {logging_mixin.py:188} INFO - [2024-05-09T16:24:33.065+0000] {dagbag.py:545} INFO - Filling up the DagBag from /home/airflow/.local/lib/python3.12/site-packages/airflow/example_dags/example_external_task_marker_dag.py
[2024-05-09T16:24:33.068+0000] {processor.py:840} INFO - DAG(s) 'example_external_task_marker_child', 'example_external_task_marker_parent' retrieved from /home/airflow/.local/lib/python3.12/site-packages/airflow/example_dags/example_external_task_marker_dag.py
[2024-05-09T16:24:33.079+0000] {logging_mixin.py:188} INFO - [2024-05-09T16:24:33.078+0000] {dag.py:3096} INFO - Sync 2 DAGs
[2024-05-09T16:24:33.084+0000] {logging_mixin.py:188} INFO - [2024-05-09T16:24:33.084+0000] {dag.py:3954} INFO - Setting next_dagrun for example_external_task_marker_child to None, run_after=None
[2024-05-09T16:24:33.085+0000] {logging_mixin.py:188} INFO - [2024-05-09T16:24:33.085+0000] {dag.py:3954} INFO - Setting next_dagrun for example_external_task_marker_parent to None, run_after=None
[2024-05-09T16:24:33.092+0000] {processor.py:183} INFO - Processing /home/airflow/.local/lib/python3.12/site-packages/airflow/example_dags/example_external_task_marker_dag.py took 0.031 seconds
[2024-05-09T16:25:03.516+0000] {processor.py:161} INFO - Started process (PID=764) to work on /home/airflow/.local/lib/python3.12/site-packages/airflow/example_dags/example_external_task_marker_dag.py
[2024-05-09T16:25:03.517+0000] {processor.py:830} INFO - Processing file /home/airflow/.local/lib/python3.12/site-packages/airflow/example_dags/example_external_task_marker_dag.py for tasks to queue
[2024-05-09T16:25:03.518+0000] {logging_mixin.py:188} INFO - [2024-05-09T16:25:03.517+0000] {dagbag.py:545} INFO - Filling up the DagBag from /home/airflow/.local/lib/python3.12/site-packages/airflow/example_dags/example_external_task_marker_dag.py
[2024-05-09T16:25:03.520+0000] {processor.py:840} INFO - DAG(s) 'example_external_task_marker_child', 'example_external_task_marker_parent' retrieved from /home/airflow/.local/lib/python3.12/site-packages/airflow/example_dags/example_external_task_marker_dag.py
[2024-05-09T16:25:03.531+0000] {logging_mixin.py:188} INFO - [2024-05-09T16:25:03.531+0000] {dag.py:3096} INFO - Sync 2 DAGs
[2024-05-09T16:25:03.537+0000] {logging_mixin.py:188} INFO - [2024-05-09T16:25:03.537+0000] {dag.py:3954} INFO - Setting next_dagrun for example_external_task_marker_child to None, run_after=None
[2024-05-09T16:25:03.538+0000] {logging_mixin.py:188} INFO - [2024-05-09T16:25:03.538+0000] {dag.py:3954} INFO - Setting next_dagrun for example_external_task_marker_parent to None, run_after=None
[2024-05-09T16:25:03.545+0000] {processor.py:183} INFO - Processing /home/airflow/.local/lib/python3.12/site-packages/airflow/example_dags/example_external_task_marker_dag.py took 0.031 seconds
[2024-05-09T16:25:33.998+0000] {processor.py:161} INFO - Started process (PID=822) to work on /home/airflow/.local/lib/python3.12/site-packages/airflow/example_dags/example_external_task_marker_dag.py
[2024-05-09T16:25:33.998+0000] {processor.py:830} INFO - Processing file /home/airflow/.local/lib/python3.12/site-packages/airflow/example_dags/example_external_task_marker_dag.py for tasks to queue
[2024-05-09T16:25:33.999+0000] {logging_mixin.py:188} INFO - [2024-05-09T16:25:33.999+0000] {dagbag.py:545} INFO - Filling up the DagBag from /home/airflow/.local/lib/python3.12/site-packages/airflow/example_dags/example_external_task_marker_dag.py
[2024-05-09T16:25:34.002+0000] {processor.py:840} INFO - DAG(s) 'example_external_task_marker_child', 'example_external_task_marker_parent' retrieved from /home/airflow/.local/lib/python3.12/site-packages/airflow/example_dags/example_external_task_marker_dag.py
[2024-05-09T16:25:34.012+0000] {logging_mixin.py:188} INFO - [2024-05-09T16:25:34.012+0000] {dag.py:3096} INFO - Sync 2 DAGs
[2024-05-09T16:25:34.018+0000] {logging_mixin.py:188} INFO - [2024-05-09T16:25:34.018+0000] {dag.py:3954} INFO - Setting next_dagrun for example_external_task_marker_child to None, run_after=None
[2024-05-09T16:25:34.020+0000] {logging_mixin.py:188} INFO - [2024-05-09T16:25:34.020+0000] {dag.py:3954} INFO - Setting next_dagrun for example_external_task_marker_parent to None, run_after=None
[2024-05-09T16:25:34.026+0000] {processor.py:183} INFO - Processing /home/airflow/.local/lib/python3.12/site-packages/airflow/example_dags/example_external_task_marker_dag.py took 0.031 seconds
[2024-05-09T16:26:04.564+0000] {processor.py:161} INFO - Started process (PID=880) to work on /home/airflow/.local/lib/python3.12/site-packages/airflow/example_dags/example_external_task_marker_dag.py
[2024-05-09T16:26:04.565+0000] {processor.py:830} INFO - Processing file /home/airflow/.local/lib/python3.12/site-packages/airflow/example_dags/example_external_task_marker_dag.py for tasks to queue
[2024-05-09T16:26:04.566+0000] {logging_mixin.py:188} INFO - [2024-05-09T16:26:04.566+0000] {dagbag.py:545} INFO - Filling up the DagBag from /home/airflow/.local/lib/python3.12/site-packages/airflow/example_dags/example_external_task_marker_dag.py
[2024-05-09T16:26:04.569+0000] {processor.py:840} INFO - DAG(s) 'example_external_task_marker_child', 'example_external_task_marker_parent' retrieved from /home/airflow/.local/lib/python3.12/site-packages/airflow/example_dags/example_external_task_marker_dag.py
[2024-05-09T16:26:04.579+0000] {logging_mixin.py:188} INFO - [2024-05-09T16:26:04.579+0000] {dag.py:3096} INFO - Sync 2 DAGs
[2024-05-09T16:26:04.585+0000] {logging_mixin.py:188} INFO - [2024-05-09T16:26:04.585+0000] {dag.py:3954} INFO - Setting next_dagrun for example_external_task_marker_child to None, run_after=None
[2024-05-09T16:26:04.586+0000] {logging_mixin.py:188} INFO - [2024-05-09T16:26:04.586+0000] {dag.py:3954} INFO - Setting next_dagrun for example_external_task_marker_parent to None, run_after=None
[2024-05-09T16:26:04.592+0000] {processor.py:183} INFO - Processing /home/airflow/.local/lib/python3.12/site-packages/airflow/example_dags/example_external_task_marker_dag.py took 0.031 seconds
[2024-05-09T16:26:35.041+0000] {processor.py:161} INFO - Started process (PID=938) to work on /home/airflow/.local/lib/python3.12/site-packages/airflow/example_dags/example_external_task_marker_dag.py
[2024-05-09T16:26:35.041+0000] {processor.py:830} INFO - Processing file /home/airflow/.local/lib/python3.12/site-packages/airflow/example_dags/example_external_task_marker_dag.py for tasks to queue
[2024-05-09T16:26:35.042+0000] {logging_mixin.py:188} INFO - [2024-05-09T16:26:35.042+0000] {dagbag.py:545} INFO - Filling up the DagBag from /home/airflow/.local/lib/python3.12/site-packages/airflow/example_dags/example_external_task_marker_dag.py
[2024-05-09T16:26:35.045+0000] {processor.py:840} INFO - DAG(s) 'example_external_task_marker_parent', 'example_external_task_marker_child' retrieved from /home/airflow/.local/lib/python3.12/site-packages/airflow/example_dags/example_external_task_marker_dag.py
[2024-05-09T16:26:35.035+0000] {logging_mixin.py:188} INFO - [2024-05-09T16:26:35.035+0000] {dag.py:3096} INFO - Sync 2 DAGs
[2024-05-09T16:26:35.040+0000] {logging_mixin.py:188} INFO - [2024-05-09T16:26:35.040+0000] {dag.py:3954} INFO - Setting next_dagrun for example_external_task_marker_child to None, run_after=None
[2024-05-09T16:26:35.042+0000] {logging_mixin.py:188} INFO - [2024-05-09T16:26:35.041+0000] {dag.py:3954} INFO - Setting next_dagrun for example_external_task_marker_parent to None, run_after=None
[2024-05-09T16:26:35.048+0000] {processor.py:183} INFO - Processing /home/airflow/.local/lib/python3.12/site-packages/airflow/example_dags/example_external_task_marker_dag.py took 0.032 seconds
[2024-05-09T16:27:05.511+0000] {processor.py:161} INFO - Started process (PID=996) to work on /home/airflow/.local/lib/python3.12/site-packages/airflow/example_dags/example_external_task_marker_dag.py
[2024-05-09T16:27:05.512+0000] {processor.py:830} INFO - Processing file /home/airflow/.local/lib/python3.12/site-packages/airflow/example_dags/example_external_task_marker_dag.py for tasks to queue
[2024-05-09T16:27:05.513+0000] {logging_mixin.py:188} INFO - [2024-05-09T16:27:05.513+0000] {dagbag.py:545} INFO - Filling up the DagBag from /home/airflow/.local/lib/python3.12/site-packages/airflow/example_dags/example_external_task_marker_dag.py
[2024-05-09T16:27:05.516+0000] {processor.py:840} INFO - DAG(s) 'example_external_task_marker_parent', 'example_external_task_marker_child' retrieved from /home/airflow/.local/lib/python3.12/site-packages/airflow/example_dags/example_external_task_marker_dag.py
[2024-05-09T16:27:05.529+0000] {logging_mixin.py:188} INFO - [2024-05-09T16:27:05.528+0000] {dag.py:3096} INFO - Sync 2 DAGs
[2024-05-09T16:27:05.535+0000] {logging_mixin.py:188} INFO - [2024-05-09T16:27:05.535+0000] {dag.py:3954} INFO - Setting next_dagrun for example_external_task_marker_child to None, run_after=None
[2024-05-09T16:27:05.537+0000] {logging_mixin.py:188} INFO - [2024-05-09T16:27:05.537+0000] {dag.py:3954} INFO - Setting next_dagrun for example_external_task_marker_parent to None, run_after=None
[2024-05-09T16:27:05.544+0000] {processor.py:183} INFO - Processing /home/airflow/.local/lib/python3.12/site-packages/airflow/example_dags/example_external_task_marker_dag.py took 0.035 seconds
[2024-05-09T16:27:36.031+0000] {processor.py:161} INFO - Started process (PID=1054) to work on /home/airflow/.local/lib/python3.12/site-packages/airflow/example_dags/example_external_task_marker_dag.py
[2024-05-09T16:27:36.031+0000] {processor.py:830} INFO - Processing file /home/airflow/.local/lib/python3.12/site-packages/airflow/example_dags/example_external_task_marker_dag.py for tasks to queue
[2024-05-09T16:27:36.032+0000] {logging_mixin.py:188} INFO - [2024-05-09T16:27:36.032+0000] {dagbag.py:545} INFO - Filling up the DagBag from /home/airflow/.local/lib/python3.12/site-packages/airflow/example_dags/example_external_task_marker_dag.py
[2024-05-09T16:27:36.035+0000] {processor.py:840} INFO - DAG(s) 'example_external_task_marker_child', 'example_external_task_marker_parent' retrieved from /home/airflow/.local/lib/python3.12/site-packages/airflow/example_dags/example_external_task_marker_dag.py
[2024-05-09T16:27:36.046+0000] {logging_mixin.py:188} INFO - [2024-05-09T16:27:36.046+0000] {dag.py:3096} INFO - Sync 2 DAGs
[2024-05-09T16:27:36.051+0000] {logging_mixin.py:188} INFO - [2024-05-09T16:27:36.051+0000] {dag.py:3954} INFO - Setting next_dagrun for example_external_task_marker_child to None, run_after=None
[2024-05-09T16:27:36.053+0000] {logging_mixin.py:188} INFO - [2024-05-09T16:27:36.053+0000] {dag.py:3954} INFO - Setting next_dagrun for example_external_task_marker_parent to None, run_after=None
[2024-05-09T16:27:36.059+0000] {processor.py:183} INFO - Processing /home/airflow/.local/lib/python3.12/site-packages/airflow/example_dags/example_external_task_marker_dag.py took 0.031 seconds
[2024-05-09T16:28:06.576+0000] {processor.py:161} INFO - Started process (PID=1112) to work on /home/airflow/.local/lib/python3.12/site-packages/airflow/example_dags/example_external_task_marker_dag.py
[2024-05-09T16:28:06.576+0000] {processor.py:830} INFO - Processing file /home/airflow/.local/lib/python3.12/site-packages/airflow/example_dags/example_external_task_marker_dag.py for tasks to queue
[2024-05-09T16:28:06.577+0000] {logging_mixin.py:188} INFO - [2024-05-09T16:28:06.577+0000] {dagbag.py:545} INFO - Filling up the DagBag from /home/airflow/.local/lib/python3.12/site-packages/airflow/example_dags/example_external_task_marker_dag.py
[2024-05-09T16:28:06.580+0000] {processor.py:840} INFO - DAG(s) 'example_external_task_marker_child', 'example_external_task_marker_parent' retrieved from /home/airflow/.local/lib/python3.12/site-packages/airflow/example_dags/example_external_task_marker_dag.py
[2024-05-09T16:28:06.590+0000] {logging_mixin.py:188} INFO - [2024-05-09T16:28:06.590+0000] {dag.py:3096} INFO - Sync 2 DAGs
[2024-05-09T16:28:06.596+0000] {logging_mixin.py:188} INFO - [2024-05-09T16:28:06.596+0000] {dag.py:3954} INFO - Setting next_dagrun for example_external_task_marker_child to None, run_after=None
[2024-05-09T16:28:06.597+0000] {logging_mixin.py:188} INFO - [2024-05-09T16:28:06.597+0000] {dag.py:3954} INFO - Setting next_dagrun for example_external_task_marker_parent to None, run_after=None
[2024-05-09T16:28:06.603+0000] {processor.py:183} INFO - Processing /home/airflow/.local/lib/python3.12/site-packages/airflow/example_dags/example_external_task_marker_dag.py took 0.030 seconds
[2024-05-09T16:28:37.106+0000] {processor.py:161} INFO - Started process (PID=1170) to work on /home/airflow/.local/lib/python3.12/site-packages/airflow/example_dags/example_external_task_marker_dag.py
[2024-05-09T16:28:37.107+0000] {processor.py:830} INFO - Processing file /home/airflow/.local/lib/python3.12/site-packages/airflow/example_dags/example_external_task_marker_dag.py for tasks to queue
[2024-05-09T16:28:37.108+0000] {logging_mixin.py:188} INFO - [2024-05-09T16:28:37.108+0000] {dagbag.py:545} INFO - Filling up the DagBag from /home/airflow/.local/lib/python3.12/site-packages/airflow/example_dags/example_external_task_marker_dag.py
[2024-05-09T16:28:37.111+0000] {processor.py:840} INFO - DAG(s) 'example_external_task_marker_parent', 'example_external_task_marker_child' retrieved from /home/airflow/.local/lib/python3.12/site-packages/airflow/example_dags/example_external_task_marker_dag.py
[2024-05-09T16:28:37.121+0000] {logging_mixin.py:188} INFO - [2024-05-09T16:28:37.121+0000] {dag.py:3096} INFO - Sync 2 DAGs
[2024-05-09T16:28:37.126+0000] {logging_mixin.py:188} INFO - [2024-05-09T16:28:37.126+0000] {dag.py:3954} INFO - Setting next_dagrun for example_external_task_marker_child to None, run_after=None
[2024-05-09T16:28:37.127+0000] {logging_mixin.py:188} INFO - [2024-05-09T16:28:37.127+0000] {dag.py:3954} INFO - Setting next_dagrun for example_external_task_marker_parent to None, run_after=None
[2024-05-09T16:28:37.133+0000] {processor.py:183} INFO - Processing /home/airflow/.local/lib/python3.12/site-packages/airflow/example_dags/example_external_task_marker_dag.py took 0.030 seconds
[2024-05-09T16:29:07.630+0000] {processor.py:161} INFO - Started process (PID=1228) to work on /home/airflow/.local/lib/python3.12/site-packages/airflow/example_dags/example_external_task_marker_dag.py
[2024-05-09T16:29:07.630+0000] {processor.py:830} INFO - Processing file /home/airflow/.local/lib/python3.12/site-packages/airflow/example_dags/example_external_task_marker_dag.py for tasks to queue
[2024-05-09T16:29:07.631+0000] {logging_mixin.py:188} INFO - [2024-05-09T16:29:07.631+0000] {dagbag.py:545} INFO - Filling up the DagBag from /home/airflow/.local/lib/python3.12/site-packages/airflow/example_dags/example_external_task_marker_dag.py
[2024-05-09T16:29:07.634+0000] {processor.py:840} INFO - DAG(s) 'example_external_task_marker_parent', 'example_external_task_marker_child' retrieved from /home/airflow/.local/lib/python3.12/site-packages/airflow/example_dags/example_external_task_marker_dag.py
[2024-05-09T16:29:07.645+0000] {logging_mixin.py:188} INFO - [2024-05-09T16:29:07.645+0000] {dag.py:3096} INFO - Sync 2 DAGs
[2024-05-09T16:29:07.651+0000] {logging_mixin.py:188} INFO - [2024-05-09T16:29:07.650+0000] {dag.py:3954} INFO - Setting next_dagrun for example_external_task_marker_child to None, run_after=None
[2024-05-09T16:29:07.652+0000] {logging_mixin.py:188} INFO - [2024-05-09T16:29:07.652+0000] {dag.py:3954} INFO - Setting next_dagrun for example_external_task_marker_parent to None, run_after=None
[2024-05-09T16:29:07.658+0000] {processor.py:183} INFO - Processing /home/airflow/.local/lib/python3.12/site-packages/airflow/example_dags/example_external_task_marker_dag.py took 0.032 seconds
[2024-05-09T16:29:38.163+0000] {processor.py:161} INFO - Started process (PID=1286) to work on /home/airflow/.local/lib/python3.12/site-packages/airflow/example_dags/example_external_task_marker_dag.py
[2024-05-09T16:29:38.163+0000] {processor.py:830} INFO - Processing file /home/airflow/.local/lib/python3.12/site-packages/airflow/example_dags/example_external_task_marker_dag.py for tasks to queue
[2024-05-09T16:29:38.165+0000] {logging_mixin.py:188} INFO - [2024-05-09T16:29:38.164+0000] {dagbag.py:545} INFO - Filling up the DagBag from /home/airflow/.local/lib/python3.12/site-packages/airflow/example_dags/example_external_task_marker_dag.py
[2024-05-09T16:29:38.168+0000] {processor.py:840} INFO - DAG(s) 'example_external_task_marker_child', 'example_external_task_marker_parent' retrieved from /home/airflow/.local/lib/python3.12/site-packages/airflow/example_dags/example_external_task_marker_dag.py
[2024-05-09T16:29:38.185+0000] {logging_mixin.py:188} INFO - [2024-05-09T16:29:38.184+0000] {dag.py:3096} INFO - Sync 2 DAGs
[2024-05-09T16:29:38.193+0000] {logging_mixin.py:188} INFO - [2024-05-09T16:29:38.192+0000] {dag.py:3954} INFO - Setting next_dagrun for example_external_task_marker_child to None, run_after=None
[2024-05-09T16:29:38.196+0000] {logging_mixin.py:188} INFO - [2024-05-09T16:29:38.195+0000] {dag.py:3954} INFO - Setting next_dagrun for example_external_task_marker_parent to None, run_after=None
[2024-05-09T16:29:38.205+0000] {processor.py:183} INFO - Processing /home/airflow/.local/lib/python3.12/site-packages/airflow/example_dags/example_external_task_marker_dag.py took 0.045 seconds
[2024-05-09T16:30:08.774+0000] {processor.py:161} INFO - Started process (PID=1344) to work on /home/airflow/.local/lib/python3.12/site-packages/airflow/example_dags/example_external_task_marker_dag.py
[2024-05-09T16:30:08.774+0000] {processor.py:830} INFO - Processing file /home/airflow/.local/lib/python3.12/site-packages/airflow/example_dags/example_external_task_marker_dag.py for tasks to queue
[2024-05-09T16:30:08.775+0000] {logging_mixin.py:188} INFO - [2024-05-09T16:30:08.775+0000] {dagbag.py:545} INFO - Filling up the DagBag from /home/airflow/.local/lib/python3.12/site-packages/airflow/example_dags/example_external_task_marker_dag.py
[2024-05-09T16:30:08.778+0000] {processor.py:840} INFO - DAG(s) 'example_external_task_marker_parent', 'example_external_task_marker_child' retrieved from /home/airflow/.local/lib/python3.12/site-packages/airflow/example_dags/example_external_task_marker_dag.py
[2024-05-09T16:30:08.788+0000] {logging_mixin.py:188} INFO - [2024-05-09T16:30:08.788+0000] {dag.py:3096} INFO - Sync 2 DAGs
[2024-05-09T16:30:08.793+0000] {logging_mixin.py:188} INFO - [2024-05-09T16:30:08.793+0000] {dag.py:3954} INFO - Setting next_dagrun for example_external_task_marker_child to None, run_after=None
[2024-05-09T16:30:08.795+0000] {logging_mixin.py:188} INFO - [2024-05-09T16:30:08.795+0000] {dag.py:3954} INFO - Setting next_dagrun for example_external_task_marker_parent to None, run_after=None
[2024-05-09T16:30:08.801+0000] {processor.py:183} INFO - Processing /home/airflow/.local/lib/python3.12/site-packages/airflow/example_dags/example_external_task_marker_dag.py took 0.030 seconds
[2024-05-09T16:30:39.342+0000] {processor.py:161} INFO - Started process (PID=1402) to work on /home/airflow/.local/lib/python3.12/site-packages/airflow/example_dags/example_external_task_marker_dag.py
[2024-05-09T16:30:39.343+0000] {processor.py:830} INFO - Processing file /home/airflow/.local/lib/python3.12/site-packages/airflow/example_dags/example_external_task_marker_dag.py for tasks to queue
[2024-05-09T16:30:39.344+0000] {logging_mixin.py:188} INFO - [2024-05-09T16:30:39.343+0000] {dagbag.py:545} INFO - Filling up the DagBag from /home/airflow/.local/lib/python3.12/site-packages/airflow/example_dags/example_external_task_marker_dag.py
[2024-05-09T16:30:39.347+0000] {processor.py:840} INFO - DAG(s) 'example_external_task_marker_child', 'example_external_task_marker_parent' retrieved from /home/airflow/.local/lib/python3.12/site-packages/airflow/example_dags/example_external_task_marker_dag.py
[2024-05-09T16:30:39.356+0000] {logging_mixin.py:188} INFO - [2024-05-09T16:30:39.356+0000] {dag.py:3096} INFO - Sync 2 DAGs
[2024-05-09T16:30:39.361+0000] {logging_mixin.py:188} INFO - [2024-05-09T16:30:39.361+0000] {dag.py:3954} INFO - Setting next_dagrun for example_external_task_marker_child to None, run_after=None
[2024-05-09T16:30:39.363+0000] {logging_mixin.py:188} INFO - [2024-05-09T16:30:39.363+0000] {dag.py:3954} INFO - Setting next_dagrun for example_external_task_marker_parent to None, run_after=None
[2024-05-09T16:30:39.369+0000] {processor.py:183} INFO - Processing /home/airflow/.local/lib/python3.12/site-packages/airflow/example_dags/example_external_task_marker_dag.py took 0.029 seconds
[2024-05-09T16:31:09.868+0000] {processor.py:161} INFO - Started process (PID=1460) to work on /home/airflow/.local/lib/python3.12/site-packages/airflow/example_dags/example_external_task_marker_dag.py
[2024-05-09T16:31:09.869+0000] {processor.py:830} INFO - Processing file /home/airflow/.local/lib/python3.12/site-packages/airflow/example_dags/example_external_task_marker_dag.py for tasks to queue
[2024-05-09T16:31:09.870+0000] {logging_mixin.py:188} INFO - [2024-05-09T16:31:09.870+0000] {dagbag.py:545} INFO - Filling up the DagBag from /home/airflow/.local/lib/python3.12/site-packages/airflow/example_dags/example_external_task_marker_dag.py
[2024-05-09T16:31:09.873+0000] {processor.py:840} INFO - DAG(s) 'example_external_task_marker_parent', 'example_external_task_marker_child' retrieved from /home/airflow/.local/lib/python3.12/site-packages/airflow/example_dags/example_external_task_marker_dag.py
[2024-05-09T16:31:09.883+0000] {logging_mixin.py:188} INFO - [2024-05-09T16:31:09.883+0000] {dag.py:3096} INFO - Sync 2 DAGs
[2024-05-09T16:31:09.888+0000] {logging_mixin.py:188} INFO - [2024-05-09T16:31:09.888+0000] {dag.py:3954} INFO - Setting next_dagrun for example_external_task_marker_child to None, run_after=None
[2024-05-09T16:31:09.890+0000] {logging_mixin.py:188} INFO - [2024-05-09T16:31:09.890+0000] {dag.py:3954} INFO - Setting next_dagrun for example_external_task_marker_parent to None, run_after=None
[2024-05-09T16:31:09.896+0000] {processor.py:183} INFO - Processing /home/airflow/.local/lib/python3.12/site-packages/airflow/example_dags/example_external_task_marker_dag.py took 0.030 seconds
[2024-05-09T16:31:40.413+0000] {processor.py:161} INFO - Started process (PID=1518) to work on /home/airflow/.local/lib/python3.12/site-packages/airflow/example_dags/example_external_task_marker_dag.py
[2024-05-09T16:31:40.414+0000] {processor.py:830} INFO - Processing file /home/airflow/.local/lib/python3.12/site-packages/airflow/example_dags/example_external_task_marker_dag.py for tasks to queue
[2024-05-09T16:31:40.415+0000] {logging_mixin.py:188} INFO - [2024-05-09T16:31:40.415+0000] {dagbag.py:545} INFO - Filling up the DagBag from /home/airflow/.local/lib/python3.12/site-packages/airflow/example_dags/example_external_task_marker_dag.py
[2024-05-09T16:31:40.418+0000] {processor.py:840} INFO - DAG(s) 'example_external_task_marker_child', 'example_external_task_marker_parent' retrieved from /home/airflow/.local/lib/python3.12/site-packages/airflow/example_dags/example_external_task_marker_dag.py
[2024-05-09T16:31:40.428+0000] {logging_mixin.py:188} INFO - [2024-05-09T16:31:40.428+0000] {dag.py:3096} INFO - Sync 2 DAGs
[2024-05-09T16:31:40.433+0000] {logging_mixin.py:188} INFO - [2024-05-09T16:31:40.433+0000] {dag.py:3954} INFO - Setting next_dagrun for example_external_task_marker_child to None, run_after=None
[2024-05-09T16:31:40.435+0000] {logging_mixin.py:188} INFO - [2024-05-09T16:31:40.435+0000] {dag.py:3954} INFO - Setting next_dagrun for example_external_task_marker_parent to None, run_after=None
[2024-05-09T16:31:40.441+0000] {processor.py:183} INFO - Processing /home/airflow/.local/lib/python3.12/site-packages/airflow/example_dags/example_external_task_marker_dag.py took 0.031 seconds
[2024-05-09T16:32:10.969+0000] {processor.py:161} INFO - Started process (PID=1576) to work on /home/airflow/.local/lib/python3.12/site-packages/airflow/example_dags/example_external_task_marker_dag.py
[2024-05-09T16:32:10.969+0000] {processor.py:830} INFO - Processing file /home/airflow/.local/lib/python3.12/site-packages/airflow/example_dags/example_external_task_marker_dag.py for tasks to queue
[2024-05-09T16:32:10.970+0000] {logging_mixin.py:188} INFO - [2024-05-09T16:32:10.970+0000] {dagbag.py:545} INFO - Filling up the DagBag from /home/airflow/.local/lib/python3.12/site-packages/airflow/example_dags/example_external_task_marker_dag.py
[2024-05-09T16:32:10.973+0000] {processor.py:840} INFO - DAG(s) 'example_external_task_marker_child', 'example_external_task_marker_parent' retrieved from /home/airflow/.local/lib/python3.12/site-packages/airflow/example_dags/example_external_task_marker_dag.py
[2024-05-09T16:32:10.983+0000] {logging_mixin.py:188} INFO - [2024-05-09T16:32:10.983+0000] {dag.py:3096} INFO - Sync 2 DAGs
[2024-05-09T16:32:10.989+0000] {logging_mixin.py:188} INFO - [2024-05-09T16:32:10.989+0000] {dag.py:3954} INFO - Setting next_dagrun for example_external_task_marker_child to None, run_after=None
[2024-05-09T16:32:10.991+0000] {logging_mixin.py:188} INFO - [2024-05-09T16:32:10.991+0000] {dag.py:3954} INFO - Setting next_dagrun for example_external_task_marker_parent to None, run_after=None
[2024-05-09T16:32:10.997+0000] {processor.py:183} INFO - Processing /home/airflow/.local/lib/python3.12/site-packages/airflow/example_dags/example_external_task_marker_dag.py took 0.031 seconds
[2024-05-09T16:32:41.559+0000] {processor.py:161} INFO - Started process (PID=1634) to work on /home/airflow/.local/lib/python3.12/site-packages/airflow/example_dags/example_external_task_marker_dag.py
[2024-05-09T16:32:41.559+0000] {processor.py:830} INFO - Processing file /home/airflow/.local/lib/python3.12/site-packages/airflow/example_dags/example_external_task_marker_dag.py for tasks to queue
[2024-05-09T16:32:41.560+0000] {logging_mixin.py:188} INFO - [2024-05-09T16:32:41.560+0000] {dagbag.py:545} INFO - Filling up the DagBag from /home/airflow/.local/lib/python3.12/site-packages/airflow/example_dags/example_external_task_marker_dag.py
[2024-05-09T16:32:41.563+0000] {processor.py:840} INFO - DAG(s) 'example_external_task_marker_parent', 'example_external_task_marker_child' retrieved from /home/airflow/.local/lib/python3.12/site-packages/airflow/example_dags/example_external_task_marker_dag.py
[2024-05-09T16:32:41.574+0000] {logging_mixin.py:188} INFO - [2024-05-09T16:32:41.574+0000] {dag.py:3096} INFO - Sync 2 DAGs
[2024-05-09T16:32:41.579+0000] {logging_mixin.py:188} INFO - [2024-05-09T16:32:41.579+0000] {dag.py:3954} INFO - Setting next_dagrun for example_external_task_marker_child to None, run_after=None
[2024-05-09T16:32:41.581+0000] {logging_mixin.py:188} INFO - [2024-05-09T16:32:41.581+0000] {dag.py:3954} INFO - Setting next_dagrun for example_external_task_marker_parent to None, run_after=None
[2024-05-09T16:32:41.588+0000] {processor.py:183} INFO - Processing /home/airflow/.local/lib/python3.12/site-packages/airflow/example_dags/example_external_task_marker_dag.py took 0.032 seconds
[2024-05-09T16:33:12.090+0000] {processor.py:161} INFO - Started process (PID=1692) to work on /home/airflow/.local/lib/python3.12/site-packages/airflow/example_dags/example_external_task_marker_dag.py
[2024-05-09T16:33:12.090+0000] {processor.py:830} INFO - Processing file /home/airflow/.local/lib/python3.12/site-packages/airflow/example_dags/example_external_task_marker_dag.py for tasks to queue
[2024-05-09T16:33:12.091+0000] {logging_mixin.py:188} INFO - [2024-05-09T16:33:12.091+0000] {dagbag.py:545} INFO - Filling up the DagBag from /home/airflow/.local/lib/python3.12/site-packages/airflow/example_dags/example_external_task_marker_dag.py
[2024-05-09T16:33:12.094+0000] {processor.py:840} INFO - DAG(s) 'example_external_task_marker_parent', 'example_external_task_marker_child' retrieved from /home/airflow/.local/lib/python3.12/site-packages/airflow/example_dags/example_external_task_marker_dag.py
[2024-05-09T16:33:12.105+0000] {logging_mixin.py:188} INFO - [2024-05-09T16:33:12.105+0000] {dag.py:3096} INFO - Sync 2 DAGs
[2024-05-09T16:33:12.110+0000] {logging_mixin.py:188} INFO - [2024-05-09T16:33:12.110+0000] {dag.py:3954} INFO - Setting next_dagrun for example_external_task_marker_child to None, run_after=None
[2024-05-09T16:33:12.112+0000] {logging_mixin.py:188} INFO - [2024-05-09T16:33:12.112+0000] {dag.py:3954} INFO - Setting next_dagrun for example_external_task_marker_parent to None, run_after=None
[2024-05-09T16:33:12.119+0000] {processor.py:183} INFO - Processing /home/airflow/.local/lib/python3.12/site-packages/airflow/example_dags/example_external_task_marker_dag.py took 0.032 seconds
[2024-05-09T16:33:42.655+0000] {processor.py:161} INFO - Started process (PID=1750) to work on /home/airflow/.local/lib/python3.12/site-packages/airflow/example_dags/example_external_task_marker_dag.py
[2024-05-09T16:33:42.655+0000] {processor.py:830} INFO - Processing file /home/airflow/.local/lib/python3.12/site-packages/airflow/example_dags/example_external_task_marker_dag.py for tasks to queue
[2024-05-09T16:33:42.656+0000] {logging_mixin.py:188} INFO - [2024-05-09T16:33:42.656+0000] {dagbag.py:545} INFO - Filling up the DagBag from /home/airflow/.local/lib/python3.12/site-packages/airflow/example_dags/example_external_task_marker_dag.py
[2024-05-09T16:33:42.659+0000] {processor.py:840} INFO - DAG(s) 'example_external_task_marker_child', 'example_external_task_marker_parent' retrieved from /home/airflow/.local/lib/python3.12/site-packages/airflow/example_dags/example_external_task_marker_dag.py
[2024-05-09T16:33:42.671+0000] {logging_mixin.py:188} INFO - [2024-05-09T16:33:42.671+0000] {dag.py:3096} INFO - Sync 2 DAGs
[2024-05-09T16:33:42.676+0000] {logging_mixin.py:188} INFO - [2024-05-09T16:33:42.676+0000] {dag.py:3954} INFO - Setting next_dagrun for example_external_task_marker_child to None, run_after=None
[2024-05-09T16:33:42.678+0000] {logging_mixin.py:188} INFO - [2024-05-09T16:33:42.678+0000] {dag.py:3954} INFO - Setting next_dagrun for example_external_task_marker_parent to None, run_after=None
[2024-05-09T16:33:42.684+0000] {processor.py:183} INFO - Processing /home/airflow/.local/lib/python3.12/site-packages/airflow/example_dags/example_external_task_marker_dag.py took 0.033 seconds
[2024-05-09T16:34:13.421+0000] {processor.py:161} INFO - Started process (PID=1808) to work on /home/airflow/.local/lib/python3.12/site-packages/airflow/example_dags/example_external_task_marker_dag.py
[2024-05-09T16:34:13.422+0000] {processor.py:830} INFO - Processing file /home/airflow/.local/lib/python3.12/site-packages/airflow/example_dags/example_external_task_marker_dag.py for tasks to queue
[2024-05-09T16:34:13.423+0000] {logging_mixin.py:188} INFO - [2024-05-09T16:34:13.423+0000] {dagbag.py:545} INFO - Filling up the DagBag from /home/airflow/.local/lib/python3.12/site-packages/airflow/example_dags/example_external_task_marker_dag.py
[2024-05-09T16:34:13.426+0000] {processor.py:840} INFO - DAG(s) 'example_external_task_marker_parent', 'example_external_task_marker_child' retrieved from /home/airflow/.local/lib/python3.12/site-packages/airflow/example_dags/example_external_task_marker_dag.py
[2024-05-09T16:34:13.436+0000] {logging_mixin.py:188} INFO - [2024-05-09T16:34:13.436+0000] {dag.py:3096} INFO - Sync 2 DAGs
[2024-05-09T16:34:13.442+0000] {logging_mixin.py:188} INFO - [2024-05-09T16:34:13.442+0000] {dag.py:3954} INFO - Setting next_dagrun for example_external_task_marker_child to None, run_after=None
[2024-05-09T16:34:13.443+0000] {logging_mixin.py:188} INFO - [2024-05-09T16:34:13.443+0000] {dag.py:3954} INFO - Setting next_dagrun for example_external_task_marker_parent to None, run_after=None
[2024-05-09T16:34:13.450+0000] {processor.py:183} INFO - Processing /home/airflow/.local/lib/python3.12/site-packages/airflow/example_dags/example_external_task_marker_dag.py took 0.031 seconds
[2024-05-09T16:34:43.945+0000] {processor.py:161} INFO - Started process (PID=1866) to work on /home/airflow/.local/lib/python3.12/site-packages/airflow/example_dags/example_external_task_marker_dag.py
[2024-05-09T16:34:43.946+0000] {processor.py:830} INFO - Processing file /home/airflow/.local/lib/python3.12/site-packages/airflow/example_dags/example_external_task_marker_dag.py for tasks to queue
[2024-05-09T16:34:43.947+0000] {logging_mixin.py:188} INFO - [2024-05-09T16:34:43.946+0000] {dagbag.py:545} INFO - Filling up the DagBag from /home/airflow/.local/lib/python3.12/site-packages/airflow/example_dags/example_external_task_marker_dag.py
[2024-05-09T16:34:43.950+0000] {processor.py:840} INFO - DAG(s) 'example_external_task_marker_parent', 'example_external_task_marker_child' retrieved from /home/airflow/.local/lib/python3.12/site-packages/airflow/example_dags/example_external_task_marker_dag.py
[2024-05-09T16:34:43.960+0000] {logging_mixin.py:188} INFO - [2024-05-09T16:34:43.960+0000] {dag.py:3096} INFO - Sync 2 DAGs
[2024-05-09T16:34:43.965+0000] {logging_mixin.py:188} INFO - [2024-05-09T16:34:43.965+0000] {dag.py:3954} INFO - Setting next_dagrun for example_external_task_marker_child to None, run_after=None
[2024-05-09T16:34:43.967+0000] {logging_mixin.py:188} INFO - [2024-05-09T16:34:43.967+0000] {dag.py:3954} INFO - Setting next_dagrun for example_external_task_marker_parent to None, run_after=None
[2024-05-09T16:34:43.973+0000] {processor.py:183} INFO - Processing /home/airflow/.local/lib/python3.12/site-packages/airflow/example_dags/example_external_task_marker_dag.py took 0.031 seconds
[2024-05-09T16:35:14.408+0000] {processor.py:161} INFO - Started process (PID=1924) to work on /home/airflow/.local/lib/python3.12/site-packages/airflow/example_dags/example_external_task_marker_dag.py
[2024-05-09T16:35:14.408+0000] {processor.py:830} INFO - Processing file /home/airflow/.local/lib/python3.12/site-packages/airflow/example_dags/example_external_task_marker_dag.py for tasks to queue
[2024-05-09T16:35:14.409+0000] {logging_mixin.py:188} INFO - [2024-05-09T16:35:14.409+0000] {dagbag.py:545} INFO - Filling up the DagBag from /home/airflow/.local/lib/python3.12/site-packages/airflow/example_dags/example_external_task_marker_dag.py
[2024-05-09T16:35:14.412+0000] {processor.py:840} INFO - DAG(s) 'example_external_task_marker_parent', 'example_external_task_marker_child' retrieved from /home/airflow/.local/lib/python3.12/site-packages/airflow/example_dags/example_external_task_marker_dag.py
[2024-05-09T16:35:14.422+0000] {logging_mixin.py:188} INFO - [2024-05-09T16:35:14.422+0000] {dag.py:3096} INFO - Sync 2 DAGs
[2024-05-09T16:35:14.428+0000] {logging_mixin.py:188} INFO - [2024-05-09T16:35:14.428+0000] {dag.py:3954} INFO - Setting next_dagrun for example_external_task_marker_child to None, run_after=None
[2024-05-09T16:35:14.429+0000] {logging_mixin.py:188} INFO - [2024-05-09T16:35:14.429+0000] {dag.py:3954} INFO - Setting next_dagrun for example_external_task_marker_parent to None, run_after=None
[2024-05-09T16:35:14.436+0000] {processor.py:183} INFO - Processing /home/airflow/.local/lib/python3.12/site-packages/airflow/example_dags/example_external_task_marker_dag.py took 0.031 seconds
[2024-05-09T16:35:45.095+0000] {processor.py:161} INFO - Started process (PID=1982) to work on /home/airflow/.local/lib/python3.12/site-packages/airflow/example_dags/example_external_task_marker_dag.py
[2024-05-09T16:35:45.096+0000] {processor.py:830} INFO - Processing file /home/airflow/.local/lib/python3.12/site-packages/airflow/example_dags/example_external_task_marker_dag.py for tasks to queue
[2024-05-09T16:35:45.097+0000] {logging_mixin.py:188} INFO - [2024-05-09T16:35:45.097+0000] {dagbag.py:545} INFO - Filling up the DagBag from /home/airflow/.local/lib/python3.12/site-packages/airflow/example_dags/example_external_task_marker_dag.py
[2024-05-09T16:35:45.100+0000] {processor.py:840} INFO - DAG(s) 'example_external_task_marker_parent', 'example_external_task_marker_child' retrieved from /home/airflow/.local/lib/python3.12/site-packages/airflow/example_dags/example_external_task_marker_dag.py
[2024-05-09T16:35:45.111+0000] {logging_mixin.py:188} INFO - [2024-05-09T16:35:45.111+0000] {dag.py:3096} INFO - Sync 2 DAGs
[2024-05-09T16:35:45.116+0000] {logging_mixin.py:188} INFO - [2024-05-09T16:35:45.116+0000] {dag.py:3954} INFO - Setting next_dagrun for example_external_task_marker_child to None, run_after=None
[2024-05-09T16:35:45.118+0000] {logging_mixin.py:188} INFO - [2024-05-09T16:35:45.117+0000] {dag.py:3954} INFO - Setting next_dagrun for example_external_task_marker_parent to None, run_after=None
[2024-05-09T16:35:45.124+0000] {processor.py:183} INFO - Processing /home/airflow/.local/lib/python3.12/site-packages/airflow/example_dags/example_external_task_marker_dag.py took 0.031 seconds
[2024-05-09T16:36:15.401+0000] {processor.py:161} INFO - Started process (PID=2040) to work on /home/airflow/.local/lib/python3.12/site-packages/airflow/example_dags/example_external_task_marker_dag.py
[2024-05-09T16:36:15.401+0000] {processor.py:830} INFO - Processing file /home/airflow/.local/lib/python3.12/site-packages/airflow/example_dags/example_external_task_marker_dag.py for tasks to queue
[2024-05-09T16:36:15.402+0000] {logging_mixin.py:188} INFO - [2024-05-09T16:36:15.402+0000] {dagbag.py:545} INFO - Filling up the DagBag from /home/airflow/.local/lib/python3.12/site-packages/airflow/example_dags/example_external_task_marker_dag.py
[2024-05-09T16:36:15.405+0000] {processor.py:840} INFO - DAG(s) 'example_external_task_marker_child', 'example_external_task_marker_parent' retrieved from /home/airflow/.local/lib/python3.12/site-packages/airflow/example_dags/example_external_task_marker_dag.py
[2024-05-09T16:36:15.415+0000] {logging_mixin.py:188} INFO - [2024-05-09T16:36:15.415+0000] {dag.py:3096} INFO - Sync 2 DAGs
[2024-05-09T16:36:15.421+0000] {logging_mixin.py:188} INFO - [2024-05-09T16:36:15.421+0000] {dag.py:3954} INFO - Setting next_dagrun for example_external_task_marker_child to None, run_after=None
[2024-05-09T16:36:15.422+0000] {logging_mixin.py:188} INFO - [2024-05-09T16:36:15.422+0000] {dag.py:3954} INFO - Setting next_dagrun for example_external_task_marker_parent to None, run_after=None
[2024-05-09T16:36:15.428+0000] {processor.py:183} INFO - Processing /home/airflow/.local/lib/python3.12/site-packages/airflow/example_dags/example_external_task_marker_dag.py took 0.030 seconds
[2024-05-09T16:36:46.359+0000] {processor.py:161} INFO - Started process (PID=2098) to work on /home/airflow/.local/lib/python3.12/site-packages/airflow/example_dags/example_external_task_marker_dag.py
[2024-05-09T16:36:46.360+0000] {processor.py:830} INFO - Processing file /home/airflow/.local/lib/python3.12/site-packages/airflow/example_dags/example_external_task_marker_dag.py for tasks to queue
[2024-05-09T16:36:46.361+0000] {logging_mixin.py:188} INFO - [2024-05-09T16:36:46.361+0000] {dagbag.py:545} INFO - Filling up the DagBag from /home/airflow/.local/lib/python3.12/site-packages/airflow/example_dags/example_external_task_marker_dag.py
[2024-05-09T16:36:46.364+0000] {processor.py:840} INFO - DAG(s) 'example_external_task_marker_parent', 'example_external_task_marker_child' retrieved from /home/airflow/.local/lib/python3.12/site-packages/airflow/example_dags/example_external_task_marker_dag.py
[2024-05-09T16:36:46.376+0000] {logging_mixin.py:188} INFO - [2024-05-09T16:36:46.376+0000] {dag.py:3096} INFO - Sync 2 DAGs
[2024-05-09T16:36:46.382+0000] {logging_mixin.py:188} INFO - [2024-05-09T16:36:46.382+0000] {dag.py:3954} INFO - Setting next_dagrun for example_external_task_marker_child to None, run_after=None
[2024-05-09T16:36:46.384+0000] {logging_mixin.py:188} INFO - [2024-05-09T16:36:46.384+0000] {dag.py:3954} INFO - Setting next_dagrun for example_external_task_marker_parent to None, run_after=None
[2024-05-09T16:36:46.485+0000] {processor.py:183} INFO - Processing /home/airflow/.local/lib/python3.12/site-packages/airflow/example_dags/example_external_task_marker_dag.py took 0.129 seconds
[2024-05-09T16:37:17.444+0000] {processor.py:161} INFO - Started process (PID=2156) to work on /home/airflow/.local/lib/python3.12/site-packages/airflow/example_dags/example_external_task_marker_dag.py
[2024-05-09T16:37:17.446+0000] {processor.py:830} INFO - Processing file /home/airflow/.local/lib/python3.12/site-packages/airflow/example_dags/example_external_task_marker_dag.py for tasks to queue
[2024-05-09T16:37:17.448+0000] {logging_mixin.py:188} INFO - [2024-05-09T16:37:17.448+0000] {dagbag.py:545} INFO - Filling up the DagBag from /home/airflow/.local/lib/python3.12/site-packages/airflow/example_dags/example_external_task_marker_dag.py
[2024-05-09T16:37:17.455+0000] {processor.py:840} INFO - DAG(s) 'example_external_task_marker_parent', 'example_external_task_marker_child' retrieved from /home/airflow/.local/lib/python3.12/site-packages/airflow/example_dags/example_external_task_marker_dag.py
[2024-05-09T16:37:17.475+0000] {logging_mixin.py:188} INFO - [2024-05-09T16:37:17.474+0000] {dag.py:3096} INFO - Sync 2 DAGs
[2024-05-09T16:37:17.483+0000] {logging_mixin.py:188} INFO - [2024-05-09T16:37:17.483+0000] {dag.py:3954} INFO - Setting next_dagrun for example_external_task_marker_child to None, run_after=None
[2024-05-09T16:37:17.485+0000] {logging_mixin.py:188} INFO - [2024-05-09T16:37:17.485+0000] {dag.py:3954} INFO - Setting next_dagrun for example_external_task_marker_parent to None, run_after=None
[2024-05-09T16:37:17.493+0000] {processor.py:183} INFO - Processing /home/airflow/.local/lib/python3.12/site-packages/airflow/example_dags/example_external_task_marker_dag.py took 0.055 seconds
[2024-05-09T16:37:47.685+0000] {processor.py:161} INFO - Started process (PID=2214) to work on /home/airflow/.local/lib/python3.12/site-packages/airflow/example_dags/example_external_task_marker_dag.py
[2024-05-09T16:37:47.687+0000] {processor.py:830} INFO - Processing file /home/airflow/.local/lib/python3.12/site-packages/airflow/example_dags/example_external_task_marker_dag.py for tasks to queue
[2024-05-09T16:37:47.689+0000] {logging_mixin.py:188} INFO - [2024-05-09T16:37:47.689+0000] {dagbag.py:545} INFO - Filling up the DagBag from /home/airflow/.local/lib/python3.12/site-packages/airflow/example_dags/example_external_task_marker_dag.py
[2024-05-09T16:37:47.696+0000] {processor.py:840} INFO - DAG(s) 'example_external_task_marker_parent', 'example_external_task_marker_child' retrieved from /home/airflow/.local/lib/python3.12/site-packages/airflow/example_dags/example_external_task_marker_dag.py
[2024-05-09T16:37:47.713+0000] {logging_mixin.py:188} INFO - [2024-05-09T16:37:47.713+0000] {dag.py:3096} INFO - Sync 2 DAGs
[2024-05-09T16:37:47.721+0000] {logging_mixin.py:188} INFO - [2024-05-09T16:37:47.721+0000] {dag.py:3954} INFO - Setting next_dagrun for example_external_task_marker_child to None, run_after=None
[2024-05-09T16:37:47.723+0000] {logging_mixin.py:188} INFO - [2024-05-09T16:37:47.723+0000] {dag.py:3954} INFO - Setting next_dagrun for example_external_task_marker_parent to None, run_after=None
[2024-05-09T16:37:47.730+0000] {processor.py:183} INFO - Processing /home/airflow/.local/lib/python3.12/site-packages/airflow/example_dags/example_external_task_marker_dag.py took 0.054 seconds
[2024-05-09T16:38:18.444+0000] {processor.py:161} INFO - Started process (PID=2277) to work on /home/airflow/.local/lib/python3.12/site-packages/airflow/example_dags/example_external_task_marker_dag.py
[2024-05-09T16:38:18.445+0000] {processor.py:830} INFO - Processing file /home/airflow/.local/lib/python3.12/site-packages/airflow/example_dags/example_external_task_marker_dag.py for tasks to queue
[2024-05-09T16:38:18.446+0000] {logging_mixin.py:188} INFO - [2024-05-09T16:38:18.446+0000] {dagbag.py:545} INFO - Filling up the DagBag from /home/airflow/.local/lib/python3.12/site-packages/airflow/example_dags/example_external_task_marker_dag.py
[2024-05-09T16:38:18.449+0000] {processor.py:840} INFO - DAG(s) 'example_external_task_marker_child', 'example_external_task_marker_parent' retrieved from /home/airflow/.local/lib/python3.12/site-packages/airflow/example_dags/example_external_task_marker_dag.py
[2024-05-09T16:38:18.461+0000] {logging_mixin.py:188} INFO - [2024-05-09T16:38:18.461+0000] {dag.py:3096} INFO - Sync 2 DAGs
[2024-05-09T16:38:18.466+0000] {logging_mixin.py:188} INFO - [2024-05-09T16:38:18.466+0000] {dag.py:3954} INFO - Setting next_dagrun for example_external_task_marker_child to None, run_after=None
[2024-05-09T16:38:18.468+0000] {logging_mixin.py:188} INFO - [2024-05-09T16:38:18.468+0000] {dag.py:3954} INFO - Setting next_dagrun for example_external_task_marker_parent to None, run_after=None
[2024-05-09T16:38:18.474+0000] {processor.py:183} INFO - Processing /home/airflow/.local/lib/python3.12/site-packages/airflow/example_dags/example_external_task_marker_dag.py took 0.034 seconds
[2024-05-09T16:38:48.776+0000] {processor.py:161} INFO - Started process (PID=2334) to work on /home/airflow/.local/lib/python3.12/site-packages/airflow/example_dags/example_external_task_marker_dag.py
[2024-05-09T16:38:48.777+0000] {processor.py:830} INFO - Processing file /home/airflow/.local/lib/python3.12/site-packages/airflow/example_dags/example_external_task_marker_dag.py for tasks to queue
[2024-05-09T16:38:48.778+0000] {logging_mixin.py:188} INFO - [2024-05-09T16:38:48.778+0000] {dagbag.py:545} INFO - Filling up the DagBag from /home/airflow/.local/lib/python3.12/site-packages/airflow/example_dags/example_external_task_marker_dag.py
[2024-05-09T16:38:48.781+0000] {processor.py:840} INFO - DAG(s) 'example_external_task_marker_parent', 'example_external_task_marker_child' retrieved from /home/airflow/.local/lib/python3.12/site-packages/airflow/example_dags/example_external_task_marker_dag.py
[2024-05-09T16:38:48.877+0000] {logging_mixin.py:188} INFO - [2024-05-09T16:38:48.876+0000] {dag.py:3096} INFO - Sync 2 DAGs
[2024-05-09T16:38:48.881+0000] {logging_mixin.py:188} INFO - [2024-05-09T16:38:48.881+0000] {dag.py:3954} INFO - Setting next_dagrun for example_external_task_marker_child to None, run_after=None
[2024-05-09T16:38:48.883+0000] {logging_mixin.py:188} INFO - [2024-05-09T16:38:48.883+0000] {dag.py:3954} INFO - Setting next_dagrun for example_external_task_marker_parent to None, run_after=None
[2024-05-09T16:38:48.889+0000] {processor.py:183} INFO - Processing /home/airflow/.local/lib/python3.12/site-packages/airflow/example_dags/example_external_task_marker_dag.py took 0.116 seconds
[2024-05-09T16:39:19.772+0000] {processor.py:161} INFO - Started process (PID=2392) to work on /home/airflow/.local/lib/python3.12/site-packages/airflow/example_dags/example_external_task_marker_dag.py
[2024-05-09T16:39:19.772+0000] {processor.py:830} INFO - Processing file /home/airflow/.local/lib/python3.12/site-packages/airflow/example_dags/example_external_task_marker_dag.py for tasks to queue
[2024-05-09T16:39:19.773+0000] {logging_mixin.py:188} INFO - [2024-05-09T16:39:19.773+0000] {dagbag.py:545} INFO - Filling up the DagBag from /home/airflow/.local/lib/python3.12/site-packages/airflow/example_dags/example_external_task_marker_dag.py
[2024-05-09T16:39:19.776+0000] {processor.py:840} INFO - DAG(s) 'example_external_task_marker_parent', 'example_external_task_marker_child' retrieved from /home/airflow/.local/lib/python3.12/site-packages/airflow/example_dags/example_external_task_marker_dag.py
[2024-05-09T16:39:19.786+0000] {logging_mixin.py:188} INFO - [2024-05-09T16:39:19.786+0000] {dag.py:3096} INFO - Sync 2 DAGs
[2024-05-09T16:39:19.792+0000] {logging_mixin.py:188} INFO - [2024-05-09T16:39:19.792+0000] {dag.py:3954} INFO - Setting next_dagrun for example_external_task_marker_child to None, run_after=None
[2024-05-09T16:39:19.793+0000] {logging_mixin.py:188} INFO - [2024-05-09T16:39:19.793+0000] {dag.py:3954} INFO - Setting next_dagrun for example_external_task_marker_parent to None, run_after=None
[2024-05-09T16:39:19.799+0000] {processor.py:183} INFO - Processing /home/airflow/.local/lib/python3.12/site-packages/airflow/example_dags/example_external_task_marker_dag.py took 0.030 seconds
[2024-05-09T16:39:50.430+0000] {processor.py:161} INFO - Started process (PID=2450) to work on /home/airflow/.local/lib/python3.12/site-packages/airflow/example_dags/example_external_task_marker_dag.py
[2024-05-09T16:39:50.433+0000] {processor.py:830} INFO - Processing file /home/airflow/.local/lib/python3.12/site-packages/airflow/example_dags/example_external_task_marker_dag.py for tasks to queue
[2024-05-09T16:39:50.434+0000] {logging_mixin.py:188} INFO - [2024-05-09T16:39:50.434+0000] {dagbag.py:545} INFO - Filling up the DagBag from /home/airflow/.local/lib/python3.12/site-packages/airflow/example_dags/example_external_task_marker_dag.py
[2024-05-09T16:39:50.438+0000] {processor.py:840} INFO - DAG(s) 'example_external_task_marker_child', 'example_external_task_marker_parent' retrieved from /home/airflow/.local/lib/python3.12/site-packages/airflow/example_dags/example_external_task_marker_dag.py
[2024-05-09T16:39:50.448+0000] {logging_mixin.py:188} INFO - [2024-05-09T16:39:50.448+0000] {dag.py:3096} INFO - Sync 2 DAGs
[2024-05-09T16:39:50.454+0000] {logging_mixin.py:188} INFO - [2024-05-09T16:39:50.454+0000] {dag.py:3954} INFO - Setting next_dagrun for example_external_task_marker_child to None, run_after=None
[2024-05-09T16:39:50.455+0000] {logging_mixin.py:188} INFO - [2024-05-09T16:39:50.455+0000] {dag.py:3954} INFO - Setting next_dagrun for example_external_task_marker_parent to None, run_after=None
[2024-05-09T16:39:50.462+0000] {processor.py:183} INFO - Processing /home/airflow/.local/lib/python3.12/site-packages/airflow/example_dags/example_external_task_marker_dag.py took 0.036 seconds
[2024-05-09T16:40:21.087+0000] {processor.py:161} INFO - Started process (PID=2508) to work on /home/airflow/.local/lib/python3.12/site-packages/airflow/example_dags/example_external_task_marker_dag.py
[2024-05-09T16:40:21.088+0000] {processor.py:830} INFO - Processing file /home/airflow/.local/lib/python3.12/site-packages/airflow/example_dags/example_external_task_marker_dag.py for tasks to queue
[2024-05-09T16:40:21.089+0000] {logging_mixin.py:188} INFO - [2024-05-09T16:40:21.088+0000] {dagbag.py:545} INFO - Filling up the DagBag from /home/airflow/.local/lib/python3.12/site-packages/airflow/example_dags/example_external_task_marker_dag.py
[2024-05-09T16:40:21.092+0000] {processor.py:840} INFO - DAG(s) 'example_external_task_marker_child', 'example_external_task_marker_parent' retrieved from /home/airflow/.local/lib/python3.12/site-packages/airflow/example_dags/example_external_task_marker_dag.py
[2024-05-09T16:40:21.102+0000] {logging_mixin.py:188} INFO - [2024-05-09T16:40:21.102+0000] {dag.py:3096} INFO - Sync 2 DAGs
[2024-05-09T16:40:21.107+0000] {logging_mixin.py:188} INFO - [2024-05-09T16:40:21.107+0000] {dag.py:3954} INFO - Setting next_dagrun for example_external_task_marker_child to None, run_after=None
[2024-05-09T16:40:21.108+0000] {logging_mixin.py:188} INFO - [2024-05-09T16:40:21.108+0000] {dag.py:3954} INFO - Setting next_dagrun for example_external_task_marker_parent to None, run_after=None
[2024-05-09T16:40:21.114+0000] {processor.py:183} INFO - Processing /home/airflow/.local/lib/python3.12/site-packages/airflow/example_dags/example_external_task_marker_dag.py took 0.030 seconds
[2024-05-09T16:40:51.743+0000] {processor.py:161} INFO - Started process (PID=2566) to work on /home/airflow/.local/lib/python3.12/site-packages/airflow/example_dags/example_external_task_marker_dag.py
[2024-05-09T16:40:51.743+0000] {processor.py:830} INFO - Processing file /home/airflow/.local/lib/python3.12/site-packages/airflow/example_dags/example_external_task_marker_dag.py for tasks to queue
[2024-05-09T16:40:51.744+0000] {logging_mixin.py:188} INFO - [2024-05-09T16:40:51.744+0000] {dagbag.py:545} INFO - Filling up the DagBag from /home/airflow/.local/lib/python3.12/site-packages/airflow/example_dags/example_external_task_marker_dag.py
[2024-05-09T16:40:51.747+0000] {processor.py:840} INFO - DAG(s) 'example_external_task_marker_parent', 'example_external_task_marker_child' retrieved from /home/airflow/.local/lib/python3.12/site-packages/airflow/example_dags/example_external_task_marker_dag.py
[2024-05-09T16:40:51.758+0000] {logging_mixin.py:188} INFO - [2024-05-09T16:40:51.757+0000] {dag.py:3096} INFO - Sync 2 DAGs
[2024-05-09T16:40:51.763+0000] {logging_mixin.py:188} INFO - [2024-05-09T16:40:51.763+0000] {dag.py:3954} INFO - Setting next_dagrun for example_external_task_marker_child to None, run_after=None
[2024-05-09T16:40:51.765+0000] {logging_mixin.py:188} INFO - [2024-05-09T16:40:51.765+0000] {dag.py:3954} INFO - Setting next_dagrun for example_external_task_marker_parent to None, run_after=None
[2024-05-09T16:40:51.771+0000] {processor.py:183} INFO - Processing /home/airflow/.local/lib/python3.12/site-packages/airflow/example_dags/example_external_task_marker_dag.py took 0.032 seconds
[2024-05-09T16:41:22.427+0000] {processor.py:161} INFO - Started process (PID=2624) to work on /home/airflow/.local/lib/python3.12/site-packages/airflow/example_dags/example_external_task_marker_dag.py
[2024-05-09T16:41:22.427+0000] {processor.py:830} INFO - Processing file /home/airflow/.local/lib/python3.12/site-packages/airflow/example_dags/example_external_task_marker_dag.py for tasks to queue
[2024-05-09T16:41:22.428+0000] {logging_mixin.py:188} INFO - [2024-05-09T16:41:22.428+0000] {dagbag.py:545} INFO - Filling up the DagBag from /home/airflow/.local/lib/python3.12/site-packages/airflow/example_dags/example_external_task_marker_dag.py
[2024-05-09T16:41:22.431+0000] {processor.py:840} INFO - DAG(s) 'example_external_task_marker_child', 'example_external_task_marker_parent' retrieved from /home/airflow/.local/lib/python3.12/site-packages/airflow/example_dags/example_external_task_marker_dag.py
[2024-05-09T16:41:22.442+0000] {logging_mixin.py:188} INFO - [2024-05-09T16:41:22.442+0000] {dag.py:3096} INFO - Sync 2 DAGs
[2024-05-09T16:41:22.447+0000] {logging_mixin.py:188} INFO - [2024-05-09T16:41:22.447+0000] {dag.py:3954} INFO - Setting next_dagrun for example_external_task_marker_child to None, run_after=None
[2024-05-09T16:41:22.449+0000] {logging_mixin.py:188} INFO - [2024-05-09T16:41:22.449+0000] {dag.py:3954} INFO - Setting next_dagrun for example_external_task_marker_parent to None, run_after=None
[2024-05-09T16:41:22.456+0000] {processor.py:183} INFO - Processing /home/airflow/.local/lib/python3.12/site-packages/airflow/example_dags/example_external_task_marker_dag.py took 0.033 seconds
[2024-05-09T16:41:53.173+0000] {processor.py:161} INFO - Started process (PID=2682) to work on /home/airflow/.local/lib/python3.12/site-packages/airflow/example_dags/example_external_task_marker_dag.py
[2024-05-09T16:41:53.174+0000] {processor.py:830} INFO - Processing file /home/airflow/.local/lib/python3.12/site-packages/airflow/example_dags/example_external_task_marker_dag.py for tasks to queue
[2024-05-09T16:41:53.175+0000] {logging_mixin.py:188} INFO - [2024-05-09T16:41:53.175+0000] {dagbag.py:545} INFO - Filling up the DagBag from /home/airflow/.local/lib/python3.12/site-packages/airflow/example_dags/example_external_task_marker_dag.py
[2024-05-09T16:41:53.179+0000] {processor.py:840} INFO - DAG(s) 'example_external_task_marker_parent', 'example_external_task_marker_child' retrieved from /home/airflow/.local/lib/python3.12/site-packages/airflow/example_dags/example_external_task_marker_dag.py
[2024-05-09T16:41:53.194+0000] {logging_mixin.py:188} INFO - [2024-05-09T16:41:53.194+0000] {dag.py:3096} INFO - Sync 2 DAGs
[2024-05-09T16:41:53.204+0000] {logging_mixin.py:188} INFO - [2024-05-09T16:41:53.204+0000] {dag.py:3954} INFO - Setting next_dagrun for example_external_task_marker_child to None, run_after=None
[2024-05-09T16:41:53.206+0000] {logging_mixin.py:188} INFO - [2024-05-09T16:41:53.206+0000] {dag.py:3954} INFO - Setting next_dagrun for example_external_task_marker_parent to None, run_after=None
[2024-05-09T16:41:53.216+0000] {processor.py:183} INFO - Processing /home/airflow/.local/lib/python3.12/site-packages/airflow/example_dags/example_external_task_marker_dag.py took 0.047 seconds
[2024-05-09T16:42:23.935+0000] {processor.py:161} INFO - Started process (PID=2740) to work on /home/airflow/.local/lib/python3.12/site-packages/airflow/example_dags/example_external_task_marker_dag.py
[2024-05-09T16:42:23.936+0000] {processor.py:830} INFO - Processing file /home/airflow/.local/lib/python3.12/site-packages/airflow/example_dags/example_external_task_marker_dag.py for tasks to queue
[2024-05-09T16:42:23.937+0000] {logging_mixin.py:188} INFO - [2024-05-09T16:42:23.936+0000] {dagbag.py:545} INFO - Filling up the DagBag from /home/airflow/.local/lib/python3.12/site-packages/airflow/example_dags/example_external_task_marker_dag.py
[2024-05-09T16:42:23.940+0000] {processor.py:840} INFO - DAG(s) 'example_external_task_marker_child', 'example_external_task_marker_parent' retrieved from /home/airflow/.local/lib/python3.12/site-packages/airflow/example_dags/example_external_task_marker_dag.py
[2024-05-09T16:42:23.949+0000] {logging_mixin.py:188} INFO - [2024-05-09T16:42:23.949+0000] {dag.py:3096} INFO - Sync 2 DAGs
[2024-05-09T16:42:23.955+0000] {logging_mixin.py:188} INFO - [2024-05-09T16:42:23.954+0000] {dag.py:3954} INFO - Setting next_dagrun for example_external_task_marker_child to None, run_after=None
[2024-05-09T16:42:23.956+0000] {logging_mixin.py:188} INFO - [2024-05-09T16:42:23.956+0000] {dag.py:3954} INFO - Setting next_dagrun for example_external_task_marker_parent to None, run_after=None
[2024-05-09T16:42:23.962+0000] {processor.py:183} INFO - Processing /home/airflow/.local/lib/python3.12/site-packages/airflow/example_dags/example_external_task_marker_dag.py took 0.030 seconds
[2024-05-09T16:42:54.643+0000] {processor.py:161} INFO - Started process (PID=2798) to work on /home/airflow/.local/lib/python3.12/site-packages/airflow/example_dags/example_external_task_marker_dag.py
[2024-05-09T16:42:54.644+0000] {processor.py:830} INFO - Processing file /home/airflow/.local/lib/python3.12/site-packages/airflow/example_dags/example_external_task_marker_dag.py for tasks to queue
[2024-05-09T16:42:54.645+0000] {logging_mixin.py:188} INFO - [2024-05-09T16:42:54.645+0000] {dagbag.py:545} INFO - Filling up the DagBag from /home/airflow/.local/lib/python3.12/site-packages/airflow/example_dags/example_external_task_marker_dag.py
[2024-05-09T16:42:54.648+0000] {processor.py:840} INFO - DAG(s) 'example_external_task_marker_parent', 'example_external_task_marker_child' retrieved from /home/airflow/.local/lib/python3.12/site-packages/airflow/example_dags/example_external_task_marker_dag.py
[2024-05-09T16:42:54.659+0000] {logging_mixin.py:188} INFO - [2024-05-09T16:42:54.658+0000] {dag.py:3096} INFO - Sync 2 DAGs
[2024-05-09T16:42:54.664+0000] {logging_mixin.py:188} INFO - [2024-05-09T16:42:54.664+0000] {dag.py:3954} INFO - Setting next_dagrun for example_external_task_marker_child to None, run_after=None
[2024-05-09T16:42:54.666+0000] {logging_mixin.py:188} INFO - [2024-05-09T16:42:54.666+0000] {dag.py:3954} INFO - Setting next_dagrun for example_external_task_marker_parent to None, run_after=None
[2024-05-09T16:42:54.672+0000] {processor.py:183} INFO - Processing /home/airflow/.local/lib/python3.12/site-packages/airflow/example_dags/example_external_task_marker_dag.py took 0.031 seconds
