[2024-05-09T16:18:56.195+0000] {processor.py:161} INFO - Started process (PID=47) to work on /home/airflow/.local/lib/python3.12/site-packages/airflow/example_dags/example_branch_python_dop_operator_3.py
[2024-05-09T16:18:56.196+0000] {processor.py:830} INFO - Processing file /home/airflow/.local/lib/python3.12/site-packages/airflow/example_dags/example_branch_python_dop_operator_3.py for tasks to queue
[2024-05-09T16:18:56.198+0000] {logging_mixin.py:188} INFO - [2024-05-09T16:18:56.198+0000] {dagbag.py:545} INFO - Filling up the DagBag from /home/airflow/.local/lib/python3.12/site-packages/airflow/example_dags/example_branch_python_dop_operator_3.py
[2024-05-09T16:18:56.206+0000] {processor.py:840} INFO - DAG(s) 'example_branch_dop_operator_v3' retrieved from /home/airflow/.local/lib/python3.12/site-packages/airflow/example_dags/example_branch_python_dop_operator_3.py
[2024-05-09T16:18:56.274+0000] {logging_mixin.py:188} INFO - [2024-05-09T16:18:56.274+0000] {override.py:1829} INFO - Created Permission View: can edit on DAG:example_branch_dop_operator_v3
[2024-05-09T16:18:56.280+0000] {logging_mixin.py:188} INFO - [2024-05-09T16:18:56.279+0000] {override.py:1829} INFO - Created Permission View: can delete on DAG:example_branch_dop_operator_v3
[2024-05-09T16:18:56.283+0000] {logging_mixin.py:188} INFO - [2024-05-09T16:18:56.282+0000] {override.py:1829} INFO - Created Permission View: can read on DAG:example_branch_dop_operator_v3
[2024-05-09T16:18:56.283+0000] {logging_mixin.py:188} INFO - [2024-05-09T16:18:56.283+0000] {dag.py:3096} INFO - Sync 1 DAGs
[2024-05-09T16:18:56.289+0000] {logging_mixin.py:188} INFO - [2024-05-09T16:18:56.289+0000] {dag.py:3118} INFO - Creating ORM DAG for example_branch_dop_operator_v3
[2024-05-09T16:18:56.295+0000] {logging_mixin.py:188} INFO - [2024-05-09T16:18:56.295+0000] {dag.py:3954} INFO - Setting next_dagrun for example_branch_dop_operator_v3 to 2024-05-09 16:17:00+00:00, run_after=2024-05-09 16:18:00+00:00
[2024-05-09T16:18:56.305+0000] {processor.py:183} INFO - Processing /home/airflow/.local/lib/python3.12/site-packages/airflow/example_dags/example_branch_python_dop_operator_3.py took 0.114 seconds
[2024-05-09T16:19:26.656+0000] {processor.py:161} INFO - Started process (PID=104) to work on /home/airflow/.local/lib/python3.12/site-packages/airflow/example_dags/example_branch_python_dop_operator_3.py
[2024-05-09T16:19:26.656+0000] {processor.py:830} INFO - Processing file /home/airflow/.local/lib/python3.12/site-packages/airflow/example_dags/example_branch_python_dop_operator_3.py for tasks to queue
[2024-05-09T16:19:26.657+0000] {logging_mixin.py:188} INFO - [2024-05-09T16:19:26.657+0000] {dagbag.py:545} INFO - Filling up the DagBag from /home/airflow/.local/lib/python3.12/site-packages/airflow/example_dags/example_branch_python_dop_operator_3.py
[2024-05-09T16:19:26.661+0000] {processor.py:840} INFO - DAG(s) 'example_branch_dop_operator_v3' retrieved from /home/airflow/.local/lib/python3.12/site-packages/airflow/example_dags/example_branch_python_dop_operator_3.py
[2024-05-09T16:19:26.670+0000] {logging_mixin.py:188} INFO - [2024-05-09T16:19:26.669+0000] {dag.py:3096} INFO - Sync 1 DAGs
[2024-05-09T16:19:26.679+0000] {logging_mixin.py:188} INFO - [2024-05-09T16:19:26.679+0000] {dag.py:3954} INFO - Setting next_dagrun for example_branch_dop_operator_v3 to 2024-05-09 16:18:00+00:00, run_after=2024-05-09 16:19:00+00:00
[2024-05-09T16:19:26.685+0000] {processor.py:183} INFO - Processing /home/airflow/.local/lib/python3.12/site-packages/airflow/example_dags/example_branch_python_dop_operator_3.py took 0.032 seconds
[2024-05-09T16:19:57.155+0000] {processor.py:161} INFO - Started process (PID=162) to work on /home/airflow/.local/lib/python3.12/site-packages/airflow/example_dags/example_branch_python_dop_operator_3.py
[2024-05-09T16:19:57.156+0000] {processor.py:830} INFO - Processing file /home/airflow/.local/lib/python3.12/site-packages/airflow/example_dags/example_branch_python_dop_operator_3.py for tasks to queue
[2024-05-09T16:19:57.157+0000] {logging_mixin.py:188} INFO - [2024-05-09T16:19:57.157+0000] {dagbag.py:545} INFO - Filling up the DagBag from /home/airflow/.local/lib/python3.12/site-packages/airflow/example_dags/example_branch_python_dop_operator_3.py
[2024-05-09T16:19:57.161+0000] {processor.py:840} INFO - DAG(s) 'example_branch_dop_operator_v3' retrieved from /home/airflow/.local/lib/python3.12/site-packages/airflow/example_dags/example_branch_python_dop_operator_3.py
[2024-05-09T16:19:57.169+0000] {logging_mixin.py:188} INFO - [2024-05-09T16:19:57.169+0000] {dag.py:3096} INFO - Sync 1 DAGs
[2024-05-09T16:19:57.178+0000] {logging_mixin.py:188} INFO - [2024-05-09T16:19:57.178+0000] {dag.py:3954} INFO - Setting next_dagrun for example_branch_dop_operator_v3 to 2024-05-09 16:18:00+00:00, run_after=2024-05-09 16:19:00+00:00
[2024-05-09T16:19:57.185+0000] {processor.py:183} INFO - Processing /home/airflow/.local/lib/python3.12/site-packages/airflow/example_dags/example_branch_python_dop_operator_3.py took 0.032 seconds
[2024-05-09T16:20:27.620+0000] {processor.py:161} INFO - Started process (PID=220) to work on /home/airflow/.local/lib/python3.12/site-packages/airflow/example_dags/example_branch_python_dop_operator_3.py
[2024-05-09T16:20:27.621+0000] {processor.py:830} INFO - Processing file /home/airflow/.local/lib/python3.12/site-packages/airflow/example_dags/example_branch_python_dop_operator_3.py for tasks to queue
[2024-05-09T16:20:27.622+0000] {logging_mixin.py:188} INFO - [2024-05-09T16:20:27.621+0000] {dagbag.py:545} INFO - Filling up the DagBag from /home/airflow/.local/lib/python3.12/site-packages/airflow/example_dags/example_branch_python_dop_operator_3.py
[2024-05-09T16:20:27.626+0000] {processor.py:840} INFO - DAG(s) 'example_branch_dop_operator_v3' retrieved from /home/airflow/.local/lib/python3.12/site-packages/airflow/example_dags/example_branch_python_dop_operator_3.py
[2024-05-09T16:20:27.634+0000] {logging_mixin.py:188} INFO - [2024-05-09T16:20:27.634+0000] {dag.py:3096} INFO - Sync 1 DAGs
[2024-05-09T16:20:27.643+0000] {logging_mixin.py:188} INFO - [2024-05-09T16:20:27.643+0000] {dag.py:3954} INFO - Setting next_dagrun for example_branch_dop_operator_v3 to 2024-05-09 16:19:00+00:00, run_after=2024-05-09 16:20:00+00:00
[2024-05-09T16:20:27.650+0000] {processor.py:183} INFO - Processing /home/airflow/.local/lib/python3.12/site-packages/airflow/example_dags/example_branch_python_dop_operator_3.py took 0.032 seconds
[2024-05-09T16:20:58.112+0000] {processor.py:161} INFO - Started process (PID=278) to work on /home/airflow/.local/lib/python3.12/site-packages/airflow/example_dags/example_branch_python_dop_operator_3.py
[2024-05-09T16:20:58.112+0000] {processor.py:830} INFO - Processing file /home/airflow/.local/lib/python3.12/site-packages/airflow/example_dags/example_branch_python_dop_operator_3.py for tasks to queue
[2024-05-09T16:20:58.113+0000] {logging_mixin.py:188} INFO - [2024-05-09T16:20:58.113+0000] {dagbag.py:545} INFO - Filling up the DagBag from /home/airflow/.local/lib/python3.12/site-packages/airflow/example_dags/example_branch_python_dop_operator_3.py
[2024-05-09T16:20:58.117+0000] {processor.py:840} INFO - DAG(s) 'example_branch_dop_operator_v3' retrieved from /home/airflow/.local/lib/python3.12/site-packages/airflow/example_dags/example_branch_python_dop_operator_3.py
[2024-05-09T16:20:58.126+0000] {logging_mixin.py:188} INFO - [2024-05-09T16:20:58.125+0000] {dag.py:3096} INFO - Sync 1 DAGs
[2024-05-09T16:20:58.135+0000] {logging_mixin.py:188} INFO - [2024-05-09T16:20:58.135+0000] {dag.py:3954} INFO - Setting next_dagrun for example_branch_dop_operator_v3 to 2024-05-09 16:19:00+00:00, run_after=2024-05-09 16:20:00+00:00
[2024-05-09T16:20:58.141+0000] {processor.py:183} INFO - Processing /home/airflow/.local/lib/python3.12/site-packages/airflow/example_dags/example_branch_python_dop_operator_3.py took 0.032 seconds
[2024-05-09T16:21:28.532+0000] {processor.py:161} INFO - Started process (PID=336) to work on /home/airflow/.local/lib/python3.12/site-packages/airflow/example_dags/example_branch_python_dop_operator_3.py
[2024-05-09T16:21:28.532+0000] {processor.py:830} INFO - Processing file /home/airflow/.local/lib/python3.12/site-packages/airflow/example_dags/example_branch_python_dop_operator_3.py for tasks to queue
[2024-05-09T16:21:28.533+0000] {logging_mixin.py:188} INFO - [2024-05-09T16:21:28.533+0000] {dagbag.py:545} INFO - Filling up the DagBag from /home/airflow/.local/lib/python3.12/site-packages/airflow/example_dags/example_branch_python_dop_operator_3.py
[2024-05-09T16:21:28.537+0000] {processor.py:840} INFO - DAG(s) 'example_branch_dop_operator_v3' retrieved from /home/airflow/.local/lib/python3.12/site-packages/airflow/example_dags/example_branch_python_dop_operator_3.py
[2024-05-09T16:21:28.545+0000] {logging_mixin.py:188} INFO - [2024-05-09T16:21:28.545+0000] {dag.py:3096} INFO - Sync 1 DAGs
[2024-05-09T16:21:28.556+0000] {logging_mixin.py:188} INFO - [2024-05-09T16:21:28.556+0000] {dag.py:3954} INFO - Setting next_dagrun for example_branch_dop_operator_v3 to 2024-05-09 16:20:00+00:00, run_after=2024-05-09 16:21:00+00:00
[2024-05-09T16:21:28.563+0000] {processor.py:183} INFO - Processing /home/airflow/.local/lib/python3.12/site-packages/airflow/example_dags/example_branch_python_dop_operator_3.py took 0.035 seconds
[2024-05-09T16:21:59.049+0000] {processor.py:161} INFO - Started process (PID=394) to work on /home/airflow/.local/lib/python3.12/site-packages/airflow/example_dags/example_branch_python_dop_operator_3.py
[2024-05-09T16:21:59.049+0000] {processor.py:830} INFO - Processing file /home/airflow/.local/lib/python3.12/site-packages/airflow/example_dags/example_branch_python_dop_operator_3.py for tasks to queue
[2024-05-09T16:21:59.050+0000] {logging_mixin.py:188} INFO - [2024-05-09T16:21:59.050+0000] {dagbag.py:545} INFO - Filling up the DagBag from /home/airflow/.local/lib/python3.12/site-packages/airflow/example_dags/example_branch_python_dop_operator_3.py
[2024-05-09T16:21:59.055+0000] {processor.py:840} INFO - DAG(s) 'example_branch_dop_operator_v3' retrieved from /home/airflow/.local/lib/python3.12/site-packages/airflow/example_dags/example_branch_python_dop_operator_3.py
[2024-05-09T16:21:59.067+0000] {logging_mixin.py:188} INFO - [2024-05-09T16:21:59.067+0000] {dag.py:3096} INFO - Sync 1 DAGs
[2024-05-09T16:21:59.077+0000] {logging_mixin.py:188} INFO - [2024-05-09T16:21:59.077+0000] {dag.py:3954} INFO - Setting next_dagrun for example_branch_dop_operator_v3 to 2024-05-09 16:20:00+00:00, run_after=2024-05-09 16:21:00+00:00
[2024-05-09T16:21:59.084+0000] {processor.py:183} INFO - Processing /home/airflow/.local/lib/python3.12/site-packages/airflow/example_dags/example_branch_python_dop_operator_3.py took 0.039 seconds
[2024-05-09T16:22:29.577+0000] {processor.py:161} INFO - Started process (PID=452) to work on /home/airflow/.local/lib/python3.12/site-packages/airflow/example_dags/example_branch_python_dop_operator_3.py
[2024-05-09T16:22:29.578+0000] {processor.py:830} INFO - Processing file /home/airflow/.local/lib/python3.12/site-packages/airflow/example_dags/example_branch_python_dop_operator_3.py for tasks to queue
[2024-05-09T16:22:29.579+0000] {logging_mixin.py:188} INFO - [2024-05-09T16:22:29.579+0000] {dagbag.py:545} INFO - Filling up the DagBag from /home/airflow/.local/lib/python3.12/site-packages/airflow/example_dags/example_branch_python_dop_operator_3.py
[2024-05-09T16:22:29.583+0000] {processor.py:840} INFO - DAG(s) 'example_branch_dop_operator_v3' retrieved from /home/airflow/.local/lib/python3.12/site-packages/airflow/example_dags/example_branch_python_dop_operator_3.py
[2024-05-09T16:22:29.591+0000] {logging_mixin.py:188} INFO - [2024-05-09T16:22:29.591+0000] {dag.py:3096} INFO - Sync 1 DAGs
[2024-05-09T16:22:29.600+0000] {logging_mixin.py:188} INFO - [2024-05-09T16:22:29.600+0000] {dag.py:3954} INFO - Setting next_dagrun for example_branch_dop_operator_v3 to 2024-05-09 16:21:00+00:00, run_after=2024-05-09 16:22:00+00:00
[2024-05-09T16:22:29.607+0000] {processor.py:183} INFO - Processing /home/airflow/.local/lib/python3.12/site-packages/airflow/example_dags/example_branch_python_dop_operator_3.py took 0.032 seconds
[2024-05-09T16:23:00.077+0000] {processor.py:161} INFO - Started process (PID=510) to work on /home/airflow/.local/lib/python3.12/site-packages/airflow/example_dags/example_branch_python_dop_operator_3.py
[2024-05-09T16:23:00.077+0000] {processor.py:830} INFO - Processing file /home/airflow/.local/lib/python3.12/site-packages/airflow/example_dags/example_branch_python_dop_operator_3.py for tasks to queue
[2024-05-09T16:23:00.078+0000] {logging_mixin.py:188} INFO - [2024-05-09T16:23:00.078+0000] {dagbag.py:545} INFO - Filling up the DagBag from /home/airflow/.local/lib/python3.12/site-packages/airflow/example_dags/example_branch_python_dop_operator_3.py
[2024-05-09T16:23:00.082+0000] {processor.py:840} INFO - DAG(s) 'example_branch_dop_operator_v3' retrieved from /home/airflow/.local/lib/python3.12/site-packages/airflow/example_dags/example_branch_python_dop_operator_3.py
[2024-05-09T16:23:00.091+0000] {logging_mixin.py:188} INFO - [2024-05-09T16:23:00.091+0000] {dag.py:3096} INFO - Sync 1 DAGs
[2024-05-09T16:23:00.100+0000] {logging_mixin.py:188} INFO - [2024-05-09T16:23:00.100+0000] {dag.py:3954} INFO - Setting next_dagrun for example_branch_dop_operator_v3 to 2024-05-09 16:22:00+00:00, run_after=2024-05-09 16:23:00+00:00
[2024-05-09T16:23:00.107+0000] {processor.py:183} INFO - Processing /home/airflow/.local/lib/python3.12/site-packages/airflow/example_dags/example_branch_python_dop_operator_3.py took 0.033 seconds
[2024-05-09T16:23:30.547+0000] {processor.py:161} INFO - Started process (PID=568) to work on /home/airflow/.local/lib/python3.12/site-packages/airflow/example_dags/example_branch_python_dop_operator_3.py
[2024-05-09T16:23:30.547+0000] {processor.py:830} INFO - Processing file /home/airflow/.local/lib/python3.12/site-packages/airflow/example_dags/example_branch_python_dop_operator_3.py for tasks to queue
[2024-05-09T16:23:30.548+0000] {logging_mixin.py:188} INFO - [2024-05-09T16:23:30.548+0000] {dagbag.py:545} INFO - Filling up the DagBag from /home/airflow/.local/lib/python3.12/site-packages/airflow/example_dags/example_branch_python_dop_operator_3.py
[2024-05-09T16:23:30.552+0000] {processor.py:840} INFO - DAG(s) 'example_branch_dop_operator_v3' retrieved from /home/airflow/.local/lib/python3.12/site-packages/airflow/example_dags/example_branch_python_dop_operator_3.py
[2024-05-09T16:23:30.561+0000] {logging_mixin.py:188} INFO - [2024-05-09T16:23:30.561+0000] {dag.py:3096} INFO - Sync 1 DAGs
[2024-05-09T16:23:30.571+0000] {logging_mixin.py:188} INFO - [2024-05-09T16:23:30.571+0000] {dag.py:3954} INFO - Setting next_dagrun for example_branch_dop_operator_v3 to 2024-05-09 16:22:00+00:00, run_after=2024-05-09 16:23:00+00:00
[2024-05-09T16:23:30.579+0000] {processor.py:183} INFO - Processing /home/airflow/.local/lib/python3.12/site-packages/airflow/example_dags/example_branch_python_dop_operator_3.py took 0.035 seconds
[2024-05-09T16:24:01.088+0000] {processor.py:161} INFO - Started process (PID=626) to work on /home/airflow/.local/lib/python3.12/site-packages/airflow/example_dags/example_branch_python_dop_operator_3.py
[2024-05-09T16:24:01.088+0000] {processor.py:830} INFO - Processing file /home/airflow/.local/lib/python3.12/site-packages/airflow/example_dags/example_branch_python_dop_operator_3.py for tasks to queue
[2024-05-09T16:24:01.089+0000] {logging_mixin.py:188} INFO - [2024-05-09T16:24:01.089+0000] {dagbag.py:545} INFO - Filling up the DagBag from /home/airflow/.local/lib/python3.12/site-packages/airflow/example_dags/example_branch_python_dop_operator_3.py
[2024-05-09T16:24:01.093+0000] {processor.py:840} INFO - DAG(s) 'example_branch_dop_operator_v3' retrieved from /home/airflow/.local/lib/python3.12/site-packages/airflow/example_dags/example_branch_python_dop_operator_3.py
[2024-05-09T16:24:01.102+0000] {logging_mixin.py:188} INFO - [2024-05-09T16:24:01.102+0000] {dag.py:3096} INFO - Sync 1 DAGs
[2024-05-09T16:24:01.112+0000] {logging_mixin.py:188} INFO - [2024-05-09T16:24:01.111+0000] {dag.py:3954} INFO - Setting next_dagrun for example_branch_dop_operator_v3 to 2024-05-09 16:23:00+00:00, run_after=2024-05-09 16:24:00+00:00
[2024-05-09T16:24:01.118+0000] {processor.py:183} INFO - Processing /home/airflow/.local/lib/python3.12/site-packages/airflow/example_dags/example_branch_python_dop_operator_3.py took 0.033 seconds
[2024-05-09T16:24:31.581+0000] {processor.py:161} INFO - Started process (PID=684) to work on /home/airflow/.local/lib/python3.12/site-packages/airflow/example_dags/example_branch_python_dop_operator_3.py
[2024-05-09T16:24:31.582+0000] {processor.py:830} INFO - Processing file /home/airflow/.local/lib/python3.12/site-packages/airflow/example_dags/example_branch_python_dop_operator_3.py for tasks to queue
[2024-05-09T16:24:31.583+0000] {logging_mixin.py:188} INFO - [2024-05-09T16:24:31.582+0000] {dagbag.py:545} INFO - Filling up the DagBag from /home/airflow/.local/lib/python3.12/site-packages/airflow/example_dags/example_branch_python_dop_operator_3.py
[2024-05-09T16:24:31.587+0000] {processor.py:840} INFO - DAG(s) 'example_branch_dop_operator_v3' retrieved from /home/airflow/.local/lib/python3.12/site-packages/airflow/example_dags/example_branch_python_dop_operator_3.py
[2024-05-09T16:24:31.595+0000] {logging_mixin.py:188} INFO - [2024-05-09T16:24:31.595+0000] {dag.py:3096} INFO - Sync 1 DAGs
[2024-05-09T16:24:31.605+0000] {logging_mixin.py:188} INFO - [2024-05-09T16:24:31.605+0000] {dag.py:3954} INFO - Setting next_dagrun for example_branch_dop_operator_v3 to 2024-05-09 16:23:00+00:00, run_after=2024-05-09 16:24:00+00:00
[2024-05-09T16:24:31.612+0000] {processor.py:183} INFO - Processing /home/airflow/.local/lib/python3.12/site-packages/airflow/example_dags/example_branch_python_dop_operator_3.py took 0.033 seconds
[2024-05-09T16:25:02.016+0000] {processor.py:161} INFO - Started process (PID=746) to work on /home/airflow/.local/lib/python3.12/site-packages/airflow/example_dags/example_branch_python_dop_operator_3.py
[2024-05-09T16:25:02.017+0000] {processor.py:830} INFO - Processing file /home/airflow/.local/lib/python3.12/site-packages/airflow/example_dags/example_branch_python_dop_operator_3.py for tasks to queue
[2024-05-09T16:25:02.018+0000] {logging_mixin.py:188} INFO - [2024-05-09T16:25:02.017+0000] {dagbag.py:545} INFO - Filling up the DagBag from /home/airflow/.local/lib/python3.12/site-packages/airflow/example_dags/example_branch_python_dop_operator_3.py
[2024-05-09T16:25:02.022+0000] {processor.py:840} INFO - DAG(s) 'example_branch_dop_operator_v3' retrieved from /home/airflow/.local/lib/python3.12/site-packages/airflow/example_dags/example_branch_python_dop_operator_3.py
[2024-05-09T16:25:02.030+0000] {logging_mixin.py:188} INFO - [2024-05-09T16:25:02.030+0000] {dag.py:3096} INFO - Sync 1 DAGs
[2024-05-09T16:25:02.039+0000] {logging_mixin.py:188} INFO - [2024-05-09T16:25:02.039+0000] {dag.py:3954} INFO - Setting next_dagrun for example_branch_dop_operator_v3 to 2024-05-09 16:24:00+00:00, run_after=2024-05-09 16:25:00+00:00
[2024-05-09T16:25:02.046+0000] {processor.py:183} INFO - Processing /home/airflow/.local/lib/python3.12/site-packages/airflow/example_dags/example_branch_python_dop_operator_3.py took 0.033 seconds
[2024-05-09T16:25:32.475+0000] {processor.py:161} INFO - Started process (PID=804) to work on /home/airflow/.local/lib/python3.12/site-packages/airflow/example_dags/example_branch_python_dop_operator_3.py
[2024-05-09T16:25:32.475+0000] {processor.py:830} INFO - Processing file /home/airflow/.local/lib/python3.12/site-packages/airflow/example_dags/example_branch_python_dop_operator_3.py for tasks to queue
[2024-05-09T16:25:32.476+0000] {logging_mixin.py:188} INFO - [2024-05-09T16:25:32.476+0000] {dagbag.py:545} INFO - Filling up the DagBag from /home/airflow/.local/lib/python3.12/site-packages/airflow/example_dags/example_branch_python_dop_operator_3.py
[2024-05-09T16:25:32.480+0000] {processor.py:840} INFO - DAG(s) 'example_branch_dop_operator_v3' retrieved from /home/airflow/.local/lib/python3.12/site-packages/airflow/example_dags/example_branch_python_dop_operator_3.py
[2024-05-09T16:25:32.489+0000] {logging_mixin.py:188} INFO - [2024-05-09T16:25:32.489+0000] {dag.py:3096} INFO - Sync 1 DAGs
[2024-05-09T16:25:32.499+0000] {logging_mixin.py:188} INFO - [2024-05-09T16:25:32.499+0000] {dag.py:3954} INFO - Setting next_dagrun for example_branch_dop_operator_v3 to 2024-05-09 16:24:00+00:00, run_after=2024-05-09 16:25:00+00:00
[2024-05-09T16:25:32.506+0000] {processor.py:183} INFO - Processing /home/airflow/.local/lib/python3.12/site-packages/airflow/example_dags/example_branch_python_dop_operator_3.py took 0.034 seconds
[2024-05-09T16:26:03.030+0000] {processor.py:161} INFO - Started process (PID=862) to work on /home/airflow/.local/lib/python3.12/site-packages/airflow/example_dags/example_branch_python_dop_operator_3.py
[2024-05-09T16:26:03.031+0000] {processor.py:830} INFO - Processing file /home/airflow/.local/lib/python3.12/site-packages/airflow/example_dags/example_branch_python_dop_operator_3.py for tasks to queue
[2024-05-09T16:26:03.032+0000] {logging_mixin.py:188} INFO - [2024-05-09T16:26:03.032+0000] {dagbag.py:545} INFO - Filling up the DagBag from /home/airflow/.local/lib/python3.12/site-packages/airflow/example_dags/example_branch_python_dop_operator_3.py
[2024-05-09T16:26:03.036+0000] {processor.py:840} INFO - DAG(s) 'example_branch_dop_operator_v3' retrieved from /home/airflow/.local/lib/python3.12/site-packages/airflow/example_dags/example_branch_python_dop_operator_3.py
[2024-05-09T16:26:03.045+0000] {logging_mixin.py:188} INFO - [2024-05-09T16:26:03.045+0000] {dag.py:3096} INFO - Sync 1 DAGs
[2024-05-09T16:26:03.054+0000] {logging_mixin.py:188} INFO - [2024-05-09T16:26:03.054+0000] {dag.py:3954} INFO - Setting next_dagrun for example_branch_dop_operator_v3 to 2024-05-09 16:25:00+00:00, run_after=2024-05-09 16:26:00+00:00
[2024-05-09T16:26:03.061+0000] {processor.py:183} INFO - Processing /home/airflow/.local/lib/python3.12/site-packages/airflow/example_dags/example_branch_python_dop_operator_3.py took 0.034 seconds
[2024-05-09T16:26:33.568+0000] {processor.py:161} INFO - Started process (PID=920) to work on /home/airflow/.local/lib/python3.12/site-packages/airflow/example_dags/example_branch_python_dop_operator_3.py
[2024-05-09T16:26:33.570+0000] {processor.py:830} INFO - Processing file /home/airflow/.local/lib/python3.12/site-packages/airflow/example_dags/example_branch_python_dop_operator_3.py for tasks to queue
[2024-05-09T16:26:33.572+0000] {logging_mixin.py:188} INFO - [2024-05-09T16:26:33.571+0000] {dagbag.py:545} INFO - Filling up the DagBag from /home/airflow/.local/lib/python3.12/site-packages/airflow/example_dags/example_branch_python_dop_operator_3.py
[2024-05-09T16:26:33.577+0000] {processor.py:840} INFO - DAG(s) 'example_branch_dop_operator_v3' retrieved from /home/airflow/.local/lib/python3.12/site-packages/airflow/example_dags/example_branch_python_dop_operator_3.py
[2024-05-09T16:26:33.588+0000] {logging_mixin.py:188} INFO - [2024-05-09T16:26:33.588+0000] {dag.py:3096} INFO - Sync 1 DAGs
[2024-05-09T16:26:33.600+0000] {logging_mixin.py:188} INFO - [2024-05-09T16:26:33.600+0000] {dag.py:3954} INFO - Setting next_dagrun for example_branch_dop_operator_v3 to 2024-05-09 16:25:00+00:00, run_after=2024-05-09 16:26:00+00:00
[2024-05-09T16:26:33.608+0000] {processor.py:183} INFO - Processing /home/airflow/.local/lib/python3.12/site-packages/airflow/example_dags/example_branch_python_dop_operator_3.py took 0.042 seconds
[2024-05-09T16:27:04.017+0000] {processor.py:161} INFO - Started process (PID=978) to work on /home/airflow/.local/lib/python3.12/site-packages/airflow/example_dags/example_branch_python_dop_operator_3.py
[2024-05-09T16:27:04.018+0000] {processor.py:830} INFO - Processing file /home/airflow/.local/lib/python3.12/site-packages/airflow/example_dags/example_branch_python_dop_operator_3.py for tasks to queue
[2024-05-09T16:27:04.018+0000] {logging_mixin.py:188} INFO - [2024-05-09T16:27:04.018+0000] {dagbag.py:545} INFO - Filling up the DagBag from /home/airflow/.local/lib/python3.12/site-packages/airflow/example_dags/example_branch_python_dop_operator_3.py
[2024-05-09T16:27:04.023+0000] {processor.py:840} INFO - DAG(s) 'example_branch_dop_operator_v3' retrieved from /home/airflow/.local/lib/python3.12/site-packages/airflow/example_dags/example_branch_python_dop_operator_3.py
[2024-05-09T16:27:04.031+0000] {logging_mixin.py:188} INFO - [2024-05-09T16:27:04.031+0000] {dag.py:3096} INFO - Sync 1 DAGs
[2024-05-09T16:27:04.040+0000] {logging_mixin.py:188} INFO - [2024-05-09T16:27:04.040+0000] {dag.py:3954} INFO - Setting next_dagrun for example_branch_dop_operator_v3 to 2024-05-09 16:26:00+00:00, run_after=2024-05-09 16:27:00+00:00
[2024-05-09T16:27:04.047+0000] {processor.py:183} INFO - Processing /home/airflow/.local/lib/python3.12/site-packages/airflow/example_dags/example_branch_python_dop_operator_3.py took 0.033 seconds
[2024-05-09T16:27:34.540+0000] {processor.py:161} INFO - Started process (PID=1036) to work on /home/airflow/.local/lib/python3.12/site-packages/airflow/example_dags/example_branch_python_dop_operator_3.py
[2024-05-09T16:27:34.540+0000] {processor.py:830} INFO - Processing file /home/airflow/.local/lib/python3.12/site-packages/airflow/example_dags/example_branch_python_dop_operator_3.py for tasks to queue
[2024-05-09T16:27:34.541+0000] {logging_mixin.py:188} INFO - [2024-05-09T16:27:34.541+0000] {dagbag.py:545} INFO - Filling up the DagBag from /home/airflow/.local/lib/python3.12/site-packages/airflow/example_dags/example_branch_python_dop_operator_3.py
[2024-05-09T16:27:34.545+0000] {processor.py:840} INFO - DAG(s) 'example_branch_dop_operator_v3' retrieved from /home/airflow/.local/lib/python3.12/site-packages/airflow/example_dags/example_branch_python_dop_operator_3.py
[2024-05-09T16:27:34.554+0000] {logging_mixin.py:188} INFO - [2024-05-09T16:27:34.554+0000] {dag.py:3096} INFO - Sync 1 DAGs
[2024-05-09T16:27:34.563+0000] {logging_mixin.py:188} INFO - [2024-05-09T16:27:34.563+0000] {dag.py:3954} INFO - Setting next_dagrun for example_branch_dop_operator_v3 to 2024-05-09 16:26:00+00:00, run_after=2024-05-09 16:27:00+00:00
[2024-05-09T16:27:34.570+0000] {processor.py:183} INFO - Processing /home/airflow/.local/lib/python3.12/site-packages/airflow/example_dags/example_branch_python_dop_operator_3.py took 0.033 seconds
[2024-05-09T16:28:05.033+0000] {processor.py:161} INFO - Started process (PID=1094) to work on /home/airflow/.local/lib/python3.12/site-packages/airflow/example_dags/example_branch_python_dop_operator_3.py
[2024-05-09T16:28:05.034+0000] {processor.py:830} INFO - Processing file /home/airflow/.local/lib/python3.12/site-packages/airflow/example_dags/example_branch_python_dop_operator_3.py for tasks to queue
[2024-05-09T16:28:05.035+0000] {logging_mixin.py:188} INFO - [2024-05-09T16:28:05.035+0000] {dagbag.py:545} INFO - Filling up the DagBag from /home/airflow/.local/lib/python3.12/site-packages/airflow/example_dags/example_branch_python_dop_operator_3.py
[2024-05-09T16:28:05.039+0000] {processor.py:840} INFO - DAG(s) 'example_branch_dop_operator_v3' retrieved from /home/airflow/.local/lib/python3.12/site-packages/airflow/example_dags/example_branch_python_dop_operator_3.py
[2024-05-09T16:28:05.047+0000] {logging_mixin.py:188} INFO - [2024-05-09T16:28:05.047+0000] {dag.py:3096} INFO - Sync 1 DAGs
[2024-05-09T16:28:05.057+0000] {logging_mixin.py:188} INFO - [2024-05-09T16:28:05.057+0000] {dag.py:3954} INFO - Setting next_dagrun for example_branch_dop_operator_v3 to 2024-05-09 16:27:00+00:00, run_after=2024-05-09 16:28:00+00:00
[2024-05-09T16:28:05.064+0000] {processor.py:183} INFO - Processing /home/airflow/.local/lib/python3.12/site-packages/airflow/example_dags/example_branch_python_dop_operator_3.py took 0.033 seconds
[2024-05-09T16:28:35.602+0000] {processor.py:161} INFO - Started process (PID=1152) to work on /home/airflow/.local/lib/python3.12/site-packages/airflow/example_dags/example_branch_python_dop_operator_3.py
[2024-05-09T16:28:35.603+0000] {processor.py:830} INFO - Processing file /home/airflow/.local/lib/python3.12/site-packages/airflow/example_dags/example_branch_python_dop_operator_3.py for tasks to queue
[2024-05-09T16:28:35.604+0000] {logging_mixin.py:188} INFO - [2024-05-09T16:28:35.604+0000] {dagbag.py:545} INFO - Filling up the DagBag from /home/airflow/.local/lib/python3.12/site-packages/airflow/example_dags/example_branch_python_dop_operator_3.py
[2024-05-09T16:28:35.608+0000] {processor.py:840} INFO - DAG(s) 'example_branch_dop_operator_v3' retrieved from /home/airflow/.local/lib/python3.12/site-packages/airflow/example_dags/example_branch_python_dop_operator_3.py
[2024-05-09T16:28:35.616+0000] {logging_mixin.py:188} INFO - [2024-05-09T16:28:35.616+0000] {dag.py:3096} INFO - Sync 1 DAGs
[2024-05-09T16:28:35.626+0000] {logging_mixin.py:188} INFO - [2024-05-09T16:28:35.626+0000] {dag.py:3954} INFO - Setting next_dagrun for example_branch_dop_operator_v3 to 2024-05-09 16:27:00+00:00, run_after=2024-05-09 16:28:00+00:00
[2024-05-09T16:28:35.633+0000] {processor.py:183} INFO - Processing /home/airflow/.local/lib/python3.12/site-packages/airflow/example_dags/example_branch_python_dop_operator_3.py took 0.034 seconds
[2024-05-09T16:29:06.131+0000] {processor.py:161} INFO - Started process (PID=1210) to work on /home/airflow/.local/lib/python3.12/site-packages/airflow/example_dags/example_branch_python_dop_operator_3.py
[2024-05-09T16:29:06.131+0000] {processor.py:830} INFO - Processing file /home/airflow/.local/lib/python3.12/site-packages/airflow/example_dags/example_branch_python_dop_operator_3.py for tasks to queue
[2024-05-09T16:29:06.132+0000] {logging_mixin.py:188} INFO - [2024-05-09T16:29:06.132+0000] {dagbag.py:545} INFO - Filling up the DagBag from /home/airflow/.local/lib/python3.12/site-packages/airflow/example_dags/example_branch_python_dop_operator_3.py
[2024-05-09T16:29:06.136+0000] {processor.py:840} INFO - DAG(s) 'example_branch_dop_operator_v3' retrieved from /home/airflow/.local/lib/python3.12/site-packages/airflow/example_dags/example_branch_python_dop_operator_3.py
[2024-05-09T16:29:06.145+0000] {logging_mixin.py:188} INFO - [2024-05-09T16:29:06.145+0000] {dag.py:3096} INFO - Sync 1 DAGs
[2024-05-09T16:29:06.154+0000] {logging_mixin.py:188} INFO - [2024-05-09T16:29:06.154+0000] {dag.py:3954} INFO - Setting next_dagrun for example_branch_dop_operator_v3 to 2024-05-09 16:28:00+00:00, run_after=2024-05-09 16:29:00+00:00
[2024-05-09T16:29:06.162+0000] {processor.py:183} INFO - Processing /home/airflow/.local/lib/python3.12/site-packages/airflow/example_dags/example_branch_python_dop_operator_3.py took 0.034 seconds
[2024-05-09T16:29:36.610+0000] {processor.py:161} INFO - Started process (PID=1268) to work on /home/airflow/.local/lib/python3.12/site-packages/airflow/example_dags/example_branch_python_dop_operator_3.py
[2024-05-09T16:29:36.611+0000] {processor.py:830} INFO - Processing file /home/airflow/.local/lib/python3.12/site-packages/airflow/example_dags/example_branch_python_dop_operator_3.py for tasks to queue
[2024-05-09T16:29:36.612+0000] {logging_mixin.py:188} INFO - [2024-05-09T16:29:36.612+0000] {dagbag.py:545} INFO - Filling up the DagBag from /home/airflow/.local/lib/python3.12/site-packages/airflow/example_dags/example_branch_python_dop_operator_3.py
[2024-05-09T16:29:36.616+0000] {processor.py:840} INFO - DAG(s) 'example_branch_dop_operator_v3' retrieved from /home/airflow/.local/lib/python3.12/site-packages/airflow/example_dags/example_branch_python_dop_operator_3.py
[2024-05-09T16:29:36.625+0000] {logging_mixin.py:188} INFO - [2024-05-09T16:29:36.624+0000] {dag.py:3096} INFO - Sync 1 DAGs
[2024-05-09T16:29:36.634+0000] {logging_mixin.py:188} INFO - [2024-05-09T16:29:36.634+0000] {dag.py:3954} INFO - Setting next_dagrun for example_branch_dop_operator_v3 to 2024-05-09 16:28:00+00:00, run_after=2024-05-09 16:29:00+00:00
[2024-05-09T16:29:36.640+0000] {processor.py:183} INFO - Processing /home/airflow/.local/lib/python3.12/site-packages/airflow/example_dags/example_branch_python_dop_operator_3.py took 0.033 seconds
[2024-05-09T16:30:07.209+0000] {processor.py:161} INFO - Started process (PID=1326) to work on /home/airflow/.local/lib/python3.12/site-packages/airflow/example_dags/example_branch_python_dop_operator_3.py
[2024-05-09T16:30:07.209+0000] {processor.py:830} INFO - Processing file /home/airflow/.local/lib/python3.12/site-packages/airflow/example_dags/example_branch_python_dop_operator_3.py for tasks to queue
[2024-05-09T16:30:07.210+0000] {logging_mixin.py:188} INFO - [2024-05-09T16:30:07.210+0000] {dagbag.py:545} INFO - Filling up the DagBag from /home/airflow/.local/lib/python3.12/site-packages/airflow/example_dags/example_branch_python_dop_operator_3.py
[2024-05-09T16:30:07.214+0000] {processor.py:840} INFO - DAG(s) 'example_branch_dop_operator_v3' retrieved from /home/airflow/.local/lib/python3.12/site-packages/airflow/example_dags/example_branch_python_dop_operator_3.py
[2024-05-09T16:30:07.223+0000] {logging_mixin.py:188} INFO - [2024-05-09T16:30:07.222+0000] {dag.py:3096} INFO - Sync 1 DAGs
[2024-05-09T16:30:07.232+0000] {logging_mixin.py:188} INFO - [2024-05-09T16:30:07.232+0000] {dag.py:3954} INFO - Setting next_dagrun for example_branch_dop_operator_v3 to 2024-05-09 16:29:00+00:00, run_after=2024-05-09 16:30:00+00:00
[2024-05-09T16:30:07.239+0000] {processor.py:183} INFO - Processing /home/airflow/.local/lib/python3.12/site-packages/airflow/example_dags/example_branch_python_dop_operator_3.py took 0.033 seconds
[2024-05-09T16:30:37.787+0000] {processor.py:161} INFO - Started process (PID=1384) to work on /home/airflow/.local/lib/python3.12/site-packages/airflow/example_dags/example_branch_python_dop_operator_3.py
[2024-05-09T16:30:37.787+0000] {processor.py:830} INFO - Processing file /home/airflow/.local/lib/python3.12/site-packages/airflow/example_dags/example_branch_python_dop_operator_3.py for tasks to queue
[2024-05-09T16:30:37.788+0000] {logging_mixin.py:188} INFO - [2024-05-09T16:30:37.788+0000] {dagbag.py:545} INFO - Filling up the DagBag from /home/airflow/.local/lib/python3.12/site-packages/airflow/example_dags/example_branch_python_dop_operator_3.py
[2024-05-09T16:30:37.792+0000] {processor.py:840} INFO - DAG(s) 'example_branch_dop_operator_v3' retrieved from /home/airflow/.local/lib/python3.12/site-packages/airflow/example_dags/example_branch_python_dop_operator_3.py
[2024-05-09T16:30:37.801+0000] {logging_mixin.py:188} INFO - [2024-05-09T16:30:37.801+0000] {dag.py:3096} INFO - Sync 1 DAGs
[2024-05-09T16:30:37.810+0000] {logging_mixin.py:188} INFO - [2024-05-09T16:30:37.810+0000] {dag.py:3954} INFO - Setting next_dagrun for example_branch_dop_operator_v3 to 2024-05-09 16:29:00+00:00, run_after=2024-05-09 16:30:00+00:00
[2024-05-09T16:30:37.817+0000] {processor.py:183} INFO - Processing /home/airflow/.local/lib/python3.12/site-packages/airflow/example_dags/example_branch_python_dop_operator_3.py took 0.033 seconds
[2024-05-09T16:31:08.343+0000] {processor.py:161} INFO - Started process (PID=1442) to work on /home/airflow/.local/lib/python3.12/site-packages/airflow/example_dags/example_branch_python_dop_operator_3.py
[2024-05-09T16:31:08.344+0000] {processor.py:830} INFO - Processing file /home/airflow/.local/lib/python3.12/site-packages/airflow/example_dags/example_branch_python_dop_operator_3.py for tasks to queue
[2024-05-09T16:31:08.345+0000] {logging_mixin.py:188} INFO - [2024-05-09T16:31:08.345+0000] {dagbag.py:545} INFO - Filling up the DagBag from /home/airflow/.local/lib/python3.12/site-packages/airflow/example_dags/example_branch_python_dop_operator_3.py
[2024-05-09T16:31:08.349+0000] {processor.py:840} INFO - DAG(s) 'example_branch_dop_operator_v3' retrieved from /home/airflow/.local/lib/python3.12/site-packages/airflow/example_dags/example_branch_python_dop_operator_3.py
[2024-05-09T16:31:08.357+0000] {logging_mixin.py:188} INFO - [2024-05-09T16:31:08.357+0000] {dag.py:3096} INFO - Sync 1 DAGs
[2024-05-09T16:31:08.367+0000] {logging_mixin.py:188} INFO - [2024-05-09T16:31:08.367+0000] {dag.py:3954} INFO - Setting next_dagrun for example_branch_dop_operator_v3 to 2024-05-09 16:30:00+00:00, run_after=2024-05-09 16:31:00+00:00
[2024-05-09T16:31:08.373+0000] {processor.py:183} INFO - Processing /home/airflow/.local/lib/python3.12/site-packages/airflow/example_dags/example_branch_python_dop_operator_3.py took 0.033 seconds
[2024-05-09T16:31:38.893+0000] {processor.py:161} INFO - Started process (PID=1500) to work on /home/airflow/.local/lib/python3.12/site-packages/airflow/example_dags/example_branch_python_dop_operator_3.py
[2024-05-09T16:31:38.894+0000] {processor.py:830} INFO - Processing file /home/airflow/.local/lib/python3.12/site-packages/airflow/example_dags/example_branch_python_dop_operator_3.py for tasks to queue
[2024-05-09T16:31:38.895+0000] {logging_mixin.py:188} INFO - [2024-05-09T16:31:38.895+0000] {dagbag.py:545} INFO - Filling up the DagBag from /home/airflow/.local/lib/python3.12/site-packages/airflow/example_dags/example_branch_python_dop_operator_3.py
[2024-05-09T16:31:38.899+0000] {processor.py:840} INFO - DAG(s) 'example_branch_dop_operator_v3' retrieved from /home/airflow/.local/lib/python3.12/site-packages/airflow/example_dags/example_branch_python_dop_operator_3.py
[2024-05-09T16:31:38.907+0000] {logging_mixin.py:188} INFO - [2024-05-09T16:31:38.907+0000] {dag.py:3096} INFO - Sync 1 DAGs
[2024-05-09T16:31:38.917+0000] {logging_mixin.py:188} INFO - [2024-05-09T16:31:38.917+0000] {dag.py:3954} INFO - Setting next_dagrun for example_branch_dop_operator_v3 to 2024-05-09 16:30:00+00:00, run_after=2024-05-09 16:31:00+00:00
[2024-05-09T16:31:38.923+0000] {processor.py:183} INFO - Processing /home/airflow/.local/lib/python3.12/site-packages/airflow/example_dags/example_branch_python_dop_operator_3.py took 0.033 seconds
[2024-05-09T16:32:09.416+0000] {processor.py:161} INFO - Started process (PID=1558) to work on /home/airflow/.local/lib/python3.12/site-packages/airflow/example_dags/example_branch_python_dop_operator_3.py
[2024-05-09T16:32:09.416+0000] {processor.py:830} INFO - Processing file /home/airflow/.local/lib/python3.12/site-packages/airflow/example_dags/example_branch_python_dop_operator_3.py for tasks to queue
[2024-05-09T16:32:09.417+0000] {logging_mixin.py:188} INFO - [2024-05-09T16:32:09.417+0000] {dagbag.py:545} INFO - Filling up the DagBag from /home/airflow/.local/lib/python3.12/site-packages/airflow/example_dags/example_branch_python_dop_operator_3.py
[2024-05-09T16:32:09.421+0000] {processor.py:840} INFO - DAG(s) 'example_branch_dop_operator_v3' retrieved from /home/airflow/.local/lib/python3.12/site-packages/airflow/example_dags/example_branch_python_dop_operator_3.py
[2024-05-09T16:32:09.430+0000] {logging_mixin.py:188} INFO - [2024-05-09T16:32:09.430+0000] {dag.py:3096} INFO - Sync 1 DAGs
[2024-05-09T16:32:09.439+0000] {logging_mixin.py:188} INFO - [2024-05-09T16:32:09.439+0000] {dag.py:3954} INFO - Setting next_dagrun for example_branch_dop_operator_v3 to 2024-05-09 16:31:00+00:00, run_after=2024-05-09 16:32:00+00:00
[2024-05-09T16:32:09.446+0000] {processor.py:183} INFO - Processing /home/airflow/.local/lib/python3.12/site-packages/airflow/example_dags/example_branch_python_dop_operator_3.py took 0.033 seconds
[2024-05-09T16:32:40.021+0000] {processor.py:161} INFO - Started process (PID=1616) to work on /home/airflow/.local/lib/python3.12/site-packages/airflow/example_dags/example_branch_python_dop_operator_3.py
[2024-05-09T16:32:40.021+0000] {processor.py:830} INFO - Processing file /home/airflow/.local/lib/python3.12/site-packages/airflow/example_dags/example_branch_python_dop_operator_3.py for tasks to queue
[2024-05-09T16:32:40.022+0000] {logging_mixin.py:188} INFO - [2024-05-09T16:32:40.022+0000] {dagbag.py:545} INFO - Filling up the DagBag from /home/airflow/.local/lib/python3.12/site-packages/airflow/example_dags/example_branch_python_dop_operator_3.py
[2024-05-09T16:32:40.026+0000] {processor.py:840} INFO - DAG(s) 'example_branch_dop_operator_v3' retrieved from /home/airflow/.local/lib/python3.12/site-packages/airflow/example_dags/example_branch_python_dop_operator_3.py
[2024-05-09T16:32:40.037+0000] {logging_mixin.py:188} INFO - [2024-05-09T16:32:40.037+0000] {dag.py:3096} INFO - Sync 1 DAGs
[2024-05-09T16:32:40.049+0000] {logging_mixin.py:188} INFO - [2024-05-09T16:32:40.049+0000] {dag.py:3954} INFO - Setting next_dagrun for example_branch_dop_operator_v3 to 2024-05-09 16:31:00+00:00, run_after=2024-05-09 16:32:00+00:00
[2024-05-09T16:32:40.056+0000] {processor.py:183} INFO - Processing /home/airflow/.local/lib/python3.12/site-packages/airflow/example_dags/example_branch_python_dop_operator_3.py took 0.038 seconds
[2024-05-09T16:33:10.580+0000] {processor.py:161} INFO - Started process (PID=1674) to work on /home/airflow/.local/lib/python3.12/site-packages/airflow/example_dags/example_branch_python_dop_operator_3.py
[2024-05-09T16:33:10.580+0000] {processor.py:830} INFO - Processing file /home/airflow/.local/lib/python3.12/site-packages/airflow/example_dags/example_branch_python_dop_operator_3.py for tasks to queue
[2024-05-09T16:33:10.581+0000] {logging_mixin.py:188} INFO - [2024-05-09T16:33:10.581+0000] {dagbag.py:545} INFO - Filling up the DagBag from /home/airflow/.local/lib/python3.12/site-packages/airflow/example_dags/example_branch_python_dop_operator_3.py
[2024-05-09T16:33:10.585+0000] {processor.py:840} INFO - DAG(s) 'example_branch_dop_operator_v3' retrieved from /home/airflow/.local/lib/python3.12/site-packages/airflow/example_dags/example_branch_python_dop_operator_3.py
[2024-05-09T16:33:10.594+0000] {logging_mixin.py:188} INFO - [2024-05-09T16:33:10.594+0000] {dag.py:3096} INFO - Sync 1 DAGs
[2024-05-09T16:33:10.603+0000] {logging_mixin.py:188} INFO - [2024-05-09T16:33:10.603+0000] {dag.py:3954} INFO - Setting next_dagrun for example_branch_dop_operator_v3 to 2024-05-09 16:32:00+00:00, run_after=2024-05-09 16:33:00+00:00
[2024-05-09T16:33:10.610+0000] {processor.py:183} INFO - Processing /home/airflow/.local/lib/python3.12/site-packages/airflow/example_dags/example_branch_python_dop_operator_3.py took 0.033 seconds
[2024-05-09T16:33:41.136+0000] {processor.py:161} INFO - Started process (PID=1732) to work on /home/airflow/.local/lib/python3.12/site-packages/airflow/example_dags/example_branch_python_dop_operator_3.py
[2024-05-09T16:33:41.136+0000] {processor.py:830} INFO - Processing file /home/airflow/.local/lib/python3.12/site-packages/airflow/example_dags/example_branch_python_dop_operator_3.py for tasks to queue
[2024-05-09T16:33:41.137+0000] {logging_mixin.py:188} INFO - [2024-05-09T16:33:41.137+0000] {dagbag.py:545} INFO - Filling up the DagBag from /home/airflow/.local/lib/python3.12/site-packages/airflow/example_dags/example_branch_python_dop_operator_3.py
[2024-05-09T16:33:41.141+0000] {processor.py:840} INFO - DAG(s) 'example_branch_dop_operator_v3' retrieved from /home/airflow/.local/lib/python3.12/site-packages/airflow/example_dags/example_branch_python_dop_operator_3.py
[2024-05-09T16:33:41.151+0000] {logging_mixin.py:188} INFO - [2024-05-09T16:33:41.151+0000] {dag.py:3096} INFO - Sync 1 DAGs
[2024-05-09T16:33:41.160+0000] {logging_mixin.py:188} INFO - [2024-05-09T16:33:41.160+0000] {dag.py:3954} INFO - Setting next_dagrun for example_branch_dop_operator_v3 to 2024-05-09 16:32:00+00:00, run_after=2024-05-09 16:33:00+00:00
[2024-05-09T16:33:41.167+0000] {processor.py:183} INFO - Processing /home/airflow/.local/lib/python3.12/site-packages/airflow/example_dags/example_branch_python_dop_operator_3.py took 0.034 seconds
[2024-05-09T16:34:11.768+0000] {processor.py:161} INFO - Started process (PID=1790) to work on /home/airflow/.local/lib/python3.12/site-packages/airflow/example_dags/example_branch_python_dop_operator_3.py
[2024-05-09T16:34:11.769+0000] {processor.py:830} INFO - Processing file /home/airflow/.local/lib/python3.12/site-packages/airflow/example_dags/example_branch_python_dop_operator_3.py for tasks to queue
[2024-05-09T16:34:11.770+0000] {logging_mixin.py:188} INFO - [2024-05-09T16:34:11.770+0000] {dagbag.py:545} INFO - Filling up the DagBag from /home/airflow/.local/lib/python3.12/site-packages/airflow/example_dags/example_branch_python_dop_operator_3.py
[2024-05-09T16:34:11.774+0000] {processor.py:840} INFO - DAG(s) 'example_branch_dop_operator_v3' retrieved from /home/airflow/.local/lib/python3.12/site-packages/airflow/example_dags/example_branch_python_dop_operator_3.py
[2024-05-09T16:34:11.786+0000] {logging_mixin.py:188} INFO - [2024-05-09T16:34:11.785+0000] {dag.py:3096} INFO - Sync 1 DAGs
[2024-05-09T16:34:11.796+0000] {logging_mixin.py:188} INFO - [2024-05-09T16:34:11.796+0000] {dag.py:3954} INFO - Setting next_dagrun for example_branch_dop_operator_v3 to 2024-05-09 16:33:00+00:00, run_after=2024-05-09 16:34:00+00:00
[2024-05-09T16:34:11.803+0000] {processor.py:183} INFO - Processing /home/airflow/.local/lib/python3.12/site-packages/airflow/example_dags/example_branch_python_dop_operator_3.py took 0.039 seconds
[2024-05-09T16:34:42.418+0000] {processor.py:161} INFO - Started process (PID=1848) to work on /home/airflow/.local/lib/python3.12/site-packages/airflow/example_dags/example_branch_python_dop_operator_3.py
[2024-05-09T16:34:42.418+0000] {processor.py:830} INFO - Processing file /home/airflow/.local/lib/python3.12/site-packages/airflow/example_dags/example_branch_python_dop_operator_3.py for tasks to queue
[2024-05-09T16:34:42.419+0000] {logging_mixin.py:188} INFO - [2024-05-09T16:34:42.419+0000] {dagbag.py:545} INFO - Filling up the DagBag from /home/airflow/.local/lib/python3.12/site-packages/airflow/example_dags/example_branch_python_dop_operator_3.py
[2024-05-09T16:34:42.423+0000] {processor.py:840} INFO - DAG(s) 'example_branch_dop_operator_v3' retrieved from /home/airflow/.local/lib/python3.12/site-packages/airflow/example_dags/example_branch_python_dop_operator_3.py
[2024-05-09T16:34:42.432+0000] {logging_mixin.py:188} INFO - [2024-05-09T16:34:42.432+0000] {dag.py:3096} INFO - Sync 1 DAGs
[2024-05-09T16:34:42.441+0000] {logging_mixin.py:188} INFO - [2024-05-09T16:34:42.441+0000] {dag.py:3954} INFO - Setting next_dagrun for example_branch_dop_operator_v3 to 2024-05-09 16:33:00+00:00, run_after=2024-05-09 16:34:00+00:00
[2024-05-09T16:34:42.448+0000] {processor.py:183} INFO - Processing /home/airflow/.local/lib/python3.12/site-packages/airflow/example_dags/example_branch_python_dop_operator_3.py took 0.033 seconds
[2024-05-09T16:35:12.888+0000] {processor.py:161} INFO - Started process (PID=1906) to work on /home/airflow/.local/lib/python3.12/site-packages/airflow/example_dags/example_branch_python_dop_operator_3.py
[2024-05-09T16:35:12.889+0000] {processor.py:830} INFO - Processing file /home/airflow/.local/lib/python3.12/site-packages/airflow/example_dags/example_branch_python_dop_operator_3.py for tasks to queue
[2024-05-09T16:35:12.889+0000] {logging_mixin.py:188} INFO - [2024-05-09T16:35:12.889+0000] {dagbag.py:545} INFO - Filling up the DagBag from /home/airflow/.local/lib/python3.12/site-packages/airflow/example_dags/example_branch_python_dop_operator_3.py
[2024-05-09T16:35:12.893+0000] {processor.py:840} INFO - DAG(s) 'example_branch_dop_operator_v3' retrieved from /home/airflow/.local/lib/python3.12/site-packages/airflow/example_dags/example_branch_python_dop_operator_3.py
[2024-05-09T16:35:12.902+0000] {logging_mixin.py:188} INFO - [2024-05-09T16:35:12.902+0000] {dag.py:3096} INFO - Sync 1 DAGs
[2024-05-09T16:35:12.911+0000] {logging_mixin.py:188} INFO - [2024-05-09T16:35:12.911+0000] {dag.py:3954} INFO - Setting next_dagrun for example_branch_dop_operator_v3 to 2024-05-09 16:34:00+00:00, run_after=2024-05-09 16:35:00+00:00
[2024-05-09T16:35:12.918+0000] {processor.py:183} INFO - Processing /home/airflow/.local/lib/python3.12/site-packages/airflow/example_dags/example_branch_python_dop_operator_3.py took 0.033 seconds
[2024-05-09T16:35:43.558+0000] {processor.py:161} INFO - Started process (PID=1964) to work on /home/airflow/.local/lib/python3.12/site-packages/airflow/example_dags/example_branch_python_dop_operator_3.py
[2024-05-09T16:35:43.559+0000] {processor.py:830} INFO - Processing file /home/airflow/.local/lib/python3.12/site-packages/airflow/example_dags/example_branch_python_dop_operator_3.py for tasks to queue
[2024-05-09T16:35:43.559+0000] {logging_mixin.py:188} INFO - [2024-05-09T16:35:43.559+0000] {dagbag.py:545} INFO - Filling up the DagBag from /home/airflow/.local/lib/python3.12/site-packages/airflow/example_dags/example_branch_python_dop_operator_3.py
[2024-05-09T16:35:43.563+0000] {processor.py:840} INFO - DAG(s) 'example_branch_dop_operator_v3' retrieved from /home/airflow/.local/lib/python3.12/site-packages/airflow/example_dags/example_branch_python_dop_operator_3.py
[2024-05-09T16:35:43.572+0000] {logging_mixin.py:188} INFO - [2024-05-09T16:35:43.572+0000] {dag.py:3096} INFO - Sync 1 DAGs
[2024-05-09T16:35:43.582+0000] {logging_mixin.py:188} INFO - [2024-05-09T16:35:43.582+0000] {dag.py:3954} INFO - Setting next_dagrun for example_branch_dop_operator_v3 to 2024-05-09 16:34:00+00:00, run_after=2024-05-09 16:35:00+00:00
[2024-05-09T16:35:43.588+0000] {processor.py:183} INFO - Processing /home/airflow/.local/lib/python3.12/site-packages/airflow/example_dags/example_branch_python_dop_operator_3.py took 0.033 seconds
[2024-05-09T16:36:14.136+0000] {processor.py:161} INFO - Started process (PID=2022) to work on /home/airflow/.local/lib/python3.12/site-packages/airflow/example_dags/example_branch_python_dop_operator_3.py
[2024-05-09T16:36:14.137+0000] {processor.py:830} INFO - Processing file /home/airflow/.local/lib/python3.12/site-packages/airflow/example_dags/example_branch_python_dop_operator_3.py for tasks to queue
[2024-05-09T16:36:14.138+0000] {logging_mixin.py:188} INFO - [2024-05-09T16:36:14.138+0000] {dagbag.py:545} INFO - Filling up the DagBag from /home/airflow/.local/lib/python3.12/site-packages/airflow/example_dags/example_branch_python_dop_operator_3.py
[2024-05-09T16:36:14.143+0000] {processor.py:840} INFO - DAG(s) 'example_branch_dop_operator_v3' retrieved from /home/airflow/.local/lib/python3.12/site-packages/airflow/example_dags/example_branch_python_dop_operator_3.py
[2024-05-09T16:36:14.153+0000] {logging_mixin.py:188} INFO - [2024-05-09T16:36:14.152+0000] {dag.py:3096} INFO - Sync 1 DAGs
[2024-05-09T16:36:14.163+0000] {logging_mixin.py:188} INFO - [2024-05-09T16:36:14.163+0000] {dag.py:3954} INFO - Setting next_dagrun for example_branch_dop_operator_v3 to 2024-05-09 16:35:00+00:00, run_after=2024-05-09 16:36:00+00:00
[2024-05-09T16:36:14.171+0000] {processor.py:183} INFO - Processing /home/airflow/.local/lib/python3.12/site-packages/airflow/example_dags/example_branch_python_dop_operator_3.py took 0.038 seconds
[2024-05-09T16:36:44.386+0000] {processor.py:161} INFO - Started process (PID=2080) to work on /home/airflow/.local/lib/python3.12/site-packages/airflow/example_dags/example_branch_python_dop_operator_3.py
[2024-05-09T16:36:44.386+0000] {processor.py:830} INFO - Processing file /home/airflow/.local/lib/python3.12/site-packages/airflow/example_dags/example_branch_python_dop_operator_3.py for tasks to queue
[2024-05-09T16:36:44.387+0000] {logging_mixin.py:188} INFO - [2024-05-09T16:36:44.387+0000] {dagbag.py:545} INFO - Filling up the DagBag from /home/airflow/.local/lib/python3.12/site-packages/airflow/example_dags/example_branch_python_dop_operator_3.py
[2024-05-09T16:36:44.391+0000] {processor.py:840} INFO - DAG(s) 'example_branch_dop_operator_v3' retrieved from /home/airflow/.local/lib/python3.12/site-packages/airflow/example_dags/example_branch_python_dop_operator_3.py
[2024-05-09T16:36:44.399+0000] {logging_mixin.py:188} INFO - [2024-05-09T16:36:44.399+0000] {dag.py:3096} INFO - Sync 1 DAGs
[2024-05-09T16:36:44.409+0000] {logging_mixin.py:188} INFO - [2024-05-09T16:36:44.409+0000] {dag.py:3954} INFO - Setting next_dagrun for example_branch_dop_operator_v3 to 2024-05-09 16:35:00+00:00, run_after=2024-05-09 16:36:00+00:00
[2024-05-09T16:36:44.415+0000] {processor.py:183} INFO - Processing /home/airflow/.local/lib/python3.12/site-packages/airflow/example_dags/example_branch_python_dop_operator_3.py took 0.032 seconds
[2024-05-09T16:37:14.756+0000] {processor.py:161} INFO - Started process (PID=2138) to work on /home/airflow/.local/lib/python3.12/site-packages/airflow/example_dags/example_branch_python_dop_operator_3.py
[2024-05-09T16:37:14.757+0000] {processor.py:830} INFO - Processing file /home/airflow/.local/lib/python3.12/site-packages/airflow/example_dags/example_branch_python_dop_operator_3.py for tasks to queue
[2024-05-09T16:37:14.758+0000] {logging_mixin.py:188} INFO - [2024-05-09T16:37:14.757+0000] {dagbag.py:545} INFO - Filling up the DagBag from /home/airflow/.local/lib/python3.12/site-packages/airflow/example_dags/example_branch_python_dop_operator_3.py
[2024-05-09T16:37:14.762+0000] {processor.py:840} INFO - DAG(s) 'example_branch_dop_operator_v3' retrieved from /home/airflow/.local/lib/python3.12/site-packages/airflow/example_dags/example_branch_python_dop_operator_3.py
[2024-05-09T16:37:14.771+0000] {logging_mixin.py:188} INFO - [2024-05-09T16:37:14.771+0000] {dag.py:3096} INFO - Sync 1 DAGs
[2024-05-09T16:37:14.780+0000] {logging_mixin.py:188} INFO - [2024-05-09T16:37:14.780+0000] {dag.py:3954} INFO - Setting next_dagrun for example_branch_dop_operator_v3 to 2024-05-09 16:36:00+00:00, run_after=2024-05-09 16:37:00+00:00
[2024-05-09T16:37:14.787+0000] {processor.py:183} INFO - Processing /home/airflow/.local/lib/python3.12/site-packages/airflow/example_dags/example_branch_python_dop_operator_3.py took 0.033 seconds
[2024-05-09T16:37:45.008+0000] {processor.py:161} INFO - Started process (PID=2196) to work on /home/airflow/.local/lib/python3.12/site-packages/airflow/example_dags/example_branch_python_dop_operator_3.py
[2024-05-09T16:37:45.008+0000] {processor.py:830} INFO - Processing file /home/airflow/.local/lib/python3.12/site-packages/airflow/example_dags/example_branch_python_dop_operator_3.py for tasks to queue
[2024-05-09T16:37:45.009+0000] {logging_mixin.py:188} INFO - [2024-05-09T16:37:45.009+0000] {dagbag.py:545} INFO - Filling up the DagBag from /home/airflow/.local/lib/python3.12/site-packages/airflow/example_dags/example_branch_python_dop_operator_3.py
[2024-05-09T16:37:45.013+0000] {processor.py:840} INFO - DAG(s) 'example_branch_dop_operator_v3' retrieved from /home/airflow/.local/lib/python3.12/site-packages/airflow/example_dags/example_branch_python_dop_operator_3.py
[2024-05-09T16:37:45.022+0000] {logging_mixin.py:188} INFO - [2024-05-09T16:37:45.022+0000] {dag.py:3096} INFO - Sync 1 DAGs
[2024-05-09T16:37:45.032+0000] {logging_mixin.py:188} INFO - [2024-05-09T16:37:45.032+0000] {dag.py:3954} INFO - Setting next_dagrun for example_branch_dop_operator_v3 to 2024-05-09 16:36:00+00:00, run_after=2024-05-09 16:37:00+00:00
[2024-05-09T16:37:45.038+0000] {processor.py:183} INFO - Processing /home/airflow/.local/lib/python3.12/site-packages/airflow/example_dags/example_branch_python_dop_operator_3.py took 0.033 seconds
[2024-05-09T16:38:15.851+0000] {processor.py:161} INFO - Started process (PID=2254) to work on /home/airflow/.local/lib/python3.12/site-packages/airflow/example_dags/example_branch_python_dop_operator_3.py
[2024-05-09T16:38:15.852+0000] {processor.py:830} INFO - Processing file /home/airflow/.local/lib/python3.12/site-packages/airflow/example_dags/example_branch_python_dop_operator_3.py for tasks to queue
[2024-05-09T16:38:15.852+0000] {logging_mixin.py:188} INFO - [2024-05-09T16:38:15.852+0000] {dagbag.py:545} INFO - Filling up the DagBag from /home/airflow/.local/lib/python3.12/site-packages/airflow/example_dags/example_branch_python_dop_operator_3.py
[2024-05-09T16:38:15.857+0000] {processor.py:840} INFO - DAG(s) 'example_branch_dop_operator_v3' retrieved from /home/airflow/.local/lib/python3.12/site-packages/airflow/example_dags/example_branch_python_dop_operator_3.py
[2024-05-09T16:38:15.865+0000] {logging_mixin.py:188} INFO - [2024-05-09T16:38:15.865+0000] {dag.py:3096} INFO - Sync 1 DAGs
[2024-05-09T16:38:15.875+0000] {logging_mixin.py:188} INFO - [2024-05-09T16:38:15.874+0000] {dag.py:3954} INFO - Setting next_dagrun for example_branch_dop_operator_v3 to 2024-05-09 16:37:00+00:00, run_after=2024-05-09 16:38:00+00:00
[2024-05-09T16:38:15.881+0000] {processor.py:183} INFO - Processing /home/airflow/.local/lib/python3.12/site-packages/airflow/example_dags/example_branch_python_dop_operator_3.py took 0.033 seconds
[2024-05-09T16:38:46.412+0000] {processor.py:161} INFO - Started process (PID=2311) to work on /home/airflow/.local/lib/python3.12/site-packages/airflow/example_dags/example_branch_python_dop_operator_3.py
[2024-05-09T16:38:46.412+0000] {processor.py:830} INFO - Processing file /home/airflow/.local/lib/python3.12/site-packages/airflow/example_dags/example_branch_python_dop_operator_3.py for tasks to queue
[2024-05-09T16:38:46.413+0000] {logging_mixin.py:188} INFO - [2024-05-09T16:38:46.413+0000] {dagbag.py:545} INFO - Filling up the DagBag from /home/airflow/.local/lib/python3.12/site-packages/airflow/example_dags/example_branch_python_dop_operator_3.py
[2024-05-09T16:38:46.417+0000] {processor.py:840} INFO - DAG(s) 'example_branch_dop_operator_v3' retrieved from /home/airflow/.local/lib/python3.12/site-packages/airflow/example_dags/example_branch_python_dop_operator_3.py
[2024-05-09T16:38:46.426+0000] {logging_mixin.py:188} INFO - [2024-05-09T16:38:46.426+0000] {dag.py:3096} INFO - Sync 1 DAGs
[2024-05-09T16:38:46.517+0000] {logging_mixin.py:188} INFO - [2024-05-09T16:38:46.517+0000] {dag.py:3954} INFO - Setting next_dagrun for example_branch_dop_operator_v3 to 2024-05-09 16:37:00+00:00, run_after=2024-05-09 16:38:00+00:00
[2024-05-09T16:38:46.523+0000] {processor.py:183} INFO - Processing /home/airflow/.local/lib/python3.12/site-packages/airflow/example_dags/example_branch_python_dop_operator_3.py took 0.114 seconds
[2024-05-09T16:39:17.197+0000] {processor.py:161} INFO - Started process (PID=2368) to work on /home/airflow/.local/lib/python3.12/site-packages/airflow/example_dags/example_branch_python_dop_operator_3.py
[2024-05-09T16:39:17.198+0000] {processor.py:830} INFO - Processing file /home/airflow/.local/lib/python3.12/site-packages/airflow/example_dags/example_branch_python_dop_operator_3.py for tasks to queue
[2024-05-09T16:39:17.199+0000] {logging_mixin.py:188} INFO - [2024-05-09T16:39:17.199+0000] {dagbag.py:545} INFO - Filling up the DagBag from /home/airflow/.local/lib/python3.12/site-packages/airflow/example_dags/example_branch_python_dop_operator_3.py
[2024-05-09T16:39:17.203+0000] {processor.py:840} INFO - DAG(s) 'example_branch_dop_operator_v3' retrieved from /home/airflow/.local/lib/python3.12/site-packages/airflow/example_dags/example_branch_python_dop_operator_3.py
[2024-05-09T16:39:17.211+0000] {logging_mixin.py:188} INFO - [2024-05-09T16:39:17.211+0000] {dag.py:3096} INFO - Sync 1 DAGs
[2024-05-09T16:39:17.221+0000] {logging_mixin.py:188} INFO - [2024-05-09T16:39:17.221+0000] {dag.py:3954} INFO - Setting next_dagrun for example_branch_dop_operator_v3 to 2024-05-09 16:38:00+00:00, run_after=2024-05-09 16:39:00+00:00
[2024-05-09T16:39:17.227+0000] {processor.py:183} INFO - Processing /home/airflow/.local/lib/python3.12/site-packages/airflow/example_dags/example_branch_python_dop_operator_3.py took 0.033 seconds
[2024-05-09T16:39:47.853+0000] {processor.py:161} INFO - Started process (PID=2426) to work on /home/airflow/.local/lib/python3.12/site-packages/airflow/example_dags/example_branch_python_dop_operator_3.py
[2024-05-09T16:39:47.853+0000] {processor.py:830} INFO - Processing file /home/airflow/.local/lib/python3.12/site-packages/airflow/example_dags/example_branch_python_dop_operator_3.py for tasks to queue
[2024-05-09T16:39:47.854+0000] {logging_mixin.py:188} INFO - [2024-05-09T16:39:47.854+0000] {dagbag.py:545} INFO - Filling up the DagBag from /home/airflow/.local/lib/python3.12/site-packages/airflow/example_dags/example_branch_python_dop_operator_3.py
[2024-05-09T16:39:47.858+0000] {processor.py:840} INFO - DAG(s) 'example_branch_dop_operator_v3' retrieved from /home/airflow/.local/lib/python3.12/site-packages/airflow/example_dags/example_branch_python_dop_operator_3.py
[2024-05-09T16:39:47.867+0000] {logging_mixin.py:188} INFO - [2024-05-09T16:39:47.866+0000] {dag.py:3096} INFO - Sync 1 DAGs
[2024-05-09T16:39:47.876+0000] {logging_mixin.py:188} INFO - [2024-05-09T16:39:47.876+0000] {dag.py:3954} INFO - Setting next_dagrun for example_branch_dop_operator_v3 to 2024-05-09 16:38:00+00:00, run_after=2024-05-09 16:39:00+00:00
[2024-05-09T16:39:47.883+0000] {processor.py:183} INFO - Processing /home/airflow/.local/lib/python3.12/site-packages/airflow/example_dags/example_branch_python_dop_operator_3.py took 0.033 seconds
[2024-05-09T16:40:18.544+0000] {processor.py:161} INFO - Started process (PID=2490) to work on /home/airflow/.local/lib/python3.12/site-packages/airflow/example_dags/example_branch_python_dop_operator_3.py
[2024-05-09T16:40:18.544+0000] {processor.py:830} INFO - Processing file /home/airflow/.local/lib/python3.12/site-packages/airflow/example_dags/example_branch_python_dop_operator_3.py for tasks to queue
[2024-05-09T16:40:18.546+0000] {logging_mixin.py:188} INFO - [2024-05-09T16:40:18.545+0000] {dagbag.py:545} INFO - Filling up the DagBag from /home/airflow/.local/lib/python3.12/site-packages/airflow/example_dags/example_branch_python_dop_operator_3.py
[2024-05-09T16:40:18.549+0000] {processor.py:840} INFO - DAG(s) 'example_branch_dop_operator_v3' retrieved from /home/airflow/.local/lib/python3.12/site-packages/airflow/example_dags/example_branch_python_dop_operator_3.py
[2024-05-09T16:40:18.558+0000] {logging_mixin.py:188} INFO - [2024-05-09T16:40:18.558+0000] {dag.py:3096} INFO - Sync 1 DAGs
[2024-05-09T16:40:18.568+0000] {logging_mixin.py:188} INFO - [2024-05-09T16:40:18.568+0000] {dag.py:3954} INFO - Setting next_dagrun for example_branch_dop_operator_v3 to 2024-05-09 16:39:00+00:00, run_after=2024-05-09 16:40:00+00:00
[2024-05-09T16:40:18.575+0000] {processor.py:183} INFO - Processing /home/airflow/.local/lib/python3.12/site-packages/airflow/example_dags/example_branch_python_dop_operator_3.py took 0.033 seconds
[2024-05-09T16:40:49.176+0000] {processor.py:161} INFO - Started process (PID=2548) to work on /home/airflow/.local/lib/python3.12/site-packages/airflow/example_dags/example_branch_python_dop_operator_3.py
[2024-05-09T16:40:49.177+0000] {processor.py:830} INFO - Processing file /home/airflow/.local/lib/python3.12/site-packages/airflow/example_dags/example_branch_python_dop_operator_3.py for tasks to queue
[2024-05-09T16:40:49.177+0000] {logging_mixin.py:188} INFO - [2024-05-09T16:40:49.177+0000] {dagbag.py:545} INFO - Filling up the DagBag from /home/airflow/.local/lib/python3.12/site-packages/airflow/example_dags/example_branch_python_dop_operator_3.py
[2024-05-09T16:40:49.182+0000] {processor.py:840} INFO - DAG(s) 'example_branch_dop_operator_v3' retrieved from /home/airflow/.local/lib/python3.12/site-packages/airflow/example_dags/example_branch_python_dop_operator_3.py
[2024-05-09T16:40:49.192+0000] {logging_mixin.py:188} INFO - [2024-05-09T16:40:49.192+0000] {dag.py:3096} INFO - Sync 1 DAGs
[2024-05-09T16:40:49.202+0000] {logging_mixin.py:188} INFO - [2024-05-09T16:40:49.202+0000] {dag.py:3954} INFO - Setting next_dagrun for example_branch_dop_operator_v3 to 2024-05-09 16:39:00+00:00, run_after=2024-05-09 16:40:00+00:00
[2024-05-09T16:40:49.209+0000] {processor.py:183} INFO - Processing /home/airflow/.local/lib/python3.12/site-packages/airflow/example_dags/example_branch_python_dop_operator_3.py took 0.036 seconds
[2024-05-09T16:41:19.848+0000] {processor.py:161} INFO - Started process (PID=2606) to work on /home/airflow/.local/lib/python3.12/site-packages/airflow/example_dags/example_branch_python_dop_operator_3.py
[2024-05-09T16:41:19.849+0000] {processor.py:830} INFO - Processing file /home/airflow/.local/lib/python3.12/site-packages/airflow/example_dags/example_branch_python_dop_operator_3.py for tasks to queue
[2024-05-09T16:41:19.850+0000] {logging_mixin.py:188} INFO - [2024-05-09T16:41:19.850+0000] {dagbag.py:545} INFO - Filling up the DagBag from /home/airflow/.local/lib/python3.12/site-packages/airflow/example_dags/example_branch_python_dop_operator_3.py
[2024-05-09T16:41:19.854+0000] {processor.py:840} INFO - DAG(s) 'example_branch_dop_operator_v3' retrieved from /home/airflow/.local/lib/python3.12/site-packages/airflow/example_dags/example_branch_python_dop_operator_3.py
[2024-05-09T16:41:19.862+0000] {logging_mixin.py:188} INFO - [2024-05-09T16:41:19.862+0000] {dag.py:3096} INFO - Sync 1 DAGs
[2024-05-09T16:41:19.872+0000] {logging_mixin.py:188} INFO - [2024-05-09T16:41:19.872+0000] {dag.py:3954} INFO - Setting next_dagrun for example_branch_dop_operator_v3 to 2024-05-09 16:40:00+00:00, run_after=2024-05-09 16:41:00+00:00
[2024-05-09T16:41:19.878+0000] {processor.py:183} INFO - Processing /home/airflow/.local/lib/python3.12/site-packages/airflow/example_dags/example_branch_python_dop_operator_3.py took 0.033 seconds
[2024-05-09T16:41:50.568+0000] {processor.py:161} INFO - Started process (PID=2664) to work on /home/airflow/.local/lib/python3.12/site-packages/airflow/example_dags/example_branch_python_dop_operator_3.py
[2024-05-09T16:41:50.569+0000] {processor.py:830} INFO - Processing file /home/airflow/.local/lib/python3.12/site-packages/airflow/example_dags/example_branch_python_dop_operator_3.py for tasks to queue
[2024-05-09T16:41:50.570+0000] {logging_mixin.py:188} INFO - [2024-05-09T16:41:50.569+0000] {dagbag.py:545} INFO - Filling up the DagBag from /home/airflow/.local/lib/python3.12/site-packages/airflow/example_dags/example_branch_python_dop_operator_3.py
[2024-05-09T16:41:50.574+0000] {processor.py:840} INFO - DAG(s) 'example_branch_dop_operator_v3' retrieved from /home/airflow/.local/lib/python3.12/site-packages/airflow/example_dags/example_branch_python_dop_operator_3.py
[2024-05-09T16:41:50.582+0000] {logging_mixin.py:188} INFO - [2024-05-09T16:41:50.582+0000] {dag.py:3096} INFO - Sync 1 DAGs
[2024-05-09T16:41:50.592+0000] {logging_mixin.py:188} INFO - [2024-05-09T16:41:50.592+0000] {dag.py:3954} INFO - Setting next_dagrun for example_branch_dop_operator_v3 to 2024-05-09 16:40:00+00:00, run_after=2024-05-09 16:41:00+00:00
[2024-05-09T16:41:50.599+0000] {processor.py:183} INFO - Processing /home/airflow/.local/lib/python3.12/site-packages/airflow/example_dags/example_branch_python_dop_operator_3.py took 0.033 seconds
[2024-05-09T16:42:21.360+0000] {processor.py:161} INFO - Started process (PID=2722) to work on /home/airflow/.local/lib/python3.12/site-packages/airflow/example_dags/example_branch_python_dop_operator_3.py
[2024-05-09T16:42:21.360+0000] {processor.py:830} INFO - Processing file /home/airflow/.local/lib/python3.12/site-packages/airflow/example_dags/example_branch_python_dop_operator_3.py for tasks to queue
[2024-05-09T16:42:21.361+0000] {logging_mixin.py:188} INFO - [2024-05-09T16:42:21.361+0000] {dagbag.py:545} INFO - Filling up the DagBag from /home/airflow/.local/lib/python3.12/site-packages/airflow/example_dags/example_branch_python_dop_operator_3.py
[2024-05-09T16:42:21.365+0000] {processor.py:840} INFO - DAG(s) 'example_branch_dop_operator_v3' retrieved from /home/airflow/.local/lib/python3.12/site-packages/airflow/example_dags/example_branch_python_dop_operator_3.py
[2024-05-09T16:42:21.373+0000] {logging_mixin.py:188} INFO - [2024-05-09T16:42:21.373+0000] {dag.py:3096} INFO - Sync 1 DAGs
[2024-05-09T16:42:21.383+0000] {logging_mixin.py:188} INFO - [2024-05-09T16:42:21.383+0000] {dag.py:3954} INFO - Setting next_dagrun for example_branch_dop_operator_v3 to 2024-05-09 16:41:00+00:00, run_after=2024-05-09 16:42:00+00:00
[2024-05-09T16:42:21.389+0000] {processor.py:183} INFO - Processing /home/airflow/.local/lib/python3.12/site-packages/airflow/example_dags/example_branch_python_dop_operator_3.py took 0.033 seconds
[2024-05-09T16:42:52.056+0000] {processor.py:161} INFO - Started process (PID=2780) to work on /home/airflow/.local/lib/python3.12/site-packages/airflow/example_dags/example_branch_python_dop_operator_3.py
[2024-05-09T16:42:52.057+0000] {processor.py:830} INFO - Processing file /home/airflow/.local/lib/python3.12/site-packages/airflow/example_dags/example_branch_python_dop_operator_3.py for tasks to queue
[2024-05-09T16:42:52.058+0000] {logging_mixin.py:188} INFO - [2024-05-09T16:42:52.058+0000] {dagbag.py:545} INFO - Filling up the DagBag from /home/airflow/.local/lib/python3.12/site-packages/airflow/example_dags/example_branch_python_dop_operator_3.py
[2024-05-09T16:42:52.062+0000] {processor.py:840} INFO - DAG(s) 'example_branch_dop_operator_v3' retrieved from /home/airflow/.local/lib/python3.12/site-packages/airflow/example_dags/example_branch_python_dop_operator_3.py
[2024-05-09T16:42:52.072+0000] {logging_mixin.py:188} INFO - [2024-05-09T16:42:52.072+0000] {dag.py:3096} INFO - Sync 1 DAGs
[2024-05-09T16:42:52.082+0000] {logging_mixin.py:188} INFO - [2024-05-09T16:42:52.082+0000] {dag.py:3954} INFO - Setting next_dagrun for example_branch_dop_operator_v3 to 2024-05-09 16:41:00+00:00, run_after=2024-05-09 16:42:00+00:00
[2024-05-09T16:42:52.089+0000] {processor.py:183} INFO - Processing /home/airflow/.local/lib/python3.12/site-packages/airflow/example_dags/example_branch_python_dop_operator_3.py took 0.036 seconds
