[2024-05-09T16:18:57.192+0000] {processor.py:161} INFO - Started process (PID=62) to work on /home/airflow/.local/lib/python3.12/site-packages/airflow/example_dags/example_task_group_decorator.py
[2024-05-09T16:18:57.193+0000] {processor.py:830} INFO - Processing file /home/airflow/.local/lib/python3.12/site-packages/airflow/example_dags/example_task_group_decorator.py for tasks to queue
[2024-05-09T16:18:57.194+0000] {logging_mixin.py:188} INFO - [2024-05-09T16:18:57.193+0000] {dagbag.py:545} INFO - Filling up the DagBag from /home/airflow/.local/lib/python3.12/site-packages/airflow/example_dags/example_task_group_decorator.py
[2024-05-09T16:18:57.200+0000] {processor.py:840} INFO - DAG(s) 'example_task_group_decorator' retrieved from /home/airflow/.local/lib/python3.12/site-packages/airflow/example_dags/example_task_group_decorator.py
[2024-05-09T16:18:57.247+0000] {logging_mixin.py:188} INFO - [2024-05-09T16:18:57.247+0000] {override.py:1829} INFO - Created Permission View: can edit on DAG:example_task_group_decorator
[2024-05-09T16:18:57.251+0000] {logging_mixin.py:188} INFO - [2024-05-09T16:18:57.251+0000] {override.py:1829} INFO - Created Permission View: can delete on DAG:example_task_group_decorator
[2024-05-09T16:18:57.253+0000] {logging_mixin.py:188} INFO - [2024-05-09T16:18:57.253+0000] {override.py:1829} INFO - Created Permission View: can read on DAG:example_task_group_decorator
[2024-05-09T16:18:57.253+0000] {logging_mixin.py:188} INFO - [2024-05-09T16:18:57.253+0000] {dag.py:3096} INFO - Sync 1 DAGs
[2024-05-09T16:18:57.258+0000] {logging_mixin.py:188} INFO - [2024-05-09T16:18:57.258+0000] {dag.py:3118} INFO - Creating ORM DAG for example_task_group_decorator
[2024-05-09T16:18:57.262+0000] {logging_mixin.py:188} INFO - [2024-05-09T16:18:57.262+0000] {dag.py:3954} INFO - Setting next_dagrun for example_task_group_decorator to 2024-05-08 00:00:00+00:00, run_after=2024-05-09 00:00:00+00:00
[2024-05-09T16:18:57.267+0000] {processor.py:183} INFO - Processing /home/airflow/.local/lib/python3.12/site-packages/airflow/example_dags/example_task_group_decorator.py took 0.078 seconds
[2024-05-09T16:19:28.076+0000] {processor.py:161} INFO - Started process (PID=119) to work on /home/airflow/.local/lib/python3.12/site-packages/airflow/example_dags/example_task_group_decorator.py
[2024-05-09T16:19:28.077+0000] {processor.py:830} INFO - Processing file /home/airflow/.local/lib/python3.12/site-packages/airflow/example_dags/example_task_group_decorator.py for tasks to queue
[2024-05-09T16:19:28.078+0000] {logging_mixin.py:188} INFO - [2024-05-09T16:19:28.078+0000] {dagbag.py:545} INFO - Filling up the DagBag from /home/airflow/.local/lib/python3.12/site-packages/airflow/example_dags/example_task_group_decorator.py
[2024-05-09T16:19:28.084+0000] {processor.py:840} INFO - DAG(s) 'example_task_group_decorator' retrieved from /home/airflow/.local/lib/python3.12/site-packages/airflow/example_dags/example_task_group_decorator.py
[2024-05-09T16:19:28.094+0000] {logging_mixin.py:188} INFO - [2024-05-09T16:19:28.094+0000] {dag.py:3096} INFO - Sync 1 DAGs
[2024-05-09T16:19:28.105+0000] {logging_mixin.py:188} INFO - [2024-05-09T16:19:28.104+0000] {dag.py:3954} INFO - Setting next_dagrun for example_task_group_decorator to 2024-05-08 00:00:00+00:00, run_after=2024-05-09 00:00:00+00:00
[2024-05-09T16:19:28.111+0000] {processor.py:183} INFO - Processing /home/airflow/.local/lib/python3.12/site-packages/airflow/example_dags/example_task_group_decorator.py took 0.038 seconds
[2024-05-09T16:19:58.579+0000] {processor.py:161} INFO - Started process (PID=177) to work on /home/airflow/.local/lib/python3.12/site-packages/airflow/example_dags/example_task_group_decorator.py
[2024-05-09T16:19:58.579+0000] {processor.py:830} INFO - Processing file /home/airflow/.local/lib/python3.12/site-packages/airflow/example_dags/example_task_group_decorator.py for tasks to queue
[2024-05-09T16:19:58.580+0000] {logging_mixin.py:188} INFO - [2024-05-09T16:19:58.580+0000] {dagbag.py:545} INFO - Filling up the DagBag from /home/airflow/.local/lib/python3.12/site-packages/airflow/example_dags/example_task_group_decorator.py
[2024-05-09T16:19:58.587+0000] {processor.py:840} INFO - DAG(s) 'example_task_group_decorator' retrieved from /home/airflow/.local/lib/python3.12/site-packages/airflow/example_dags/example_task_group_decorator.py
[2024-05-09T16:19:58.597+0000] {logging_mixin.py:188} INFO - [2024-05-09T16:19:58.597+0000] {dag.py:3096} INFO - Sync 1 DAGs
[2024-05-09T16:19:58.605+0000] {logging_mixin.py:188} INFO - [2024-05-09T16:19:58.605+0000] {dag.py:3954} INFO - Setting next_dagrun for example_task_group_decorator to 2024-05-08 00:00:00+00:00, run_after=2024-05-09 00:00:00+00:00
[2024-05-09T16:19:58.612+0000] {processor.py:183} INFO - Processing /home/airflow/.local/lib/python3.12/site-packages/airflow/example_dags/example_task_group_decorator.py took 0.036 seconds
[2024-05-09T16:20:29.067+0000] {processor.py:161} INFO - Started process (PID=235) to work on /home/airflow/.local/lib/python3.12/site-packages/airflow/example_dags/example_task_group_decorator.py
[2024-05-09T16:20:29.067+0000] {processor.py:830} INFO - Processing file /home/airflow/.local/lib/python3.12/site-packages/airflow/example_dags/example_task_group_decorator.py for tasks to queue
[2024-05-09T16:20:29.068+0000] {logging_mixin.py:188} INFO - [2024-05-09T16:20:29.068+0000] {dagbag.py:545} INFO - Filling up the DagBag from /home/airflow/.local/lib/python3.12/site-packages/airflow/example_dags/example_task_group_decorator.py
[2024-05-09T16:20:29.074+0000] {processor.py:840} INFO - DAG(s) 'example_task_group_decorator' retrieved from /home/airflow/.local/lib/python3.12/site-packages/airflow/example_dags/example_task_group_decorator.py
[2024-05-09T16:20:29.085+0000] {logging_mixin.py:188} INFO - [2024-05-09T16:20:29.085+0000] {dag.py:3096} INFO - Sync 1 DAGs
[2024-05-09T16:20:29.094+0000] {logging_mixin.py:188} INFO - [2024-05-09T16:20:29.094+0000] {dag.py:3954} INFO - Setting next_dagrun for example_task_group_decorator to 2024-05-08 00:00:00+00:00, run_after=2024-05-09 00:00:00+00:00
[2024-05-09T16:20:29.100+0000] {processor.py:183} INFO - Processing /home/airflow/.local/lib/python3.12/site-packages/airflow/example_dags/example_task_group_decorator.py took 0.036 seconds
[2024-05-09T16:20:59.528+0000] {processor.py:161} INFO - Started process (PID=293) to work on /home/airflow/.local/lib/python3.12/site-packages/airflow/example_dags/example_task_group_decorator.py
[2024-05-09T16:20:59.529+0000] {processor.py:830} INFO - Processing file /home/airflow/.local/lib/python3.12/site-packages/airflow/example_dags/example_task_group_decorator.py for tasks to queue
[2024-05-09T16:20:59.530+0000] {logging_mixin.py:188} INFO - [2024-05-09T16:20:59.530+0000] {dagbag.py:545} INFO - Filling up the DagBag from /home/airflow/.local/lib/python3.12/site-packages/airflow/example_dags/example_task_group_decorator.py
[2024-05-09T16:20:59.536+0000] {processor.py:840} INFO - DAG(s) 'example_task_group_decorator' retrieved from /home/airflow/.local/lib/python3.12/site-packages/airflow/example_dags/example_task_group_decorator.py
[2024-05-09T16:20:59.546+0000] {logging_mixin.py:188} INFO - [2024-05-09T16:20:59.546+0000] {dag.py:3096} INFO - Sync 1 DAGs
[2024-05-09T16:20:59.555+0000] {logging_mixin.py:188} INFO - [2024-05-09T16:20:59.555+0000] {dag.py:3954} INFO - Setting next_dagrun for example_task_group_decorator to 2024-05-08 00:00:00+00:00, run_after=2024-05-09 00:00:00+00:00
[2024-05-09T16:20:59.561+0000] {processor.py:183} INFO - Processing /home/airflow/.local/lib/python3.12/site-packages/airflow/example_dags/example_task_group_decorator.py took 0.036 seconds
[2024-05-09T16:21:29.953+0000] {processor.py:161} INFO - Started process (PID=351) to work on /home/airflow/.local/lib/python3.12/site-packages/airflow/example_dags/example_task_group_decorator.py
[2024-05-09T16:21:29.954+0000] {processor.py:830} INFO - Processing file /home/airflow/.local/lib/python3.12/site-packages/airflow/example_dags/example_task_group_decorator.py for tasks to queue
[2024-05-09T16:21:29.955+0000] {logging_mixin.py:188} INFO - [2024-05-09T16:21:29.955+0000] {dagbag.py:545} INFO - Filling up the DagBag from /home/airflow/.local/lib/python3.12/site-packages/airflow/example_dags/example_task_group_decorator.py
[2024-05-09T16:21:29.962+0000] {processor.py:840} INFO - DAG(s) 'example_task_group_decorator' retrieved from /home/airflow/.local/lib/python3.12/site-packages/airflow/example_dags/example_task_group_decorator.py
[2024-05-09T16:21:29.973+0000] {logging_mixin.py:188} INFO - [2024-05-09T16:21:29.973+0000] {dag.py:3096} INFO - Sync 1 DAGs
[2024-05-09T16:21:29.982+0000] {logging_mixin.py:188} INFO - [2024-05-09T16:21:29.982+0000] {dag.py:3954} INFO - Setting next_dagrun for example_task_group_decorator to 2024-05-08 00:00:00+00:00, run_after=2024-05-09 00:00:00+00:00
[2024-05-09T16:21:29.989+0000] {processor.py:183} INFO - Processing /home/airflow/.local/lib/python3.12/site-packages/airflow/example_dags/example_task_group_decorator.py took 0.039 seconds
[2024-05-09T16:22:00.520+0000] {processor.py:161} INFO - Started process (PID=409) to work on /home/airflow/.local/lib/python3.12/site-packages/airflow/example_dags/example_task_group_decorator.py
[2024-05-09T16:22:00.521+0000] {processor.py:830} INFO - Processing file /home/airflow/.local/lib/python3.12/site-packages/airflow/example_dags/example_task_group_decorator.py for tasks to queue
[2024-05-09T16:22:00.522+0000] {logging_mixin.py:188} INFO - [2024-05-09T16:22:00.522+0000] {dagbag.py:545} INFO - Filling up the DagBag from /home/airflow/.local/lib/python3.12/site-packages/airflow/example_dags/example_task_group_decorator.py
[2024-05-09T16:22:00.529+0000] {processor.py:840} INFO - DAG(s) 'example_task_group_decorator' retrieved from /home/airflow/.local/lib/python3.12/site-packages/airflow/example_dags/example_task_group_decorator.py
[2024-05-09T16:22:00.541+0000] {logging_mixin.py:188} INFO - [2024-05-09T16:22:00.541+0000] {dag.py:3096} INFO - Sync 1 DAGs
[2024-05-09T16:22:00.550+0000] {logging_mixin.py:188} INFO - [2024-05-09T16:22:00.550+0000] {dag.py:3954} INFO - Setting next_dagrun for example_task_group_decorator to 2024-05-08 00:00:00+00:00, run_after=2024-05-09 00:00:00+00:00
[2024-05-09T16:22:00.557+0000] {processor.py:183} INFO - Processing /home/airflow/.local/lib/python3.12/site-packages/airflow/example_dags/example_task_group_decorator.py took 0.039 seconds
[2024-05-09T16:22:31.011+0000] {processor.py:161} INFO - Started process (PID=467) to work on /home/airflow/.local/lib/python3.12/site-packages/airflow/example_dags/example_task_group_decorator.py
[2024-05-09T16:22:31.011+0000] {processor.py:830} INFO - Processing file /home/airflow/.local/lib/python3.12/site-packages/airflow/example_dags/example_task_group_decorator.py for tasks to queue
[2024-05-09T16:22:31.012+0000] {logging_mixin.py:188} INFO - [2024-05-09T16:22:31.012+0000] {dagbag.py:545} INFO - Filling up the DagBag from /home/airflow/.local/lib/python3.12/site-packages/airflow/example_dags/example_task_group_decorator.py
[2024-05-09T16:22:31.018+0000] {processor.py:840} INFO - DAG(s) 'example_task_group_decorator' retrieved from /home/airflow/.local/lib/python3.12/site-packages/airflow/example_dags/example_task_group_decorator.py
[2024-05-09T16:22:31.029+0000] {logging_mixin.py:188} INFO - [2024-05-09T16:22:31.029+0000] {dag.py:3096} INFO - Sync 1 DAGs
[2024-05-09T16:22:31.038+0000] {logging_mixin.py:188} INFO - [2024-05-09T16:22:31.038+0000] {dag.py:3954} INFO - Setting next_dagrun for example_task_group_decorator to 2024-05-08 00:00:00+00:00, run_after=2024-05-09 00:00:00+00:00
[2024-05-09T16:22:31.045+0000] {processor.py:183} INFO - Processing /home/airflow/.local/lib/python3.12/site-packages/airflow/example_dags/example_task_group_decorator.py took 0.037 seconds
[2024-05-09T16:23:01.548+0000] {processor.py:161} INFO - Started process (PID=525) to work on /home/airflow/.local/lib/python3.12/site-packages/airflow/example_dags/example_task_group_decorator.py
[2024-05-09T16:23:01.549+0000] {processor.py:830} INFO - Processing file /home/airflow/.local/lib/python3.12/site-packages/airflow/example_dags/example_task_group_decorator.py for tasks to queue
[2024-05-09T16:23:01.550+0000] {logging_mixin.py:188} INFO - [2024-05-09T16:23:01.550+0000] {dagbag.py:545} INFO - Filling up the DagBag from /home/airflow/.local/lib/python3.12/site-packages/airflow/example_dags/example_task_group_decorator.py
[2024-05-09T16:23:01.556+0000] {processor.py:840} INFO - DAG(s) 'example_task_group_decorator' retrieved from /home/airflow/.local/lib/python3.12/site-packages/airflow/example_dags/example_task_group_decorator.py
[2024-05-09T16:23:01.566+0000] {logging_mixin.py:188} INFO - [2024-05-09T16:23:01.566+0000] {dag.py:3096} INFO - Sync 1 DAGs
[2024-05-09T16:23:01.575+0000] {logging_mixin.py:188} INFO - [2024-05-09T16:23:01.575+0000] {dag.py:3954} INFO - Setting next_dagrun for example_task_group_decorator to 2024-05-08 00:00:00+00:00, run_after=2024-05-09 00:00:00+00:00
[2024-05-09T16:23:01.582+0000] {processor.py:183} INFO - Processing /home/airflow/.local/lib/python3.12/site-packages/airflow/example_dags/example_task_group_decorator.py took 0.037 seconds
[2024-05-09T16:23:31.980+0000] {processor.py:161} INFO - Started process (PID=583) to work on /home/airflow/.local/lib/python3.12/site-packages/airflow/example_dags/example_task_group_decorator.py
[2024-05-09T16:23:31.981+0000] {processor.py:830} INFO - Processing file /home/airflow/.local/lib/python3.12/site-packages/airflow/example_dags/example_task_group_decorator.py for tasks to queue
[2024-05-09T16:23:31.982+0000] {logging_mixin.py:188} INFO - [2024-05-09T16:23:31.981+0000] {dagbag.py:545} INFO - Filling up the DagBag from /home/airflow/.local/lib/python3.12/site-packages/airflow/example_dags/example_task_group_decorator.py
[2024-05-09T16:23:31.988+0000] {processor.py:840} INFO - DAG(s) 'example_task_group_decorator' retrieved from /home/airflow/.local/lib/python3.12/site-packages/airflow/example_dags/example_task_group_decorator.py
[2024-05-09T16:23:32.000+0000] {logging_mixin.py:188} INFO - [2024-05-09T16:23:32.000+0000] {dag.py:3096} INFO - Sync 1 DAGs
[2024-05-09T16:23:32.010+0000] {logging_mixin.py:188} INFO - [2024-05-09T16:23:32.010+0000] {dag.py:3954} INFO - Setting next_dagrun for example_task_group_decorator to 2024-05-08 00:00:00+00:00, run_after=2024-05-09 00:00:00+00:00
[2024-05-09T16:23:32.017+0000] {processor.py:183} INFO - Processing /home/airflow/.local/lib/python3.12/site-packages/airflow/example_dags/example_task_group_decorator.py took 0.040 seconds
[2024-05-09T16:24:02.538+0000] {processor.py:161} INFO - Started process (PID=641) to work on /home/airflow/.local/lib/python3.12/site-packages/airflow/example_dags/example_task_group_decorator.py
[2024-05-09T16:24:02.539+0000] {processor.py:830} INFO - Processing file /home/airflow/.local/lib/python3.12/site-packages/airflow/example_dags/example_task_group_decorator.py for tasks to queue
[2024-05-09T16:24:02.540+0000] {logging_mixin.py:188} INFO - [2024-05-09T16:24:02.539+0000] {dagbag.py:545} INFO - Filling up the DagBag from /home/airflow/.local/lib/python3.12/site-packages/airflow/example_dags/example_task_group_decorator.py
[2024-05-09T16:24:02.546+0000] {processor.py:840} INFO - DAG(s) 'example_task_group_decorator' retrieved from /home/airflow/.local/lib/python3.12/site-packages/airflow/example_dags/example_task_group_decorator.py
[2024-05-09T16:24:02.559+0000] {logging_mixin.py:188} INFO - [2024-05-09T16:24:02.559+0000] {dag.py:3096} INFO - Sync 1 DAGs
[2024-05-09T16:24:02.568+0000] {logging_mixin.py:188} INFO - [2024-05-09T16:24:02.568+0000] {dag.py:3954} INFO - Setting next_dagrun for example_task_group_decorator to 2024-05-08 00:00:00+00:00, run_after=2024-05-09 00:00:00+00:00
[2024-05-09T16:24:02.575+0000] {processor.py:183} INFO - Processing /home/airflow/.local/lib/python3.12/site-packages/airflow/example_dags/example_task_group_decorator.py took 0.040 seconds
[2024-05-09T16:24:32.985+0000] {processor.py:161} INFO - Started process (PID=699) to work on /home/airflow/.local/lib/python3.12/site-packages/airflow/example_dags/example_task_group_decorator.py
[2024-05-09T16:24:32.985+0000] {processor.py:830} INFO - Processing file /home/airflow/.local/lib/python3.12/site-packages/airflow/example_dags/example_task_group_decorator.py for tasks to queue
[2024-05-09T16:24:32.986+0000] {logging_mixin.py:188} INFO - [2024-05-09T16:24:32.986+0000] {dagbag.py:545} INFO - Filling up the DagBag from /home/airflow/.local/lib/python3.12/site-packages/airflow/example_dags/example_task_group_decorator.py
[2024-05-09T16:24:32.993+0000] {processor.py:840} INFO - DAG(s) 'example_task_group_decorator' retrieved from /home/airflow/.local/lib/python3.12/site-packages/airflow/example_dags/example_task_group_decorator.py
[2024-05-09T16:24:33.003+0000] {logging_mixin.py:188} INFO - [2024-05-09T16:24:33.003+0000] {dag.py:3096} INFO - Sync 1 DAGs
[2024-05-09T16:24:33.012+0000] {logging_mixin.py:188} INFO - [2024-05-09T16:24:33.012+0000] {dag.py:3954} INFO - Setting next_dagrun for example_task_group_decorator to 2024-05-08 00:00:00+00:00, run_after=2024-05-09 00:00:00+00:00
[2024-05-09T16:24:33.018+0000] {processor.py:183} INFO - Processing /home/airflow/.local/lib/python3.12/site-packages/airflow/example_dags/example_task_group_decorator.py took 0.036 seconds
[2024-05-09T16:25:03.433+0000] {processor.py:161} INFO - Started process (PID=761) to work on /home/airflow/.local/lib/python3.12/site-packages/airflow/example_dags/example_task_group_decorator.py
[2024-05-09T16:25:03.434+0000] {processor.py:830} INFO - Processing file /home/airflow/.local/lib/python3.12/site-packages/airflow/example_dags/example_task_group_decorator.py for tasks to queue
[2024-05-09T16:25:03.435+0000] {logging_mixin.py:188} INFO - [2024-05-09T16:25:03.435+0000] {dagbag.py:545} INFO - Filling up the DagBag from /home/airflow/.local/lib/python3.12/site-packages/airflow/example_dags/example_task_group_decorator.py
[2024-05-09T16:25:03.441+0000] {processor.py:840} INFO - DAG(s) 'example_task_group_decorator' retrieved from /home/airflow/.local/lib/python3.12/site-packages/airflow/example_dags/example_task_group_decorator.py
[2024-05-09T16:25:03.452+0000] {logging_mixin.py:188} INFO - [2024-05-09T16:25:03.452+0000] {dag.py:3096} INFO - Sync 1 DAGs
[2024-05-09T16:25:03.461+0000] {logging_mixin.py:188} INFO - [2024-05-09T16:25:03.460+0000] {dag.py:3954} INFO - Setting next_dagrun for example_task_group_decorator to 2024-05-08 00:00:00+00:00, run_after=2024-05-09 00:00:00+00:00
[2024-05-09T16:25:03.467+0000] {processor.py:183} INFO - Processing /home/airflow/.local/lib/python3.12/site-packages/airflow/example_dags/example_task_group_decorator.py took 0.037 seconds
[2024-05-09T16:25:33.918+0000] {processor.py:161} INFO - Started process (PID=819) to work on /home/airflow/.local/lib/python3.12/site-packages/airflow/example_dags/example_task_group_decorator.py
[2024-05-09T16:25:33.918+0000] {processor.py:830} INFO - Processing file /home/airflow/.local/lib/python3.12/site-packages/airflow/example_dags/example_task_group_decorator.py for tasks to queue
[2024-05-09T16:25:33.919+0000] {logging_mixin.py:188} INFO - [2024-05-09T16:25:33.919+0000] {dagbag.py:545} INFO - Filling up the DagBag from /home/airflow/.local/lib/python3.12/site-packages/airflow/example_dags/example_task_group_decorator.py
[2024-05-09T16:25:33.925+0000] {processor.py:840} INFO - DAG(s) 'example_task_group_decorator' retrieved from /home/airflow/.local/lib/python3.12/site-packages/airflow/example_dags/example_task_group_decorator.py
[2024-05-09T16:25:33.935+0000] {logging_mixin.py:188} INFO - [2024-05-09T16:25:33.935+0000] {dag.py:3096} INFO - Sync 1 DAGs
[2024-05-09T16:25:33.944+0000] {logging_mixin.py:188} INFO - [2024-05-09T16:25:33.944+0000] {dag.py:3954} INFO - Setting next_dagrun for example_task_group_decorator to 2024-05-08 00:00:00+00:00, run_after=2024-05-09 00:00:00+00:00
[2024-05-09T16:25:33.950+0000] {processor.py:183} INFO - Processing /home/airflow/.local/lib/python3.12/site-packages/airflow/example_dags/example_task_group_decorator.py took 0.036 seconds
[2024-05-09T16:26:04.484+0000] {processor.py:161} INFO - Started process (PID=877) to work on /home/airflow/.local/lib/python3.12/site-packages/airflow/example_dags/example_task_group_decorator.py
[2024-05-09T16:26:04.484+0000] {processor.py:830} INFO - Processing file /home/airflow/.local/lib/python3.12/site-packages/airflow/example_dags/example_task_group_decorator.py for tasks to queue
[2024-05-09T16:26:04.485+0000] {logging_mixin.py:188} INFO - [2024-05-09T16:26:04.485+0000] {dagbag.py:545} INFO - Filling up the DagBag from /home/airflow/.local/lib/python3.12/site-packages/airflow/example_dags/example_task_group_decorator.py
[2024-05-09T16:26:04.491+0000] {processor.py:840} INFO - DAG(s) 'example_task_group_decorator' retrieved from /home/airflow/.local/lib/python3.12/site-packages/airflow/example_dags/example_task_group_decorator.py
[2024-05-09T16:26:04.501+0000] {logging_mixin.py:188} INFO - [2024-05-09T16:26:04.501+0000] {dag.py:3096} INFO - Sync 1 DAGs
[2024-05-09T16:26:04.510+0000] {logging_mixin.py:188} INFO - [2024-05-09T16:26:04.510+0000] {dag.py:3954} INFO - Setting next_dagrun for example_task_group_decorator to 2024-05-08 00:00:00+00:00, run_after=2024-05-09 00:00:00+00:00
[2024-05-09T16:26:04.517+0000] {processor.py:183} INFO - Processing /home/airflow/.local/lib/python3.12/site-packages/airflow/example_dags/example_task_group_decorator.py took 0.035 seconds
[2024-05-09T16:26:34.958+0000] {processor.py:161} INFO - Started process (PID=935) to work on /home/airflow/.local/lib/python3.12/site-packages/airflow/example_dags/example_task_group_decorator.py
[2024-05-09T16:26:34.958+0000] {processor.py:830} INFO - Processing file /home/airflow/.local/lib/python3.12/site-packages/airflow/example_dags/example_task_group_decorator.py for tasks to queue
[2024-05-09T16:26:34.959+0000] {logging_mixin.py:188} INFO - [2024-05-09T16:26:34.959+0000] {dagbag.py:545} INFO - Filling up the DagBag from /home/airflow/.local/lib/python3.12/site-packages/airflow/example_dags/example_task_group_decorator.py
[2024-05-09T16:26:34.965+0000] {processor.py:840} INFO - DAG(s) 'example_task_group_decorator' retrieved from /home/airflow/.local/lib/python3.12/site-packages/airflow/example_dags/example_task_group_decorator.py
[2024-05-09T16:26:34.976+0000] {logging_mixin.py:188} INFO - [2024-05-09T16:26:34.976+0000] {dag.py:3096} INFO - Sync 1 DAGs
[2024-05-09T16:26:34.985+0000] {logging_mixin.py:188} INFO - [2024-05-09T16:26:34.984+0000] {dag.py:3954} INFO - Setting next_dagrun for example_task_group_decorator to 2024-05-08 00:00:00+00:00, run_after=2024-05-09 00:00:00+00:00
[2024-05-09T16:26:34.991+0000] {processor.py:183} INFO - Processing /home/airflow/.local/lib/python3.12/site-packages/airflow/example_dags/example_task_group_decorator.py took 0.036 seconds
[2024-05-09T16:27:05.426+0000] {processor.py:161} INFO - Started process (PID=993) to work on /home/airflow/.local/lib/python3.12/site-packages/airflow/example_dags/example_task_group_decorator.py
[2024-05-09T16:27:05.427+0000] {processor.py:830} INFO - Processing file /home/airflow/.local/lib/python3.12/site-packages/airflow/example_dags/example_task_group_decorator.py for tasks to queue
[2024-05-09T16:27:05.428+0000] {logging_mixin.py:188} INFO - [2024-05-09T16:27:05.428+0000] {dagbag.py:545} INFO - Filling up the DagBag from /home/airflow/.local/lib/python3.12/site-packages/airflow/example_dags/example_task_group_decorator.py
[2024-05-09T16:27:05.434+0000] {processor.py:840} INFO - DAG(s) 'example_task_group_decorator' retrieved from /home/airflow/.local/lib/python3.12/site-packages/airflow/example_dags/example_task_group_decorator.py
[2024-05-09T16:27:05.445+0000] {logging_mixin.py:188} INFO - [2024-05-09T16:27:05.445+0000] {dag.py:3096} INFO - Sync 1 DAGs
[2024-05-09T16:27:05.454+0000] {logging_mixin.py:188} INFO - [2024-05-09T16:27:05.454+0000] {dag.py:3954} INFO - Setting next_dagrun for example_task_group_decorator to 2024-05-08 00:00:00+00:00, run_after=2024-05-09 00:00:00+00:00
[2024-05-09T16:27:05.461+0000] {processor.py:183} INFO - Processing /home/airflow/.local/lib/python3.12/site-packages/airflow/example_dags/example_task_group_decorator.py took 0.038 seconds
[2024-05-09T16:27:35.947+0000] {processor.py:161} INFO - Started process (PID=1051) to work on /home/airflow/.local/lib/python3.12/site-packages/airflow/example_dags/example_task_group_decorator.py
[2024-05-09T16:27:35.947+0000] {processor.py:830} INFO - Processing file /home/airflow/.local/lib/python3.12/site-packages/airflow/example_dags/example_task_group_decorator.py for tasks to queue
[2024-05-09T16:27:35.948+0000] {logging_mixin.py:188} INFO - [2024-05-09T16:27:35.948+0000] {dagbag.py:545} INFO - Filling up the DagBag from /home/airflow/.local/lib/python3.12/site-packages/airflow/example_dags/example_task_group_decorator.py
[2024-05-09T16:27:35.954+0000] {processor.py:840} INFO - DAG(s) 'example_task_group_decorator' retrieved from /home/airflow/.local/lib/python3.12/site-packages/airflow/example_dags/example_task_group_decorator.py
[2024-05-09T16:27:35.965+0000] {logging_mixin.py:188} INFO - [2024-05-09T16:27:35.965+0000] {dag.py:3096} INFO - Sync 1 DAGs
[2024-05-09T16:27:35.973+0000] {logging_mixin.py:188} INFO - [2024-05-09T16:27:35.973+0000] {dag.py:3954} INFO - Setting next_dagrun for example_task_group_decorator to 2024-05-08 00:00:00+00:00, run_after=2024-05-09 00:00:00+00:00
[2024-05-09T16:27:35.980+0000] {processor.py:183} INFO - Processing /home/airflow/.local/lib/python3.12/site-packages/airflow/example_dags/example_task_group_decorator.py took 0.036 seconds
[2024-05-09T16:28:06.529+0000] {processor.py:161} INFO - Started process (PID=1109) to work on /home/airflow/.local/lib/python3.12/site-packages/airflow/example_dags/example_task_group_decorator.py
[2024-05-09T16:28:06.530+0000] {processor.py:830} INFO - Processing file /home/airflow/.local/lib/python3.12/site-packages/airflow/example_dags/example_task_group_decorator.py for tasks to queue
[2024-05-09T16:28:06.531+0000] {logging_mixin.py:188} INFO - [2024-05-09T16:28:06.531+0000] {dagbag.py:545} INFO - Filling up the DagBag from /home/airflow/.local/lib/python3.12/site-packages/airflow/example_dags/example_task_group_decorator.py
[2024-05-09T16:28:06.537+0000] {processor.py:840} INFO - DAG(s) 'example_task_group_decorator' retrieved from /home/airflow/.local/lib/python3.12/site-packages/airflow/example_dags/example_task_group_decorator.py
[2024-05-09T16:28:06.548+0000] {logging_mixin.py:188} INFO - [2024-05-09T16:28:06.548+0000] {dag.py:3096} INFO - Sync 1 DAGs
[2024-05-09T16:28:06.557+0000] {logging_mixin.py:188} INFO - [2024-05-09T16:28:06.557+0000] {dag.py:3954} INFO - Setting next_dagrun for example_task_group_decorator to 2024-05-08 00:00:00+00:00, run_after=2024-05-09 00:00:00+00:00
[2024-05-09T16:28:06.564+0000] {processor.py:183} INFO - Processing /home/airflow/.local/lib/python3.12/site-packages/airflow/example_dags/example_task_group_decorator.py took 0.039 seconds
[2024-05-09T16:28:37.063+0000] {processor.py:161} INFO - Started process (PID=1167) to work on /home/airflow/.local/lib/python3.12/site-packages/airflow/example_dags/example_task_group_decorator.py
[2024-05-09T16:28:37.064+0000] {processor.py:830} INFO - Processing file /home/airflow/.local/lib/python3.12/site-packages/airflow/example_dags/example_task_group_decorator.py for tasks to queue
[2024-05-09T16:28:37.065+0000] {logging_mixin.py:188} INFO - [2024-05-09T16:28:37.064+0000] {dagbag.py:545} INFO - Filling up the DagBag from /home/airflow/.local/lib/python3.12/site-packages/airflow/example_dags/example_task_group_decorator.py
[2024-05-09T16:28:37.071+0000] {processor.py:840} INFO - DAG(s) 'example_task_group_decorator' retrieved from /home/airflow/.local/lib/python3.12/site-packages/airflow/example_dags/example_task_group_decorator.py
[2024-05-09T16:28:37.081+0000] {logging_mixin.py:188} INFO - [2024-05-09T16:28:37.081+0000] {dag.py:3096} INFO - Sync 1 DAGs
[2024-05-09T16:28:37.089+0000] {logging_mixin.py:188} INFO - [2024-05-09T16:28:37.089+0000] {dag.py:3954} INFO - Setting next_dagrun for example_task_group_decorator to 2024-05-08 00:00:00+00:00, run_after=2024-05-09 00:00:00+00:00
[2024-05-09T16:28:37.095+0000] {processor.py:183} INFO - Processing /home/airflow/.local/lib/python3.12/site-packages/airflow/example_dags/example_task_group_decorator.py took 0.035 seconds
[2024-05-09T16:29:07.543+0000] {processor.py:161} INFO - Started process (PID=1225) to work on /home/airflow/.local/lib/python3.12/site-packages/airflow/example_dags/example_task_group_decorator.py
[2024-05-09T16:29:07.544+0000] {processor.py:830} INFO - Processing file /home/airflow/.local/lib/python3.12/site-packages/airflow/example_dags/example_task_group_decorator.py for tasks to queue
[2024-05-09T16:29:07.545+0000] {logging_mixin.py:188} INFO - [2024-05-09T16:29:07.544+0000] {dagbag.py:545} INFO - Filling up the DagBag from /home/airflow/.local/lib/python3.12/site-packages/airflow/example_dags/example_task_group_decorator.py
[2024-05-09T16:29:07.551+0000] {processor.py:840} INFO - DAG(s) 'example_task_group_decorator' retrieved from /home/airflow/.local/lib/python3.12/site-packages/airflow/example_dags/example_task_group_decorator.py
[2024-05-09T16:29:07.563+0000] {logging_mixin.py:188} INFO - [2024-05-09T16:29:07.563+0000] {dag.py:3096} INFO - Sync 1 DAGs
[2024-05-09T16:29:07.572+0000] {logging_mixin.py:188} INFO - [2024-05-09T16:29:07.572+0000] {dag.py:3954} INFO - Setting next_dagrun for example_task_group_decorator to 2024-05-08 00:00:00+00:00, run_after=2024-05-09 00:00:00+00:00
[2024-05-09T16:29:07.579+0000] {processor.py:183} INFO - Processing /home/airflow/.local/lib/python3.12/site-packages/airflow/example_dags/example_task_group_decorator.py took 0.039 seconds
[2024-05-09T16:29:38.078+0000] {processor.py:161} INFO - Started process (PID=1283) to work on /home/airflow/.local/lib/python3.12/site-packages/airflow/example_dags/example_task_group_decorator.py
[2024-05-09T16:29:38.079+0000] {processor.py:830} INFO - Processing file /home/airflow/.local/lib/python3.12/site-packages/airflow/example_dags/example_task_group_decorator.py for tasks to queue
[2024-05-09T16:29:38.080+0000] {logging_mixin.py:188} INFO - [2024-05-09T16:29:38.080+0000] {dagbag.py:545} INFO - Filling up the DagBag from /home/airflow/.local/lib/python3.12/site-packages/airflow/example_dags/example_task_group_decorator.py
[2024-05-09T16:29:38.086+0000] {processor.py:840} INFO - DAG(s) 'example_task_group_decorator' retrieved from /home/airflow/.local/lib/python3.12/site-packages/airflow/example_dags/example_task_group_decorator.py
[2024-05-09T16:29:38.098+0000] {logging_mixin.py:188} INFO - [2024-05-09T16:29:38.097+0000] {dag.py:3096} INFO - Sync 1 DAGs
[2024-05-09T16:29:38.137+0000] {logging_mixin.py:188} INFO - [2024-05-09T16:29:38.137+0000] {dag.py:3954} INFO - Setting next_dagrun for example_task_group_decorator to 2024-05-08 00:00:00+00:00, run_after=2024-05-09 00:00:00+00:00
[2024-05-09T16:29:38.148+0000] {processor.py:183} INFO - Processing /home/airflow/.local/lib/python3.12/site-packages/airflow/example_dags/example_task_group_decorator.py took 0.073 seconds
[2024-05-09T16:30:08.730+0000] {processor.py:161} INFO - Started process (PID=1341) to work on /home/airflow/.local/lib/python3.12/site-packages/airflow/example_dags/example_task_group_decorator.py
[2024-05-09T16:30:08.730+0000] {processor.py:830} INFO - Processing file /home/airflow/.local/lib/python3.12/site-packages/airflow/example_dags/example_task_group_decorator.py for tasks to queue
[2024-05-09T16:30:08.731+0000] {logging_mixin.py:188} INFO - [2024-05-09T16:30:08.731+0000] {dagbag.py:545} INFO - Filling up the DagBag from /home/airflow/.local/lib/python3.12/site-packages/airflow/example_dags/example_task_group_decorator.py
[2024-05-09T16:30:08.738+0000] {processor.py:840} INFO - DAG(s) 'example_task_group_decorator' retrieved from /home/airflow/.local/lib/python3.12/site-packages/airflow/example_dags/example_task_group_decorator.py
[2024-05-09T16:30:08.748+0000] {logging_mixin.py:188} INFO - [2024-05-09T16:30:08.748+0000] {dag.py:3096} INFO - Sync 1 DAGs
[2024-05-09T16:30:08.757+0000] {logging_mixin.py:188} INFO - [2024-05-09T16:30:08.757+0000] {dag.py:3954} INFO - Setting next_dagrun for example_task_group_decorator to 2024-05-08 00:00:00+00:00, run_after=2024-05-09 00:00:00+00:00
[2024-05-09T16:30:08.763+0000] {processor.py:183} INFO - Processing /home/airflow/.local/lib/python3.12/site-packages/airflow/example_dags/example_task_group_decorator.py took 0.036 seconds
[2024-05-09T16:30:39.298+0000] {processor.py:161} INFO - Started process (PID=1399) to work on /home/airflow/.local/lib/python3.12/site-packages/airflow/example_dags/example_task_group_decorator.py
[2024-05-09T16:30:39.299+0000] {processor.py:830} INFO - Processing file /home/airflow/.local/lib/python3.12/site-packages/airflow/example_dags/example_task_group_decorator.py for tasks to queue
[2024-05-09T16:30:39.300+0000] {logging_mixin.py:188} INFO - [2024-05-09T16:30:39.300+0000] {dagbag.py:545} INFO - Filling up the DagBag from /home/airflow/.local/lib/python3.12/site-packages/airflow/example_dags/example_task_group_decorator.py
[2024-05-09T16:30:39.306+0000] {processor.py:840} INFO - DAG(s) 'example_task_group_decorator' retrieved from /home/airflow/.local/lib/python3.12/site-packages/airflow/example_dags/example_task_group_decorator.py
[2024-05-09T16:30:39.316+0000] {logging_mixin.py:188} INFO - [2024-05-09T16:30:39.316+0000] {dag.py:3096} INFO - Sync 1 DAGs
[2024-05-09T16:30:39.325+0000] {logging_mixin.py:188} INFO - [2024-05-09T16:30:39.325+0000] {dag.py:3954} INFO - Setting next_dagrun for example_task_group_decorator to 2024-05-08 00:00:00+00:00, run_after=2024-05-09 00:00:00+00:00
[2024-05-09T16:30:39.331+0000] {processor.py:183} INFO - Processing /home/airflow/.local/lib/python3.12/site-packages/airflow/example_dags/example_task_group_decorator.py took 0.036 seconds
[2024-05-09T16:31:09.792+0000] {processor.py:161} INFO - Started process (PID=1457) to work on /home/airflow/.local/lib/python3.12/site-packages/airflow/example_dags/example_task_group_decorator.py
[2024-05-09T16:31:09.795+0000] {processor.py:830} INFO - Processing file /home/airflow/.local/lib/python3.12/site-packages/airflow/example_dags/example_task_group_decorator.py for tasks to queue
[2024-05-09T16:31:09.796+0000] {logging_mixin.py:188} INFO - [2024-05-09T16:31:09.795+0000] {dagbag.py:545} INFO - Filling up the DagBag from /home/airflow/.local/lib/python3.12/site-packages/airflow/example_dags/example_task_group_decorator.py
[2024-05-09T16:31:09.801+0000] {processor.py:840} INFO - DAG(s) 'example_task_group_decorator' retrieved from /home/airflow/.local/lib/python3.12/site-packages/airflow/example_dags/example_task_group_decorator.py
[2024-05-09T16:31:09.812+0000] {logging_mixin.py:188} INFO - [2024-05-09T16:31:09.812+0000] {dag.py:3096} INFO - Sync 1 DAGs
[2024-05-09T16:31:09.820+0000] {logging_mixin.py:188} INFO - [2024-05-09T16:31:09.820+0000] {dag.py:3954} INFO - Setting next_dagrun for example_task_group_decorator to 2024-05-08 00:00:00+00:00, run_after=2024-05-09 00:00:00+00:00
[2024-05-09T16:31:09.826+0000] {processor.py:183} INFO - Processing /home/airflow/.local/lib/python3.12/site-packages/airflow/example_dags/example_task_group_decorator.py took 0.037 seconds
[2024-05-09T16:31:40.342+0000] {processor.py:161} INFO - Started process (PID=1515) to work on /home/airflow/.local/lib/python3.12/site-packages/airflow/example_dags/example_task_group_decorator.py
[2024-05-09T16:31:40.343+0000] {processor.py:830} INFO - Processing file /home/airflow/.local/lib/python3.12/site-packages/airflow/example_dags/example_task_group_decorator.py for tasks to queue
[2024-05-09T16:31:40.344+0000] {logging_mixin.py:188} INFO - [2024-05-09T16:31:40.343+0000] {dagbag.py:545} INFO - Filling up the DagBag from /home/airflow/.local/lib/python3.12/site-packages/airflow/example_dags/example_task_group_decorator.py
[2024-05-09T16:31:40.349+0000] {processor.py:840} INFO - DAG(s) 'example_task_group_decorator' retrieved from /home/airflow/.local/lib/python3.12/site-packages/airflow/example_dags/example_task_group_decorator.py
[2024-05-09T16:31:40.360+0000] {logging_mixin.py:188} INFO - [2024-05-09T16:31:40.360+0000] {dag.py:3096} INFO - Sync 1 DAGs
[2024-05-09T16:31:40.368+0000] {logging_mixin.py:188} INFO - [2024-05-09T16:31:40.368+0000] {dag.py:3954} INFO - Setting next_dagrun for example_task_group_decorator to 2024-05-08 00:00:00+00:00, run_after=2024-05-09 00:00:00+00:00
[2024-05-09T16:31:40.375+0000] {processor.py:183} INFO - Processing /home/airflow/.local/lib/python3.12/site-packages/airflow/example_dags/example_task_group_decorator.py took 0.035 seconds
[2024-05-09T16:32:10.897+0000] {processor.py:161} INFO - Started process (PID=1573) to work on /home/airflow/.local/lib/python3.12/site-packages/airflow/example_dags/example_task_group_decorator.py
[2024-05-09T16:32:10.897+0000] {processor.py:830} INFO - Processing file /home/airflow/.local/lib/python3.12/site-packages/airflow/example_dags/example_task_group_decorator.py for tasks to queue
[2024-05-09T16:32:10.898+0000] {logging_mixin.py:188} INFO - [2024-05-09T16:32:10.898+0000] {dagbag.py:545} INFO - Filling up the DagBag from /home/airflow/.local/lib/python3.12/site-packages/airflow/example_dags/example_task_group_decorator.py
[2024-05-09T16:32:10.904+0000] {processor.py:840} INFO - DAG(s) 'example_task_group_decorator' retrieved from /home/airflow/.local/lib/python3.12/site-packages/airflow/example_dags/example_task_group_decorator.py
[2024-05-09T16:32:10.914+0000] {logging_mixin.py:188} INFO - [2024-05-09T16:32:10.914+0000] {dag.py:3096} INFO - Sync 1 DAGs
[2024-05-09T16:32:10.923+0000] {logging_mixin.py:188} INFO - [2024-05-09T16:32:10.923+0000] {dag.py:3954} INFO - Setting next_dagrun for example_task_group_decorator to 2024-05-08 00:00:00+00:00, run_after=2024-05-09 00:00:00+00:00
[2024-05-09T16:32:10.929+0000] {processor.py:183} INFO - Processing /home/airflow/.local/lib/python3.12/site-packages/airflow/example_dags/example_task_group_decorator.py took 0.035 seconds
[2024-05-09T16:32:41.490+0000] {processor.py:161} INFO - Started process (PID=1631) to work on /home/airflow/.local/lib/python3.12/site-packages/airflow/example_dags/example_task_group_decorator.py
[2024-05-09T16:32:41.490+0000] {processor.py:830} INFO - Processing file /home/airflow/.local/lib/python3.12/site-packages/airflow/example_dags/example_task_group_decorator.py for tasks to queue
[2024-05-09T16:32:41.491+0000] {logging_mixin.py:188} INFO - [2024-05-09T16:32:41.491+0000] {dagbag.py:545} INFO - Filling up the DagBag from /home/airflow/.local/lib/python3.12/site-packages/airflow/example_dags/example_task_group_decorator.py
[2024-05-09T16:32:41.497+0000] {processor.py:840} INFO - DAG(s) 'example_task_group_decorator' retrieved from /home/airflow/.local/lib/python3.12/site-packages/airflow/example_dags/example_task_group_decorator.py
[2024-05-09T16:32:41.507+0000] {logging_mixin.py:188} INFO - [2024-05-09T16:32:41.507+0000] {dag.py:3096} INFO - Sync 1 DAGs
[2024-05-09T16:32:41.517+0000] {logging_mixin.py:188} INFO - [2024-05-09T16:32:41.516+0000] {dag.py:3954} INFO - Setting next_dagrun for example_task_group_decorator to 2024-05-08 00:00:00+00:00, run_after=2024-05-09 00:00:00+00:00
[2024-05-09T16:32:41.523+0000] {processor.py:183} INFO - Processing /home/airflow/.local/lib/python3.12/site-packages/airflow/example_dags/example_task_group_decorator.py took 0.036 seconds
[2024-05-09T16:33:12.012+0000] {processor.py:161} INFO - Started process (PID=1689) to work on /home/airflow/.local/lib/python3.12/site-packages/airflow/example_dags/example_task_group_decorator.py
[2024-05-09T16:33:12.013+0000] {processor.py:830} INFO - Processing file /home/airflow/.local/lib/python3.12/site-packages/airflow/example_dags/example_task_group_decorator.py for tasks to queue
[2024-05-09T16:33:12.014+0000] {logging_mixin.py:188} INFO - [2024-05-09T16:33:12.014+0000] {dagbag.py:545} INFO - Filling up the DagBag from /home/airflow/.local/lib/python3.12/site-packages/airflow/example_dags/example_task_group_decorator.py
[2024-05-09T16:33:12.020+0000] {processor.py:840} INFO - DAG(s) 'example_task_group_decorator' retrieved from /home/airflow/.local/lib/python3.12/site-packages/airflow/example_dags/example_task_group_decorator.py
[2024-05-09T16:33:12.032+0000] {logging_mixin.py:188} INFO - [2024-05-09T16:33:12.031+0000] {dag.py:3096} INFO - Sync 1 DAGs
[2024-05-09T16:33:12.041+0000] {logging_mixin.py:188} INFO - [2024-05-09T16:33:12.041+0000] {dag.py:3954} INFO - Setting next_dagrun for example_task_group_decorator to 2024-05-08 00:00:00+00:00, run_after=2024-05-09 00:00:00+00:00
[2024-05-09T16:33:12.049+0000] {processor.py:183} INFO - Processing /home/airflow/.local/lib/python3.12/site-packages/airflow/example_dags/example_task_group_decorator.py took 0.040 seconds
[2024-05-09T16:33:42.571+0000] {processor.py:161} INFO - Started process (PID=1747) to work on /home/airflow/.local/lib/python3.12/site-packages/airflow/example_dags/example_task_group_decorator.py
[2024-05-09T16:33:42.571+0000] {processor.py:830} INFO - Processing file /home/airflow/.local/lib/python3.12/site-packages/airflow/example_dags/example_task_group_decorator.py for tasks to queue
[2024-05-09T16:33:42.572+0000] {logging_mixin.py:188} INFO - [2024-05-09T16:33:42.572+0000] {dagbag.py:545} INFO - Filling up the DagBag from /home/airflow/.local/lib/python3.12/site-packages/airflow/example_dags/example_task_group_decorator.py
[2024-05-09T16:33:42.578+0000] {processor.py:840} INFO - DAG(s) 'example_task_group_decorator' retrieved from /home/airflow/.local/lib/python3.12/site-packages/airflow/example_dags/example_task_group_decorator.py
[2024-05-09T16:33:42.588+0000] {logging_mixin.py:188} INFO - [2024-05-09T16:33:42.588+0000] {dag.py:3096} INFO - Sync 1 DAGs
[2024-05-09T16:33:42.597+0000] {logging_mixin.py:188} INFO - [2024-05-09T16:33:42.597+0000] {dag.py:3954} INFO - Setting next_dagrun for example_task_group_decorator to 2024-05-08 00:00:00+00:00, run_after=2024-05-09 00:00:00+00:00
[2024-05-09T16:33:42.603+0000] {processor.py:183} INFO - Processing /home/airflow/.local/lib/python3.12/site-packages/airflow/example_dags/example_task_group_decorator.py took 0.035 seconds
[2024-05-09T16:34:13.302+0000] {processor.py:161} INFO - Started process (PID=1805) to work on /home/airflow/.local/lib/python3.12/site-packages/airflow/example_dags/example_task_group_decorator.py
[2024-05-09T16:34:13.303+0000] {processor.py:830} INFO - Processing file /home/airflow/.local/lib/python3.12/site-packages/airflow/example_dags/example_task_group_decorator.py for tasks to queue
[2024-05-09T16:34:13.304+0000] {logging_mixin.py:188} INFO - [2024-05-09T16:34:13.304+0000] {dagbag.py:545} INFO - Filling up the DagBag from /home/airflow/.local/lib/python3.12/site-packages/airflow/example_dags/example_task_group_decorator.py
[2024-05-09T16:34:13.310+0000] {processor.py:840} INFO - DAG(s) 'example_task_group_decorator' retrieved from /home/airflow/.local/lib/python3.12/site-packages/airflow/example_dags/example_task_group_decorator.py
[2024-05-09T16:34:13.322+0000] {logging_mixin.py:188} INFO - [2024-05-09T16:34:13.322+0000] {dag.py:3096} INFO - Sync 1 DAGs
[2024-05-09T16:34:13.333+0000] {logging_mixin.py:188} INFO - [2024-05-09T16:34:13.333+0000] {dag.py:3954} INFO - Setting next_dagrun for example_task_group_decorator to 2024-05-08 00:00:00+00:00, run_after=2024-05-09 00:00:00+00:00
[2024-05-09T16:34:13.341+0000] {processor.py:183} INFO - Processing /home/airflow/.local/lib/python3.12/site-packages/airflow/example_dags/example_task_group_decorator.py took 0.042 seconds
[2024-05-09T16:34:43.875+0000] {processor.py:161} INFO - Started process (PID=1863) to work on /home/airflow/.local/lib/python3.12/site-packages/airflow/example_dags/example_task_group_decorator.py
[2024-05-09T16:34:43.876+0000] {processor.py:830} INFO - Processing file /home/airflow/.local/lib/python3.12/site-packages/airflow/example_dags/example_task_group_decorator.py for tasks to queue
[2024-05-09T16:34:43.877+0000] {logging_mixin.py:188} INFO - [2024-05-09T16:34:43.877+0000] {dagbag.py:545} INFO - Filling up the DagBag from /home/airflow/.local/lib/python3.12/site-packages/airflow/example_dags/example_task_group_decorator.py
[2024-05-09T16:34:43.883+0000] {processor.py:840} INFO - DAG(s) 'example_task_group_decorator' retrieved from /home/airflow/.local/lib/python3.12/site-packages/airflow/example_dags/example_task_group_decorator.py
[2024-05-09T16:34:43.893+0000] {logging_mixin.py:188} INFO - [2024-05-09T16:34:43.893+0000] {dag.py:3096} INFO - Sync 1 DAGs
[2024-05-09T16:34:43.902+0000] {logging_mixin.py:188} INFO - [2024-05-09T16:34:43.902+0000] {dag.py:3954} INFO - Setting next_dagrun for example_task_group_decorator to 2024-05-08 00:00:00+00:00, run_after=2024-05-09 00:00:00+00:00
[2024-05-09T16:34:43.909+0000] {processor.py:183} INFO - Processing /home/airflow/.local/lib/python3.12/site-packages/airflow/example_dags/example_task_group_decorator.py took 0.036 seconds
[2024-05-09T16:35:14.336+0000] {processor.py:161} INFO - Started process (PID=1921) to work on /home/airflow/.local/lib/python3.12/site-packages/airflow/example_dags/example_task_group_decorator.py
[2024-05-09T16:35:14.336+0000] {processor.py:830} INFO - Processing file /home/airflow/.local/lib/python3.12/site-packages/airflow/example_dags/example_task_group_decorator.py for tasks to queue
[2024-05-09T16:35:14.337+0000] {logging_mixin.py:188} INFO - [2024-05-09T16:35:14.337+0000] {dagbag.py:545} INFO - Filling up the DagBag from /home/airflow/.local/lib/python3.12/site-packages/airflow/example_dags/example_task_group_decorator.py
[2024-05-09T16:35:14.343+0000] {processor.py:840} INFO - DAG(s) 'example_task_group_decorator' retrieved from /home/airflow/.local/lib/python3.12/site-packages/airflow/example_dags/example_task_group_decorator.py
[2024-05-09T16:35:14.353+0000] {logging_mixin.py:188} INFO - [2024-05-09T16:35:14.353+0000] {dag.py:3096} INFO - Sync 1 DAGs
[2024-05-09T16:35:14.361+0000] {logging_mixin.py:188} INFO - [2024-05-09T16:35:14.361+0000] {dag.py:3954} INFO - Setting next_dagrun for example_task_group_decorator to 2024-05-08 00:00:00+00:00, run_after=2024-05-09 00:00:00+00:00
[2024-05-09T16:35:14.368+0000] {processor.py:183} INFO - Processing /home/airflow/.local/lib/python3.12/site-packages/airflow/example_dags/example_task_group_decorator.py took 0.035 seconds
[2024-05-09T16:35:45.030+0000] {processor.py:161} INFO - Started process (PID=1979) to work on /home/airflow/.local/lib/python3.12/site-packages/airflow/example_dags/example_task_group_decorator.py
[2024-05-09T16:35:45.031+0000] {processor.py:830} INFO - Processing file /home/airflow/.local/lib/python3.12/site-packages/airflow/example_dags/example_task_group_decorator.py for tasks to queue
[2024-05-09T16:35:45.032+0000] {logging_mixin.py:188} INFO - [2024-05-09T16:35:45.032+0000] {dagbag.py:545} INFO - Filling up the DagBag from /home/airflow/.local/lib/python3.12/site-packages/airflow/example_dags/example_task_group_decorator.py
[2024-05-09T16:35:45.038+0000] {processor.py:840} INFO - DAG(s) 'example_task_group_decorator' retrieved from /home/airflow/.local/lib/python3.12/site-packages/airflow/example_dags/example_task_group_decorator.py
[2024-05-09T16:35:45.049+0000] {logging_mixin.py:188} INFO - [2024-05-09T16:35:45.049+0000] {dag.py:3096} INFO - Sync 1 DAGs
[2024-05-09T16:35:45.058+0000] {logging_mixin.py:188} INFO - [2024-05-09T16:35:45.058+0000] {dag.py:3954} INFO - Setting next_dagrun for example_task_group_decorator to 2024-05-08 00:00:00+00:00, run_after=2024-05-09 00:00:00+00:00
[2024-05-09T16:35:45.065+0000] {processor.py:183} INFO - Processing /home/airflow/.local/lib/python3.12/site-packages/airflow/example_dags/example_task_group_decorator.py took 0.037 seconds
[2024-05-09T16:36:15.345+0000] {processor.py:161} INFO - Started process (PID=2037) to work on /home/airflow/.local/lib/python3.12/site-packages/airflow/example_dags/example_task_group_decorator.py
[2024-05-09T16:36:15.345+0000] {processor.py:830} INFO - Processing file /home/airflow/.local/lib/python3.12/site-packages/airflow/example_dags/example_task_group_decorator.py for tasks to queue
[2024-05-09T16:36:15.346+0000] {logging_mixin.py:188} INFO - [2024-05-09T16:36:15.346+0000] {dagbag.py:545} INFO - Filling up the DagBag from /home/airflow/.local/lib/python3.12/site-packages/airflow/example_dags/example_task_group_decorator.py
[2024-05-09T16:36:15.352+0000] {processor.py:840} INFO - DAG(s) 'example_task_group_decorator' retrieved from /home/airflow/.local/lib/python3.12/site-packages/airflow/example_dags/example_task_group_decorator.py
[2024-05-09T16:36:15.363+0000] {logging_mixin.py:188} INFO - [2024-05-09T16:36:15.363+0000] {dag.py:3096} INFO - Sync 1 DAGs
[2024-05-09T16:36:15.372+0000] {logging_mixin.py:188} INFO - [2024-05-09T16:36:15.372+0000] {dag.py:3954} INFO - Setting next_dagrun for example_task_group_decorator to 2024-05-08 00:00:00+00:00, run_after=2024-05-09 00:00:00+00:00
[2024-05-09T16:36:15.379+0000] {processor.py:183} INFO - Processing /home/airflow/.local/lib/python3.12/site-packages/airflow/example_dags/example_task_group_decorator.py took 0.037 seconds
[2024-05-09T16:36:46.221+0000] {processor.py:161} INFO - Started process (PID=2095) to work on /home/airflow/.local/lib/python3.12/site-packages/airflow/example_dags/example_task_group_decorator.py
[2024-05-09T16:36:46.222+0000] {processor.py:830} INFO - Processing file /home/airflow/.local/lib/python3.12/site-packages/airflow/example_dags/example_task_group_decorator.py for tasks to queue
[2024-05-09T16:36:46.224+0000] {logging_mixin.py:188} INFO - [2024-05-09T16:36:46.224+0000] {dagbag.py:545} INFO - Filling up the DagBag from /home/airflow/.local/lib/python3.12/site-packages/airflow/example_dags/example_task_group_decorator.py
[2024-05-09T16:36:46.230+0000] {processor.py:840} INFO - DAG(s) 'example_task_group_decorator' retrieved from /home/airflow/.local/lib/python3.12/site-packages/airflow/example_dags/example_task_group_decorator.py
[2024-05-09T16:36:46.241+0000] {logging_mixin.py:188} INFO - [2024-05-09T16:36:46.241+0000] {dag.py:3096} INFO - Sync 1 DAGs
[2024-05-09T16:36:46.338+0000] {logging_mixin.py:188} INFO - [2024-05-09T16:36:46.338+0000] {dag.py:3954} INFO - Setting next_dagrun for example_task_group_decorator to 2024-05-08 00:00:00+00:00, run_after=2024-05-09 00:00:00+00:00
[2024-05-09T16:36:46.345+0000] {processor.py:183} INFO - Processing /home/airflow/.local/lib/python3.12/site-packages/airflow/example_dags/example_task_group_decorator.py took 0.129 seconds
[2024-05-09T16:37:16.379+0000] {processor.py:161} INFO - Started process (PID=2154) to work on /home/airflow/.local/lib/python3.12/site-packages/airflow/example_dags/example_task_group_decorator.py
[2024-05-09T16:37:16.380+0000] {processor.py:830} INFO - Processing file /home/airflow/.local/lib/python3.12/site-packages/airflow/example_dags/example_task_group_decorator.py for tasks to queue
[2024-05-09T16:37:16.381+0000] {logging_mixin.py:188} INFO - [2024-05-09T16:37:16.380+0000] {dagbag.py:545} INFO - Filling up the DagBag from /home/airflow/.local/lib/python3.12/site-packages/airflow/example_dags/example_task_group_decorator.py
[2024-05-09T16:37:16.387+0000] {processor.py:840} INFO - DAG(s) 'example_task_group_decorator' retrieved from /home/airflow/.local/lib/python3.12/site-packages/airflow/example_dags/example_task_group_decorator.py
[2024-05-09T16:37:16.397+0000] {logging_mixin.py:188} INFO - [2024-05-09T16:37:16.397+0000] {dag.py:3096} INFO - Sync 1 DAGs
[2024-05-09T16:37:16.406+0000] {logging_mixin.py:188} INFO - [2024-05-09T16:37:16.406+0000] {dag.py:3954} INFO - Setting next_dagrun for example_task_group_decorator to 2024-05-08 00:00:00+00:00, run_after=2024-05-09 00:00:00+00:00
[2024-05-09T16:37:16.413+0000] {processor.py:183} INFO - Processing /home/airflow/.local/lib/python3.12/site-packages/airflow/example_dags/example_task_group_decorator.py took 0.037 seconds
[2024-05-09T16:37:46.570+0000] {processor.py:161} INFO - Started process (PID=2211) to work on /home/airflow/.local/lib/python3.12/site-packages/airflow/example_dags/example_task_group_decorator.py
[2024-05-09T16:37:46.570+0000] {processor.py:830} INFO - Processing file /home/airflow/.local/lib/python3.12/site-packages/airflow/example_dags/example_task_group_decorator.py for tasks to queue
[2024-05-09T16:37:46.571+0000] {logging_mixin.py:188} INFO - [2024-05-09T16:37:46.571+0000] {dagbag.py:545} INFO - Filling up the DagBag from /home/airflow/.local/lib/python3.12/site-packages/airflow/example_dags/example_task_group_decorator.py
[2024-05-09T16:37:46.578+0000] {processor.py:840} INFO - DAG(s) 'example_task_group_decorator' retrieved from /home/airflow/.local/lib/python3.12/site-packages/airflow/example_dags/example_task_group_decorator.py
[2024-05-09T16:37:46.591+0000] {logging_mixin.py:188} INFO - [2024-05-09T16:37:46.590+0000] {dag.py:3096} INFO - Sync 1 DAGs
[2024-05-09T16:37:46.602+0000] {logging_mixin.py:188} INFO - [2024-05-09T16:37:46.602+0000] {dag.py:3954} INFO - Setting next_dagrun for example_task_group_decorator to 2024-05-08 00:00:00+00:00, run_after=2024-05-09 00:00:00+00:00
[2024-05-09T16:37:46.609+0000] {processor.py:183} INFO - Processing /home/airflow/.local/lib/python3.12/site-packages/airflow/example_dags/example_task_group_decorator.py took 0.043 seconds
[2024-05-09T16:38:17.380+0000] {processor.py:161} INFO - Started process (PID=2269) to work on /home/airflow/.local/lib/python3.12/site-packages/airflow/example_dags/example_task_group_decorator.py
[2024-05-09T16:38:17.380+0000] {processor.py:830} INFO - Processing file /home/airflow/.local/lib/python3.12/site-packages/airflow/example_dags/example_task_group_decorator.py for tasks to queue
[2024-05-09T16:38:17.381+0000] {logging_mixin.py:188} INFO - [2024-05-09T16:38:17.381+0000] {dagbag.py:545} INFO - Filling up the DagBag from /home/airflow/.local/lib/python3.12/site-packages/airflow/example_dags/example_task_group_decorator.py
[2024-05-09T16:38:17.387+0000] {processor.py:840} INFO - DAG(s) 'example_task_group_decorator' retrieved from /home/airflow/.local/lib/python3.12/site-packages/airflow/example_dags/example_task_group_decorator.py
[2024-05-09T16:38:17.397+0000] {logging_mixin.py:188} INFO - [2024-05-09T16:38:17.397+0000] {dag.py:3096} INFO - Sync 1 DAGs
[2024-05-09T16:38:17.406+0000] {logging_mixin.py:188} INFO - [2024-05-09T16:38:17.406+0000] {dag.py:3954} INFO - Setting next_dagrun for example_task_group_decorator to 2024-05-08 00:00:00+00:00, run_after=2024-05-09 00:00:00+00:00
[2024-05-09T16:38:17.413+0000] {processor.py:183} INFO - Processing /home/airflow/.local/lib/python3.12/site-packages/airflow/example_dags/example_task_group_decorator.py took 0.036 seconds
[2024-05-09T16:38:48.602+0000] {processor.py:161} INFO - Started process (PID=2331) to work on /home/airflow/.local/lib/python3.12/site-packages/airflow/example_dags/example_task_group_decorator.py
[2024-05-09T16:38:48.603+0000] {processor.py:830} INFO - Processing file /home/airflow/.local/lib/python3.12/site-packages/airflow/example_dags/example_task_group_decorator.py for tasks to queue
[2024-05-09T16:38:48.605+0000] {logging_mixin.py:188} INFO - [2024-05-09T16:38:48.604+0000] {dagbag.py:545} INFO - Filling up the DagBag from /home/airflow/.local/lib/python3.12/site-packages/airflow/example_dags/example_task_group_decorator.py
[2024-05-09T16:38:48.702+0000] {processor.py:840} INFO - DAG(s) 'example_task_group_decorator' retrieved from /home/airflow/.local/lib/python3.12/site-packages/airflow/example_dags/example_task_group_decorator.py
[2024-05-09T16:38:48.712+0000] {logging_mixin.py:188} INFO - [2024-05-09T16:38:48.712+0000] {dag.py:3096} INFO - Sync 1 DAGs
[2024-05-09T16:38:48.719+0000] {logging_mixin.py:188} INFO - [2024-05-09T16:38:48.719+0000] {dag.py:3954} INFO - Setting next_dagrun for example_task_group_decorator to 2024-05-08 00:00:00+00:00, run_after=2024-05-09 00:00:00+00:00
[2024-05-09T16:38:48.726+0000] {processor.py:183} INFO - Processing /home/airflow/.local/lib/python3.12/site-packages/airflow/example_dags/example_task_group_decorator.py took 0.127 seconds
[2024-05-09T16:39:19.713+0000] {processor.py:161} INFO - Started process (PID=2389) to work on /home/airflow/.local/lib/python3.12/site-packages/airflow/example_dags/example_task_group_decorator.py
[2024-05-09T16:39:19.714+0000] {processor.py:830} INFO - Processing file /home/airflow/.local/lib/python3.12/site-packages/airflow/example_dags/example_task_group_decorator.py for tasks to queue
[2024-05-09T16:39:19.716+0000] {logging_mixin.py:188} INFO - [2024-05-09T16:39:19.716+0000] {dagbag.py:545} INFO - Filling up the DagBag from /home/airflow/.local/lib/python3.12/site-packages/airflow/example_dags/example_task_group_decorator.py
[2024-05-09T16:39:19.728+0000] {processor.py:840} INFO - DAG(s) 'example_task_group_decorator' retrieved from /home/airflow/.local/lib/python3.12/site-packages/airflow/example_dags/example_task_group_decorator.py
[2024-05-09T16:39:19.742+0000] {logging_mixin.py:188} INFO - [2024-05-09T16:39:19.742+0000] {dag.py:3096} INFO - Sync 1 DAGs
[2024-05-09T16:39:19.753+0000] {logging_mixin.py:188} INFO - [2024-05-09T16:39:19.753+0000] {dag.py:3954} INFO - Setting next_dagrun for example_task_group_decorator to 2024-05-08 00:00:00+00:00, run_after=2024-05-09 00:00:00+00:00
[2024-05-09T16:39:19.761+0000] {processor.py:183} INFO - Processing /home/airflow/.local/lib/python3.12/site-packages/airflow/example_dags/example_task_group_decorator.py took 0.056 seconds
[2024-05-09T16:39:50.369+0000] {processor.py:161} INFO - Started process (PID=2447) to work on /home/airflow/.local/lib/python3.12/site-packages/airflow/example_dags/example_task_group_decorator.py
[2024-05-09T16:39:50.371+0000] {processor.py:830} INFO - Processing file /home/airflow/.local/lib/python3.12/site-packages/airflow/example_dags/example_task_group_decorator.py for tasks to queue
[2024-05-09T16:39:50.373+0000] {logging_mixin.py:188} INFO - [2024-05-09T16:39:50.373+0000] {dagbag.py:545} INFO - Filling up the DagBag from /home/airflow/.local/lib/python3.12/site-packages/airflow/example_dags/example_task_group_decorator.py
[2024-05-09T16:39:50.384+0000] {processor.py:840} INFO - DAG(s) 'example_task_group_decorator' retrieved from /home/airflow/.local/lib/python3.12/site-packages/airflow/example_dags/example_task_group_decorator.py
[2024-05-09T16:39:50.398+0000] {logging_mixin.py:188} INFO - [2024-05-09T16:39:50.398+0000] {dag.py:3096} INFO - Sync 1 DAGs
[2024-05-09T16:39:50.409+0000] {logging_mixin.py:188} INFO - [2024-05-09T16:39:50.409+0000] {dag.py:3954} INFO - Setting next_dagrun for example_task_group_decorator to 2024-05-08 00:00:00+00:00, run_after=2024-05-09 00:00:00+00:00
[2024-05-09T16:39:50.416+0000] {processor.py:183} INFO - Processing /home/airflow/.local/lib/python3.12/site-packages/airflow/example_dags/example_task_group_decorator.py took 0.059 seconds
[2024-05-09T16:40:21.038+0000] {processor.py:161} INFO - Started process (PID=2505) to work on /home/airflow/.local/lib/python3.12/site-packages/airflow/example_dags/example_task_group_decorator.py
[2024-05-09T16:40:21.038+0000] {processor.py:830} INFO - Processing file /home/airflow/.local/lib/python3.12/site-packages/airflow/example_dags/example_task_group_decorator.py for tasks to queue
[2024-05-09T16:40:21.040+0000] {logging_mixin.py:188} INFO - [2024-05-09T16:40:21.039+0000] {dagbag.py:545} INFO - Filling up the DagBag from /home/airflow/.local/lib/python3.12/site-packages/airflow/example_dags/example_task_group_decorator.py
[2024-05-09T16:40:21.047+0000] {processor.py:840} INFO - DAG(s) 'example_task_group_decorator' retrieved from /home/airflow/.local/lib/python3.12/site-packages/airflow/example_dags/example_task_group_decorator.py
[2024-05-09T16:40:21.059+0000] {logging_mixin.py:188} INFO - [2024-05-09T16:40:21.059+0000] {dag.py:3096} INFO - Sync 1 DAGs
[2024-05-09T16:40:21.068+0000] {logging_mixin.py:188} INFO - [2024-05-09T16:40:21.067+0000] {dag.py:3954} INFO - Setting next_dagrun for example_task_group_decorator to 2024-05-08 00:00:00+00:00, run_after=2024-05-09 00:00:00+00:00
[2024-05-09T16:40:21.075+0000] {processor.py:183} INFO - Processing /home/airflow/.local/lib/python3.12/site-packages/airflow/example_dags/example_task_group_decorator.py took 0.042 seconds
[2024-05-09T16:40:51.678+0000] {processor.py:161} INFO - Started process (PID=2563) to work on /home/airflow/.local/lib/python3.12/site-packages/airflow/example_dags/example_task_group_decorator.py
[2024-05-09T16:40:51.679+0000] {processor.py:830} INFO - Processing file /home/airflow/.local/lib/python3.12/site-packages/airflow/example_dags/example_task_group_decorator.py for tasks to queue
[2024-05-09T16:40:51.681+0000] {logging_mixin.py:188} INFO - [2024-05-09T16:40:51.681+0000] {dagbag.py:545} INFO - Filling up the DagBag from /home/airflow/.local/lib/python3.12/site-packages/airflow/example_dags/example_task_group_decorator.py
[2024-05-09T16:40:51.697+0000] {processor.py:840} INFO - DAG(s) 'example_task_group_decorator' retrieved from /home/airflow/.local/lib/python3.12/site-packages/airflow/example_dags/example_task_group_decorator.py
[2024-05-09T16:40:51.712+0000] {logging_mixin.py:188} INFO - [2024-05-09T16:40:51.712+0000] {dag.py:3096} INFO - Sync 1 DAGs
[2024-05-09T16:40:51.723+0000] {logging_mixin.py:188} INFO - [2024-05-09T16:40:51.723+0000] {dag.py:3954} INFO - Setting next_dagrun for example_task_group_decorator to 2024-05-08 00:00:00+00:00, run_after=2024-05-09 00:00:00+00:00
[2024-05-09T16:40:51.731+0000] {processor.py:183} INFO - Processing /home/airflow/.local/lib/python3.12/site-packages/airflow/example_dags/example_task_group_decorator.py took 0.063 seconds
[2024-05-09T16:41:22.363+0000] {processor.py:161} INFO - Started process (PID=2621) to work on /home/airflow/.local/lib/python3.12/site-packages/airflow/example_dags/example_task_group_decorator.py
[2024-05-09T16:41:22.365+0000] {processor.py:830} INFO - Processing file /home/airflow/.local/lib/python3.12/site-packages/airflow/example_dags/example_task_group_decorator.py for tasks to queue
[2024-05-09T16:41:22.367+0000] {logging_mixin.py:188} INFO - [2024-05-09T16:41:22.366+0000] {dagbag.py:545} INFO - Filling up the DagBag from /home/airflow/.local/lib/python3.12/site-packages/airflow/example_dags/example_task_group_decorator.py
[2024-05-09T16:41:22.376+0000] {processor.py:840} INFO - DAG(s) 'example_task_group_decorator' retrieved from /home/airflow/.local/lib/python3.12/site-packages/airflow/example_dags/example_task_group_decorator.py
[2024-05-09T16:41:22.392+0000] {logging_mixin.py:188} INFO - [2024-05-09T16:41:22.392+0000] {dag.py:3096} INFO - Sync 1 DAGs
[2024-05-09T16:41:22.404+0000] {logging_mixin.py:188} INFO - [2024-05-09T16:41:22.404+0000] {dag.py:3954} INFO - Setting next_dagrun for example_task_group_decorator to 2024-05-08 00:00:00+00:00, run_after=2024-05-09 00:00:00+00:00
[2024-05-09T16:41:22.413+0000] {processor.py:183} INFO - Processing /home/airflow/.local/lib/python3.12/site-packages/airflow/example_dags/example_task_group_decorator.py took 0.056 seconds
[2024-05-09T16:41:53.078+0000] {processor.py:161} INFO - Started process (PID=2679) to work on /home/airflow/.local/lib/python3.12/site-packages/airflow/example_dags/example_task_group_decorator.py
[2024-05-09T16:41:53.080+0000] {processor.py:830} INFO - Processing file /home/airflow/.local/lib/python3.12/site-packages/airflow/example_dags/example_task_group_decorator.py for tasks to queue
[2024-05-09T16:41:53.082+0000] {logging_mixin.py:188} INFO - [2024-05-09T16:41:53.082+0000] {dagbag.py:545} INFO - Filling up the DagBag from /home/airflow/.local/lib/python3.12/site-packages/airflow/example_dags/example_task_group_decorator.py
[2024-05-09T16:41:53.097+0000] {processor.py:840} INFO - DAG(s) 'example_task_group_decorator' retrieved from /home/airflow/.local/lib/python3.12/site-packages/airflow/example_dags/example_task_group_decorator.py
[2024-05-09T16:41:53.115+0000] {logging_mixin.py:188} INFO - [2024-05-09T16:41:53.115+0000] {dag.py:3096} INFO - Sync 1 DAGs
[2024-05-09T16:41:53.134+0000] {logging_mixin.py:188} INFO - [2024-05-09T16:41:53.134+0000] {dag.py:3954} INFO - Setting next_dagrun for example_task_group_decorator to 2024-05-08 00:00:00+00:00, run_after=2024-05-09 00:00:00+00:00
[2024-05-09T16:41:53.151+0000] {processor.py:183} INFO - Processing /home/airflow/.local/lib/python3.12/site-packages/airflow/example_dags/example_task_group_decorator.py took 0.081 seconds
[2024-05-09T16:42:23.873+0000] {processor.py:161} INFO - Started process (PID=2737) to work on /home/airflow/.local/lib/python3.12/site-packages/airflow/example_dags/example_task_group_decorator.py
[2024-05-09T16:42:23.874+0000] {processor.py:830} INFO - Processing file /home/airflow/.local/lib/python3.12/site-packages/airflow/example_dags/example_task_group_decorator.py for tasks to queue
[2024-05-09T16:42:23.877+0000] {logging_mixin.py:188} INFO - [2024-05-09T16:42:23.876+0000] {dagbag.py:545} INFO - Filling up the DagBag from /home/airflow/.local/lib/python3.12/site-packages/airflow/example_dags/example_task_group_decorator.py
[2024-05-09T16:42:23.890+0000] {processor.py:840} INFO - DAG(s) 'example_task_group_decorator' retrieved from /home/airflow/.local/lib/python3.12/site-packages/airflow/example_dags/example_task_group_decorator.py
[2024-05-09T16:42:23.904+0000] {logging_mixin.py:188} INFO - [2024-05-09T16:42:23.904+0000] {dag.py:3096} INFO - Sync 1 DAGs
[2024-05-09T16:42:23.915+0000] {logging_mixin.py:188} INFO - [2024-05-09T16:42:23.915+0000] {dag.py:3954} INFO - Setting next_dagrun for example_task_group_decorator to 2024-05-08 00:00:00+00:00, run_after=2024-05-09 00:00:00+00:00
[2024-05-09T16:42:23.924+0000] {processor.py:183} INFO - Processing /home/airflow/.local/lib/python3.12/site-packages/airflow/example_dags/example_task_group_decorator.py took 0.060 seconds
[2024-05-09T16:42:54.580+0000] {processor.py:161} INFO - Started process (PID=2795) to work on /home/airflow/.local/lib/python3.12/site-packages/airflow/example_dags/example_task_group_decorator.py
[2024-05-09T16:42:54.582+0000] {processor.py:830} INFO - Processing file /home/airflow/.local/lib/python3.12/site-packages/airflow/example_dags/example_task_group_decorator.py for tasks to queue
[2024-05-09T16:42:54.585+0000] {logging_mixin.py:188} INFO - [2024-05-09T16:42:54.584+0000] {dagbag.py:545} INFO - Filling up the DagBag from /home/airflow/.local/lib/python3.12/site-packages/airflow/example_dags/example_task_group_decorator.py
[2024-05-09T16:42:54.598+0000] {processor.py:840} INFO - DAG(s) 'example_task_group_decorator' retrieved from /home/airflow/.local/lib/python3.12/site-packages/airflow/example_dags/example_task_group_decorator.py
[2024-05-09T16:42:54.612+0000] {logging_mixin.py:188} INFO - [2024-05-09T16:42:54.612+0000] {dag.py:3096} INFO - Sync 1 DAGs
[2024-05-09T16:42:54.624+0000] {logging_mixin.py:188} INFO - [2024-05-09T16:42:54.624+0000] {dag.py:3954} INFO - Setting next_dagrun for example_task_group_decorator to 2024-05-08 00:00:00+00:00, run_after=2024-05-09 00:00:00+00:00
[2024-05-09T16:42:54.631+0000] {processor.py:183} INFO - Processing /home/airflow/.local/lib/python3.12/site-packages/airflow/example_dags/example_task_group_decorator.py took 0.060 seconds
