[2024-05-09T16:18:55.858+0000] {processor.py:161} INFO - Started process (PID=42) to work on /home/airflow/.local/lib/python3.12/site-packages/airflow/example_dags/tutorial_dag.py
[2024-05-09T16:18:55.858+0000] {processor.py:830} INFO - Processing file /home/airflow/.local/lib/python3.12/site-packages/airflow/example_dags/tutorial_dag.py for tasks to queue
[2024-05-09T16:18:55.860+0000] {logging_mixin.py:188} INFO - [2024-05-09T16:18:55.860+0000] {dagbag.py:545} INFO - Filling up the DagBag from /home/airflow/.local/lib/python3.12/site-packages/airflow/example_dags/tutorial_dag.py
[2024-05-09T16:18:55.866+0000] {processor.py:840} INFO - DAG(s) 'tutorial_dag' retrieved from /home/airflow/.local/lib/python3.12/site-packages/airflow/example_dags/tutorial_dag.py
[2024-05-09T16:18:55.933+0000] {logging_mixin.py:188} INFO - [2024-05-09T16:18:55.933+0000] {override.py:1829} INFO - Created Permission View: can edit on DAG:tutorial_dag
[2024-05-09T16:18:55.938+0000] {logging_mixin.py:188} INFO - [2024-05-09T16:18:55.938+0000] {override.py:1829} INFO - Created Permission View: can delete on DAG:tutorial_dag
[2024-05-09T16:18:55.941+0000] {logging_mixin.py:188} INFO - [2024-05-09T16:18:55.941+0000] {override.py:1829} INFO - Created Permission View: can read on DAG:tutorial_dag
[2024-05-09T16:18:55.942+0000] {logging_mixin.py:188} INFO - [2024-05-09T16:18:55.941+0000] {dag.py:3096} INFO - Sync 1 DAGs
[2024-05-09T16:18:55.947+0000] {logging_mixin.py:188} INFO - [2024-05-09T16:18:55.946+0000] {dag.py:3118} INFO - Creating ORM DAG for tutorial_dag
[2024-05-09T16:18:55.947+0000] {logging_mixin.py:188} INFO - [2024-05-09T16:18:55.947+0000] {dag.py:3954} INFO - Setting next_dagrun for tutorial_dag to None, run_after=None
[2024-05-09T16:18:55.957+0000] {processor.py:183} INFO - Processing /home/airflow/.local/lib/python3.12/site-packages/airflow/example_dags/tutorial_dag.py took 0.103 seconds
[2024-05-09T16:19:26.544+0000] {processor.py:161} INFO - Started process (PID=99) to work on /home/airflow/.local/lib/python3.12/site-packages/airflow/example_dags/tutorial_dag.py
[2024-05-09T16:19:26.544+0000] {processor.py:830} INFO - Processing file /home/airflow/.local/lib/python3.12/site-packages/airflow/example_dags/tutorial_dag.py for tasks to queue
[2024-05-09T16:19:26.545+0000] {logging_mixin.py:188} INFO - [2024-05-09T16:19:26.545+0000] {dagbag.py:545} INFO - Filling up the DagBag from /home/airflow/.local/lib/python3.12/site-packages/airflow/example_dags/tutorial_dag.py
[2024-05-09T16:19:26.548+0000] {processor.py:840} INFO - DAG(s) 'tutorial_dag' retrieved from /home/airflow/.local/lib/python3.12/site-packages/airflow/example_dags/tutorial_dag.py
[2024-05-09T16:19:26.556+0000] {logging_mixin.py:188} INFO - [2024-05-09T16:19:26.556+0000] {dag.py:3096} INFO - Sync 1 DAGs
[2024-05-09T16:19:26.561+0000] {logging_mixin.py:188} INFO - [2024-05-09T16:19:26.561+0000] {dag.py:3954} INFO - Setting next_dagrun for tutorial_dag to None, run_after=None
[2024-05-09T16:19:26.568+0000] {processor.py:183} INFO - Processing /home/airflow/.local/lib/python3.12/site-packages/airflow/example_dags/tutorial_dag.py took 0.027 seconds
[2024-05-09T16:19:57.042+0000] {processor.py:161} INFO - Started process (PID=157) to work on /home/airflow/.local/lib/python3.12/site-packages/airflow/example_dags/tutorial_dag.py
[2024-05-09T16:19:57.043+0000] {processor.py:830} INFO - Processing file /home/airflow/.local/lib/python3.12/site-packages/airflow/example_dags/tutorial_dag.py for tasks to queue
[2024-05-09T16:19:57.044+0000] {logging_mixin.py:188} INFO - [2024-05-09T16:19:57.043+0000] {dagbag.py:545} INFO - Filling up the DagBag from /home/airflow/.local/lib/python3.12/site-packages/airflow/example_dags/tutorial_dag.py
[2024-05-09T16:19:57.046+0000] {processor.py:840} INFO - DAG(s) 'tutorial_dag' retrieved from /home/airflow/.local/lib/python3.12/site-packages/airflow/example_dags/tutorial_dag.py
[2024-05-09T16:19:57.055+0000] {logging_mixin.py:188} INFO - [2024-05-09T16:19:57.054+0000] {dag.py:3096} INFO - Sync 1 DAGs
[2024-05-09T16:19:57.060+0000] {logging_mixin.py:188} INFO - [2024-05-09T16:19:57.060+0000] {dag.py:3954} INFO - Setting next_dagrun for tutorial_dag to None, run_after=None
[2024-05-09T16:19:57.067+0000] {processor.py:183} INFO - Processing /home/airflow/.local/lib/python3.12/site-packages/airflow/example_dags/tutorial_dag.py took 0.027 seconds
[2024-05-09T16:20:27.509+0000] {processor.py:161} INFO - Started process (PID=215) to work on /home/airflow/.local/lib/python3.12/site-packages/airflow/example_dags/tutorial_dag.py
[2024-05-09T16:20:27.509+0000] {processor.py:830} INFO - Processing file /home/airflow/.local/lib/python3.12/site-packages/airflow/example_dags/tutorial_dag.py for tasks to queue
[2024-05-09T16:20:27.510+0000] {logging_mixin.py:188} INFO - [2024-05-09T16:20:27.510+0000] {dagbag.py:545} INFO - Filling up the DagBag from /home/airflow/.local/lib/python3.12/site-packages/airflow/example_dags/tutorial_dag.py
[2024-05-09T16:20:27.513+0000] {processor.py:840} INFO - DAG(s) 'tutorial_dag' retrieved from /home/airflow/.local/lib/python3.12/site-packages/airflow/example_dags/tutorial_dag.py
[2024-05-09T16:20:27.521+0000] {logging_mixin.py:188} INFO - [2024-05-09T16:20:27.521+0000] {dag.py:3096} INFO - Sync 1 DAGs
[2024-05-09T16:20:27.526+0000] {logging_mixin.py:188} INFO - [2024-05-09T16:20:27.526+0000] {dag.py:3954} INFO - Setting next_dagrun for tutorial_dag to None, run_after=None
[2024-05-09T16:20:27.533+0000] {processor.py:183} INFO - Processing /home/airflow/.local/lib/python3.12/site-packages/airflow/example_dags/tutorial_dag.py took 0.027 seconds
[2024-05-09T16:20:58.000+0000] {processor.py:161} INFO - Started process (PID=273) to work on /home/airflow/.local/lib/python3.12/site-packages/airflow/example_dags/tutorial_dag.py
[2024-05-09T16:20:58.000+0000] {processor.py:830} INFO - Processing file /home/airflow/.local/lib/python3.12/site-packages/airflow/example_dags/tutorial_dag.py for tasks to queue
[2024-05-09T16:20:58.001+0000] {logging_mixin.py:188} INFO - [2024-05-09T16:20:58.001+0000] {dagbag.py:545} INFO - Filling up the DagBag from /home/airflow/.local/lib/python3.12/site-packages/airflow/example_dags/tutorial_dag.py
[2024-05-09T16:20:58.004+0000] {processor.py:840} INFO - DAG(s) 'tutorial_dag' retrieved from /home/airflow/.local/lib/python3.12/site-packages/airflow/example_dags/tutorial_dag.py
[2024-05-09T16:20:58.012+0000] {logging_mixin.py:188} INFO - [2024-05-09T16:20:58.012+0000] {dag.py:3096} INFO - Sync 1 DAGs
[2024-05-09T16:20:58.017+0000] {logging_mixin.py:188} INFO - [2024-05-09T16:20:58.017+0000] {dag.py:3954} INFO - Setting next_dagrun for tutorial_dag to None, run_after=None
[2024-05-09T16:20:58.024+0000] {processor.py:183} INFO - Processing /home/airflow/.local/lib/python3.12/site-packages/airflow/example_dags/tutorial_dag.py took 0.027 seconds
[2024-05-09T16:21:28.451+0000] {processor.py:161} INFO - Started process (PID=331) to work on /home/airflow/.local/lib/python3.12/site-packages/airflow/example_dags/tutorial_dag.py
[2024-05-09T16:21:28.452+0000] {processor.py:830} INFO - Processing file /home/airflow/.local/lib/python3.12/site-packages/airflow/example_dags/tutorial_dag.py for tasks to queue
[2024-05-09T16:21:28.453+0000] {logging_mixin.py:188} INFO - [2024-05-09T16:21:28.453+0000] {dagbag.py:545} INFO - Filling up the DagBag from /home/airflow/.local/lib/python3.12/site-packages/airflow/example_dags/tutorial_dag.py
[2024-05-09T16:21:28.456+0000] {processor.py:840} INFO - DAG(s) 'tutorial_dag' retrieved from /home/airflow/.local/lib/python3.12/site-packages/airflow/example_dags/tutorial_dag.py
[2024-05-09T16:21:28.465+0000] {logging_mixin.py:188} INFO - [2024-05-09T16:21:28.465+0000] {dag.py:3096} INFO - Sync 1 DAGs
[2024-05-09T16:21:28.471+0000] {logging_mixin.py:188} INFO - [2024-05-09T16:21:28.471+0000] {dag.py:3954} INFO - Setting next_dagrun for tutorial_dag to None, run_after=None
[2024-05-09T16:21:28.478+0000] {processor.py:183} INFO - Processing /home/airflow/.local/lib/python3.12/site-packages/airflow/example_dags/tutorial_dag.py took 0.030 seconds
[2024-05-09T16:21:58.926+0000] {processor.py:161} INFO - Started process (PID=389) to work on /home/airflow/.local/lib/python3.12/site-packages/airflow/example_dags/tutorial_dag.py
[2024-05-09T16:21:58.926+0000] {processor.py:830} INFO - Processing file /home/airflow/.local/lib/python3.12/site-packages/airflow/example_dags/tutorial_dag.py for tasks to queue
[2024-05-09T16:21:58.927+0000] {logging_mixin.py:188} INFO - [2024-05-09T16:21:58.927+0000] {dagbag.py:545} INFO - Filling up the DagBag from /home/airflow/.local/lib/python3.12/site-packages/airflow/example_dags/tutorial_dag.py
[2024-05-09T16:21:58.930+0000] {processor.py:840} INFO - DAG(s) 'tutorial_dag' retrieved from /home/airflow/.local/lib/python3.12/site-packages/airflow/example_dags/tutorial_dag.py
[2024-05-09T16:21:58.938+0000] {logging_mixin.py:188} INFO - [2024-05-09T16:21:58.938+0000] {dag.py:3096} INFO - Sync 1 DAGs
[2024-05-09T16:21:58.943+0000] {logging_mixin.py:188} INFO - [2024-05-09T16:21:58.943+0000] {dag.py:3954} INFO - Setting next_dagrun for tutorial_dag to None, run_after=None
[2024-05-09T16:21:58.950+0000] {processor.py:183} INFO - Processing /home/airflow/.local/lib/python3.12/site-packages/airflow/example_dags/tutorial_dag.py took 0.028 seconds
[2024-05-09T16:22:29.466+0000] {processor.py:161} INFO - Started process (PID=447) to work on /home/airflow/.local/lib/python3.12/site-packages/airflow/example_dags/tutorial_dag.py
[2024-05-09T16:22:29.466+0000] {processor.py:830} INFO - Processing file /home/airflow/.local/lib/python3.12/site-packages/airflow/example_dags/tutorial_dag.py for tasks to queue
[2024-05-09T16:22:29.467+0000] {logging_mixin.py:188} INFO - [2024-05-09T16:22:29.467+0000] {dagbag.py:545} INFO - Filling up the DagBag from /home/airflow/.local/lib/python3.12/site-packages/airflow/example_dags/tutorial_dag.py
[2024-05-09T16:22:29.470+0000] {processor.py:840} INFO - DAG(s) 'tutorial_dag' retrieved from /home/airflow/.local/lib/python3.12/site-packages/airflow/example_dags/tutorial_dag.py
[2024-05-09T16:22:29.478+0000] {logging_mixin.py:188} INFO - [2024-05-09T16:22:29.478+0000] {dag.py:3096} INFO - Sync 1 DAGs
[2024-05-09T16:22:29.483+0000] {logging_mixin.py:188} INFO - [2024-05-09T16:22:29.483+0000] {dag.py:3954} INFO - Setting next_dagrun for tutorial_dag to None, run_after=None
[2024-05-09T16:22:29.490+0000] {processor.py:183} INFO - Processing /home/airflow/.local/lib/python3.12/site-packages/airflow/example_dags/tutorial_dag.py took 0.027 seconds
[2024-05-09T16:22:59.962+0000] {processor.py:161} INFO - Started process (PID=505) to work on /home/airflow/.local/lib/python3.12/site-packages/airflow/example_dags/tutorial_dag.py
[2024-05-09T16:22:59.962+0000] {processor.py:830} INFO - Processing file /home/airflow/.local/lib/python3.12/site-packages/airflow/example_dags/tutorial_dag.py for tasks to queue
[2024-05-09T16:22:59.963+0000] {logging_mixin.py:188} INFO - [2024-05-09T16:22:59.963+0000] {dagbag.py:545} INFO - Filling up the DagBag from /home/airflow/.local/lib/python3.12/site-packages/airflow/example_dags/tutorial_dag.py
[2024-05-09T16:22:59.966+0000] {processor.py:840} INFO - DAG(s) 'tutorial_dag' retrieved from /home/airflow/.local/lib/python3.12/site-packages/airflow/example_dags/tutorial_dag.py
[2024-05-09T16:22:59.975+0000] {logging_mixin.py:188} INFO - [2024-05-09T16:22:59.975+0000] {dag.py:3096} INFO - Sync 1 DAGs
[2024-05-09T16:22:59.980+0000] {logging_mixin.py:188} INFO - [2024-05-09T16:22:59.980+0000] {dag.py:3954} INFO - Setting next_dagrun for tutorial_dag to None, run_after=None
[2024-05-09T16:22:59.986+0000] {processor.py:183} INFO - Processing /home/airflow/.local/lib/python3.12/site-packages/airflow/example_dags/tutorial_dag.py took 0.027 seconds
[2024-05-09T16:23:30.428+0000] {processor.py:161} INFO - Started process (PID=563) to work on /home/airflow/.local/lib/python3.12/site-packages/airflow/example_dags/tutorial_dag.py
[2024-05-09T16:23:30.429+0000] {processor.py:830} INFO - Processing file /home/airflow/.local/lib/python3.12/site-packages/airflow/example_dags/tutorial_dag.py for tasks to queue
[2024-05-09T16:23:30.430+0000] {logging_mixin.py:188} INFO - [2024-05-09T16:23:30.430+0000] {dagbag.py:545} INFO - Filling up the DagBag from /home/airflow/.local/lib/python3.12/site-packages/airflow/example_dags/tutorial_dag.py
[2024-05-09T16:23:30.433+0000] {processor.py:840} INFO - DAG(s) 'tutorial_dag' retrieved from /home/airflow/.local/lib/python3.12/site-packages/airflow/example_dags/tutorial_dag.py
[2024-05-09T16:23:30.443+0000] {logging_mixin.py:188} INFO - [2024-05-09T16:23:30.443+0000] {dag.py:3096} INFO - Sync 1 DAGs
[2024-05-09T16:23:30.448+0000] {logging_mixin.py:188} INFO - [2024-05-09T16:23:30.448+0000] {dag.py:3954} INFO - Setting next_dagrun for tutorial_dag to None, run_after=None
[2024-05-09T16:23:30.455+0000] {processor.py:183} INFO - Processing /home/airflow/.local/lib/python3.12/site-packages/airflow/example_dags/tutorial_dag.py took 0.030 seconds
[2024-05-09T16:24:00.975+0000] {processor.py:161} INFO - Started process (PID=621) to work on /home/airflow/.local/lib/python3.12/site-packages/airflow/example_dags/tutorial_dag.py
[2024-05-09T16:24:00.975+0000] {processor.py:830} INFO - Processing file /home/airflow/.local/lib/python3.12/site-packages/airflow/example_dags/tutorial_dag.py for tasks to queue
[2024-05-09T16:24:00.976+0000] {logging_mixin.py:188} INFO - [2024-05-09T16:24:00.976+0000] {dagbag.py:545} INFO - Filling up the DagBag from /home/airflow/.local/lib/python3.12/site-packages/airflow/example_dags/tutorial_dag.py
[2024-05-09T16:24:00.978+0000] {processor.py:840} INFO - DAG(s) 'tutorial_dag' retrieved from /home/airflow/.local/lib/python3.12/site-packages/airflow/example_dags/tutorial_dag.py
[2024-05-09T16:24:00.987+0000] {logging_mixin.py:188} INFO - [2024-05-09T16:24:00.987+0000] {dag.py:3096} INFO - Sync 1 DAGs
[2024-05-09T16:24:00.992+0000] {logging_mixin.py:188} INFO - [2024-05-09T16:24:00.992+0000] {dag.py:3954} INFO - Setting next_dagrun for tutorial_dag to None, run_after=None
[2024-05-09T16:24:00.999+0000] {processor.py:183} INFO - Processing /home/airflow/.local/lib/python3.12/site-packages/airflow/example_dags/tutorial_dag.py took 0.027 seconds
[2024-05-09T16:24:31.466+0000] {processor.py:161} INFO - Started process (PID=679) to work on /home/airflow/.local/lib/python3.12/site-packages/airflow/example_dags/tutorial_dag.py
[2024-05-09T16:24:31.467+0000] {processor.py:830} INFO - Processing file /home/airflow/.local/lib/python3.12/site-packages/airflow/example_dags/tutorial_dag.py for tasks to queue
[2024-05-09T16:24:31.468+0000] {logging_mixin.py:188} INFO - [2024-05-09T16:24:31.468+0000] {dagbag.py:545} INFO - Filling up the DagBag from /home/airflow/.local/lib/python3.12/site-packages/airflow/example_dags/tutorial_dag.py
[2024-05-09T16:24:31.470+0000] {processor.py:840} INFO - DAG(s) 'tutorial_dag' retrieved from /home/airflow/.local/lib/python3.12/site-packages/airflow/example_dags/tutorial_dag.py
[2024-05-09T16:24:31.479+0000] {logging_mixin.py:188} INFO - [2024-05-09T16:24:31.479+0000] {dag.py:3096} INFO - Sync 1 DAGs
[2024-05-09T16:24:31.484+0000] {logging_mixin.py:188} INFO - [2024-05-09T16:24:31.484+0000] {dag.py:3954} INFO - Setting next_dagrun for tutorial_dag to None, run_after=None
[2024-05-09T16:24:31.491+0000] {processor.py:183} INFO - Processing /home/airflow/.local/lib/python3.12/site-packages/airflow/example_dags/tutorial_dag.py took 0.027 seconds
[2024-05-09T16:25:01.902+0000] {processor.py:161} INFO - Started process (PID=741) to work on /home/airflow/.local/lib/python3.12/site-packages/airflow/example_dags/tutorial_dag.py
[2024-05-09T16:25:01.902+0000] {processor.py:830} INFO - Processing file /home/airflow/.local/lib/python3.12/site-packages/airflow/example_dags/tutorial_dag.py for tasks to queue
[2024-05-09T16:25:01.903+0000] {logging_mixin.py:188} INFO - [2024-05-09T16:25:01.903+0000] {dagbag.py:545} INFO - Filling up the DagBag from /home/airflow/.local/lib/python3.12/site-packages/airflow/example_dags/tutorial_dag.py
[2024-05-09T16:25:01.906+0000] {processor.py:840} INFO - DAG(s) 'tutorial_dag' retrieved from /home/airflow/.local/lib/python3.12/site-packages/airflow/example_dags/tutorial_dag.py
[2024-05-09T16:25:01.914+0000] {logging_mixin.py:188} INFO - [2024-05-09T16:25:01.914+0000] {dag.py:3096} INFO - Sync 1 DAGs
[2024-05-09T16:25:01.919+0000] {logging_mixin.py:188} INFO - [2024-05-09T16:25:01.919+0000] {dag.py:3954} INFO - Setting next_dagrun for tutorial_dag to None, run_after=None
[2024-05-09T16:25:01.926+0000] {processor.py:183} INFO - Processing /home/airflow/.local/lib/python3.12/site-packages/airflow/example_dags/tutorial_dag.py took 0.027 seconds
[2024-05-09T16:25:32.357+0000] {processor.py:161} INFO - Started process (PID=799) to work on /home/airflow/.local/lib/python3.12/site-packages/airflow/example_dags/tutorial_dag.py
[2024-05-09T16:25:32.358+0000] {processor.py:830} INFO - Processing file /home/airflow/.local/lib/python3.12/site-packages/airflow/example_dags/tutorial_dag.py for tasks to queue
[2024-05-09T16:25:32.359+0000] {logging_mixin.py:188} INFO - [2024-05-09T16:25:32.358+0000] {dagbag.py:545} INFO - Filling up the DagBag from /home/airflow/.local/lib/python3.12/site-packages/airflow/example_dags/tutorial_dag.py
[2024-05-09T16:25:32.361+0000] {processor.py:840} INFO - DAG(s) 'tutorial_dag' retrieved from /home/airflow/.local/lib/python3.12/site-packages/airflow/example_dags/tutorial_dag.py
[2024-05-09T16:25:32.370+0000] {logging_mixin.py:188} INFO - [2024-05-09T16:25:32.370+0000] {dag.py:3096} INFO - Sync 1 DAGs
[2024-05-09T16:25:32.375+0000] {logging_mixin.py:188} INFO - [2024-05-09T16:25:32.375+0000] {dag.py:3954} INFO - Setting next_dagrun for tutorial_dag to None, run_after=None
[2024-05-09T16:25:32.383+0000] {processor.py:183} INFO - Processing /home/airflow/.local/lib/python3.12/site-packages/airflow/example_dags/tutorial_dag.py took 0.029 seconds
[2024-05-09T16:26:02.907+0000] {processor.py:161} INFO - Started process (PID=857) to work on /home/airflow/.local/lib/python3.12/site-packages/airflow/example_dags/tutorial_dag.py
[2024-05-09T16:26:02.908+0000] {processor.py:830} INFO - Processing file /home/airflow/.local/lib/python3.12/site-packages/airflow/example_dags/tutorial_dag.py for tasks to queue
[2024-05-09T16:26:02.909+0000] {logging_mixin.py:188} INFO - [2024-05-09T16:26:02.909+0000] {dagbag.py:545} INFO - Filling up the DagBag from /home/airflow/.local/lib/python3.12/site-packages/airflow/example_dags/tutorial_dag.py
[2024-05-09T16:26:02.912+0000] {processor.py:840} INFO - DAG(s) 'tutorial_dag' retrieved from /home/airflow/.local/lib/python3.12/site-packages/airflow/example_dags/tutorial_dag.py
[2024-05-09T16:26:02.921+0000] {logging_mixin.py:188} INFO - [2024-05-09T16:26:02.921+0000] {dag.py:3096} INFO - Sync 1 DAGs
[2024-05-09T16:26:02.926+0000] {logging_mixin.py:188} INFO - [2024-05-09T16:26:02.926+0000] {dag.py:3954} INFO - Setting next_dagrun for tutorial_dag to None, run_after=None
[2024-05-09T16:26:02.934+0000] {processor.py:183} INFO - Processing /home/airflow/.local/lib/python3.12/site-packages/airflow/example_dags/tutorial_dag.py took 0.029 seconds
[2024-05-09T16:26:33.447+0000] {processor.py:161} INFO - Started process (PID=915) to work on /home/airflow/.local/lib/python3.12/site-packages/airflow/example_dags/tutorial_dag.py
[2024-05-09T16:26:33.448+0000] {processor.py:830} INFO - Processing file /home/airflow/.local/lib/python3.12/site-packages/airflow/example_dags/tutorial_dag.py for tasks to queue
[2024-05-09T16:26:33.448+0000] {logging_mixin.py:188} INFO - [2024-05-09T16:26:33.448+0000] {dagbag.py:545} INFO - Filling up the DagBag from /home/airflow/.local/lib/python3.12/site-packages/airflow/example_dags/tutorial_dag.py
[2024-05-09T16:26:33.451+0000] {processor.py:840} INFO - DAG(s) 'tutorial_dag' retrieved from /home/airflow/.local/lib/python3.12/site-packages/airflow/example_dags/tutorial_dag.py
[2024-05-09T16:26:33.460+0000] {logging_mixin.py:188} INFO - [2024-05-09T16:26:33.460+0000] {dag.py:3096} INFO - Sync 1 DAGs
[2024-05-09T16:26:33.465+0000] {logging_mixin.py:188} INFO - [2024-05-09T16:26:33.465+0000] {dag.py:3954} INFO - Setting next_dagrun for tutorial_dag to None, run_after=None
[2024-05-09T16:26:33.476+0000] {processor.py:183} INFO - Processing /home/airflow/.local/lib/python3.12/site-packages/airflow/example_dags/tutorial_dag.py took 0.032 seconds
[2024-05-09T16:27:03.903+0000] {processor.py:161} INFO - Started process (PID=973) to work on /home/airflow/.local/lib/python3.12/site-packages/airflow/example_dags/tutorial_dag.py
[2024-05-09T16:27:03.904+0000] {processor.py:830} INFO - Processing file /home/airflow/.local/lib/python3.12/site-packages/airflow/example_dags/tutorial_dag.py for tasks to queue
[2024-05-09T16:27:03.904+0000] {logging_mixin.py:188} INFO - [2024-05-09T16:27:03.904+0000] {dagbag.py:545} INFO - Filling up the DagBag from /home/airflow/.local/lib/python3.12/site-packages/airflow/example_dags/tutorial_dag.py
[2024-05-09T16:27:03.907+0000] {processor.py:840} INFO - DAG(s) 'tutorial_dag' retrieved from /home/airflow/.local/lib/python3.12/site-packages/airflow/example_dags/tutorial_dag.py
[2024-05-09T16:27:03.916+0000] {logging_mixin.py:188} INFO - [2024-05-09T16:27:03.916+0000] {dag.py:3096} INFO - Sync 1 DAGs
[2024-05-09T16:27:03.920+0000] {logging_mixin.py:188} INFO - [2024-05-09T16:27:03.920+0000] {dag.py:3954} INFO - Setting next_dagrun for tutorial_dag to None, run_after=None
[2024-05-09T16:27:03.928+0000] {processor.py:183} INFO - Processing /home/airflow/.local/lib/python3.12/site-packages/airflow/example_dags/tutorial_dag.py took 0.027 seconds
[2024-05-09T16:27:34.423+0000] {processor.py:161} INFO - Started process (PID=1031) to work on /home/airflow/.local/lib/python3.12/site-packages/airflow/example_dags/tutorial_dag.py
[2024-05-09T16:27:34.424+0000] {processor.py:830} INFO - Processing file /home/airflow/.local/lib/python3.12/site-packages/airflow/example_dags/tutorial_dag.py for tasks to queue
[2024-05-09T16:27:34.425+0000] {logging_mixin.py:188} INFO - [2024-05-09T16:27:34.425+0000] {dagbag.py:545} INFO - Filling up the DagBag from /home/airflow/.local/lib/python3.12/site-packages/airflow/example_dags/tutorial_dag.py
[2024-05-09T16:27:34.427+0000] {processor.py:840} INFO - DAG(s) 'tutorial_dag' retrieved from /home/airflow/.local/lib/python3.12/site-packages/airflow/example_dags/tutorial_dag.py
[2024-05-09T16:27:34.436+0000] {logging_mixin.py:188} INFO - [2024-05-09T16:27:34.436+0000] {dag.py:3096} INFO - Sync 1 DAGs
[2024-05-09T16:27:34.441+0000] {logging_mixin.py:188} INFO - [2024-05-09T16:27:34.441+0000] {dag.py:3954} INFO - Setting next_dagrun for tutorial_dag to None, run_after=None
[2024-05-09T16:27:34.448+0000] {processor.py:183} INFO - Processing /home/airflow/.local/lib/python3.12/site-packages/airflow/example_dags/tutorial_dag.py took 0.028 seconds
[2024-05-09T16:28:04.918+0000] {processor.py:161} INFO - Started process (PID=1089) to work on /home/airflow/.local/lib/python3.12/site-packages/airflow/example_dags/tutorial_dag.py
[2024-05-09T16:28:04.919+0000] {processor.py:830} INFO - Processing file /home/airflow/.local/lib/python3.12/site-packages/airflow/example_dags/tutorial_dag.py for tasks to queue
[2024-05-09T16:28:04.919+0000] {logging_mixin.py:188} INFO - [2024-05-09T16:28:04.919+0000] {dagbag.py:545} INFO - Filling up the DagBag from /home/airflow/.local/lib/python3.12/site-packages/airflow/example_dags/tutorial_dag.py
[2024-05-09T16:28:04.922+0000] {processor.py:840} INFO - DAG(s) 'tutorial_dag' retrieved from /home/airflow/.local/lib/python3.12/site-packages/airflow/example_dags/tutorial_dag.py
[2024-05-09T16:28:04.931+0000] {logging_mixin.py:188} INFO - [2024-05-09T16:28:04.931+0000] {dag.py:3096} INFO - Sync 1 DAGs
[2024-05-09T16:28:04.936+0000] {logging_mixin.py:188} INFO - [2024-05-09T16:28:04.936+0000] {dag.py:3954} INFO - Setting next_dagrun for tutorial_dag to None, run_after=None
[2024-05-09T16:28:04.943+0000] {processor.py:183} INFO - Processing /home/airflow/.local/lib/python3.12/site-packages/airflow/example_dags/tutorial_dag.py took 0.028 seconds
[2024-05-09T16:28:35.487+0000] {processor.py:161} INFO - Started process (PID=1147) to work on /home/airflow/.local/lib/python3.12/site-packages/airflow/example_dags/tutorial_dag.py
[2024-05-09T16:28:35.487+0000] {processor.py:830} INFO - Processing file /home/airflow/.local/lib/python3.12/site-packages/airflow/example_dags/tutorial_dag.py for tasks to queue
[2024-05-09T16:28:35.488+0000] {logging_mixin.py:188} INFO - [2024-05-09T16:28:35.488+0000] {dagbag.py:545} INFO - Filling up the DagBag from /home/airflow/.local/lib/python3.12/site-packages/airflow/example_dags/tutorial_dag.py
[2024-05-09T16:28:35.491+0000] {processor.py:840} INFO - DAG(s) 'tutorial_dag' retrieved from /home/airflow/.local/lib/python3.12/site-packages/airflow/example_dags/tutorial_dag.py
[2024-05-09T16:28:35.500+0000] {logging_mixin.py:188} INFO - [2024-05-09T16:28:35.499+0000] {dag.py:3096} INFO - Sync 1 DAGs
[2024-05-09T16:28:35.504+0000] {logging_mixin.py:188} INFO - [2024-05-09T16:28:35.504+0000] {dag.py:3954} INFO - Setting next_dagrun for tutorial_dag to None, run_after=None
[2024-05-09T16:28:35.512+0000] {processor.py:183} INFO - Processing /home/airflow/.local/lib/python3.12/site-packages/airflow/example_dags/tutorial_dag.py took 0.028 seconds
[2024-05-09T16:29:06.047+0000] {processor.py:161} INFO - Started process (PID=1205) to work on /home/airflow/.local/lib/python3.12/site-packages/airflow/example_dags/tutorial_dag.py
[2024-05-09T16:29:06.048+0000] {processor.py:830} INFO - Processing file /home/airflow/.local/lib/python3.12/site-packages/airflow/example_dags/tutorial_dag.py for tasks to queue
[2024-05-09T16:29:06.049+0000] {logging_mixin.py:188} INFO - [2024-05-09T16:29:06.049+0000] {dagbag.py:545} INFO - Filling up the DagBag from /home/airflow/.local/lib/python3.12/site-packages/airflow/example_dags/tutorial_dag.py
[2024-05-09T16:29:06.052+0000] {processor.py:840} INFO - DAG(s) 'tutorial_dag' retrieved from /home/airflow/.local/lib/python3.12/site-packages/airflow/example_dags/tutorial_dag.py
[2024-05-09T16:29:06.062+0000] {logging_mixin.py:188} INFO - [2024-05-09T16:29:06.061+0000] {dag.py:3096} INFO - Sync 1 DAGs
[2024-05-09T16:29:06.067+0000] {logging_mixin.py:188} INFO - [2024-05-09T16:29:06.067+0000] {dag.py:3954} INFO - Setting next_dagrun for tutorial_dag to None, run_after=None
[2024-05-09T16:29:06.074+0000] {processor.py:183} INFO - Processing /home/airflow/.local/lib/python3.12/site-packages/airflow/example_dags/tutorial_dag.py took 0.030 seconds
[2024-05-09T16:29:36.494+0000] {processor.py:161} INFO - Started process (PID=1263) to work on /home/airflow/.local/lib/python3.12/site-packages/airflow/example_dags/tutorial_dag.py
[2024-05-09T16:29:36.494+0000] {processor.py:830} INFO - Processing file /home/airflow/.local/lib/python3.12/site-packages/airflow/example_dags/tutorial_dag.py for tasks to queue
[2024-05-09T16:29:36.495+0000] {logging_mixin.py:188} INFO - [2024-05-09T16:29:36.495+0000] {dagbag.py:545} INFO - Filling up the DagBag from /home/airflow/.local/lib/python3.12/site-packages/airflow/example_dags/tutorial_dag.py
[2024-05-09T16:29:36.498+0000] {processor.py:840} INFO - DAG(s) 'tutorial_dag' retrieved from /home/airflow/.local/lib/python3.12/site-packages/airflow/example_dags/tutorial_dag.py
[2024-05-09T16:29:36.507+0000] {logging_mixin.py:188} INFO - [2024-05-09T16:29:36.507+0000] {dag.py:3096} INFO - Sync 1 DAGs
[2024-05-09T16:29:36.512+0000] {logging_mixin.py:188} INFO - [2024-05-09T16:29:36.512+0000] {dag.py:3954} INFO - Setting next_dagrun for tutorial_dag to None, run_after=None
[2024-05-09T16:29:36.519+0000] {processor.py:183} INFO - Processing /home/airflow/.local/lib/python3.12/site-packages/airflow/example_dags/tutorial_dag.py took 0.028 seconds
[2024-05-09T16:30:07.093+0000] {processor.py:161} INFO - Started process (PID=1321) to work on /home/airflow/.local/lib/python3.12/site-packages/airflow/example_dags/tutorial_dag.py
[2024-05-09T16:30:07.093+0000] {processor.py:830} INFO - Processing file /home/airflow/.local/lib/python3.12/site-packages/airflow/example_dags/tutorial_dag.py for tasks to queue
[2024-05-09T16:30:07.094+0000] {logging_mixin.py:188} INFO - [2024-05-09T16:30:07.094+0000] {dagbag.py:545} INFO - Filling up the DagBag from /home/airflow/.local/lib/python3.12/site-packages/airflow/example_dags/tutorial_dag.py
[2024-05-09T16:30:07.097+0000] {processor.py:840} INFO - DAG(s) 'tutorial_dag' retrieved from /home/airflow/.local/lib/python3.12/site-packages/airflow/example_dags/tutorial_dag.py
[2024-05-09T16:30:07.106+0000] {logging_mixin.py:188} INFO - [2024-05-09T16:30:07.106+0000] {dag.py:3096} INFO - Sync 1 DAGs
[2024-05-09T16:30:07.111+0000] {logging_mixin.py:188} INFO - [2024-05-09T16:30:07.111+0000] {dag.py:3954} INFO - Setting next_dagrun for tutorial_dag to None, run_after=None
[2024-05-09T16:30:07.118+0000] {processor.py:183} INFO - Processing /home/airflow/.local/lib/python3.12/site-packages/airflow/example_dags/tutorial_dag.py took 0.028 seconds
[2024-05-09T16:30:37.670+0000] {processor.py:161} INFO - Started process (PID=1379) to work on /home/airflow/.local/lib/python3.12/site-packages/airflow/example_dags/tutorial_dag.py
[2024-05-09T16:30:37.671+0000] {processor.py:830} INFO - Processing file /home/airflow/.local/lib/python3.12/site-packages/airflow/example_dags/tutorial_dag.py for tasks to queue
[2024-05-09T16:30:37.672+0000] {logging_mixin.py:188} INFO - [2024-05-09T16:30:37.671+0000] {dagbag.py:545} INFO - Filling up the DagBag from /home/airflow/.local/lib/python3.12/site-packages/airflow/example_dags/tutorial_dag.py
[2024-05-09T16:30:37.674+0000] {processor.py:840} INFO - DAG(s) 'tutorial_dag' retrieved from /home/airflow/.local/lib/python3.12/site-packages/airflow/example_dags/tutorial_dag.py
[2024-05-09T16:30:37.683+0000] {logging_mixin.py:188} INFO - [2024-05-09T16:30:37.683+0000] {dag.py:3096} INFO - Sync 1 DAGs
[2024-05-09T16:30:37.688+0000] {logging_mixin.py:188} INFO - [2024-05-09T16:30:37.688+0000] {dag.py:3954} INFO - Setting next_dagrun for tutorial_dag to None, run_after=None
[2024-05-09T16:30:37.696+0000] {processor.py:183} INFO - Processing /home/airflow/.local/lib/python3.12/site-packages/airflow/example_dags/tutorial_dag.py took 0.029 seconds
[2024-05-09T16:31:08.227+0000] {processor.py:161} INFO - Started process (PID=1437) to work on /home/airflow/.local/lib/python3.12/site-packages/airflow/example_dags/tutorial_dag.py
[2024-05-09T16:31:08.228+0000] {processor.py:830} INFO - Processing file /home/airflow/.local/lib/python3.12/site-packages/airflow/example_dags/tutorial_dag.py for tasks to queue
[2024-05-09T16:31:08.229+0000] {logging_mixin.py:188} INFO - [2024-05-09T16:31:08.229+0000] {dagbag.py:545} INFO - Filling up the DagBag from /home/airflow/.local/lib/python3.12/site-packages/airflow/example_dags/tutorial_dag.py
[2024-05-09T16:31:08.232+0000] {processor.py:840} INFO - DAG(s) 'tutorial_dag' retrieved from /home/airflow/.local/lib/python3.12/site-packages/airflow/example_dags/tutorial_dag.py
[2024-05-09T16:31:08.242+0000] {logging_mixin.py:188} INFO - [2024-05-09T16:31:08.241+0000] {dag.py:3096} INFO - Sync 1 DAGs
[2024-05-09T16:31:08.247+0000] {logging_mixin.py:188} INFO - [2024-05-09T16:31:08.247+0000] {dag.py:3954} INFO - Setting next_dagrun for tutorial_dag to None, run_after=None
[2024-05-09T16:31:08.254+0000] {processor.py:183} INFO - Processing /home/airflow/.local/lib/python3.12/site-packages/airflow/example_dags/tutorial_dag.py took 0.030 seconds
[2024-05-09T16:31:38.780+0000] {processor.py:161} INFO - Started process (PID=1495) to work on /home/airflow/.local/lib/python3.12/site-packages/airflow/example_dags/tutorial_dag.py
[2024-05-09T16:31:38.781+0000] {processor.py:830} INFO - Processing file /home/airflow/.local/lib/python3.12/site-packages/airflow/example_dags/tutorial_dag.py for tasks to queue
[2024-05-09T16:31:38.782+0000] {logging_mixin.py:188} INFO - [2024-05-09T16:31:38.782+0000] {dagbag.py:545} INFO - Filling up the DagBag from /home/airflow/.local/lib/python3.12/site-packages/airflow/example_dags/tutorial_dag.py
[2024-05-09T16:31:38.784+0000] {processor.py:840} INFO - DAG(s) 'tutorial_dag' retrieved from /home/airflow/.local/lib/python3.12/site-packages/airflow/example_dags/tutorial_dag.py
[2024-05-09T16:31:38.793+0000] {logging_mixin.py:188} INFO - [2024-05-09T16:31:38.793+0000] {dag.py:3096} INFO - Sync 1 DAGs
[2024-05-09T16:31:38.797+0000] {logging_mixin.py:188} INFO - [2024-05-09T16:31:38.797+0000] {dag.py:3954} INFO - Setting next_dagrun for tutorial_dag to None, run_after=None
[2024-05-09T16:31:38.805+0000] {processor.py:183} INFO - Processing /home/airflow/.local/lib/python3.12/site-packages/airflow/example_dags/tutorial_dag.py took 0.027 seconds
[2024-05-09T16:32:09.303+0000] {processor.py:161} INFO - Started process (PID=1553) to work on /home/airflow/.local/lib/python3.12/site-packages/airflow/example_dags/tutorial_dag.py
[2024-05-09T16:32:09.303+0000] {processor.py:830} INFO - Processing file /home/airflow/.local/lib/python3.12/site-packages/airflow/example_dags/tutorial_dag.py for tasks to queue
[2024-05-09T16:32:09.304+0000] {logging_mixin.py:188} INFO - [2024-05-09T16:32:09.304+0000] {dagbag.py:545} INFO - Filling up the DagBag from /home/airflow/.local/lib/python3.12/site-packages/airflow/example_dags/tutorial_dag.py
[2024-05-09T16:32:09.307+0000] {processor.py:840} INFO - DAG(s) 'tutorial_dag' retrieved from /home/airflow/.local/lib/python3.12/site-packages/airflow/example_dags/tutorial_dag.py
[2024-05-09T16:32:09.315+0000] {logging_mixin.py:188} INFO - [2024-05-09T16:32:09.315+0000] {dag.py:3096} INFO - Sync 1 DAGs
[2024-05-09T16:32:09.320+0000] {logging_mixin.py:188} INFO - [2024-05-09T16:32:09.320+0000] {dag.py:3954} INFO - Setting next_dagrun for tutorial_dag to None, run_after=None
[2024-05-09T16:32:09.327+0000] {processor.py:183} INFO - Processing /home/airflow/.local/lib/python3.12/site-packages/airflow/example_dags/tutorial_dag.py took 0.027 seconds
[2024-05-09T16:32:39.856+0000] {processor.py:161} INFO - Started process (PID=1611) to work on /home/airflow/.local/lib/python3.12/site-packages/airflow/example_dags/tutorial_dag.py
[2024-05-09T16:32:39.856+0000] {processor.py:830} INFO - Processing file /home/airflow/.local/lib/python3.12/site-packages/airflow/example_dags/tutorial_dag.py for tasks to queue
[2024-05-09T16:32:39.857+0000] {logging_mixin.py:188} INFO - [2024-05-09T16:32:39.857+0000] {dagbag.py:545} INFO - Filling up the DagBag from /home/airflow/.local/lib/python3.12/site-packages/airflow/example_dags/tutorial_dag.py
[2024-05-09T16:32:39.859+0000] {processor.py:840} INFO - DAG(s) 'tutorial_dag' retrieved from /home/airflow/.local/lib/python3.12/site-packages/airflow/example_dags/tutorial_dag.py
[2024-05-09T16:32:39.868+0000] {logging_mixin.py:188} INFO - [2024-05-09T16:32:39.868+0000] {dag.py:3096} INFO - Sync 1 DAGs
[2024-05-09T16:32:39.873+0000] {logging_mixin.py:188} INFO - [2024-05-09T16:32:39.872+0000] {dag.py:3954} INFO - Setting next_dagrun for tutorial_dag to None, run_after=None
[2024-05-09T16:32:39.880+0000] {processor.py:183} INFO - Processing /home/airflow/.local/lib/python3.12/site-packages/airflow/example_dags/tutorial_dag.py took 0.027 seconds
[2024-05-09T16:33:10.465+0000] {processor.py:161} INFO - Started process (PID=1669) to work on /home/airflow/.local/lib/python3.12/site-packages/airflow/example_dags/tutorial_dag.py
[2024-05-09T16:33:10.465+0000] {processor.py:830} INFO - Processing file /home/airflow/.local/lib/python3.12/site-packages/airflow/example_dags/tutorial_dag.py for tasks to queue
[2024-05-09T16:33:10.466+0000] {logging_mixin.py:188} INFO - [2024-05-09T16:33:10.466+0000] {dagbag.py:545} INFO - Filling up the DagBag from /home/airflow/.local/lib/python3.12/site-packages/airflow/example_dags/tutorial_dag.py
[2024-05-09T16:33:10.469+0000] {processor.py:840} INFO - DAG(s) 'tutorial_dag' retrieved from /home/airflow/.local/lib/python3.12/site-packages/airflow/example_dags/tutorial_dag.py
[2024-05-09T16:33:10.477+0000] {logging_mixin.py:188} INFO - [2024-05-09T16:33:10.477+0000] {dag.py:3096} INFO - Sync 1 DAGs
[2024-05-09T16:33:10.482+0000] {logging_mixin.py:188} INFO - [2024-05-09T16:33:10.482+0000] {dag.py:3954} INFO - Setting next_dagrun for tutorial_dag to None, run_after=None
[2024-05-09T16:33:10.489+0000] {processor.py:183} INFO - Processing /home/airflow/.local/lib/python3.12/site-packages/airflow/example_dags/tutorial_dag.py took 0.028 seconds
[2024-05-09T16:33:41.022+0000] {processor.py:161} INFO - Started process (PID=1727) to work on /home/airflow/.local/lib/python3.12/site-packages/airflow/example_dags/tutorial_dag.py
[2024-05-09T16:33:41.022+0000] {processor.py:830} INFO - Processing file /home/airflow/.local/lib/python3.12/site-packages/airflow/example_dags/tutorial_dag.py for tasks to queue
[2024-05-09T16:33:41.023+0000] {logging_mixin.py:188} INFO - [2024-05-09T16:33:41.023+0000] {dagbag.py:545} INFO - Filling up the DagBag from /home/airflow/.local/lib/python3.12/site-packages/airflow/example_dags/tutorial_dag.py
[2024-05-09T16:33:41.026+0000] {processor.py:840} INFO - DAG(s) 'tutorial_dag' retrieved from /home/airflow/.local/lib/python3.12/site-packages/airflow/example_dags/tutorial_dag.py
[2024-05-09T16:33:41.034+0000] {logging_mixin.py:188} INFO - [2024-05-09T16:33:41.034+0000] {dag.py:3096} INFO - Sync 1 DAGs
[2024-05-09T16:33:41.039+0000] {logging_mixin.py:188} INFO - [2024-05-09T16:33:41.039+0000] {dag.py:3954} INFO - Setting next_dagrun for tutorial_dag to None, run_after=None
[2024-05-09T16:33:41.046+0000] {processor.py:183} INFO - Processing /home/airflow/.local/lib/python3.12/site-packages/airflow/example_dags/tutorial_dag.py took 0.027 seconds
[2024-05-09T16:34:11.599+0000] {processor.py:161} INFO - Started process (PID=1785) to work on /home/airflow/.local/lib/python3.12/site-packages/airflow/example_dags/tutorial_dag.py
[2024-05-09T16:34:11.599+0000] {processor.py:830} INFO - Processing file /home/airflow/.local/lib/python3.12/site-packages/airflow/example_dags/tutorial_dag.py for tasks to queue
[2024-05-09T16:34:11.600+0000] {logging_mixin.py:188} INFO - [2024-05-09T16:34:11.600+0000] {dagbag.py:545} INFO - Filling up the DagBag from /home/airflow/.local/lib/python3.12/site-packages/airflow/example_dags/tutorial_dag.py
[2024-05-09T16:34:11.603+0000] {processor.py:840} INFO - DAG(s) 'tutorial_dag' retrieved from /home/airflow/.local/lib/python3.12/site-packages/airflow/example_dags/tutorial_dag.py
[2024-05-09T16:34:11.620+0000] {logging_mixin.py:188} INFO - [2024-05-09T16:34:11.620+0000] {dag.py:3096} INFO - Sync 1 DAGs
[2024-05-09T16:34:11.627+0000] {logging_mixin.py:188} INFO - [2024-05-09T16:34:11.627+0000] {dag.py:3954} INFO - Setting next_dagrun for tutorial_dag to None, run_after=None
[2024-05-09T16:34:11.634+0000] {processor.py:183} INFO - Processing /home/airflow/.local/lib/python3.12/site-packages/airflow/example_dags/tutorial_dag.py took 0.038 seconds
[2024-05-09T16:34:42.304+0000] {processor.py:161} INFO - Started process (PID=1843) to work on /home/airflow/.local/lib/python3.12/site-packages/airflow/example_dags/tutorial_dag.py
[2024-05-09T16:34:42.304+0000] {processor.py:830} INFO - Processing file /home/airflow/.local/lib/python3.12/site-packages/airflow/example_dags/tutorial_dag.py for tasks to queue
[2024-05-09T16:34:42.305+0000] {logging_mixin.py:188} INFO - [2024-05-09T16:34:42.305+0000] {dagbag.py:545} INFO - Filling up the DagBag from /home/airflow/.local/lib/python3.12/site-packages/airflow/example_dags/tutorial_dag.py
[2024-05-09T16:34:42.308+0000] {processor.py:840} INFO - DAG(s) 'tutorial_dag' retrieved from /home/airflow/.local/lib/python3.12/site-packages/airflow/example_dags/tutorial_dag.py
[2024-05-09T16:34:42.316+0000] {logging_mixin.py:188} INFO - [2024-05-09T16:34:42.316+0000] {dag.py:3096} INFO - Sync 1 DAGs
[2024-05-09T16:34:42.321+0000] {logging_mixin.py:188} INFO - [2024-05-09T16:34:42.321+0000] {dag.py:3954} INFO - Setting next_dagrun for tutorial_dag to None, run_after=None
[2024-05-09T16:34:42.328+0000] {processor.py:183} INFO - Processing /home/airflow/.local/lib/python3.12/site-packages/airflow/example_dags/tutorial_dag.py took 0.028 seconds
[2024-05-09T16:35:12.775+0000] {processor.py:161} INFO - Started process (PID=1901) to work on /home/airflow/.local/lib/python3.12/site-packages/airflow/example_dags/tutorial_dag.py
[2024-05-09T16:35:12.775+0000] {processor.py:830} INFO - Processing file /home/airflow/.local/lib/python3.12/site-packages/airflow/example_dags/tutorial_dag.py for tasks to queue
[2024-05-09T16:35:12.776+0000] {logging_mixin.py:188} INFO - [2024-05-09T16:35:12.776+0000] {dagbag.py:545} INFO - Filling up the DagBag from /home/airflow/.local/lib/python3.12/site-packages/airflow/example_dags/tutorial_dag.py
[2024-05-09T16:35:12.779+0000] {processor.py:840} INFO - DAG(s) 'tutorial_dag' retrieved from /home/airflow/.local/lib/python3.12/site-packages/airflow/example_dags/tutorial_dag.py
[2024-05-09T16:35:12.787+0000] {logging_mixin.py:188} INFO - [2024-05-09T16:35:12.787+0000] {dag.py:3096} INFO - Sync 1 DAGs
[2024-05-09T16:35:12.792+0000] {logging_mixin.py:188} INFO - [2024-05-09T16:35:12.792+0000] {dag.py:3954} INFO - Setting next_dagrun for tutorial_dag to None, run_after=None
[2024-05-09T16:35:12.799+0000] {processor.py:183} INFO - Processing /home/airflow/.local/lib/python3.12/site-packages/airflow/example_dags/tutorial_dag.py took 0.027 seconds
[2024-05-09T16:35:43.443+0000] {processor.py:161} INFO - Started process (PID=1959) to work on /home/airflow/.local/lib/python3.12/site-packages/airflow/example_dags/tutorial_dag.py
[2024-05-09T16:35:43.443+0000] {processor.py:830} INFO - Processing file /home/airflow/.local/lib/python3.12/site-packages/airflow/example_dags/tutorial_dag.py for tasks to queue
[2024-05-09T16:35:43.444+0000] {logging_mixin.py:188} INFO - [2024-05-09T16:35:43.444+0000] {dagbag.py:545} INFO - Filling up the DagBag from /home/airflow/.local/lib/python3.12/site-packages/airflow/example_dags/tutorial_dag.py
[2024-05-09T16:35:43.447+0000] {processor.py:840} INFO - DAG(s) 'tutorial_dag' retrieved from /home/airflow/.local/lib/python3.12/site-packages/airflow/example_dags/tutorial_dag.py
[2024-05-09T16:35:43.456+0000] {logging_mixin.py:188} INFO - [2024-05-09T16:35:43.455+0000] {dag.py:3096} INFO - Sync 1 DAGs
[2024-05-09T16:35:43.460+0000] {logging_mixin.py:188} INFO - [2024-05-09T16:35:43.460+0000] {dag.py:3954} INFO - Setting next_dagrun for tutorial_dag to None, run_after=None
[2024-05-09T16:35:43.467+0000] {processor.py:183} INFO - Processing /home/airflow/.local/lib/python3.12/site-packages/airflow/example_dags/tutorial_dag.py took 0.027 seconds
[2024-05-09T16:36:14.008+0000] {processor.py:161} INFO - Started process (PID=2017) to work on /home/airflow/.local/lib/python3.12/site-packages/airflow/example_dags/tutorial_dag.py
[2024-05-09T16:36:14.008+0000] {processor.py:830} INFO - Processing file /home/airflow/.local/lib/python3.12/site-packages/airflow/example_dags/tutorial_dag.py for tasks to queue
[2024-05-09T16:36:14.009+0000] {logging_mixin.py:188} INFO - [2024-05-09T16:36:14.009+0000] {dagbag.py:545} INFO - Filling up the DagBag from /home/airflow/.local/lib/python3.12/site-packages/airflow/example_dags/tutorial_dag.py
[2024-05-09T16:36:14.012+0000] {processor.py:840} INFO - DAG(s) 'tutorial_dag' retrieved from /home/airflow/.local/lib/python3.12/site-packages/airflow/example_dags/tutorial_dag.py
[2024-05-09T16:36:14.023+0000] {logging_mixin.py:188} INFO - [2024-05-09T16:36:14.023+0000] {dag.py:3096} INFO - Sync 1 DAGs
[2024-05-09T16:36:14.028+0000] {logging_mixin.py:188} INFO - [2024-05-09T16:36:14.028+0000] {dag.py:3954} INFO - Setting next_dagrun for tutorial_dag to None, run_after=None
[2024-05-09T16:36:14.036+0000] {processor.py:183} INFO - Processing /home/airflow/.local/lib/python3.12/site-packages/airflow/example_dags/tutorial_dag.py took 0.031 seconds
[2024-05-09T16:36:44.272+0000] {processor.py:161} INFO - Started process (PID=2075) to work on /home/airflow/.local/lib/python3.12/site-packages/airflow/example_dags/tutorial_dag.py
[2024-05-09T16:36:44.273+0000] {processor.py:830} INFO - Processing file /home/airflow/.local/lib/python3.12/site-packages/airflow/example_dags/tutorial_dag.py for tasks to queue
[2024-05-09T16:36:44.274+0000] {logging_mixin.py:188} INFO - [2024-05-09T16:36:44.274+0000] {dagbag.py:545} INFO - Filling up the DagBag from /home/airflow/.local/lib/python3.12/site-packages/airflow/example_dags/tutorial_dag.py
[2024-05-09T16:36:44.276+0000] {processor.py:840} INFO - DAG(s) 'tutorial_dag' retrieved from /home/airflow/.local/lib/python3.12/site-packages/airflow/example_dags/tutorial_dag.py
[2024-05-09T16:36:44.285+0000] {logging_mixin.py:188} INFO - [2024-05-09T16:36:44.285+0000] {dag.py:3096} INFO - Sync 1 DAGs
[2024-05-09T16:36:44.290+0000] {logging_mixin.py:188} INFO - [2024-05-09T16:36:44.290+0000] {dag.py:3954} INFO - Setting next_dagrun for tutorial_dag to None, run_after=None
[2024-05-09T16:36:44.297+0000] {processor.py:183} INFO - Processing /home/airflow/.local/lib/python3.12/site-packages/airflow/example_dags/tutorial_dag.py took 0.027 seconds
[2024-05-09T16:37:14.616+0000] {processor.py:161} INFO - Started process (PID=2133) to work on /home/airflow/.local/lib/python3.12/site-packages/airflow/example_dags/tutorial_dag.py
[2024-05-09T16:37:14.616+0000] {processor.py:830} INFO - Processing file /home/airflow/.local/lib/python3.12/site-packages/airflow/example_dags/tutorial_dag.py for tasks to queue
[2024-05-09T16:37:14.617+0000] {logging_mixin.py:188} INFO - [2024-05-09T16:37:14.617+0000] {dagbag.py:545} INFO - Filling up the DagBag from /home/airflow/.local/lib/python3.12/site-packages/airflow/example_dags/tutorial_dag.py
[2024-05-09T16:37:14.621+0000] {processor.py:840} INFO - DAG(s) 'tutorial_dag' retrieved from /home/airflow/.local/lib/python3.12/site-packages/airflow/example_dags/tutorial_dag.py
[2024-05-09T16:37:14.630+0000] {logging_mixin.py:188} INFO - [2024-05-09T16:37:14.630+0000] {dag.py:3096} INFO - Sync 1 DAGs
[2024-05-09T16:37:14.635+0000] {logging_mixin.py:188} INFO - [2024-05-09T16:37:14.635+0000] {dag.py:3954} INFO - Setting next_dagrun for tutorial_dag to None, run_after=None
[2024-05-09T16:37:14.642+0000] {processor.py:183} INFO - Processing /home/airflow/.local/lib/python3.12/site-packages/airflow/example_dags/tutorial_dag.py took 0.029 seconds
[2024-05-09T16:37:44.889+0000] {processor.py:161} INFO - Started process (PID=2191) to work on /home/airflow/.local/lib/python3.12/site-packages/airflow/example_dags/tutorial_dag.py
[2024-05-09T16:37:44.890+0000] {processor.py:830} INFO - Processing file /home/airflow/.local/lib/python3.12/site-packages/airflow/example_dags/tutorial_dag.py for tasks to queue
[2024-05-09T16:37:44.891+0000] {logging_mixin.py:188} INFO - [2024-05-09T16:37:44.891+0000] {dagbag.py:545} INFO - Filling up the DagBag from /home/airflow/.local/lib/python3.12/site-packages/airflow/example_dags/tutorial_dag.py
[2024-05-09T16:37:44.894+0000] {processor.py:840} INFO - DAG(s) 'tutorial_dag' retrieved from /home/airflow/.local/lib/python3.12/site-packages/airflow/example_dags/tutorial_dag.py
[2024-05-09T16:37:44.903+0000] {logging_mixin.py:188} INFO - [2024-05-09T16:37:44.903+0000] {dag.py:3096} INFO - Sync 1 DAGs
[2024-05-09T16:37:44.909+0000] {logging_mixin.py:188} INFO - [2024-05-09T16:37:44.909+0000] {dag.py:3954} INFO - Setting next_dagrun for tutorial_dag to None, run_after=None
[2024-05-09T16:37:44.916+0000] {processor.py:183} INFO - Processing /home/airflow/.local/lib/python3.12/site-packages/airflow/example_dags/tutorial_dag.py took 0.030 seconds
[2024-05-09T16:38:15.567+0000] {processor.py:161} INFO - Started process (PID=2249) to work on /home/airflow/.local/lib/python3.12/site-packages/airflow/example_dags/tutorial_dag.py
[2024-05-09T16:38:15.567+0000] {processor.py:830} INFO - Processing file /home/airflow/.local/lib/python3.12/site-packages/airflow/example_dags/tutorial_dag.py for tasks to queue
[2024-05-09T16:38:15.568+0000] {logging_mixin.py:188} INFO - [2024-05-09T16:38:15.568+0000] {dagbag.py:545} INFO - Filling up the DagBag from /home/airflow/.local/lib/python3.12/site-packages/airflow/example_dags/tutorial_dag.py
[2024-05-09T16:38:15.571+0000] {processor.py:840} INFO - DAG(s) 'tutorial_dag' retrieved from /home/airflow/.local/lib/python3.12/site-packages/airflow/example_dags/tutorial_dag.py
[2024-05-09T16:38:15.580+0000] {logging_mixin.py:188} INFO - [2024-05-09T16:38:15.580+0000] {dag.py:3096} INFO - Sync 1 DAGs
[2024-05-09T16:38:15.670+0000] {logging_mixin.py:188} INFO - [2024-05-09T16:38:15.670+0000] {dag.py:3954} INFO - Setting next_dagrun for tutorial_dag to None, run_after=None
[2024-05-09T16:38:15.678+0000] {processor.py:183} INFO - Processing /home/airflow/.local/lib/python3.12/site-packages/airflow/example_dags/tutorial_dag.py took 0.114 seconds
[2024-05-09T16:38:46.069+0000] {processor.py:161} INFO - Started process (PID=2306) to work on /home/airflow/.local/lib/python3.12/site-packages/airflow/example_dags/tutorial_dag.py
[2024-05-09T16:38:46.069+0000] {processor.py:830} INFO - Processing file /home/airflow/.local/lib/python3.12/site-packages/airflow/example_dags/tutorial_dag.py for tasks to queue
[2024-05-09T16:38:46.070+0000] {logging_mixin.py:188} INFO - [2024-05-09T16:38:46.070+0000] {dagbag.py:545} INFO - Filling up the DagBag from /home/airflow/.local/lib/python3.12/site-packages/airflow/example_dags/tutorial_dag.py
[2024-05-09T16:38:46.073+0000] {processor.py:840} INFO - DAG(s) 'tutorial_dag' retrieved from /home/airflow/.local/lib/python3.12/site-packages/airflow/example_dags/tutorial_dag.py
[2024-05-09T16:38:46.082+0000] {logging_mixin.py:188} INFO - [2024-05-09T16:38:46.082+0000] {dag.py:3096} INFO - Sync 1 DAGs
[2024-05-09T16:38:46.087+0000] {logging_mixin.py:188} INFO - [2024-05-09T16:38:46.087+0000] {dag.py:3954} INFO - Setting next_dagrun for tutorial_dag to None, run_after=None
[2024-05-09T16:38:46.164+0000] {processor.py:183} INFO - Processing /home/airflow/.local/lib/python3.12/site-packages/airflow/example_dags/tutorial_dag.py took 0.098 seconds
[2024-05-09T16:39:17.081+0000] {processor.py:161} INFO - Started process (PID=2363) to work on /home/airflow/.local/lib/python3.12/site-packages/airflow/example_dags/tutorial_dag.py
[2024-05-09T16:39:17.082+0000] {processor.py:830} INFO - Processing file /home/airflow/.local/lib/python3.12/site-packages/airflow/example_dags/tutorial_dag.py for tasks to queue
[2024-05-09T16:39:17.083+0000] {logging_mixin.py:188} INFO - [2024-05-09T16:39:17.083+0000] {dagbag.py:545} INFO - Filling up the DagBag from /home/airflow/.local/lib/python3.12/site-packages/airflow/example_dags/tutorial_dag.py
[2024-05-09T16:39:17.086+0000] {processor.py:840} INFO - DAG(s) 'tutorial_dag' retrieved from /home/airflow/.local/lib/python3.12/site-packages/airflow/example_dags/tutorial_dag.py
[2024-05-09T16:39:17.095+0000] {logging_mixin.py:188} INFO - [2024-05-09T16:39:17.095+0000] {dag.py:3096} INFO - Sync 1 DAGs
[2024-05-09T16:39:17.100+0000] {logging_mixin.py:188} INFO - [2024-05-09T16:39:17.100+0000] {dag.py:3954} INFO - Setting next_dagrun for tutorial_dag to None, run_after=None
[2024-05-09T16:39:17.106+0000] {processor.py:183} INFO - Processing /home/airflow/.local/lib/python3.12/site-packages/airflow/example_dags/tutorial_dag.py took 0.028 seconds
[2024-05-09T16:39:47.721+0000] {processor.py:161} INFO - Started process (PID=2421) to work on /home/airflow/.local/lib/python3.12/site-packages/airflow/example_dags/tutorial_dag.py
[2024-05-09T16:39:47.721+0000] {processor.py:830} INFO - Processing file /home/airflow/.local/lib/python3.12/site-packages/airflow/example_dags/tutorial_dag.py for tasks to queue
[2024-05-09T16:39:47.722+0000] {logging_mixin.py:188} INFO - [2024-05-09T16:39:47.722+0000] {dagbag.py:545} INFO - Filling up the DagBag from /home/airflow/.local/lib/python3.12/site-packages/airflow/example_dags/tutorial_dag.py
[2024-05-09T16:39:47.725+0000] {processor.py:840} INFO - DAG(s) 'tutorial_dag' retrieved from /home/airflow/.local/lib/python3.12/site-packages/airflow/example_dags/tutorial_dag.py
[2024-05-09T16:39:47.740+0000] {logging_mixin.py:188} INFO - [2024-05-09T16:39:47.740+0000] {dag.py:3096} INFO - Sync 1 DAGs
[2024-05-09T16:39:47.747+0000] {logging_mixin.py:188} INFO - [2024-05-09T16:39:47.747+0000] {dag.py:3954} INFO - Setting next_dagrun for tutorial_dag to None, run_after=None
[2024-05-09T16:39:47.758+0000] {processor.py:183} INFO - Processing /home/airflow/.local/lib/python3.12/site-packages/airflow/example_dags/tutorial_dag.py took 0.040 seconds
[2024-05-09T16:40:18.426+0000] {processor.py:161} INFO - Started process (PID=2485) to work on /home/airflow/.local/lib/python3.12/site-packages/airflow/example_dags/tutorial_dag.py
[2024-05-09T16:40:18.427+0000] {processor.py:830} INFO - Processing file /home/airflow/.local/lib/python3.12/site-packages/airflow/example_dags/tutorial_dag.py for tasks to queue
[2024-05-09T16:40:18.428+0000] {logging_mixin.py:188} INFO - [2024-05-09T16:40:18.427+0000] {dagbag.py:545} INFO - Filling up the DagBag from /home/airflow/.local/lib/python3.12/site-packages/airflow/example_dags/tutorial_dag.py
[2024-05-09T16:40:18.431+0000] {processor.py:840} INFO - DAG(s) 'tutorial_dag' retrieved from /home/airflow/.local/lib/python3.12/site-packages/airflow/example_dags/tutorial_dag.py
[2024-05-09T16:40:18.440+0000] {logging_mixin.py:188} INFO - [2024-05-09T16:40:18.440+0000] {dag.py:3096} INFO - Sync 1 DAGs
[2024-05-09T16:40:18.445+0000] {logging_mixin.py:188} INFO - [2024-05-09T16:40:18.445+0000] {dag.py:3954} INFO - Setting next_dagrun for tutorial_dag to None, run_after=None
[2024-05-09T16:40:18.452+0000] {processor.py:183} INFO - Processing /home/airflow/.local/lib/python3.12/site-packages/airflow/example_dags/tutorial_dag.py took 0.029 seconds
[2024-05-09T16:40:49.051+0000] {processor.py:161} INFO - Started process (PID=2543) to work on /home/airflow/.local/lib/python3.12/site-packages/airflow/example_dags/tutorial_dag.py
[2024-05-09T16:40:49.052+0000] {processor.py:830} INFO - Processing file /home/airflow/.local/lib/python3.12/site-packages/airflow/example_dags/tutorial_dag.py for tasks to queue
[2024-05-09T16:40:49.053+0000] {logging_mixin.py:188} INFO - [2024-05-09T16:40:49.053+0000] {dagbag.py:545} INFO - Filling up the DagBag from /home/airflow/.local/lib/python3.12/site-packages/airflow/example_dags/tutorial_dag.py
[2024-05-09T16:40:49.056+0000] {processor.py:840} INFO - DAG(s) 'tutorial_dag' retrieved from /home/airflow/.local/lib/python3.12/site-packages/airflow/example_dags/tutorial_dag.py
[2024-05-09T16:40:49.065+0000] {logging_mixin.py:188} INFO - [2024-05-09T16:40:49.065+0000] {dag.py:3096} INFO - Sync 1 DAGs
[2024-05-09T16:40:49.070+0000] {logging_mixin.py:188} INFO - [2024-05-09T16:40:49.070+0000] {dag.py:3954} INFO - Setting next_dagrun for tutorial_dag to None, run_after=None
[2024-05-09T16:40:49.077+0000] {processor.py:183} INFO - Processing /home/airflow/.local/lib/python3.12/site-packages/airflow/example_dags/tutorial_dag.py took 0.029 seconds
[2024-05-09T16:41:19.734+0000] {processor.py:161} INFO - Started process (PID=2601) to work on /home/airflow/.local/lib/python3.12/site-packages/airflow/example_dags/tutorial_dag.py
[2024-05-09T16:41:19.734+0000] {processor.py:830} INFO - Processing file /home/airflow/.local/lib/python3.12/site-packages/airflow/example_dags/tutorial_dag.py for tasks to queue
[2024-05-09T16:41:19.735+0000] {logging_mixin.py:188} INFO - [2024-05-09T16:41:19.735+0000] {dagbag.py:545} INFO - Filling up the DagBag from /home/airflow/.local/lib/python3.12/site-packages/airflow/example_dags/tutorial_dag.py
[2024-05-09T16:41:19.738+0000] {processor.py:840} INFO - DAG(s) 'tutorial_dag' retrieved from /home/airflow/.local/lib/python3.12/site-packages/airflow/example_dags/tutorial_dag.py
[2024-05-09T16:41:19.747+0000] {logging_mixin.py:188} INFO - [2024-05-09T16:41:19.747+0000] {dag.py:3096} INFO - Sync 1 DAGs
[2024-05-09T16:41:19.752+0000] {logging_mixin.py:188} INFO - [2024-05-09T16:41:19.752+0000] {dag.py:3954} INFO - Setting next_dagrun for tutorial_dag to None, run_after=None
[2024-05-09T16:41:19.759+0000] {processor.py:183} INFO - Processing /home/airflow/.local/lib/python3.12/site-packages/airflow/example_dags/tutorial_dag.py took 0.028 seconds
[2024-05-09T16:41:50.440+0000] {processor.py:161} INFO - Started process (PID=2659) to work on /home/airflow/.local/lib/python3.12/site-packages/airflow/example_dags/tutorial_dag.py
[2024-05-09T16:41:50.440+0000] {processor.py:830} INFO - Processing file /home/airflow/.local/lib/python3.12/site-packages/airflow/example_dags/tutorial_dag.py for tasks to queue
[2024-05-09T16:41:50.441+0000] {logging_mixin.py:188} INFO - [2024-05-09T16:41:50.441+0000] {dagbag.py:545} INFO - Filling up the DagBag from /home/airflow/.local/lib/python3.12/site-packages/airflow/example_dags/tutorial_dag.py
[2024-05-09T16:41:50.444+0000] {processor.py:840} INFO - DAG(s) 'tutorial_dag' retrieved from /home/airflow/.local/lib/python3.12/site-packages/airflow/example_dags/tutorial_dag.py
[2024-05-09T16:41:50.453+0000] {logging_mixin.py:188} INFO - [2024-05-09T16:41:50.453+0000] {dag.py:3096} INFO - Sync 1 DAGs
[2024-05-09T16:41:50.460+0000] {logging_mixin.py:188} INFO - [2024-05-09T16:41:50.460+0000] {dag.py:3954} INFO - Setting next_dagrun for tutorial_dag to None, run_after=None
[2024-05-09T16:41:50.468+0000] {processor.py:183} INFO - Processing /home/airflow/.local/lib/python3.12/site-packages/airflow/example_dags/tutorial_dag.py took 0.031 seconds
[2024-05-09T16:42:21.237+0000] {processor.py:161} INFO - Started process (PID=2717) to work on /home/airflow/.local/lib/python3.12/site-packages/airflow/example_dags/tutorial_dag.py
[2024-05-09T16:42:21.238+0000] {processor.py:830} INFO - Processing file /home/airflow/.local/lib/python3.12/site-packages/airflow/example_dags/tutorial_dag.py for tasks to queue
[2024-05-09T16:42:21.239+0000] {logging_mixin.py:188} INFO - [2024-05-09T16:42:21.239+0000] {dagbag.py:545} INFO - Filling up the DagBag from /home/airflow/.local/lib/python3.12/site-packages/airflow/example_dags/tutorial_dag.py
[2024-05-09T16:42:21.243+0000] {processor.py:840} INFO - DAG(s) 'tutorial_dag' retrieved from /home/airflow/.local/lib/python3.12/site-packages/airflow/example_dags/tutorial_dag.py
[2024-05-09T16:42:21.253+0000] {logging_mixin.py:188} INFO - [2024-05-09T16:42:21.253+0000] {dag.py:3096} INFO - Sync 1 DAGs
[2024-05-09T16:42:21.259+0000] {logging_mixin.py:188} INFO - [2024-05-09T16:42:21.259+0000] {dag.py:3954} INFO - Setting next_dagrun for tutorial_dag to None, run_after=None
[2024-05-09T16:42:21.266+0000] {processor.py:183} INFO - Processing /home/airflow/.local/lib/python3.12/site-packages/airflow/example_dags/tutorial_dag.py took 0.032 seconds
[2024-05-09T16:42:51.928+0000] {processor.py:161} INFO - Started process (PID=2775) to work on /home/airflow/.local/lib/python3.12/site-packages/airflow/example_dags/tutorial_dag.py
[2024-05-09T16:42:51.929+0000] {processor.py:830} INFO - Processing file /home/airflow/.local/lib/python3.12/site-packages/airflow/example_dags/tutorial_dag.py for tasks to queue
[2024-05-09T16:42:51.930+0000] {logging_mixin.py:188} INFO - [2024-05-09T16:42:51.930+0000] {dagbag.py:545} INFO - Filling up the DagBag from /home/airflow/.local/lib/python3.12/site-packages/airflow/example_dags/tutorial_dag.py
[2024-05-09T16:42:51.933+0000] {processor.py:840} INFO - DAG(s) 'tutorial_dag' retrieved from /home/airflow/.local/lib/python3.12/site-packages/airflow/example_dags/tutorial_dag.py
[2024-05-09T16:42:51.943+0000] {logging_mixin.py:188} INFO - [2024-05-09T16:42:51.943+0000] {dag.py:3096} INFO - Sync 1 DAGs
[2024-05-09T16:42:51.948+0000] {logging_mixin.py:188} INFO - [2024-05-09T16:42:51.948+0000] {dag.py:3954} INFO - Setting next_dagrun for tutorial_dag to None, run_after=None
[2024-05-09T16:42:51.956+0000] {processor.py:183} INFO - Processing /home/airflow/.local/lib/python3.12/site-packages/airflow/example_dags/tutorial_dag.py took 0.031 seconds
