[2024-05-09T16:18:57.551+0000] {processor.py:161} INFO - Started process (PID=70) to work on /home/airflow/.local/lib/python3.12/site-packages/airflow/example_dags/tutorial.py
[2024-05-09T16:18:57.551+0000] {processor.py:830} INFO - Processing file /home/airflow/.local/lib/python3.12/site-packages/airflow/example_dags/tutorial.py for tasks to queue
[2024-05-09T16:18:57.552+0000] {logging_mixin.py:188} INFO - [2024-05-09T16:18:57.552+0000] {dagbag.py:545} INFO - Filling up the DagBag from /home/airflow/.local/lib/python3.12/site-packages/airflow/example_dags/tutorial.py
[2024-05-09T16:18:57.556+0000] {processor.py:840} INFO - DAG(s) 'tutorial' retrieved from /home/airflow/.local/lib/python3.12/site-packages/airflow/example_dags/tutorial.py
[2024-05-09T16:18:57.603+0000] {logging_mixin.py:188} INFO - [2024-05-09T16:18:57.602+0000] {override.py:1829} INFO - Created Permission View: can edit on DAG:tutorial
[2024-05-09T16:18:57.607+0000] {logging_mixin.py:188} INFO - [2024-05-09T16:18:57.607+0000] {override.py:1829} INFO - Created Permission View: can delete on DAG:tutorial
[2024-05-09T16:18:57.609+0000] {logging_mixin.py:188} INFO - [2024-05-09T16:18:57.609+0000] {override.py:1829} INFO - Created Permission View: can read on DAG:tutorial
[2024-05-09T16:18:57.609+0000] {logging_mixin.py:188} INFO - [2024-05-09T16:18:57.609+0000] {dag.py:3096} INFO - Sync 1 DAGs
[2024-05-09T16:18:57.614+0000] {logging_mixin.py:188} INFO - [2024-05-09T16:18:57.614+0000] {dag.py:3118} INFO - Creating ORM DAG for tutorial
[2024-05-09T16:18:57.618+0000] {logging_mixin.py:188} INFO - [2024-05-09T16:18:57.618+0000] {dag.py:3954} INFO - Setting next_dagrun for tutorial to 2024-05-08 00:00:00+00:00, run_after=2024-05-09 00:00:00+00:00
[2024-05-09T16:18:57.625+0000] {processor.py:183} INFO - Processing /home/airflow/.local/lib/python3.12/site-packages/airflow/example_dags/tutorial.py took 0.077 seconds
[2024-05-09T16:19:28.260+0000] {processor.py:161} INFO - Started process (PID=127) to work on /home/airflow/.local/lib/python3.12/site-packages/airflow/example_dags/tutorial.py
[2024-05-09T16:19:28.261+0000] {processor.py:830} INFO - Processing file /home/airflow/.local/lib/python3.12/site-packages/airflow/example_dags/tutorial.py for tasks to queue
[2024-05-09T16:19:28.262+0000] {logging_mixin.py:188} INFO - [2024-05-09T16:19:28.262+0000] {dagbag.py:545} INFO - Filling up the DagBag from /home/airflow/.local/lib/python3.12/site-packages/airflow/example_dags/tutorial.py
[2024-05-09T16:19:28.265+0000] {processor.py:840} INFO - DAG(s) 'tutorial' retrieved from /home/airflow/.local/lib/python3.12/site-packages/airflow/example_dags/tutorial.py
[2024-05-09T16:19:28.273+0000] {logging_mixin.py:188} INFO - [2024-05-09T16:19:28.273+0000] {dag.py:3096} INFO - Sync 1 DAGs
[2024-05-09T16:19:28.282+0000] {logging_mixin.py:188} INFO - [2024-05-09T16:19:28.282+0000] {dag.py:3954} INFO - Setting next_dagrun for tutorial to 2024-05-08 00:00:00+00:00, run_after=2024-05-09 00:00:00+00:00
[2024-05-09T16:19:28.289+0000] {processor.py:183} INFO - Processing /home/airflow/.local/lib/python3.12/site-packages/airflow/example_dags/tutorial.py took 0.031 seconds
[2024-05-09T16:19:58.756+0000] {processor.py:161} INFO - Started process (PID=185) to work on /home/airflow/.local/lib/python3.12/site-packages/airflow/example_dags/tutorial.py
[2024-05-09T16:19:58.757+0000] {processor.py:830} INFO - Processing file /home/airflow/.local/lib/python3.12/site-packages/airflow/example_dags/tutorial.py for tasks to queue
[2024-05-09T16:19:58.758+0000] {logging_mixin.py:188} INFO - [2024-05-09T16:19:58.758+0000] {dagbag.py:545} INFO - Filling up the DagBag from /home/airflow/.local/lib/python3.12/site-packages/airflow/example_dags/tutorial.py
[2024-05-09T16:19:58.761+0000] {processor.py:840} INFO - DAG(s) 'tutorial' retrieved from /home/airflow/.local/lib/python3.12/site-packages/airflow/example_dags/tutorial.py
[2024-05-09T16:19:58.769+0000] {logging_mixin.py:188} INFO - [2024-05-09T16:19:58.769+0000] {dag.py:3096} INFO - Sync 1 DAGs
[2024-05-09T16:19:58.778+0000] {logging_mixin.py:188} INFO - [2024-05-09T16:19:58.778+0000] {dag.py:3954} INFO - Setting next_dagrun for tutorial to 2024-05-08 00:00:00+00:00, run_after=2024-05-09 00:00:00+00:00
[2024-05-09T16:19:58.785+0000] {processor.py:183} INFO - Processing /home/airflow/.local/lib/python3.12/site-packages/airflow/example_dags/tutorial.py took 0.031 seconds
[2024-05-09T16:20:29.243+0000] {processor.py:161} INFO - Started process (PID=243) to work on /home/airflow/.local/lib/python3.12/site-packages/airflow/example_dags/tutorial.py
[2024-05-09T16:20:29.244+0000] {processor.py:830} INFO - Processing file /home/airflow/.local/lib/python3.12/site-packages/airflow/example_dags/tutorial.py for tasks to queue
[2024-05-09T16:20:29.245+0000] {logging_mixin.py:188} INFO - [2024-05-09T16:20:29.244+0000] {dagbag.py:545} INFO - Filling up the DagBag from /home/airflow/.local/lib/python3.12/site-packages/airflow/example_dags/tutorial.py
[2024-05-09T16:20:29.248+0000] {processor.py:840} INFO - DAG(s) 'tutorial' retrieved from /home/airflow/.local/lib/python3.12/site-packages/airflow/example_dags/tutorial.py
[2024-05-09T16:20:29.257+0000] {logging_mixin.py:188} INFO - [2024-05-09T16:20:29.256+0000] {dag.py:3096} INFO - Sync 1 DAGs
[2024-05-09T16:20:29.265+0000] {logging_mixin.py:188} INFO - [2024-05-09T16:20:29.265+0000] {dag.py:3954} INFO - Setting next_dagrun for tutorial to 2024-05-08 00:00:00+00:00, run_after=2024-05-09 00:00:00+00:00
[2024-05-09T16:20:29.272+0000] {processor.py:183} INFO - Processing /home/airflow/.local/lib/python3.12/site-packages/airflow/example_dags/tutorial.py took 0.032 seconds
[2024-05-09T16:20:59.706+0000] {processor.py:161} INFO - Started process (PID=301) to work on /home/airflow/.local/lib/python3.12/site-packages/airflow/example_dags/tutorial.py
[2024-05-09T16:20:59.706+0000] {processor.py:830} INFO - Processing file /home/airflow/.local/lib/python3.12/site-packages/airflow/example_dags/tutorial.py for tasks to queue
[2024-05-09T16:20:59.707+0000] {logging_mixin.py:188} INFO - [2024-05-09T16:20:59.707+0000] {dagbag.py:545} INFO - Filling up the DagBag from /home/airflow/.local/lib/python3.12/site-packages/airflow/example_dags/tutorial.py
[2024-05-09T16:20:59.710+0000] {processor.py:840} INFO - DAG(s) 'tutorial' retrieved from /home/airflow/.local/lib/python3.12/site-packages/airflow/example_dags/tutorial.py
[2024-05-09T16:20:59.719+0000] {logging_mixin.py:188} INFO - [2024-05-09T16:20:59.719+0000] {dag.py:3096} INFO - Sync 1 DAGs
[2024-05-09T16:20:59.728+0000] {logging_mixin.py:188} INFO - [2024-05-09T16:20:59.728+0000] {dag.py:3954} INFO - Setting next_dagrun for tutorial to 2024-05-08 00:00:00+00:00, run_after=2024-05-09 00:00:00+00:00
[2024-05-09T16:20:59.735+0000] {processor.py:183} INFO - Processing /home/airflow/.local/lib/python3.12/site-packages/airflow/example_dags/tutorial.py took 0.032 seconds
[2024-05-09T16:21:30.150+0000] {processor.py:161} INFO - Started process (PID=359) to work on /home/airflow/.local/lib/python3.12/site-packages/airflow/example_dags/tutorial.py
[2024-05-09T16:21:30.150+0000] {processor.py:830} INFO - Processing file /home/airflow/.local/lib/python3.12/site-packages/airflow/example_dags/tutorial.py for tasks to queue
[2024-05-09T16:21:30.151+0000] {logging_mixin.py:188} INFO - [2024-05-09T16:21:30.151+0000] {dagbag.py:545} INFO - Filling up the DagBag from /home/airflow/.local/lib/python3.12/site-packages/airflow/example_dags/tutorial.py
[2024-05-09T16:21:30.155+0000] {processor.py:840} INFO - DAG(s) 'tutorial' retrieved from /home/airflow/.local/lib/python3.12/site-packages/airflow/example_dags/tutorial.py
[2024-05-09T16:21:30.164+0000] {logging_mixin.py:188} INFO - [2024-05-09T16:21:30.164+0000] {dag.py:3096} INFO - Sync 1 DAGs
[2024-05-09T16:21:30.173+0000] {logging_mixin.py:188} INFO - [2024-05-09T16:21:30.173+0000] {dag.py:3954} INFO - Setting next_dagrun for tutorial to 2024-05-08 00:00:00+00:00, run_after=2024-05-09 00:00:00+00:00
[2024-05-09T16:21:30.181+0000] {processor.py:183} INFO - Processing /home/airflow/.local/lib/python3.12/site-packages/airflow/example_dags/tutorial.py took 0.034 seconds
[2024-05-09T16:22:00.712+0000] {processor.py:161} INFO - Started process (PID=417) to work on /home/airflow/.local/lib/python3.12/site-packages/airflow/example_dags/tutorial.py
[2024-05-09T16:22:00.713+0000] {processor.py:830} INFO - Processing file /home/airflow/.local/lib/python3.12/site-packages/airflow/example_dags/tutorial.py for tasks to queue
[2024-05-09T16:22:00.714+0000] {logging_mixin.py:188} INFO - [2024-05-09T16:22:00.714+0000] {dagbag.py:545} INFO - Filling up the DagBag from /home/airflow/.local/lib/python3.12/site-packages/airflow/example_dags/tutorial.py
[2024-05-09T16:22:00.717+0000] {processor.py:840} INFO - DAG(s) 'tutorial' retrieved from /home/airflow/.local/lib/python3.12/site-packages/airflow/example_dags/tutorial.py
[2024-05-09T16:22:00.726+0000] {logging_mixin.py:188} INFO - [2024-05-09T16:22:00.726+0000] {dag.py:3096} INFO - Sync 1 DAGs
[2024-05-09T16:22:00.735+0000] {logging_mixin.py:188} INFO - [2024-05-09T16:22:00.735+0000] {dag.py:3954} INFO - Setting next_dagrun for tutorial to 2024-05-08 00:00:00+00:00, run_after=2024-05-09 00:00:00+00:00
[2024-05-09T16:22:00.742+0000] {processor.py:183} INFO - Processing /home/airflow/.local/lib/python3.12/site-packages/airflow/example_dags/tutorial.py took 0.032 seconds
[2024-05-09T16:22:31.191+0000] {processor.py:161} INFO - Started process (PID=475) to work on /home/airflow/.local/lib/python3.12/site-packages/airflow/example_dags/tutorial.py
[2024-05-09T16:22:31.191+0000] {processor.py:830} INFO - Processing file /home/airflow/.local/lib/python3.12/site-packages/airflow/example_dags/tutorial.py for tasks to queue
[2024-05-09T16:22:31.192+0000] {logging_mixin.py:188} INFO - [2024-05-09T16:22:31.192+0000] {dagbag.py:545} INFO - Filling up the DagBag from /home/airflow/.local/lib/python3.12/site-packages/airflow/example_dags/tutorial.py
[2024-05-09T16:22:31.195+0000] {processor.py:840} INFO - DAG(s) 'tutorial' retrieved from /home/airflow/.local/lib/python3.12/site-packages/airflow/example_dags/tutorial.py
[2024-05-09T16:22:31.205+0000] {logging_mixin.py:188} INFO - [2024-05-09T16:22:31.205+0000] {dag.py:3096} INFO - Sync 1 DAGs
[2024-05-09T16:22:31.214+0000] {logging_mixin.py:188} INFO - [2024-05-09T16:22:31.214+0000] {dag.py:3954} INFO - Setting next_dagrun for tutorial to 2024-05-08 00:00:00+00:00, run_after=2024-05-09 00:00:00+00:00
[2024-05-09T16:22:31.221+0000] {processor.py:183} INFO - Processing /home/airflow/.local/lib/python3.12/site-packages/airflow/example_dags/tutorial.py took 0.033 seconds
[2024-05-09T16:23:01.731+0000] {processor.py:161} INFO - Started process (PID=533) to work on /home/airflow/.local/lib/python3.12/site-packages/airflow/example_dags/tutorial.py
[2024-05-09T16:23:01.732+0000] {processor.py:830} INFO - Processing file /home/airflow/.local/lib/python3.12/site-packages/airflow/example_dags/tutorial.py for tasks to queue
[2024-05-09T16:23:01.733+0000] {logging_mixin.py:188} INFO - [2024-05-09T16:23:01.733+0000] {dagbag.py:545} INFO - Filling up the DagBag from /home/airflow/.local/lib/python3.12/site-packages/airflow/example_dags/tutorial.py
[2024-05-09T16:23:01.736+0000] {processor.py:840} INFO - DAG(s) 'tutorial' retrieved from /home/airflow/.local/lib/python3.12/site-packages/airflow/example_dags/tutorial.py
[2024-05-09T16:23:01.745+0000] {logging_mixin.py:188} INFO - [2024-05-09T16:23:01.745+0000] {dag.py:3096} INFO - Sync 1 DAGs
[2024-05-09T16:23:01.754+0000] {logging_mixin.py:188} INFO - [2024-05-09T16:23:01.754+0000] {dag.py:3954} INFO - Setting next_dagrun for tutorial to 2024-05-08 00:00:00+00:00, run_after=2024-05-09 00:00:00+00:00
[2024-05-09T16:23:01.762+0000] {processor.py:183} INFO - Processing /home/airflow/.local/lib/python3.12/site-packages/airflow/example_dags/tutorial.py took 0.033 seconds
[2024-05-09T16:23:32.182+0000] {processor.py:161} INFO - Started process (PID=591) to work on /home/airflow/.local/lib/python3.12/site-packages/airflow/example_dags/tutorial.py
[2024-05-09T16:23:32.182+0000] {processor.py:830} INFO - Processing file /home/airflow/.local/lib/python3.12/site-packages/airflow/example_dags/tutorial.py for tasks to queue
[2024-05-09T16:23:32.184+0000] {logging_mixin.py:188} INFO - [2024-05-09T16:23:32.184+0000] {dagbag.py:545} INFO - Filling up the DagBag from /home/airflow/.local/lib/python3.12/site-packages/airflow/example_dags/tutorial.py
[2024-05-09T16:23:32.187+0000] {processor.py:840} INFO - DAG(s) 'tutorial' retrieved from /home/airflow/.local/lib/python3.12/site-packages/airflow/example_dags/tutorial.py
[2024-05-09T16:23:32.198+0000] {logging_mixin.py:188} INFO - [2024-05-09T16:23:32.198+0000] {dag.py:3096} INFO - Sync 1 DAGs
[2024-05-09T16:23:32.207+0000] {logging_mixin.py:188} INFO - [2024-05-09T16:23:32.207+0000] {dag.py:3954} INFO - Setting next_dagrun for tutorial to 2024-05-08 00:00:00+00:00, run_after=2024-05-09 00:00:00+00:00
[2024-05-09T16:23:32.214+0000] {processor.py:183} INFO - Processing /home/airflow/.local/lib/python3.12/site-packages/airflow/example_dags/tutorial.py took 0.036 seconds
[2024-05-09T16:24:02.735+0000] {processor.py:161} INFO - Started process (PID=649) to work on /home/airflow/.local/lib/python3.12/site-packages/airflow/example_dags/tutorial.py
[2024-05-09T16:24:02.736+0000] {processor.py:830} INFO - Processing file /home/airflow/.local/lib/python3.12/site-packages/airflow/example_dags/tutorial.py for tasks to queue
[2024-05-09T16:24:02.737+0000] {logging_mixin.py:188} INFO - [2024-05-09T16:24:02.736+0000] {dagbag.py:545} INFO - Filling up the DagBag from /home/airflow/.local/lib/python3.12/site-packages/airflow/example_dags/tutorial.py
[2024-05-09T16:24:02.740+0000] {processor.py:840} INFO - DAG(s) 'tutorial' retrieved from /home/airflow/.local/lib/python3.12/site-packages/airflow/example_dags/tutorial.py
[2024-05-09T16:24:02.750+0000] {logging_mixin.py:188} INFO - [2024-05-09T16:24:02.749+0000] {dag.py:3096} INFO - Sync 1 DAGs
[2024-05-09T16:24:02.758+0000] {logging_mixin.py:188} INFO - [2024-05-09T16:24:02.758+0000] {dag.py:3954} INFO - Setting next_dagrun for tutorial to 2024-05-08 00:00:00+00:00, run_after=2024-05-09 00:00:00+00:00
[2024-05-09T16:24:02.766+0000] {processor.py:183} INFO - Processing /home/airflow/.local/lib/python3.12/site-packages/airflow/example_dags/tutorial.py took 0.035 seconds
[2024-05-09T16:24:33.160+0000] {processor.py:161} INFO - Started process (PID=707) to work on /home/airflow/.local/lib/python3.12/site-packages/airflow/example_dags/tutorial.py
[2024-05-09T16:24:33.160+0000] {processor.py:830} INFO - Processing file /home/airflow/.local/lib/python3.12/site-packages/airflow/example_dags/tutorial.py for tasks to queue
[2024-05-09T16:24:33.161+0000] {logging_mixin.py:188} INFO - [2024-05-09T16:24:33.161+0000] {dagbag.py:545} INFO - Filling up the DagBag from /home/airflow/.local/lib/python3.12/site-packages/airflow/example_dags/tutorial.py
[2024-05-09T16:24:33.164+0000] {processor.py:840} INFO - DAG(s) 'tutorial' retrieved from /home/airflow/.local/lib/python3.12/site-packages/airflow/example_dags/tutorial.py
[2024-05-09T16:24:33.173+0000] {logging_mixin.py:188} INFO - [2024-05-09T16:24:33.173+0000] {dag.py:3096} INFO - Sync 1 DAGs
[2024-05-09T16:24:33.182+0000] {logging_mixin.py:188} INFO - [2024-05-09T16:24:33.182+0000] {dag.py:3954} INFO - Setting next_dagrun for tutorial to 2024-05-08 00:00:00+00:00, run_after=2024-05-09 00:00:00+00:00
[2024-05-09T16:24:33.189+0000] {processor.py:183} INFO - Processing /home/airflow/.local/lib/python3.12/site-packages/airflow/example_dags/tutorial.py took 0.032 seconds
[2024-05-09T16:25:03.612+0000] {processor.py:161} INFO - Started process (PID=769) to work on /home/airflow/.local/lib/python3.12/site-packages/airflow/example_dags/tutorial.py
[2024-05-09T16:25:03.613+0000] {processor.py:830} INFO - Processing file /home/airflow/.local/lib/python3.12/site-packages/airflow/example_dags/tutorial.py for tasks to queue
[2024-05-09T16:25:03.614+0000] {logging_mixin.py:188} INFO - [2024-05-09T16:25:03.613+0000] {dagbag.py:545} INFO - Filling up the DagBag from /home/airflow/.local/lib/python3.12/site-packages/airflow/example_dags/tutorial.py
[2024-05-09T16:25:03.616+0000] {processor.py:840} INFO - DAG(s) 'tutorial' retrieved from /home/airflow/.local/lib/python3.12/site-packages/airflow/example_dags/tutorial.py
[2024-05-09T16:25:03.625+0000] {logging_mixin.py:188} INFO - [2024-05-09T16:25:03.625+0000] {dag.py:3096} INFO - Sync 1 DAGs
[2024-05-09T16:25:03.634+0000] {logging_mixin.py:188} INFO - [2024-05-09T16:25:03.634+0000] {dag.py:3954} INFO - Setting next_dagrun for tutorial to 2024-05-09 00:00:00+00:00, run_after=2024-05-10 00:00:00+00:00
[2024-05-09T16:25:03.641+0000] {processor.py:183} INFO - Processing /home/airflow/.local/lib/python3.12/site-packages/airflow/example_dags/tutorial.py took 0.032 seconds
[2024-05-09T16:25:34.103+0000] {processor.py:161} INFO - Started process (PID=827) to work on /home/airflow/.local/lib/python3.12/site-packages/airflow/example_dags/tutorial.py
[2024-05-09T16:25:34.104+0000] {processor.py:830} INFO - Processing file /home/airflow/.local/lib/python3.12/site-packages/airflow/example_dags/tutorial.py for tasks to queue
[2024-05-09T16:25:34.105+0000] {logging_mixin.py:188} INFO - [2024-05-09T16:25:34.104+0000] {dagbag.py:545} INFO - Filling up the DagBag from /home/airflow/.local/lib/python3.12/site-packages/airflow/example_dags/tutorial.py
[2024-05-09T16:25:34.108+0000] {processor.py:840} INFO - DAG(s) 'tutorial' retrieved from /home/airflow/.local/lib/python3.12/site-packages/airflow/example_dags/tutorial.py
[2024-05-09T16:25:34.117+0000] {logging_mixin.py:188} INFO - [2024-05-09T16:25:34.117+0000] {dag.py:3096} INFO - Sync 1 DAGs
[2024-05-09T16:25:34.126+0000] {logging_mixin.py:188} INFO - [2024-05-09T16:25:34.126+0000] {dag.py:3954} INFO - Setting next_dagrun for tutorial to 2024-05-09 00:00:00+00:00, run_after=2024-05-10 00:00:00+00:00
[2024-05-09T16:25:34.133+0000] {processor.py:183} INFO - Processing /home/airflow/.local/lib/python3.12/site-packages/airflow/example_dags/tutorial.py took 0.032 seconds
[2024-05-09T16:26:04.671+0000] {processor.py:161} INFO - Started process (PID=885) to work on /home/airflow/.local/lib/python3.12/site-packages/airflow/example_dags/tutorial.py
[2024-05-09T16:26:04.671+0000] {processor.py:830} INFO - Processing file /home/airflow/.local/lib/python3.12/site-packages/airflow/example_dags/tutorial.py for tasks to queue
[2024-05-09T16:26:04.672+0000] {logging_mixin.py:188} INFO - [2024-05-09T16:26:04.672+0000] {dagbag.py:545} INFO - Filling up the DagBag from /home/airflow/.local/lib/python3.12/site-packages/airflow/example_dags/tutorial.py
[2024-05-09T16:26:04.675+0000] {processor.py:840} INFO - DAG(s) 'tutorial' retrieved from /home/airflow/.local/lib/python3.12/site-packages/airflow/example_dags/tutorial.py
[2024-05-09T16:26:04.684+0000] {logging_mixin.py:188} INFO - [2024-05-09T16:26:04.684+0000] {dag.py:3096} INFO - Sync 1 DAGs
[2024-05-09T16:26:04.694+0000] {logging_mixin.py:188} INFO - [2024-05-09T16:26:04.694+0000] {dag.py:3954} INFO - Setting next_dagrun for tutorial to 2024-05-09 00:00:00+00:00, run_after=2024-05-10 00:00:00+00:00
[2024-05-09T16:26:04.701+0000] {processor.py:183} INFO - Processing /home/airflow/.local/lib/python3.12/site-packages/airflow/example_dags/tutorial.py took 0.033 seconds
[2024-05-09T16:26:35.117+0000] {processor.py:161} INFO - Started process (PID=943) to work on /home/airflow/.local/lib/python3.12/site-packages/airflow/example_dags/tutorial.py
[2024-05-09T16:26:35.118+0000] {processor.py:830} INFO - Processing file /home/airflow/.local/lib/python3.12/site-packages/airflow/example_dags/tutorial.py for tasks to queue
[2024-05-09T16:26:35.119+0000] {logging_mixin.py:188} INFO - [2024-05-09T16:26:35.118+0000] {dagbag.py:545} INFO - Filling up the DagBag from /home/airflow/.local/lib/python3.12/site-packages/airflow/example_dags/tutorial.py
[2024-05-09T16:26:35.121+0000] {processor.py:840} INFO - DAG(s) 'tutorial' retrieved from /home/airflow/.local/lib/python3.12/site-packages/airflow/example_dags/tutorial.py
[2024-05-09T16:26:35.130+0000] {logging_mixin.py:188} INFO - [2024-05-09T16:26:35.130+0000] {dag.py:3096} INFO - Sync 1 DAGs
[2024-05-09T16:26:35.139+0000] {logging_mixin.py:188} INFO - [2024-05-09T16:26:35.139+0000] {dag.py:3954} INFO - Setting next_dagrun for tutorial to 2024-05-09 00:00:00+00:00, run_after=2024-05-10 00:00:00+00:00
[2024-05-09T16:26:35.147+0000] {processor.py:183} INFO - Processing /home/airflow/.local/lib/python3.12/site-packages/airflow/example_dags/tutorial.py took 0.032 seconds
[2024-05-09T16:27:05.618+0000] {processor.py:161} INFO - Started process (PID=1001) to work on /home/airflow/.local/lib/python3.12/site-packages/airflow/example_dags/tutorial.py
[2024-05-09T16:27:05.618+0000] {processor.py:830} INFO - Processing file /home/airflow/.local/lib/python3.12/site-packages/airflow/example_dags/tutorial.py for tasks to queue
[2024-05-09T16:27:05.619+0000] {logging_mixin.py:188} INFO - [2024-05-09T16:27:05.619+0000] {dagbag.py:545} INFO - Filling up the DagBag from /home/airflow/.local/lib/python3.12/site-packages/airflow/example_dags/tutorial.py
[2024-05-09T16:27:05.622+0000] {processor.py:840} INFO - DAG(s) 'tutorial' retrieved from /home/airflow/.local/lib/python3.12/site-packages/airflow/example_dags/tutorial.py
[2024-05-09T16:27:05.631+0000] {logging_mixin.py:188} INFO - [2024-05-09T16:27:05.631+0000] {dag.py:3096} INFO - Sync 1 DAGs
[2024-05-09T16:27:05.640+0000] {logging_mixin.py:188} INFO - [2024-05-09T16:27:05.640+0000] {dag.py:3954} INFO - Setting next_dagrun for tutorial to 2024-05-09 00:00:00+00:00, run_after=2024-05-10 00:00:00+00:00
[2024-05-09T16:27:05.648+0000] {processor.py:183} INFO - Processing /home/airflow/.local/lib/python3.12/site-packages/airflow/example_dags/tutorial.py took 0.033 seconds
[2024-05-09T16:27:36.140+0000] {processor.py:161} INFO - Started process (PID=1059) to work on /home/airflow/.local/lib/python3.12/site-packages/airflow/example_dags/tutorial.py
[2024-05-09T16:27:36.141+0000] {processor.py:830} INFO - Processing file /home/airflow/.local/lib/python3.12/site-packages/airflow/example_dags/tutorial.py for tasks to queue
[2024-05-09T16:27:36.142+0000] {logging_mixin.py:188} INFO - [2024-05-09T16:27:36.142+0000] {dagbag.py:545} INFO - Filling up the DagBag from /home/airflow/.local/lib/python3.12/site-packages/airflow/example_dags/tutorial.py
[2024-05-09T16:27:36.146+0000] {processor.py:840} INFO - DAG(s) 'tutorial' retrieved from /home/airflow/.local/lib/python3.12/site-packages/airflow/example_dags/tutorial.py
[2024-05-09T16:27:36.156+0000] {logging_mixin.py:188} INFO - [2024-05-09T16:27:36.155+0000] {dag.py:3096} INFO - Sync 1 DAGs
[2024-05-09T16:27:36.165+0000] {logging_mixin.py:188} INFO - [2024-05-09T16:27:36.165+0000] {dag.py:3954} INFO - Setting next_dagrun for tutorial to 2024-05-09 00:00:00+00:00, run_after=2024-05-10 00:00:00+00:00
[2024-05-09T16:27:36.173+0000] {processor.py:183} INFO - Processing /home/airflow/.local/lib/python3.12/site-packages/airflow/example_dags/tutorial.py took 0.037 seconds
[2024-05-09T16:28:06.712+0000] {processor.py:161} INFO - Started process (PID=1117) to work on /home/airflow/.local/lib/python3.12/site-packages/airflow/example_dags/tutorial.py
[2024-05-09T16:28:06.712+0000] {processor.py:830} INFO - Processing file /home/airflow/.local/lib/python3.12/site-packages/airflow/example_dags/tutorial.py for tasks to queue
[2024-05-09T16:28:06.713+0000] {logging_mixin.py:188} INFO - [2024-05-09T16:28:06.713+0000] {dagbag.py:545} INFO - Filling up the DagBag from /home/airflow/.local/lib/python3.12/site-packages/airflow/example_dags/tutorial.py
[2024-05-09T16:28:06.716+0000] {processor.py:840} INFO - DAG(s) 'tutorial' retrieved from /home/airflow/.local/lib/python3.12/site-packages/airflow/example_dags/tutorial.py
[2024-05-09T16:28:06.725+0000] {logging_mixin.py:188} INFO - [2024-05-09T16:28:06.725+0000] {dag.py:3096} INFO - Sync 1 DAGs
[2024-05-09T16:28:06.734+0000] {logging_mixin.py:188} INFO - [2024-05-09T16:28:06.734+0000] {dag.py:3954} INFO - Setting next_dagrun for tutorial to 2024-05-09 00:00:00+00:00, run_after=2024-05-10 00:00:00+00:00
[2024-05-09T16:28:06.741+0000] {processor.py:183} INFO - Processing /home/airflow/.local/lib/python3.12/site-packages/airflow/example_dags/tutorial.py took 0.033 seconds
[2024-05-09T16:28:37.239+0000] {processor.py:161} INFO - Started process (PID=1175) to work on /home/airflow/.local/lib/python3.12/site-packages/airflow/example_dags/tutorial.py
[2024-05-09T16:28:37.239+0000] {processor.py:830} INFO - Processing file /home/airflow/.local/lib/python3.12/site-packages/airflow/example_dags/tutorial.py for tasks to queue
[2024-05-09T16:28:37.240+0000] {logging_mixin.py:188} INFO - [2024-05-09T16:28:37.240+0000] {dagbag.py:545} INFO - Filling up the DagBag from /home/airflow/.local/lib/python3.12/site-packages/airflow/example_dags/tutorial.py
[2024-05-09T16:28:37.243+0000] {processor.py:840} INFO - DAG(s) 'tutorial' retrieved from /home/airflow/.local/lib/python3.12/site-packages/airflow/example_dags/tutorial.py
[2024-05-09T16:28:37.252+0000] {logging_mixin.py:188} INFO - [2024-05-09T16:28:37.252+0000] {dag.py:3096} INFO - Sync 1 DAGs
[2024-05-09T16:28:37.260+0000] {logging_mixin.py:188} INFO - [2024-05-09T16:28:37.260+0000] {dag.py:3954} INFO - Setting next_dagrun for tutorial to 2024-05-09 00:00:00+00:00, run_after=2024-05-10 00:00:00+00:00
[2024-05-09T16:28:37.267+0000] {processor.py:183} INFO - Processing /home/airflow/.local/lib/python3.12/site-packages/airflow/example_dags/tutorial.py took 0.031 seconds
[2024-05-09T16:29:07.729+0000] {processor.py:161} INFO - Started process (PID=1233) to work on /home/airflow/.local/lib/python3.12/site-packages/airflow/example_dags/tutorial.py
[2024-05-09T16:29:07.729+0000] {processor.py:830} INFO - Processing file /home/airflow/.local/lib/python3.12/site-packages/airflow/example_dags/tutorial.py for tasks to queue
[2024-05-09T16:29:07.730+0000] {logging_mixin.py:188} INFO - [2024-05-09T16:29:07.730+0000] {dagbag.py:545} INFO - Filling up the DagBag from /home/airflow/.local/lib/python3.12/site-packages/airflow/example_dags/tutorial.py
[2024-05-09T16:29:07.733+0000] {processor.py:840} INFO - DAG(s) 'tutorial' retrieved from /home/airflow/.local/lib/python3.12/site-packages/airflow/example_dags/tutorial.py
[2024-05-09T16:29:07.742+0000] {logging_mixin.py:188} INFO - [2024-05-09T16:29:07.742+0000] {dag.py:3096} INFO - Sync 1 DAGs
[2024-05-09T16:29:07.751+0000] {logging_mixin.py:188} INFO - [2024-05-09T16:29:07.751+0000] {dag.py:3954} INFO - Setting next_dagrun for tutorial to 2024-05-09 00:00:00+00:00, run_after=2024-05-10 00:00:00+00:00
[2024-05-09T16:29:07.758+0000] {processor.py:183} INFO - Processing /home/airflow/.local/lib/python3.12/site-packages/airflow/example_dags/tutorial.py took 0.032 seconds
[2024-05-09T16:29:38.322+0000] {processor.py:161} INFO - Started process (PID=1291) to work on /home/airflow/.local/lib/python3.12/site-packages/airflow/example_dags/tutorial.py
[2024-05-09T16:29:38.323+0000] {processor.py:830} INFO - Processing file /home/airflow/.local/lib/python3.12/site-packages/airflow/example_dags/tutorial.py for tasks to queue
[2024-05-09T16:29:38.324+0000] {logging_mixin.py:188} INFO - [2024-05-09T16:29:38.324+0000] {dagbag.py:545} INFO - Filling up the DagBag from /home/airflow/.local/lib/python3.12/site-packages/airflow/example_dags/tutorial.py
[2024-05-09T16:29:38.327+0000] {processor.py:840} INFO - DAG(s) 'tutorial' retrieved from /home/airflow/.local/lib/python3.12/site-packages/airflow/example_dags/tutorial.py
[2024-05-09T16:29:38.336+0000] {logging_mixin.py:188} INFO - [2024-05-09T16:29:38.336+0000] {dag.py:3096} INFO - Sync 1 DAGs
[2024-05-09T16:29:38.345+0000] {logging_mixin.py:188} INFO - [2024-05-09T16:29:38.345+0000] {dag.py:3954} INFO - Setting next_dagrun for tutorial to 2024-05-09 00:00:00+00:00, run_after=2024-05-10 00:00:00+00:00
[2024-05-09T16:29:38.352+0000] {processor.py:183} INFO - Processing /home/airflow/.local/lib/python3.12/site-packages/airflow/example_dags/tutorial.py took 0.033 seconds
[2024-05-09T16:30:08.907+0000] {processor.py:161} INFO - Started process (PID=1349) to work on /home/airflow/.local/lib/python3.12/site-packages/airflow/example_dags/tutorial.py
[2024-05-09T16:30:08.908+0000] {processor.py:830} INFO - Processing file /home/airflow/.local/lib/python3.12/site-packages/airflow/example_dags/tutorial.py for tasks to queue
[2024-05-09T16:30:08.909+0000] {logging_mixin.py:188} INFO - [2024-05-09T16:30:08.909+0000] {dagbag.py:545} INFO - Filling up the DagBag from /home/airflow/.local/lib/python3.12/site-packages/airflow/example_dags/tutorial.py
[2024-05-09T16:30:08.912+0000] {processor.py:840} INFO - DAG(s) 'tutorial' retrieved from /home/airflow/.local/lib/python3.12/site-packages/airflow/example_dags/tutorial.py
[2024-05-09T16:30:08.920+0000] {logging_mixin.py:188} INFO - [2024-05-09T16:30:08.920+0000] {dag.py:3096} INFO - Sync 1 DAGs
[2024-05-09T16:30:08.929+0000] {logging_mixin.py:188} INFO - [2024-05-09T16:30:08.929+0000] {dag.py:3954} INFO - Setting next_dagrun for tutorial to 2024-05-09 00:00:00+00:00, run_after=2024-05-10 00:00:00+00:00
[2024-05-09T16:30:08.936+0000] {processor.py:183} INFO - Processing /home/airflow/.local/lib/python3.12/site-packages/airflow/example_dags/tutorial.py took 0.031 seconds
[2024-05-09T16:30:39.472+0000] {processor.py:161} INFO - Started process (PID=1407) to work on /home/airflow/.local/lib/python3.12/site-packages/airflow/example_dags/tutorial.py
[2024-05-09T16:30:39.473+0000] {processor.py:830} INFO - Processing file /home/airflow/.local/lib/python3.12/site-packages/airflow/example_dags/tutorial.py for tasks to queue
[2024-05-09T16:30:39.473+0000] {logging_mixin.py:188} INFO - [2024-05-09T16:30:39.473+0000] {dagbag.py:545} INFO - Filling up the DagBag from /home/airflow/.local/lib/python3.12/site-packages/airflow/example_dags/tutorial.py
[2024-05-09T16:30:39.476+0000] {processor.py:840} INFO - DAG(s) 'tutorial' retrieved from /home/airflow/.local/lib/python3.12/site-packages/airflow/example_dags/tutorial.py
[2024-05-09T16:30:39.485+0000] {logging_mixin.py:188} INFO - [2024-05-09T16:30:39.485+0000] {dag.py:3096} INFO - Sync 1 DAGs
[2024-05-09T16:30:39.493+0000] {logging_mixin.py:188} INFO - [2024-05-09T16:30:39.493+0000] {dag.py:3954} INFO - Setting next_dagrun for tutorial to 2024-05-09 00:00:00+00:00, run_after=2024-05-10 00:00:00+00:00
[2024-05-09T16:30:39.500+0000] {processor.py:183} INFO - Processing /home/airflow/.local/lib/python3.12/site-packages/airflow/example_dags/tutorial.py took 0.031 seconds
[2024-05-09T16:31:10.000+0000] {processor.py:161} INFO - Started process (PID=1465) to work on /home/airflow/.local/lib/python3.12/site-packages/airflow/example_dags/tutorial.py
[2024-05-09T16:31:10.000+0000] {processor.py:830} INFO - Processing file /home/airflow/.local/lib/python3.12/site-packages/airflow/example_dags/tutorial.py for tasks to queue
[2024-05-09T16:31:10.001+0000] {logging_mixin.py:188} INFO - [2024-05-09T16:31:10.001+0000] {dagbag.py:545} INFO - Filling up the DagBag from /home/airflow/.local/lib/python3.12/site-packages/airflow/example_dags/tutorial.py
[2024-05-09T16:31:10.004+0000] {processor.py:840} INFO - DAG(s) 'tutorial' retrieved from /home/airflow/.local/lib/python3.12/site-packages/airflow/example_dags/tutorial.py
[2024-05-09T16:31:10.012+0000] {logging_mixin.py:188} INFO - [2024-05-09T16:31:10.012+0000] {dag.py:3096} INFO - Sync 1 DAGs
[2024-05-09T16:31:10.021+0000] {logging_mixin.py:188} INFO - [2024-05-09T16:31:10.021+0000] {dag.py:3954} INFO - Setting next_dagrun for tutorial to 2024-05-09 00:00:00+00:00, run_after=2024-05-10 00:00:00+00:00
[2024-05-09T16:31:10.027+0000] {processor.py:183} INFO - Processing /home/airflow/.local/lib/python3.12/site-packages/airflow/example_dags/tutorial.py took 0.031 seconds
[2024-05-09T16:31:40.524+0000] {processor.py:161} INFO - Started process (PID=1523) to work on /home/airflow/.local/lib/python3.12/site-packages/airflow/example_dags/tutorial.py
[2024-05-09T16:31:40.525+0000] {processor.py:830} INFO - Processing file /home/airflow/.local/lib/python3.12/site-packages/airflow/example_dags/tutorial.py for tasks to queue
[2024-05-09T16:31:40.526+0000] {logging_mixin.py:188} INFO - [2024-05-09T16:31:40.525+0000] {dagbag.py:545} INFO - Filling up the DagBag from /home/airflow/.local/lib/python3.12/site-packages/airflow/example_dags/tutorial.py
[2024-05-09T16:31:40.529+0000] {processor.py:840} INFO - DAG(s) 'tutorial' retrieved from /home/airflow/.local/lib/python3.12/site-packages/airflow/example_dags/tutorial.py
[2024-05-09T16:31:40.538+0000] {logging_mixin.py:188} INFO - [2024-05-09T16:31:40.537+0000] {dag.py:3096} INFO - Sync 1 DAGs
[2024-05-09T16:31:40.546+0000] {logging_mixin.py:188} INFO - [2024-05-09T16:31:40.546+0000] {dag.py:3954} INFO - Setting next_dagrun for tutorial to 2024-05-09 00:00:00+00:00, run_after=2024-05-10 00:00:00+00:00
[2024-05-09T16:31:40.554+0000] {processor.py:183} INFO - Processing /home/airflow/.local/lib/python3.12/site-packages/airflow/example_dags/tutorial.py took 0.032 seconds
[2024-05-09T16:32:11.078+0000] {processor.py:161} INFO - Started process (PID=1581) to work on /home/airflow/.local/lib/python3.12/site-packages/airflow/example_dags/tutorial.py
[2024-05-09T16:32:11.078+0000] {processor.py:830} INFO - Processing file /home/airflow/.local/lib/python3.12/site-packages/airflow/example_dags/tutorial.py for tasks to queue
[2024-05-09T16:32:11.079+0000] {logging_mixin.py:188} INFO - [2024-05-09T16:32:11.079+0000] {dagbag.py:545} INFO - Filling up the DagBag from /home/airflow/.local/lib/python3.12/site-packages/airflow/example_dags/tutorial.py
[2024-05-09T16:32:11.082+0000] {processor.py:840} INFO - DAG(s) 'tutorial' retrieved from /home/airflow/.local/lib/python3.12/site-packages/airflow/example_dags/tutorial.py
[2024-05-09T16:32:11.091+0000] {logging_mixin.py:188} INFO - [2024-05-09T16:32:11.091+0000] {dag.py:3096} INFO - Sync 1 DAGs
[2024-05-09T16:32:11.100+0000] {logging_mixin.py:188} INFO - [2024-05-09T16:32:11.100+0000] {dag.py:3954} INFO - Setting next_dagrun for tutorial to 2024-05-09 00:00:00+00:00, run_after=2024-05-10 00:00:00+00:00
[2024-05-09T16:32:11.107+0000] {processor.py:183} INFO - Processing /home/airflow/.local/lib/python3.12/site-packages/airflow/example_dags/tutorial.py took 0.033 seconds
[2024-05-09T16:32:41.681+0000] {processor.py:161} INFO - Started process (PID=1639) to work on /home/airflow/.local/lib/python3.12/site-packages/airflow/example_dags/tutorial.py
[2024-05-09T16:32:41.681+0000] {processor.py:830} INFO - Processing file /home/airflow/.local/lib/python3.12/site-packages/airflow/example_dags/tutorial.py for tasks to queue
[2024-05-09T16:32:41.682+0000] {logging_mixin.py:188} INFO - [2024-05-09T16:32:41.682+0000] {dagbag.py:545} INFO - Filling up the DagBag from /home/airflow/.local/lib/python3.12/site-packages/airflow/example_dags/tutorial.py
[2024-05-09T16:32:41.686+0000] {processor.py:840} INFO - DAG(s) 'tutorial' retrieved from /home/airflow/.local/lib/python3.12/site-packages/airflow/example_dags/tutorial.py
[2024-05-09T16:32:41.696+0000] {logging_mixin.py:188} INFO - [2024-05-09T16:32:41.696+0000] {dag.py:3096} INFO - Sync 1 DAGs
[2024-05-09T16:32:41.705+0000] {logging_mixin.py:188} INFO - [2024-05-09T16:32:41.705+0000] {dag.py:3954} INFO - Setting next_dagrun for tutorial to 2024-05-09 00:00:00+00:00, run_after=2024-05-10 00:00:00+00:00
[2024-05-09T16:32:41.712+0000] {processor.py:183} INFO - Processing /home/airflow/.local/lib/python3.12/site-packages/airflow/example_dags/tutorial.py took 0.034 seconds
[2024-05-09T16:33:12.208+0000] {processor.py:161} INFO - Started process (PID=1697) to work on /home/airflow/.local/lib/python3.12/site-packages/airflow/example_dags/tutorial.py
[2024-05-09T16:33:12.208+0000] {processor.py:830} INFO - Processing file /home/airflow/.local/lib/python3.12/site-packages/airflow/example_dags/tutorial.py for tasks to queue
[2024-05-09T16:33:12.209+0000] {logging_mixin.py:188} INFO - [2024-05-09T16:33:12.209+0000] {dagbag.py:545} INFO - Filling up the DagBag from /home/airflow/.local/lib/python3.12/site-packages/airflow/example_dags/tutorial.py
[2024-05-09T16:33:12.212+0000] {processor.py:840} INFO - DAG(s) 'tutorial' retrieved from /home/airflow/.local/lib/python3.12/site-packages/airflow/example_dags/tutorial.py
[2024-05-09T16:33:12.221+0000] {logging_mixin.py:188} INFO - [2024-05-09T16:33:12.221+0000] {dag.py:3096} INFO - Sync 1 DAGs
[2024-05-09T16:33:12.231+0000] {logging_mixin.py:188} INFO - [2024-05-09T16:33:12.231+0000] {dag.py:3954} INFO - Setting next_dagrun for tutorial to 2024-05-09 00:00:00+00:00, run_after=2024-05-10 00:00:00+00:00
[2024-05-09T16:33:12.238+0000] {processor.py:183} INFO - Processing /home/airflow/.local/lib/python3.12/site-packages/airflow/example_dags/tutorial.py took 0.034 seconds
[2024-05-09T16:33:42.772+0000] {processor.py:161} INFO - Started process (PID=1755) to work on /home/airflow/.local/lib/python3.12/site-packages/airflow/example_dags/tutorial.py
[2024-05-09T16:33:42.772+0000] {processor.py:830} INFO - Processing file /home/airflow/.local/lib/python3.12/site-packages/airflow/example_dags/tutorial.py for tasks to queue
[2024-05-09T16:33:42.773+0000] {logging_mixin.py:188} INFO - [2024-05-09T16:33:42.773+0000] {dagbag.py:545} INFO - Filling up the DagBag from /home/airflow/.local/lib/python3.12/site-packages/airflow/example_dags/tutorial.py
[2024-05-09T16:33:42.776+0000] {processor.py:840} INFO - DAG(s) 'tutorial' retrieved from /home/airflow/.local/lib/python3.12/site-packages/airflow/example_dags/tutorial.py
[2024-05-09T16:33:42.785+0000] {logging_mixin.py:188} INFO - [2024-05-09T16:33:42.785+0000] {dag.py:3096} INFO - Sync 1 DAGs
[2024-05-09T16:33:42.794+0000] {logging_mixin.py:188} INFO - [2024-05-09T16:33:42.794+0000] {dag.py:3954} INFO - Setting next_dagrun for tutorial to 2024-05-09 00:00:00+00:00, run_after=2024-05-10 00:00:00+00:00
[2024-05-09T16:33:42.802+0000] {processor.py:183} INFO - Processing /home/airflow/.local/lib/python3.12/site-packages/airflow/example_dags/tutorial.py took 0.033 seconds
[2024-05-09T16:34:13.562+0000] {processor.py:161} INFO - Started process (PID=1813) to work on /home/airflow/.local/lib/python3.12/site-packages/airflow/example_dags/tutorial.py
[2024-05-09T16:34:13.563+0000] {processor.py:830} INFO - Processing file /home/airflow/.local/lib/python3.12/site-packages/airflow/example_dags/tutorial.py for tasks to queue
[2024-05-09T16:34:13.564+0000] {logging_mixin.py:188} INFO - [2024-05-09T16:34:13.564+0000] {dagbag.py:545} INFO - Filling up the DagBag from /home/airflow/.local/lib/python3.12/site-packages/airflow/example_dags/tutorial.py
[2024-05-09T16:34:13.567+0000] {processor.py:840} INFO - DAG(s) 'tutorial' retrieved from /home/airflow/.local/lib/python3.12/site-packages/airflow/example_dags/tutorial.py
[2024-05-09T16:34:13.575+0000] {logging_mixin.py:188} INFO - [2024-05-09T16:34:13.575+0000] {dag.py:3096} INFO - Sync 1 DAGs
[2024-05-09T16:34:13.584+0000] {logging_mixin.py:188} INFO - [2024-05-09T16:34:13.584+0000] {dag.py:3954} INFO - Setting next_dagrun for tutorial to 2024-05-09 00:00:00+00:00, run_after=2024-05-10 00:00:00+00:00
[2024-05-09T16:34:13.591+0000] {processor.py:183} INFO - Processing /home/airflow/.local/lib/python3.12/site-packages/airflow/example_dags/tutorial.py took 0.031 seconds
[2024-05-09T16:34:44.059+0000] {processor.py:161} INFO - Started process (PID=1871) to work on /home/airflow/.local/lib/python3.12/site-packages/airflow/example_dags/tutorial.py
[2024-05-09T16:34:44.059+0000] {processor.py:830} INFO - Processing file /home/airflow/.local/lib/python3.12/site-packages/airflow/example_dags/tutorial.py for tasks to queue
[2024-05-09T16:34:44.060+0000] {logging_mixin.py:188} INFO - [2024-05-09T16:34:44.060+0000] {dagbag.py:545} INFO - Filling up the DagBag from /home/airflow/.local/lib/python3.12/site-packages/airflow/example_dags/tutorial.py
[2024-05-09T16:34:44.063+0000] {processor.py:840} INFO - DAG(s) 'tutorial' retrieved from /home/airflow/.local/lib/python3.12/site-packages/airflow/example_dags/tutorial.py
[2024-05-09T16:34:44.072+0000] {logging_mixin.py:188} INFO - [2024-05-09T16:34:44.072+0000] {dag.py:3096} INFO - Sync 1 DAGs
[2024-05-09T16:34:44.081+0000] {logging_mixin.py:188} INFO - [2024-05-09T16:34:44.081+0000] {dag.py:3954} INFO - Setting next_dagrun for tutorial to 2024-05-09 00:00:00+00:00, run_after=2024-05-10 00:00:00+00:00
[2024-05-09T16:34:44.088+0000] {processor.py:183} INFO - Processing /home/airflow/.local/lib/python3.12/site-packages/airflow/example_dags/tutorial.py took 0.032 seconds
[2024-05-09T16:35:14.517+0000] {processor.py:161} INFO - Started process (PID=1929) to work on /home/airflow/.local/lib/python3.12/site-packages/airflow/example_dags/tutorial.py
[2024-05-09T16:35:14.518+0000] {processor.py:830} INFO - Processing file /home/airflow/.local/lib/python3.12/site-packages/airflow/example_dags/tutorial.py for tasks to queue
[2024-05-09T16:35:14.519+0000] {logging_mixin.py:188} INFO - [2024-05-09T16:35:14.518+0000] {dagbag.py:545} INFO - Filling up the DagBag from /home/airflow/.local/lib/python3.12/site-packages/airflow/example_dags/tutorial.py
[2024-05-09T16:35:14.522+0000] {processor.py:840} INFO - DAG(s) 'tutorial' retrieved from /home/airflow/.local/lib/python3.12/site-packages/airflow/example_dags/tutorial.py
[2024-05-09T16:35:14.530+0000] {logging_mixin.py:188} INFO - [2024-05-09T16:35:14.530+0000] {dag.py:3096} INFO - Sync 1 DAGs
[2024-05-09T16:35:14.539+0000] {logging_mixin.py:188} INFO - [2024-05-09T16:35:14.539+0000] {dag.py:3954} INFO - Setting next_dagrun for tutorial to 2024-05-09 00:00:00+00:00, run_after=2024-05-10 00:00:00+00:00
[2024-05-09T16:35:14.546+0000] {processor.py:183} INFO - Processing /home/airflow/.local/lib/python3.12/site-packages/airflow/example_dags/tutorial.py took 0.032 seconds
[2024-05-09T16:35:45.217+0000] {processor.py:161} INFO - Started process (PID=1987) to work on /home/airflow/.local/lib/python3.12/site-packages/airflow/example_dags/tutorial.py
[2024-05-09T16:35:45.217+0000] {processor.py:830} INFO - Processing file /home/airflow/.local/lib/python3.12/site-packages/airflow/example_dags/tutorial.py for tasks to queue
[2024-05-09T16:35:45.218+0000] {logging_mixin.py:188} INFO - [2024-05-09T16:35:45.218+0000] {dagbag.py:545} INFO - Filling up the DagBag from /home/airflow/.local/lib/python3.12/site-packages/airflow/example_dags/tutorial.py
[2024-05-09T16:35:45.221+0000] {processor.py:840} INFO - DAG(s) 'tutorial' retrieved from /home/airflow/.local/lib/python3.12/site-packages/airflow/example_dags/tutorial.py
[2024-05-09T16:35:45.230+0000] {logging_mixin.py:188} INFO - [2024-05-09T16:35:45.229+0000] {dag.py:3096} INFO - Sync 1 DAGs
[2024-05-09T16:35:45.238+0000] {logging_mixin.py:188} INFO - [2024-05-09T16:35:45.238+0000] {dag.py:3954} INFO - Setting next_dagrun for tutorial to 2024-05-09 00:00:00+00:00, run_after=2024-05-10 00:00:00+00:00
[2024-05-09T16:35:45.244+0000] {processor.py:183} INFO - Processing /home/airflow/.local/lib/python3.12/site-packages/airflow/example_dags/tutorial.py took 0.030 seconds
[2024-05-09T16:36:15.527+0000] {processor.py:161} INFO - Started process (PID=2045) to work on /home/airflow/.local/lib/python3.12/site-packages/airflow/example_dags/tutorial.py
[2024-05-09T16:36:15.528+0000] {processor.py:830} INFO - Processing file /home/airflow/.local/lib/python3.12/site-packages/airflow/example_dags/tutorial.py for tasks to queue
[2024-05-09T16:36:15.529+0000] {logging_mixin.py:188} INFO - [2024-05-09T16:36:15.528+0000] {dagbag.py:545} INFO - Filling up the DagBag from /home/airflow/.local/lib/python3.12/site-packages/airflow/example_dags/tutorial.py
[2024-05-09T16:36:15.532+0000] {processor.py:840} INFO - DAG(s) 'tutorial' retrieved from /home/airflow/.local/lib/python3.12/site-packages/airflow/example_dags/tutorial.py
[2024-05-09T16:36:15.541+0000] {logging_mixin.py:188} INFO - [2024-05-09T16:36:15.541+0000] {dag.py:3096} INFO - Sync 1 DAGs
[2024-05-09T16:36:15.550+0000] {logging_mixin.py:188} INFO - [2024-05-09T16:36:15.550+0000] {dag.py:3954} INFO - Setting next_dagrun for tutorial to 2024-05-09 00:00:00+00:00, run_after=2024-05-10 00:00:00+00:00
[2024-05-09T16:36:15.557+0000] {processor.py:183} INFO - Processing /home/airflow/.local/lib/python3.12/site-packages/airflow/example_dags/tutorial.py took 0.032 seconds
[2024-05-09T16:36:46.719+0000] {processor.py:161} INFO - Started process (PID=2103) to work on /home/airflow/.local/lib/python3.12/site-packages/airflow/example_dags/tutorial.py
[2024-05-09T16:36:46.720+0000] {processor.py:830} INFO - Processing file /home/airflow/.local/lib/python3.12/site-packages/airflow/example_dags/tutorial.py for tasks to queue
[2024-05-09T16:36:46.721+0000] {logging_mixin.py:188} INFO - [2024-05-09T16:36:46.721+0000] {dagbag.py:545} INFO - Filling up the DagBag from /home/airflow/.local/lib/python3.12/site-packages/airflow/example_dags/tutorial.py
[2024-05-09T16:36:46.725+0000] {processor.py:840} INFO - DAG(s) 'tutorial' retrieved from /home/airflow/.local/lib/python3.12/site-packages/airflow/example_dags/tutorial.py
[2024-05-09T16:36:46.736+0000] {logging_mixin.py:188} INFO - [2024-05-09T16:36:46.735+0000] {dag.py:3096} INFO - Sync 1 DAGs
[2024-05-09T16:36:46.843+0000] {logging_mixin.py:188} INFO - [2024-05-09T16:36:46.842+0000] {dag.py:3954} INFO - Setting next_dagrun for tutorial to 2024-05-09 00:00:00+00:00, run_after=2024-05-10 00:00:00+00:00
[2024-05-09T16:36:46.849+0000] {processor.py:183} INFO - Processing /home/airflow/.local/lib/python3.12/site-packages/airflow/example_dags/tutorial.py took 0.133 seconds
[2024-05-09T16:37:17.707+0000] {processor.py:161} INFO - Started process (PID=2161) to work on /home/airflow/.local/lib/python3.12/site-packages/airflow/example_dags/tutorial.py
[2024-05-09T16:37:17.708+0000] {processor.py:830} INFO - Processing file /home/airflow/.local/lib/python3.12/site-packages/airflow/example_dags/tutorial.py for tasks to queue
[2024-05-09T16:37:17.709+0000] {logging_mixin.py:188} INFO - [2024-05-09T16:37:17.709+0000] {dagbag.py:545} INFO - Filling up the DagBag from /home/airflow/.local/lib/python3.12/site-packages/airflow/example_dags/tutorial.py
[2024-05-09T16:37:17.713+0000] {processor.py:840} INFO - DAG(s) 'tutorial' retrieved from /home/airflow/.local/lib/python3.12/site-packages/airflow/example_dags/tutorial.py
[2024-05-09T16:37:17.723+0000] {logging_mixin.py:188} INFO - [2024-05-09T16:37:17.723+0000] {dag.py:3096} INFO - Sync 1 DAGs
[2024-05-09T16:37:17.734+0000] {logging_mixin.py:188} INFO - [2024-05-09T16:37:17.734+0000] {dag.py:3954} INFO - Setting next_dagrun for tutorial to 2024-05-09 00:00:00+00:00, run_after=2024-05-10 00:00:00+00:00
[2024-05-09T16:37:17.828+0000] {processor.py:183} INFO - Processing /home/airflow/.local/lib/python3.12/site-packages/airflow/example_dags/tutorial.py took 0.124 seconds
[2024-05-09T16:37:47.899+0000] {processor.py:161} INFO - Started process (PID=2219) to work on /home/airflow/.local/lib/python3.12/site-packages/airflow/example_dags/tutorial.py
[2024-05-09T16:37:47.899+0000] {processor.py:830} INFO - Processing file /home/airflow/.local/lib/python3.12/site-packages/airflow/example_dags/tutorial.py for tasks to queue
[2024-05-09T16:37:47.900+0000] {logging_mixin.py:188} INFO - [2024-05-09T16:37:47.900+0000] {dagbag.py:545} INFO - Filling up the DagBag from /home/airflow/.local/lib/python3.12/site-packages/airflow/example_dags/tutorial.py
[2024-05-09T16:37:47.903+0000] {processor.py:840} INFO - DAG(s) 'tutorial' retrieved from /home/airflow/.local/lib/python3.12/site-packages/airflow/example_dags/tutorial.py
[2024-05-09T16:37:47.913+0000] {logging_mixin.py:188} INFO - [2024-05-09T16:37:47.913+0000] {dag.py:3096} INFO - Sync 1 DAGs
[2024-05-09T16:37:47.922+0000] {logging_mixin.py:188} INFO - [2024-05-09T16:37:47.922+0000] {dag.py:3954} INFO - Setting next_dagrun for tutorial to 2024-05-09 00:00:00+00:00, run_after=2024-05-10 00:00:00+00:00
[2024-05-09T16:37:47.930+0000] {processor.py:183} INFO - Processing /home/airflow/.local/lib/python3.12/site-packages/airflow/example_dags/tutorial.py took 0.034 seconds
[2024-05-09T16:38:18.543+0000] {processor.py:161} INFO - Started process (PID=2282) to work on /home/airflow/.local/lib/python3.12/site-packages/airflow/example_dags/tutorial.py
[2024-05-09T16:38:18.544+0000] {processor.py:830} INFO - Processing file /home/airflow/.local/lib/python3.12/site-packages/airflow/example_dags/tutorial.py for tasks to queue
[2024-05-09T16:38:18.545+0000] {logging_mixin.py:188} INFO - [2024-05-09T16:38:18.545+0000] {dagbag.py:545} INFO - Filling up the DagBag from /home/airflow/.local/lib/python3.12/site-packages/airflow/example_dags/tutorial.py
[2024-05-09T16:38:18.548+0000] {processor.py:840} INFO - DAG(s) 'tutorial' retrieved from /home/airflow/.local/lib/python3.12/site-packages/airflow/example_dags/tutorial.py
[2024-05-09T16:38:18.557+0000] {logging_mixin.py:188} INFO - [2024-05-09T16:38:18.557+0000] {dag.py:3096} INFO - Sync 1 DAGs
[2024-05-09T16:38:18.566+0000] {logging_mixin.py:188} INFO - [2024-05-09T16:38:18.566+0000] {dag.py:3954} INFO - Setting next_dagrun for tutorial to 2024-05-09 00:00:00+00:00, run_after=2024-05-10 00:00:00+00:00
[2024-05-09T16:38:18.573+0000] {processor.py:183} INFO - Processing /home/airflow/.local/lib/python3.12/site-packages/airflow/example_dags/tutorial.py took 0.032 seconds
[2024-05-09T16:38:49.142+0000] {processor.py:161} INFO - Started process (PID=2339) to work on /home/airflow/.local/lib/python3.12/site-packages/airflow/example_dags/tutorial.py
[2024-05-09T16:38:49.142+0000] {processor.py:830} INFO - Processing file /home/airflow/.local/lib/python3.12/site-packages/airflow/example_dags/tutorial.py for tasks to queue
[2024-05-09T16:38:49.143+0000] {logging_mixin.py:188} INFO - [2024-05-09T16:38:49.143+0000] {dagbag.py:545} INFO - Filling up the DagBag from /home/airflow/.local/lib/python3.12/site-packages/airflow/example_dags/tutorial.py
[2024-05-09T16:38:49.146+0000] {processor.py:840} INFO - DAG(s) 'tutorial' retrieved from /home/airflow/.local/lib/python3.12/site-packages/airflow/example_dags/tutorial.py
[2024-05-09T16:38:49.156+0000] {logging_mixin.py:188} INFO - [2024-05-09T16:38:49.156+0000] {dag.py:3096} INFO - Sync 1 DAGs
[2024-05-09T16:38:49.166+0000] {logging_mixin.py:188} INFO - [2024-05-09T16:38:49.166+0000] {dag.py:3954} INFO - Setting next_dagrun for tutorial to 2024-05-09 00:00:00+00:00, run_after=2024-05-10 00:00:00+00:00
[2024-05-09T16:38:49.173+0000] {processor.py:183} INFO - Processing /home/airflow/.local/lib/python3.12/site-packages/airflow/example_dags/tutorial.py took 0.034 seconds
[2024-05-09T16:39:19.904+0000] {processor.py:161} INFO - Started process (PID=2397) to work on /home/airflow/.local/lib/python3.12/site-packages/airflow/example_dags/tutorial.py
[2024-05-09T16:39:19.905+0000] {processor.py:830} INFO - Processing file /home/airflow/.local/lib/python3.12/site-packages/airflow/example_dags/tutorial.py for tasks to queue
[2024-05-09T16:39:19.906+0000] {logging_mixin.py:188} INFO - [2024-05-09T16:39:19.906+0000] {dagbag.py:545} INFO - Filling up the DagBag from /home/airflow/.local/lib/python3.12/site-packages/airflow/example_dags/tutorial.py
[2024-05-09T16:39:19.909+0000] {processor.py:840} INFO - DAG(s) 'tutorial' retrieved from /home/airflow/.local/lib/python3.12/site-packages/airflow/example_dags/tutorial.py
[2024-05-09T16:39:19.917+0000] {logging_mixin.py:188} INFO - [2024-05-09T16:39:19.917+0000] {dag.py:3096} INFO - Sync 1 DAGs
[2024-05-09T16:39:19.926+0000] {logging_mixin.py:188} INFO - [2024-05-09T16:39:19.926+0000] {dag.py:3954} INFO - Setting next_dagrun for tutorial to 2024-05-09 00:00:00+00:00, run_after=2024-05-10 00:00:00+00:00
[2024-05-09T16:39:19.932+0000] {processor.py:183} INFO - Processing /home/airflow/.local/lib/python3.12/site-packages/airflow/example_dags/tutorial.py took 0.031 seconds
[2024-05-09T16:39:50.572+0000] {processor.py:161} INFO - Started process (PID=2455) to work on /home/airflow/.local/lib/python3.12/site-packages/airflow/example_dags/tutorial.py
[2024-05-09T16:39:50.572+0000] {processor.py:830} INFO - Processing file /home/airflow/.local/lib/python3.12/site-packages/airflow/example_dags/tutorial.py for tasks to queue
[2024-05-09T16:39:50.573+0000] {logging_mixin.py:188} INFO - [2024-05-09T16:39:50.573+0000] {dagbag.py:545} INFO - Filling up the DagBag from /home/airflow/.local/lib/python3.12/site-packages/airflow/example_dags/tutorial.py
[2024-05-09T16:39:50.576+0000] {processor.py:840} INFO - DAG(s) 'tutorial' retrieved from /home/airflow/.local/lib/python3.12/site-packages/airflow/example_dags/tutorial.py
[2024-05-09T16:39:50.585+0000] {logging_mixin.py:188} INFO - [2024-05-09T16:39:50.585+0000] {dag.py:3096} INFO - Sync 1 DAGs
[2024-05-09T16:39:50.594+0000] {logging_mixin.py:188} INFO - [2024-05-09T16:39:50.594+0000] {dag.py:3954} INFO - Setting next_dagrun for tutorial to 2024-05-09 00:00:00+00:00, run_after=2024-05-10 00:00:00+00:00
[2024-05-09T16:39:50.601+0000] {processor.py:183} INFO - Processing /home/airflow/.local/lib/python3.12/site-packages/airflow/example_dags/tutorial.py took 0.032 seconds
[2024-05-09T16:40:21.223+0000] {processor.py:161} INFO - Started process (PID=2513) to work on /home/airflow/.local/lib/python3.12/site-packages/airflow/example_dags/tutorial.py
[2024-05-09T16:40:21.223+0000] {processor.py:830} INFO - Processing file /home/airflow/.local/lib/python3.12/site-packages/airflow/example_dags/tutorial.py for tasks to queue
[2024-05-09T16:40:21.224+0000] {logging_mixin.py:188} INFO - [2024-05-09T16:40:21.224+0000] {dagbag.py:545} INFO - Filling up the DagBag from /home/airflow/.local/lib/python3.12/site-packages/airflow/example_dags/tutorial.py
[2024-05-09T16:40:21.227+0000] {processor.py:840} INFO - DAG(s) 'tutorial' retrieved from /home/airflow/.local/lib/python3.12/site-packages/airflow/example_dags/tutorial.py
[2024-05-09T16:40:21.236+0000] {logging_mixin.py:188} INFO - [2024-05-09T16:40:21.236+0000] {dag.py:3096} INFO - Sync 1 DAGs
[2024-05-09T16:40:21.245+0000] {logging_mixin.py:188} INFO - [2024-05-09T16:40:21.245+0000] {dag.py:3954} INFO - Setting next_dagrun for tutorial to 2024-05-09 00:00:00+00:00, run_after=2024-05-10 00:00:00+00:00
[2024-05-09T16:40:21.252+0000] {processor.py:183} INFO - Processing /home/airflow/.local/lib/python3.12/site-packages/airflow/example_dags/tutorial.py took 0.032 seconds
[2024-05-09T16:40:51.886+0000] {processor.py:161} INFO - Started process (PID=2571) to work on /home/airflow/.local/lib/python3.12/site-packages/airflow/example_dags/tutorial.py
[2024-05-09T16:40:51.887+0000] {processor.py:830} INFO - Processing file /home/airflow/.local/lib/python3.12/site-packages/airflow/example_dags/tutorial.py for tasks to queue
[2024-05-09T16:40:51.888+0000] {logging_mixin.py:188} INFO - [2024-05-09T16:40:51.888+0000] {dagbag.py:545} INFO - Filling up the DagBag from /home/airflow/.local/lib/python3.12/site-packages/airflow/example_dags/tutorial.py
[2024-05-09T16:40:51.891+0000] {processor.py:840} INFO - DAG(s) 'tutorial' retrieved from /home/airflow/.local/lib/python3.12/site-packages/airflow/example_dags/tutorial.py
[2024-05-09T16:40:51.901+0000] {logging_mixin.py:188} INFO - [2024-05-09T16:40:51.900+0000] {dag.py:3096} INFO - Sync 1 DAGs
[2024-05-09T16:40:51.910+0000] {logging_mixin.py:188} INFO - [2024-05-09T16:40:51.910+0000] {dag.py:3954} INFO - Setting next_dagrun for tutorial to 2024-05-09 00:00:00+00:00, run_after=2024-05-10 00:00:00+00:00
[2024-05-09T16:40:51.918+0000] {processor.py:183} INFO - Processing /home/airflow/.local/lib/python3.12/site-packages/airflow/example_dags/tutorial.py took 0.035 seconds
[2024-05-09T16:41:22.566+0000] {processor.py:161} INFO - Started process (PID=2629) to work on /home/airflow/.local/lib/python3.12/site-packages/airflow/example_dags/tutorial.py
[2024-05-09T16:41:22.567+0000] {processor.py:830} INFO - Processing file /home/airflow/.local/lib/python3.12/site-packages/airflow/example_dags/tutorial.py for tasks to queue
[2024-05-09T16:41:22.568+0000] {logging_mixin.py:188} INFO - [2024-05-09T16:41:22.568+0000] {dagbag.py:545} INFO - Filling up the DagBag from /home/airflow/.local/lib/python3.12/site-packages/airflow/example_dags/tutorial.py
[2024-05-09T16:41:22.571+0000] {processor.py:840} INFO - DAG(s) 'tutorial' retrieved from /home/airflow/.local/lib/python3.12/site-packages/airflow/example_dags/tutorial.py
[2024-05-09T16:41:22.580+0000] {logging_mixin.py:188} INFO - [2024-05-09T16:41:22.580+0000] {dag.py:3096} INFO - Sync 1 DAGs
[2024-05-09T16:41:22.589+0000] {logging_mixin.py:188} INFO - [2024-05-09T16:41:22.589+0000] {dag.py:3954} INFO - Setting next_dagrun for tutorial to 2024-05-09 00:00:00+00:00, run_after=2024-05-10 00:00:00+00:00
[2024-05-09T16:41:22.596+0000] {processor.py:183} INFO - Processing /home/airflow/.local/lib/python3.12/site-packages/airflow/example_dags/tutorial.py took 0.032 seconds
[2024-05-09T16:41:53.375+0000] {processor.py:161} INFO - Started process (PID=2687) to work on /home/airflow/.local/lib/python3.12/site-packages/airflow/example_dags/tutorial.py
[2024-05-09T16:41:53.376+0000] {processor.py:830} INFO - Processing file /home/airflow/.local/lib/python3.12/site-packages/airflow/example_dags/tutorial.py for tasks to queue
[2024-05-09T16:41:53.377+0000] {logging_mixin.py:188} INFO - [2024-05-09T16:41:53.377+0000] {dagbag.py:545} INFO - Filling up the DagBag from /home/airflow/.local/lib/python3.12/site-packages/airflow/example_dags/tutorial.py
[2024-05-09T16:41:53.383+0000] {processor.py:840} INFO - DAG(s) 'tutorial' retrieved from /home/airflow/.local/lib/python3.12/site-packages/airflow/example_dags/tutorial.py
[2024-05-09T16:41:53.394+0000] {logging_mixin.py:188} INFO - [2024-05-09T16:41:53.393+0000] {dag.py:3096} INFO - Sync 1 DAGs
[2024-05-09T16:41:53.407+0000] {logging_mixin.py:188} INFO - [2024-05-09T16:41:53.406+0000] {dag.py:3954} INFO - Setting next_dagrun for tutorial to 2024-05-09 00:00:00+00:00, run_after=2024-05-10 00:00:00+00:00
[2024-05-09T16:41:53.417+0000] {processor.py:183} INFO - Processing /home/airflow/.local/lib/python3.12/site-packages/airflow/example_dags/tutorial.py took 0.046 seconds
[2024-05-09T16:42:24.068+0000] {processor.py:161} INFO - Started process (PID=2745) to work on /home/airflow/.local/lib/python3.12/site-packages/airflow/example_dags/tutorial.py
[2024-05-09T16:42:24.069+0000] {processor.py:830} INFO - Processing file /home/airflow/.local/lib/python3.12/site-packages/airflow/example_dags/tutorial.py for tasks to queue
[2024-05-09T16:42:24.070+0000] {logging_mixin.py:188} INFO - [2024-05-09T16:42:24.070+0000] {dagbag.py:545} INFO - Filling up the DagBag from /home/airflow/.local/lib/python3.12/site-packages/airflow/example_dags/tutorial.py
[2024-05-09T16:42:24.073+0000] {processor.py:840} INFO - DAG(s) 'tutorial' retrieved from /home/airflow/.local/lib/python3.12/site-packages/airflow/example_dags/tutorial.py
[2024-05-09T16:42:24.081+0000] {logging_mixin.py:188} INFO - [2024-05-09T16:42:24.081+0000] {dag.py:3096} INFO - Sync 1 DAGs
[2024-05-09T16:42:24.090+0000] {logging_mixin.py:188} INFO - [2024-05-09T16:42:24.090+0000] {dag.py:3954} INFO - Setting next_dagrun for tutorial to 2024-05-09 00:00:00+00:00, run_after=2024-05-10 00:00:00+00:00
[2024-05-09T16:42:24.097+0000] {processor.py:183} INFO - Processing /home/airflow/.local/lib/python3.12/site-packages/airflow/example_dags/tutorial.py took 0.032 seconds
[2024-05-09T16:42:54.782+0000] {processor.py:161} INFO - Started process (PID=2803) to work on /home/airflow/.local/lib/python3.12/site-packages/airflow/example_dags/tutorial.py
[2024-05-09T16:42:54.783+0000] {processor.py:830} INFO - Processing file /home/airflow/.local/lib/python3.12/site-packages/airflow/example_dags/tutorial.py for tasks to queue
[2024-05-09T16:42:54.784+0000] {logging_mixin.py:188} INFO - [2024-05-09T16:42:54.783+0000] {dagbag.py:545} INFO - Filling up the DagBag from /home/airflow/.local/lib/python3.12/site-packages/airflow/example_dags/tutorial.py
[2024-05-09T16:42:54.787+0000] {processor.py:840} INFO - DAG(s) 'tutorial' retrieved from /home/airflow/.local/lib/python3.12/site-packages/airflow/example_dags/tutorial.py
[2024-05-09T16:42:54.795+0000] {logging_mixin.py:188} INFO - [2024-05-09T16:42:54.795+0000] {dag.py:3096} INFO - Sync 1 DAGs
[2024-05-09T16:42:54.805+0000] {logging_mixin.py:188} INFO - [2024-05-09T16:42:54.804+0000] {dag.py:3954} INFO - Setting next_dagrun for tutorial to 2024-05-09 00:00:00+00:00, run_after=2024-05-10 00:00:00+00:00
[2024-05-09T16:42:54.812+0000] {processor.py:183} INFO - Processing /home/airflow/.local/lib/python3.12/site-packages/airflow/example_dags/tutorial.py took 0.033 seconds
